<?xml version="1.0" encoding="UTF-8"?>
<testsuites name="0.5.5" time="1673" tests="22" failures="5" errors="0">
   <testsuite name="0.5.5" tests="22" failures="5" errors="0" time="1673" timestamp="2019-07-09 15:48:08" hostname="sumankompelly - 10.0.126.233" id="Test Suites/0.5.5">
      <properties>
         <property name="deviceName" value=""/>
         <property name="devicePlatform" value=""/>
         <property name="logFolder" value="/Users/sumankompelly/Katalon Studio/APOLLO - FIRE/APOLLO - FIRE- DESKTOP/Reports/0.5.5/20190709_154806"/>
         <property name="logFiles" value="/Users/sumankompelly/Katalon Studio/APOLLO - FIRE/APOLLO - FIRE- DESKTOP/Reports/0.5.5/20190709_154806/execution0.log"/>
         <property name="attachments" value="/Users/sumankompelly/Katalon Studio/APOLLO - FIRE/APOLLO - FIRE- DESKTOP/Reports/0.5.5/20190709_154806/1562701726662.png, /Users/sumankompelly/Katalon Studio/APOLLO - FIRE/APOLLO - FIRE- DESKTOP/Reports/0.5.5/20190709_154806/1562701736652.png, /Users/sumankompelly/Katalon Studio/APOLLO - FIRE/APOLLO - FIRE- DESKTOP/Reports/0.5.5/20190709_154806/1562701746490.png, /Users/sumankompelly/Katalon Studio/APOLLO - FIRE/APOLLO - FIRE- DESKTOP/Reports/0.5.5/20190709_154806/1562701756065.png, /Users/sumankompelly/Katalon Studio/APOLLO - FIRE/APOLLO - FIRE- DESKTOP/Reports/0.5.5/20190709_154806/1562701765653.png, /Users/sumankompelly/Katalon Studio/APOLLO - FIRE/APOLLO - FIRE- DESKTOP/Reports/0.5.5/20190709_154806/1562701775231.png, /Users/sumankompelly/Katalon Studio/APOLLO - FIRE/APOLLO - FIRE- DESKTOP/Reports/0.5.5/20190709_154806/1562701785649.png, /Users/sumankompelly/Katalon Studio/APOLLO - FIRE/APOLLO - FIRE- DESKTOP/Reports/0.5.5/20190709_154806/1562701792973.png, /Users/sumankompelly/Katalon Studio/APOLLO - FIRE/APOLLO - FIRE- DESKTOP/Reports/0.5.5/20190709_154806/1562702945461.png, /Users/sumankompelly/Katalon Studio/APOLLO - FIRE/APOLLO - FIRE- DESKTOP/Reports/0.5.5/20190709_154806/1562702995599.png, /Users/sumankompelly/Katalon Studio/APOLLO - FIRE/APOLLO - FIRE- DESKTOP/Reports/0.5.5/20190709_154806/1562703159853.png, /Users/sumankompelly/Katalon Studio/APOLLO - FIRE/APOLLO - FIRE- DESKTOP/Reports/0.5.5/20190709_154806/1562703208877.png, /Users/sumankompelly/Katalon Studio/APOLLO - FIRE/APOLLO - FIRE- DESKTOP/Reports/0.5.5/20190709_154806/1562703360628.png"/>
         <property name="hostName" value="sumankompelly - 10.0.126.233"/>
         <property name="os" value="Mac OS X 64bit"/>
         <property name="katalonVersion" value="5.10.1.1"/>
         <property name="browser" value="Firefox 67.0"/>
         <property name="hostAddress" value="10.0.126.233"/>
         <property name="sessionId" value="a48c5495-85ab-0e45-aadf-8db2c31a480d"/>
         <property name="seleniumVersion" value="3.7.1"/>
         <property name="proxyInformation" value="ProxyInformation{proxyOption=NO_PROXY, proxyServerType=HTTP, password=, proxyServerAddress=, proxyServerPort=0}"/>
         <property name="platform" value="Mac OS X"/>
      </properties>
      <testcase name="Test Cases/COLLECTION PAGE/Sort" classname="Test Cases/COLLECTION PAGE/Sort" status="PASSED">
         <system-out><![CDATA[2019-07-09 15:48:09 - [TEST_CASE][PASSED] - Test Cases/COLLECTION PAGE/Sort: Test Cases/COLLECTION PAGE/Sort

2019-07-09 15:48:09 - [TEST_STEP][PASSED] - callTestCase(findTestCase("CALL - URL"), [:], STOP_ON_FAILURE): Call Test Case 'Test Cases/CALL - URL' successfully

2019-07-09 15:48:09 - [TEST_CASE][PASSED] - Test Cases/CALL - URL: Test Cases/CALL - URL

2019-07-09 15:48:10 - [TEST_STEP][PASSED] - openBrowser(""): Browser is opened with url: ''

2019-07-09 15:48:10 - [MESSAGE][INFO] - Starting 'Firefox' driver

2019-07-09 15:48:10 - [MESSAGE][INFO] - Action delay is set to 0 seconds

2019-07-09 15:48:15 - [MESSAGE][PASSED] - Browser is opened with url: ''

2019-07-09 15:48:15 - [TEST_STEP][PASSED] - navigateToUrl("https://apollo-fireball.myshopify.com/?_ab=0&_fd=0&_sc=1&key=96c2edace7b9967f3a77c2e2b131937136039831e9ec35f31598610005fa8795&preview_theme_id=46803124304"): Navigate to 'https://apollo-fireball.myshopify.com/?_ab=0&_fd=0&_sc=1&key=96c2edace7b9967f3a77c2e2b131937136039831e9ec35f31598610005fa8795&preview_theme_id=46803124304' successfully

2019-07-09 15:48:23 - [MESSAGE][PASSED] - Navigate to 'https://apollo-fireball.myshopify.com/?_ab=0&_fd=0&_sc=1&key=96c2edace7b9967f3a77c2e2b131937136039831e9ec35f31598610005fa8795&preview_theme_id=46803124304' successfully

2019-07-09 15:48:23 - [TEST_STEP][PASSED] - executeJavaScript("var previewBar = document.getElementById("preview-bar-iframe"); previewBar.style.display = "none";", []): Execute JavaScript 'var previewBar = document.getElementById("preview-bar-iframe"); previewBar.style.display = "none";' successfully

2019-07-09 15:48:23 - [MESSAGE][PASSED] - Execute JavaScript 'var previewBar = document.getElementById("preview-bar-iframe"); previewBar.style.display = "none";' successfully

2019-07-09 15:48:23 - [TEST_STEP][PASSED] - maximizeWindow(): Current window maximized

2019-07-09 15:48:24 - [MESSAGE][PASSED] - Current window maximized

2019-07-09 15:48:24 - [MESSAGE][PASSED] - Call Test Case 'Test Cases/CALL - URL' successfully

2019-07-09 15:48:24 - [TEST_STEP][PASSED] - delay(2): Delayed 2 second(s)

2019-07-09 15:48:26 - [MESSAGE][PASSED] - Delayed 2 second(s)

2019-07-09 15:48:26 - [TEST_STEP][PASSED] - click(findTestObject("APOLLO- Desktop/Burger Menu/Burgermenu")): Object: 'Object Repository/APOLLO- Desktop/Burger Menu/Burgermenu' is clicked on

2019-07-09 15:48:27 - [MESSAGE][PASSED] - Object: 'Object Repository/APOLLO- Desktop/Burger Menu/Burgermenu' is clicked on

2019-07-09 15:48:27 - [TEST_STEP][PASSED] - delay(2): Delayed 2 second(s)

2019-07-09 15:48:29 - [MESSAGE][PASSED] - Delayed 2 second(s)

2019-07-09 15:48:29 - [TEST_STEP][PASSED] - click(findTestObject("APOLLO- Desktop/Burger Menu/Shop food")): Object: 'Object Repository/APOLLO- Desktop/Burger Menu/Shop food' is clicked on

2019-07-09 15:48:30 - [MESSAGE][PASSED] - Object: 'Object Repository/APOLLO- Desktop/Burger Menu/Shop food' is clicked on

2019-07-09 15:48:30 - [TEST_STEP][PASSED] - delay(2): Delayed 2 second(s)

2019-07-09 15:48:32 - [MESSAGE][PASSED] - Delayed 2 second(s)

2019-07-09 15:48:32 - [TEST_STEP][PASSED] - click(findTestObject("APOLLO- Desktop/Burger Menu/Beef")): Object: 'Object Repository/APOLLO- Desktop/Burger Menu/Beef' is clicked on

2019-07-09 15:48:35 - [MESSAGE][PASSED] - Object: 'Object Repository/APOLLO- Desktop/Burger Menu/Beef' is clicked on

2019-07-09 15:48:35 - [TEST_STEP][PASSED] - delay(2): Delayed 2 second(s)

2019-07-09 15:48:37 - [MESSAGE][PASSED] - Delayed 2 second(s)

2019-07-09 15:48:37 - [TEST_STEP][PASSED] - executeJavaScript("var previewBar = document.getElementById("preview-bar-iframe"); previewBar.style.display = "none";", []): Execute JavaScript 'var previewBar = document.getElementById("preview-bar-iframe"); previewBar.style.display = "none";' successfully

2019-07-09 15:48:37 - [MESSAGE][PASSED] - Execute JavaScript 'var previewBar = document.getElementById("preview-bar-iframe"); previewBar.style.display = "none";' successfully

2019-07-09 15:48:37 - [TEST_STEP][PASSED] - delay(2): Delayed 2 second(s)

2019-07-09 15:48:39 - [MESSAGE][PASSED] - Delayed 2 second(s)

2019-07-09 15:48:39 - [TEST_STEP][NOT_RUN] - click(findTestObject("APOLLO- Desktop/Collection page/Beef skewers")): NOT_RUN: click(findTestObject("APOLLO- Desktop/Collection page/Beef skewers"))

2019-07-09 15:48:39 - [MESSAGE][NOT_RUN] - NOT_RUN: click(findTestObject("APOLLO- Desktop/Collection page/Beef skewers"))

2019-07-09 15:48:39 - [TEST_STEP][NOT_RUN] - executeJavaScript("var previewBar = document.getElementById("preview-bar-iframe"); previewBar.style.display = "none";", []): NOT_RUN: executeJavaScript("var previewBar = document.getElementById("preview-bar-iframe"); previewBar.style.display = "none";", [])

2019-07-09 15:48:39 - [MESSAGE][NOT_RUN] - NOT_RUN: executeJavaScript("var previewBar = document.getElementById("preview-bar-iframe"); previewBar.style.display = "none";", [])

2019-07-09 15:48:39 - [TEST_STEP][NOT_RUN] - delay(2): NOT_RUN: delay(2)

2019-07-09 15:48:39 - [MESSAGE][NOT_RUN] - NOT_RUN: delay(2)

2019-07-09 15:48:39 - [TEST_STEP][NOT_RUN] - delay(2): NOT_RUN: delay(2)

2019-07-09 15:48:39 - [MESSAGE][NOT_RUN] - NOT_RUN: delay(2)

2019-07-09 15:48:39 - [TEST_STEP][NOT_RUN] - click(findTestObject("APOLLO- Desktop/Burger Menu/Shop food")): NOT_RUN: click(findTestObject("APOLLO- Desktop/Burger Menu/Shop food"))

2019-07-09 15:48:39 - [MESSAGE][NOT_RUN] - NOT_RUN: click(findTestObject("APOLLO- Desktop/Burger Menu/Shop food"))

2019-07-09 15:48:39 - [TEST_STEP][NOT_RUN] - delay(2): NOT_RUN: delay(2)

2019-07-09 15:48:39 - [MESSAGE][NOT_RUN] - NOT_RUN: delay(2)

2019-07-09 15:48:39 - [TEST_STEP][NOT_RUN] - click(findTestObject("APOLLO- Desktop/Burger Menu/Beef")): NOT_RUN: click(findTestObject("APOLLO- Desktop/Burger Menu/Beef"))

2019-07-09 15:48:39 - [MESSAGE][NOT_RUN] - NOT_RUN: click(findTestObject("APOLLO- Desktop/Burger Menu/Beef"))

2019-07-09 15:48:39 - [TEST_STEP][NOT_RUN] - delay(2): NOT_RUN: delay(2)

2019-07-09 15:48:39 - [MESSAGE][NOT_RUN] - NOT_RUN: delay(2)

2019-07-09 15:48:39 - [TEST_STEP][NOT_RUN] - click(findTestObject("APOLLO- Desktop/Burger Menu/Shirts link")): NOT_RUN: click(findTestObject("APOLLO- Desktop/Burger Menu/Shirts link"))

2019-07-09 15:48:39 - [MESSAGE][NOT_RUN] - NOT_RUN: click(findTestObject("APOLLO- Desktop/Burger Menu/Shirts link"))

2019-07-09 15:48:39 - [TEST_STEP][NOT_RUN] - executeJavaScript("var previewBar = document.getElementById("preview-bar-iframe"); previewBar.style.display = "none";", []): NOT_RUN: executeJavaScript("var previewBar = document.getElementById("preview-bar-iframe"); previewBar.style.display = "none";", [])

2019-07-09 15:48:39 - [MESSAGE][NOT_RUN] - NOT_RUN: executeJavaScript("var previewBar = document.getElementById("preview-bar-iframe"); previewBar.style.display = "none";", [])

2019-07-09 15:48:39 - [TEST_STEP][NOT_RUN] - delay(2): NOT_RUN: delay(2)

2019-07-09 15:48:39 - [MESSAGE][NOT_RUN] - NOT_RUN: delay(2)

2019-07-09 15:48:39 - [TEST_STEP][NOT_RUN] - executeJavaScript("var previewBar = document.getElementById("preview-bar-iframe"); previewBar.style.display = "none";", []): NOT_RUN: executeJavaScript("var previewBar = document.getElementById("preview-bar-iframe"); previewBar.style.display = "none";", [])

2019-07-09 15:48:39 - [MESSAGE][NOT_RUN] - NOT_RUN: executeJavaScript("var previewBar = document.getElementById("preview-bar-iframe"); previewBar.style.display = "none";", [])

2019-07-09 15:48:39 - [TEST_STEP][NOT_RUN] - delay(2): NOT_RUN: delay(2)

2019-07-09 15:48:39 - [MESSAGE][NOT_RUN] - NOT_RUN: delay(2)

2019-07-09 15:48:39 - [TEST_STEP][PASSED] - click(findTestObject("APOLLO- Desktop/Collection page/sort/Filter dropdown")): Object: 'Object Repository/APOLLO- Desktop/Collection page/sort/Filter dropdown' is clicked on

2019-07-09 15:48:40 - [MESSAGE][PASSED] - Object: 'Object Repository/APOLLO- Desktop/Collection page/sort/Filter dropdown' is clicked on

2019-07-09 15:48:40 - [TEST_STEP][PASSED] - delay(2): Delayed 2 second(s)

2019-07-09 15:48:42 - [MESSAGE][PASSED] - Delayed 2 second(s)

2019-07-09 15:48:42 - [TEST_STEP][PASSED] - click(findTestObject("APOLLO- Desktop/Collection page/sort/Featured")): Object: 'Object Repository/APOLLO- Desktop/Collection page/sort/Featured' is clicked on

2019-07-09 15:48:42 - [MESSAGE][PASSED] - Object: 'Object Repository/APOLLO- Desktop/Collection page/sort/Featured' is clicked on

2019-07-09 15:48:42 - [TEST_STEP][PASSED] - delay(2): Delayed 2 second(s)

2019-07-09 15:48:44 - [MESSAGE][PASSED] - Delayed 2 second(s)

2019-07-09 15:48:44 - [TEST_STEP][PASSED] - click(findTestObject("APOLLO- Desktop/Collection page/sort/Filter dropdown")): Object: 'Object Repository/APOLLO- Desktop/Collection page/sort/Filter dropdown' is clicked on

2019-07-09 15:48:44 - [MESSAGE][PASSED] - Object: 'Object Repository/APOLLO- Desktop/Collection page/sort/Filter dropdown' is clicked on

2019-07-09 15:48:44 - [TEST_STEP][PASSED] - delay(2): Delayed 2 second(s)

2019-07-09 15:48:46 - [MESSAGE][PASSED] - Delayed 2 second(s)

2019-07-09 15:48:46 - [TEST_STEP][PASSED] - takeScreenshot(): Taking screenshot successfully

2019-07-09 15:48:47 - [MESSAGE][PASSED] - Taking screenshot successfully
[[ATTACHMENT|/Users/sumankompelly/Katalon Studio/APOLLO - FIRE/APOLLO - FIRE- DESKTOP/Reports/0.5.5/20190709_154806/1562701726662.png]]

2019-07-09 15:48:47 - [TEST_STEP][PASSED] - delay(2): Delayed 2 second(s)

2019-07-09 15:48:49 - [MESSAGE][PASSED] - Delayed 2 second(s)

2019-07-09 15:48:49 - [TEST_STEP][PASSED] - click(findTestObject("APOLLO- Desktop/Collection page/sort/Filter dropdown")): Object: 'Object Repository/APOLLO- Desktop/Collection page/sort/Filter dropdown' is clicked on

2019-07-09 15:48:50 - [MESSAGE][PASSED] - Object: 'Object Repository/APOLLO- Desktop/Collection page/sort/Filter dropdown' is clicked on

2019-07-09 15:48:50 - [TEST_STEP][PASSED] - delay(2): Delayed 2 second(s)

2019-07-09 15:48:52 - [MESSAGE][PASSED] - Delayed 2 second(s)

2019-07-09 15:48:52 - [TEST_STEP][PASSED] - click(findTestObject("APOLLO- Desktop/Collection page/sort/Best selling")): Object: 'Object Repository/APOLLO- Desktop/Collection page/sort/Best selling' is clicked on

2019-07-09 15:48:52 - [MESSAGE][PASSED] - Object: 'Object Repository/APOLLO- Desktop/Collection page/sort/Best selling' is clicked on

2019-07-09 15:48:52 - [TEST_STEP][PASSED] - delay(2): Delayed 2 second(s)

2019-07-09 15:48:54 - [MESSAGE][PASSED] - Delayed 2 second(s)

2019-07-09 15:48:54 - [TEST_STEP][PASSED] - click(findTestObject("APOLLO- Desktop/Collection page/sort/Filter dropdown")): Object: 'Object Repository/APOLLO- Desktop/Collection page/sort/Filter dropdown' is clicked on

2019-07-09 15:48:54 - [MESSAGE][PASSED] - Object: 'Object Repository/APOLLO- Desktop/Collection page/sort/Filter dropdown' is clicked on

2019-07-09 15:48:54 - [TEST_STEP][PASSED] - delay(2): Delayed 2 second(s)

2019-07-09 15:48:56 - [MESSAGE][PASSED] - Delayed 2 second(s)

2019-07-09 15:48:56 - [TEST_STEP][PASSED] - takeScreenshot(): Taking screenshot successfully

2019-07-09 15:48:57 - [MESSAGE][PASSED] - Taking screenshot successfully
[[ATTACHMENT|/Users/sumankompelly/Katalon Studio/APOLLO - FIRE/APOLLO - FIRE- DESKTOP/Reports/0.5.5/20190709_154806/1562701736652.png]]

2019-07-09 15:48:57 - [TEST_STEP][PASSED] - delay(2): Delayed 2 second(s)

2019-07-09 15:48:59 - [MESSAGE][PASSED] - Delayed 2 second(s)

2019-07-09 15:48:59 - [TEST_STEP][PASSED] - click(findTestObject("APOLLO- Desktop/Collection page/sort/Filter dropdown")): Object: 'Object Repository/APOLLO- Desktop/Collection page/sort/Filter dropdown' is clicked on

2019-07-09 15:48:59 - [MESSAGE][PASSED] - Object: 'Object Repository/APOLLO- Desktop/Collection page/sort/Filter dropdown' is clicked on

2019-07-09 15:48:59 - [TEST_STEP][PASSED] - delay(2): Delayed 2 second(s)

2019-07-09 15:49:01 - [MESSAGE][PASSED] - Delayed 2 second(s)

2019-07-09 15:49:01 - [TEST_STEP][PASSED] - click(findTestObject("APOLLO- Desktop/Collection page/sort/Alphabetically A-Z")): Object: 'Object Repository/APOLLO- Desktop/Collection page/sort/Alphabetically A-Z' is clicked on

2019-07-09 15:49:02 - [MESSAGE][PASSED] - Object: 'Object Repository/APOLLO- Desktop/Collection page/sort/Alphabetically A-Z' is clicked on

2019-07-09 15:49:02 - [TEST_STEP][PASSED] - delay(2): Delayed 2 second(s)

2019-07-09 15:49:04 - [MESSAGE][PASSED] - Delayed 2 second(s)

2019-07-09 15:49:04 - [TEST_STEP][PASSED] - click(findTestObject("APOLLO- Desktop/Collection page/sort/Filter dropdown")): Object: 'Object Repository/APOLLO- Desktop/Collection page/sort/Filter dropdown' is clicked on

2019-07-09 15:49:04 - [MESSAGE][PASSED] - Object: 'Object Repository/APOLLO- Desktop/Collection page/sort/Filter dropdown' is clicked on

2019-07-09 15:49:04 - [TEST_STEP][PASSED] - delay(2): Delayed 2 second(s)

2019-07-09 15:49:06 - [MESSAGE][PASSED] - Delayed 2 second(s)

2019-07-09 15:49:06 - [TEST_STEP][PASSED] - takeScreenshot(): Taking screenshot successfully

2019-07-09 15:49:07 - [MESSAGE][PASSED] - Taking screenshot successfully
[[ATTACHMENT|/Users/sumankompelly/Katalon Studio/APOLLO - FIRE/APOLLO - FIRE- DESKTOP/Reports/0.5.5/20190709_154806/1562701746490.png]]

2019-07-09 15:49:07 - [TEST_STEP][PASSED] - delay(2): Delayed 2 second(s)

2019-07-09 15:49:09 - [MESSAGE][PASSED] - Delayed 2 second(s)

2019-07-09 15:49:09 - [TEST_STEP][PASSED] - click(findTestObject("APOLLO- Desktop/Collection page/sort/Filter dropdown")): Object: 'Object Repository/APOLLO- Desktop/Collection page/sort/Filter dropdown' is clicked on

2019-07-09 15:49:09 - [MESSAGE][PASSED] - Object: 'Object Repository/APOLLO- Desktop/Collection page/sort/Filter dropdown' is clicked on

2019-07-09 15:49:09 - [TEST_STEP][PASSED] - delay(2): Delayed 2 second(s)

2019-07-09 15:49:11 - [MESSAGE][PASSED] - Delayed 2 second(s)

2019-07-09 15:49:11 - [TEST_STEP][PASSED] - click(findTestObject("APOLLO- Desktop/Collection page/sort/Alphabetically Z-A")): Object: 'Object Repository/APOLLO- Desktop/Collection page/sort/Alphabetically Z-A' is clicked on

2019-07-09 15:49:11 - [MESSAGE][PASSED] - Object: 'Object Repository/APOLLO- Desktop/Collection page/sort/Alphabetically Z-A' is clicked on

2019-07-09 15:49:11 - [TEST_STEP][PASSED] - delay(2): Delayed 2 second(s)

2019-07-09 15:49:13 - [MESSAGE][PASSED] - Delayed 2 second(s)

2019-07-09 15:49:13 - [TEST_STEP][PASSED] - click(findTestObject("APOLLO- Desktop/Collection page/sort/Filter dropdown")): Object: 'Object Repository/APOLLO- Desktop/Collection page/sort/Filter dropdown' is clicked on

2019-07-09 15:49:14 - [MESSAGE][PASSED] - Object: 'Object Repository/APOLLO- Desktop/Collection page/sort/Filter dropdown' is clicked on

2019-07-09 15:49:14 - [TEST_STEP][PASSED] - delay(2): Delayed 2 second(s)

2019-07-09 15:49:16 - [MESSAGE][PASSED] - Delayed 2 second(s)

2019-07-09 15:49:16 - [TEST_STEP][PASSED] - takeScreenshot(): Taking screenshot successfully

2019-07-09 15:49:16 - [MESSAGE][PASSED] - Taking screenshot successfully
[[ATTACHMENT|/Users/sumankompelly/Katalon Studio/APOLLO - FIRE/APOLLO - FIRE- DESKTOP/Reports/0.5.5/20190709_154806/1562701756065.png]]

2019-07-09 15:49:16 - [TEST_STEP][PASSED] - delay(2): Delayed 2 second(s)

2019-07-09 15:49:18 - [MESSAGE][PASSED] - Delayed 2 second(s)

2019-07-09 15:49:18 - [TEST_STEP][PASSED] - click(findTestObject("APOLLO- Desktop/Collection page/sort/Filter dropdown")): Object: 'Object Repository/APOLLO- Desktop/Collection page/sort/Filter dropdown' is clicked on

2019-07-09 15:49:19 - [MESSAGE][PASSED] - Object: 'Object Repository/APOLLO- Desktop/Collection page/sort/Filter dropdown' is clicked on

2019-07-09 15:49:19 - [TEST_STEP][PASSED] - delay(2): Delayed 2 second(s)

2019-07-09 15:49:21 - [MESSAGE][PASSED] - Delayed 2 second(s)

2019-07-09 15:49:21 - [TEST_STEP][PASSED] - click(findTestObject("APOLLO- Desktop/Collection page/sort/Price-Low to high")): Object: 'Object Repository/APOLLO- Desktop/Collection page/sort/Price-Low to high' is clicked on

2019-07-09 15:49:21 - [MESSAGE][PASSED] - Object: 'Object Repository/APOLLO- Desktop/Collection page/sort/Price-Low to high' is clicked on

2019-07-09 15:49:21 - [TEST_STEP][PASSED] - delay(2): Delayed 2 second(s)

2019-07-09 15:49:23 - [MESSAGE][PASSED] - Delayed 2 second(s)

2019-07-09 15:49:23 - [TEST_STEP][PASSED] - click(findTestObject("APOLLO- Desktop/Collection page/sort/Filter dropdown")): Object: 'Object Repository/APOLLO- Desktop/Collection page/sort/Filter dropdown' is clicked on

2019-07-09 15:49:23 - [MESSAGE][PASSED] - Object: 'Object Repository/APOLLO- Desktop/Collection page/sort/Filter dropdown' is clicked on

2019-07-09 15:49:23 - [TEST_STEP][PASSED] - delay(2): Delayed 2 second(s)

2019-07-09 15:49:25 - [MESSAGE][PASSED] - Delayed 2 second(s)

2019-07-09 15:49:25 - [TEST_STEP][PASSED] - takeScreenshot(): Taking screenshot successfully

2019-07-09 15:49:26 - [MESSAGE][PASSED] - Taking screenshot successfully
[[ATTACHMENT|/Users/sumankompelly/Katalon Studio/APOLLO - FIRE/APOLLO - FIRE- DESKTOP/Reports/0.5.5/20190709_154806/1562701765653.png]]

2019-07-09 15:49:26 - [TEST_STEP][PASSED] - delay(2): Delayed 2 second(s)

2019-07-09 15:49:28 - [MESSAGE][PASSED] - Delayed 2 second(s)

2019-07-09 15:49:28 - [TEST_STEP][PASSED] - click(findTestObject("APOLLO- Desktop/Collection page/sort/Filter dropdown")): Object: 'Object Repository/APOLLO- Desktop/Collection page/sort/Filter dropdown' is clicked on

2019-07-09 15:49:28 - [MESSAGE][PASSED] - Object: 'Object Repository/APOLLO- Desktop/Collection page/sort/Filter dropdown' is clicked on

2019-07-09 15:49:28 - [TEST_STEP][PASSED] - delay(2): Delayed 2 second(s)

2019-07-09 15:49:30 - [MESSAGE][PASSED] - Delayed 2 second(s)

2019-07-09 15:49:30 - [TEST_STEP][PASSED] - click(findTestObject("APOLLO- Desktop/Collection page/sort/price-High to low")): Object: 'Object Repository/APOLLO- Desktop/Collection page/sort/price-High to low' is clicked on

2019-07-09 15:49:30 - [MESSAGE][PASSED] - Object: 'Object Repository/APOLLO- Desktop/Collection page/sort/price-High to low' is clicked on

2019-07-09 15:49:30 - [TEST_STEP][PASSED] - delay(2): Delayed 2 second(s)

2019-07-09 15:49:32 - [MESSAGE][PASSED] - Delayed 2 second(s)

2019-07-09 15:49:32 - [TEST_STEP][PASSED] - click(findTestObject("APOLLO- Desktop/Collection page/sort/Filter dropdown")): Object: 'Object Repository/APOLLO- Desktop/Collection page/sort/Filter dropdown' is clicked on

2019-07-09 15:49:33 - [MESSAGE][PASSED] - Object: 'Object Repository/APOLLO- Desktop/Collection page/sort/Filter dropdown' is clicked on

2019-07-09 15:49:33 - [TEST_STEP][PASSED] - delay(2): Delayed 2 second(s)

2019-07-09 15:49:35 - [MESSAGE][PASSED] - Delayed 2 second(s)

2019-07-09 15:49:35 - [TEST_STEP][PASSED] - takeScreenshot(): Taking screenshot successfully

2019-07-09 15:49:35 - [MESSAGE][PASSED] - Taking screenshot successfully
[[ATTACHMENT|/Users/sumankompelly/Katalon Studio/APOLLO - FIRE/APOLLO - FIRE- DESKTOP/Reports/0.5.5/20190709_154806/1562701775231.png]]

2019-07-09 15:49:35 - [TEST_STEP][PASSED] - delay(2): Delayed 2 second(s)

2019-07-09 15:49:37 - [MESSAGE][PASSED] - Delayed 2 second(s)

2019-07-09 15:49:37 - [TEST_STEP][PASSED] - click(findTestObject("APOLLO- Desktop/Collection page/sort/Filter dropdown")): Object: 'Object Repository/APOLLO- Desktop/Collection page/sort/Filter dropdown' is clicked on

2019-07-09 15:49:38 - [MESSAGE][PASSED] - Object: 'Object Repository/APOLLO- Desktop/Collection page/sort/Filter dropdown' is clicked on

2019-07-09 15:49:38 - [TEST_STEP][PASSED] - delay(2): Delayed 2 second(s)

2019-07-09 15:49:40 - [MESSAGE][PASSED] - Delayed 2 second(s)

2019-07-09 15:49:40 - [TEST_STEP][PASSED] - click(findTestObject("APOLLO- Desktop/Collection page/sort/Date - old to new")): Object: 'Object Repository/APOLLO- Desktop/Collection page/sort/Date - old to new' is clicked on

2019-07-09 15:49:40 - [MESSAGE][PASSED] - Object: 'Object Repository/APOLLO- Desktop/Collection page/sort/Date - old to new' is clicked on

2019-07-09 15:49:40 - [TEST_STEP][PASSED] - delay(3): Delayed 3 second(s)

2019-07-09 15:49:43 - [MESSAGE][PASSED] - Delayed 3 second(s)

2019-07-09 15:49:43 - [TEST_STEP][PASSED] - click(findTestObject("APOLLO- Desktop/Collection page/sort/Filter dropdown")): Object: 'Object Repository/APOLLO- Desktop/Collection page/sort/Filter dropdown' is clicked on

2019-07-09 15:49:43 - [MESSAGE][PASSED] - Object: 'Object Repository/APOLLO- Desktop/Collection page/sort/Filter dropdown' is clicked on

2019-07-09 15:49:43 - [TEST_STEP][PASSED] - delay(2): Delayed 2 second(s)

2019-07-09 15:49:45 - [MESSAGE][PASSED] - Delayed 2 second(s)

2019-07-09 15:49:45 - [TEST_STEP][PASSED] - takeScreenshot(): Taking screenshot successfully

2019-07-09 15:49:46 - [MESSAGE][PASSED] - Taking screenshot successfully
[[ATTACHMENT|/Users/sumankompelly/Katalon Studio/APOLLO - FIRE/APOLLO - FIRE- DESKTOP/Reports/0.5.5/20190709_154806/1562701785649.png]]

2019-07-09 15:49:46 - [TEST_STEP][PASSED] - delay(2): Delayed 2 second(s)

2019-07-09 15:49:48 - [MESSAGE][PASSED] - Delayed 2 second(s)

2019-07-09 15:49:48 - [TEST_STEP][PASSED] - click(findTestObject("APOLLO- Desktop/Collection page/sort/Filter dropdown")): Object: 'Object Repository/APOLLO- Desktop/Collection page/sort/Filter dropdown' is clicked on

2019-07-09 15:49:48 - [MESSAGE][PASSED] - Object: 'Object Repository/APOLLO- Desktop/Collection page/sort/Filter dropdown' is clicked on

2019-07-09 15:49:48 - [TEST_STEP][PASSED] - delay(2): Delayed 2 second(s)

2019-07-09 15:49:50 - [MESSAGE][PASSED] - Delayed 2 second(s)

2019-07-09 15:49:50 - [TEST_STEP][PASSED] - click(findTestObject("APOLLO- Desktop/Collection page/sort/Date- new to old")): Object: 'Object Repository/APOLLO- Desktop/Collection page/sort/Date- new to old' is clicked on

2019-07-09 15:49:50 - [MESSAGE][PASSED] - Object: 'Object Repository/APOLLO- Desktop/Collection page/sort/Date- new to old' is clicked on

2019-07-09 15:49:50 - [TEST_STEP][PASSED] - delay(2): Delayed 2 second(s)

2019-07-09 15:49:52 - [MESSAGE][PASSED] - Delayed 2 second(s)

2019-07-09 15:49:52 - [TEST_STEP][PASSED] - click(findTestObject("APOLLO- Desktop/Collection page/sort/Filter dropdown")): Object: 'Object Repository/APOLLO- Desktop/Collection page/sort/Filter dropdown' is clicked on

2019-07-09 15:49:52 - [MESSAGE][PASSED] - Object: 'Object Repository/APOLLO- Desktop/Collection page/sort/Filter dropdown' is clicked on

2019-07-09 15:49:52 - [TEST_STEP][PASSED] - takeScreenshot(): Taking screenshot successfully

2019-07-09 15:49:54 - [MESSAGE][PASSED] - Taking screenshot successfully
[[ATTACHMENT|/Users/sumankompelly/Katalon Studio/APOLLO - FIRE/APOLLO - FIRE- DESKTOP/Reports/0.5.5/20190709_154806/1562701792973.png]]

2019-07-09 15:49:54 - [TEST_STEP][PASSED] - delay(2): Delayed 2 second(s)

2019-07-09 15:49:56 - [MESSAGE][PASSED] - Delayed 2 second(s)]]></system-out>
         <system-err><![CDATA[]]></system-err>
      </testcase>
      <testcase name="Test Cases/COLLECTION PAGE/Prouducts layout style" classname="Test Cases/COLLECTION PAGE/Prouducts layout style" status="PASSED">
         <system-out><![CDATA[2019-07-09 15:49:56 - [TEST_CASE][PASSED] - Test Cases/COLLECTION PAGE/Prouducts layout style: Test Cases/COLLECTION PAGE/Prouducts layout style

2019-07-09 15:49:56 - [TEST_STEP][PASSED] - callTestCase(findTestCase("CALL - URL"), [:], STOP_ON_FAILURE): Call Test Case 'Test Cases/CALL - URL' successfully

2019-07-09 15:49:56 - [TEST_CASE][PASSED] - Test Cases/CALL - URL: Test Cases/CALL - URL

2019-07-09 15:49:56 - [TEST_STEP][PASSED] - openBrowser(""): Browser is opened with url: ''

2019-07-09 15:49:56 - [MESSAGE][WARNING] - A browser is already opened. Closing browser and opening a new one

2019-07-09 15:49:57 - [MESSAGE][INFO] - Starting 'Firefox' driver

2019-07-09 15:49:59 - [MESSAGE][PASSED] - Browser is opened with url: ''

2019-07-09 15:49:59 - [TEST_STEP][PASSED] - navigateToUrl("https://apollo-fireball.myshopify.com/?_ab=0&_fd=0&_sc=1&key=96c2edace7b9967f3a77c2e2b131937136039831e9ec35f31598610005fa8795&preview_theme_id=46803124304"): Navigate to 'https://apollo-fireball.myshopify.com/?_ab=0&_fd=0&_sc=1&key=96c2edace7b9967f3a77c2e2b131937136039831e9ec35f31598610005fa8795&preview_theme_id=46803124304' successfully

2019-07-09 15:50:06 - [MESSAGE][PASSED] - Navigate to 'https://apollo-fireball.myshopify.com/?_ab=0&_fd=0&_sc=1&key=96c2edace7b9967f3a77c2e2b131937136039831e9ec35f31598610005fa8795&preview_theme_id=46803124304' successfully

2019-07-09 15:50:06 - [TEST_STEP][PASSED] - executeJavaScript("var previewBar = document.getElementById("preview-bar-iframe"); previewBar.style.display = "none";", []): Execute JavaScript 'var previewBar = document.getElementById("preview-bar-iframe"); previewBar.style.display = "none";' successfully

2019-07-09 15:50:06 - [MESSAGE][PASSED] - Execute JavaScript 'var previewBar = document.getElementById("preview-bar-iframe"); previewBar.style.display = "none";' successfully

2019-07-09 15:50:06 - [TEST_STEP][PASSED] - maximizeWindow(): Current window maximized

2019-07-09 15:50:07 - [MESSAGE][PASSED] - Current window maximized

2019-07-09 15:50:07 - [MESSAGE][PASSED] - Call Test Case 'Test Cases/CALL - URL' successfully

2019-07-09 15:50:07 - [TEST_STEP][PASSED] - delay(2): Delayed 2 second(s)

2019-07-09 15:50:09 - [MESSAGE][PASSED] - Delayed 2 second(s)

2019-07-09 15:50:09 - [TEST_STEP][PASSED] - click(findTestObject("APOLLO- Desktop/Burger Menu/Burgermenu")): Object: 'Object Repository/APOLLO- Desktop/Burger Menu/Burgermenu' is clicked on

2019-07-09 15:50:10 - [MESSAGE][PASSED] - Object: 'Object Repository/APOLLO- Desktop/Burger Menu/Burgermenu' is clicked on

2019-07-09 15:50:10 - [TEST_STEP][PASSED] - delay(2): Delayed 2 second(s)

2019-07-09 15:50:12 - [MESSAGE][PASSED] - Delayed 2 second(s)

2019-07-09 15:50:12 - [TEST_STEP][PASSED] - click(findTestObject("APOLLO- Desktop/Burger Menu/Shop food")): Object: 'Object Repository/APOLLO- Desktop/Burger Menu/Shop food' is clicked on

2019-07-09 15:50:12 - [MESSAGE][PASSED] - Object: 'Object Repository/APOLLO- Desktop/Burger Menu/Shop food' is clicked on

2019-07-09 15:50:12 - [TEST_STEP][PASSED] - delay(2): Delayed 2 second(s)

2019-07-09 15:50:14 - [MESSAGE][PASSED] - Delayed 2 second(s)

2019-07-09 15:50:14 - [TEST_STEP][PASSED] - click(findTestObject("APOLLO- Desktop/Burger Menu/Beef")): Object: 'Object Repository/APOLLO- Desktop/Burger Menu/Beef' is clicked on

2019-07-09 15:50:17 - [MESSAGE][PASSED] - Object: 'Object Repository/APOLLO- Desktop/Burger Menu/Beef' is clicked on

2019-07-09 15:50:17 - [TEST_STEP][PASSED] - delay(2): Delayed 2 second(s)

2019-07-09 15:50:19 - [MESSAGE][PASSED] - Delayed 2 second(s)

2019-07-09 15:50:19 - [TEST_STEP][PASSED] - executeJavaScript("var previewBar = document.getElementById("preview-bar-iframe"); previewBar.style.display = "none";", []): Execute JavaScript 'var previewBar = document.getElementById("preview-bar-iframe"); previewBar.style.display = "none";' successfully

2019-07-09 15:50:19 - [MESSAGE][PASSED] - Execute JavaScript 'var previewBar = document.getElementById("preview-bar-iframe"); previewBar.style.display = "none";' successfully

2019-07-09 15:50:19 - [TEST_STEP][PASSED] - delay(2): Delayed 2 second(s)

2019-07-09 15:50:21 - [MESSAGE][PASSED] - Delayed 2 second(s)

2019-07-09 15:50:21 - [TEST_STEP][PASSED] - click(findTestObject("APOLLO- Desktop/Collection page/layout less")): Object: 'Object Repository/APOLLO- Desktop/Collection page/layout less' is clicked on

2019-07-09 15:50:22 - [MESSAGE][PASSED] - Object: 'Object Repository/APOLLO- Desktop/Collection page/layout less' is clicked on

2019-07-09 15:50:22 - [TEST_STEP][PASSED] - delay(2): Delayed 2 second(s)

2019-07-09 15:50:24 - [MESSAGE][PASSED] - Delayed 2 second(s)

2019-07-09 15:50:24 - [TEST_STEP][PASSED] - a = getPageHeight(): Current page's height is 3656

2019-07-09 15:50:24 - [MESSAGE][PASSED] - Current page's height is 3656

2019-07-09 15:50:24 - [TEST_STEP][PASSED] - comment("a=" + a): a=3656

2019-07-09 15:50:24 - [MESSAGE][INFO] - a=3656

2019-07-09 15:50:24 - [TEST_STEP][PASSED] - delay(2): Delayed 2 second(s)

2019-07-09 15:50:26 - [MESSAGE][PASSED] - Delayed 2 second(s)

2019-07-09 15:50:26 - [TEST_STEP][PASSED] - click(findTestObject("APOLLO- Desktop/Collection page/layout more")): Object: 'Object Repository/APOLLO- Desktop/Collection page/layout more' is clicked on

2019-07-09 15:50:28 - [MESSAGE][PASSED] - Object: 'Object Repository/APOLLO- Desktop/Collection page/layout more' is clicked on

2019-07-09 15:50:28 - [TEST_STEP][PASSED] - delay(2): Delayed 2 second(s)

2019-07-09 15:50:30 - [MESSAGE][PASSED] - Delayed 2 second(s)

2019-07-09 15:50:30 - [TEST_STEP][PASSED] - b = getPageHeight(): Current page's height is 2070

2019-07-09 15:50:30 - [MESSAGE][PASSED] - Current page's height is 2070

2019-07-09 15:50:30 - [TEST_STEP][PASSED] - comment("b=" + b): b=2070

2019-07-09 15:50:30 - [MESSAGE][INFO] - b=2070

2019-07-09 15:50:30 - [TEST_STEP][PASSED] - verifyLessThan(b, a): Actual number '2,070' is less than expected number '3,656'

2019-07-09 15:50:30 - [MESSAGE][PASSED] - Actual number '2,070' is less than expected number '3,656']]></system-out>
         <system-err><![CDATA[]]></system-err>
      </testcase>
      <testcase name="Test Cases/COLLECTION PAGE/Filter" classname="Test Cases/COLLECTION PAGE/Filter" status="PASSED">
         <system-out><![CDATA[2019-07-09 15:50:30 - [TEST_CASE][PASSED] - Test Cases/COLLECTION PAGE/Filter: Test Cases/COLLECTION PAGE/Filter

2019-07-09 15:50:30 - [TEST_STEP][PASSED] - callTestCase(findTestCase("CALL - URL"), [:], STOP_ON_FAILURE): Call Test Case 'Test Cases/CALL - URL' successfully

2019-07-09 15:50:30 - [TEST_CASE][PASSED] - Test Cases/CALL - URL: Test Cases/CALL - URL

2019-07-09 15:50:30 - [TEST_STEP][PASSED] - openBrowser(""): Browser is opened with url: ''

2019-07-09 15:50:30 - [MESSAGE][WARNING] - A browser is already opened. Closing browser and opening a new one

2019-07-09 15:50:31 - [MESSAGE][INFO] - Starting 'Firefox' driver

2019-07-09 15:50:33 - [MESSAGE][PASSED] - Browser is opened with url: ''

2019-07-09 15:50:33 - [TEST_STEP][PASSED] - navigateToUrl("https://apollo-fireball.myshopify.com/?_ab=0&_fd=0&_sc=1&key=96c2edace7b9967f3a77c2e2b131937136039831e9ec35f31598610005fa8795&preview_theme_id=46803124304"): Navigate to 'https://apollo-fireball.myshopify.com/?_ab=0&_fd=0&_sc=1&key=96c2edace7b9967f3a77c2e2b131937136039831e9ec35f31598610005fa8795&preview_theme_id=46803124304' successfully

2019-07-09 15:50:40 - [MESSAGE][PASSED] - Navigate to 'https://apollo-fireball.myshopify.com/?_ab=0&_fd=0&_sc=1&key=96c2edace7b9967f3a77c2e2b131937136039831e9ec35f31598610005fa8795&preview_theme_id=46803124304' successfully

2019-07-09 15:50:40 - [TEST_STEP][PASSED] - executeJavaScript("var previewBar = document.getElementById("preview-bar-iframe"); previewBar.style.display = "none";", []): Execute JavaScript 'var previewBar = document.getElementById("preview-bar-iframe"); previewBar.style.display = "none";' successfully

2019-07-09 15:50:40 - [MESSAGE][PASSED] - Execute JavaScript 'var previewBar = document.getElementById("preview-bar-iframe"); previewBar.style.display = "none";' successfully

2019-07-09 15:50:40 - [TEST_STEP][PASSED] - maximizeWindow(): Current window maximized

2019-07-09 15:50:41 - [MESSAGE][PASSED] - Current window maximized

2019-07-09 15:50:41 - [MESSAGE][PASSED] - Call Test Case 'Test Cases/CALL - URL' successfully

2019-07-09 15:50:41 - [TEST_STEP][PASSED] - delay(2): Delayed 2 second(s)

2019-07-09 15:50:43 - [MESSAGE][PASSED] - Delayed 2 second(s)

2019-07-09 15:50:43 - [TEST_STEP][PASSED] - click(findTestObject("APOLLO- Desktop/Burger Menu/Burgermenu")): Object: 'Object Repository/APOLLO- Desktop/Burger Menu/Burgermenu' is clicked on

2019-07-09 15:50:43 - [MESSAGE][PASSED] - Object: 'Object Repository/APOLLO- Desktop/Burger Menu/Burgermenu' is clicked on

2019-07-09 15:50:43 - [TEST_STEP][PASSED] - delay(2): Delayed 2 second(s)

2019-07-09 15:50:45 - [MESSAGE][PASSED] - Delayed 2 second(s)

2019-07-09 15:50:45 - [TEST_STEP][PASSED] - click(findTestObject("APOLLO- Desktop/Burger Menu/Shop food")): Object: 'Object Repository/APOLLO- Desktop/Burger Menu/Shop food' is clicked on

2019-07-09 15:50:46 - [MESSAGE][PASSED] - Object: 'Object Repository/APOLLO- Desktop/Burger Menu/Shop food' is clicked on

2019-07-09 15:50:46 - [TEST_STEP][PASSED] - delay(2): Delayed 2 second(s)

2019-07-09 15:50:48 - [MESSAGE][PASSED] - Delayed 2 second(s)

2019-07-09 15:50:48 - [TEST_STEP][PASSED] - click(findTestObject("APOLLO- Desktop/Burger Menu/Sides")): Object: 'Object Repository/APOLLO- Desktop/Burger Menu/Sides' is clicked on

2019-07-09 15:50:51 - [MESSAGE][PASSED] - Object: 'Object Repository/APOLLO- Desktop/Burger Menu/Sides' is clicked on

2019-07-09 15:50:51 - [TEST_STEP][PASSED] - delay(2): Delayed 2 second(s)

2019-07-09 15:50:53 - [MESSAGE][PASSED] - Delayed 2 second(s)

2019-07-09 15:50:53 - [TEST_STEP][PASSED] - executeJavaScript("var previewBar = document.getElementById("preview-bar-iframe"); previewBar.style.display = "none";", []): Execute JavaScript 'var previewBar = document.getElementById("preview-bar-iframe"); previewBar.style.display = "none";' successfully

2019-07-09 15:50:53 - [MESSAGE][PASSED] - Execute JavaScript 'var previewBar = document.getElementById("preview-bar-iframe"); previewBar.style.display = "none";' successfully

2019-07-09 15:50:53 - [TEST_STEP][PASSED] - delay(2): Delayed 2 second(s)

2019-07-09 15:50:55 - [MESSAGE][PASSED] - Delayed 2 second(s)

2019-07-09 15:50:55 - [TEST_STEP][PASSED] - click(findTestObject("APOLLO- Desktop/Collection page/Filter/Filter dropdown")): Object: 'Object Repository/APOLLO- Desktop/Collection page/Filter/Filter dropdown' is clicked on

2019-07-09 15:50:55 - [MESSAGE][PASSED] - Object: 'Object Repository/APOLLO- Desktop/Collection page/Filter/Filter dropdown' is clicked on

2019-07-09 15:50:55 - [TEST_STEP][PASSED] - delay(2): Delayed 2 second(s)

2019-07-09 15:50:57 - [MESSAGE][PASSED] - Delayed 2 second(s)

2019-07-09 15:50:57 - [TEST_STEP][PASSED] - click(findTestObject("APOLLO- Desktop/Collection page/Filter/Pork")): Object: 'Object Repository/APOLLO- Desktop/Collection page/Filter/Pork' is clicked on

2019-07-09 15:50:57 - [MESSAGE][PASSED] - Object: 'Object Repository/APOLLO- Desktop/Collection page/Filter/Pork' is clicked on

2019-07-09 15:50:57 - [TEST_STEP][PASSED] - delay(2): Delayed 2 second(s)

2019-07-09 15:50:59 - [MESSAGE][PASSED] - Delayed 2 second(s)

2019-07-09 15:50:59 - [TEST_STEP][PASSED] - click(findTestObject("APOLLO- Desktop/Collection page/Filter/Filter dropdown")): Object: 'Object Repository/APOLLO- Desktop/Collection page/Filter/Filter dropdown' is clicked on

2019-07-09 15:51:00 - [MESSAGE][PASSED] - Object: 'Object Repository/APOLLO- Desktop/Collection page/Filter/Filter dropdown' is clicked on

2019-07-09 15:51:00 - [TEST_STEP][PASSED] - delay(2): Delayed 2 second(s)

2019-07-09 15:51:02 - [MESSAGE][PASSED] - Delayed 2 second(s)

2019-07-09 15:51:02 - [TEST_STEP][PASSED] - a = getText(findTestObject("APOLLO- Desktop/Collection page/Filter/Filtered count")): Text of object 'Object Repository/APOLLO- Desktop/Collection page/Filter/Filtered count' is: '1'

2019-07-09 15:51:02 - [MESSAGE][PASSED] - Text of object 'Object Repository/APOLLO- Desktop/Collection page/Filter/Filtered count' is: '1'

2019-07-09 15:51:02 - [TEST_STEP][PASSED] - delay(2): Delayed 2 second(s)

2019-07-09 15:51:04 - [MESSAGE][PASSED] - Delayed 2 second(s)

2019-07-09 15:51:04 - [TEST_STEP][PASSED] - comment("a=" + a): a=1

2019-07-09 15:51:04 - [MESSAGE][INFO] - a=1

2019-07-09 15:51:04 - [TEST_STEP][PASSED] - b = 0: null

2019-07-09 15:51:04 - [TEST_STEP][PASSED] - verifyNotEqual("a", "b"): Actual object 'a' and expected object 'b' are not equal

2019-07-09 15:51:04 - [MESSAGE][PASSED] - Actual object 'a' and expected object 'b' are not equal

2019-07-09 15:51:04 - [TEST_STEP][PASSED] - delay(2): Delayed 2 second(s)

2019-07-09 15:51:06 - [MESSAGE][PASSED] - Delayed 2 second(s)

2019-07-09 15:51:06 - [TEST_STEP][PASSED] - click(findTestObject("APOLLO- Desktop/Collection page/Filter/Filter dropdown")): Object: 'Object Repository/APOLLO- Desktop/Collection page/Filter/Filter dropdown' is clicked on

2019-07-09 15:51:06 - [MESSAGE][PASSED] - Object: 'Object Repository/APOLLO- Desktop/Collection page/Filter/Filter dropdown' is clicked on

2019-07-09 15:51:06 - [TEST_STEP][PASSED] - delay(2): Delayed 2 second(s)

2019-07-09 15:51:08 - [MESSAGE][PASSED] - Delayed 2 second(s)

2019-07-09 15:51:08 - [TEST_STEP][PASSED] - click(findTestObject("APOLLO- Desktop/Collection page/Filter/Sides")): Object: 'Object Repository/APOLLO- Desktop/Collection page/Filter/Sides' is clicked on

2019-07-09 15:51:08 - [MESSAGE][PASSED] - Object: 'Object Repository/APOLLO- Desktop/Collection page/Filter/Sides' is clicked on

2019-07-09 15:51:08 - [TEST_STEP][PASSED] - delay(2): Delayed 2 second(s)

2019-07-09 15:51:10 - [MESSAGE][PASSED] - Delayed 2 second(s)

2019-07-09 15:51:10 - [TEST_STEP][PASSED] - click(findTestObject("APOLLO- Desktop/Collection page/Filter/Filter dropdown")): Object: 'Object Repository/APOLLO- Desktop/Collection page/Filter/Filter dropdown' is clicked on

2019-07-09 15:51:10 - [MESSAGE][PASSED] - Object: 'Object Repository/APOLLO- Desktop/Collection page/Filter/Filter dropdown' is clicked on

2019-07-09 15:51:10 - [TEST_STEP][PASSED] - delay(2): Delayed 2 second(s)

2019-07-09 15:51:12 - [MESSAGE][PASSED] - Delayed 2 second(s)

2019-07-09 15:51:12 - [TEST_STEP][PASSED] - a4 = getText(findTestObject("APOLLO- Desktop/Collection page/Filter/Filtered count")): Text of object 'Object Repository/APOLLO- Desktop/Collection page/Filter/Filtered count' is: '6'

2019-07-09 15:51:12 - [MESSAGE][PASSED] - Text of object 'Object Repository/APOLLO- Desktop/Collection page/Filter/Filtered count' is: '6'

2019-07-09 15:51:12 - [TEST_STEP][PASSED] - comment("a4=" + a4): a4=6

2019-07-09 15:51:12 - [MESSAGE][INFO] - a4=6

2019-07-09 15:51:12 - [TEST_STEP][PASSED] - verifyNotEqual("a4", "b"): Actual object 'a4' and expected object 'b' are not equal

2019-07-09 15:51:12 - [MESSAGE][PASSED] - Actual object 'a4' and expected object 'b' are not equal

2019-07-09 15:51:12 - [TEST_STEP][PASSED] - delay(4): Delayed 4 second(s)

2019-07-09 15:51:16 - [MESSAGE][PASSED] - Delayed 4 second(s)

2019-07-09 15:51:16 - [TEST_STEP][PASSED] - delay(2): Delayed 2 second(s)

2019-07-09 15:51:18 - [MESSAGE][PASSED] - Delayed 2 second(s)

2019-07-09 15:51:18 - [TEST_STEP][PASSED] - click(findTestObject("APOLLO- Desktop/Collection page/Filter/a_Clear all filters")): Object: 'Object Repository/APOLLO- Desktop/Collection page/Filter/a_Clear all filters' is clicked on

2019-07-09 15:51:19 - [MESSAGE][PASSED] - Object: 'Object Repository/APOLLO- Desktop/Collection page/Filter/a_Clear all filters' is clicked on

2019-07-09 15:51:19 - [TEST_STEP][PASSED] - delay(2): Delayed 2 second(s)

2019-07-09 15:51:21 - [MESSAGE][PASSED] - Delayed 2 second(s)

2019-07-09 15:51:21 - [TEST_STEP][PASSED] - a12 = getText(findTestObject("APOLLO- Desktop/Collection page/Filter/Filtered count")): Text of object 'Object Repository/APOLLO- Desktop/Collection page/Filter/Filtered count' is: '6'

2019-07-09 15:51:21 - [MESSAGE][PASSED] - Text of object 'Object Repository/APOLLO- Desktop/Collection page/Filter/Filtered count' is: '6'

2019-07-09 15:51:21 - [TEST_STEP][PASSED] - delay(2): Delayed 2 second(s)

2019-07-09 15:51:23 - [MESSAGE][PASSED] - Delayed 2 second(s)

2019-07-09 15:51:23 - [TEST_STEP][PASSED] - comment("a12=" + a12): a12=6

2019-07-09 15:51:23 - [MESSAGE][INFO] - a12=6

2019-07-09 15:51:23 - [TEST_STEP][PASSED] - verifyNotEqual("a12", "b"): Actual object 'a12' and expected object 'b' are not equal

2019-07-09 15:51:23 - [MESSAGE][PASSED] - Actual object 'a12' and expected object 'b' are not equal]]></system-out>
         <system-err><![CDATA[]]></system-err>
      </testcase>
      <testcase name="Test Cases/HOME PAGE/Welcome to ur store and gettting hungry" classname="Test Cases/HOME PAGE/Welcome to ur store and gettting hungry" status="PASSED">
         <system-out><![CDATA[2019-07-09 15:51:23 - [TEST_CASE][PASSED] - Test Cases/HOME PAGE/Welcome to ur store and gettting hungry: Test Cases/HOME PAGE/Welcome to ur store and gettting hungry

2019-07-09 15:51:23 - [TEST_STEP][PASSED] - callTestCase(findTestCase("CALL - URL"), [:], STOP_ON_FAILURE): Call Test Case 'Test Cases/CALL - URL' successfully

2019-07-09 15:51:23 - [TEST_CASE][PASSED] - Test Cases/CALL - URL: Test Cases/CALL - URL

2019-07-09 15:51:23 - [TEST_STEP][PASSED] - openBrowser(""): Browser is opened with url: ''

2019-07-09 15:51:23 - [MESSAGE][WARNING] - A browser is already opened. Closing browser and opening a new one

2019-07-09 15:51:23 - [MESSAGE][INFO] - Starting 'Firefox' driver

2019-07-09 15:51:26 - [MESSAGE][PASSED] - Browser is opened with url: ''

2019-07-09 15:51:26 - [TEST_STEP][PASSED] - navigateToUrl("https://apollo-fireball.myshopify.com/?_ab=0&_fd=0&_sc=1&key=96c2edace7b9967f3a77c2e2b131937136039831e9ec35f31598610005fa8795&preview_theme_id=46803124304"): Navigate to 'https://apollo-fireball.myshopify.com/?_ab=0&_fd=0&_sc=1&key=96c2edace7b9967f3a77c2e2b131937136039831e9ec35f31598610005fa8795&preview_theme_id=46803124304' successfully

2019-07-09 15:51:33 - [MESSAGE][PASSED] - Navigate to 'https://apollo-fireball.myshopify.com/?_ab=0&_fd=0&_sc=1&key=96c2edace7b9967f3a77c2e2b131937136039831e9ec35f31598610005fa8795&preview_theme_id=46803124304' successfully

2019-07-09 15:51:33 - [TEST_STEP][PASSED] - executeJavaScript("var previewBar = document.getElementById("preview-bar-iframe"); previewBar.style.display = "none";", []): Execute JavaScript 'var previewBar = document.getElementById("preview-bar-iframe"); previewBar.style.display = "none";' successfully

2019-07-09 15:51:33 - [MESSAGE][PASSED] - Execute JavaScript 'var previewBar = document.getElementById("preview-bar-iframe"); previewBar.style.display = "none";' successfully

2019-07-09 15:51:33 - [TEST_STEP][PASSED] - maximizeWindow(): Current window maximized

2019-07-09 15:51:34 - [MESSAGE][PASSED] - Current window maximized

2019-07-09 15:51:34 - [MESSAGE][PASSED] - Call Test Case 'Test Cases/CALL - URL' successfully

2019-07-09 15:51:34 - [TEST_STEP][PASSED] - delay(2): Delayed 2 second(s)

2019-07-09 15:51:36 - [MESSAGE][PASSED] - Delayed 2 second(s)

2019-07-09 15:51:36 - [TEST_STEP][PASSED] - scrollToElement(findTestObject("APOLLO- Desktop/Home page/Welcome to our store/Welcome to ur stire"), 0): Scroll to object 'Object Repository/APOLLO- Desktop/Home page/Welcome to our store/Welcome to ur stire' successfully

2019-07-09 15:51:36 - [MESSAGE][WARNING] - Timeout '0' is invalid. Using default page load timeout: '30'

2019-07-09 15:51:36 - [MESSAGE][PASSED] - Scroll to object 'Object Repository/APOLLO- Desktop/Home page/Welcome to our store/Welcome to ur stire' successfully

2019-07-09 15:51:36 - [TEST_STEP][PASSED] - delay(2): Delayed 2 second(s)

2019-07-09 15:51:38 - [MESSAGE][PASSED] - Delayed 2 second(s)

2019-07-09 15:51:38 - [TEST_STEP][PASSED] - click(findTestObject("APOLLO- Desktop/Home page/Welcome to our store/About Us")): Object: 'Object Repository/APOLLO- Desktop/Home page/Welcome to our store/About Us' is clicked on

2019-07-09 15:51:40 - [MESSAGE][PASSED] - Object: 'Object Repository/APOLLO- Desktop/Home page/Welcome to our store/About Us' is clicked on

2019-07-09 15:51:40 - [TEST_STEP][PASSED] - back(): Navigate back successfully

2019-07-09 15:51:43 - [MESSAGE][PASSED] - Navigate back successfully

2019-07-09 15:51:43 - [TEST_STEP][PASSED] - executeJavaScript("var previewBar = document.getElementById("preview-bar-iframe"); previewBar.style.display = "none";", []): Execute JavaScript 'var previewBar = document.getElementById("preview-bar-iframe"); previewBar.style.display = "none";' successfully

2019-07-09 15:51:43 - [MESSAGE][PASSED] - Execute JavaScript 'var previewBar = document.getElementById("preview-bar-iframe"); previewBar.style.display = "none";' successfully

2019-07-09 15:51:43 - [TEST_STEP][PASSED] - click(findTestObject("APOLLO- Desktop/Home page/Welcome to our store/Shop collection")): Object: 'Object Repository/APOLLO- Desktop/Home page/Welcome to our store/Shop collection' is clicked on

2019-07-09 15:51:48 - [MESSAGE][PASSED] - Object: 'Object Repository/APOLLO- Desktop/Home page/Welcome to our store/Shop collection' is clicked on

2019-07-09 15:51:48 - [TEST_STEP][PASSED] - back(): Navigate back successfully

2019-07-09 15:51:50 - [MESSAGE][PASSED] - Navigate back successfully

2019-07-09 15:51:50 - [TEST_STEP][PASSED] - executeJavaScript("var previewBar = document.getElementById("preview-bar-iframe"); previewBar.style.display = "none";", []): Execute JavaScript 'var previewBar = document.getElementById("preview-bar-iframe"); previewBar.style.display = "none";' successfully

2019-07-09 15:51:50 - [MESSAGE][PASSED] - Execute JavaScript 'var previewBar = document.getElementById("preview-bar-iframe"); previewBar.style.display = "none";' successfully

2019-07-09 15:51:50 - [TEST_STEP][PASSED] - click(findTestObject("APOLLO- Desktop/Home page/Welcome to our store/learn more about us")): Object: 'Object Repository/APOLLO- Desktop/Home page/Welcome to our store/learn more about us' is clicked on

2019-07-09 15:51:51 - [MESSAGE][PASSED] - Object: 'Object Repository/APOLLO- Desktop/Home page/Welcome to our store/learn more about us' is clicked on

2019-07-09 15:51:51 - [TEST_STEP][PASSED] - back(): Navigate back successfully

2019-07-09 15:51:54 - [MESSAGE][PASSED] - Navigate back successfully

2019-07-09 15:51:54 - [TEST_STEP][PASSED] - executeJavaScript("var previewBar = document.getElementById("preview-bar-iframe"); previewBar.style.display = "none";", []): Execute JavaScript 'var previewBar = document.getElementById("preview-bar-iframe"); previewBar.style.display = "none";' successfully

2019-07-09 15:51:54 - [MESSAGE][PASSED] - Execute JavaScript 'var previewBar = document.getElementById("preview-bar-iframe"); previewBar.style.display = "none";' successfully

2019-07-09 15:51:54 - [TEST_STEP][PASSED] - scrollToElement(findTestObject("APOLLO- Desktop/Home page/Welcome to our store/Getting hungry"), 0): Scroll to object 'Object Repository/APOLLO- Desktop/Home page/Welcome to our store/Getting hungry' successfully

2019-07-09 15:51:54 - [MESSAGE][WARNING] - Timeout '0' is invalid. Using default page load timeout: '30'

2019-07-09 15:51:54 - [MESSAGE][PASSED] - Scroll to object 'Object Repository/APOLLO- Desktop/Home page/Welcome to our store/Getting hungry' successfully

2019-07-09 15:51:54 - [TEST_STEP][PASSED] - delay(2): Delayed 2 second(s)

2019-07-09 15:51:56 - [MESSAGE][PASSED] - Delayed 2 second(s)

2019-07-09 15:51:56 - [TEST_STEP][PASSED] - click(findTestObject("APOLLO- Desktop/Home page/Welcome to our store/COntact us")): Object: 'Object Repository/APOLLO- Desktop/Home page/Welcome to our store/COntact us' is clicked on

2019-07-09 15:51:57 - [MESSAGE][PASSED] - Object: 'Object Repository/APOLLO- Desktop/Home page/Welcome to our store/COntact us' is clicked on]]></system-out>
         <system-err><![CDATA[]]></system-err>
      </testcase>
      <testcase name="Test Cases/HOME PAGE/Hero banner - CTA" classname="Test Cases/HOME PAGE/Hero banner - CTA" status="PASSED">
         <system-out><![CDATA[2019-07-09 15:51:57 - [TEST_CASE][PASSED] - Test Cases/HOME PAGE/Hero banner - CTA: Test Cases/HOME PAGE/Hero banner - CTA

2019-07-09 15:51:57 - [TEST_STEP][PASSED] - callTestCase(findTestCase("CALL - URL"), [:], STOP_ON_FAILURE): Call Test Case 'Test Cases/CALL - URL' successfully

2019-07-09 15:51:57 - [TEST_CASE][PASSED] - Test Cases/CALL - URL: Test Cases/CALL - URL

2019-07-09 15:51:57 - [TEST_STEP][PASSED] - openBrowser(""): Browser is opened with url: ''

2019-07-09 15:51:57 - [MESSAGE][WARNING] - A browser is already opened. Closing browser and opening a new one

2019-07-09 15:51:58 - [MESSAGE][INFO] - Starting 'Firefox' driver

2019-07-09 15:52:00 - [MESSAGE][PASSED] - Browser is opened with url: ''

2019-07-09 15:52:00 - [TEST_STEP][PASSED] - navigateToUrl("https://apollo-fireball.myshopify.com/?_ab=0&_fd=0&_sc=1&key=96c2edace7b9967f3a77c2e2b131937136039831e9ec35f31598610005fa8795&preview_theme_id=46803124304"): Navigate to 'https://apollo-fireball.myshopify.com/?_ab=0&_fd=0&_sc=1&key=96c2edace7b9967f3a77c2e2b131937136039831e9ec35f31598610005fa8795&preview_theme_id=46803124304' successfully

2019-07-09 15:52:07 - [MESSAGE][PASSED] - Navigate to 'https://apollo-fireball.myshopify.com/?_ab=0&_fd=0&_sc=1&key=96c2edace7b9967f3a77c2e2b131937136039831e9ec35f31598610005fa8795&preview_theme_id=46803124304' successfully

2019-07-09 15:52:07 - [TEST_STEP][PASSED] - executeJavaScript("var previewBar = document.getElementById("preview-bar-iframe"); previewBar.style.display = "none";", []): Execute JavaScript 'var previewBar = document.getElementById("preview-bar-iframe"); previewBar.style.display = "none";' successfully

2019-07-09 15:52:07 - [MESSAGE][PASSED] - Execute JavaScript 'var previewBar = document.getElementById("preview-bar-iframe"); previewBar.style.display = "none";' successfully

2019-07-09 15:52:07 - [TEST_STEP][PASSED] - maximizeWindow(): Current window maximized

2019-07-09 15:52:08 - [MESSAGE][PASSED] - Current window maximized

2019-07-09 15:52:08 - [MESSAGE][PASSED] - Call Test Case 'Test Cases/CALL - URL' successfully

2019-07-09 15:52:08 - [TEST_STEP][PASSED] - delay(2): Delayed 2 second(s)

2019-07-09 15:52:10 - [MESSAGE][PASSED] - Delayed 2 second(s)

2019-07-09 15:52:10 - [TEST_STEP][PASSED] - click(findTestObject("APOLLO- Desktop/Home page/Hero banner - CTA/First slick slide")): Object: 'Object Repository/APOLLO- Desktop/Home page/Hero banner - CTA/First slick slide' is clicked on

2019-07-09 15:52:10 - [MESSAGE][PASSED] - Object: 'Object Repository/APOLLO- Desktop/Home page/Hero banner - CTA/First slick slide' is clicked on

2019-07-09 15:52:10 - [TEST_STEP][PASSED] - delay(2): Delayed 2 second(s)

2019-07-09 15:52:12 - [MESSAGE][PASSED] - Delayed 2 second(s)

2019-07-09 15:52:12 - [TEST_STEP][PASSED] - click(findTestObject("APOLLO- Desktop/Home page/Hero banner - CTA/Shop healthy meals")): Object: 'Object Repository/APOLLO- Desktop/Home page/Hero banner - CTA/Shop healthy meals' is clicked on

2019-07-09 15:52:15 - [MESSAGE][PASSED] - Object: 'Object Repository/APOLLO- Desktop/Home page/Hero banner - CTA/Shop healthy meals' is clicked on

2019-07-09 15:52:15 - [TEST_STEP][PASSED] - delay(2): Delayed 2 second(s)

2019-07-09 15:52:17 - [MESSAGE][PASSED] - Delayed 2 second(s)

2019-07-09 15:52:17 - [TEST_STEP][PASSED] - click(findTestObject("APOLLO- Desktop/Home page/Hero banner - CTA/Apollo icon")): Object: 'Object Repository/APOLLO- Desktop/Home page/Hero banner - CTA/Apollo icon' is clicked on

2019-07-09 15:52:19 - [MESSAGE][PASSED] - Object: 'Object Repository/APOLLO- Desktop/Home page/Hero banner - CTA/Apollo icon' is clicked on

2019-07-09 15:52:19 - [TEST_STEP][PASSED] - delay(2): Delayed 2 second(s)

2019-07-09 15:52:21 - [MESSAGE][PASSED] - Delayed 2 second(s)

2019-07-09 15:52:21 - [TEST_STEP][PASSED] - click(findTestObject("APOLLO- Desktop/Home page/Hero banner - CTA/second slick slide")): Object: 'Object Repository/APOLLO- Desktop/Home page/Hero banner - CTA/second slick slide' is clicked on

2019-07-09 15:52:21 - [MESSAGE][PASSED] - Object: 'Object Repository/APOLLO- Desktop/Home page/Hero banner - CTA/second slick slide' is clicked on

2019-07-09 15:52:21 - [TEST_STEP][PASSED] - delay(2): Delayed 2 second(s)

2019-07-09 15:52:23 - [MESSAGE][PASSED] - Delayed 2 second(s)

2019-07-09 15:52:23 - [TEST_STEP][PASSED] - click(findTestObject("APOLLO- Desktop/Home page/Hero banner - CTA/Shop sides")): Object: 'Object Repository/APOLLO- Desktop/Home page/Hero banner - CTA/Shop sides' is clicked on

2019-07-09 15:52:27 - [MESSAGE][PASSED] - Object: 'Object Repository/APOLLO- Desktop/Home page/Hero banner - CTA/Shop sides' is clicked on

2019-07-09 15:52:27 - [TEST_STEP][PASSED] - delay(2): Delayed 2 second(s)

2019-07-09 15:52:29 - [MESSAGE][PASSED] - Delayed 2 second(s)

2019-07-09 15:52:29 - [TEST_STEP][PASSED] - click(findTestObject("APOLLO- Desktop/Home page/Hero banner - CTA/Apollo icon")): Object: 'Object Repository/APOLLO- Desktop/Home page/Hero banner - CTA/Apollo icon' is clicked on

2019-07-09 15:52:31 - [MESSAGE][PASSED] - Object: 'Object Repository/APOLLO- Desktop/Home page/Hero banner - CTA/Apollo icon' is clicked on

2019-07-09 15:52:32 - [TEST_STEP][PASSED] - delay(2): Delayed 2 second(s)

2019-07-09 15:52:34 - [MESSAGE][PASSED] - Delayed 2 second(s)

2019-07-09 15:52:34 - [TEST_STEP][PASSED] - click(findTestObject("APOLLO- Desktop/Home page/Hero banner - CTA/First slick slide")): Object: 'Object Repository/APOLLO- Desktop/Home page/Hero banner - CTA/First slick slide' is clicked on

2019-07-09 15:52:34 - [MESSAGE][PASSED] - Object: 'Object Repository/APOLLO- Desktop/Home page/Hero banner - CTA/First slick slide' is clicked on

2019-07-09 15:52:34 - [TEST_STEP][PASSED] - delay(2): Delayed 2 second(s)

2019-07-09 15:52:36 - [MESSAGE][PASSED] - Delayed 2 second(s)

2019-07-09 15:52:36 - [TEST_STEP][PASSED] - mouseOver(findTestObject("APOLLO- Desktop/Home page/Hero banner - CTA/Next button chevron")): Object: 'Object Repository/APOLLO- Desktop/Home page/Hero banner - CTA/Next button chevron' is hovered

2019-07-09 15:52:36 - [MESSAGE][PASSED] - Object: 'Object Repository/APOLLO- Desktop/Home page/Hero banner - CTA/Next button chevron' is hovered

2019-07-09 15:52:36 - [TEST_STEP][PASSED] - delay(2): Delayed 2 second(s)

2019-07-09 15:52:38 - [MESSAGE][PASSED] - Delayed 2 second(s)

2019-07-09 15:52:38 - [TEST_STEP][PASSED] - click(findTestObject("APOLLO- Desktop/Home page/Hero banner - CTA/Next button chevron")): Object: 'Object Repository/APOLLO- Desktop/Home page/Hero banner - CTA/Next button chevron' is clicked on

2019-07-09 15:52:38 - [MESSAGE][PASSED] - Object: 'Object Repository/APOLLO- Desktop/Home page/Hero banner - CTA/Next button chevron' is clicked on

2019-07-09 15:52:38 - [TEST_STEP][PASSED] - delay(2): Delayed 2 second(s)

2019-07-09 15:52:40 - [MESSAGE][PASSED] - Delayed 2 second(s)

2019-07-09 15:52:40 - [TEST_STEP][PASSED] - click(findTestObject("APOLLO- Desktop/Home page/Hero banner - CTA/Previous button chevron")): Object: 'Object Repository/APOLLO- Desktop/Home page/Hero banner - CTA/Previous button chevron' is clicked on

2019-07-09 15:52:40 - [MESSAGE][PASSED] - Object: 'Object Repository/APOLLO- Desktop/Home page/Hero banner - CTA/Previous button chevron' is clicked on

2019-07-09 15:52:40 - [TEST_STEP][PASSED] - delay(2): Delayed 2 second(s)

2019-07-09 15:52:42 - [MESSAGE][PASSED] - Delayed 2 second(s)

2019-07-09 15:52:42 - [TEST_STEP][PASSED] - click(findTestObject("APOLLO- Desktop/Home page/Hero banner - CTA/button_Next section")): Object: 'Object Repository/APOLLO- Desktop/Home page/Hero banner - CTA/button_Next section' is clicked on

2019-07-09 15:52:43 - [MESSAGE][PASSED] - Object: 'Object Repository/APOLLO- Desktop/Home page/Hero banner - CTA/button_Next section' is clicked on

2019-07-09 15:52:43 - [TEST_STEP][PASSED] - delay(2): Delayed 2 second(s)

2019-07-09 15:52:45 - [MESSAGE][PASSED] - Delayed 2 second(s)

2019-07-09 15:52:45 - [TEST_STEP][PASSED] - verifyTextPresent("Chicken Wings", false): Text 'Chicken Wings' is present on page 

2019-07-09 15:52:46 - [MESSAGE][PASSED] - Text 'Chicken Wings' is present on page]]></system-out>
         <system-err><![CDATA[]]></system-err>
      </testcase>
      <testcase name="Test Cases/HOME PAGE/Burger menu - navigation links" classname="Test Cases/HOME PAGE/Burger menu - navigation links" status="PASSED">
         <system-out><![CDATA[2019-07-09 15:52:46 - [TEST_CASE][PASSED] - Test Cases/HOME PAGE/Burger menu - navigation links: Test Cases/HOME PAGE/Burger menu - navigation links

2019-07-09 15:52:46 - [TEST_STEP][PASSED] - callTestCase(findTestCase("CALL - URL"), [:], STOP_ON_FAILURE): Call Test Case 'Test Cases/CALL - URL' successfully

2019-07-09 15:52:46 - [TEST_CASE][PASSED] - Test Cases/CALL - URL: Test Cases/CALL - URL

2019-07-09 15:52:46 - [TEST_STEP][PASSED] - openBrowser(""): Browser is opened with url: ''

2019-07-09 15:52:46 - [MESSAGE][WARNING] - A browser is already opened. Closing browser and opening a new one

2019-07-09 15:52:47 - [MESSAGE][INFO] - Starting 'Firefox' driver

2019-07-09 15:52:49 - [MESSAGE][PASSED] - Browser is opened with url: ''

2019-07-09 15:52:49 - [TEST_STEP][PASSED] - navigateToUrl("https://apollo-fireball.myshopify.com/?_ab=0&_fd=0&_sc=1&key=96c2edace7b9967f3a77c2e2b131937136039831e9ec35f31598610005fa8795&preview_theme_id=46803124304"): Navigate to 'https://apollo-fireball.myshopify.com/?_ab=0&_fd=0&_sc=1&key=96c2edace7b9967f3a77c2e2b131937136039831e9ec35f31598610005fa8795&preview_theme_id=46803124304' successfully

2019-07-09 15:52:58 - [MESSAGE][PASSED] - Navigate to 'https://apollo-fireball.myshopify.com/?_ab=0&_fd=0&_sc=1&key=96c2edace7b9967f3a77c2e2b131937136039831e9ec35f31598610005fa8795&preview_theme_id=46803124304' successfully

2019-07-09 15:52:58 - [TEST_STEP][PASSED] - executeJavaScript("var previewBar = document.getElementById("preview-bar-iframe"); previewBar.style.display = "none";", []): Execute JavaScript 'var previewBar = document.getElementById("preview-bar-iframe"); previewBar.style.display = "none";' successfully

2019-07-09 15:52:58 - [MESSAGE][PASSED] - Execute JavaScript 'var previewBar = document.getElementById("preview-bar-iframe"); previewBar.style.display = "none";' successfully

2019-07-09 15:52:58 - [TEST_STEP][PASSED] - maximizeWindow(): Current window maximized

2019-07-09 15:52:59 - [MESSAGE][PASSED] - Current window maximized

2019-07-09 15:52:59 - [MESSAGE][PASSED] - Call Test Case 'Test Cases/CALL - URL' successfully

2019-07-09 15:52:59 - [TEST_STEP][PASSED] - delay(2): Delayed 2 second(s)

2019-07-09 15:53:01 - [MESSAGE][PASSED] - Delayed 2 second(s)

2019-07-09 15:53:01 - [TEST_STEP][PASSED] - click(findTestObject("APOLLO- Desktop/Burger Menu/Burgermenu")): Object: 'Object Repository/APOLLO- Desktop/Burger Menu/Burgermenu' is clicked on

2019-07-09 15:53:01 - [MESSAGE][PASSED] - Object: 'Object Repository/APOLLO- Desktop/Burger Menu/Burgermenu' is clicked on

2019-07-09 15:53:01 - [TEST_STEP][PASSED] - delay(2): Delayed 2 second(s)

2019-07-09 15:53:03 - [MESSAGE][PASSED] - Delayed 2 second(s)

2019-07-09 15:53:03 - [TEST_STEP][PASSED] - click(findTestObject("APOLLO- Desktop/Burger Menu/Shop food")): Object: 'Object Repository/APOLLO- Desktop/Burger Menu/Shop food' is clicked on

2019-07-09 15:53:03 - [MESSAGE][PASSED] - Object: 'Object Repository/APOLLO- Desktop/Burger Menu/Shop food' is clicked on

2019-07-09 15:53:03 - [TEST_STEP][PASSED] - delay(2): Delayed 2 second(s)

2019-07-09 15:53:05 - [MESSAGE][PASSED] - Delayed 2 second(s)

2019-07-09 15:53:05 - [TEST_STEP][PASSED] - click(findTestObject("APOLLO- Desktop/Burger Menu/Beef")): Object: 'Object Repository/APOLLO- Desktop/Burger Menu/Beef' is clicked on

2019-07-09 15:53:10 - [MESSAGE][PASSED] - Object: 'Object Repository/APOLLO- Desktop/Burger Menu/Beef' is clicked on

2019-07-09 15:53:10 - [TEST_STEP][PASSED] - delay(2): Delayed 2 second(s)

2019-07-09 15:53:12 - [MESSAGE][PASSED] - Delayed 2 second(s)

2019-07-09 15:53:12 - [TEST_STEP][PASSED] - delay(2): Delayed 2 second(s)

2019-07-09 15:53:14 - [MESSAGE][PASSED] - Delayed 2 second(s)

2019-07-09 15:53:14 - [TEST_STEP][PASSED] - click(findTestObject("APOLLO- Desktop/Burger Menu/Burgermenu")): Object: 'Object Repository/APOLLO- Desktop/Burger Menu/Burgermenu' is clicked on

2019-07-09 15:53:14 - [MESSAGE][PASSED] - Object: 'Object Repository/APOLLO- Desktop/Burger Menu/Burgermenu' is clicked on

2019-07-09 15:53:14 - [TEST_STEP][PASSED] - delay(2): Delayed 2 second(s)

2019-07-09 15:53:16 - [MESSAGE][PASSED] - Delayed 2 second(s)

2019-07-09 15:53:16 - [TEST_STEP][PASSED] - click(findTestObject("APOLLO- Desktop/Burger Menu/Shop food")): Object: 'Object Repository/APOLLO- Desktop/Burger Menu/Shop food' is clicked on

2019-07-09 15:53:16 - [MESSAGE][PASSED] - Object: 'Object Repository/APOLLO- Desktop/Burger Menu/Shop food' is clicked on

2019-07-09 15:53:16 - [TEST_STEP][PASSED] - delay(2): Delayed 2 second(s)

2019-07-09 15:53:18 - [MESSAGE][PASSED] - Delayed 2 second(s)

2019-07-09 15:53:18 - [TEST_STEP][PASSED] - click(findTestObject("APOLLO- Desktop/Burger Menu/Chicken")): Object: 'Object Repository/APOLLO- Desktop/Burger Menu/Chicken' is clicked on

2019-07-09 15:53:21 - [MESSAGE][PASSED] - Object: 'Object Repository/APOLLO- Desktop/Burger Menu/Chicken' is clicked on

2019-07-09 15:53:21 - [TEST_STEP][PASSED] - delay(2): Delayed 2 second(s)

2019-07-09 15:53:23 - [MESSAGE][PASSED] - Delayed 2 second(s)

2019-07-09 15:53:23 - [TEST_STEP][PASSED] - delay(2): Delayed 2 second(s)

2019-07-09 15:53:25 - [MESSAGE][PASSED] - Delayed 2 second(s)

2019-07-09 15:53:25 - [TEST_STEP][PASSED] - click(findTestObject("APOLLO- Desktop/Burger Menu/Burgermenu")): Object: 'Object Repository/APOLLO- Desktop/Burger Menu/Burgermenu' is clicked on

2019-07-09 15:53:25 - [MESSAGE][PASSED] - Object: 'Object Repository/APOLLO- Desktop/Burger Menu/Burgermenu' is clicked on

2019-07-09 15:53:25 - [TEST_STEP][PASSED] - delay(2): Delayed 2 second(s)

2019-07-09 15:53:27 - [MESSAGE][PASSED] - Delayed 2 second(s)

2019-07-09 15:53:27 - [TEST_STEP][PASSED] - click(findTestObject("APOLLO- Desktop/Burger Menu/Shop food")): Object: 'Object Repository/APOLLO- Desktop/Burger Menu/Shop food' is clicked on

2019-07-09 15:53:28 - [MESSAGE][PASSED] - Object: 'Object Repository/APOLLO- Desktop/Burger Menu/Shop food' is clicked on

2019-07-09 15:53:28 - [TEST_STEP][PASSED] - delay(2): Delayed 2 second(s)

2019-07-09 15:53:30 - [MESSAGE][PASSED] - Delayed 2 second(s)

2019-07-09 15:53:30 - [TEST_STEP][PASSED] - click(findTestObject("APOLLO- Desktop/Burger Menu/Pork")): Object: 'Object Repository/APOLLO- Desktop/Burger Menu/Pork' is clicked on

2019-07-09 15:53:35 - [MESSAGE][PASSED] - Object: 'Object Repository/APOLLO- Desktop/Burger Menu/Pork' is clicked on

2019-07-09 15:53:35 - [TEST_STEP][PASSED] - delay(2): Delayed 2 second(s)

2019-07-09 15:53:37 - [MESSAGE][PASSED] - Delayed 2 second(s)

2019-07-09 15:53:37 - [TEST_STEP][PASSED] - delay(2): Delayed 2 second(s)

2019-07-09 15:53:39 - [MESSAGE][PASSED] - Delayed 2 second(s)

2019-07-09 15:53:39 - [TEST_STEP][PASSED] - click(findTestObject("APOLLO- Desktop/Burger Menu/Burgermenu")): Object: 'Object Repository/APOLLO- Desktop/Burger Menu/Burgermenu' is clicked on

2019-07-09 15:53:39 - [MESSAGE][PASSED] - Object: 'Object Repository/APOLLO- Desktop/Burger Menu/Burgermenu' is clicked on

2019-07-09 15:53:39 - [TEST_STEP][PASSED] - delay(2): Delayed 2 second(s)

2019-07-09 15:53:41 - [MESSAGE][PASSED] - Delayed 2 second(s)

2019-07-09 15:53:41 - [TEST_STEP][PASSED] - click(findTestObject("APOLLO- Desktop/Burger Menu/Shop food")): Object: 'Object Repository/APOLLO- Desktop/Burger Menu/Shop food' is clicked on

2019-07-09 15:53:42 - [MESSAGE][PASSED] - Object: 'Object Repository/APOLLO- Desktop/Burger Menu/Shop food' is clicked on

2019-07-09 15:53:42 - [TEST_STEP][PASSED] - delay(2): Delayed 2 second(s)

2019-07-09 15:53:44 - [MESSAGE][PASSED] - Delayed 2 second(s)

2019-07-09 15:53:44 - [TEST_STEP][PASSED] - click(findTestObject("APOLLO- Desktop/Burger Menu/lamb")): Object: 'Object Repository/APOLLO- Desktop/Burger Menu/lamb' is clicked on

2019-07-09 15:53:47 - [MESSAGE][PASSED] - Object: 'Object Repository/APOLLO- Desktop/Burger Menu/lamb' is clicked on

2019-07-09 15:53:47 - [TEST_STEP][PASSED] - delay(2): Delayed 2 second(s)

2019-07-09 15:53:49 - [MESSAGE][PASSED] - Delayed 2 second(s)

2019-07-09 15:53:49 - [TEST_STEP][PASSED] - delay(2): Delayed 2 second(s)

2019-07-09 15:53:51 - [MESSAGE][PASSED] - Delayed 2 second(s)

2019-07-09 15:53:51 - [TEST_STEP][PASSED] - click(findTestObject("APOLLO- Desktop/Burger Menu/Burgermenu")): Object: 'Object Repository/APOLLO- Desktop/Burger Menu/Burgermenu' is clicked on

2019-07-09 15:53:51 - [MESSAGE][PASSED] - Object: 'Object Repository/APOLLO- Desktop/Burger Menu/Burgermenu' is clicked on

2019-07-09 15:53:51 - [TEST_STEP][PASSED] - delay(2): Delayed 2 second(s)

2019-07-09 15:53:53 - [MESSAGE][PASSED] - Delayed 2 second(s)

2019-07-09 15:53:53 - [TEST_STEP][PASSED] - click(findTestObject("APOLLO- Desktop/Burger Menu/Shop food")): Object: 'Object Repository/APOLLO- Desktop/Burger Menu/Shop food' is clicked on

2019-07-09 15:53:53 - [MESSAGE][PASSED] - Object: 'Object Repository/APOLLO- Desktop/Burger Menu/Shop food' is clicked on

2019-07-09 15:53:53 - [TEST_STEP][PASSED] - delay(2): Delayed 2 second(s)

2019-07-09 15:53:55 - [MESSAGE][PASSED] - Delayed 2 second(s)

2019-07-09 15:53:55 - [TEST_STEP][PASSED] - click(findTestObject("APOLLO- Desktop/Burger Menu/Sides")): Object: 'Object Repository/APOLLO- Desktop/Burger Menu/Sides' is clicked on

2019-07-09 15:53:58 - [MESSAGE][PASSED] - Object: 'Object Repository/APOLLO- Desktop/Burger Menu/Sides' is clicked on

2019-07-09 15:53:58 - [TEST_STEP][PASSED] - delay(2): Delayed 2 second(s)

2019-07-09 15:54:00 - [MESSAGE][PASSED] - Delayed 2 second(s)

2019-07-09 15:54:00 - [TEST_STEP][PASSED] - delay(2): Delayed 2 second(s)

2019-07-09 15:54:02 - [MESSAGE][PASSED] - Delayed 2 second(s)

2019-07-09 15:54:02 - [TEST_STEP][PASSED] - click(findTestObject("APOLLO- Desktop/Burger Menu/Burgermenu")): Object: 'Object Repository/APOLLO- Desktop/Burger Menu/Burgermenu' is clicked on

2019-07-09 15:54:02 - [MESSAGE][PASSED] - Object: 'Object Repository/APOLLO- Desktop/Burger Menu/Burgermenu' is clicked on

2019-07-09 15:54:02 - [TEST_STEP][PASSED] - delay(2): Delayed 2 second(s)

2019-07-09 15:54:04 - [MESSAGE][PASSED] - Delayed 2 second(s)

2019-07-09 15:54:04 - [TEST_STEP][PASSED] - click(findTestObject("APOLLO- Desktop/Burger Menu/Shop food")): Object: 'Object Repository/APOLLO- Desktop/Burger Menu/Shop food' is clicked on

2019-07-09 15:54:04 - [MESSAGE][PASSED] - Object: 'Object Repository/APOLLO- Desktop/Burger Menu/Shop food' is clicked on

2019-07-09 15:54:04 - [TEST_STEP][PASSED] - delay(2): Delayed 2 second(s)

2019-07-09 15:54:06 - [MESSAGE][PASSED] - Delayed 2 second(s)

2019-07-09 15:54:06 - [TEST_STEP][PASSED] - click(findTestObject("APOLLO- Desktop/Burger Menu/Burger menu - Shop All")): Object: 'Object Repository/APOLLO- Desktop/Burger Menu/Burger menu - Shop All' is clicked on

2019-07-09 15:54:12 - [MESSAGE][PASSED] - Object: 'Object Repository/APOLLO- Desktop/Burger Menu/Burger menu - Shop All' is clicked on

2019-07-09 15:54:12 - [TEST_STEP][PASSED] - delay(2): Delayed 2 second(s)

2019-07-09 15:54:14 - [MESSAGE][PASSED] - Delayed 2 second(s)

2019-07-09 15:54:14 - [TEST_STEP][PASSED] - delay(2): Delayed 2 second(s)

2019-07-09 15:54:16 - [MESSAGE][PASSED] - Delayed 2 second(s)

2019-07-09 15:54:16 - [TEST_STEP][PASSED] - click(findTestObject("APOLLO- Desktop/Burger Menu/Burgermenu")): Object: 'Object Repository/APOLLO- Desktop/Burger Menu/Burgermenu' is clicked on

2019-07-09 15:54:16 - [MESSAGE][PASSED] - Object: 'Object Repository/APOLLO- Desktop/Burger Menu/Burgermenu' is clicked on

2019-07-09 15:54:16 - [TEST_STEP][PASSED] - delay(2): Delayed 2 second(s)

2019-07-09 15:54:18 - [MESSAGE][PASSED] - Delayed 2 second(s)

2019-07-09 15:54:18 - [TEST_STEP][PASSED] - click(findTestObject("APOLLO- Desktop/Burger Menu/collections")): Object: 'Object Repository/APOLLO- Desktop/Burger Menu/collections' is clicked on

2019-07-09 15:54:19 - [MESSAGE][PASSED] - Object: 'Object Repository/APOLLO- Desktop/Burger Menu/collections' is clicked on

2019-07-09 15:54:19 - [TEST_STEP][PASSED] - delay(2): Delayed 2 second(s)

2019-07-09 15:54:21 - [MESSAGE][PASSED] - Delayed 2 second(s)

2019-07-09 15:54:21 - [TEST_STEP][PASSED] - delay(2): Delayed 2 second(s)

2019-07-09 15:54:23 - [MESSAGE][PASSED] - Delayed 2 second(s)

2019-07-09 15:54:23 - [TEST_STEP][PASSED] - delay(2): Delayed 2 second(s)

2019-07-09 15:54:25 - [MESSAGE][PASSED] - Delayed 2 second(s)

2019-07-09 15:54:25 - [TEST_STEP][PASSED] - click(findTestObject("APOLLO- Desktop/Burger Menu/Burgermenu")): Object: 'Object Repository/APOLLO- Desktop/Burger Menu/Burgermenu' is clicked on

2019-07-09 15:54:26 - [MESSAGE][PASSED] - Object: 'Object Repository/APOLLO- Desktop/Burger Menu/Burgermenu' is clicked on

2019-07-09 15:54:26 - [TEST_STEP][PASSED] - delay(2): Delayed 2 second(s)

2019-07-09 15:54:28 - [MESSAGE][PASSED] - Delayed 2 second(s)

2019-07-09 15:54:28 - [TEST_STEP][PASSED] - click(findTestObject("APOLLO- Desktop/Burger Menu/About")): Object: 'Object Repository/APOLLO- Desktop/Burger Menu/About' is clicked on

2019-07-09 15:54:29 - [MESSAGE][PASSED] - Object: 'Object Repository/APOLLO- Desktop/Burger Menu/About' is clicked on

2019-07-09 15:54:29 - [TEST_STEP][PASSED] - delay(2): Delayed 2 second(s)

2019-07-09 15:54:31 - [MESSAGE][PASSED] - Delayed 2 second(s)

2019-07-09 15:54:31 - [TEST_STEP][PASSED] - delay(2): Delayed 2 second(s)

2019-07-09 15:54:33 - [MESSAGE][PASSED] - Delayed 2 second(s)

2019-07-09 15:54:33 - [TEST_STEP][PASSED] - delay(2): Delayed 2 second(s)

2019-07-09 15:54:35 - [MESSAGE][PASSED] - Delayed 2 second(s)

2019-07-09 15:54:35 - [TEST_STEP][PASSED] - click(findTestObject("APOLLO- Desktop/Burger Menu/Burgermenu")): Object: 'Object Repository/APOLLO- Desktop/Burger Menu/Burgermenu' is clicked on

2019-07-09 15:54:35 - [MESSAGE][PASSED] - Object: 'Object Repository/APOLLO- Desktop/Burger Menu/Burgermenu' is clicked on

2019-07-09 15:54:35 - [TEST_STEP][PASSED] - delay(2): Delayed 2 second(s)

2019-07-09 15:54:37 - [MESSAGE][PASSED] - Delayed 2 second(s)

2019-07-09 15:54:37 - [TEST_STEP][PASSED] - click(findTestObject("APOLLO- Desktop/Burger Menu/Blog")): Object: 'Object Repository/APOLLO- Desktop/Burger Menu/Blog' is clicked on

2019-07-09 15:54:39 - [MESSAGE][PASSED] - Object: 'Object Repository/APOLLO- Desktop/Burger Menu/Blog' is clicked on

2019-07-09 15:54:39 - [TEST_STEP][PASSED] - delay(2): Delayed 2 second(s)

2019-07-09 15:54:41 - [MESSAGE][PASSED] - Delayed 2 second(s)

2019-07-09 15:54:41 - [TEST_STEP][PASSED] - click(findTestObject("APOLLO- Desktop/Burger Menu/Burgermenu")): Object: 'Object Repository/APOLLO- Desktop/Burger Menu/Burgermenu' is clicked on

2019-07-09 15:54:41 - [MESSAGE][PASSED] - Object: 'Object Repository/APOLLO- Desktop/Burger Menu/Burgermenu' is clicked on

2019-07-09 15:54:41 - [TEST_STEP][PASSED] - delay(2): Delayed 2 second(s)

2019-07-09 15:54:43 - [MESSAGE][PASSED] - Delayed 2 second(s)

2019-07-09 15:54:43 - [TEST_STEP][PASSED] - click(findTestObject("APOLLO- Desktop/Burger Menu/Contact us")): Object: 'Object Repository/APOLLO- Desktop/Burger Menu/Contact us' is clicked on

2019-07-09 15:54:44 - [MESSAGE][PASSED] - Object: 'Object Repository/APOLLO- Desktop/Burger Menu/Contact us' is clicked on

2019-07-09 15:54:44 - [TEST_STEP][PASSED] - delay(2): Delayed 2 second(s)

2019-07-09 15:54:46 - [MESSAGE][PASSED] - Delayed 2 second(s)]]></system-out>
         <system-err><![CDATA[]]></system-err>
      </testcase>
      <testcase name="Test Cases/HOME PAGE/Featured blog posts" classname="Test Cases/HOME PAGE/Featured blog posts" status="PASSED">
         <system-out><![CDATA[2019-07-09 15:54:46 - [TEST_CASE][PASSED] - Test Cases/HOME PAGE/Featured blog posts: Test Cases/HOME PAGE/Featured blog posts

2019-07-09 15:54:46 - [TEST_STEP][PASSED] - callTestCase(findTestCase("CALL - URL"), [:], STOP_ON_FAILURE): Call Test Case 'Test Cases/CALL - URL' successfully

2019-07-09 15:54:46 - [TEST_CASE][PASSED] - Test Cases/CALL - URL: Test Cases/CALL - URL

2019-07-09 15:54:46 - [TEST_STEP][PASSED] - openBrowser(""): Browser is opened with url: ''

2019-07-09 15:54:46 - [MESSAGE][WARNING] - A browser is already opened. Closing browser and opening a new one

2019-07-09 15:54:47 - [MESSAGE][INFO] - Starting 'Firefox' driver

2019-07-09 15:54:49 - [MESSAGE][PASSED] - Browser is opened with url: ''

2019-07-09 15:54:49 - [TEST_STEP][PASSED] - navigateToUrl("https://apollo-fireball.myshopify.com/?_ab=0&_fd=0&_sc=1&key=96c2edace7b9967f3a77c2e2b131937136039831e9ec35f31598610005fa8795&preview_theme_id=46803124304"): Navigate to 'https://apollo-fireball.myshopify.com/?_ab=0&_fd=0&_sc=1&key=96c2edace7b9967f3a77c2e2b131937136039831e9ec35f31598610005fa8795&preview_theme_id=46803124304' successfully

2019-07-09 15:54:59 - [MESSAGE][PASSED] - Navigate to 'https://apollo-fireball.myshopify.com/?_ab=0&_fd=0&_sc=1&key=96c2edace7b9967f3a77c2e2b131937136039831e9ec35f31598610005fa8795&preview_theme_id=46803124304' successfully

2019-07-09 15:54:59 - [TEST_STEP][PASSED] - executeJavaScript("var previewBar = document.getElementById("preview-bar-iframe"); previewBar.style.display = "none";", []): Execute JavaScript 'var previewBar = document.getElementById("preview-bar-iframe"); previewBar.style.display = "none";' successfully

2019-07-09 15:54:59 - [MESSAGE][PASSED] - Execute JavaScript 'var previewBar = document.getElementById("preview-bar-iframe"); previewBar.style.display = "none";' successfully

2019-07-09 15:54:59 - [TEST_STEP][PASSED] - maximizeWindow(): Current window maximized

2019-07-09 15:55:00 - [MESSAGE][PASSED] - Current window maximized

2019-07-09 15:55:00 - [MESSAGE][PASSED] - Call Test Case 'Test Cases/CALL - URL' successfully

2019-07-09 15:55:00 - [TEST_STEP][PASSED] - delay(2): Delayed 2 second(s)

2019-07-09 15:55:02 - [MESSAGE][PASSED] - Delayed 2 second(s)

2019-07-09 15:55:02 - [TEST_STEP][PASSED] - scrollToElement(findTestObject("APOLLO- Desktop/Home page/Featured blog posts/Featured Blog posts"), 0): Scroll to object 'Object Repository/APOLLO- Desktop/Home page/Featured blog posts/Featured Blog posts' successfully

2019-07-09 15:55:02 - [MESSAGE][WARNING] - Timeout '0' is invalid. Using default page load timeout: '30'

2019-07-09 15:55:02 - [MESSAGE][PASSED] - Scroll to object 'Object Repository/APOLLO- Desktop/Home page/Featured blog posts/Featured Blog posts' successfully

2019-07-09 15:55:02 - [TEST_STEP][PASSED] - delay(2): Delayed 2 second(s)

2019-07-09 15:55:04 - [MESSAGE][PASSED] - Delayed 2 second(s)

2019-07-09 15:55:04 - [TEST_STEP][PASSED] - click(findTestObject("APOLLO- Desktop/Home page/Featured blog posts/second slider")): Object: 'Object Repository/APOLLO- Desktop/Home page/Featured blog posts/second slider' is clicked on

2019-07-09 15:55:04 - [MESSAGE][PASSED] - Object: 'Object Repository/APOLLO- Desktop/Home page/Featured blog posts/second slider' is clicked on

2019-07-09 15:55:04 - [TEST_STEP][PASSED] - delay(2): Delayed 2 second(s)

2019-07-09 15:55:06 - [MESSAGE][PASSED] - Delayed 2 second(s)

2019-07-09 15:55:06 - [TEST_STEP][PASSED] - click(findTestObject("APOLLO- Desktop/Home page/Featured blog posts/third slider")): Object: 'Object Repository/APOLLO- Desktop/Home page/Featured blog posts/third slider' is clicked on

2019-07-09 15:55:07 - [MESSAGE][PASSED] - Object: 'Object Repository/APOLLO- Desktop/Home page/Featured blog posts/third slider' is clicked on

2019-07-09 15:55:07 - [TEST_STEP][PASSED] - delay(2): Delayed 2 second(s)

2019-07-09 15:55:09 - [MESSAGE][PASSED] - Delayed 2 second(s)

2019-07-09 15:55:09 - [TEST_STEP][PASSED] - click(findTestObject("APOLLO- Desktop/Home page/Featured blog posts/first slider")): Object: 'Object Repository/APOLLO- Desktop/Home page/Featured blog posts/first slider' is clicked on

2019-07-09 15:55:09 - [MESSAGE][PASSED] - Object: 'Object Repository/APOLLO- Desktop/Home page/Featured blog posts/first slider' is clicked on

2019-07-09 15:55:09 - [TEST_STEP][PASSED] - delay(2): Delayed 2 second(s)

2019-07-09 15:55:11 - [MESSAGE][PASSED] - Delayed 2 second(s)

2019-07-09 15:55:11 - [TEST_STEP][PASSED] - click(findTestObject("APOLLO- Desktop/Home page/Featured blog posts/Visit Blog")): Object: 'Object Repository/APOLLO- Desktop/Home page/Featured blog posts/Visit Blog' is clicked on

2019-07-09 15:55:12 - [MESSAGE][PASSED] - Object: 'Object Repository/APOLLO- Desktop/Home page/Featured blog posts/Visit Blog' is clicked on

2019-07-09 15:55:12 - [TEST_STEP][PASSED] - delay(2): Delayed 2 second(s)

2019-07-09 15:55:14 - [MESSAGE][PASSED] - Delayed 2 second(s)

2019-07-09 15:55:14 - [TEST_STEP][PASSED] - click(findTestObject("APOLLO- Desktop/Home page/Hero banner - CTA/Apollo icon")): Object: 'Object Repository/APOLLO- Desktop/Home page/Hero banner - CTA/Apollo icon' is clicked on

2019-07-09 15:55:17 - [MESSAGE][PASSED] - Object: 'Object Repository/APOLLO- Desktop/Home page/Hero banner - CTA/Apollo icon' is clicked on

2019-07-09 15:55:17 - [TEST_STEP][PASSED] - executeJavaScript("var previewBar = document.getElementById("preview-bar-iframe"); previewBar.style.display = "none";", []): Execute JavaScript 'var previewBar = document.getElementById("preview-bar-iframe"); previewBar.style.display = "none";' successfully

2019-07-09 15:55:17 - [MESSAGE][PASSED] - Execute JavaScript 'var previewBar = document.getElementById("preview-bar-iframe"); previewBar.style.display = "none";' successfully

2019-07-09 15:55:17 - [TEST_STEP][PASSED] - delay(2): Delayed 2 second(s)

2019-07-09 15:55:19 - [MESSAGE][PASSED] - Delayed 2 second(s)

2019-07-09 15:55:19 - [TEST_STEP][PASSED] - scrollToElement(findTestObject("APOLLO- Desktop/Home page/Featured blog posts/Featured Blog posts"), 0): Scroll to object 'Object Repository/APOLLO- Desktop/Home page/Featured blog posts/Featured Blog posts' successfully

2019-07-09 15:55:19 - [MESSAGE][WARNING] - Timeout '0' is invalid. Using default page load timeout: '30'

2019-07-09 15:55:19 - [MESSAGE][PASSED] - Scroll to object 'Object Repository/APOLLO- Desktop/Home page/Featured blog posts/Featured Blog posts' successfully

2019-07-09 15:55:19 - [TEST_STEP][PASSED] - delay(2): Delayed 2 second(s)

2019-07-09 15:55:21 - [MESSAGE][PASSED] - Delayed 2 second(s)

2019-07-09 15:55:21 - [TEST_STEP][PASSED] - click(findTestObject("APOLLO- Desktop/Home page/Featured blog posts/Read more link")): Object: 'Object Repository/APOLLO- Desktop/Home page/Featured blog posts/Read more link' is clicked on

2019-07-09 15:55:23 - [MESSAGE][PASSED] - Object: 'Object Repository/APOLLO- Desktop/Home page/Featured blog posts/Read more link' is clicked on

2019-07-09 15:55:23 - [TEST_STEP][PASSED] - delay(2): Delayed 2 second(s)

2019-07-09 15:55:25 - [MESSAGE][PASSED] - Delayed 2 second(s)

2019-07-09 15:55:25 - [TEST_STEP][PASSED] - click(findTestObject("APOLLO- Desktop/Home page/Hero banner - CTA/Apollo icon")): Object: 'Object Repository/APOLLO- Desktop/Home page/Hero banner - CTA/Apollo icon' is clicked on

2019-07-09 15:55:28 - [MESSAGE][PASSED] - Object: 'Object Repository/APOLLO- Desktop/Home page/Hero banner - CTA/Apollo icon' is clicked on

2019-07-09 15:55:28 - [TEST_STEP][PASSED] - executeJavaScript("var previewBar = document.getElementById("preview-bar-iframe"); previewBar.style.display = "none";", []): Execute JavaScript 'var previewBar = document.getElementById("preview-bar-iframe"); previewBar.style.display = "none";' successfully

2019-07-09 15:55:28 - [MESSAGE][PASSED] - Execute JavaScript 'var previewBar = document.getElementById("preview-bar-iframe"); previewBar.style.display = "none";' successfully

2019-07-09 15:55:28 - [TEST_STEP][PASSED] - delay(2): Delayed 2 second(s)

2019-07-09 15:55:30 - [MESSAGE][PASSED] - Delayed 2 second(s)

2019-07-09 15:55:30 - [TEST_STEP][PASSED] - scrollToElement(findTestObject("APOLLO- Desktop/Home page/Featured blog posts/Featured Blog posts"), 0): Scroll to object 'Object Repository/APOLLO- Desktop/Home page/Featured blog posts/Featured Blog posts' successfully

2019-07-09 15:55:30 - [MESSAGE][WARNING] - Timeout '0' is invalid. Using default page load timeout: '30'

2019-07-09 15:55:30 - [MESSAGE][PASSED] - Scroll to object 'Object Repository/APOLLO- Desktop/Home page/Featured blog posts/Featured Blog posts' successfully

2019-07-09 15:55:30 - [TEST_STEP][PASSED] - delay(2): Delayed 2 second(s)

2019-07-09 15:55:32 - [MESSAGE][PASSED] - Delayed 2 second(s)

2019-07-09 15:55:32 - [TEST_STEP][PASSED] - mouseOver(findTestObject("APOLLO- Desktop/Home page/Featured blog posts/button_Next")): Object: 'Object Repository/APOLLO- Desktop/Home page/Featured blog posts/button_Next' is hovered

2019-07-09 15:55:33 - [MESSAGE][PASSED] - Object: 'Object Repository/APOLLO- Desktop/Home page/Featured blog posts/button_Next' is hovered

2019-07-09 15:55:33 - [TEST_STEP][PASSED] - delay(2): Delayed 2 second(s)

2019-07-09 15:55:35 - [MESSAGE][PASSED] - Delayed 2 second(s)

2019-07-09 15:55:35 - [TEST_STEP][PASSED] - click(findTestObject("APOLLO- Desktop/Home page/Featured blog posts/button_Next")): Object: 'Object Repository/APOLLO- Desktop/Home page/Featured blog posts/button_Next' is clicked on

2019-07-09 15:55:35 - [MESSAGE][PASSED] - Object: 'Object Repository/APOLLO- Desktop/Home page/Featured blog posts/button_Next' is clicked on

2019-07-09 15:55:35 - [TEST_STEP][PASSED] - delay(2): Delayed 2 second(s)

2019-07-09 15:55:37 - [MESSAGE][PASSED] - Delayed 2 second(s)

2019-07-09 15:55:37 - [TEST_STEP][PASSED] - click(findTestObject("APOLLO- Desktop/Home page/Featured blog posts/button_Previous")): Object: 'Object Repository/APOLLO- Desktop/Home page/Featured blog posts/button_Previous' is clicked on

2019-07-09 15:55:37 - [MESSAGE][PASSED] - Object: 'Object Repository/APOLLO- Desktop/Home page/Featured blog posts/button_Previous' is clicked on]]></system-out>
         <system-err><![CDATA[]]></system-err>
      </testcase>
      <testcase name="Test Cases/HOME PAGE/Featured collection" classname="Test Cases/HOME PAGE/Featured collection" status="PASSED">
         <system-out><![CDATA[2019-07-09 15:55:37 - [TEST_CASE][PASSED] - Test Cases/HOME PAGE/Featured collection: Test Cases/HOME PAGE/Featured collection

2019-07-09 15:55:37 - [TEST_STEP][PASSED] - callTestCase(findTestCase("CALL - URL"), [:], STOP_ON_FAILURE): Call Test Case 'Test Cases/CALL - URL' successfully

2019-07-09 15:55:38 - [TEST_CASE][PASSED] - Test Cases/CALL - URL: Test Cases/CALL - URL

2019-07-09 15:55:38 - [TEST_STEP][PASSED] - openBrowser(""): Browser is opened with url: ''

2019-07-09 15:55:38 - [MESSAGE][WARNING] - A browser is already opened. Closing browser and opening a new one

2019-07-09 15:55:38 - [MESSAGE][INFO] - Starting 'Firefox' driver

2019-07-09 15:55:41 - [MESSAGE][PASSED] - Browser is opened with url: ''

2019-07-09 15:55:41 - [TEST_STEP][PASSED] - navigateToUrl("https://apollo-fireball.myshopify.com/?_ab=0&_fd=0&_sc=1&key=96c2edace7b9967f3a77c2e2b131937136039831e9ec35f31598610005fa8795&preview_theme_id=46803124304"): Navigate to 'https://apollo-fireball.myshopify.com/?_ab=0&_fd=0&_sc=1&key=96c2edace7b9967f3a77c2e2b131937136039831e9ec35f31598610005fa8795&preview_theme_id=46803124304' successfully

2019-07-09 15:55:49 - [MESSAGE][PASSED] - Navigate to 'https://apollo-fireball.myshopify.com/?_ab=0&_fd=0&_sc=1&key=96c2edace7b9967f3a77c2e2b131937136039831e9ec35f31598610005fa8795&preview_theme_id=46803124304' successfully

2019-07-09 15:55:49 - [TEST_STEP][PASSED] - executeJavaScript("var previewBar = document.getElementById("preview-bar-iframe"); previewBar.style.display = "none";", []): Execute JavaScript 'var previewBar = document.getElementById("preview-bar-iframe"); previewBar.style.display = "none";' successfully

2019-07-09 15:55:49 - [MESSAGE][PASSED] - Execute JavaScript 'var previewBar = document.getElementById("preview-bar-iframe"); previewBar.style.display = "none";' successfully

2019-07-09 15:55:49 - [TEST_STEP][PASSED] - maximizeWindow(): Current window maximized

2019-07-09 15:55:50 - [MESSAGE][PASSED] - Current window maximized

2019-07-09 15:55:50 - [MESSAGE][PASSED] - Call Test Case 'Test Cases/CALL - URL' successfully

2019-07-09 15:55:50 - [TEST_STEP][PASSED] - delay(1): Delayed 1 second(s)

2019-07-09 15:55:51 - [MESSAGE][PASSED] - Delayed 1 second(s)

2019-07-09 15:55:51 - [TEST_STEP][PASSED] - scrollToElement(findTestObject("APOLLO- Desktop/Home page/Featured collection/Chicken"), 0): Scroll to object 'Object Repository/APOLLO- Desktop/Home page/Featured collection/Chicken' successfully

2019-07-09 15:55:51 - [MESSAGE][WARNING] - Timeout '0' is invalid. Using default page load timeout: '30'

2019-07-09 15:55:52 - [MESSAGE][PASSED] - Scroll to object 'Object Repository/APOLLO- Desktop/Home page/Featured collection/Chicken' successfully

2019-07-09 15:55:52 - [TEST_STEP][PASSED] - delay(1): Delayed 1 second(s)

2019-07-09 15:55:53 - [MESSAGE][PASSED] - Delayed 1 second(s)

2019-07-09 15:55:53 - [TEST_STEP][PASSED] - mouseOver(findTestObject("APOLLO- Desktop/Home page/Featured collection/Chicken")): Object: 'Object Repository/APOLLO- Desktop/Home page/Featured collection/Chicken' is hovered

2019-07-09 15:55:53 - [MESSAGE][PASSED] - Object: 'Object Repository/APOLLO- Desktop/Home page/Featured collection/Chicken' is hovered

2019-07-09 15:55:53 - [TEST_STEP][PASSED] - delay(1): Delayed 1 second(s)

2019-07-09 15:55:54 - [MESSAGE][PASSED] - Delayed 1 second(s)

2019-07-09 15:55:54 - [TEST_STEP][PASSED] - click(findTestObject("APOLLO- Desktop/Home page/Featured collection/Chicken - Shop collection")): Object: 'Object Repository/APOLLO- Desktop/Home page/Featured collection/Chicken - Shop collection' is clicked on

2019-07-09 15:55:57 - [MESSAGE][PASSED] - Object: 'Object Repository/APOLLO- Desktop/Home page/Featured collection/Chicken - Shop collection' is clicked on

2019-07-09 15:55:57 - [TEST_STEP][PASSED] - delay(1): Delayed 1 second(s)

2019-07-09 15:55:58 - [MESSAGE][PASSED] - Delayed 1 second(s)

2019-07-09 15:55:58 - [TEST_STEP][PASSED] - click(findTestObject("APOLLO- Desktop/Home page/Hero banner - CTA/Apollo icon")): Object: 'Object Repository/APOLLO- Desktop/Home page/Hero banner - CTA/Apollo icon' is clicked on

2019-07-09 15:56:01 - [MESSAGE][PASSED] - Object: 'Object Repository/APOLLO- Desktop/Home page/Hero banner - CTA/Apollo icon' is clicked on

2019-07-09 15:56:01 - [TEST_STEP][NOT_RUN] - executeJavaScript("var previewBar = document.getElementById("preview-bar-iframe"); previewBar.style.display = "none";", []): NOT_RUN: executeJavaScript("var previewBar = document.getElementById("preview-bar-iframe"); previewBar.style.display = "none";", [])

2019-07-09 15:56:01 - [MESSAGE][NOT_RUN] - NOT_RUN: executeJavaScript("var previewBar = document.getElementById("preview-bar-iframe"); previewBar.style.display = "none";", [])

2019-07-09 15:56:01 - [TEST_STEP][PASSED] - delay(1): Delayed 1 second(s)

2019-07-09 15:56:02 - [MESSAGE][PASSED] - Delayed 1 second(s)

2019-07-09 15:56:02 - [TEST_STEP][PASSED] - scrollToElement(findTestObject("APOLLO- Desktop/Home page/Featured collection/Salads"), 0): Scroll to object 'Object Repository/APOLLO- Desktop/Home page/Featured collection/Salads' successfully

2019-07-09 15:56:03 - [MESSAGE][WARNING] - Timeout '0' is invalid. Using default page load timeout: '30'

2019-07-09 15:56:03 - [MESSAGE][PASSED] - Scroll to object 'Object Repository/APOLLO- Desktop/Home page/Featured collection/Salads' successfully

2019-07-09 15:56:03 - [TEST_STEP][PASSED] - delay(1): Delayed 1 second(s)

2019-07-09 15:56:04 - [MESSAGE][PASSED] - Delayed 1 second(s)

2019-07-09 15:56:04 - [TEST_STEP][PASSED] - mouseOver(findTestObject("APOLLO- Desktop/Home page/Featured collection/Salads")): Object: 'Object Repository/APOLLO- Desktop/Home page/Featured collection/Salads' is hovered

2019-07-09 15:56:04 - [MESSAGE][PASSED] - Object: 'Object Repository/APOLLO- Desktop/Home page/Featured collection/Salads' is hovered

2019-07-09 15:56:04 - [TEST_STEP][PASSED] - delay(1): Delayed 1 second(s)

2019-07-09 15:56:05 - [MESSAGE][PASSED] - Delayed 1 second(s)

2019-07-09 15:56:05 - [TEST_STEP][PASSED] - click(findTestObject("APOLLO- Desktop/Home page/Featured collection/Salads - Shop collection")): Object: 'Object Repository/APOLLO- Desktop/Home page/Featured collection/Salads - Shop collection' is clicked on

2019-07-09 15:56:06 - [MESSAGE][PASSED] - Object: 'Object Repository/APOLLO- Desktop/Home page/Featured collection/Salads - Shop collection' is clicked on

2019-07-09 15:56:06 - [TEST_STEP][PASSED] - delay(1): Delayed 1 second(s)

2019-07-09 15:56:07 - [MESSAGE][PASSED] - Delayed 1 second(s)

2019-07-09 15:56:07 - [TEST_STEP][PASSED] - click(findTestObject("APOLLO- Desktop/Home page/Hero banner - CTA/Apollo icon")): Object: 'Object Repository/APOLLO- Desktop/Home page/Hero banner - CTA/Apollo icon' is clicked on

2019-07-09 15:56:11 - [MESSAGE][PASSED] - Object: 'Object Repository/APOLLO- Desktop/Home page/Hero banner - CTA/Apollo icon' is clicked on

2019-07-09 15:56:11 - [TEST_STEP][NOT_RUN] - executeJavaScript("var previewBar = document.getElementById("preview-bar-iframe"); previewBar.style.display = "none";", []): NOT_RUN: executeJavaScript("var previewBar = document.getElementById("preview-bar-iframe"); previewBar.style.display = "none";", [])

2019-07-09 15:56:11 - [MESSAGE][NOT_RUN] - NOT_RUN: executeJavaScript("var previewBar = document.getElementById("preview-bar-iframe"); previewBar.style.display = "none";", [])

2019-07-09 15:56:11 - [TEST_STEP][PASSED] - delay(1): Delayed 1 second(s)

2019-07-09 15:56:12 - [MESSAGE][PASSED] - Delayed 1 second(s)

2019-07-09 15:56:12 - [TEST_STEP][PASSED] - scrollToElement(findTestObject("APOLLO- Desktop/Home page/Collection - sides"), 0): Scroll to object 'Object Repository/APOLLO- Desktop/Home page/Collection - sides' successfully

2019-07-09 15:56:12 - [MESSAGE][WARNING] - Timeout '0' is invalid. Using default page load timeout: '30'

2019-07-09 15:56:12 - [MESSAGE][PASSED] - Scroll to object 'Object Repository/APOLLO- Desktop/Home page/Collection - sides' successfully

2019-07-09 15:56:12 - [TEST_STEP][PASSED] - delay(1): Delayed 1 second(s)

2019-07-09 15:56:13 - [MESSAGE][PASSED] - Delayed 1 second(s)

2019-07-09 15:56:13 - [TEST_STEP][PASSED] - mouseOver(findTestObject("APOLLO- Desktop/Home page/Collection - sides")): Object: 'Object Repository/APOLLO- Desktop/Home page/Collection - sides' is hovered

2019-07-09 15:56:13 - [MESSAGE][PASSED] - Object: 'Object Repository/APOLLO- Desktop/Home page/Collection - sides' is hovered

2019-07-09 15:56:13 - [TEST_STEP][PASSED] - delay(1): Delayed 1 second(s)

2019-07-09 15:56:14 - [MESSAGE][PASSED] - Delayed 1 second(s)

2019-07-09 15:56:14 - [TEST_STEP][PASSED] - click(findTestObject("APOLLO- Desktop/Home page/Sides - shop collection")): Object: 'Object Repository/APOLLO- Desktop/Home page/Sides - shop collection' is clicked on

2019-07-09 15:56:17 - [MESSAGE][PASSED] - Object: 'Object Repository/APOLLO- Desktop/Home page/Sides - shop collection' is clicked on

2019-07-09 15:56:17 - [TEST_STEP][PASSED] - delay(1): Delayed 1 second(s)

2019-07-09 15:56:18 - [MESSAGE][PASSED] - Delayed 1 second(s)

2019-07-09 15:56:18 - [TEST_STEP][PASSED] - click(findTestObject("APOLLO- Desktop/Home page/Hero banner - CTA/Apollo icon")): Object: 'Object Repository/APOLLO- Desktop/Home page/Hero banner - CTA/Apollo icon' is clicked on

2019-07-09 15:56:22 - [MESSAGE][PASSED] - Object: 'Object Repository/APOLLO- Desktop/Home page/Hero banner - CTA/Apollo icon' is clicked on

2019-07-09 15:56:22 - [TEST_STEP][NOT_RUN] - executeJavaScript("var previewBar = document.getElementById("preview-bar-iframe"); previewBar.style.display = "none";", []): NOT_RUN: executeJavaScript("var previewBar = document.getElementById("preview-bar-iframe"); previewBar.style.display = "none";", [])

2019-07-09 15:56:22 - [MESSAGE][NOT_RUN] - NOT_RUN: executeJavaScript("var previewBar = document.getElementById("preview-bar-iframe"); previewBar.style.display = "none";", [])

2019-07-09 15:56:22 - [TEST_STEP][PASSED] - delay(1): Delayed 1 second(s)

2019-07-09 15:56:23 - [MESSAGE][PASSED] - Delayed 1 second(s)

2019-07-09 15:56:23 - [TEST_STEP][PASSED] - scrollToElement(findTestObject("APOLLO- Desktop/Home page/Featured collection/Meals"), 0): Scroll to object 'Object Repository/APOLLO- Desktop/Home page/Featured collection/Meals' successfully

2019-07-09 15:56:23 - [MESSAGE][WARNING] - Timeout '0' is invalid. Using default page load timeout: '30'

2019-07-09 15:56:23 - [MESSAGE][PASSED] - Scroll to object 'Object Repository/APOLLO- Desktop/Home page/Featured collection/Meals' successfully

2019-07-09 15:56:23 - [TEST_STEP][PASSED] - delay(1): Delayed 1 second(s)

2019-07-09 15:56:24 - [MESSAGE][PASSED] - Delayed 1 second(s)

2019-07-09 15:56:24 - [TEST_STEP][PASSED] - mouseOver(findTestObject("APOLLO- Desktop/Home page/Featured collection/Meals")): Object: 'Object Repository/APOLLO- Desktop/Home page/Featured collection/Meals' is hovered

2019-07-09 15:56:25 - [MESSAGE][PASSED] - Object: 'Object Repository/APOLLO- Desktop/Home page/Featured collection/Meals' is hovered

2019-07-09 15:56:25 - [TEST_STEP][PASSED] - delay(1): Delayed 1 second(s)

2019-07-09 15:56:26 - [MESSAGE][PASSED] - Delayed 1 second(s)

2019-07-09 15:56:26 - [TEST_STEP][PASSED] - click(findTestObject("APOLLO- Desktop/Home page/Featured collection/Meals - Shop collection")): Object: 'Object Repository/APOLLO- Desktop/Home page/Featured collection/Meals - Shop collection' is clicked on

2019-07-09 15:56:27 - [MESSAGE][PASSED] - Object: 'Object Repository/APOLLO- Desktop/Home page/Featured collection/Meals - Shop collection' is clicked on

2019-07-09 15:56:27 - [TEST_STEP][PASSED] - delay(1): Delayed 1 second(s)

2019-07-09 15:56:28 - [MESSAGE][PASSED] - Delayed 1 second(s)

2019-07-09 15:56:28 - [TEST_STEP][PASSED] - click(findTestObject("APOLLO- Desktop/Home page/Hero banner - CTA/Apollo icon")): Object: 'Object Repository/APOLLO- Desktop/Home page/Hero banner - CTA/Apollo icon' is clicked on

2019-07-09 15:56:31 - [MESSAGE][PASSED] - Object: 'Object Repository/APOLLO- Desktop/Home page/Hero banner - CTA/Apollo icon' is clicked on

2019-07-09 15:56:31 - [TEST_STEP][NOT_RUN] - executeJavaScript("var previewBar = document.getElementById("preview-bar-iframe"); previewBar.style.display = "none";", []): NOT_RUN: executeJavaScript("var previewBar = document.getElementById("preview-bar-iframe"); previewBar.style.display = "none";", [])

2019-07-09 15:56:31 - [MESSAGE][NOT_RUN] - NOT_RUN: executeJavaScript("var previewBar = document.getElementById("preview-bar-iframe"); previewBar.style.display = "none";", [])

2019-07-09 15:56:31 - [TEST_STEP][PASSED] - delay(1): Delayed 1 second(s)

2019-07-09 15:56:32 - [MESSAGE][PASSED] - Delayed 1 second(s)

2019-07-09 15:56:32 - [TEST_STEP][PASSED] - scrollToElement(findTestObject("APOLLO- Desktop/Home page/Featured collection/healthy"), 0): Scroll to object 'Object Repository/APOLLO- Desktop/Home page/Featured collection/healthy' successfully

2019-07-09 15:56:32 - [MESSAGE][WARNING] - Timeout '0' is invalid. Using default page load timeout: '30'

2019-07-09 15:56:32 - [MESSAGE][PASSED] - Scroll to object 'Object Repository/APOLLO- Desktop/Home page/Featured collection/healthy' successfully

2019-07-09 15:56:32 - [TEST_STEP][PASSED] - delay(1): Delayed 1 second(s)

2019-07-09 15:56:33 - [MESSAGE][PASSED] - Delayed 1 second(s)

2019-07-09 15:56:33 - [TEST_STEP][PASSED] - mouseOver(findTestObject("APOLLO- Desktop/Home page/Featured collection/healthy")): Object: 'Object Repository/APOLLO- Desktop/Home page/Featured collection/healthy' is hovered

2019-07-09 15:56:33 - [MESSAGE][PASSED] - Object: 'Object Repository/APOLLO- Desktop/Home page/Featured collection/healthy' is hovered

2019-07-09 15:56:33 - [TEST_STEP][PASSED] - delay(1): Delayed 1 second(s)

2019-07-09 15:56:34 - [MESSAGE][PASSED] - Delayed 1 second(s)

2019-07-09 15:56:34 - [TEST_STEP][PASSED] - click(findTestObject("APOLLO- Desktop/Home page/Featured collection/Healthy - shop collection")): Object: 'Object Repository/APOLLO- Desktop/Home page/Featured collection/Healthy - shop collection' is clicked on

2019-07-09 15:56:35 - [MESSAGE][PASSED] - Object: 'Object Repository/APOLLO- Desktop/Home page/Featured collection/Healthy - shop collection' is clicked on

2019-07-09 15:56:35 - [TEST_STEP][PASSED] - delay(1): Delayed 1 second(s)

2019-07-09 15:56:36 - [MESSAGE][PASSED] - Delayed 1 second(s)

2019-07-09 15:56:36 - [TEST_STEP][PASSED] - click(findTestObject("APOLLO- Desktop/Home page/Hero banner - CTA/Apollo icon")): Object: 'Object Repository/APOLLO- Desktop/Home page/Hero banner - CTA/Apollo icon' is clicked on

2019-07-09 15:56:39 - [MESSAGE][PASSED] - Object: 'Object Repository/APOLLO- Desktop/Home page/Hero banner - CTA/Apollo icon' is clicked on

2019-07-09 15:56:39 - [TEST_STEP][PASSED] - delay(1): Delayed 1 second(s)

2019-07-09 15:56:40 - [MESSAGE][PASSED] - Delayed 1 second(s)

2019-07-09 15:56:40 - [TEST_STEP][PASSED] - scrollToElement(findTestObject("APOLLO- Desktop/Home page/Featured collection/Lamb"), 0): Scroll to object 'Object Repository/APOLLO- Desktop/Home page/Featured collection/Lamb' successfully

2019-07-09 15:56:40 - [MESSAGE][WARNING] - Timeout '0' is invalid. Using default page load timeout: '30'

2019-07-09 15:56:40 - [MESSAGE][PASSED] - Scroll to object 'Object Repository/APOLLO- Desktop/Home page/Featured collection/Lamb' successfully

2019-07-09 15:56:40 - [TEST_STEP][PASSED] - delay(1): Delayed 1 second(s)

2019-07-09 15:56:41 - [MESSAGE][PASSED] - Delayed 1 second(s)

2019-07-09 15:56:41 - [TEST_STEP][PASSED] - mouseOver(findTestObject("APOLLO- Desktop/Home page/Featured collection/Lamb")): Object: 'Object Repository/APOLLO- Desktop/Home page/Featured collection/Lamb' is hovered

2019-07-09 15:56:41 - [MESSAGE][PASSED] - Object: 'Object Repository/APOLLO- Desktop/Home page/Featured collection/Lamb' is hovered

2019-07-09 15:56:41 - [TEST_STEP][PASSED] - delay(1): Delayed 1 second(s)

2019-07-09 15:56:42 - [MESSAGE][PASSED] - Delayed 1 second(s)

2019-07-09 15:56:42 - [TEST_STEP][PASSED] - click(findTestObject("APOLLO- Desktop/Home page/Featured collection/Lamb - shop collection")): Object: 'Object Repository/APOLLO- Desktop/Home page/Featured collection/Lamb - shop collection' is clicked on

2019-07-09 15:56:45 - [MESSAGE][PASSED] - Object: 'Object Repository/APOLLO- Desktop/Home page/Featured collection/Lamb - shop collection' is clicked on

2019-07-09 15:56:45 - [TEST_STEP][PASSED] - delay(1): Delayed 1 second(s)

2019-07-09 15:56:46 - [MESSAGE][PASSED] - Delayed 1 second(s)]]></system-out>
         <system-err><![CDATA[]]></system-err>
      </testcase>
      <testcase name="Test Cases/HOME PAGE/Footer" classname="Test Cases/HOME PAGE/Footer" status="PASSED">
         <system-out><![CDATA[2019-07-09 15:56:46 - [TEST_CASE][PASSED] - Test Cases/HOME PAGE/Footer: Test Cases/HOME PAGE/Footer

2019-07-09 15:56:47 - [TEST_STEP][PASSED] - callTestCase(findTestCase("CALL - URL"), [:], STOP_ON_FAILURE): Call Test Case 'Test Cases/CALL - URL' successfully

2019-07-09 15:56:47 - [TEST_CASE][PASSED] - Test Cases/CALL - URL: Test Cases/CALL - URL

2019-07-09 15:56:47 - [TEST_STEP][PASSED] - openBrowser(""): Browser is opened with url: ''

2019-07-09 15:56:47 - [MESSAGE][WARNING] - A browser is already opened. Closing browser and opening a new one

2019-07-09 15:56:47 - [MESSAGE][INFO] - Starting 'Firefox' driver

2019-07-09 15:56:50 - [MESSAGE][PASSED] - Browser is opened with url: ''

2019-07-09 15:56:50 - [TEST_STEP][PASSED] - navigateToUrl("https://apollo-fireball.myshopify.com/?_ab=0&_fd=0&_sc=1&key=96c2edace7b9967f3a77c2e2b131937136039831e9ec35f31598610005fa8795&preview_theme_id=46803124304"): Navigate to 'https://apollo-fireball.myshopify.com/?_ab=0&_fd=0&_sc=1&key=96c2edace7b9967f3a77c2e2b131937136039831e9ec35f31598610005fa8795&preview_theme_id=46803124304' successfully

2019-07-09 15:57:02 - [MESSAGE][PASSED] - Navigate to 'https://apollo-fireball.myshopify.com/?_ab=0&_fd=0&_sc=1&key=96c2edace7b9967f3a77c2e2b131937136039831e9ec35f31598610005fa8795&preview_theme_id=46803124304' successfully

2019-07-09 15:57:02 - [TEST_STEP][PASSED] - executeJavaScript("var previewBar = document.getElementById("preview-bar-iframe"); previewBar.style.display = "none";", []): Execute JavaScript 'var previewBar = document.getElementById("preview-bar-iframe"); previewBar.style.display = "none";' successfully

2019-07-09 15:57:02 - [MESSAGE][PASSED] - Execute JavaScript 'var previewBar = document.getElementById("preview-bar-iframe"); previewBar.style.display = "none";' successfully

2019-07-09 15:57:02 - [TEST_STEP][PASSED] - maximizeWindow(): Current window maximized

2019-07-09 15:57:03 - [MESSAGE][PASSED] - Current window maximized

2019-07-09 15:57:03 - [MESSAGE][PASSED] - Call Test Case 'Test Cases/CALL - URL' successfully

2019-07-09 15:57:03 - [TEST_STEP][PASSED] - delay(2): Delayed 2 second(s)

2019-07-09 15:57:05 - [MESSAGE][PASSED] - Delayed 2 second(s)

2019-07-09 15:57:05 - [TEST_STEP][PASSED] - scrollToElement(findTestObject("APOLLO- Desktop/Home page/Footer/Social icons position"), 0): Scroll to object 'Object Repository/APOLLO- Desktop/Home page/Footer/Social icons position' successfully

2019-07-09 15:57:05 - [MESSAGE][WARNING] - Timeout '0' is invalid. Using default page load timeout: '30'

2019-07-09 15:57:05 - [MESSAGE][PASSED] - Scroll to object 'Object Repository/APOLLO- Desktop/Home page/Footer/Social icons position' successfully

2019-07-09 15:57:05 - [TEST_STEP][PASSED] - delay(2): Delayed 2 second(s)

2019-07-09 15:57:07 - [MESSAGE][PASSED] - Delayed 2 second(s)

2019-07-09 15:57:07 - [TEST_STEP][PASSED] - click(findTestObject("APOLLO- Desktop/Home page/Footer/facebook icon")): Object: 'Object Repository/APOLLO- Desktop/Home page/Footer/facebook icon' is clicked on

2019-07-09 15:57:08 - [MESSAGE][PASSED] - Object: 'Object Repository/APOLLO- Desktop/Home page/Footer/facebook icon' is clicked on

2019-07-09 15:57:08 - [TEST_STEP][PASSED] - delay(2): Delayed 2 second(s)

2019-07-09 15:57:10 - [MESSAGE][PASSED] - Delayed 2 second(s)

2019-07-09 15:57:10 - [TEST_STEP][PASSED] - click(findTestObject("APOLLO- Desktop/Home page/Footer/Twitter icon")): Object: 'Object Repository/APOLLO- Desktop/Home page/Footer/Twitter icon' is clicked on

2019-07-09 15:57:11 - [MESSAGE][PASSED] - Object: 'Object Repository/APOLLO- Desktop/Home page/Footer/Twitter icon' is clicked on

2019-07-09 15:57:11 - [TEST_STEP][PASSED] - delay(2): Delayed 2 second(s)

2019-07-09 15:57:13 - [MESSAGE][PASSED] - Delayed 2 second(s)

2019-07-09 15:57:13 - [TEST_STEP][PASSED] - click(findTestObject("APOLLO- Desktop/Home page/Footer/Instagram icon")): Object: 'Object Repository/APOLLO- Desktop/Home page/Footer/Instagram icon' is clicked on

2019-07-09 15:57:13 - [MESSAGE][PASSED] - Object: 'Object Repository/APOLLO- Desktop/Home page/Footer/Instagram icon' is clicked on

2019-07-09 15:57:13 - [TEST_STEP][PASSED] - delay(2): Delayed 2 second(s)

2019-07-09 15:57:15 - [MESSAGE][PASSED] - Delayed 2 second(s)

2019-07-09 15:57:15 - [TEST_STEP][PASSED] - click(findTestObject("APOLLO- Desktop/Home page/Footer/Pintrest")): Object: 'Object Repository/APOLLO- Desktop/Home page/Footer/Pintrest' is clicked on

2019-07-09 15:57:16 - [MESSAGE][PASSED] - Object: 'Object Repository/APOLLO- Desktop/Home page/Footer/Pintrest' is clicked on

2019-07-09 15:57:16 - [TEST_STEP][PASSED] - delay(2): Delayed 2 second(s)

2019-07-09 15:57:18 - [MESSAGE][PASSED] - Delayed 2 second(s)

2019-07-09 15:57:18 - [TEST_STEP][PASSED] - click(findTestObject("APOLLO- Desktop/Home page/Footer/div_Shop")): Object: 'Object Repository/APOLLO- Desktop/Home page/Footer/div_Shop' is clicked on

2019-07-09 15:57:18 - [MESSAGE][PASSED] - Object: 'Object Repository/APOLLO- Desktop/Home page/Footer/div_Shop' is clicked on

2019-07-09 15:57:18 - [TEST_STEP][PASSED] - executeJavaScript("var previewBar = document.getElementById("preview-bar-iframe"); previewBar.style.display = "none";", []): Execute JavaScript 'var previewBar = document.getElementById("preview-bar-iframe"); previewBar.style.display = "none";' successfully

2019-07-09 15:57:18 - [MESSAGE][PASSED] - Execute JavaScript 'var previewBar = document.getElementById("preview-bar-iframe"); previewBar.style.display = "none";' successfully

2019-07-09 15:57:18 - [TEST_STEP][PASSED] - click(findTestObject("APOLLO- Desktop/Home page/Footer/About us")): Object: 'Object Repository/APOLLO- Desktop/Home page/Footer/About us' is clicked on

2019-07-09 15:57:19 - [MESSAGE][PASSED] - Object: 'Object Repository/APOLLO- Desktop/Home page/Footer/About us' is clicked on

2019-07-09 15:57:19 - [TEST_STEP][PASSED] - delay(2): Delayed 2 second(s)

2019-07-09 15:57:21 - [MESSAGE][PASSED] - Delayed 2 second(s)

2019-07-09 15:57:21 - [TEST_STEP][PASSED] - executeJavaScript("var previewBar = document.getElementById("preview-bar-iframe"); previewBar.style.display = "none";", []): Execute JavaScript 'var previewBar = document.getElementById("preview-bar-iframe"); previewBar.style.display = "none";' successfully

2019-07-09 15:57:21 - [MESSAGE][PASSED] - Execute JavaScript 'var previewBar = document.getElementById("preview-bar-iframe"); previewBar.style.display = "none";' successfully

2019-07-09 15:57:21 - [TEST_STEP][PASSED] - delay(2): Delayed 2 second(s)

2019-07-09 15:57:23 - [MESSAGE][PASSED] - Delayed 2 second(s)

2019-07-09 15:57:23 - [TEST_STEP][PASSED] - click(findTestObject("APOLLO- Desktop/Home page/Footer/Blog")): Object: 'Object Repository/APOLLO- Desktop/Home page/Footer/Blog' is clicked on

2019-07-09 15:57:25 - [MESSAGE][PASSED] - Object: 'Object Repository/APOLLO- Desktop/Home page/Footer/Blog' is clicked on

2019-07-09 15:57:25 - [TEST_STEP][PASSED] - delay(2): Delayed 2 second(s)

2019-07-09 15:57:27 - [MESSAGE][PASSED] - Delayed 2 second(s)

2019-07-09 15:57:27 - [TEST_STEP][PASSED] - executeJavaScript("var previewBar = document.getElementById("preview-bar-iframe"); previewBar.style.display = "none";", []): Execute JavaScript 'var previewBar = document.getElementById("preview-bar-iframe"); previewBar.style.display = "none";' successfully

2019-07-09 15:57:27 - [MESSAGE][PASSED] - Execute JavaScript 'var previewBar = document.getElementById("preview-bar-iframe"); previewBar.style.display = "none";' successfully

2019-07-09 15:57:27 - [TEST_STEP][PASSED] - delay(2): Delayed 2 second(s)

2019-07-09 15:57:29 - [MESSAGE][PASSED] - Delayed 2 second(s)

2019-07-09 15:57:29 - [TEST_STEP][PASSED] - click(findTestObject("APOLLO- Desktop/Home page/Footer/Support")): Object: 'Object Repository/APOLLO- Desktop/Home page/Footer/Support' is clicked on

2019-07-09 15:57:30 - [MESSAGE][PASSED] - Object: 'Object Repository/APOLLO- Desktop/Home page/Footer/Support' is clicked on

2019-07-09 15:57:30 - [TEST_STEP][PASSED] - delay(2): Delayed 2 second(s)

2019-07-09 15:57:32 - [MESSAGE][PASSED] - Delayed 2 second(s)

2019-07-09 15:57:32 - [TEST_STEP][PASSED] - executeJavaScript("var previewBar = document.getElementById("preview-bar-iframe"); previewBar.style.display = "none";", []): Execute JavaScript 'var previewBar = document.getElementById("preview-bar-iframe"); previewBar.style.display = "none";' successfully

2019-07-09 15:57:32 - [MESSAGE][PASSED] - Execute JavaScript 'var previewBar = document.getElementById("preview-bar-iframe"); previewBar.style.display = "none";' successfully

2019-07-09 15:57:32 - [TEST_STEP][PASSED] - delay(2): Delayed 2 second(s)

2019-07-09 15:57:34 - [MESSAGE][PASSED] - Delayed 2 second(s)

2019-07-09 15:57:34 - [TEST_STEP][PASSED] - click(findTestObject("APOLLO- Desktop/Home page/Footer/a_Contact Us")): Object: 'Object Repository/APOLLO- Desktop/Home page/Footer/a_Contact Us' is clicked on

2019-07-09 15:57:35 - [MESSAGE][PASSED] - Object: 'Object Repository/APOLLO- Desktop/Home page/Footer/a_Contact Us' is clicked on]]></system-out>
         <system-err><![CDATA[]]></system-err>
      </testcase>
      <testcase name="Test Cases/HOME PAGE/Cart flyout opening" classname="Test Cases/HOME PAGE/Cart flyout opening" status="PASSED">
         <system-out><![CDATA[2019-07-09 15:57:35 - [TEST_CASE][PASSED] - Test Cases/HOME PAGE/Cart flyout opening: Test Cases/HOME PAGE/Cart flyout opening

2019-07-09 15:57:35 - [TEST_STEP][PASSED] - callTestCase(findTestCase("CALL - URL"), [:], STOP_ON_FAILURE): Call Test Case 'Test Cases/CALL - URL' successfully

2019-07-09 15:57:35 - [TEST_CASE][PASSED] - Test Cases/CALL - URL: Test Cases/CALL - URL

2019-07-09 15:57:35 - [TEST_STEP][PASSED] - openBrowser(""): Browser is opened with url: ''

2019-07-09 15:57:35 - [MESSAGE][WARNING] - A browser is already opened. Closing browser and opening a new one

2019-07-09 15:57:36 - [MESSAGE][INFO] - Starting 'Firefox' driver

2019-07-09 15:57:38 - [MESSAGE][PASSED] - Browser is opened with url: ''

2019-07-09 15:57:38 - [TEST_STEP][PASSED] - navigateToUrl("https://apollo-fireball.myshopify.com/?_ab=0&_fd=0&_sc=1&key=96c2edace7b9967f3a77c2e2b131937136039831e9ec35f31598610005fa8795&preview_theme_id=46803124304"): Navigate to 'https://apollo-fireball.myshopify.com/?_ab=0&_fd=0&_sc=1&key=96c2edace7b9967f3a77c2e2b131937136039831e9ec35f31598610005fa8795&preview_theme_id=46803124304' successfully

2019-07-09 15:57:48 - [MESSAGE][PASSED] - Navigate to 'https://apollo-fireball.myshopify.com/?_ab=0&_fd=0&_sc=1&key=96c2edace7b9967f3a77c2e2b131937136039831e9ec35f31598610005fa8795&preview_theme_id=46803124304' successfully

2019-07-09 15:57:48 - [TEST_STEP][PASSED] - executeJavaScript("var previewBar = document.getElementById("preview-bar-iframe"); previewBar.style.display = "none";", []): Execute JavaScript 'var previewBar = document.getElementById("preview-bar-iframe"); previewBar.style.display = "none";' successfully

2019-07-09 15:57:48 - [MESSAGE][PASSED] - Execute JavaScript 'var previewBar = document.getElementById("preview-bar-iframe"); previewBar.style.display = "none";' successfully

2019-07-09 15:57:48 - [TEST_STEP][PASSED] - maximizeWindow(): Current window maximized

2019-07-09 15:57:49 - [MESSAGE][PASSED] - Current window maximized

2019-07-09 15:57:49 - [MESSAGE][PASSED] - Call Test Case 'Test Cases/CALL - URL' successfully

2019-07-09 15:57:49 - [TEST_STEP][PASSED] - delay(2): Delayed 2 second(s)

2019-07-09 15:57:51 - [MESSAGE][PASSED] - Delayed 2 second(s)

2019-07-09 15:57:51 - [TEST_STEP][PASSED] - click(findTestObject("APOLLO- Desktop/Home page/cart icon open")): Object: 'Object Repository/APOLLO- Desktop/Home page/cart icon open' is clicked on

2019-07-09 15:57:51 - [MESSAGE][PASSED] - Object: 'Object Repository/APOLLO- Desktop/Home page/cart icon open' is clicked on

2019-07-09 15:57:51 - [TEST_STEP][PASSED] - flag = verifyTextPresent("Your bag", false): Text 'Your bag' is present on page 

2019-07-09 15:57:54 - [MESSAGE][PASSED] - Text 'Your bag' is present on page 

2019-07-09 15:57:54 - [TEST_STEP][PASSED] - delay(2): Delayed 2 second(s)

2019-07-09 15:57:56 - [MESSAGE][PASSED] - Delayed 2 second(s)

2019-07-09 15:57:56 - [TEST_STEP][PASSED] - comment("flag=" + flag): flag=true

2019-07-09 15:57:56 - [MESSAGE][INFO] - flag=true

2019-07-09 15:57:56 - [TEST_STEP][PASSED] - if (flag == true): Delayed 2 second(s)

2019-07-09 15:57:56 - [TEST_STEP][PASSED] - comment(" cart flyout opened"):  cart flyout opened

2019-07-09 15:57:56 - [MESSAGE][INFO] -  cart flyout opened

2019-07-09 15:57:56 - [TEST_STEP][PASSED] - delay(2): Delayed 2 second(s)

2019-07-09 15:57:58 - [MESSAGE][PASSED] - Delayed 2 second(s)

2019-07-09 15:57:58 - [TEST_STEP][PASSED] - click(findTestObject("APOLLO- Desktop/Cart flyout/Cart collapse")): Object: 'Object Repository/APOLLO- Desktop/Cart flyout/Cart collapse' is clicked on

2019-07-09 15:57:58 - [MESSAGE][PASSED] - Object: 'Object Repository/APOLLO- Desktop/Cart flyout/Cart collapse' is clicked on

2019-07-09 15:57:58 - [TEST_STEP][PASSED] - delay(2): Delayed 2 second(s)

2019-07-09 15:58:00 - [MESSAGE][PASSED] - Delayed 2 second(s)

2019-07-09 15:58:00 - [TEST_STEP][PASSED] - flag1 = verifyTextNotPresent("Your bag", false): Text 'Your bag' is not present on page

2019-07-09 15:58:01 - [MESSAGE][PASSED] - Text 'Your bag' is not present on page

2019-07-09 15:58:01 - [TEST_STEP][PASSED] - comment("flag1=" + flag1): flag1=true

2019-07-09 15:58:01 - [MESSAGE][INFO] - flag1=true

2019-07-09 15:58:01 - [TEST_STEP][PASSED] - if (flag1 == true):  cart flyout closed

2019-07-09 15:58:01 - [TEST_STEP][PASSED] - comment(" cart flyout closed"):  cart flyout closed

2019-07-09 15:58:01 - [MESSAGE][INFO] -  cart flyout closed]]></system-out>
         <system-err><![CDATA[]]></system-err>
      </testcase>
      <testcase name="Test Cases/HOME PAGE/Popular products" classname="Test Cases/HOME PAGE/Popular products" status="PASSED">
         <system-out><![CDATA[2019-07-09 15:58:01 - [TEST_CASE][PASSED] - Test Cases/HOME PAGE/Popular products: Test Cases/HOME PAGE/Popular products

2019-07-09 15:58:01 - [TEST_STEP][PASSED] - callTestCase(findTestCase("CALL - URL"), [:], STOP_ON_FAILURE): Call Test Case 'Test Cases/CALL - URL' successfully

2019-07-09 15:58:01 - [TEST_CASE][PASSED] - Test Cases/CALL - URL: Test Cases/CALL - URL

2019-07-09 15:58:01 - [TEST_STEP][PASSED] - openBrowser(""): Browser is opened with url: ''

2019-07-09 15:58:01 - [MESSAGE][WARNING] - A browser is already opened. Closing browser and opening a new one

2019-07-09 15:58:02 - [MESSAGE][INFO] - Starting 'Firefox' driver

2019-07-09 15:58:04 - [MESSAGE][PASSED] - Browser is opened with url: ''

2019-07-09 15:58:04 - [TEST_STEP][PASSED] - navigateToUrl("https://apollo-fireball.myshopify.com/?_ab=0&_fd=0&_sc=1&key=96c2edace7b9967f3a77c2e2b131937136039831e9ec35f31598610005fa8795&preview_theme_id=46803124304"): Navigate to 'https://apollo-fireball.myshopify.com/?_ab=0&_fd=0&_sc=1&key=96c2edace7b9967f3a77c2e2b131937136039831e9ec35f31598610005fa8795&preview_theme_id=46803124304' successfully

2019-07-09 15:58:12 - [MESSAGE][PASSED] - Navigate to 'https://apollo-fireball.myshopify.com/?_ab=0&_fd=0&_sc=1&key=96c2edace7b9967f3a77c2e2b131937136039831e9ec35f31598610005fa8795&preview_theme_id=46803124304' successfully

2019-07-09 15:58:12 - [TEST_STEP][PASSED] - executeJavaScript("var previewBar = document.getElementById("preview-bar-iframe"); previewBar.style.display = "none";", []): Execute JavaScript 'var previewBar = document.getElementById("preview-bar-iframe"); previewBar.style.display = "none";' successfully

2019-07-09 15:58:12 - [MESSAGE][PASSED] - Execute JavaScript 'var previewBar = document.getElementById("preview-bar-iframe"); previewBar.style.display = "none";' successfully

2019-07-09 15:58:12 - [TEST_STEP][PASSED] - maximizeWindow(): Current window maximized

2019-07-09 15:58:13 - [MESSAGE][PASSED] - Current window maximized

2019-07-09 15:58:13 - [MESSAGE][PASSED] - Call Test Case 'Test Cases/CALL - URL' successfully

2019-07-09 15:58:13 - [TEST_STEP][PASSED] - delay(2): Delayed 2 second(s)

2019-07-09 15:58:15 - [MESSAGE][PASSED] - Delayed 2 second(s)

2019-07-09 15:58:15 - [TEST_STEP][PASSED] - scrollToElement(findTestObject("APOLLO- Desktop/Home page/Popular products/Popular products tile"), 0): Scroll to object 'Object Repository/APOLLO- Desktop/Home page/Popular products/Popular products tile' successfully

2019-07-09 15:58:15 - [MESSAGE][WARNING] - Timeout '0' is invalid. Using default page load timeout: '30'

2019-07-09 15:58:15 - [MESSAGE][PASSED] - Scroll to object 'Object Repository/APOLLO- Desktop/Home page/Popular products/Popular products tile' successfully

2019-07-09 15:58:15 - [TEST_STEP][PASSED] - delay(2): Delayed 2 second(s)

2019-07-09 15:58:17 - [MESSAGE][PASSED] - Delayed 2 second(s)

2019-07-09 15:58:17 - [TEST_STEP][PASSED] - click(findTestObject("APOLLO- Desktop/Home page/Popular products/Popular products tile - chicken slider")): Object: 'Object Repository/APOLLO- Desktop/Home page/Popular products/Popular products tile - chicken slider' is clicked on

2019-07-09 15:58:17 - [MESSAGE][PASSED] - Object: 'Object Repository/APOLLO- Desktop/Home page/Popular products/Popular products tile - chicken slider' is clicked on

2019-07-09 15:58:17 - [TEST_STEP][PASSED] - delay(2): Delayed 2 second(s)

2019-07-09 15:58:19 - [MESSAGE][PASSED] - Delayed 2 second(s)

2019-07-09 15:58:19 - [TEST_STEP][PASSED] - click(findTestObject("APOLLO- Desktop/Home page/Popular products/first product- women")): Object: 'Object Repository/APOLLO- Desktop/Home page/Popular products/first product- women' is clicked on

2019-07-09 15:58:24 - [MESSAGE][PASSED] - Object: 'Object Repository/APOLLO- Desktop/Home page/Popular products/first product- women' is clicked on

2019-07-09 15:58:24 - [TEST_STEP][PASSED] - delay(2): Delayed 2 second(s)

2019-07-09 15:58:26 - [MESSAGE][PASSED] - Delayed 2 second(s)

2019-07-09 15:58:26 - [TEST_STEP][PASSED] - click(findTestObject("APOLLO- Desktop/Home page/Hero banner - CTA/Apollo icon")): Object: 'Object Repository/APOLLO- Desktop/Home page/Hero banner - CTA/Apollo icon' is clicked on

2019-07-09 15:58:29 - [MESSAGE][PASSED] - Object: 'Object Repository/APOLLO- Desktop/Home page/Hero banner - CTA/Apollo icon' is clicked on

2019-07-09 15:58:29 - [TEST_STEP][PASSED] - delay(2): Delayed 2 second(s)

2019-07-09 15:58:31 - [MESSAGE][PASSED] - Delayed 2 second(s)

2019-07-09 15:58:31 - [TEST_STEP][PASSED] - scrollToElement(findTestObject("APOLLO- Desktop/Home page/Popular products/Popular products tile"), 0): Scroll to object 'Object Repository/APOLLO- Desktop/Home page/Popular products/Popular products tile' successfully

2019-07-09 15:58:31 - [MESSAGE][WARNING] - Timeout '0' is invalid. Using default page load timeout: '30'

2019-07-09 15:58:31 - [MESSAGE][PASSED] - Scroll to object 'Object Repository/APOLLO- Desktop/Home page/Popular products/Popular products tile' successfully

2019-07-09 15:58:31 - [TEST_STEP][PASSED] - delay(2): Delayed 2 second(s)

2019-07-09 15:58:33 - [MESSAGE][PASSED] - Delayed 2 second(s)

2019-07-09 15:58:33 - [TEST_STEP][PASSED] - click(findTestObject("APOLLO- Desktop/Home page/Popular products/Popular products tile - lamb slider")): Object: 'Object Repository/APOLLO- Desktop/Home page/Popular products/Popular products tile - lamb slider' is clicked on

2019-07-09 15:58:33 - [MESSAGE][PASSED] - Object: 'Object Repository/APOLLO- Desktop/Home page/Popular products/Popular products tile - lamb slider' is clicked on

2019-07-09 15:58:33 - [TEST_STEP][PASSED] - delay(2): Delayed 2 second(s)

2019-07-09 15:58:35 - [MESSAGE][PASSED] - Delayed 2 second(s)

2019-07-09 15:58:35 - [TEST_STEP][PASSED] - click(findTestObject("APOLLO- Desktop/Home page/Popular products/first product- kids")): Object: 'Object Repository/APOLLO- Desktop/Home page/Popular products/first product- kids' is clicked on

2019-07-09 15:58:40 - [MESSAGE][PASSED] - Object: 'Object Repository/APOLLO- Desktop/Home page/Popular products/first product- kids' is clicked on

2019-07-09 15:58:40 - [TEST_STEP][PASSED] - delay(2): Delayed 2 second(s)

2019-07-09 15:58:42 - [MESSAGE][PASSED] - Delayed 2 second(s)

2019-07-09 15:58:42 - [TEST_STEP][PASSED] - click(findTestObject("APOLLO- Desktop/Home page/Hero banner - CTA/Apollo icon")): Object: 'Object Repository/APOLLO- Desktop/Home page/Hero banner - CTA/Apollo icon' is clicked on

2019-07-09 15:58:46 - [MESSAGE][PASSED] - Object: 'Object Repository/APOLLO- Desktop/Home page/Hero banner - CTA/Apollo icon' is clicked on

2019-07-09 15:58:46 - [TEST_STEP][PASSED] - delay(2): Delayed 2 second(s)

2019-07-09 15:58:48 - [MESSAGE][PASSED] - Delayed 2 second(s)

2019-07-09 15:58:48 - [TEST_STEP][PASSED] - executeJavaScript("var previewBar = document.getElementById("preview-bar-iframe"); previewBar.style.display = "none";", []): Execute JavaScript 'var previewBar = document.getElementById("preview-bar-iframe"); previewBar.style.display = "none";' successfully

2019-07-09 15:58:48 - [MESSAGE][PASSED] - Execute JavaScript 'var previewBar = document.getElementById("preview-bar-iframe"); previewBar.style.display = "none";' successfully

2019-07-09 15:58:48 - [TEST_STEP][PASSED] - click(findTestObject("APOLLO- Desktop/Home page/Popular products/Popular products tile - Beef slider")): Object: 'Object Repository/APOLLO- Desktop/Home page/Popular products/Popular products tile - Beef slider' is clicked on

2019-07-09 15:58:48 - [MESSAGE][PASSED] - Object: 'Object Repository/APOLLO- Desktop/Home page/Popular products/Popular products tile - Beef slider' is clicked on

2019-07-09 15:58:48 - [TEST_STEP][PASSED] - delay(2): Delayed 2 second(s)

2019-07-09 15:58:50 - [MESSAGE][PASSED] - Delayed 2 second(s)

2019-07-09 15:58:50 - [TEST_STEP][PASSED] - click(findTestObject("APOLLO- Desktop/Home page/Popular products/first product- men")): Object: 'Object Repository/APOLLO- Desktop/Home page/Popular products/first product- men' is clicked on

2019-07-09 15:58:58 - [MESSAGE][PASSED] - Object: 'Object Repository/APOLLO- Desktop/Home page/Popular products/first product- men' is clicked on

2019-07-09 15:58:58 - [TEST_STEP][PASSED] - delay(2): Delayed 2 second(s)

2019-07-09 15:59:00 - [MESSAGE][PASSED] - Delayed 2 second(s)

2019-07-09 15:59:00 - [TEST_STEP][PASSED] - click(findTestObject("APOLLO- Desktop/Home page/Hero banner - CTA/Apollo icon")): Object: 'Object Repository/APOLLO- Desktop/Home page/Hero banner - CTA/Apollo icon' is clicked on

2019-07-09 15:59:03 - [MESSAGE][PASSED] - Object: 'Object Repository/APOLLO- Desktop/Home page/Hero banner - CTA/Apollo icon' is clicked on

2019-07-09 15:59:03 - [TEST_STEP][PASSED] - delay(2): Delayed 2 second(s)

2019-07-09 15:59:05 - [MESSAGE][PASSED] - Delayed 2 second(s)

2019-07-09 15:59:05 - [TEST_STEP][PASSED] - executeJavaScript("var previewBar = document.getElementById("preview-bar-iframe"); previewBar.style.display = "none";", []): Execute JavaScript 'var previewBar = document.getElementById("preview-bar-iframe"); previewBar.style.display = "none";' successfully

2019-07-09 15:59:05 - [MESSAGE][PASSED] - Execute JavaScript 'var previewBar = document.getElementById("preview-bar-iframe"); previewBar.style.display = "none";' successfully

2019-07-09 15:59:05 - [TEST_STEP][PASSED] - scrollToElement(findTestObject("APOLLO- Desktop/Home page/Popular products/Popular products tile"), 0): Scroll to object 'Object Repository/APOLLO- Desktop/Home page/Popular products/Popular products tile' successfully

2019-07-09 15:59:05 - [MESSAGE][WARNING] - Timeout '0' is invalid. Using default page load timeout: '30'

2019-07-09 15:59:05 - [MESSAGE][PASSED] - Scroll to object 'Object Repository/APOLLO- Desktop/Home page/Popular products/Popular products tile' successfully

2019-07-09 15:59:05 - [TEST_STEP][PASSED] - delay(2): Delayed 2 second(s)

2019-07-09 15:59:07 - [MESSAGE][PASSED] - Delayed 2 second(s)

2019-07-09 15:59:07 - [TEST_STEP][PASSED] - mouseOver(findTestObject("APOLLO- Desktop/Home page/Popular products/Previous button chevron")): Object: 'Object Repository/APOLLO- Desktop/Home page/Popular products/Previous button chevron' is hovered

2019-07-09 15:59:08 - [MESSAGE][PASSED] - Object: 'Object Repository/APOLLO- Desktop/Home page/Popular products/Previous button chevron' is hovered

2019-07-09 15:59:08 - [TEST_STEP][PASSED] - delay(2): Delayed 2 second(s)

2019-07-09 15:59:10 - [MESSAGE][PASSED] - Delayed 2 second(s)

2019-07-09 15:59:10 - [TEST_STEP][PASSED] - click(findTestObject("APOLLO- Desktop/Home page/Popular products/Previous button chevron")): Object: 'Object Repository/APOLLO- Desktop/Home page/Popular products/Previous button chevron' is clicked on

2019-07-09 15:59:10 - [MESSAGE][PASSED] - Object: 'Object Repository/APOLLO- Desktop/Home page/Popular products/Previous button chevron' is clicked on

2019-07-09 15:59:10 - [TEST_STEP][PASSED] - delay(2): Delayed 2 second(s)

2019-07-09 15:59:12 - [MESSAGE][PASSED] - Delayed 2 second(s)

2019-07-09 15:59:12 - [TEST_STEP][PASSED] - click(findTestObject("APOLLO- Desktop/Home page/Popular products/Previous button chevron")): Object: 'Object Repository/APOLLO- Desktop/Home page/Popular products/Previous button chevron' is clicked on

2019-07-09 15:59:12 - [MESSAGE][PASSED] - Object: 'Object Repository/APOLLO- Desktop/Home page/Popular products/Previous button chevron' is clicked on

2019-07-09 15:59:12 - [TEST_STEP][PASSED] - delay(2): Delayed 2 second(s)

2019-07-09 15:59:14 - [MESSAGE][PASSED] - Delayed 2 second(s)

2019-07-09 15:59:14 - [TEST_STEP][PASSED] - click(findTestObject("APOLLO- Desktop/Home page/Popular products/Next button chevron")): Object: 'Object Repository/APOLLO- Desktop/Home page/Popular products/Next button chevron' is clicked on

2019-07-09 15:59:14 - [MESSAGE][PASSED] - Object: 'Object Repository/APOLLO- Desktop/Home page/Popular products/Next button chevron' is clicked on]]></system-out>
         <system-err><![CDATA[]]></system-err>
      </testcase>
      <testcase name="Test Cases/HOME PAGE/Follow us" classname="Test Cases/HOME PAGE/Follow us" status="PASSED">
         <system-out><![CDATA[2019-07-09 15:59:14 - [TEST_CASE][PASSED] - Test Cases/HOME PAGE/Follow us: Test Cases/HOME PAGE/Follow us

2019-07-09 15:59:15 - [TEST_STEP][PASSED] - callTestCase(findTestCase("CALL - URL"), [:], STOP_ON_FAILURE): Call Test Case 'Test Cases/CALL - URL' successfully

2019-07-09 15:59:15 - [TEST_CASE][PASSED] - Test Cases/CALL - URL: Test Cases/CALL - URL

2019-07-09 15:59:15 - [TEST_STEP][PASSED] - openBrowser(""): Browser is opened with url: ''

2019-07-09 15:59:15 - [MESSAGE][WARNING] - A browser is already opened. Closing browser and opening a new one

2019-07-09 15:59:15 - [MESSAGE][INFO] - Starting 'Firefox' driver

2019-07-09 15:59:18 - [MESSAGE][PASSED] - Browser is opened with url: ''

2019-07-09 15:59:18 - [TEST_STEP][PASSED] - navigateToUrl("https://apollo-fireball.myshopify.com/?_ab=0&_fd=0&_sc=1&key=96c2edace7b9967f3a77c2e2b131937136039831e9ec35f31598610005fa8795&preview_theme_id=46803124304"): Navigate to 'https://apollo-fireball.myshopify.com/?_ab=0&_fd=0&_sc=1&key=96c2edace7b9967f3a77c2e2b131937136039831e9ec35f31598610005fa8795&preview_theme_id=46803124304' successfully

2019-07-09 15:59:36 - [MESSAGE][PASSED] - Navigate to 'https://apollo-fireball.myshopify.com/?_ab=0&_fd=0&_sc=1&key=96c2edace7b9967f3a77c2e2b131937136039831e9ec35f31598610005fa8795&preview_theme_id=46803124304' successfully

2019-07-09 15:59:36 - [TEST_STEP][PASSED] - executeJavaScript("var previewBar = document.getElementById("preview-bar-iframe"); previewBar.style.display = "none";", []): Execute JavaScript 'var previewBar = document.getElementById("preview-bar-iframe"); previewBar.style.display = "none";' successfully

2019-07-09 15:59:36 - [MESSAGE][PASSED] - Execute JavaScript 'var previewBar = document.getElementById("preview-bar-iframe"); previewBar.style.display = "none";' successfully

2019-07-09 15:59:36 - [TEST_STEP][PASSED] - maximizeWindow(): Current window maximized

2019-07-09 15:59:37 - [MESSAGE][PASSED] - Current window maximized

2019-07-09 15:59:37 - [MESSAGE][PASSED] - Call Test Case 'Test Cases/CALL - URL' successfully

2019-07-09 15:59:37 - [TEST_STEP][PASSED] - delay(2): Delayed 2 second(s)

2019-07-09 15:59:39 - [MESSAGE][PASSED] - Delayed 2 second(s)

2019-07-09 15:59:39 - [TEST_STEP][PASSED] - scrollToElement(findTestObject("APOLLO- Desktop/Home page/Follow us/apollodarktheme"), 0): Scroll to object 'Object Repository/APOLLO- Desktop/Home page/Follow us/apollodarktheme' successfully

2019-07-09 15:59:39 - [MESSAGE][WARNING] - Timeout '0' is invalid. Using default page load timeout: '30'

2019-07-09 15:59:39 - [MESSAGE][PASSED] - Scroll to object 'Object Repository/APOLLO- Desktop/Home page/Follow us/apollodarktheme' successfully

2019-07-09 15:59:39 - [TEST_STEP][PASSED] - delay(2): Delayed 2 second(s)

2019-07-09 15:59:41 - [MESSAGE][PASSED] - Delayed 2 second(s)

2019-07-09 15:59:41 - [TEST_STEP][NOT_RUN] - scrollToElement(findTestObject("APOLLO- Desktop/Home page/Featured blog posts/Visit Blog"), 0): NOT_RUN: scrollToElement(findTestObject("APOLLO- Desktop/Home page/Featured blog posts/Visit Blog"), 0)

2019-07-09 15:59:41 - [MESSAGE][NOT_RUN] - NOT_RUN: scrollToElement(findTestObject("APOLLO- Desktop/Home page/Featured blog posts/Visit Blog"), 0)

2019-07-09 15:59:41 - [TEST_STEP][PASSED] - delay(2): Delayed 2 second(s)

2019-07-09 15:59:43 - [MESSAGE][PASSED] - Delayed 2 second(s)

2019-07-09 15:59:43 - [TEST_STEP][PASSED] - click(findTestObject("APOLLO- Desktop/Home page/Follow us/product tile")): Object: 'Object Repository/APOLLO- Desktop/Home page/Follow us/product tile' is clicked on

2019-07-09 15:59:43 - [MESSAGE][PASSED] - Object: 'Object Repository/APOLLO- Desktop/Home page/Follow us/product tile' is clicked on

2019-07-09 15:59:43 - [TEST_STEP][NOT_RUN] - back(): NOT_RUN: back()

2019-07-09 15:59:43 - [MESSAGE][NOT_RUN] - NOT_RUN: back()

2019-07-09 15:59:43 - [TEST_STEP][PASSED] - scrollToElement(findTestObject("APOLLO- Desktop/Home page/Follow us/apollodarktheme"), 0): Scroll to object 'Object Repository/APOLLO- Desktop/Home page/Follow us/apollodarktheme' successfully

2019-07-09 15:59:43 - [MESSAGE][WARNING] - Timeout '0' is invalid. Using default page load timeout: '30'

2019-07-09 15:59:43 - [MESSAGE][PASSED] - Scroll to object 'Object Repository/APOLLO- Desktop/Home page/Follow us/apollodarktheme' successfully

2019-07-09 15:59:43 - [TEST_STEP][PASSED] - delay(2): Delayed 2 second(s)

2019-07-09 15:59:45 - [MESSAGE][PASSED] - Delayed 2 second(s)

2019-07-09 15:59:45 - [TEST_STEP][PASSED] - mouseOver(findTestObject("APOLLO- Desktop/Home page/Follow us/button-previous")): Object: 'Object Repository/APOLLO- Desktop/Home page/Follow us/button-previous' is hovered

2019-07-09 15:59:45 - [MESSAGE][PASSED] - Object: 'Object Repository/APOLLO- Desktop/Home page/Follow us/button-previous' is hovered

2019-07-09 15:59:45 - [TEST_STEP][NOT_RUN] - delay(2): NOT_RUN: delay(2)

2019-07-09 15:59:45 - [MESSAGE][NOT_RUN] - NOT_RUN: delay(2)

2019-07-09 15:59:45 - [TEST_STEP][PASSED] - click(findTestObject("APOLLO- Desktop/Home page/Follow us/button-previous")): Object: 'Object Repository/APOLLO- Desktop/Home page/Follow us/button-previous' is clicked on

2019-07-09 15:59:46 - [MESSAGE][PASSED] - Object: 'Object Repository/APOLLO- Desktop/Home page/Follow us/button-previous' is clicked on

2019-07-09 15:59:46 - [TEST_STEP][PASSED] - delay(2): Delayed 2 second(s)

2019-07-09 15:59:48 - [MESSAGE][PASSED] - Delayed 2 second(s)

2019-07-09 15:59:48 - [TEST_STEP][PASSED] - click(findTestObject("APOLLO- Desktop/Home page/Follow us/button- Next")): Object: 'Object Repository/APOLLO- Desktop/Home page/Follow us/button- Next' is clicked on

2019-07-09 15:59:48 - [MESSAGE][PASSED] - Object: 'Object Repository/APOLLO- Desktop/Home page/Follow us/button- Next' is clicked on]]></system-out>
         <system-err><![CDATA[]]></system-err>
      </testcase>
      <testcase name="Test Cases/PRODUCT PAGE/Social media icons" classname="Test Cases/PRODUCT PAGE/Social media icons" status="PASSED">
         <system-out><![CDATA[2019-07-09 15:59:48 - [TEST_CASE][PASSED] - Test Cases/PRODUCT PAGE/Social media icons: Test Cases/PRODUCT PAGE/Social media icons

2019-07-09 15:59:48 - [TEST_STEP][PASSED] - callTestCase(findTestCase("CALL - URL"), [:], STOP_ON_FAILURE): Call Test Case 'Test Cases/CALL - URL' successfully

2019-07-09 15:59:48 - [TEST_CASE][PASSED] - Test Cases/CALL - URL: Test Cases/CALL - URL

2019-07-09 15:59:48 - [TEST_STEP][PASSED] - openBrowser(""): Browser is opened with url: ''

2019-07-09 15:59:48 - [MESSAGE][WARNING] - A browser is already opened. Closing browser and opening a new one

2019-07-09 15:59:49 - [MESSAGE][INFO] - Starting 'Firefox' driver

2019-07-09 15:59:51 - [MESSAGE][PASSED] - Browser is opened with url: ''

2019-07-09 15:59:51 - [TEST_STEP][PASSED] - navigateToUrl("https://apollo-fireball.myshopify.com/?_ab=0&_fd=0&_sc=1&key=96c2edace7b9967f3a77c2e2b131937136039831e9ec35f31598610005fa8795&preview_theme_id=46803124304"): Navigate to 'https://apollo-fireball.myshopify.com/?_ab=0&_fd=0&_sc=1&key=96c2edace7b9967f3a77c2e2b131937136039831e9ec35f31598610005fa8795&preview_theme_id=46803124304' successfully

2019-07-09 16:00:00 - [MESSAGE][PASSED] - Navigate to 'https://apollo-fireball.myshopify.com/?_ab=0&_fd=0&_sc=1&key=96c2edace7b9967f3a77c2e2b131937136039831e9ec35f31598610005fa8795&preview_theme_id=46803124304' successfully

2019-07-09 16:00:00 - [TEST_STEP][PASSED] - executeJavaScript("var previewBar = document.getElementById("preview-bar-iframe"); previewBar.style.display = "none";", []): Execute JavaScript 'var previewBar = document.getElementById("preview-bar-iframe"); previewBar.style.display = "none";' successfully

2019-07-09 16:00:00 - [MESSAGE][PASSED] - Execute JavaScript 'var previewBar = document.getElementById("preview-bar-iframe"); previewBar.style.display = "none";' successfully

2019-07-09 16:00:00 - [TEST_STEP][PASSED] - maximizeWindow(): Current window maximized

2019-07-09 16:00:00 - [MESSAGE][PASSED] - Current window maximized

2019-07-09 16:00:00 - [MESSAGE][PASSED] - Call Test Case 'Test Cases/CALL - URL' successfully

2019-07-09 16:00:00 - [TEST_STEP][PASSED] - delay(2): Delayed 2 second(s)

2019-07-09 16:00:02 - [MESSAGE][PASSED] - Delayed 2 second(s)

2019-07-09 16:00:02 - [TEST_STEP][PASSED] - click(findTestObject("APOLLO- Desktop/Burger Menu/Burgermenu")): Object: 'Object Repository/APOLLO- Desktop/Burger Menu/Burgermenu' is clicked on

2019-07-09 16:00:02 - [MESSAGE][PASSED] - Object: 'Object Repository/APOLLO- Desktop/Burger Menu/Burgermenu' is clicked on

2019-07-09 16:00:02 - [TEST_STEP][PASSED] - delay(2): Delayed 2 second(s)

2019-07-09 16:00:04 - [MESSAGE][PASSED] - Delayed 2 second(s)

2019-07-09 16:00:04 - [TEST_STEP][PASSED] - click(findTestObject("APOLLO- Desktop/Burger Menu/Shop food")): Object: 'Object Repository/APOLLO- Desktop/Burger Menu/Shop food' is clicked on

2019-07-09 16:00:05 - [MESSAGE][PASSED] - Object: 'Object Repository/APOLLO- Desktop/Burger Menu/Shop food' is clicked on

2019-07-09 16:00:05 - [TEST_STEP][PASSED] - delay(2): Delayed 2 second(s)

2019-07-09 16:00:07 - [MESSAGE][PASSED] - Delayed 2 second(s)

2019-07-09 16:00:07 - [TEST_STEP][PASSED] - click(findTestObject("APOLLO- Desktop/Burger Menu/Beef")): Object: 'Object Repository/APOLLO- Desktop/Burger Menu/Beef' is clicked on

2019-07-09 16:00:10 - [MESSAGE][PASSED] - Object: 'Object Repository/APOLLO- Desktop/Burger Menu/Beef' is clicked on

2019-07-09 16:00:10 - [TEST_STEP][PASSED] - delay(2): Delayed 2 second(s)

2019-07-09 16:00:12 - [MESSAGE][PASSED] - Delayed 2 second(s)

2019-07-09 16:00:12 - [TEST_STEP][PASSED] - executeJavaScript("var previewBar = document.getElementById("preview-bar-iframe"); previewBar.style.display = "none";", []): Execute JavaScript 'var previewBar = document.getElementById("preview-bar-iframe"); previewBar.style.display = "none";' successfully

2019-07-09 16:00:12 - [MESSAGE][PASSED] - Execute JavaScript 'var previewBar = document.getElementById("preview-bar-iframe"); previewBar.style.display = "none";' successfully

2019-07-09 16:00:12 - [TEST_STEP][PASSED] - delay(2): Delayed 2 second(s)

2019-07-09 16:00:14 - [MESSAGE][PASSED] - Delayed 2 second(s)

2019-07-09 16:00:14 - [TEST_STEP][PASSED] - click(findTestObject("APOLLO- Desktop/Collection page/Beef skewers")): Object: 'Object Repository/APOLLO- Desktop/Collection page/Beef skewers' is clicked on

2019-07-09 16:00:17 - [MESSAGE][PASSED] - Object: 'Object Repository/APOLLO- Desktop/Collection page/Beef skewers' is clicked on

2019-07-09 16:00:17 - [TEST_STEP][PASSED] - executeJavaScript("var previewBar = document.getElementById("preview-bar-iframe"); previewBar.style.display = "none";", []): Execute JavaScript 'var previewBar = document.getElementById("preview-bar-iframe"); previewBar.style.display = "none";' successfully

2019-07-09 16:00:17 - [MESSAGE][PASSED] - Execute JavaScript 'var previewBar = document.getElementById("preview-bar-iframe"); previewBar.style.display = "none";' successfully

2019-07-09 16:00:17 - [TEST_STEP][PASSED] - delay(2): Delayed 2 second(s)

2019-07-09 16:00:19 - [MESSAGE][PASSED] - Delayed 2 second(s)

2019-07-09 16:00:19 - [TEST_STEP][PASSED] - scrollToElement(findTestObject("APOLLO- Desktop/Product page/Add to bag"), 0): Scroll to object 'Object Repository/APOLLO- Desktop/Product page/Add to bag' successfully

2019-07-09 16:00:19 - [MESSAGE][WARNING] - Timeout '0' is invalid. Using default page load timeout: '30'

2019-07-09 16:00:19 - [MESSAGE][PASSED] - Scroll to object 'Object Repository/APOLLO- Desktop/Product page/Add to bag' successfully

2019-07-09 16:00:19 - [TEST_STEP][PASSED] - delay(2): Delayed 2 second(s)

2019-07-09 16:00:21 - [MESSAGE][PASSED] - Delayed 2 second(s)

2019-07-09 16:00:21 - [TEST_STEP][PASSED] - click(findTestObject("APOLLO- Desktop/Product page/facebook icon")): Object: 'Object Repository/APOLLO- Desktop/Product page/facebook icon' is clicked on

2019-07-09 16:00:21 - [MESSAGE][PASSED] - Object: 'Object Repository/APOLLO- Desktop/Product page/facebook icon' is clicked on

2019-07-09 16:00:21 - [TEST_STEP][PASSED] - delay(2): Delayed 2 second(s)

2019-07-09 16:00:23 - [MESSAGE][PASSED] - Delayed 2 second(s)

2019-07-09 16:00:23 - [TEST_STEP][PASSED] - click(findTestObject("APOLLO- Desktop/Product page/twitter icon")): Object: 'Object Repository/APOLLO- Desktop/Product page/twitter icon' is clicked on

2019-07-09 16:00:23 - [MESSAGE][PASSED] - Object: 'Object Repository/APOLLO- Desktop/Product page/twitter icon' is clicked on

2019-07-09 16:00:23 - [TEST_STEP][PASSED] - delay(2): Delayed 2 second(s)

2019-07-09 16:00:25 - [MESSAGE][PASSED] - Delayed 2 second(s)

2019-07-09 16:00:25 - [TEST_STEP][PASSED] - click(findTestObject("APOLLO- Desktop/Product page/pintrest")): Object: 'Object Repository/APOLLO- Desktop/Product page/pintrest' is clicked on

2019-07-09 16:00:26 - [MESSAGE][PASSED] - Object: 'Object Repository/APOLLO- Desktop/Product page/pintrest' is clicked on

2019-07-09 16:00:26 - [TEST_STEP][PASSED] - delay(2): Delayed 2 second(s)

2019-07-09 16:00:28 - [MESSAGE][PASSED] - Delayed 2 second(s)

2019-07-09 16:00:28 - [TEST_STEP][PASSED] - click(findTestObject("APOLLO- Desktop/Product page/mailbox")): Object: 'Object Repository/APOLLO- Desktop/Product page/mailbox' is clicked on

2019-07-09 16:00:29 - [MESSAGE][PASSED] - Object: 'Object Repository/APOLLO- Desktop/Product page/mailbox' is clicked on]]></system-out>
         <system-err><![CDATA[]]></system-err>
      </testcase>
      <testcase name="Test Cases/PRODUCT PAGE/Product chevron dropdowns" classname="Test Cases/PRODUCT PAGE/Product chevron dropdowns" status="PASSED">
         <system-out><![CDATA[2019-07-09 16:00:29 - [TEST_CASE][PASSED] - Test Cases/PRODUCT PAGE/Product chevron dropdowns: Test Cases/PRODUCT PAGE/Product chevron dropdowns

2019-07-09 16:00:30 - [TEST_STEP][PASSED] - callTestCase(findTestCase("CALL - URL"), [:], STOP_ON_FAILURE): Call Test Case 'Test Cases/CALL - URL' successfully

2019-07-09 16:00:30 - [TEST_CASE][PASSED] - Test Cases/CALL - URL: Test Cases/CALL - URL

2019-07-09 16:00:30 - [TEST_STEP][PASSED] - openBrowser(""): Browser is opened with url: ''

2019-07-09 16:00:30 - [MESSAGE][WARNING] - A browser is already opened. Closing browser and opening a new one

2019-07-09 16:00:31 - [MESSAGE][INFO] - Starting 'Firefox' driver

2019-07-09 16:00:34 - [MESSAGE][PASSED] - Browser is opened with url: ''

2019-07-09 16:00:34 - [TEST_STEP][PASSED] - navigateToUrl("https://apollo-fireball.myshopify.com/?_ab=0&_fd=0&_sc=1&key=96c2edace7b9967f3a77c2e2b131937136039831e9ec35f31598610005fa8795&preview_theme_id=46803124304"): Navigate to 'https://apollo-fireball.myshopify.com/?_ab=0&_fd=0&_sc=1&key=96c2edace7b9967f3a77c2e2b131937136039831e9ec35f31598610005fa8795&preview_theme_id=46803124304' successfully

2019-07-09 16:00:43 - [MESSAGE][PASSED] - Navigate to 'https://apollo-fireball.myshopify.com/?_ab=0&_fd=0&_sc=1&key=96c2edace7b9967f3a77c2e2b131937136039831e9ec35f31598610005fa8795&preview_theme_id=46803124304' successfully

2019-07-09 16:00:43 - [TEST_STEP][PASSED] - executeJavaScript("var previewBar = document.getElementById("preview-bar-iframe"); previewBar.style.display = "none";", []): Execute JavaScript 'var previewBar = document.getElementById("preview-bar-iframe"); previewBar.style.display = "none";' successfully

2019-07-09 16:00:43 - [MESSAGE][PASSED] - Execute JavaScript 'var previewBar = document.getElementById("preview-bar-iframe"); previewBar.style.display = "none";' successfully

2019-07-09 16:00:43 - [TEST_STEP][PASSED] - maximizeWindow(): Current window maximized

2019-07-09 16:00:44 - [MESSAGE][PASSED] - Current window maximized

2019-07-09 16:00:44 - [MESSAGE][PASSED] - Call Test Case 'Test Cases/CALL - URL' successfully

2019-07-09 16:00:44 - [TEST_STEP][PASSED] - delay(2): Delayed 2 second(s)

2019-07-09 16:00:46 - [MESSAGE][PASSED] - Delayed 2 second(s)

2019-07-09 16:00:46 - [TEST_STEP][PASSED] - click(findTestObject("APOLLO- Desktop/Burger Menu/Burgermenu")): Object: 'Object Repository/APOLLO- Desktop/Burger Menu/Burgermenu' is clicked on

2019-07-09 16:00:46 - [MESSAGE][PASSED] - Object: 'Object Repository/APOLLO- Desktop/Burger Menu/Burgermenu' is clicked on

2019-07-09 16:00:46 - [TEST_STEP][PASSED] - delay(2): Delayed 2 second(s)

2019-07-09 16:00:48 - [MESSAGE][PASSED] - Delayed 2 second(s)

2019-07-09 16:00:48 - [TEST_STEP][PASSED] - click(findTestObject("APOLLO- Desktop/Burger Menu/Shop food")): Object: 'Object Repository/APOLLO- Desktop/Burger Menu/Shop food' is clicked on

2019-07-09 16:00:49 - [MESSAGE][PASSED] - Object: 'Object Repository/APOLLO- Desktop/Burger Menu/Shop food' is clicked on

2019-07-09 16:00:49 - [TEST_STEP][PASSED] - delay(2): Delayed 2 second(s)

2019-07-09 16:00:51 - [MESSAGE][PASSED] - Delayed 2 second(s)

2019-07-09 16:00:51 - [TEST_STEP][PASSED] - click(findTestObject("APOLLO- Desktop/Burger Menu/Beef")): Object: 'Object Repository/APOLLO- Desktop/Burger Menu/Beef' is clicked on

2019-07-09 16:00:54 - [MESSAGE][PASSED] - Object: 'Object Repository/APOLLO- Desktop/Burger Menu/Beef' is clicked on

2019-07-09 16:00:54 - [TEST_STEP][PASSED] - delay(2): Delayed 2 second(s)

2019-07-09 16:00:56 - [MESSAGE][PASSED] - Delayed 2 second(s)

2019-07-09 16:00:56 - [TEST_STEP][PASSED] - executeJavaScript("var previewBar = document.getElementById("preview-bar-iframe"); previewBar.style.display = "none";", []): Execute JavaScript 'var previewBar = document.getElementById("preview-bar-iframe"); previewBar.style.display = "none";' successfully

2019-07-09 16:00:56 - [MESSAGE][PASSED] - Execute JavaScript 'var previewBar = document.getElementById("preview-bar-iframe"); previewBar.style.display = "none";' successfully

2019-07-09 16:00:56 - [TEST_STEP][PASSED] - delay(2): Delayed 2 second(s)

2019-07-09 16:00:58 - [MESSAGE][PASSED] - Delayed 2 second(s)

2019-07-09 16:00:58 - [TEST_STEP][PASSED] - click(findTestObject("APOLLO- Desktop/Collection page/Beef skewers")): Object: 'Object Repository/APOLLO- Desktop/Collection page/Beef skewers' is clicked on

2019-07-09 16:01:02 - [MESSAGE][PASSED] - Object: 'Object Repository/APOLLO- Desktop/Collection page/Beef skewers' is clicked on

2019-07-09 16:01:02 - [TEST_STEP][PASSED] - executeJavaScript("var previewBar = document.getElementById("preview-bar-iframe"); previewBar.style.display = "none";", []): Execute JavaScript 'var previewBar = document.getElementById("preview-bar-iframe"); previewBar.style.display = "none";' successfully

2019-07-09 16:01:02 - [MESSAGE][PASSED] - Execute JavaScript 'var previewBar = document.getElementById("preview-bar-iframe"); previewBar.style.display = "none";' successfully

2019-07-09 16:01:02 - [TEST_STEP][PASSED] - delay(2): Delayed 2 second(s)

2019-07-09 16:01:04 - [MESSAGE][PASSED] - Delayed 2 second(s)

2019-07-09 16:01:04 - [TEST_STEP][PASSED] - click(findTestObject("APOLLO- Desktop/Product page/Details chevron open")): Object: 'Object Repository/APOLLO- Desktop/Product page/Details chevron open' is clicked on

2019-07-09 16:01:05 - [MESSAGE][PASSED] - Object: 'Object Repository/APOLLO- Desktop/Product page/Details chevron open' is clicked on

2019-07-09 16:01:05 - [TEST_STEP][PASSED] - delay(2): Delayed 2 second(s)

2019-07-09 16:01:07 - [MESSAGE][PASSED] - Delayed 2 second(s)

2019-07-09 16:01:07 - [TEST_STEP][PASSED] - click(findTestObject("APOLLO- Desktop/Product page/Details chevron close")): Object: 'Object Repository/APOLLO- Desktop/Product page/Details chevron close' is clicked on

2019-07-09 16:01:07 - [MESSAGE][PASSED] - Object: 'Object Repository/APOLLO- Desktop/Product page/Details chevron close' is clicked on

2019-07-09 16:01:07 - [TEST_STEP][PASSED] - delay(2): Delayed 2 second(s)

2019-07-09 16:01:09 - [MESSAGE][PASSED] - Delayed 2 second(s)

2019-07-09 16:01:09 - [TEST_STEP][PASSED] - click(findTestObject("APOLLO- Desktop/Product page/Type chevron open")): Object: 'Object Repository/APOLLO- Desktop/Product page/Type chevron open' is clicked on

2019-07-09 16:01:09 - [MESSAGE][PASSED] - Object: 'Object Repository/APOLLO- Desktop/Product page/Type chevron open' is clicked on

2019-07-09 16:01:09 - [TEST_STEP][PASSED] - delay(2): Delayed 2 second(s)

2019-07-09 16:01:11 - [MESSAGE][PASSED] - Delayed 2 second(s)

2019-07-09 16:01:11 - [TEST_STEP][PASSED] - click(findTestObject("APOLLO- Desktop/Product page/Type chevron close")): Object: 'Object Repository/APOLLO- Desktop/Product page/Type chevron close' is clicked on

2019-07-09 16:01:11 - [MESSAGE][PASSED] - Object: 'Object Repository/APOLLO- Desktop/Product page/Type chevron close' is clicked on

2019-07-09 16:01:11 - [TEST_STEP][PASSED] - delay(2): Delayed 2 second(s)

2019-07-09 16:01:13 - [MESSAGE][PASSED] - Delayed 2 second(s)

2019-07-09 16:01:13 - [TEST_STEP][PASSED] - click(findTestObject("APOLLO- Desktop/Product page/Brand chevron open")): Object: 'Object Repository/APOLLO- Desktop/Product page/Brand chevron open' is clicked on

2019-07-09 16:01:14 - [MESSAGE][PASSED] - Object: 'Object Repository/APOLLO- Desktop/Product page/Brand chevron open' is clicked on

2019-07-09 16:01:14 - [TEST_STEP][PASSED] - delay(2): Delayed 2 second(s)

2019-07-09 16:01:16 - [MESSAGE][PASSED] - Delayed 2 second(s)

2019-07-09 16:01:16 - [TEST_STEP][PASSED] - click(findTestObject("APOLLO- Desktop/Product page/Brand chevron close")): Object: 'Object Repository/APOLLO- Desktop/Product page/Brand chevron close' is clicked on

2019-07-09 16:01:16 - [MESSAGE][PASSED] - Object: 'Object Repository/APOLLO- Desktop/Product page/Brand chevron close' is clicked on

2019-07-09 16:01:16 - [TEST_STEP][PASSED] - delay(2): Delayed 2 second(s)

2019-07-09 16:01:18 - [MESSAGE][PASSED] - Delayed 2 second(s)

2019-07-09 16:01:18 - [TEST_STEP][PASSED] - click(findTestObject("APOLLO- Desktop/Product page/Shipping chevron open")): Object: 'Object Repository/APOLLO- Desktop/Product page/Shipping chevron open' is clicked on

2019-07-09 16:01:18 - [MESSAGE][PASSED] - Object: 'Object Repository/APOLLO- Desktop/Product page/Shipping chevron open' is clicked on

2019-07-09 16:01:18 - [TEST_STEP][PASSED] - delay(2): Delayed 2 second(s)

2019-07-09 16:01:20 - [MESSAGE][PASSED] - Delayed 2 second(s)

2019-07-09 16:01:20 - [TEST_STEP][PASSED] - click(findTestObject("APOLLO- Desktop/Product page/Shipping chevron close")): Object: 'Object Repository/APOLLO- Desktop/Product page/Shipping chevron close' is clicked on

2019-07-09 16:01:20 - [MESSAGE][PASSED] - Object: 'Object Repository/APOLLO- Desktop/Product page/Shipping chevron close' is clicked on

2019-07-09 16:01:20 - [TEST_STEP][PASSED] - delay(2): Delayed 2 second(s)

2019-07-09 16:01:22 - [MESSAGE][PASSED] - Delayed 2 second(s)

2019-07-09 16:01:22 - [TEST_STEP][PASSED] - click(findTestObject("APOLLO- Desktop/Product page/reviews chevron open")): Object: 'Object Repository/APOLLO- Desktop/Product page/reviews chevron open' is clicked on

2019-07-09 16:01:23 - [MESSAGE][PASSED] - Object: 'Object Repository/APOLLO- Desktop/Product page/reviews chevron open' is clicked on

2019-07-09 16:01:23 - [TEST_STEP][PASSED] - delay(2): Delayed 2 second(s)

2019-07-09 16:01:25 - [MESSAGE][PASSED] - Delayed 2 second(s)

2019-07-09 16:01:25 - [TEST_STEP][PASSED] - click(findTestObject("APOLLO- Desktop/Product page/reviews chevron close")): Object: 'Object Repository/APOLLO- Desktop/Product page/reviews chevron close' is clicked on

2019-07-09 16:01:25 - [MESSAGE][PASSED] - Object: 'Object Repository/APOLLO- Desktop/Product page/reviews chevron close' is clicked on

2019-07-09 16:01:25 - [TEST_STEP][PASSED] - delay(2): Delayed 2 second(s)

2019-07-09 16:01:27 - [MESSAGE][PASSED] - Delayed 2 second(s)

2019-07-09 16:01:27 - [TEST_STEP][PASSED] - click(findTestObject("APOLLO- Desktop/Product page/reviews chevron open")): Object: 'Object Repository/APOLLO- Desktop/Product page/reviews chevron open' is clicked on

2019-07-09 16:01:27 - [MESSAGE][PASSED] - Object: 'Object Repository/APOLLO- Desktop/Product page/reviews chevron open' is clicked on

2019-07-09 16:01:27 - [TEST_STEP][PASSED] - delay(2): Delayed 2 second(s)

2019-07-09 16:01:29 - [MESSAGE][PASSED] - Delayed 2 second(s)

2019-07-09 16:01:29 - [TEST_STEP][PASSED] - click(findTestObject("APOLLO- Desktop/Product page/a_Write a review")): Object: 'Object Repository/APOLLO- Desktop/Product page/a_Write a review' is clicked on

2019-07-09 16:01:29 - [MESSAGE][PASSED] - Object: 'Object Repository/APOLLO- Desktop/Product page/a_Write a review' is clicked on

2019-07-09 16:01:29 - [TEST_STEP][PASSED] - delay(2): Delayed 2 second(s)

2019-07-09 16:01:31 - [MESSAGE][PASSED] - Delayed 2 second(s)

2019-07-09 16:01:31 - [TEST_STEP][PASSED] - setText(findTestObject("APOLLO- Desktop/Product page/input_Name_reviewauthor"), "suman"): Text 'suman' is set on object 'Object Repository/APOLLO- Desktop/Product page/input_Name_reviewauthor'

2019-07-09 16:01:32 - [MESSAGE][PASSED] - Text 'suman' is set on object 'Object Repository/APOLLO- Desktop/Product page/input_Name_reviewauthor'

2019-07-09 16:01:32 - [TEST_STEP][PASSED] - delay(2): Delayed 2 second(s)

2019-07-09 16:01:34 - [MESSAGE][PASSED] - Delayed 2 second(s)

2019-07-09 16:01:34 - [TEST_STEP][PASSED] - setText(findTestObject("APOLLO- Desktop/Product page/input_Email_reviewemail"), "`suman@gmail.com", STOP_ON_FAILURE): Text '`suman@gmail.com' is set on object 'Object Repository/APOLLO- Desktop/Product page/input_Email_reviewemail'

2019-07-09 16:01:34 - [MESSAGE][PASSED] - Text '`suman@gmail.com' is set on object 'Object Repository/APOLLO- Desktop/Product page/input_Email_reviewemail'

2019-07-09 16:01:34 - [TEST_STEP][PASSED] - delay(2): Delayed 2 second(s)

2019-07-09 16:01:36 - [MESSAGE][PASSED] - Delayed 2 second(s)

2019-07-09 16:01:36 - [TEST_STEP][PASSED] - click(findTestObject("APOLLO- Desktop/Product page/Stars review")): Object: 'Object Repository/APOLLO- Desktop/Product page/Stars review' is clicked on

2019-07-09 16:01:36 - [MESSAGE][PASSED] - Object: 'Object Repository/APOLLO- Desktop/Product page/Stars review' is clicked on

2019-07-09 16:01:36 - [TEST_STEP][PASSED] - delay(2): Delayed 2 second(s)

2019-07-09 16:01:38 - [MESSAGE][PASSED] - Delayed 2 second(s)

2019-07-09 16:01:38 - [TEST_STEP][PASSED] - setText(findTestObject("APOLLO- Desktop/Product page/input_Review Title_reviewtitle"), "Nice product"): Text 'Nice product' is set on object 'Object Repository/APOLLO- Desktop/Product page/input_Review Title_reviewtitle'

2019-07-09 16:01:38 - [MESSAGE][PASSED] - Text 'Nice product' is set on object 'Object Repository/APOLLO- Desktop/Product page/input_Review Title_reviewtitle'

2019-07-09 16:01:38 - [TEST_STEP][PASSED] - delay(2): Delayed 2 second(s)

2019-07-09 16:01:40 - [MESSAGE][PASSED] - Delayed 2 second(s)

2019-07-09 16:01:40 - [TEST_STEP][PASSED] - setText(findTestObject("APOLLO- Desktop/Product page/textarea_characters remaining_"), "Good product"): Text 'Good product' is set on object 'Object Repository/APOLLO- Desktop/Product page/textarea_characters remaining_'

2019-07-09 16:01:40 - [MESSAGE][PASSED] - Text 'Good product' is set on object 'Object Repository/APOLLO- Desktop/Product page/textarea_characters remaining_'

2019-07-09 16:01:40 - [TEST_STEP][PASSED] - delay(2): Delayed 2 second(s)

2019-07-09 16:01:42 - [MESSAGE][PASSED] - Delayed 2 second(s)

2019-07-09 16:01:42 - [TEST_STEP][PASSED] - click(findTestObject("APOLLO- Desktop/Product page/Submit review")): Object: 'Object Repository/APOLLO- Desktop/Product page/Submit review' is clicked on

2019-07-09 16:01:42 - [MESSAGE][PASSED] - Object: 'Object Repository/APOLLO- Desktop/Product page/Submit review' is clicked on

2019-07-09 16:01:42 - [TEST_STEP][PASSED] - delay(2): Delayed 2 second(s)

2019-07-09 16:01:44 - [MESSAGE][PASSED] - Delayed 2 second(s)

2019-07-09 16:01:44 - [TEST_STEP][NOT_RUN] - click(findTestObject("APOLLO- Desktop/Product page/number-2"), CONTINUE_ON_FAILURE): NOT_RUN: click(findTestObject("APOLLO- Desktop/Product page/number-2"), CONTINUE_ON_FAILURE)

2019-07-09 16:01:44 - [MESSAGE][NOT_RUN] - NOT_RUN: click(findTestObject("APOLLO- Desktop/Product page/number-2"), CONTINUE_ON_FAILURE)

2019-07-09 16:01:44 - [TEST_STEP][NOT_RUN] - delay(2, CONTINUE_ON_FAILURE): NOT_RUN: delay(2, CONTINUE_ON_FAILURE)

2019-07-09 16:01:44 - [MESSAGE][NOT_RUN] - NOT_RUN: delay(2, CONTINUE_ON_FAILURE)

2019-07-09 16:01:44 - [TEST_STEP][NOT_RUN] - click(findTestObject("APOLLO- Desktop/Product page/a_Next"), CONTINUE_ON_FAILURE): NOT_RUN: click(findTestObject("APOLLO- Desktop/Product page/a_Next"), CONTINUE_ON_FAILURE)

2019-07-09 16:01:44 - [MESSAGE][NOT_RUN] - NOT_RUN: click(findTestObject("APOLLO- Desktop/Product page/a_Next"), CONTINUE_ON_FAILURE)

2019-07-09 16:01:44 - [TEST_STEP][NOT_RUN] - delay(2, CONTINUE_ON_FAILURE): NOT_RUN: delay(2, CONTINUE_ON_FAILURE)

2019-07-09 16:01:44 - [MESSAGE][NOT_RUN] - NOT_RUN: delay(2, CONTINUE_ON_FAILURE)

2019-07-09 16:01:44 - [TEST_STEP][NOT_RUN] - click(findTestObject("APOLLO- Desktop/Product page/a_ Previous"), CONTINUE_ON_FAILURE): NOT_RUN: click(findTestObject("APOLLO- Desktop/Product page/a_ Previous"), CONTINUE_ON_FAILURE)

2019-07-09 16:01:44 - [MESSAGE][NOT_RUN] - NOT_RUN: click(findTestObject("APOLLO- Desktop/Product page/a_ Previous"), CONTINUE_ON_FAILURE)]]></system-out>
         <system-err><![CDATA[]]></system-err>
      </testcase>
      <testcase name="Test Cases/PRODUCT PAGE/You might also like" classname="Test Cases/PRODUCT PAGE/You might also like" status="PASSED">
         <system-out><![CDATA[2019-07-09 16:01:44 - [TEST_CASE][PASSED] - Test Cases/PRODUCT PAGE/You might also like: Test Cases/PRODUCT PAGE/You might also like

2019-07-09 16:01:44 - [TEST_STEP][PASSED] - callTestCase(findTestCase("CALL - URL"), [:], STOP_ON_FAILURE): Call Test Case 'Test Cases/CALL - URL' successfully

2019-07-09 16:01:44 - [TEST_CASE][PASSED] - Test Cases/CALL - URL: Test Cases/CALL - URL

2019-07-09 16:01:44 - [TEST_STEP][PASSED] - openBrowser(""): Browser is opened with url: ''

2019-07-09 16:01:44 - [MESSAGE][WARNING] - A browser is already opened. Closing browser and opening a new one

2019-07-09 16:01:45 - [MESSAGE][INFO] - Starting 'Firefox' driver

2019-07-09 16:01:47 - [MESSAGE][PASSED] - Browser is opened with url: ''

2019-07-09 16:01:47 - [TEST_STEP][PASSED] - navigateToUrl("https://apollo-fireball.myshopify.com/?_ab=0&_fd=0&_sc=1&key=96c2edace7b9967f3a77c2e2b131937136039831e9ec35f31598610005fa8795&preview_theme_id=46803124304"): Navigate to 'https://apollo-fireball.myshopify.com/?_ab=0&_fd=0&_sc=1&key=96c2edace7b9967f3a77c2e2b131937136039831e9ec35f31598610005fa8795&preview_theme_id=46803124304' successfully

2019-07-09 16:02:11 - [MESSAGE][PASSED] - Navigate to 'https://apollo-fireball.myshopify.com/?_ab=0&_fd=0&_sc=1&key=96c2edace7b9967f3a77c2e2b131937136039831e9ec35f31598610005fa8795&preview_theme_id=46803124304' successfully

2019-07-09 16:02:11 - [TEST_STEP][PASSED] - executeJavaScript("var previewBar = document.getElementById("preview-bar-iframe"); previewBar.style.display = "none";", []): Execute JavaScript 'var previewBar = document.getElementById("preview-bar-iframe"); previewBar.style.display = "none";' successfully

2019-07-09 16:02:11 - [MESSAGE][PASSED] - Execute JavaScript 'var previewBar = document.getElementById("preview-bar-iframe"); previewBar.style.display = "none";' successfully

2019-07-09 16:02:11 - [TEST_STEP][PASSED] - maximizeWindow(): Current window maximized

2019-07-09 16:02:12 - [MESSAGE][PASSED] - Current window maximized

2019-07-09 16:02:12 - [MESSAGE][PASSED] - Call Test Case 'Test Cases/CALL - URL' successfully

2019-07-09 16:02:12 - [TEST_STEP][PASSED] - delay(2): Delayed 2 second(s)

2019-07-09 16:02:14 - [MESSAGE][PASSED] - Delayed 2 second(s)

2019-07-09 16:02:14 - [TEST_STEP][PASSED] - click(findTestObject("APOLLO- Desktop/Burger Menu/Burgermenu")): Object: 'Object Repository/APOLLO- Desktop/Burger Menu/Burgermenu' is clicked on

2019-07-09 16:02:14 - [MESSAGE][PASSED] - Object: 'Object Repository/APOLLO- Desktop/Burger Menu/Burgermenu' is clicked on

2019-07-09 16:02:14 - [TEST_STEP][PASSED] - delay(2): Delayed 2 second(s)

2019-07-09 16:02:16 - [MESSAGE][PASSED] - Delayed 2 second(s)

2019-07-09 16:02:16 - [TEST_STEP][PASSED] - click(findTestObject("APOLLO- Desktop/Burger Menu/Shop food")): Object: 'Object Repository/APOLLO- Desktop/Burger Menu/Shop food' is clicked on

2019-07-09 16:02:16 - [MESSAGE][PASSED] - Object: 'Object Repository/APOLLO- Desktop/Burger Menu/Shop food' is clicked on

2019-07-09 16:02:16 - [TEST_STEP][PASSED] - delay(2): Delayed 2 second(s)

2019-07-09 16:02:18 - [MESSAGE][PASSED] - Delayed 2 second(s)

2019-07-09 16:02:18 - [TEST_STEP][PASSED] - click(findTestObject("APOLLO- Desktop/Burger Menu/Beef")): Object: 'Object Repository/APOLLO- Desktop/Burger Menu/Beef' is clicked on

2019-07-09 16:02:24 - [MESSAGE][PASSED] - Object: 'Object Repository/APOLLO- Desktop/Burger Menu/Beef' is clicked on

2019-07-09 16:02:24 - [TEST_STEP][PASSED] - delay(2): Delayed 2 second(s)

2019-07-09 16:02:26 - [MESSAGE][PASSED] - Delayed 2 second(s)

2019-07-09 16:02:26 - [TEST_STEP][PASSED] - executeJavaScript("var previewBar = document.getElementById("preview-bar-iframe"); previewBar.style.display = "none";", []): Execute JavaScript 'var previewBar = document.getElementById("preview-bar-iframe"); previewBar.style.display = "none";' successfully

2019-07-09 16:02:26 - [MESSAGE][PASSED] - Execute JavaScript 'var previewBar = document.getElementById("preview-bar-iframe"); previewBar.style.display = "none";' successfully

2019-07-09 16:02:26 - [TEST_STEP][PASSED] - delay(2): Delayed 2 second(s)

2019-07-09 16:02:28 - [MESSAGE][PASSED] - Delayed 2 second(s)

2019-07-09 16:02:28 - [TEST_STEP][PASSED] - click(findTestObject("APOLLO- Desktop/Collection page/Beef skewers")): Object: 'Object Repository/APOLLO- Desktop/Collection page/Beef skewers' is clicked on

2019-07-09 16:02:32 - [MESSAGE][PASSED] - Object: 'Object Repository/APOLLO- Desktop/Collection page/Beef skewers' is clicked on

2019-07-09 16:02:32 - [TEST_STEP][PASSED] - executeJavaScript("var previewBar = document.getElementById("preview-bar-iframe"); previewBar.style.display = "none";", []): Execute JavaScript 'var previewBar = document.getElementById("preview-bar-iframe"); previewBar.style.display = "none";' successfully

2019-07-09 16:02:32 - [MESSAGE][PASSED] - Execute JavaScript 'var previewBar = document.getElementById("preview-bar-iframe"); previewBar.style.display = "none";' successfully

2019-07-09 16:02:32 - [TEST_STEP][PASSED] - delay(2): Delayed 2 second(s)

2019-07-09 16:02:34 - [MESSAGE][PASSED] - Delayed 2 second(s)

2019-07-09 16:02:34 - [TEST_STEP][PASSED] - click(findTestObject("APOLLO- Desktop/Product page/You might alos like/you might also like")): Object: 'Object Repository/APOLLO- Desktop/Product page/You might alos like/you might also like' is clicked on

2019-07-09 16:02:35 - [MESSAGE][PASSED] - Object: 'Object Repository/APOLLO- Desktop/Product page/You might alos like/you might also like' is clicked on

2019-07-09 16:02:35 - [TEST_STEP][PASSED] - delay(2): Delayed 2 second(s)

2019-07-09 16:02:37 - [MESSAGE][PASSED] - Delayed 2 second(s)

2019-07-09 16:02:37 - [TEST_STEP][PASSED] - click(findTestObject("APOLLO- Desktop/Product page/You might alos like/Next button")): Object: 'Object Repository/APOLLO- Desktop/Product page/You might alos like/Next button' is clicked on

2019-07-09 16:02:37 - [MESSAGE][PASSED] - Object: 'Object Repository/APOLLO- Desktop/Product page/You might alos like/Next button' is clicked on

2019-07-09 16:02:37 - [TEST_STEP][PASSED] - delay(2): Delayed 2 second(s)

2019-07-09 16:02:39 - [MESSAGE][PASSED] - Delayed 2 second(s)

2019-07-09 16:02:39 - [TEST_STEP][PASSED] - click(findTestObject("APOLLO- Desktop/Product page/You might alos like/Previous button")): Object: 'Object Repository/APOLLO- Desktop/Product page/You might alos like/Previous button' is clicked on

2019-07-09 16:02:39 - [MESSAGE][PASSED] - Object: 'Object Repository/APOLLO- Desktop/Product page/You might alos like/Previous button' is clicked on

2019-07-09 16:02:39 - [TEST_STEP][PASSED] - delay(2): Delayed 2 second(s)

2019-07-09 16:02:41 - [MESSAGE][PASSED] - Delayed 2 second(s)

2019-07-09 16:02:41 - [TEST_STEP][PASSED] - click(findTestObject("APOLLO- Desktop/Product page/You might alos like/Product tile")): Object: 'Object Repository/APOLLO- Desktop/Product page/You might alos like/Product tile' is clicked on

2019-07-09 16:02:47 - [MESSAGE][PASSED] - Object: 'Object Repository/APOLLO- Desktop/Product page/You might alos like/Product tile' is clicked on

2019-07-09 16:02:47 - [TEST_STEP][PASSED] - delay(2): Delayed 2 second(s)

2019-07-09 16:02:49 - [MESSAGE][PASSED] - Delayed 2 second(s)

2019-07-09 16:02:49 - [TEST_STEP][PASSED] - click(findTestObject("APOLLO- Desktop/Product page/Add to bag")): Object: 'Object Repository/APOLLO- Desktop/Product page/Add to bag' is clicked on

2019-07-09 16:02:49 - [MESSAGE][PASSED] - Object: 'Object Repository/APOLLO- Desktop/Product page/Add to bag' is clicked on

2019-07-09 16:02:49 - [TEST_STEP][PASSED] - delay(2): Delayed 2 second(s)

2019-07-09 16:02:51 - [MESSAGE][PASSED] - Delayed 2 second(s)

2019-07-09 16:02:51 - [TEST_STEP][PASSED] - executeJavaScript("var previewBar = document.getElementById("preview-bar-iframe"); previewBar.style.display = "none";", []): Execute JavaScript 'var previewBar = document.getElementById("preview-bar-iframe"); previewBar.style.display = "none";' successfully

2019-07-09 16:02:51 - [MESSAGE][PASSED] - Execute JavaScript 'var previewBar = document.getElementById("preview-bar-iframe"); previewBar.style.display = "none";' successfully

2019-07-09 16:02:51 - [TEST_STEP][PASSED] - click(findTestObject("APOLLO- Desktop/Cart flyout/Checkout")): Object: 'Object Repository/APOLLO- Desktop/Cart flyout/Checkout' is clicked on

2019-07-09 16:02:57 - [MESSAGE][PASSED] - Object: 'Object Repository/APOLLO- Desktop/Cart flyout/Checkout' is clicked on

2019-07-09 16:02:57 - [TEST_STEP][PASSED] - callTestCase(findTestCase("CALL- CUSTOMER INFO PAGE"), [:], STOP_ON_FAILURE): Call Test Case 'Test Cases/CALL- CUSTOMER INFO PAGE' successfully

2019-07-09 16:02:57 - [TEST_CASE][PASSED] - Test Cases/CALL- CUSTOMER INFO PAGE: Test Cases/CALL- CUSTOMER INFO PAGE

2019-07-09 16:02:57 - [TEST_STEP][PASSED] - delay(2): Delayed 2 second(s)

2019-07-09 16:02:59 - [MESSAGE][PASSED] - Delayed 2 second(s)

2019-07-09 16:02:59 - [TEST_STEP][PASSED] - executeJavaScript("var previewBar = document.getElementById("preview-bar-iframe"); previewBar.style.display = "none";", []): Execute JavaScript 'var previewBar = document.getElementById("preview-bar-iframe"); previewBar.style.display = "none";' successfully

2019-07-09 16:02:59 - [MESSAGE][PASSED] - Execute JavaScript 'var previewBar = document.getElementById("preview-bar-iframe"); previewBar.style.display = "none";' successfully

2019-07-09 16:02:59 - [TEST_STEP][PASSED] - setText(findTestObject("APOLLO- Desktop/Customer Information page/Email"), "suman@gmail.com"): Text 'suman@gmail.com' is set on object 'Object Repository/APOLLO- Desktop/Customer Information page/Email'

2019-07-09 16:02:59 - [MESSAGE][PASSED] - Text 'suman@gmail.com' is set on object 'Object Repository/APOLLO- Desktop/Customer Information page/Email'

2019-07-09 16:02:59 - [TEST_STEP][PASSED] - delay(2): Delayed 2 second(s)

2019-07-09 16:03:01 - [MESSAGE][PASSED] - Delayed 2 second(s)

2019-07-09 16:03:01 - [TEST_STEP][PASSED] - setText(findTestObject("APOLLO- Desktop/Customer Information page/First name"), "suman"): Text 'suman' is set on object 'Object Repository/APOLLO- Desktop/Customer Information page/First name'

2019-07-09 16:03:01 - [MESSAGE][PASSED] - Text 'suman' is set on object 'Object Repository/APOLLO- Desktop/Customer Information page/First name'

2019-07-09 16:03:01 - [TEST_STEP][PASSED] - delay(2): Delayed 2 second(s)

2019-07-09 16:03:03 - [MESSAGE][PASSED] - Delayed 2 second(s)

2019-07-09 16:03:03 - [TEST_STEP][PASSED] - setText(findTestObject("APOLLO- Desktop/Customer Information page/Last name"), "kompelly"): Text 'kompelly' is set on object 'Object Repository/APOLLO- Desktop/Customer Information page/Last name'

2019-07-09 16:03:03 - [MESSAGE][PASSED] - Text 'kompelly' is set on object 'Object Repository/APOLLO- Desktop/Customer Information page/Last name'

2019-07-09 16:03:03 - [TEST_STEP][PASSED] - delay(2): Delayed 2 second(s)

2019-07-09 16:03:05 - [MESSAGE][PASSED] - Delayed 2 second(s)

2019-07-09 16:03:05 - [TEST_STEP][PASSED] - setText(findTestObject("APOLLO- Desktop/Customer Information page/Address"), "1435 st alxendre"): Text '1435 st alxendre' is set on object 'Object Repository/APOLLO- Desktop/Customer Information page/Address'

2019-07-09 16:03:05 - [MESSAGE][PASSED] - Text '1435 st alxendre' is set on object 'Object Repository/APOLLO- Desktop/Customer Information page/Address'

2019-07-09 16:03:05 - [TEST_STEP][PASSED] - setText(findTestObject("APOLLO- Desktop/Customer Information page/Apartment"), "220"): Text '220' is set on object 'Object Repository/APOLLO- Desktop/Customer Information page/Apartment'

2019-07-09 16:03:05 - [MESSAGE][PASSED] - Text '220' is set on object 'Object Repository/APOLLO- Desktop/Customer Information page/Apartment'

2019-07-09 16:03:05 - [TEST_STEP][PASSED] - setText(findTestObject("APOLLO- Desktop/Customer Information page/City"), "montreal"): Text 'montreal' is set on object 'Object Repository/APOLLO- Desktop/Customer Information page/City'

2019-07-09 16:03:05 - [MESSAGE][PASSED] - Text 'montreal' is set on object 'Object Repository/APOLLO- Desktop/Customer Information page/City'

2019-07-09 16:03:05 - [TEST_STEP][PASSED] - selectOptionByValue(findTestObject("APOLLO- Desktop/Customer Information page/Country dropdown"), "United States", true): All options with value 'United States' are selected in object 'Object Repository/APOLLO- Desktop/Customer Information page/Country dropdown'  using regular expression

2019-07-09 16:03:10 - [MESSAGE][PASSED] - All options with value 'United States' are selected in object 'Object Repository/APOLLO- Desktop/Customer Information page/Country dropdown'  using regular expression

2019-07-09 16:03:10 - [TEST_STEP][PASSED] - selectOptionByValue(findTestObject("APOLLO- Desktop/Customer Information page/states dropdown"), "NJ", true): All options with value 'NJ' are selected in object 'Object Repository/APOLLO- Desktop/Customer Information page/states dropdown'  using regular expression

2019-07-09 16:03:11 - [MESSAGE][PASSED] - All options with value 'NJ' are selected in object 'Object Repository/APOLLO- Desktop/Customer Information page/states dropdown'  using regular expression

2019-07-09 16:03:11 - [TEST_STEP][PASSED] - setText(findTestObject("APOLLO- Desktop/Customer Information page/ZIP code"), "07057"): Text '07057' is set on object 'Object Repository/APOLLO- Desktop/Customer Information page/ZIP code'

2019-07-09 16:03:11 - [MESSAGE][PASSED] - Text '07057' is set on object 'Object Repository/APOLLO- Desktop/Customer Information page/ZIP code'

2019-07-09 16:03:11 - [MESSAGE][PASSED] - Call Test Case 'Test Cases/CALL- CUSTOMER INFO PAGE' successfully

2019-07-09 16:03:11 - [TEST_STEP][PASSED] - delay(2): Delayed 2 second(s)

2019-07-09 16:03:13 - [MESSAGE][PASSED] - Delayed 2 second(s)

2019-07-09 16:03:13 - [TEST_STEP][PASSED] - callTestCase(findTestCase("CALL - SHIPPING TO PAYMENT"), [:], STOP_ON_FAILURE): Call Test Case 'Test Cases/CALL - SHIPPING TO PAYMENT' successfully

2019-07-09 16:03:13 - [TEST_CASE][PASSED] - Test Cases/CALL - SHIPPING TO PAYMENT: Test Cases/CALL - SHIPPING TO PAYMENT

2019-07-09 16:03:14 - [TEST_STEP][PASSED] - click(findTestObject("APOLLO- Desktop/Customer Information page/Continue to shipping")): Object: 'Object Repository/APOLLO- Desktop/Customer Information page/Continue to shipping' is clicked on

2019-07-09 16:03:16 - [MESSAGE][PASSED] - Object: 'Object Repository/APOLLO- Desktop/Customer Information page/Continue to shipping' is clicked on

2019-07-09 16:03:16 - [TEST_STEP][PASSED] - executeJavaScript("var previewBar = document.getElementById("preview-bar-iframe"); previewBar.style.display = "none";", []): Execute JavaScript 'var previewBar = document.getElementById("preview-bar-iframe"); previewBar.style.display = "none";' successfully

2019-07-09 16:03:16 - [MESSAGE][PASSED] - Execute JavaScript 'var previewBar = document.getElementById("preview-bar-iframe"); previewBar.style.display = "none";' successfully

2019-07-09 16:03:16 - [TEST_STEP][PASSED] - click(findTestObject("APOLLO- Desktop/Shipping page/Radio button check")): Object: 'Object Repository/APOLLO- Desktop/Shipping page/Radio button check' is clicked on

2019-07-09 16:03:17 - [MESSAGE][PASSED] - Object: 'Object Repository/APOLLO- Desktop/Shipping page/Radio button check' is clicked on

2019-07-09 16:03:17 - [TEST_STEP][PASSED] - executeJavaScript("var previewBar = document.getElementById("preview-bar-iframe"); previewBar.style.display = "none";", []): Execute JavaScript 'var previewBar = document.getElementById("preview-bar-iframe"); previewBar.style.display = "none";' successfully

2019-07-09 16:03:17 - [MESSAGE][PASSED] - Execute JavaScript 'var previewBar = document.getElementById("preview-bar-iframe"); previewBar.style.display = "none";' successfully

2019-07-09 16:03:17 - [TEST_STEP][PASSED] - click(findTestObject("APOLLO- Desktop/Shipping page/Continue to payment")): Object: 'Object Repository/APOLLO- Desktop/Shipping page/Continue to payment' is clicked on

2019-07-09 16:03:21 - [MESSAGE][PASSED] - Object: 'Object Repository/APOLLO- Desktop/Shipping page/Continue to payment' is clicked on

2019-07-09 16:03:21 - [TEST_STEP][PASSED] - executeJavaScript("var previewBar = document.getElementById("preview-bar-iframe"); previewBar.style.display = "none";", []): Execute JavaScript 'var previewBar = document.getElementById("preview-bar-iframe"); previewBar.style.display = "none";' successfully

2019-07-09 16:03:21 - [MESSAGE][PASSED] - Execute JavaScript 'var previewBar = document.getElementById("preview-bar-iframe"); previewBar.style.display = "none";' successfully

2019-07-09 16:03:21 - [TEST_STEP][PASSED] - verifyTextPresent("Payment", false): Text 'Payment' is present on page 

2019-07-09 16:03:22 - [MESSAGE][PASSED] - Text 'Payment' is present on page 

2019-07-09 16:03:22 - [MESSAGE][PASSED] - Call Test Case 'Test Cases/CALL - SHIPPING TO PAYMENT' successfully]]></system-out>
         <system-err><![CDATA[]]></system-err>
      </testcase>
      <testcase name="Test Cases/PRODUCT PAGE/Shop all products CTA" classname="Test Cases/PRODUCT PAGE/Shop all products CTA" status="PASSED">
         <system-out><![CDATA[2019-07-09 16:03:22 - [TEST_CASE][PASSED] - Test Cases/PRODUCT PAGE/Shop all products CTA: Test Cases/PRODUCT PAGE/Shop all products CTA

2019-07-09 16:03:22 - [TEST_STEP][PASSED] - callTestCase(findTestCase("CALL - URL"), [:], STOP_ON_FAILURE): Call Test Case 'Test Cases/CALL - URL' successfully

2019-07-09 16:03:22 - [TEST_CASE][PASSED] - Test Cases/CALL - URL: Test Cases/CALL - URL

2019-07-09 16:03:22 - [TEST_STEP][PASSED] - openBrowser(""): Browser is opened with url: ''

2019-07-09 16:03:22 - [MESSAGE][WARNING] - A browser is already opened. Closing browser and opening a new one

2019-07-09 16:03:22 - [MESSAGE][INFO] - Starting 'Firefox' driver

2019-07-09 16:03:24 - [MESSAGE][PASSED] - Browser is opened with url: ''

2019-07-09 16:03:24 - [TEST_STEP][PASSED] - navigateToUrl("https://apollo-fireball.myshopify.com/?_ab=0&_fd=0&_sc=1&key=96c2edace7b9967f3a77c2e2b131937136039831e9ec35f31598610005fa8795&preview_theme_id=46803124304"): Navigate to 'https://apollo-fireball.myshopify.com/?_ab=0&_fd=0&_sc=1&key=96c2edace7b9967f3a77c2e2b131937136039831e9ec35f31598610005fa8795&preview_theme_id=46803124304' successfully

2019-07-09 16:03:31 - [MESSAGE][PASSED] - Navigate to 'https://apollo-fireball.myshopify.com/?_ab=0&_fd=0&_sc=1&key=96c2edace7b9967f3a77c2e2b131937136039831e9ec35f31598610005fa8795&preview_theme_id=46803124304' successfully

2019-07-09 16:03:31 - [TEST_STEP][PASSED] - executeJavaScript("var previewBar = document.getElementById("preview-bar-iframe"); previewBar.style.display = "none";", []): Execute JavaScript 'var previewBar = document.getElementById("preview-bar-iframe"); previewBar.style.display = "none";' successfully

2019-07-09 16:03:31 - [MESSAGE][PASSED] - Execute JavaScript 'var previewBar = document.getElementById("preview-bar-iframe"); previewBar.style.display = "none";' successfully

2019-07-09 16:03:31 - [TEST_STEP][PASSED] - maximizeWindow(): Current window maximized

2019-07-09 16:03:31 - [MESSAGE][PASSED] - Current window maximized

2019-07-09 16:03:31 - [MESSAGE][PASSED] - Call Test Case 'Test Cases/CALL - URL' successfully

2019-07-09 16:03:31 - [TEST_STEP][PASSED] - delay(2): Delayed 2 second(s)

2019-07-09 16:03:33 - [MESSAGE][PASSED] - Delayed 2 second(s)

2019-07-09 16:03:33 - [TEST_STEP][PASSED] - click(findTestObject("APOLLO- Desktop/Burger Menu/Burgermenu")): Object: 'Object Repository/APOLLO- Desktop/Burger Menu/Burgermenu' is clicked on

2019-07-09 16:03:34 - [MESSAGE][PASSED] - Object: 'Object Repository/APOLLO- Desktop/Burger Menu/Burgermenu' is clicked on

2019-07-09 16:03:34 - [TEST_STEP][PASSED] - delay(2): Delayed 2 second(s)

2019-07-09 16:03:36 - [MESSAGE][PASSED] - Delayed 2 second(s)

2019-07-09 16:03:36 - [TEST_STEP][PASSED] - click(findTestObject("APOLLO- Desktop/Burger Menu/Shop food")): Object: 'Object Repository/APOLLO- Desktop/Burger Menu/Shop food' is clicked on

2019-07-09 16:03:36 - [MESSAGE][PASSED] - Object: 'Object Repository/APOLLO- Desktop/Burger Menu/Shop food' is clicked on

2019-07-09 16:03:36 - [TEST_STEP][PASSED] - delay(2): Delayed 2 second(s)

2019-07-09 16:03:38 - [MESSAGE][PASSED] - Delayed 2 second(s)

2019-07-09 16:03:38 - [TEST_STEP][PASSED] - click(findTestObject("APOLLO- Desktop/Burger Menu/Beef")): Object: 'Object Repository/APOLLO- Desktop/Burger Menu/Beef' is clicked on

2019-07-09 16:03:42 - [MESSAGE][PASSED] - Object: 'Object Repository/APOLLO- Desktop/Burger Menu/Beef' is clicked on

2019-07-09 16:03:42 - [TEST_STEP][PASSED] - delay(2): Delayed 2 second(s)

2019-07-09 16:03:44 - [MESSAGE][PASSED] - Delayed 2 second(s)

2019-07-09 16:03:44 - [TEST_STEP][PASSED] - executeJavaScript("var previewBar = document.getElementById("preview-bar-iframe"); previewBar.style.display = "none";", []): Execute JavaScript 'var previewBar = document.getElementById("preview-bar-iframe"); previewBar.style.display = "none";' successfully

2019-07-09 16:03:44 - [MESSAGE][PASSED] - Execute JavaScript 'var previewBar = document.getElementById("preview-bar-iframe"); previewBar.style.display = "none";' successfully

2019-07-09 16:03:44 - [TEST_STEP][PASSED] - delay(2): Delayed 2 second(s)

2019-07-09 16:03:46 - [MESSAGE][PASSED] - Delayed 2 second(s)

2019-07-09 16:03:46 - [TEST_STEP][PASSED] - click(findTestObject("APOLLO- Desktop/Collection page/Beef skewers")): Object: 'Object Repository/APOLLO- Desktop/Collection page/Beef skewers' is clicked on

2019-07-09 16:03:50 - [MESSAGE][PASSED] - Object: 'Object Repository/APOLLO- Desktop/Collection page/Beef skewers' is clicked on

2019-07-09 16:03:50 - [TEST_STEP][PASSED] - executeJavaScript("var previewBar = document.getElementById("preview-bar-iframe"); previewBar.style.display = "none";", []): Execute JavaScript 'var previewBar = document.getElementById("preview-bar-iframe"); previewBar.style.display = "none";' successfully

2019-07-09 16:03:50 - [MESSAGE][PASSED] - Execute JavaScript 'var previewBar = document.getElementById("preview-bar-iframe"); previewBar.style.display = "none";' successfully

2019-07-09 16:03:50 - [TEST_STEP][PASSED] - delay(2): Delayed 2 second(s)

2019-07-09 16:03:52 - [MESSAGE][PASSED] - Delayed 2 second(s)

2019-07-09 16:03:52 - [TEST_STEP][PASSED] - click(findTestObject("APOLLO- Desktop/Product page/a_Shop all products")): Object: 'Object Repository/APOLLO- Desktop/Product page/a_Shop all products' is clicked on

2019-07-09 16:03:57 - [MESSAGE][PASSED] - Object: 'Object Repository/APOLLO- Desktop/Product page/a_Shop all products' is clicked on

2019-07-09 16:03:57 - [TEST_STEP][PASSED] - a = getWindowTitle(): Current window's title is: 'Beef Skewers – Apollo Fireball'

2019-07-09 16:03:57 - [MESSAGE][PASSED] - Current window's title is: 'Beef Skewers – Apollo Fireball'

2019-07-09 16:03:57 - [TEST_STEP][PASSED] - comment(" a=" + a):  a=Beef Skewers – Apollo Fireball

2019-07-09 16:03:57 - [MESSAGE][INFO] -  a=Beef Skewers – Apollo Fireball

2019-07-09 16:03:57 - [TEST_STEP][PASSED] - b = "Products – Diff Apollo": null

2019-07-09 16:03:57 - [TEST_STEP][PASSED] - if (a == b): null

2019-07-09 16:03:57 - [TEST_STEP][PASSED] - else: wrong page

2019-07-09 16:03:57 - [TEST_STEP][PASSED] - comment("wrong page"): wrong page

2019-07-09 16:03:57 - [MESSAGE][INFO] - wrong page]]></system-out>
         <system-err><![CDATA[]]></system-err>
      </testcase>
      <testcase name="Test Cases/CRITICAL PATH/Home page - add to bag CTA" classname="Test Cases/CRITICAL PATH/Home page - add to bag CTA" status="PASSED">
         <system-out><![CDATA[2019-07-09 16:03:57 - [TEST_CASE][PASSED] - Test Cases/CRITICAL PATH/Home page - add to bag CTA: Test Cases/CRITICAL PATH/Home page - add to bag CTA

2019-07-09 16:03:57 - [TEST_STEP][PASSED] - callTestCase(findTestCase("CALL - URL"), [:], STOP_ON_FAILURE): Call Test Case 'Test Cases/CALL - URL' successfully

2019-07-09 16:03:57 - [TEST_CASE][PASSED] - Test Cases/CALL - URL: Test Cases/CALL - URL

2019-07-09 16:03:57 - [TEST_STEP][PASSED] - openBrowser(""): Browser is opened with url: ''

2019-07-09 16:03:57 - [MESSAGE][WARNING] - A browser is already opened. Closing browser and opening a new one

2019-07-09 16:03:58 - [MESSAGE][INFO] - Starting 'Firefox' driver

2019-07-09 16:04:00 - [MESSAGE][PASSED] - Browser is opened with url: ''

2019-07-09 16:04:00 - [TEST_STEP][PASSED] - navigateToUrl("https://apollo-fireball.myshopify.com/?_ab=0&_fd=0&_sc=1&key=96c2edace7b9967f3a77c2e2b131937136039831e9ec35f31598610005fa8795&preview_theme_id=46803124304"): Navigate to 'https://apollo-fireball.myshopify.com/?_ab=0&_fd=0&_sc=1&key=96c2edace7b9967f3a77c2e2b131937136039831e9ec35f31598610005fa8795&preview_theme_id=46803124304' successfully

2019-07-09 16:04:07 - [MESSAGE][PASSED] - Navigate to 'https://apollo-fireball.myshopify.com/?_ab=0&_fd=0&_sc=1&key=96c2edace7b9967f3a77c2e2b131937136039831e9ec35f31598610005fa8795&preview_theme_id=46803124304' successfully

2019-07-09 16:04:07 - [TEST_STEP][PASSED] - executeJavaScript("var previewBar = document.getElementById("preview-bar-iframe"); previewBar.style.display = "none";", []): Execute JavaScript 'var previewBar = document.getElementById("preview-bar-iframe"); previewBar.style.display = "none";' successfully

2019-07-09 16:04:07 - [MESSAGE][PASSED] - Execute JavaScript 'var previewBar = document.getElementById("preview-bar-iframe"); previewBar.style.display = "none";' successfully

2019-07-09 16:04:07 - [TEST_STEP][PASSED] - maximizeWindow(): Current window maximized

2019-07-09 16:04:07 - [MESSAGE][PASSED] - Current window maximized

2019-07-09 16:04:07 - [MESSAGE][PASSED] - Call Test Case 'Test Cases/CALL - URL' successfully

2019-07-09 16:04:07 - [TEST_STEP][PASSED] - flag = verifyElementClickable(findTestObject("APOLLO- Desktop/Product page/0.5 lb")): Object 'Object Repository/APOLLO- Desktop/Product page/0.5 lb' is clickable

2019-07-09 16:04:08 - [MESSAGE][PASSED] - Object 'Object Repository/APOLLO- Desktop/Product page/0.5 lb' is clickable

2019-07-09 16:04:08 - [TEST_STEP][PASSED] - comment("flag=" + flag): flag=true

2019-07-09 16:04:08 - [MESSAGE][INFO] - flag=true

2019-07-09 16:04:08 - [TEST_STEP][PASSED] - if (flag == true): Object: 'Object Repository/APOLLO- Desktop/Product page/Add to bag' is clicked on

2019-07-09 16:04:08 - [TEST_STEP][PASSED] - click(findTestObject("APOLLO- Desktop/Product page/0.5 lb")): Object: 'Object Repository/APOLLO- Desktop/Product page/0.5 lb' is clicked on

2019-07-09 16:04:09 - [MESSAGE][PASSED] - Object: 'Object Repository/APOLLO- Desktop/Product page/0.5 lb' is clicked on

2019-07-09 16:04:09 - [TEST_STEP][PASSED] - delay(1): Delayed 1 second(s)

2019-07-09 16:04:10 - [MESSAGE][PASSED] - Delayed 1 second(s)

2019-07-09 16:04:10 - [TEST_STEP][PASSED] - a = verifyElementClickable(findTestObject("APOLLO- Desktop/Product page/Add to bag"), CONTINUE_ON_FAILURE): Object 'Object Repository/APOLLO- Desktop/Product page/Add to bag' is clickable

2019-07-09 16:04:10 - [MESSAGE][PASSED] - Object 'Object Repository/APOLLO- Desktop/Product page/Add to bag' is clickable

2019-07-09 16:04:10 - [TEST_STEP][PASSED] - comment("a=" + a): a=true

2019-07-09 16:04:10 - [MESSAGE][INFO] - a=true

2019-07-09 16:04:10 - [TEST_STEP][PASSED] - if (a == true): Object: 'Object Repository/APOLLO- Desktop/Product page/Add to bag' is clicked on

2019-07-09 16:04:10 - [TEST_STEP][PASSED] - click(findTestObject("APOLLO- Desktop/Product page/Add to bag")): Object: 'Object Repository/APOLLO- Desktop/Product page/Add to bag' is clicked on

2019-07-09 16:04:11 - [MESSAGE][PASSED] - Object: 'Object Repository/APOLLO- Desktop/Product page/Add to bag' is clicked on

2019-07-09 16:04:11 - [TEST_STEP][PASSED] - delay(2): Delayed 2 second(s)

2019-07-09 16:04:13 - [MESSAGE][PASSED] - Delayed 2 second(s)

2019-07-09 16:04:13 - [TEST_STEP][PASSED] - click(findTestObject("APOLLO- Desktop/Cart flyout/Cart collapse")): Object: 'Object Repository/APOLLO- Desktop/Cart flyout/Cart collapse' is clicked on

2019-07-09 16:04:13 - [MESSAGE][PASSED] - Object: 'Object Repository/APOLLO- Desktop/Cart flyout/Cart collapse' is clicked on

2019-07-09 16:04:13 - [TEST_STEP][PASSED] - delay(1): Delayed 1 second(s)

2019-07-09 16:04:14 - [MESSAGE][PASSED] - Delayed 1 second(s)

2019-07-09 16:04:14 - [TEST_STEP][PASSED] - flag1 = verifyElementClickable(findTestObject("APOLLO- Desktop/Product page/1 lb")): Object 'Object Repository/APOLLO- Desktop/Product page/1 lb' is clickable

2019-07-09 16:04:14 - [MESSAGE][PASSED] - Object 'Object Repository/APOLLO- Desktop/Product page/1 lb' is clickable

2019-07-09 16:04:14 - [TEST_STEP][PASSED] - comment("flag1=" + flag1): flag1=true

2019-07-09 16:04:14 - [MESSAGE][INFO] - flag1=true

2019-07-09 16:04:14 - [TEST_STEP][PASSED] - if (flag1 == true): Object: 'Object Repository/APOLLO- Desktop/Product page/Add to bag' is clicked on

2019-07-09 16:04:14 - [TEST_STEP][PASSED] - click(findTestObject("APOLLO- Desktop/Product page/1 lb")): Object: 'Object Repository/APOLLO- Desktop/Product page/1 lb' is clicked on

2019-07-09 16:04:14 - [MESSAGE][PASSED] - Object: 'Object Repository/APOLLO- Desktop/Product page/1 lb' is clicked on

2019-07-09 16:04:14 - [TEST_STEP][PASSED] - delay(1): Delayed 1 second(s)

2019-07-09 16:04:15 - [MESSAGE][PASSED] - Delayed 1 second(s)

2019-07-09 16:04:15 - [TEST_STEP][PASSED] - a1 = verifyElementClickable(findTestObject("APOLLO- Desktop/Product page/Add to bag"), CONTINUE_ON_FAILURE): Object 'Object Repository/APOLLO- Desktop/Product page/Add to bag' is clickable

2019-07-09 16:04:15 - [MESSAGE][PASSED] - Object 'Object Repository/APOLLO- Desktop/Product page/Add to bag' is clickable

2019-07-09 16:04:15 - [TEST_STEP][PASSED] - comment("a1=" + a1): a1=true

2019-07-09 16:04:15 - [MESSAGE][INFO] - a1=true

2019-07-09 16:04:15 - [TEST_STEP][PASSED] - if (a1 == true): Object: 'Object Repository/APOLLO- Desktop/Product page/Add to bag' is clicked on

2019-07-09 16:04:15 - [TEST_STEP][PASSED] - click(findTestObject("APOLLO- Desktop/Product page/Add to bag")): Object: 'Object Repository/APOLLO- Desktop/Product page/Add to bag' is clicked on

2019-07-09 16:04:16 - [MESSAGE][PASSED] - Object: 'Object Repository/APOLLO- Desktop/Product page/Add to bag' is clicked on

2019-07-09 16:04:16 - [TEST_STEP][PASSED] - delay(2): Delayed 2 second(s)

2019-07-09 16:04:18 - [MESSAGE][PASSED] - Delayed 2 second(s)

2019-07-09 16:04:18 - [TEST_STEP][PASSED] - click(findTestObject("APOLLO- Desktop/Cart flyout/Cart collapse")): Object: 'Object Repository/APOLLO- Desktop/Cart flyout/Cart collapse' is clicked on

2019-07-09 16:04:18 - [MESSAGE][PASSED] - Object: 'Object Repository/APOLLO- Desktop/Cart flyout/Cart collapse' is clicked on

2019-07-09 16:04:18 - [TEST_STEP][PASSED] - delay(1): Delayed 1 second(s)

2019-07-09 16:04:19 - [MESSAGE][PASSED] - Delayed 1 second(s)

2019-07-09 16:04:19 - [TEST_STEP][PASSED] - flag2 = verifyElementClickable(findTestObject("APOLLO- Desktop/Product page/2 lb")): Object 'Object Repository/APOLLO- Desktop/Product page/2 lb' is clickable

2019-07-09 16:04:19 - [MESSAGE][PASSED] - Object 'Object Repository/APOLLO- Desktop/Product page/2 lb' is clickable

2019-07-09 16:04:19 - [TEST_STEP][PASSED] - comment("flag2=" + flag2): flag2=true

2019-07-09 16:04:19 - [MESSAGE][INFO] - flag2=true

2019-07-09 16:04:19 - [TEST_STEP][PASSED] - if (flag2 == true): Object: 'Object Repository/APOLLO- Desktop/Product page/Add to bag' is clicked on

2019-07-09 16:04:19 - [TEST_STEP][PASSED] - click(findTestObject("APOLLO- Desktop/Product page/2 lb")): Object: 'Object Repository/APOLLO- Desktop/Product page/2 lb' is clicked on

2019-07-09 16:04:19 - [MESSAGE][PASSED] - Object: 'Object Repository/APOLLO- Desktop/Product page/2 lb' is clicked on

2019-07-09 16:04:19 - [TEST_STEP][PASSED] - delay(1): Delayed 1 second(s)

2019-07-09 16:04:20 - [MESSAGE][PASSED] - Delayed 1 second(s)

2019-07-09 16:04:20 - [TEST_STEP][PASSED] - a2 = verifyElementClickable(findTestObject("APOLLO- Desktop/Product page/Add to bag"), CONTINUE_ON_FAILURE): Object 'Object Repository/APOLLO- Desktop/Product page/Add to bag' is clickable

2019-07-09 16:04:20 - [MESSAGE][PASSED] - Object 'Object Repository/APOLLO- Desktop/Product page/Add to bag' is clickable

2019-07-09 16:04:20 - [TEST_STEP][PASSED] - comment("a2=" + a2): a2=true

2019-07-09 16:04:20 - [MESSAGE][INFO] - a2=true

2019-07-09 16:04:20 - [TEST_STEP][PASSED] - if (a2 == true): Object: 'Object Repository/APOLLO- Desktop/Product page/Add to bag' is clicked on

2019-07-09 16:04:20 - [TEST_STEP][PASSED] - click(findTestObject("APOLLO- Desktop/Product page/Add to bag")): Object: 'Object Repository/APOLLO- Desktop/Product page/Add to bag' is clicked on

2019-07-09 16:04:20 - [MESSAGE][PASSED] - Object: 'Object Repository/APOLLO- Desktop/Product page/Add to bag' is clicked on

2019-07-09 16:04:20 - [TEST_STEP][PASSED] - delay(2): Delayed 2 second(s)

2019-07-09 16:04:22 - [MESSAGE][PASSED] - Delayed 2 second(s)

2019-07-09 16:04:22 - [TEST_STEP][PASSED] - click(findTestObject("APOLLO- Desktop/Cart flyout/Cart collapse")): Object: 'Object Repository/APOLLO- Desktop/Cart flyout/Cart collapse' is clicked on

2019-07-09 16:04:23 - [MESSAGE][PASSED] - Object: 'Object Repository/APOLLO- Desktop/Cart flyout/Cart collapse' is clicked on

2019-07-09 16:04:23 - [TEST_STEP][PASSED] - delay(1): Delayed 1 second(s)

2019-07-09 16:04:24 - [MESSAGE][PASSED] - Delayed 1 second(s)

2019-07-09 16:04:24 - [TEST_STEP][PASSED] - flag3 = verifyElementClickable(findTestObject("APOLLO- Desktop/Product page/3 lb")): Object 'Object Repository/APOLLO- Desktop/Product page/3 lb' is clickable

2019-07-09 16:04:24 - [MESSAGE][PASSED] - Object 'Object Repository/APOLLO- Desktop/Product page/3 lb' is clickable

2019-07-09 16:04:24 - [TEST_STEP][PASSED] - comment("flag3=" + flag3): flag3=true

2019-07-09 16:04:24 - [MESSAGE][INFO] - flag3=true

2019-07-09 16:04:24 - [TEST_STEP][PASSED] - if (flag3 == true): Object: 'Object Repository/APOLLO- Desktop/Product page/Add to bag' is clicked on

2019-07-09 16:04:24 - [TEST_STEP][PASSED] - click(findTestObject("APOLLO- Desktop/Product page/3 lb")): Object: 'Object Repository/APOLLO- Desktop/Product page/3 lb' is clicked on

2019-07-09 16:04:24 - [MESSAGE][PASSED] - Object: 'Object Repository/APOLLO- Desktop/Product page/3 lb' is clicked on

2019-07-09 16:04:24 - [TEST_STEP][PASSED] - delay(1): Delayed 1 second(s)

2019-07-09 16:04:25 - [MESSAGE][PASSED] - Delayed 1 second(s)

2019-07-09 16:04:25 - [TEST_STEP][PASSED] - a3 = verifyElementClickable(findTestObject("APOLLO- Desktop/Product page/Add to bag"), CONTINUE_ON_FAILURE): Object 'Object Repository/APOLLO- Desktop/Product page/Add to bag' is clickable

2019-07-09 16:04:25 - [MESSAGE][PASSED] - Object 'Object Repository/APOLLO- Desktop/Product page/Add to bag' is clickable

2019-07-09 16:04:25 - [TEST_STEP][PASSED] - comment("a3=" + a3): a3=true

2019-07-09 16:04:25 - [MESSAGE][INFO] - a3=true

2019-07-09 16:04:25 - [TEST_STEP][PASSED] - if (a3 == true): Object: 'Object Repository/APOLLO- Desktop/Product page/Add to bag' is clicked on

2019-07-09 16:04:25 - [TEST_STEP][PASSED] - click(findTestObject("APOLLO- Desktop/Product page/Add to bag")): Object: 'Object Repository/APOLLO- Desktop/Product page/Add to bag' is clicked on

2019-07-09 16:04:25 - [MESSAGE][PASSED] - Object: 'Object Repository/APOLLO- Desktop/Product page/Add to bag' is clicked on

2019-07-09 16:04:25 - [TEST_STEP][PASSED] - delay(2): Delayed 2 second(s)

2019-07-09 16:04:27 - [MESSAGE][PASSED] - Delayed 2 second(s)

2019-07-09 16:04:27 - [TEST_STEP][PASSED] - delay(1): Delayed 1 second(s)

2019-07-09 16:04:28 - [MESSAGE][PASSED] - Delayed 1 second(s)

2019-07-09 16:04:28 - [TEST_STEP][PASSED] - click(findTestObject("APOLLO- Desktop/Cart flyout/Cart collapse")): Object: 'Object Repository/APOLLO- Desktop/Cart flyout/Cart collapse' is clicked on

2019-07-09 16:04:28 - [MESSAGE][PASSED] - Object: 'Object Repository/APOLLO- Desktop/Cart flyout/Cart collapse' is clicked on

2019-07-09 16:04:28 - [TEST_STEP][PASSED] - delay(1): Delayed 1 second(s)

2019-07-09 16:04:29 - [MESSAGE][PASSED] - Delayed 1 second(s)

2019-07-09 16:04:29 - [TEST_STEP][PASSED] - flag4 = verifyElementClickable(findTestObject("APOLLO- Desktop/Product page/4 lbs")): Object 'Object Repository/APOLLO- Desktop/Product page/4 lbs' is clickable

2019-07-09 16:04:29 - [MESSAGE][PASSED] - Object 'Object Repository/APOLLO- Desktop/Product page/4 lbs' is clickable

2019-07-09 16:04:29 - [TEST_STEP][PASSED] - comment("flag4=" + flag4): flag4=true

2019-07-09 16:04:29 - [MESSAGE][INFO] - flag4=true

2019-07-09 16:04:29 - [TEST_STEP][PASSED] - if (flag4 == true): Object: 'Object Repository/APOLLO- Desktop/Product page/Add to bag' is clicked on

2019-07-09 16:04:29 - [TEST_STEP][PASSED] - click(findTestObject("APOLLO- Desktop/Product page/4 lbs")): Object: 'Object Repository/APOLLO- Desktop/Product page/4 lbs' is clicked on

2019-07-09 16:04:30 - [MESSAGE][PASSED] - Object: 'Object Repository/APOLLO- Desktop/Product page/4 lbs' is clicked on

2019-07-09 16:04:30 - [TEST_STEP][PASSED] - delay(1): Delayed 1 second(s)

2019-07-09 16:04:31 - [MESSAGE][PASSED] - Delayed 1 second(s)

2019-07-09 16:04:31 - [TEST_STEP][PASSED] - a4 = verifyElementClickable(findTestObject("APOLLO- Desktop/Product page/Add to bag"), CONTINUE_ON_FAILURE): Object 'Object Repository/APOLLO- Desktop/Product page/Add to bag' is clickable

2019-07-09 16:04:31 - [MESSAGE][PASSED] - Object 'Object Repository/APOLLO- Desktop/Product page/Add to bag' is clickable

2019-07-09 16:04:31 - [TEST_STEP][PASSED] - comment("a4=" + a4): a4=true

2019-07-09 16:04:31 - [MESSAGE][INFO] - a4=true

2019-07-09 16:04:31 - [TEST_STEP][PASSED] - if (a4 == true): Object: 'Object Repository/APOLLO- Desktop/Product page/Add to bag' is clicked on

2019-07-09 16:04:31 - [TEST_STEP][PASSED] - click(findTestObject("APOLLO- Desktop/Product page/Add to bag")): Object: 'Object Repository/APOLLO- Desktop/Product page/Add to bag' is clicked on

2019-07-09 16:04:31 - [MESSAGE][PASSED] - Object: 'Object Repository/APOLLO- Desktop/Product page/Add to bag' is clicked on

2019-07-09 16:04:31 - [TEST_STEP][PASSED] - click(findTestObject("APOLLO- Desktop/Home page/cart icon open")): Object: 'Object Repository/APOLLO- Desktop/Home page/cart icon open' is clicked on

2019-07-09 16:04:31 - [MESSAGE][PASSED] - Object: 'Object Repository/APOLLO- Desktop/Home page/cart icon open' is clicked on

2019-07-09 16:04:31 - [TEST_STEP][PASSED] - delay(2): Delayed 2 second(s)

2019-07-09 16:04:33 - [MESSAGE][PASSED] - Delayed 2 second(s)

2019-07-09 16:04:33 - [TEST_STEP][PASSED] - click(findTestObject("APOLLO- Desktop/Cart flyout/Checkout")): Object: 'Object Repository/APOLLO- Desktop/Cart flyout/Checkout' is clicked on

2019-07-09 16:04:36 - [MESSAGE][PASSED] - Object: 'Object Repository/APOLLO- Desktop/Cart flyout/Checkout' is clicked on

2019-07-09 16:04:36 - [TEST_STEP][PASSED] - delay(2): Delayed 2 second(s)

2019-07-09 16:04:38 - [MESSAGE][PASSED] - Delayed 2 second(s)

2019-07-09 16:04:38 - [TEST_STEP][PASSED] - callTestCase(findTestCase("CALL- CUSTOMER INFO PAGE"), [:], STOP_ON_FAILURE): Call Test Case 'Test Cases/CALL- CUSTOMER INFO PAGE' successfully

2019-07-09 16:04:38 - [TEST_CASE][PASSED] - Test Cases/CALL- CUSTOMER INFO PAGE: Test Cases/CALL- CUSTOMER INFO PAGE

2019-07-09 16:04:38 - [TEST_STEP][PASSED] - delay(2): Delayed 2 second(s)

2019-07-09 16:04:40 - [MESSAGE][PASSED] - Delayed 2 second(s)

2019-07-09 16:04:40 - [TEST_STEP][PASSED] - executeJavaScript("var previewBar = document.getElementById("preview-bar-iframe"); previewBar.style.display = "none";", []): Execute JavaScript 'var previewBar = document.getElementById("preview-bar-iframe"); previewBar.style.display = "none";' successfully

2019-07-09 16:04:40 - [MESSAGE][PASSED] - Execute JavaScript 'var previewBar = document.getElementById("preview-bar-iframe"); previewBar.style.display = "none";' successfully

2019-07-09 16:04:40 - [TEST_STEP][PASSED] - setText(findTestObject("APOLLO- Desktop/Customer Information page/Email"), "suman@gmail.com"): Text 'suman@gmail.com' is set on object 'Object Repository/APOLLO- Desktop/Customer Information page/Email'

2019-07-09 16:04:40 - [MESSAGE][PASSED] - Text 'suman@gmail.com' is set on object 'Object Repository/APOLLO- Desktop/Customer Information page/Email'

2019-07-09 16:04:40 - [TEST_STEP][PASSED] - delay(2): Delayed 2 second(s)

2019-07-09 16:04:42 - [MESSAGE][PASSED] - Delayed 2 second(s)

2019-07-09 16:04:42 - [TEST_STEP][PASSED] - setText(findTestObject("APOLLO- Desktop/Customer Information page/First name"), "suman"): Text 'suman' is set on object 'Object Repository/APOLLO- Desktop/Customer Information page/First name'

2019-07-09 16:04:42 - [MESSAGE][PASSED] - Text 'suman' is set on object 'Object Repository/APOLLO- Desktop/Customer Information page/First name'

2019-07-09 16:04:42 - [TEST_STEP][PASSED] - delay(2): Delayed 2 second(s)

2019-07-09 16:04:44 - [MESSAGE][PASSED] - Delayed 2 second(s)

2019-07-09 16:04:44 - [TEST_STEP][PASSED] - setText(findTestObject("APOLLO- Desktop/Customer Information page/Last name"), "kompelly"): Text 'kompelly' is set on object 'Object Repository/APOLLO- Desktop/Customer Information page/Last name'

2019-07-09 16:04:44 - [MESSAGE][PASSED] - Text 'kompelly' is set on object 'Object Repository/APOLLO- Desktop/Customer Information page/Last name'

2019-07-09 16:04:44 - [TEST_STEP][PASSED] - delay(2): Delayed 2 second(s)

2019-07-09 16:04:46 - [MESSAGE][PASSED] - Delayed 2 second(s)

2019-07-09 16:04:46 - [TEST_STEP][PASSED] - setText(findTestObject("APOLLO- Desktop/Customer Information page/Address"), "1435 st alxendre"): Text '1435 st alxendre' is set on object 'Object Repository/APOLLO- Desktop/Customer Information page/Address'

2019-07-09 16:04:46 - [MESSAGE][PASSED] - Text '1435 st alxendre' is set on object 'Object Repository/APOLLO- Desktop/Customer Information page/Address'

2019-07-09 16:04:46 - [TEST_STEP][PASSED] - setText(findTestObject("APOLLO- Desktop/Customer Information page/Apartment"), "220"): Text '220' is set on object 'Object Repository/APOLLO- Desktop/Customer Information page/Apartment'

2019-07-09 16:04:46 - [MESSAGE][PASSED] - Text '220' is set on object 'Object Repository/APOLLO- Desktop/Customer Information page/Apartment'

2019-07-09 16:04:46 - [TEST_STEP][PASSED] - setText(findTestObject("APOLLO- Desktop/Customer Information page/City"), "montreal"): Text 'montreal' is set on object 'Object Repository/APOLLO- Desktop/Customer Information page/City'

2019-07-09 16:04:46 - [MESSAGE][PASSED] - Text 'montreal' is set on object 'Object Repository/APOLLO- Desktop/Customer Information page/City'

2019-07-09 16:04:46 - [TEST_STEP][PASSED] - selectOptionByValue(findTestObject("APOLLO- Desktop/Customer Information page/Country dropdown"), "United States", true): All options with value 'United States' are selected in object 'Object Repository/APOLLO- Desktop/Customer Information page/Country dropdown'  using regular expression

2019-07-09 16:04:51 - [MESSAGE][PASSED] - All options with value 'United States' are selected in object 'Object Repository/APOLLO- Desktop/Customer Information page/Country dropdown'  using regular expression

2019-07-09 16:04:51 - [TEST_STEP][PASSED] - selectOptionByValue(findTestObject("APOLLO- Desktop/Customer Information page/states dropdown"), "NJ", true): All options with value 'NJ' are selected in object 'Object Repository/APOLLO- Desktop/Customer Information page/states dropdown'  using regular expression

2019-07-09 16:04:52 - [MESSAGE][PASSED] - All options with value 'NJ' are selected in object 'Object Repository/APOLLO- Desktop/Customer Information page/states dropdown'  using regular expression

2019-07-09 16:04:52 - [TEST_STEP][PASSED] - setText(findTestObject("APOLLO- Desktop/Customer Information page/ZIP code"), "07057"): Text '07057' is set on object 'Object Repository/APOLLO- Desktop/Customer Information page/ZIP code'

2019-07-09 16:04:52 - [MESSAGE][PASSED] - Text '07057' is set on object 'Object Repository/APOLLO- Desktop/Customer Information page/ZIP code'

2019-07-09 16:04:52 - [MESSAGE][PASSED] - Call Test Case 'Test Cases/CALL- CUSTOMER INFO PAGE' successfully

2019-07-09 16:04:52 - [TEST_STEP][PASSED] - delay(2): Delayed 2 second(s)

2019-07-09 16:04:54 - [MESSAGE][PASSED] - Delayed 2 second(s)

2019-07-09 16:04:54 - [TEST_STEP][PASSED] - callTestCase(findTestCase("CALL - SHIPPING TO PAYMENT"), [:], STOP_ON_FAILURE): Call Test Case 'Test Cases/CALL - SHIPPING TO PAYMENT' successfully

2019-07-09 16:04:54 - [TEST_CASE][PASSED] - Test Cases/CALL - SHIPPING TO PAYMENT: Test Cases/CALL - SHIPPING TO PAYMENT

2019-07-09 16:04:54 - [TEST_STEP][PASSED] - click(findTestObject("APOLLO- Desktop/Customer Information page/Continue to shipping")): Object: 'Object Repository/APOLLO- Desktop/Customer Information page/Continue to shipping' is clicked on

2019-07-09 16:04:57 - [MESSAGE][PASSED] - Object: 'Object Repository/APOLLO- Desktop/Customer Information page/Continue to shipping' is clicked on

2019-07-09 16:04:57 - [TEST_STEP][PASSED] - executeJavaScript("var previewBar = document.getElementById("preview-bar-iframe"); previewBar.style.display = "none";", []): Execute JavaScript 'var previewBar = document.getElementById("preview-bar-iframe"); previewBar.style.display = "none";' successfully

2019-07-09 16:04:57 - [MESSAGE][PASSED] - Execute JavaScript 'var previewBar = document.getElementById("preview-bar-iframe"); previewBar.style.display = "none";' successfully

2019-07-09 16:04:57 - [TEST_STEP][PASSED] - click(findTestObject("APOLLO- Desktop/Shipping page/Radio button check")): Object: 'Object Repository/APOLLO- Desktop/Shipping page/Radio button check' is clicked on

2019-07-09 16:04:59 - [MESSAGE][PASSED] - Object: 'Object Repository/APOLLO- Desktop/Shipping page/Radio button check' is clicked on

2019-07-09 16:04:59 - [TEST_STEP][PASSED] - executeJavaScript("var previewBar = document.getElementById("preview-bar-iframe"); previewBar.style.display = "none";", []): Execute JavaScript 'var previewBar = document.getElementById("preview-bar-iframe"); previewBar.style.display = "none";' successfully

2019-07-09 16:04:59 - [MESSAGE][PASSED] - Execute JavaScript 'var previewBar = document.getElementById("preview-bar-iframe"); previewBar.style.display = "none";' successfully

2019-07-09 16:04:59 - [TEST_STEP][PASSED] - click(findTestObject("APOLLO- Desktop/Shipping page/Continue to payment")): Object: 'Object Repository/APOLLO- Desktop/Shipping page/Continue to payment' is clicked on

2019-07-09 16:05:02 - [MESSAGE][PASSED] - Object: 'Object Repository/APOLLO- Desktop/Shipping page/Continue to payment' is clicked on

2019-07-09 16:05:02 - [TEST_STEP][PASSED] - executeJavaScript("var previewBar = document.getElementById("preview-bar-iframe"); previewBar.style.display = "none";", []): Execute JavaScript 'var previewBar = document.getElementById("preview-bar-iframe"); previewBar.style.display = "none";' successfully

2019-07-09 16:05:02 - [MESSAGE][PASSED] - Execute JavaScript 'var previewBar = document.getElementById("preview-bar-iframe"); previewBar.style.display = "none";' successfully

2019-07-09 16:05:02 - [TEST_STEP][PASSED] - verifyTextPresent("Payment", false): Text 'Payment' is present on page 

2019-07-09 16:05:03 - [MESSAGE][PASSED] - Text 'Payment' is present on page 

2019-07-09 16:05:03 - [MESSAGE][PASSED] - Call Test Case 'Test Cases/CALL - SHIPPING TO PAYMENT' successfully]]></system-out>
         <system-err><![CDATA[]]></system-err>
      </testcase>
      <testcase name="Test Cases/CRITICAL PATH/Increase quantity - cart page" classname="Test Cases/CRITICAL PATH/Increase quantity - cart page" status="PASSED">
         <system-out><![CDATA[2019-07-09 16:05:03 - [TEST_CASE][PASSED] - Test Cases/CRITICAL PATH/Increase quantity - cart page: Test Cases/CRITICAL PATH/Increase quantity - cart page

2019-07-09 16:05:03 - [TEST_STEP][PASSED] - callTestCase(findTestCase("CALL - URL"), [:], STOP_ON_FAILURE): Call Test Case 'Test Cases/CALL - URL' successfully

2019-07-09 16:05:03 - [TEST_CASE][PASSED] - Test Cases/CALL - URL: Test Cases/CALL - URL

2019-07-09 16:05:03 - [TEST_STEP][PASSED] - openBrowser(""): Browser is opened with url: ''

2019-07-09 16:05:03 - [MESSAGE][WARNING] - A browser is already opened. Closing browser and opening a new one

2019-07-09 16:05:04 - [MESSAGE][INFO] - Starting 'Firefox' driver

2019-07-09 16:05:07 - [MESSAGE][PASSED] - Browser is opened with url: ''

2019-07-09 16:05:07 - [TEST_STEP][PASSED] - navigateToUrl("https://apollo-fireball.myshopify.com/?_ab=0&_fd=0&_sc=1&key=96c2edace7b9967f3a77c2e2b131937136039831e9ec35f31598610005fa8795&preview_theme_id=46803124304"): Navigate to 'https://apollo-fireball.myshopify.com/?_ab=0&_fd=0&_sc=1&key=96c2edace7b9967f3a77c2e2b131937136039831e9ec35f31598610005fa8795&preview_theme_id=46803124304' successfully

2019-07-09 16:05:26 - [MESSAGE][PASSED] - Navigate to 'https://apollo-fireball.myshopify.com/?_ab=0&_fd=0&_sc=1&key=96c2edace7b9967f3a77c2e2b131937136039831e9ec35f31598610005fa8795&preview_theme_id=46803124304' successfully

2019-07-09 16:05:26 - [TEST_STEP][PASSED] - executeJavaScript("var previewBar = document.getElementById("preview-bar-iframe"); previewBar.style.display = "none";", []): Execute JavaScript 'var previewBar = document.getElementById("preview-bar-iframe"); previewBar.style.display = "none";' successfully

2019-07-09 16:05:26 - [MESSAGE][PASSED] - Execute JavaScript 'var previewBar = document.getElementById("preview-bar-iframe"); previewBar.style.display = "none";' successfully

2019-07-09 16:05:26 - [TEST_STEP][PASSED] - maximizeWindow(): Current window maximized

2019-07-09 16:05:26 - [MESSAGE][PASSED] - Current window maximized

2019-07-09 16:05:26 - [MESSAGE][PASSED] - Call Test Case 'Test Cases/CALL - URL' successfully

2019-07-09 16:05:26 - [TEST_STEP][PASSED] - delay(1): Delayed 1 second(s)

2019-07-09 16:05:27 - [MESSAGE][PASSED] - Delayed 1 second(s)

2019-07-09 16:05:27 - [TEST_STEP][PASSED] - click(findTestObject("APOLLO- Desktop/Burger Menu/Burgermenu")): Object: 'Object Repository/APOLLO- Desktop/Burger Menu/Burgermenu' is clicked on

2019-07-09 16:05:28 - [MESSAGE][PASSED] - Object: 'Object Repository/APOLLO- Desktop/Burger Menu/Burgermenu' is clicked on

2019-07-09 16:05:28 - [TEST_STEP][PASSED] - delay(2): Delayed 2 second(s)

2019-07-09 16:05:30 - [MESSAGE][PASSED] - Delayed 2 second(s)

2019-07-09 16:05:30 - [TEST_STEP][PASSED] - click(findTestObject("APOLLO- Desktop/Burger Menu/Shop food")): Object: 'Object Repository/APOLLO- Desktop/Burger Menu/Shop food' is clicked on

2019-07-09 16:05:30 - [MESSAGE][PASSED] - Object: 'Object Repository/APOLLO- Desktop/Burger Menu/Shop food' is clicked on

2019-07-09 16:05:30 - [TEST_STEP][PASSED] - delay(2): Delayed 2 second(s)

2019-07-09 16:05:32 - [MESSAGE][PASSED] - Delayed 2 second(s)

2019-07-09 16:05:32 - [TEST_STEP][PASSED] - click(findTestObject("APOLLO- Desktop/Burger Menu/Beef")): Object: 'Object Repository/APOLLO- Desktop/Burger Menu/Beef' is clicked on

2019-07-09 16:05:48 - [MESSAGE][PASSED] - Object: 'Object Repository/APOLLO- Desktop/Burger Menu/Beef' is clicked on

2019-07-09 16:05:48 - [TEST_STEP][PASSED] - delay(2): Delayed 2 second(s)

2019-07-09 16:05:50 - [MESSAGE][PASSED] - Delayed 2 second(s)

2019-07-09 16:05:50 - [TEST_STEP][PASSED] - executeJavaScript("var previewBar = document.getElementById("preview-bar-iframe"); previewBar.style.display = "none";", []): Execute JavaScript 'var previewBar = document.getElementById("preview-bar-iframe"); previewBar.style.display = "none";' successfully

2019-07-09 16:05:50 - [MESSAGE][PASSED] - Execute JavaScript 'var previewBar = document.getElementById("preview-bar-iframe"); previewBar.style.display = "none";' successfully

2019-07-09 16:05:50 - [TEST_STEP][PASSED] - delay(2): Delayed 2 second(s)

2019-07-09 16:05:52 - [MESSAGE][PASSED] - Delayed 2 second(s)

2019-07-09 16:05:52 - [TEST_STEP][PASSED] - click(findTestObject("APOLLO- Desktop/Collection page/Beef skewers")): Object: 'Object Repository/APOLLO- Desktop/Collection page/Beef skewers' is clicked on

2019-07-09 16:05:59 - [MESSAGE][PASSED] - Object: 'Object Repository/APOLLO- Desktop/Collection page/Beef skewers' is clicked on

2019-07-09 16:05:59 - [TEST_STEP][PASSED] - executeJavaScript("var previewBar = document.getElementById("preview-bar-iframe"); previewBar.style.display = "none";", []): Execute JavaScript 'var previewBar = document.getElementById("preview-bar-iframe"); previewBar.style.display = "none";' successfully

2019-07-09 16:06:00 - [MESSAGE][PASSED] - Execute JavaScript 'var previewBar = document.getElementById("preview-bar-iframe"); previewBar.style.display = "none";' successfully

2019-07-09 16:06:00 - [TEST_STEP][PASSED] - delay(2): Delayed 2 second(s)

2019-07-09 16:06:02 - [MESSAGE][PASSED] - Delayed 2 second(s)

2019-07-09 16:06:02 - [TEST_STEP][PASSED] - click(findTestObject("APOLLO- Desktop/Product page/1 piece")): Object: 'Object Repository/APOLLO- Desktop/Product page/1 piece' is clicked on

2019-07-09 16:06:02 - [MESSAGE][PASSED] - Object: 'Object Repository/APOLLO- Desktop/Product page/1 piece' is clicked on

2019-07-09 16:06:02 - [TEST_STEP][PASSED] - delay(2): Delayed 2 second(s)

2019-07-09 16:06:04 - [MESSAGE][PASSED] - Delayed 2 second(s)

2019-07-09 16:06:04 - [TEST_STEP][NOT_RUN] - delay(2): NOT_RUN: delay(2)

2019-07-09 16:06:04 - [MESSAGE][NOT_RUN] - NOT_RUN: delay(2)

2019-07-09 16:06:04 - [TEST_STEP][NOT_RUN] - click(findTestObject("APOLLO- Desktop/Burger Menu/Shop food")): NOT_RUN: click(findTestObject("APOLLO- Desktop/Burger Menu/Shop food"))

2019-07-09 16:06:04 - [MESSAGE][NOT_RUN] - NOT_RUN: click(findTestObject("APOLLO- Desktop/Burger Menu/Shop food"))

2019-07-09 16:06:04 - [TEST_STEP][NOT_RUN] - delay(2): NOT_RUN: delay(2)

2019-07-09 16:06:04 - [MESSAGE][NOT_RUN] - NOT_RUN: delay(2)

2019-07-09 16:06:04 - [TEST_STEP][NOT_RUN] - click(findTestObject("APOLLO- Desktop/Burger Menu/Beef")): NOT_RUN: click(findTestObject("APOLLO- Desktop/Burger Menu/Beef"))

2019-07-09 16:06:04 - [MESSAGE][NOT_RUN] - NOT_RUN: click(findTestObject("APOLLO- Desktop/Burger Menu/Beef"))

2019-07-09 16:06:04 - [TEST_STEP][NOT_RUN] - delay(2): NOT_RUN: delay(2)

2019-07-09 16:06:04 - [MESSAGE][NOT_RUN] - NOT_RUN: delay(2)

2019-07-09 16:06:04 - [TEST_STEP][NOT_RUN] - click(findTestObject("APOLLO- Desktop/Burger Menu/Shirts link")): NOT_RUN: click(findTestObject("APOLLO- Desktop/Burger Menu/Shirts link"))

2019-07-09 16:06:04 - [MESSAGE][NOT_RUN] - NOT_RUN: click(findTestObject("APOLLO- Desktop/Burger Menu/Shirts link"))

2019-07-09 16:06:04 - [TEST_STEP][NOT_RUN] - executeJavaScript("var previewBar = document.getElementById("preview-bar-iframe"); previewBar.style.display = "none";", []): NOT_RUN: executeJavaScript("var previewBar = document.getElementById("preview-bar-iframe"); previewBar.style.display = "none";", [])

2019-07-09 16:06:04 - [MESSAGE][NOT_RUN] - NOT_RUN: executeJavaScript("var previewBar = document.getElementById("preview-bar-iframe"); previewBar.style.display = "none";", [])

2019-07-09 16:06:04 - [TEST_STEP][NOT_RUN] - delay(2): NOT_RUN: delay(2)

2019-07-09 16:06:04 - [MESSAGE][NOT_RUN] - NOT_RUN: delay(2)

2019-07-09 16:06:04 - [TEST_STEP][NOT_RUN] - click(findTestObject("APOLLO- Desktop/Collection page/Beef skewers")): NOT_RUN: click(findTestObject("APOLLO- Desktop/Collection page/Beef skewers"))

2019-07-09 16:06:04 - [MESSAGE][NOT_RUN] - NOT_RUN: click(findTestObject("APOLLO- Desktop/Collection page/Beef skewers"))

2019-07-09 16:06:04 - [TEST_STEP][NOT_RUN] - delay(2): NOT_RUN: delay(2)

2019-07-09 16:06:04 - [MESSAGE][NOT_RUN] - NOT_RUN: delay(2)

2019-07-09 16:06:04 - [TEST_STEP][NOT_RUN] - selectOptionByValue(findTestObject("APOLLO- Desktop/Product page/1 piece"), "Medium", true): NOT_RUN: selectOptionByValue(findTestObject("APOLLO- Desktop/Product page/1 piece"), "Medium", true)

2019-07-09 16:06:04 - [MESSAGE][NOT_RUN] - NOT_RUN: selectOptionByValue(findTestObject("APOLLO- Desktop/Product page/1 piece"), "Medium", true)

2019-07-09 16:06:04 - [TEST_STEP][NOT_RUN] - delay(2): NOT_RUN: delay(2)

2019-07-09 16:06:04 - [MESSAGE][NOT_RUN] - NOT_RUN: delay(2)

2019-07-09 16:06:04 - [TEST_STEP][PASSED] - click(findTestObject("APOLLO- Desktop/Product page/Add to bag")): Object: 'Object Repository/APOLLO- Desktop/Product page/Add to bag' is clicked on

2019-07-09 16:06:04 - [MESSAGE][PASSED] - Object: 'Object Repository/APOLLO- Desktop/Product page/Add to bag' is clicked on

2019-07-09 16:06:04 - [TEST_STEP][PASSED] - delay(2): Delayed 2 second(s)

2019-07-09 16:06:06 - [MESSAGE][PASSED] - Delayed 2 second(s)

2019-07-09 16:06:06 - [TEST_STEP][PASSED] - click(findTestObject("APOLLO- Desktop/Cart flyout/Checkout")): Object: 'Object Repository/APOLLO- Desktop/Cart flyout/Checkout' is clicked on

2019-07-09 16:06:09 - [MESSAGE][PASSED] - Object: 'Object Repository/APOLLO- Desktop/Cart flyout/Checkout' is clicked on

2019-07-09 16:06:09 - [TEST_STEP][PASSED] - delay(2): Delayed 2 second(s)

2019-07-09 16:06:11 - [MESSAGE][PASSED] - Delayed 2 second(s)

2019-07-09 16:06:11 - [TEST_STEP][PASSED] - click(findTestObject("APOLLO- Desktop/Customer Information page/Cart page breadcrumb")): Object: 'Object Repository/APOLLO- Desktop/Customer Information page/Cart page breadcrumb' is clicked on

2019-07-09 16:06:12 - [MESSAGE][PASSED] - Object: 'Object Repository/APOLLO- Desktop/Customer Information page/Cart page breadcrumb' is clicked on

2019-07-09 16:06:12 - [TEST_STEP][PASSED] - delay(2): Delayed 2 second(s)

2019-07-09 16:06:14 - [MESSAGE][PASSED] - Delayed 2 second(s)

2019-07-09 16:06:14 - [TEST_STEP][PASSED] - a = getText(findTestObject("APOLLO- Desktop/Cart page/Subtotal in cart page")): Text of object 'Object Repository/APOLLO- Desktop/Cart page/Subtotal in cart page' is: '$8.50'

2019-07-09 16:06:14 - [MESSAGE][PASSED] - Text of object 'Object Repository/APOLLO- Desktop/Cart page/Subtotal in cart page' is: '$8.50'

2019-07-09 16:06:14 - [TEST_STEP][PASSED] - comment("a=" + a): a=$8.50

2019-07-09 16:06:14 - [MESSAGE][INFO] - a=$8.50

2019-07-09 16:06:14 - [TEST_STEP][PASSED] - delay(2): Delayed 2 second(s)

2019-07-09 16:06:16 - [MESSAGE][PASSED] - Delayed 2 second(s)

2019-07-09 16:06:16 - [TEST_STEP][PASSED] - click(findTestObject("APOLLO- Desktop/Cart page/Increase quantity - cart page")): Object: 'Object Repository/APOLLO- Desktop/Cart page/Increase quantity - cart page' is clicked on

2019-07-09 16:06:16 - [MESSAGE][PASSED] - Object: 'Object Repository/APOLLO- Desktop/Cart page/Increase quantity - cart page' is clicked on

2019-07-09 16:06:16 - [TEST_STEP][PASSED] - delay(2): Delayed 2 second(s)

2019-07-09 16:06:18 - [MESSAGE][PASSED] - Delayed 2 second(s)

2019-07-09 16:06:18 - [TEST_STEP][PASSED] - click(findTestObject("APOLLO- Desktop/Cart page/Increase quantity - cart page")): Object: 'Object Repository/APOLLO- Desktop/Cart page/Increase quantity - cart page' is clicked on

2019-07-09 16:06:18 - [MESSAGE][PASSED] - Object: 'Object Repository/APOLLO- Desktop/Cart page/Increase quantity - cart page' is clicked on

2019-07-09 16:06:18 - [TEST_STEP][PASSED] - delay(2): Delayed 2 second(s)

2019-07-09 16:06:20 - [MESSAGE][PASSED] - Delayed 2 second(s)

2019-07-09 16:06:20 - [TEST_STEP][PASSED] - setText(findTestObject("APOLLO- Desktop/Cart flyout/CArt quanty update"), "3"): Text '3' is set on object 'Object Repository/APOLLO- Desktop/Cart flyout/CArt quanty update'

2019-07-09 16:06:21 - [MESSAGE][PASSED] - Text '3' is set on object 'Object Repository/APOLLO- Desktop/Cart flyout/CArt quanty update'

2019-07-09 16:06:21 - [TEST_STEP][PASSED] - delay(2): Delayed 2 second(s)

2019-07-09 16:06:23 - [MESSAGE][PASSED] - Delayed 2 second(s)

2019-07-09 16:06:23 - [TEST_STEP][PASSED] - click(findTestObject("APOLLO- Desktop/Cart page/Click outside the page")): Object: 'Object Repository/APOLLO- Desktop/Cart page/Click outside the page' is clicked on

2019-07-09 16:06:23 - [MESSAGE][PASSED] - Object: 'Object Repository/APOLLO- Desktop/Cart page/Click outside the page' is clicked on

2019-07-09 16:06:23 - [TEST_STEP][PASSED] - delay(2): Delayed 2 second(s)

2019-07-09 16:06:25 - [MESSAGE][PASSED] - Delayed 2 second(s)

2019-07-09 16:06:25 - [TEST_STEP][PASSED] - b = getText(findTestObject("APOLLO- Desktop/Cart page/Subtotal in cart page")): Text of object 'Object Repository/APOLLO- Desktop/Cart page/Subtotal in cart page' is: '$25.50'

2019-07-09 16:06:25 - [MESSAGE][PASSED] - Text of object 'Object Repository/APOLLO- Desktop/Cart page/Subtotal in cart page' is: '$25.50'

2019-07-09 16:06:25 - [TEST_STEP][PASSED] - comment("b=" + b): b=$25.50

2019-07-09 16:06:25 - [MESSAGE][INFO] - b=$25.50

2019-07-09 16:06:25 - [TEST_STEP][PASSED] - flag = verifyNotEqual("a", "b"): Actual object 'a' and expected object 'b' are not equal

2019-07-09 16:06:25 - [MESSAGE][PASSED] - Actual object 'a' and expected object 'b' are not equal

2019-07-09 16:06:25 - [TEST_STEP][PASSED] - if (flag == true): Quantity selector working

2019-07-09 16:06:25 - [TEST_STEP][PASSED] - comment("Quantity selector working"): Quantity selector working

2019-07-09 16:06:25 - [MESSAGE][INFO] - Quantity selector working

2019-07-09 16:06:25 - [TEST_STEP][PASSED] - delay(2): Delayed 2 second(s)

2019-07-09 16:06:27 - [MESSAGE][PASSED] - Delayed 2 second(s)

2019-07-09 16:06:27 - [TEST_STEP][NOT_RUN] - executeJavaScript("var previewBar = document.getElementById("preview-bar-iframe"); previewBar.style.display = "none";", []): NOT_RUN: executeJavaScript("var previewBar = document.getElementById("preview-bar-iframe"); previewBar.style.display = "none";", [])

2019-07-09 16:06:27 - [MESSAGE][NOT_RUN] - NOT_RUN: executeJavaScript("var previewBar = document.getElementById("preview-bar-iframe"); previewBar.style.display = "none";", [])

2019-07-09 16:06:27 - [TEST_STEP][PASSED] - delay(2): Delayed 2 second(s)

2019-07-09 16:06:29 - [MESSAGE][PASSED] - Delayed 2 second(s)

2019-07-09 16:06:29 - [TEST_STEP][PASSED] - click(findTestObject("APOLLO- Desktop/Cart flyout/Checkout")): Object: 'Object Repository/APOLLO- Desktop/Cart flyout/Checkout' is clicked on

2019-07-09 16:06:32 - [MESSAGE][PASSED] - Object: 'Object Repository/APOLLO- Desktop/Cart flyout/Checkout' is clicked on

2019-07-09 16:06:32 - [TEST_STEP][PASSED] - delay(2): Delayed 2 second(s)

2019-07-09 16:06:34 - [MESSAGE][PASSED] - Delayed 2 second(s)

2019-07-09 16:06:34 - [TEST_STEP][PASSED] - callTestCase(findTestCase("CALL- CUSTOMER INFO PAGE"), [:], STOP_ON_FAILURE): Call Test Case 'Test Cases/CALL- CUSTOMER INFO PAGE' successfully

2019-07-09 16:06:34 - [TEST_CASE][PASSED] - Test Cases/CALL- CUSTOMER INFO PAGE: Test Cases/CALL- CUSTOMER INFO PAGE

2019-07-09 16:06:34 - [TEST_STEP][PASSED] - delay(2): Delayed 2 second(s)

2019-07-09 16:06:36 - [MESSAGE][PASSED] - Delayed 2 second(s)

2019-07-09 16:06:36 - [TEST_STEP][PASSED] - executeJavaScript("var previewBar = document.getElementById("preview-bar-iframe"); previewBar.style.display = "none";", []): Execute JavaScript 'var previewBar = document.getElementById("preview-bar-iframe"); previewBar.style.display = "none";' successfully

2019-07-09 16:06:36 - [MESSAGE][PASSED] - Execute JavaScript 'var previewBar = document.getElementById("preview-bar-iframe"); previewBar.style.display = "none";' successfully

2019-07-09 16:06:36 - [TEST_STEP][PASSED] - setText(findTestObject("APOLLO- Desktop/Customer Information page/Email"), "suman@gmail.com"): Text 'suman@gmail.com' is set on object 'Object Repository/APOLLO- Desktop/Customer Information page/Email'

2019-07-09 16:06:37 - [MESSAGE][PASSED] - Text 'suman@gmail.com' is set on object 'Object Repository/APOLLO- Desktop/Customer Information page/Email'

2019-07-09 16:06:37 - [TEST_STEP][PASSED] - delay(2): Delayed 2 second(s)

2019-07-09 16:06:39 - [MESSAGE][PASSED] - Delayed 2 second(s)

2019-07-09 16:06:39 - [TEST_STEP][PASSED] - setText(findTestObject("APOLLO- Desktop/Customer Information page/First name"), "suman"): Text 'suman' is set on object 'Object Repository/APOLLO- Desktop/Customer Information page/First name'

2019-07-09 16:06:39 - [MESSAGE][PASSED] - Text 'suman' is set on object 'Object Repository/APOLLO- Desktop/Customer Information page/First name'

2019-07-09 16:06:39 - [TEST_STEP][PASSED] - delay(2): Delayed 2 second(s)

2019-07-09 16:06:41 - [MESSAGE][PASSED] - Delayed 2 second(s)

2019-07-09 16:06:41 - [TEST_STEP][PASSED] - setText(findTestObject("APOLLO- Desktop/Customer Information page/Last name"), "kompelly"): Text 'kompelly' is set on object 'Object Repository/APOLLO- Desktop/Customer Information page/Last name'

2019-07-09 16:06:41 - [MESSAGE][PASSED] - Text 'kompelly' is set on object 'Object Repository/APOLLO- Desktop/Customer Information page/Last name'

2019-07-09 16:06:41 - [TEST_STEP][PASSED] - delay(2): Delayed 2 second(s)

2019-07-09 16:06:43 - [MESSAGE][PASSED] - Delayed 2 second(s)

2019-07-09 16:06:43 - [TEST_STEP][PASSED] - setText(findTestObject("APOLLO- Desktop/Customer Information page/Address"), "1435 st alxendre"): Text '1435 st alxendre' is set on object 'Object Repository/APOLLO- Desktop/Customer Information page/Address'

2019-07-09 16:06:43 - [MESSAGE][PASSED] - Text '1435 st alxendre' is set on object 'Object Repository/APOLLO- Desktop/Customer Information page/Address'

2019-07-09 16:06:43 - [TEST_STEP][PASSED] - setText(findTestObject("APOLLO- Desktop/Customer Information page/Apartment"), "220"): Text '220' is set on object 'Object Repository/APOLLO- Desktop/Customer Information page/Apartment'

2019-07-09 16:06:43 - [MESSAGE][PASSED] - Text '220' is set on object 'Object Repository/APOLLO- Desktop/Customer Information page/Apartment'

2019-07-09 16:06:43 - [TEST_STEP][PASSED] - setText(findTestObject("APOLLO- Desktop/Customer Information page/City"), "montreal"): Text 'montreal' is set on object 'Object Repository/APOLLO- Desktop/Customer Information page/City'

2019-07-09 16:06:43 - [MESSAGE][PASSED] - Text 'montreal' is set on object 'Object Repository/APOLLO- Desktop/Customer Information page/City'

2019-07-09 16:06:43 - [TEST_STEP][PASSED] - selectOptionByValue(findTestObject("APOLLO- Desktop/Customer Information page/Country dropdown"), "United States", true): All options with value 'United States' are selected in object 'Object Repository/APOLLO- Desktop/Customer Information page/Country dropdown'  using regular expression

2019-07-09 16:06:48 - [MESSAGE][PASSED] - All options with value 'United States' are selected in object 'Object Repository/APOLLO- Desktop/Customer Information page/Country dropdown'  using regular expression

2019-07-09 16:06:48 - [TEST_STEP][PASSED] - selectOptionByValue(findTestObject("APOLLO- Desktop/Customer Information page/states dropdown"), "NJ", true): All options with value 'NJ' are selected in object 'Object Repository/APOLLO- Desktop/Customer Information page/states dropdown'  using regular expression

2019-07-09 16:06:49 - [MESSAGE][PASSED] - All options with value 'NJ' are selected in object 'Object Repository/APOLLO- Desktop/Customer Information page/states dropdown'  using regular expression

2019-07-09 16:06:49 - [TEST_STEP][PASSED] - setText(findTestObject("APOLLO- Desktop/Customer Information page/ZIP code"), "07057"): Text '07057' is set on object 'Object Repository/APOLLO- Desktop/Customer Information page/ZIP code'

2019-07-09 16:06:49 - [MESSAGE][PASSED] - Text '07057' is set on object 'Object Repository/APOLLO- Desktop/Customer Information page/ZIP code'

2019-07-09 16:06:49 - [MESSAGE][PASSED] - Call Test Case 'Test Cases/CALL- CUSTOMER INFO PAGE' successfully

2019-07-09 16:06:49 - [TEST_STEP][PASSED] - delay(2): Delayed 2 second(s)

2019-07-09 16:06:51 - [MESSAGE][PASSED] - Delayed 2 second(s)

2019-07-09 16:06:51 - [TEST_STEP][PASSED] - callTestCase(findTestCase("CALL - SHIPPING TO PAYMENT"), [:], STOP_ON_FAILURE): Call Test Case 'Test Cases/CALL - SHIPPING TO PAYMENT' successfully

2019-07-09 16:06:51 - [TEST_CASE][PASSED] - Test Cases/CALL - SHIPPING TO PAYMENT: Test Cases/CALL - SHIPPING TO PAYMENT

2019-07-09 16:06:51 - [TEST_STEP][PASSED] - click(findTestObject("APOLLO- Desktop/Customer Information page/Continue to shipping")): Object: 'Object Repository/APOLLO- Desktop/Customer Information page/Continue to shipping' is clicked on

2019-07-09 16:06:53 - [MESSAGE][PASSED] - Object: 'Object Repository/APOLLO- Desktop/Customer Information page/Continue to shipping' is clicked on

2019-07-09 16:06:53 - [TEST_STEP][PASSED] - executeJavaScript("var previewBar = document.getElementById("preview-bar-iframe"); previewBar.style.display = "none";", []): Execute JavaScript 'var previewBar = document.getElementById("preview-bar-iframe"); previewBar.style.display = "none";' successfully

2019-07-09 16:06:53 - [MESSAGE][PASSED] - Execute JavaScript 'var previewBar = document.getElementById("preview-bar-iframe"); previewBar.style.display = "none";' successfully

2019-07-09 16:06:53 - [TEST_STEP][PASSED] - click(findTestObject("APOLLO- Desktop/Shipping page/Radio button check")): Object: 'Object Repository/APOLLO- Desktop/Shipping page/Radio button check' is clicked on

2019-07-09 16:06:54 - [MESSAGE][PASSED] - Object: 'Object Repository/APOLLO- Desktop/Shipping page/Radio button check' is clicked on

2019-07-09 16:06:54 - [TEST_STEP][PASSED] - executeJavaScript("var previewBar = document.getElementById("preview-bar-iframe"); previewBar.style.display = "none";", []): Execute JavaScript 'var previewBar = document.getElementById("preview-bar-iframe"); previewBar.style.display = "none";' successfully

2019-07-09 16:06:54 - [MESSAGE][PASSED] - Execute JavaScript 'var previewBar = document.getElementById("preview-bar-iframe"); previewBar.style.display = "none";' successfully

2019-07-09 16:06:54 - [TEST_STEP][PASSED] - click(findTestObject("APOLLO- Desktop/Shipping page/Continue to payment")): Object: 'Object Repository/APOLLO- Desktop/Shipping page/Continue to payment' is clicked on

2019-07-09 16:06:57 - [MESSAGE][PASSED] - Object: 'Object Repository/APOLLO- Desktop/Shipping page/Continue to payment' is clicked on

2019-07-09 16:06:57 - [TEST_STEP][PASSED] - executeJavaScript("var previewBar = document.getElementById("preview-bar-iframe"); previewBar.style.display = "none";", []): Execute JavaScript 'var previewBar = document.getElementById("preview-bar-iframe"); previewBar.style.display = "none";' successfully

2019-07-09 16:06:57 - [MESSAGE][PASSED] - Execute JavaScript 'var previewBar = document.getElementById("preview-bar-iframe"); previewBar.style.display = "none";' successfully

2019-07-09 16:06:57 - [TEST_STEP][PASSED] - verifyTextPresent("Payment", false): Text 'Payment' is present on page 

2019-07-09 16:06:58 - [MESSAGE][PASSED] - Text 'Payment' is present on page 

2019-07-09 16:06:58 - [MESSAGE][PASSED] - Call Test Case 'Test Cases/CALL - SHIPPING TO PAYMENT' successfully]]></system-out>
         <system-err><![CDATA[]]></system-err>
      </testcase>
      <testcase name="Test Cases/CRITICAL PATH/Increase quantity - Cart flyout" classname="Test Cases/CRITICAL PATH/Increase quantity - Cart flyout" status="PASSED">
         <system-out><![CDATA[2019-07-09 16:06:58 - [TEST_CASE][PASSED] - Test Cases/CRITICAL PATH/Increase quantity - Cart flyout: Test Cases/CRITICAL PATH/Increase quantity - Cart flyout

2019-07-09 16:06:58 - [TEST_STEP][PASSED] - callTestCase(findTestCase("CALL - URL"), [:], STOP_ON_FAILURE): Call Test Case 'Test Cases/CALL - URL' successfully

2019-07-09 16:06:58 - [TEST_CASE][PASSED] - Test Cases/CALL - URL: Test Cases/CALL - URL

2019-07-09 16:06:58 - [TEST_STEP][PASSED] - openBrowser(""): Browser is opened with url: ''

2019-07-09 16:06:58 - [MESSAGE][WARNING] - A browser is already opened. Closing browser and opening a new one

2019-07-09 16:06:58 - [MESSAGE][INFO] - Starting 'Firefox' driver

2019-07-09 16:07:00 - [MESSAGE][PASSED] - Browser is opened with url: ''

2019-07-09 16:07:00 - [TEST_STEP][PASSED] - navigateToUrl("https://apollo-fireball.myshopify.com/?_ab=0&_fd=0&_sc=1&key=96c2edace7b9967f3a77c2e2b131937136039831e9ec35f31598610005fa8795&preview_theme_id=46803124304"): Navigate to 'https://apollo-fireball.myshopify.com/?_ab=0&_fd=0&_sc=1&key=96c2edace7b9967f3a77c2e2b131937136039831e9ec35f31598610005fa8795&preview_theme_id=46803124304' successfully

2019-07-09 16:07:06 - [MESSAGE][PASSED] - Navigate to 'https://apollo-fireball.myshopify.com/?_ab=0&_fd=0&_sc=1&key=96c2edace7b9967f3a77c2e2b131937136039831e9ec35f31598610005fa8795&preview_theme_id=46803124304' successfully

2019-07-09 16:07:06 - [TEST_STEP][PASSED] - executeJavaScript("var previewBar = document.getElementById("preview-bar-iframe"); previewBar.style.display = "none";", []): Execute JavaScript 'var previewBar = document.getElementById("preview-bar-iframe"); previewBar.style.display = "none";' successfully

2019-07-09 16:07:06 - [MESSAGE][PASSED] - Execute JavaScript 'var previewBar = document.getElementById("preview-bar-iframe"); previewBar.style.display = "none";' successfully

2019-07-09 16:07:06 - [TEST_STEP][PASSED] - maximizeWindow(): Current window maximized

2019-07-09 16:07:07 - [MESSAGE][PASSED] - Current window maximized

2019-07-09 16:07:07 - [MESSAGE][PASSED] - Call Test Case 'Test Cases/CALL - URL' successfully

2019-07-09 16:07:07 - [TEST_STEP][PASSED] - delay(1): Delayed 1 second(s)

2019-07-09 16:07:08 - [MESSAGE][PASSED] - Delayed 1 second(s)

2019-07-09 16:07:08 - [TEST_STEP][PASSED] - click(findTestObject("APOLLO- Desktop/Burger Menu/Burgermenu")): Object: 'Object Repository/APOLLO- Desktop/Burger Menu/Burgermenu' is clicked on

2019-07-09 16:07:08 - [MESSAGE][PASSED] - Object: 'Object Repository/APOLLO- Desktop/Burger Menu/Burgermenu' is clicked on

2019-07-09 16:07:08 - [TEST_STEP][PASSED] - delay(2): Delayed 2 second(s)

2019-07-09 16:07:10 - [MESSAGE][PASSED] - Delayed 2 second(s)

2019-07-09 16:07:10 - [TEST_STEP][PASSED] - click(findTestObject("APOLLO- Desktop/Burger Menu/Shop food")): Object: 'Object Repository/APOLLO- Desktop/Burger Menu/Shop food' is clicked on

2019-07-09 16:07:10 - [MESSAGE][PASSED] - Object: 'Object Repository/APOLLO- Desktop/Burger Menu/Shop food' is clicked on

2019-07-09 16:07:10 - [TEST_STEP][PASSED] - delay(2): Delayed 2 second(s)

2019-07-09 16:07:12 - [MESSAGE][PASSED] - Delayed 2 second(s)

2019-07-09 16:07:12 - [TEST_STEP][PASSED] - click(findTestObject("APOLLO- Desktop/Burger Menu/Beef")): Object: 'Object Repository/APOLLO- Desktop/Burger Menu/Beef' is clicked on

2019-07-09 16:07:14 - [MESSAGE][PASSED] - Object: 'Object Repository/APOLLO- Desktop/Burger Menu/Beef' is clicked on

2019-07-09 16:07:14 - [TEST_STEP][PASSED] - delay(2): Delayed 2 second(s)

2019-07-09 16:07:16 - [MESSAGE][PASSED] - Delayed 2 second(s)

2019-07-09 16:07:16 - [TEST_STEP][PASSED] - executeJavaScript("var previewBar = document.getElementById("preview-bar-iframe"); previewBar.style.display = "none";", []): Execute JavaScript 'var previewBar = document.getElementById("preview-bar-iframe"); previewBar.style.display = "none";' successfully

2019-07-09 16:07:16 - [MESSAGE][PASSED] - Execute JavaScript 'var previewBar = document.getElementById("preview-bar-iframe"); previewBar.style.display = "none";' successfully

2019-07-09 16:07:16 - [TEST_STEP][PASSED] - delay(2): Delayed 2 second(s)

2019-07-09 16:07:18 - [MESSAGE][PASSED] - Delayed 2 second(s)

2019-07-09 16:07:18 - [TEST_STEP][PASSED] - click(findTestObject("APOLLO- Desktop/Collection page/Beef skewers")): Object: 'Object Repository/APOLLO- Desktop/Collection page/Beef skewers' is clicked on

2019-07-09 16:07:21 - [MESSAGE][PASSED] - Object: 'Object Repository/APOLLO- Desktop/Collection page/Beef skewers' is clicked on

2019-07-09 16:07:21 - [TEST_STEP][PASSED] - executeJavaScript("var previewBar = document.getElementById("preview-bar-iframe"); previewBar.style.display = "none";", []): Execute JavaScript 'var previewBar = document.getElementById("preview-bar-iframe"); previewBar.style.display = "none";' successfully

2019-07-09 16:07:21 - [MESSAGE][PASSED] - Execute JavaScript 'var previewBar = document.getElementById("preview-bar-iframe"); previewBar.style.display = "none";' successfully

2019-07-09 16:07:21 - [TEST_STEP][PASSED] - delay(2): Delayed 2 second(s)

2019-07-09 16:07:23 - [MESSAGE][PASSED] - Delayed 2 second(s)

2019-07-09 16:07:23 - [TEST_STEP][PASSED] - click(findTestObject("APOLLO- Desktop/Product page/1 piece")): Object: 'Object Repository/APOLLO- Desktop/Product page/1 piece' is clicked on

2019-07-09 16:07:23 - [MESSAGE][PASSED] - Object: 'Object Repository/APOLLO- Desktop/Product page/1 piece' is clicked on

2019-07-09 16:07:23 - [TEST_STEP][PASSED] - delay(2): Delayed 2 second(s)

2019-07-09 16:07:25 - [MESSAGE][PASSED] - Delayed 2 second(s)

2019-07-09 16:07:25 - [TEST_STEP][PASSED] - click(findTestObject("APOLLO- Desktop/Product page/Add to bag")): Object: 'Object Repository/APOLLO- Desktop/Product page/Add to bag' is clicked on

2019-07-09 16:07:25 - [MESSAGE][PASSED] - Object: 'Object Repository/APOLLO- Desktop/Product page/Add to bag' is clicked on

2019-07-09 16:07:25 - [TEST_STEP][PASSED] - delay(2): Delayed 2 second(s)

2019-07-09 16:07:27 - [MESSAGE][PASSED] - Delayed 2 second(s)

2019-07-09 16:07:27 - [TEST_STEP][PASSED] - a = getText(findTestObject("APOLLO- Desktop/Cart flyout/Subtotal in cart flyout")): Text of object 'Object Repository/APOLLO- Desktop/Cart flyout/Subtotal in cart flyout' is: '$8.50'

2019-07-09 16:07:27 - [MESSAGE][PASSED] - Text of object 'Object Repository/APOLLO- Desktop/Cart flyout/Subtotal in cart flyout' is: '$8.50'

2019-07-09 16:07:27 - [TEST_STEP][PASSED] - comment("a=" + a): a=$8.50

2019-07-09 16:07:27 - [MESSAGE][INFO] - a=$8.50

2019-07-09 16:07:27 - [TEST_STEP][PASSED] - delay(2): Delayed 2 second(s)

2019-07-09 16:07:29 - [MESSAGE][PASSED] - Delayed 2 second(s)

2019-07-09 16:07:29 - [TEST_STEP][PASSED] - click(findTestObject("APOLLO- Desktop/Cart flyout/Increase quantity - cart flyout")): Object: 'Object Repository/APOLLO- Desktop/Cart flyout/Increase quantity - cart flyout' is clicked on

2019-07-09 16:07:30 - [MESSAGE][PASSED] - Object: 'Object Repository/APOLLO- Desktop/Cart flyout/Increase quantity - cart flyout' is clicked on

2019-07-09 16:07:30 - [TEST_STEP][PASSED] - delay(2): Delayed 2 second(s)

2019-07-09 16:07:32 - [MESSAGE][PASSED] - Delayed 2 second(s)

2019-07-09 16:07:32 - [TEST_STEP][PASSED] - click(findTestObject("APOLLO- Desktop/Cart flyout/Increase quantity - cart flyout")): Object: 'Object Repository/APOLLO- Desktop/Cart flyout/Increase quantity - cart flyout' is clicked on

2019-07-09 16:07:32 - [MESSAGE][PASSED] - Object: 'Object Repository/APOLLO- Desktop/Cart flyout/Increase quantity - cart flyout' is clicked on

2019-07-09 16:07:32 - [TEST_STEP][PASSED] - delay(2): Delayed 2 second(s)

2019-07-09 16:07:34 - [MESSAGE][PASSED] - Delayed 2 second(s)

2019-07-09 16:07:34 - [TEST_STEP][PASSED] - click(findTestObject("APOLLO- Desktop/random/Page_Apollo - Dark  Diff Apollo/CArt quanty update")): Object: 'Object Repository/APOLLO- Desktop/random/Page_Apollo - Dark  Diff Apollo/CArt quanty update' is clicked on

2019-07-09 16:07:34 - [MESSAGE][PASSED] - Object: 'Object Repository/APOLLO- Desktop/random/Page_Apollo - Dark  Diff Apollo/CArt quanty update' is clicked on

2019-07-09 16:07:34 - [TEST_STEP][PASSED] - delay(2): Delayed 2 second(s)

2019-07-09 16:07:36 - [MESSAGE][PASSED] - Delayed 2 second(s)

2019-07-09 16:07:36 - [TEST_STEP][PASSED] - click(findTestObject("APOLLO- Desktop/random/Page_Apollo - Dark  Diff Apollo/td_Wool Sweater")): Object: 'Object Repository/APOLLO- Desktop/random/Page_Apollo - Dark  Diff Apollo/td_Wool Sweater' is clicked on

2019-07-09 16:07:36 - [MESSAGE][PASSED] - Object: 'Object Repository/APOLLO- Desktop/random/Page_Apollo - Dark  Diff Apollo/td_Wool Sweater' is clicked on

2019-07-09 16:07:36 - [TEST_STEP][PASSED] - delay(2): Delayed 2 second(s)

2019-07-09 16:07:38 - [MESSAGE][PASSED] - Delayed 2 second(s)

2019-07-09 16:07:38 - [TEST_STEP][PASSED] - b = getText(findTestObject("APOLLO- Desktop/Cart flyout/Subtotal in cart flyout")): Text of object 'Object Repository/APOLLO- Desktop/Cart flyout/Subtotal in cart flyout' is: '$25.50'

2019-07-09 16:07:38 - [MESSAGE][PASSED] - Text of object 'Object Repository/APOLLO- Desktop/Cart flyout/Subtotal in cart flyout' is: '$25.50'

2019-07-09 16:07:38 - [TEST_STEP][PASSED] - comment("b=" + b): b=$25.50

2019-07-09 16:07:38 - [MESSAGE][INFO] - b=$25.50

2019-07-09 16:07:38 - [TEST_STEP][PASSED] - flag = verifyNotEqual("a", "b"): Actual object 'a' and expected object 'b' are not equal

2019-07-09 16:07:38 - [MESSAGE][PASSED] - Actual object 'a' and expected object 'b' are not equal

2019-07-09 16:07:38 - [TEST_STEP][PASSED] - if (flag == true): Quantity selector working

2019-07-09 16:07:38 - [TEST_STEP][PASSED] - comment("Quantity selector working"): Quantity selector working

2019-07-09 16:07:38 - [MESSAGE][INFO] - Quantity selector working

2019-07-09 16:07:38 - [TEST_STEP][PASSED] - delay(2): Delayed 2 second(s)

2019-07-09 16:07:40 - [MESSAGE][PASSED] - Delayed 2 second(s)

2019-07-09 16:07:40 - [TEST_STEP][PASSED] - click(findTestObject("APOLLO- Desktop/Cart flyout/Checkout")): Object: 'Object Repository/APOLLO- Desktop/Cart flyout/Checkout' is clicked on

2019-07-09 16:07:42 - [MESSAGE][PASSED] - Object: 'Object Repository/APOLLO- Desktop/Cart flyout/Checkout' is clicked on

2019-07-09 16:07:42 - [TEST_STEP][PASSED] - delay(2): Delayed 2 second(s)

2019-07-09 16:07:44 - [MESSAGE][PASSED] - Delayed 2 second(s)

2019-07-09 16:07:44 - [TEST_STEP][PASSED] - callTestCase(findTestCase("CALL- CUSTOMER INFO PAGE"), [:], STOP_ON_FAILURE): Call Test Case 'Test Cases/CALL- CUSTOMER INFO PAGE' successfully

2019-07-09 16:07:44 - [TEST_CASE][PASSED] - Test Cases/CALL- CUSTOMER INFO PAGE: Test Cases/CALL- CUSTOMER INFO PAGE

2019-07-09 16:07:44 - [TEST_STEP][PASSED] - delay(2): Delayed 2 second(s)

2019-07-09 16:07:46 - [MESSAGE][PASSED] - Delayed 2 second(s)

2019-07-09 16:07:46 - [TEST_STEP][PASSED] - executeJavaScript("var previewBar = document.getElementById("preview-bar-iframe"); previewBar.style.display = "none";", []): Execute JavaScript 'var previewBar = document.getElementById("preview-bar-iframe"); previewBar.style.display = "none";' successfully

2019-07-09 16:07:46 - [MESSAGE][PASSED] - Execute JavaScript 'var previewBar = document.getElementById("preview-bar-iframe"); previewBar.style.display = "none";' successfully

2019-07-09 16:07:46 - [TEST_STEP][PASSED] - setText(findTestObject("APOLLO- Desktop/Customer Information page/Email"), "suman@gmail.com"): Text 'suman@gmail.com' is set on object 'Object Repository/APOLLO- Desktop/Customer Information page/Email'

2019-07-09 16:07:46 - [MESSAGE][PASSED] - Text 'suman@gmail.com' is set on object 'Object Repository/APOLLO- Desktop/Customer Information page/Email'

2019-07-09 16:07:46 - [TEST_STEP][PASSED] - delay(2): Delayed 2 second(s)

2019-07-09 16:07:48 - [MESSAGE][PASSED] - Delayed 2 second(s)

2019-07-09 16:07:48 - [TEST_STEP][PASSED] - setText(findTestObject("APOLLO- Desktop/Customer Information page/First name"), "suman"): Text 'suman' is set on object 'Object Repository/APOLLO- Desktop/Customer Information page/First name'

2019-07-09 16:07:48 - [MESSAGE][PASSED] - Text 'suman' is set on object 'Object Repository/APOLLO- Desktop/Customer Information page/First name'

2019-07-09 16:07:48 - [TEST_STEP][PASSED] - delay(2): Delayed 2 second(s)

2019-07-09 16:07:50 - [MESSAGE][PASSED] - Delayed 2 second(s)

2019-07-09 16:07:50 - [TEST_STEP][PASSED] - setText(findTestObject("APOLLO- Desktop/Customer Information page/Last name"), "kompelly"): Text 'kompelly' is set on object 'Object Repository/APOLLO- Desktop/Customer Information page/Last name'

2019-07-09 16:07:51 - [MESSAGE][PASSED] - Text 'kompelly' is set on object 'Object Repository/APOLLO- Desktop/Customer Information page/Last name'

2019-07-09 16:07:51 - [TEST_STEP][PASSED] - delay(2): Delayed 2 second(s)

2019-07-09 16:07:53 - [MESSAGE][PASSED] - Delayed 2 second(s)

2019-07-09 16:07:53 - [TEST_STEP][PASSED] - setText(findTestObject("APOLLO- Desktop/Customer Information page/Address"), "1435 st alxendre"): Text '1435 st alxendre' is set on object 'Object Repository/APOLLO- Desktop/Customer Information page/Address'

2019-07-09 16:07:53 - [MESSAGE][PASSED] - Text '1435 st alxendre' is set on object 'Object Repository/APOLLO- Desktop/Customer Information page/Address'

2019-07-09 16:07:53 - [TEST_STEP][PASSED] - setText(findTestObject("APOLLO- Desktop/Customer Information page/Apartment"), "220"): Text '220' is set on object 'Object Repository/APOLLO- Desktop/Customer Information page/Apartment'

2019-07-09 16:07:53 - [MESSAGE][PASSED] - Text '220' is set on object 'Object Repository/APOLLO- Desktop/Customer Information page/Apartment'

2019-07-09 16:07:53 - [TEST_STEP][PASSED] - setText(findTestObject("APOLLO- Desktop/Customer Information page/City"), "montreal"): Text 'montreal' is set on object 'Object Repository/APOLLO- Desktop/Customer Information page/City'

2019-07-09 16:07:53 - [MESSAGE][PASSED] - Text 'montreal' is set on object 'Object Repository/APOLLO- Desktop/Customer Information page/City'

2019-07-09 16:07:53 - [TEST_STEP][PASSED] - selectOptionByValue(findTestObject("APOLLO- Desktop/Customer Information page/Country dropdown"), "United States", true): All options with value 'United States' are selected in object 'Object Repository/APOLLO- Desktop/Customer Information page/Country dropdown'  using regular expression

2019-07-09 16:07:57 - [MESSAGE][PASSED] - All options with value 'United States' are selected in object 'Object Repository/APOLLO- Desktop/Customer Information page/Country dropdown'  using regular expression

2019-07-09 16:07:57 - [TEST_STEP][PASSED] - selectOptionByValue(findTestObject("APOLLO- Desktop/Customer Information page/states dropdown"), "NJ", true): All options with value 'NJ' are selected in object 'Object Repository/APOLLO- Desktop/Customer Information page/states dropdown'  using regular expression

2019-07-09 16:07:58 - [MESSAGE][PASSED] - All options with value 'NJ' are selected in object 'Object Repository/APOLLO- Desktop/Customer Information page/states dropdown'  using regular expression

2019-07-09 16:07:58 - [TEST_STEP][PASSED] - setText(findTestObject("APOLLO- Desktop/Customer Information page/ZIP code"), "07057"): Text '07057' is set on object 'Object Repository/APOLLO- Desktop/Customer Information page/ZIP code'

2019-07-09 16:07:58 - [MESSAGE][PASSED] - Text '07057' is set on object 'Object Repository/APOLLO- Desktop/Customer Information page/ZIP code'

2019-07-09 16:07:58 - [MESSAGE][PASSED] - Call Test Case 'Test Cases/CALL- CUSTOMER INFO PAGE' successfully

2019-07-09 16:07:58 - [TEST_STEP][PASSED] - delay(2): Delayed 2 second(s)

2019-07-09 16:08:00 - [MESSAGE][PASSED] - Delayed 2 second(s)

2019-07-09 16:08:00 - [TEST_STEP][PASSED] - callTestCase(findTestCase("CALL - SHIPPING TO PAYMENT"), [:], STOP_ON_FAILURE): Call Test Case 'Test Cases/CALL - SHIPPING TO PAYMENT' successfully

2019-07-09 16:08:01 - [TEST_CASE][PASSED] - Test Cases/CALL - SHIPPING TO PAYMENT: Test Cases/CALL - SHIPPING TO PAYMENT

2019-07-09 16:08:01 - [TEST_STEP][PASSED] - click(findTestObject("APOLLO- Desktop/Customer Information page/Continue to shipping")): Object: 'Object Repository/APOLLO- Desktop/Customer Information page/Continue to shipping' is clicked on

2019-07-09 16:08:02 - [MESSAGE][PASSED] - Object: 'Object Repository/APOLLO- Desktop/Customer Information page/Continue to shipping' is clicked on

2019-07-09 16:08:02 - [TEST_STEP][PASSED] - executeJavaScript("var previewBar = document.getElementById("preview-bar-iframe"); previewBar.style.display = "none";", []): Execute JavaScript 'var previewBar = document.getElementById("preview-bar-iframe"); previewBar.style.display = "none";' successfully

2019-07-09 16:08:03 - [MESSAGE][PASSED] - Execute JavaScript 'var previewBar = document.getElementById("preview-bar-iframe"); previewBar.style.display = "none";' successfully

2019-07-09 16:08:03 - [TEST_STEP][PASSED] - click(findTestObject("APOLLO- Desktop/Shipping page/Radio button check")): Object: 'Object Repository/APOLLO- Desktop/Shipping page/Radio button check' is clicked on

2019-07-09 16:08:04 - [MESSAGE][PASSED] - Object: 'Object Repository/APOLLO- Desktop/Shipping page/Radio button check' is clicked on

2019-07-09 16:08:04 - [TEST_STEP][PASSED] - executeJavaScript("var previewBar = document.getElementById("preview-bar-iframe"); previewBar.style.display = "none";", []): Execute JavaScript 'var previewBar = document.getElementById("preview-bar-iframe"); previewBar.style.display = "none";' successfully

2019-07-09 16:08:04 - [MESSAGE][PASSED] - Execute JavaScript 'var previewBar = document.getElementById("preview-bar-iframe"); previewBar.style.display = "none";' successfully

2019-07-09 16:08:04 - [TEST_STEP][PASSED] - click(findTestObject("APOLLO- Desktop/Shipping page/Continue to payment")): Object: 'Object Repository/APOLLO- Desktop/Shipping page/Continue to payment' is clicked on

2019-07-09 16:08:06 - [MESSAGE][PASSED] - Object: 'Object Repository/APOLLO- Desktop/Shipping page/Continue to payment' is clicked on

2019-07-09 16:08:06 - [TEST_STEP][PASSED] - executeJavaScript("var previewBar = document.getElementById("preview-bar-iframe"); previewBar.style.display = "none";", []): Execute JavaScript 'var previewBar = document.getElementById("preview-bar-iframe"); previewBar.style.display = "none";' successfully

2019-07-09 16:08:06 - [MESSAGE][PASSED] - Execute JavaScript 'var previewBar = document.getElementById("preview-bar-iframe"); previewBar.style.display = "none";' successfully

2019-07-09 16:08:06 - [TEST_STEP][PASSED] - verifyTextPresent("Payment", false): Text 'Payment' is present on page 

2019-07-09 16:08:07 - [MESSAGE][PASSED] - Text 'Payment' is present on page 

2019-07-09 16:08:07 - [MESSAGE][PASSED] - Call Test Case 'Test Cases/CALL - SHIPPING TO PAYMENT' successfully]]></system-out>
         <system-err><![CDATA[]]></system-err>
      </testcase>
      <testcase name="Test Cases/CRITICAL PATH/Adding diff prods to cart" classname="Test Cases/CRITICAL PATH/Adding diff prods to cart" status="FAILED">
         <failure type="FAILED" message="Test Cases/CRITICAL PATH/Adding diff prods to cart FAILED.
Reason:
com.kms.katalon.core.exception.StepFailedException: Unable to click on object 'Object Repository/APOLLO- Desktop/Collection page/Grilled lemon chicken' (Root cause: org.openqa.selenium.ElementClickInterceptedException: Element &lt;div class=&quot;o-square-image js-tile-image&quot;> is not clickable at point (178,767) because another element &lt;iframe id=&quot;preview-bar-iframe&quot; src=&quot;https://apollo-fireball.myshopify.com/preview_bar&quot;> obscures it
Build info: version: '3.7.1', revision: '8a0099a', time: '2017-11-06T21:07:36.161Z'
System info: host: 'sumans-MacBook-Pro.local', ip: 'fe80:0:0:0:47c:ca88:4245:b7a7%en0', os.name: 'Mac OS X', os.arch: 'x86_64', os.version: '10.13.6', java.version: '1.8.0_181'
Driver info: com.kms.katalon.core.webui.driver.firefox.CGeckoDriver
Capabilities {acceptInsecureCerts: true, browserName: firefox, browserVersion: 67.0.4, javascriptEnabled: true, moz:accessibilityChecks: false, moz:buildID: 20190619235627, moz:geckodriverVersion: 0.23.0, moz:headless: false, moz:processID: 2594, moz:profile: /var/folders/1t/c55l8xzs6gq..., moz:shutdownTimeout: 60000, moz:useNonSpecCompliantPointerOrigin: false, moz:webdriverClick: true, pageLoadStrategy: normal, platform: MAC, platformName: MAC, platformVersion: 17.7.0, proxy: Proxy(direct), rotatable: false, setWindowRect: true, strictFileInteractability: false, timeouts: {implicit: 0, pageLoad: 300000, script: 30000}, unhandledPromptBehavior: dismiss and notify}
Session ID: 72a0f7d6-43b6-9541-8661-b6d17a7b6b6b)
	at com.kms.katalon.core.keyword.internal.KeywordMain.stepFailed(KeywordMain.groovy:36)
	at com.kms.katalon.core.webui.keyword.internal.WebUIKeywordMain.stepFailed(WebUIKeywordMain.groovy:65)
	at com.kms.katalon.core.webui.keyword.internal.WebUIKeywordMain.runKeyword(WebUIKeywordMain.groovy:27)
	at com.kms.katalon.core.webui.keyword.builtin.ClickKeyword.click(ClickKeyword.groovy:86)
	at com.kms.katalon.core.webui.keyword.builtin.ClickKeyword.execute(ClickKeyword.groovy:67)
	at com.kms.katalon.core.keyword.internal.KeywordExecutor.executeKeywordForPlatform(KeywordExecutor.groovy:53)
	at com.kms.katalon.core.webui.keyword.WebUiBuiltInKeywords.click(WebUiBuiltInKeywords.groovy:616)
	at com.kms.katalon.core.webui.keyword.WebUiBuiltInKeywords$click$3.call(Unknown Source)
	at Adding diff prods to cart.run(Adding diff prods to cart:90)
	at com.kms.katalon.core.main.ScriptEngine.run(ScriptEngine.java:194)
	at com.kms.katalon.core.main.ScriptEngine.runScriptAsRawText(ScriptEngine.java:119)
	at com.kms.katalon.core.main.TestCaseExecutor.runScript(TestCaseExecutor.java:328)
	at com.kms.katalon.core.main.TestCaseExecutor.doExecute(TestCaseExecutor.java:319)
	at com.kms.katalon.core.main.TestCaseExecutor.processExecutionPhase(TestCaseExecutor.java:298)
	at com.kms.katalon.core.main.TestCaseExecutor.accessMainPhase(TestCaseExecutor.java:290)
	at com.kms.katalon.core.main.TestCaseExecutor.execute(TestCaseExecutor.java:224)
	at com.kms.katalon.core.main.TestSuiteExecutor.accessTestCaseMainPhase(TestSuiteExecutor.java:129)
	at com.kms.katalon.core.main.TestSuiteExecutor.accessTestSuiteMainPhase(TestSuiteExecutor.java:112)
	at com.kms.katalon.core.main.TestSuiteExecutor.execute(TestSuiteExecutor.java:81)
	at com.kms.katalon.core.main.TestCaseMain.startTestSuite(TestCaseMain.java:149)
	at com.kms.katalon.core.main.TestCaseMain$startTestSuite$0.call(Unknown Source)
	at TempTestSuite1562701686673.run(TempTestSuite1562701686673.groovy:36)
"/>
         <system-out><![CDATA[2019-07-09 16:08:07 - [TEST_CASE][FAILED] - Test Cases/CRITICAL PATH/Adding diff prods to cart: Test Cases/CRITICAL PATH/Adding diff prods to cart FAILED.
Reason:
com.kms.katalon.core.exception.StepFailedException: Unable to click on object 'Object Repository/APOLLO- Desktop/Collection page/Grilled lemon chicken' (Root cause: org.openqa.selenium.ElementClickInterceptedException: Element <div class="o-square-image js-tile-image"> is not clickable at point (178,767) because another element <iframe id="preview-bar-iframe" src="https://apollo-fireball.myshopify.com/preview_bar"> obscures it
Build info: version: '3.7.1', revision: '8a0099a', time: '2017-11-06T21:07:36.161Z'
System info: host: 'sumans-MacBook-Pro.local', ip: 'fe80:0:0:0:47c:ca88:4245:b7a7%en0', os.name: 'Mac OS X', os.arch: 'x86_64', os.version: '10.13.6', java.version: '1.8.0_181'
Driver info: com.kms.katalon.core.webui.driver.firefox.CGeckoDriver
Capabilities {acceptInsecureCerts: true, browserName: firefox, browserVersion: 67.0.4, javascriptEnabled: true, moz:accessibilityChecks: false, moz:buildID: 20190619235627, moz:geckodriverVersion: 0.23.0, moz:headless: false, moz:processID: 2594, moz:profile: /var/folders/1t/c55l8xzs6gq..., moz:shutdownTimeout: 60000, moz:useNonSpecCompliantPointerOrigin: false, moz:webdriverClick: true, pageLoadStrategy: normal, platform: MAC, platformName: MAC, platformVersion: 17.7.0, proxy: Proxy(direct), rotatable: false, setWindowRect: true, strictFileInteractability: false, timeouts: {implicit: 0, pageLoad: 300000, script: 30000}, unhandledPromptBehavior: dismiss and notify}
Session ID: 72a0f7d6-43b6-9541-8661-b6d17a7b6b6b)
	at com.kms.katalon.core.keyword.internal.KeywordMain.stepFailed(KeywordMain.groovy:36)
	at com.kms.katalon.core.webui.keyword.internal.WebUIKeywordMain.stepFailed(WebUIKeywordMain.groovy:65)
	at com.kms.katalon.core.webui.keyword.internal.WebUIKeywordMain.runKeyword(WebUIKeywordMain.groovy:27)
	at com.kms.katalon.core.webui.keyword.builtin.ClickKeyword.click(ClickKeyword.groovy:86)
	at com.kms.katalon.core.webui.keyword.builtin.ClickKeyword.execute(ClickKeyword.groovy:67)
	at com.kms.katalon.core.keyword.internal.KeywordExecutor.executeKeywordForPlatform(KeywordExecutor.groovy:53)
	at com.kms.katalon.core.webui.keyword.WebUiBuiltInKeywords.click(WebUiBuiltInKeywords.groovy:616)
	at com.kms.katalon.core.webui.keyword.WebUiBuiltInKeywords$click$3.call(Unknown Source)
	at Adding diff prods to cart.run(Adding diff prods to cart:90)
	at com.kms.katalon.core.main.ScriptEngine.run(ScriptEngine.java:194)
	at com.kms.katalon.core.main.ScriptEngine.runScriptAsRawText(ScriptEngine.java:119)
	at com.kms.katalon.core.main.TestCaseExecutor.runScript(TestCaseExecutor.java:328)
	at com.kms.katalon.core.main.TestCaseExecutor.doExecute(TestCaseExecutor.java:319)
	at com.kms.katalon.core.main.TestCaseExecutor.processExecutionPhase(TestCaseExecutor.java:298)
	at com.kms.katalon.core.main.TestCaseExecutor.accessMainPhase(TestCaseExecutor.java:290)
	at com.kms.katalon.core.main.TestCaseExecutor.execute(TestCaseExecutor.java:224)
	at com.kms.katalon.core.main.TestSuiteExecutor.accessTestCaseMainPhase(TestSuiteExecutor.java:129)
	at com.kms.katalon.core.main.TestSuiteExecutor.accessTestSuiteMainPhase(TestSuiteExecutor.java:112)
	at com.kms.katalon.core.main.TestSuiteExecutor.execute(TestSuiteExecutor.java:81)
	at com.kms.katalon.core.main.TestCaseMain.startTestSuite(TestCaseMain.java:149)
	at com.kms.katalon.core.main.TestCaseMain$startTestSuite$0.call(Unknown Source)
	at TempTestSuite1562701686673.run(TempTestSuite1562701686673.groovy:36)


2019-07-09 16:08:07 - [TEST_STEP][PASSED] - callTestCase(findTestCase("CALL - URL"), [:], STOP_ON_FAILURE): Call Test Case 'Test Cases/CALL - URL' successfully

2019-07-09 16:08:07 - [TEST_CASE][PASSED] - Test Cases/CALL - URL: Test Cases/CALL - URL

2019-07-09 16:08:07 - [TEST_STEP][PASSED] - openBrowser(""): Browser is opened with url: ''

2019-07-09 16:08:07 - [MESSAGE][WARNING] - A browser is already opened. Closing browser and opening a new one

2019-07-09 16:08:08 - [MESSAGE][INFO] - Starting 'Firefox' driver

2019-07-09 16:08:10 - [MESSAGE][PASSED] - Browser is opened with url: ''

2019-07-09 16:08:10 - [TEST_STEP][PASSED] - navigateToUrl("https://apollo-fireball.myshopify.com/?_ab=0&_fd=0&_sc=1&key=96c2edace7b9967f3a77c2e2b131937136039831e9ec35f31598610005fa8795&preview_theme_id=46803124304"): Navigate to 'https://apollo-fireball.myshopify.com/?_ab=0&_fd=0&_sc=1&key=96c2edace7b9967f3a77c2e2b131937136039831e9ec35f31598610005fa8795&preview_theme_id=46803124304' successfully

2019-07-09 16:08:17 - [MESSAGE][PASSED] - Navigate to 'https://apollo-fireball.myshopify.com/?_ab=0&_fd=0&_sc=1&key=96c2edace7b9967f3a77c2e2b131937136039831e9ec35f31598610005fa8795&preview_theme_id=46803124304' successfully

2019-07-09 16:08:17 - [TEST_STEP][PASSED] - executeJavaScript("var previewBar = document.getElementById("preview-bar-iframe"); previewBar.style.display = "none";", []): Execute JavaScript 'var previewBar = document.getElementById("preview-bar-iframe"); previewBar.style.display = "none";' successfully

2019-07-09 16:08:17 - [MESSAGE][PASSED] - Execute JavaScript 'var previewBar = document.getElementById("preview-bar-iframe"); previewBar.style.display = "none";' successfully

2019-07-09 16:08:17 - [TEST_STEP][PASSED] - maximizeWindow(): Current window maximized

2019-07-09 16:08:17 - [MESSAGE][PASSED] - Current window maximized

2019-07-09 16:08:17 - [MESSAGE][PASSED] - Call Test Case 'Test Cases/CALL - URL' successfully

2019-07-09 16:08:17 - [TEST_STEP][PASSED] - click(findTestObject("APOLLO- Desktop/Burger Menu/Burgermenu")): Object: 'Object Repository/APOLLO- Desktop/Burger Menu/Burgermenu' is clicked on

2019-07-09 16:08:19 - [MESSAGE][PASSED] - Object: 'Object Repository/APOLLO- Desktop/Burger Menu/Burgermenu' is clicked on

2019-07-09 16:08:19 - [TEST_STEP][PASSED] - delay(2): Delayed 2 second(s)

2019-07-09 16:08:21 - [MESSAGE][PASSED] - Delayed 2 second(s)

2019-07-09 16:08:21 - [TEST_STEP][PASSED] - click(findTestObject("APOLLO- Desktop/Burger Menu/Shop food")): Object: 'Object Repository/APOLLO- Desktop/Burger Menu/Shop food' is clicked on

2019-07-09 16:08:21 - [MESSAGE][PASSED] - Object: 'Object Repository/APOLLO- Desktop/Burger Menu/Shop food' is clicked on

2019-07-09 16:08:21 - [TEST_STEP][PASSED] - delay(2): Delayed 2 second(s)

2019-07-09 16:08:23 - [MESSAGE][PASSED] - Delayed 2 second(s)

2019-07-09 16:08:23 - [TEST_STEP][PASSED] - click(findTestObject("APOLLO- Desktop/Burger Menu/Beef")): Object: 'Object Repository/APOLLO- Desktop/Burger Menu/Beef' is clicked on

2019-07-09 16:08:26 - [MESSAGE][PASSED] - Object: 'Object Repository/APOLLO- Desktop/Burger Menu/Beef' is clicked on

2019-07-09 16:08:26 - [TEST_STEP][PASSED] - delay(2): Delayed 2 second(s)

2019-07-09 16:08:28 - [MESSAGE][PASSED] - Delayed 2 second(s)

2019-07-09 16:08:28 - [TEST_STEP][PASSED] - executeJavaScript("var previewBar = document.getElementById("preview-bar-iframe"); previewBar.style.display = "none";", []): Execute JavaScript 'var previewBar = document.getElementById("preview-bar-iframe"); previewBar.style.display = "none";' successfully

2019-07-09 16:08:28 - [MESSAGE][PASSED] - Execute JavaScript 'var previewBar = document.getElementById("preview-bar-iframe"); previewBar.style.display = "none";' successfully

2019-07-09 16:08:28 - [TEST_STEP][PASSED] - delay(2): Delayed 2 second(s)

2019-07-09 16:08:30 - [MESSAGE][PASSED] - Delayed 2 second(s)

2019-07-09 16:08:30 - [TEST_STEP][PASSED] - click(findTestObject("APOLLO- Desktop/Collection page/Beef skewers")): Object: 'Object Repository/APOLLO- Desktop/Collection page/Beef skewers' is clicked on

2019-07-09 16:08:34 - [MESSAGE][PASSED] - Object: 'Object Repository/APOLLO- Desktop/Collection page/Beef skewers' is clicked on

2019-07-09 16:08:34 - [TEST_STEP][PASSED] - executeJavaScript("var previewBar = document.getElementById("preview-bar-iframe"); previewBar.style.display = "none";", []): Execute JavaScript 'var previewBar = document.getElementById("preview-bar-iframe"); previewBar.style.display = "none";' successfully

2019-07-09 16:08:34 - [MESSAGE][PASSED] - Execute JavaScript 'var previewBar = document.getElementById("preview-bar-iframe"); previewBar.style.display = "none";' successfully

2019-07-09 16:08:34 - [TEST_STEP][PASSED] - delay(2): Delayed 2 second(s)

2019-07-09 16:08:36 - [MESSAGE][PASSED] - Delayed 2 second(s)

2019-07-09 16:08:36 - [TEST_STEP][PASSED] - click(findTestObject("APOLLO- Desktop/Product page/1 piece")): Object: 'Object Repository/APOLLO- Desktop/Product page/1 piece' is clicked on

2019-07-09 16:08:36 - [MESSAGE][PASSED] - Object: 'Object Repository/APOLLO- Desktop/Product page/1 piece' is clicked on

2019-07-09 16:08:36 - [TEST_STEP][PASSED] - delay(2): Delayed 2 second(s)

2019-07-09 16:08:38 - [MESSAGE][PASSED] - Delayed 2 second(s)

2019-07-09 16:08:38 - [TEST_STEP][PASSED] - click(findTestObject("APOLLO- Desktop/Product page/Add to bag")): Object: 'Object Repository/APOLLO- Desktop/Product page/Add to bag' is clicked on

2019-07-09 16:08:38 - [MESSAGE][PASSED] - Object: 'Object Repository/APOLLO- Desktop/Product page/Add to bag' is clicked on

2019-07-09 16:08:38 - [TEST_STEP][PASSED] - delay(2): Delayed 2 second(s)

2019-07-09 16:08:40 - [MESSAGE][PASSED] - Delayed 2 second(s)

2019-07-09 16:08:40 - [TEST_STEP][PASSED] - click(findTestObject("APOLLO- Desktop/Cart flyout/Cart collapse")): Object: 'Object Repository/APOLLO- Desktop/Cart flyout/Cart collapse' is clicked on

2019-07-09 16:08:41 - [MESSAGE][PASSED] - Object: 'Object Repository/APOLLO- Desktop/Cart flyout/Cart collapse' is clicked on

2019-07-09 16:08:41 - [TEST_STEP][PASSED] - delay(2): Delayed 2 second(s)

2019-07-09 16:08:43 - [MESSAGE][PASSED] - Delayed 2 second(s)

2019-07-09 16:08:43 - [TEST_STEP][PASSED] - click(findTestObject("APOLLO- Desktop/Product page/2 piece")): Object: 'Object Repository/APOLLO- Desktop/Product page/2 piece' is clicked on

2019-07-09 16:08:43 - [MESSAGE][PASSED] - Object: 'Object Repository/APOLLO- Desktop/Product page/2 piece' is clicked on

2019-07-09 16:08:43 - [TEST_STEP][PASSED] - delay(2): Delayed 2 second(s)

2019-07-09 16:08:45 - [MESSAGE][PASSED] - Delayed 2 second(s)

2019-07-09 16:08:45 - [TEST_STEP][PASSED] - click(findTestObject("APOLLO- Desktop/Product page/Add to bag")): Object: 'Object Repository/APOLLO- Desktop/Product page/Add to bag' is clicked on

2019-07-09 16:08:45 - [MESSAGE][PASSED] - Object: 'Object Repository/APOLLO- Desktop/Product page/Add to bag' is clicked on

2019-07-09 16:08:45 - [TEST_STEP][PASSED] - delay(2): Delayed 2 second(s)

2019-07-09 16:08:47 - [MESSAGE][PASSED] - Delayed 2 second(s)

2019-07-09 16:08:47 - [TEST_STEP][PASSED] - click(findTestObject("APOLLO- Desktop/Cart flyout/Cart collapse")): Object: 'Object Repository/APOLLO- Desktop/Cart flyout/Cart collapse' is clicked on

2019-07-09 16:08:47 - [MESSAGE][PASSED] - Object: 'Object Repository/APOLLO- Desktop/Cart flyout/Cart collapse' is clicked on

2019-07-09 16:08:47 - [TEST_STEP][PASSED] - delay(2): Delayed 2 second(s)

2019-07-09 16:08:49 - [MESSAGE][PASSED] - Delayed 2 second(s)

2019-07-09 16:08:49 - [TEST_STEP][PASSED] - click(findTestObject("APOLLO- Desktop/Product page/3 piece")): Object: 'Object Repository/APOLLO- Desktop/Product page/3 piece' is clicked on

2019-07-09 16:08:50 - [MESSAGE][PASSED] - Object: 'Object Repository/APOLLO- Desktop/Product page/3 piece' is clicked on

2019-07-09 16:08:50 - [TEST_STEP][PASSED] - delay(2): Delayed 2 second(s)

2019-07-09 16:08:52 - [MESSAGE][PASSED] - Delayed 2 second(s)

2019-07-09 16:08:52 - [TEST_STEP][PASSED] - click(findTestObject("APOLLO- Desktop/Product page/Add to bag")): Object: 'Object Repository/APOLLO- Desktop/Product page/Add to bag' is clicked on

2019-07-09 16:08:52 - [MESSAGE][PASSED] - Object: 'Object Repository/APOLLO- Desktop/Product page/Add to bag' is clicked on

2019-07-09 16:08:52 - [TEST_STEP][PASSED] - delay(2): Delayed 2 second(s)

2019-07-09 16:08:54 - [MESSAGE][PASSED] - Delayed 2 second(s)

2019-07-09 16:08:54 - [TEST_STEP][PASSED] - click(findTestObject("APOLLO- Desktop/Cart flyout/Cart collapse")): Object: 'Object Repository/APOLLO- Desktop/Cart flyout/Cart collapse' is clicked on

2019-07-09 16:08:54 - [MESSAGE][PASSED] - Object: 'Object Repository/APOLLO- Desktop/Cart flyout/Cart collapse' is clicked on

2019-07-09 16:08:54 - [TEST_STEP][PASSED] - delay(2): Delayed 2 second(s)

2019-07-09 16:08:56 - [MESSAGE][PASSED] - Delayed 2 second(s)

2019-07-09 16:08:56 - [TEST_STEP][PASSED] - click(findTestObject("APOLLO- Desktop/Burger Menu/Burgermenu")): Object: 'Object Repository/APOLLO- Desktop/Burger Menu/Burgermenu' is clicked on

2019-07-09 16:08:56 - [MESSAGE][PASSED] - Object: 'Object Repository/APOLLO- Desktop/Burger Menu/Burgermenu' is clicked on

2019-07-09 16:08:56 - [TEST_STEP][PASSED] - delay(2): Delayed 2 second(s)

2019-07-09 16:08:58 - [MESSAGE][PASSED] - Delayed 2 second(s)

2019-07-09 16:08:58 - [TEST_STEP][PASSED] - click(findTestObject("APOLLO- Desktop/Burger Menu/Shop food")): Object: 'Object Repository/APOLLO- Desktop/Burger Menu/Shop food' is clicked on

2019-07-09 16:08:59 - [MESSAGE][PASSED] - Object: 'Object Repository/APOLLO- Desktop/Burger Menu/Shop food' is clicked on

2019-07-09 16:08:59 - [TEST_STEP][PASSED] - delay(2): Delayed 2 second(s)

2019-07-09 16:09:01 - [MESSAGE][PASSED] - Delayed 2 second(s)

2019-07-09 16:09:01 - [TEST_STEP][PASSED] - click(findTestObject("APOLLO- Desktop/Burger Menu/Chicken")): Object: 'Object Repository/APOLLO- Desktop/Burger Menu/Chicken' is clicked on

2019-07-09 16:09:03 - [MESSAGE][PASSED] - Object: 'Object Repository/APOLLO- Desktop/Burger Menu/Chicken' is clicked on

2019-07-09 16:09:03 - [TEST_STEP][PASSED] - delay(2): Delayed 2 second(s)

2019-07-09 16:09:05 - [MESSAGE][PASSED] - Delayed 2 second(s)

2019-07-09 16:09:05 - [TEST_STEP][FAILED] - click(findTestObject("APOLLO- Desktop/Collection page/Grilled lemon chicken")): click(findTestObject("APOLLO- Desktop/Collection page/Grilled lemon chicken")) FAILED.
Reason:
com.kms.katalon.core.exception.StepFailedException: Unable to click on object 'Object Repository/APOLLO- Desktop/Collection page/Grilled lemon chicken' (Root cause: org.openqa.selenium.ElementClickInterceptedException: Element <div class="o-square-image js-tile-image"> is not clickable at point (178,767) because another element <iframe id="preview-bar-iframe" src="https://apollo-fireball.myshopify.com/preview_bar"> obscures it
Build info: version: '3.7.1', revision: '8a0099a', time: '2017-11-06T21:07:36.161Z'
System info: host: 'sumans-MacBook-Pro.local', ip: 'fe80:0:0:0:47c:ca88:4245:b7a7%en0', os.name: 'Mac OS X', os.arch: 'x86_64', os.version: '10.13.6', java.version: '1.8.0_181'
Driver info: com.kms.katalon.core.webui.driver.firefox.CGeckoDriver
Capabilities {acceptInsecureCerts: true, browserName: firefox, browserVersion: 67.0.4, javascriptEnabled: true, moz:accessibilityChecks: false, moz:buildID: 20190619235627, moz:geckodriverVersion: 0.23.0, moz:headless: false, moz:processID: 2594, moz:profile: /var/folders/1t/c55l8xzs6gq..., moz:shutdownTimeout: 60000, moz:useNonSpecCompliantPointerOrigin: false, moz:webdriverClick: true, pageLoadStrategy: normal, platform: MAC, platformName: MAC, platformVersion: 17.7.0, proxy: Proxy(direct), rotatable: false, setWindowRect: true, strictFileInteractability: false, timeouts: {implicit: 0, pageLoad: 300000, script: 30000}, unhandledPromptBehavior: dismiss and notify}
Session ID: 72a0f7d6-43b6-9541-8661-b6d17a7b6b6b)
	at com.kms.katalon.core.keyword.internal.KeywordMain.stepFailed(KeywordMain.groovy:36)
	at com.kms.katalon.core.webui.keyword.internal.WebUIKeywordMain.stepFailed(WebUIKeywordMain.groovy:65)
	at com.kms.katalon.core.webui.keyword.internal.WebUIKeywordMain.runKeyword(WebUIKeywordMain.groovy:27)
	at com.kms.katalon.core.webui.keyword.builtin.ClickKeyword.click(ClickKeyword.groovy:86)
	at com.kms.katalon.core.webui.keyword.builtin.ClickKeyword.execute(ClickKeyword.groovy:67)
	at com.kms.katalon.core.keyword.internal.KeywordExecutor.executeKeywordForPlatform(KeywordExecutor.groovy:53)
	at com.kms.katalon.core.webui.keyword.WebUiBuiltInKeywords.click(WebUiBuiltInKeywords.groovy:616)
	at com.kms.katalon.core.webui.keyword.WebUiBuiltInKeywords$click$3.call(Unknown Source)
	at Adding diff prods to cart.run(Adding diff prods to cart:90)
	at com.kms.katalon.core.main.ScriptEngine.run(ScriptEngine.java:194)
	at com.kms.katalon.core.main.ScriptEngine.runScriptAsRawText(ScriptEngine.java:119)
	at com.kms.katalon.core.main.TestCaseExecutor.runScript(TestCaseExecutor.java:328)
	at com.kms.katalon.core.main.TestCaseExecutor.doExecute(TestCaseExecutor.java:319)
	at com.kms.katalon.core.main.TestCaseExecutor.processExecutionPhase(TestCaseExecutor.java:298)
	at com.kms.katalon.core.main.TestCaseExecutor.accessMainPhase(TestCaseExecutor.java:290)
	at com.kms.katalon.core.main.TestCaseExecutor.execute(TestCaseExecutor.java:224)
	at com.kms.katalon.core.main.TestSuiteExecutor.accessTestCaseMainPhase(TestSuiteExecutor.java:129)
	at com.kms.katalon.core.main.TestSuiteExecutor.accessTestSuiteMainPhase(TestSuiteExecutor.java:112)
	at com.kms.katalon.core.main.TestSuiteExecutor.execute(TestSuiteExecutor.java:81)
	at com.kms.katalon.core.main.TestCaseMain.startTestSuite(TestCaseMain.java:149)
	at com.kms.katalon.core.main.TestCaseMain$startTestSuite$0.call(Unknown Source)
	at TempTestSuite1562701686673.run(TempTestSuite1562701686673.groovy:36)


2019-07-09 16:09:06 - [MESSAGE][FAILED] - Unable to click on object 'Object Repository/APOLLO- Desktop/Collection page/Grilled lemon chicken' (Root cause: org.openqa.selenium.ElementClickInterceptedException: Element <div class="o-square-image js-tile-image"> is not clickable at point (178,767) because another element <iframe id="preview-bar-iframe" src="https://apollo-fireball.myshopify.com/preview_bar"> obscures it
Build info: version: '3.7.1', revision: '8a0099a', time: '2017-11-06T21:07:36.161Z'
System info: host: 'sumans-MacBook-Pro.local', ip: 'fe80:0:0:0:47c:ca88:4245:b7a7%en0', os.name: 'Mac OS X', os.arch: 'x86_64', os.version: '10.13.6', java.version: '1.8.0_181'
Driver info: com.kms.katalon.core.webui.driver.firefox.CGeckoDriver
Capabilities {acceptInsecureCerts: true, browserName: firefox, browserVersion: 67.0.4, javascriptEnabled: true, moz:accessibilityChecks: false, moz:buildID: 20190619235627, moz:geckodriverVersion: 0.23.0, moz:headless: false, moz:processID: 2594, moz:profile: /var/folders/1t/c55l8xzs6gq..., moz:shutdownTimeout: 60000, moz:useNonSpecCompliantPointerOrigin: false, moz:webdriverClick: true, pageLoadStrategy: normal, platform: MAC, platformName: MAC, platformVersion: 17.7.0, proxy: Proxy(direct), rotatable: false, setWindowRect: true, strictFileInteractability: false, timeouts: {implicit: 0, pageLoad: 300000, script: 30000}, unhandledPromptBehavior: dismiss and notify}
Session ID: 72a0f7d6-43b6-9541-8661-b6d17a7b6b6b)
[[ATTACHMENT|/Users/sumankompelly/Katalon Studio/APOLLO - FIRE/APOLLO - FIRE- DESKTOP/Reports/0.5.5/20190709_154806/1562702945461.png]]

2019-07-09 16:09:06 - [MESSAGE][FAILED] - click(findTestObject("APOLLO- Desktop/Collection page/Grilled lemon chicken")) FAILED.
Reason:
com.kms.katalon.core.exception.StepFailedException: Unable to click on object 'Object Repository/APOLLO- Desktop/Collection page/Grilled lemon chicken' (Root cause: org.openqa.selenium.ElementClickInterceptedException: Element <div class="o-square-image js-tile-image"> is not clickable at point (178,767) because another element <iframe id="preview-bar-iframe" src="https://apollo-fireball.myshopify.com/preview_bar"> obscures it
Build info: version: '3.7.1', revision: '8a0099a', time: '2017-11-06T21:07:36.161Z'
System info: host: 'sumans-MacBook-Pro.local', ip: 'fe80:0:0:0:47c:ca88:4245:b7a7%en0', os.name: 'Mac OS X', os.arch: 'x86_64', os.version: '10.13.6', java.version: '1.8.0_181'
Driver info: com.kms.katalon.core.webui.driver.firefox.CGeckoDriver
Capabilities {acceptInsecureCerts: true, browserName: firefox, browserVersion: 67.0.4, javascriptEnabled: true, moz:accessibilityChecks: false, moz:buildID: 20190619235627, moz:geckodriverVersion: 0.23.0, moz:headless: false, moz:processID: 2594, moz:profile: /var/folders/1t/c55l8xzs6gq..., moz:shutdownTimeout: 60000, moz:useNonSpecCompliantPointerOrigin: false, moz:webdriverClick: true, pageLoadStrategy: normal, platform: MAC, platformName: MAC, platformVersion: 17.7.0, proxy: Proxy(direct), rotatable: false, setWindowRect: true, strictFileInteractability: false, timeouts: {implicit: 0, pageLoad: 300000, script: 30000}, unhandledPromptBehavior: dismiss and notify}
Session ID: 72a0f7d6-43b6-9541-8661-b6d17a7b6b6b)
	at com.kms.katalon.core.keyword.internal.KeywordMain.stepFailed(KeywordMain.groovy:36)
	at com.kms.katalon.core.webui.keyword.internal.WebUIKeywordMain.stepFailed(WebUIKeywordMain.groovy:65)
	at com.kms.katalon.core.webui.keyword.internal.WebUIKeywordMain.runKeyword(WebUIKeywordMain.groovy:27)
	at com.kms.katalon.core.webui.keyword.builtin.ClickKeyword.click(ClickKeyword.groovy:86)
	at com.kms.katalon.core.webui.keyword.builtin.ClickKeyword.execute(ClickKeyword.groovy:67)
	at com.kms.katalon.core.keyword.internal.KeywordExecutor.executeKeywordForPlatform(KeywordExecutor.groovy:53)
	at com.kms.katalon.core.webui.keyword.WebUiBuiltInKeywords.click(WebUiBuiltInKeywords.groovy:616)
	at com.kms.katalon.core.webui.keyword.WebUiBuiltInKeywords$click$3.call(Unknown Source)
	at Adding diff prods to cart.run(Adding diff prods to cart:90)
	at com.kms.katalon.core.main.ScriptEngine.run(ScriptEngine.java:194)
	at com.kms.katalon.core.main.ScriptEngine.runScriptAsRawText(ScriptEngine.java:119)
	at com.kms.katalon.core.main.TestCaseExecutor.runScript(TestCaseExecutor.java:328)
	at com.kms.katalon.core.main.TestCaseExecutor.doExecute(TestCaseExecutor.java:319)
	at com.kms.katalon.core.main.TestCaseExecutor.processExecutionPhase(TestCaseExecutor.java:298)
	at com.kms.katalon.core.main.TestCaseExecutor.accessMainPhase(TestCaseExecutor.java:290)
	at com.kms.katalon.core.main.TestCaseExecutor.execute(TestCaseExecutor.java:224)
	at com.kms.katalon.core.main.TestSuiteExecutor.accessTestCaseMainPhase(TestSuiteExecutor.java:129)
	at com.kms.katalon.core.main.TestSuiteExecutor.accessTestSuiteMainPhase(TestSuiteExecutor.java:112)
	at com.kms.katalon.core.main.TestSuiteExecutor.execute(TestSuiteExecutor.java:81)
	at com.kms.katalon.core.main.TestCaseMain.startTestSuite(TestCaseMain.java:149)
	at com.kms.katalon.core.main.TestCaseMain$startTestSuite$0.call(Unknown Source)
	at TempTestSuite1562701686673.run(TempTestSuite1562701686673.groovy:36)]]></system-out>
         <system-err><![CDATA[2019-07-09 16:08:07 - [TEST_CASE][FAILED] - Test Cases/CRITICAL PATH/Adding diff prods to cart: Test Cases/CRITICAL PATH/Adding diff prods to cart FAILED.
Reason:
com.kms.katalon.core.exception.StepFailedException: Unable to click on object 'Object Repository/APOLLO- Desktop/Collection page/Grilled lemon chicken' (Root cause: org.openqa.selenium.ElementClickInterceptedException: Element <div class="o-square-image js-tile-image"> is not clickable at point (178,767) because another element <iframe id="preview-bar-iframe" src="https://apollo-fireball.myshopify.com/preview_bar"> obscures it
Build info: version: '3.7.1', revision: '8a0099a', time: '2017-11-06T21:07:36.161Z'
System info: host: 'sumans-MacBook-Pro.local', ip: 'fe80:0:0:0:47c:ca88:4245:b7a7%en0', os.name: 'Mac OS X', os.arch: 'x86_64', os.version: '10.13.6', java.version: '1.8.0_181'
Driver info: com.kms.katalon.core.webui.driver.firefox.CGeckoDriver
Capabilities {acceptInsecureCerts: true, browserName: firefox, browserVersion: 67.0.4, javascriptEnabled: true, moz:accessibilityChecks: false, moz:buildID: 20190619235627, moz:geckodriverVersion: 0.23.0, moz:headless: false, moz:processID: 2594, moz:profile: /var/folders/1t/c55l8xzs6gq..., moz:shutdownTimeout: 60000, moz:useNonSpecCompliantPointerOrigin: false, moz:webdriverClick: true, pageLoadStrategy: normal, platform: MAC, platformName: MAC, platformVersion: 17.7.0, proxy: Proxy(direct), rotatable: false, setWindowRect: true, strictFileInteractability: false, timeouts: {implicit: 0, pageLoad: 300000, script: 30000}, unhandledPromptBehavior: dismiss and notify}
Session ID: 72a0f7d6-43b6-9541-8661-b6d17a7b6b6b)
	at com.kms.katalon.core.keyword.internal.KeywordMain.stepFailed(KeywordMain.groovy:36)
	at com.kms.katalon.core.webui.keyword.internal.WebUIKeywordMain.stepFailed(WebUIKeywordMain.groovy:65)
	at com.kms.katalon.core.webui.keyword.internal.WebUIKeywordMain.runKeyword(WebUIKeywordMain.groovy:27)
	at com.kms.katalon.core.webui.keyword.builtin.ClickKeyword.click(ClickKeyword.groovy:86)
	at com.kms.katalon.core.webui.keyword.builtin.ClickKeyword.execute(ClickKeyword.groovy:67)
	at com.kms.katalon.core.keyword.internal.KeywordExecutor.executeKeywordForPlatform(KeywordExecutor.groovy:53)
	at com.kms.katalon.core.webui.keyword.WebUiBuiltInKeywords.click(WebUiBuiltInKeywords.groovy:616)
	at com.kms.katalon.core.webui.keyword.WebUiBuiltInKeywords$click$3.call(Unknown Source)
	at Adding diff prods to cart.run(Adding diff prods to cart:90)
	at com.kms.katalon.core.main.ScriptEngine.run(ScriptEngine.java:194)
	at com.kms.katalon.core.main.ScriptEngine.runScriptAsRawText(ScriptEngine.java:119)
	at com.kms.katalon.core.main.TestCaseExecutor.runScript(TestCaseExecutor.java:328)
	at com.kms.katalon.core.main.TestCaseExecutor.doExecute(TestCaseExecutor.java:319)
	at com.kms.katalon.core.main.TestCaseExecutor.processExecutionPhase(TestCaseExecutor.java:298)
	at com.kms.katalon.core.main.TestCaseExecutor.accessMainPhase(TestCaseExecutor.java:290)
	at com.kms.katalon.core.main.TestCaseExecutor.execute(TestCaseExecutor.java:224)
	at com.kms.katalon.core.main.TestSuiteExecutor.accessTestCaseMainPhase(TestSuiteExecutor.java:129)
	at com.kms.katalon.core.main.TestSuiteExecutor.accessTestSuiteMainPhase(TestSuiteExecutor.java:112)
	at com.kms.katalon.core.main.TestSuiteExecutor.execute(TestSuiteExecutor.java:81)
	at com.kms.katalon.core.main.TestCaseMain.startTestSuite(TestCaseMain.java:149)
	at com.kms.katalon.core.main.TestCaseMain$startTestSuite$0.call(Unknown Source)
	at TempTestSuite1562701686673.run(TempTestSuite1562701686673.groovy:36)]]></system-err>
      </testcase>
      <testcase name="Test Cases/CRITICAL PATH/Price comparison - cart page" classname="Test Cases/CRITICAL PATH/Price comparison - cart page" status="FAILED">
         <failure type="FAILED" message="Test Cases/CRITICAL PATH/Price comparison - cart page FAILED.
Reason:
com.kms.katalon.core.exception.StepFailedException: Unable to click on object 'Object Repository/APOLLO- Desktop/Collection page/Grilled lemon chicken' (Root cause: org.openqa.selenium.ElementClickInterceptedException: Element &lt;div class=&quot;o-square-image js-tile-image&quot;> is not clickable at point (178,767) because another element &lt;iframe id=&quot;preview-bar-iframe&quot; src=&quot;https://apollo-fireball.myshopify.com/preview_bar&quot;> obscures it
Build info: version: '3.7.1', revision: '8a0099a', time: '2017-11-06T21:07:36.161Z'
System info: host: 'sumans-MacBook-Pro.local', ip: 'fe80:0:0:0:47c:ca88:4245:b7a7%en0', os.name: 'Mac OS X', os.arch: 'x86_64', os.version: '10.13.6', java.version: '1.8.0_181'
Driver info: com.kms.katalon.core.webui.driver.firefox.CGeckoDriver
Capabilities {acceptInsecureCerts: true, browserName: firefox, browserVersion: 67.0.4, javascriptEnabled: true, moz:accessibilityChecks: false, moz:buildID: 20190619235627, moz:geckodriverVersion: 0.23.0, moz:headless: false, moz:processID: 2604, moz:profile: /var/folders/1t/c55l8xzs6gq..., moz:shutdownTimeout: 60000, moz:useNonSpecCompliantPointerOrigin: false, moz:webdriverClick: true, pageLoadStrategy: normal, platform: MAC, platformName: MAC, platformVersion: 17.7.0, proxy: Proxy(direct), rotatable: false, setWindowRect: true, strictFileInteractability: false, timeouts: {implicit: 0, pageLoad: 300000, script: 30000}, unhandledPromptBehavior: dismiss and notify}
Session ID: c8a60955-1676-c24e-922e-b721ea60ed50)
	at com.kms.katalon.core.keyword.internal.KeywordMain.stepFailed(KeywordMain.groovy:36)
	at com.kms.katalon.core.webui.keyword.internal.WebUIKeywordMain.stepFailed(WebUIKeywordMain.groovy:65)
	at com.kms.katalon.core.webui.keyword.internal.WebUIKeywordMain.runKeyword(WebUIKeywordMain.groovy:27)
	at com.kms.katalon.core.webui.keyword.builtin.ClickKeyword.click(ClickKeyword.groovy:86)
	at com.kms.katalon.core.webui.keyword.builtin.ClickKeyword.execute(ClickKeyword.groovy:67)
	at com.kms.katalon.core.keyword.internal.KeywordExecutor.executeKeywordForPlatform(KeywordExecutor.groovy:53)
	at com.kms.katalon.core.webui.keyword.WebUiBuiltInKeywords.click(WebUiBuiltInKeywords.groovy:616)
	at com.kms.katalon.core.webui.keyword.WebUiBuiltInKeywords$click$3.call(Unknown Source)
	at Price comparison - cart page.run(Price comparison - cart page:68)
	at com.kms.katalon.core.main.ScriptEngine.run(ScriptEngine.java:194)
	at com.kms.katalon.core.main.ScriptEngine.runScriptAsRawText(ScriptEngine.java:119)
	at com.kms.katalon.core.main.TestCaseExecutor.runScript(TestCaseExecutor.java:328)
	at com.kms.katalon.core.main.TestCaseExecutor.doExecute(TestCaseExecutor.java:319)
	at com.kms.katalon.core.main.TestCaseExecutor.processExecutionPhase(TestCaseExecutor.java:298)
	at com.kms.katalon.core.main.TestCaseExecutor.accessMainPhase(TestCaseExecutor.java:290)
	at com.kms.katalon.core.main.TestCaseExecutor.execute(TestCaseExecutor.java:224)
	at com.kms.katalon.core.main.TestSuiteExecutor.accessTestCaseMainPhase(TestSuiteExecutor.java:129)
	at com.kms.katalon.core.main.TestSuiteExecutor.accessTestSuiteMainPhase(TestSuiteExecutor.java:112)
	at com.kms.katalon.core.main.TestSuiteExecutor.execute(TestSuiteExecutor.java:81)
	at com.kms.katalon.core.main.TestCaseMain.startTestSuite(TestCaseMain.java:149)
	at com.kms.katalon.core.main.TestCaseMain$startTestSuite$0.call(Unknown Source)
	at TempTestSuite1562701686673.run(TempTestSuite1562701686673.groovy:36)
"/>
         <system-out><![CDATA[2019-07-09 16:09:06 - [TEST_CASE][FAILED] - Test Cases/CRITICAL PATH/Price comparison - cart page: Test Cases/CRITICAL PATH/Price comparison - cart page FAILED.
Reason:
com.kms.katalon.core.exception.StepFailedException: Unable to click on object 'Object Repository/APOLLO- Desktop/Collection page/Grilled lemon chicken' (Root cause: org.openqa.selenium.ElementClickInterceptedException: Element <div class="o-square-image js-tile-image"> is not clickable at point (178,767) because another element <iframe id="preview-bar-iframe" src="https://apollo-fireball.myshopify.com/preview_bar"> obscures it
Build info: version: '3.7.1', revision: '8a0099a', time: '2017-11-06T21:07:36.161Z'
System info: host: 'sumans-MacBook-Pro.local', ip: 'fe80:0:0:0:47c:ca88:4245:b7a7%en0', os.name: 'Mac OS X', os.arch: 'x86_64', os.version: '10.13.6', java.version: '1.8.0_181'
Driver info: com.kms.katalon.core.webui.driver.firefox.CGeckoDriver
Capabilities {acceptInsecureCerts: true, browserName: firefox, browserVersion: 67.0.4, javascriptEnabled: true, moz:accessibilityChecks: false, moz:buildID: 20190619235627, moz:geckodriverVersion: 0.23.0, moz:headless: false, moz:processID: 2604, moz:profile: /var/folders/1t/c55l8xzs6gq..., moz:shutdownTimeout: 60000, moz:useNonSpecCompliantPointerOrigin: false, moz:webdriverClick: true, pageLoadStrategy: normal, platform: MAC, platformName: MAC, platformVersion: 17.7.0, proxy: Proxy(direct), rotatable: false, setWindowRect: true, strictFileInteractability: false, timeouts: {implicit: 0, pageLoad: 300000, script: 30000}, unhandledPromptBehavior: dismiss and notify}
Session ID: c8a60955-1676-c24e-922e-b721ea60ed50)
	at com.kms.katalon.core.keyword.internal.KeywordMain.stepFailed(KeywordMain.groovy:36)
	at com.kms.katalon.core.webui.keyword.internal.WebUIKeywordMain.stepFailed(WebUIKeywordMain.groovy:65)
	at com.kms.katalon.core.webui.keyword.internal.WebUIKeywordMain.runKeyword(WebUIKeywordMain.groovy:27)
	at com.kms.katalon.core.webui.keyword.builtin.ClickKeyword.click(ClickKeyword.groovy:86)
	at com.kms.katalon.core.webui.keyword.builtin.ClickKeyword.execute(ClickKeyword.groovy:67)
	at com.kms.katalon.core.keyword.internal.KeywordExecutor.executeKeywordForPlatform(KeywordExecutor.groovy:53)
	at com.kms.katalon.core.webui.keyword.WebUiBuiltInKeywords.click(WebUiBuiltInKeywords.groovy:616)
	at com.kms.katalon.core.webui.keyword.WebUiBuiltInKeywords$click$3.call(Unknown Source)
	at Price comparison - cart page.run(Price comparison - cart page:68)
	at com.kms.katalon.core.main.ScriptEngine.run(ScriptEngine.java:194)
	at com.kms.katalon.core.main.ScriptEngine.runScriptAsRawText(ScriptEngine.java:119)
	at com.kms.katalon.core.main.TestCaseExecutor.runScript(TestCaseExecutor.java:328)
	at com.kms.katalon.core.main.TestCaseExecutor.doExecute(TestCaseExecutor.java:319)
	at com.kms.katalon.core.main.TestCaseExecutor.processExecutionPhase(TestCaseExecutor.java:298)
	at com.kms.katalon.core.main.TestCaseExecutor.accessMainPhase(TestCaseExecutor.java:290)
	at com.kms.katalon.core.main.TestCaseExecutor.execute(TestCaseExecutor.java:224)
	at com.kms.katalon.core.main.TestSuiteExecutor.accessTestCaseMainPhase(TestSuiteExecutor.java:129)
	at com.kms.katalon.core.main.TestSuiteExecutor.accessTestSuiteMainPhase(TestSuiteExecutor.java:112)
	at com.kms.katalon.core.main.TestSuiteExecutor.execute(TestSuiteExecutor.java:81)
	at com.kms.katalon.core.main.TestCaseMain.startTestSuite(TestCaseMain.java:149)
	at com.kms.katalon.core.main.TestCaseMain$startTestSuite$0.call(Unknown Source)
	at TempTestSuite1562701686673.run(TempTestSuite1562701686673.groovy:36)


2019-07-09 16:09:06 - [TEST_STEP][PASSED] - callTestCase(findTestCase("CALL - URL"), [:], STOP_ON_FAILURE): Call Test Case 'Test Cases/CALL - URL' successfully

2019-07-09 16:09:06 - [TEST_CASE][PASSED] - Test Cases/CALL - URL: Test Cases/CALL - URL

2019-07-09 16:09:06 - [TEST_STEP][PASSED] - openBrowser(""): Browser is opened with url: ''

2019-07-09 16:09:06 - [MESSAGE][WARNING] - A browser is already opened. Closing browser and opening a new one

2019-07-09 16:09:07 - [MESSAGE][INFO] - Starting 'Firefox' driver

2019-07-09 16:09:09 - [MESSAGE][PASSED] - Browser is opened with url: ''

2019-07-09 16:09:09 - [TEST_STEP][PASSED] - navigateToUrl("https://apollo-fireball.myshopify.com/?_ab=0&_fd=0&_sc=1&key=96c2edace7b9967f3a77c2e2b131937136039831e9ec35f31598610005fa8795&preview_theme_id=46803124304"): Navigate to 'https://apollo-fireball.myshopify.com/?_ab=0&_fd=0&_sc=1&key=96c2edace7b9967f3a77c2e2b131937136039831e9ec35f31598610005fa8795&preview_theme_id=46803124304' successfully

2019-07-09 16:09:16 - [MESSAGE][PASSED] - Navigate to 'https://apollo-fireball.myshopify.com/?_ab=0&_fd=0&_sc=1&key=96c2edace7b9967f3a77c2e2b131937136039831e9ec35f31598610005fa8795&preview_theme_id=46803124304' successfully

2019-07-09 16:09:16 - [TEST_STEP][PASSED] - executeJavaScript("var previewBar = document.getElementById("preview-bar-iframe"); previewBar.style.display = "none";", []): Execute JavaScript 'var previewBar = document.getElementById("preview-bar-iframe"); previewBar.style.display = "none";' successfully

2019-07-09 16:09:16 - [MESSAGE][PASSED] - Execute JavaScript 'var previewBar = document.getElementById("preview-bar-iframe"); previewBar.style.display = "none";' successfully

2019-07-09 16:09:16 - [TEST_STEP][PASSED] - maximizeWindow(): Current window maximized

2019-07-09 16:09:17 - [MESSAGE][PASSED] - Current window maximized

2019-07-09 16:09:17 - [MESSAGE][PASSED] - Call Test Case 'Test Cases/CALL - URL' successfully

2019-07-09 16:09:17 - [TEST_STEP][PASSED] - click(findTestObject("APOLLO- Desktop/Burger Menu/Burgermenu")): Object: 'Object Repository/APOLLO- Desktop/Burger Menu/Burgermenu' is clicked on

2019-07-09 16:09:19 - [MESSAGE][PASSED] - Object: 'Object Repository/APOLLO- Desktop/Burger Menu/Burgermenu' is clicked on

2019-07-09 16:09:19 - [TEST_STEP][PASSED] - delay(2): Delayed 2 second(s)

2019-07-09 16:09:21 - [MESSAGE][PASSED] - Delayed 2 second(s)

2019-07-09 16:09:21 - [TEST_STEP][PASSED] - click(findTestObject("APOLLO- Desktop/Burger Menu/Shop food")): Object: 'Object Repository/APOLLO- Desktop/Burger Menu/Shop food' is clicked on

2019-07-09 16:09:22 - [MESSAGE][PASSED] - Object: 'Object Repository/APOLLO- Desktop/Burger Menu/Shop food' is clicked on

2019-07-09 16:09:22 - [TEST_STEP][PASSED] - delay(2): Delayed 2 second(s)

2019-07-09 16:09:24 - [MESSAGE][PASSED] - Delayed 2 second(s)

2019-07-09 16:09:24 - [TEST_STEP][PASSED] - click(findTestObject("APOLLO- Desktop/Burger Menu/Beef")): Object: 'Object Repository/APOLLO- Desktop/Burger Menu/Beef' is clicked on

2019-07-09 16:09:27 - [MESSAGE][PASSED] - Object: 'Object Repository/APOLLO- Desktop/Burger Menu/Beef' is clicked on

2019-07-09 16:09:27 - [TEST_STEP][PASSED] - delay(2): Delayed 2 second(s)

2019-07-09 16:09:29 - [MESSAGE][PASSED] - Delayed 2 second(s)

2019-07-09 16:09:29 - [TEST_STEP][PASSED] - executeJavaScript("var previewBar = document.getElementById("preview-bar-iframe"); previewBar.style.display = "none";", []): Execute JavaScript 'var previewBar = document.getElementById("preview-bar-iframe"); previewBar.style.display = "none";' successfully

2019-07-09 16:09:29 - [MESSAGE][PASSED] - Execute JavaScript 'var previewBar = document.getElementById("preview-bar-iframe"); previewBar.style.display = "none";' successfully

2019-07-09 16:09:29 - [TEST_STEP][PASSED] - delay(2): Delayed 2 second(s)

2019-07-09 16:09:31 - [MESSAGE][PASSED] - Delayed 2 second(s)

2019-07-09 16:09:31 - [TEST_STEP][PASSED] - click(findTestObject("APOLLO- Desktop/Collection page/Beef skewers")): Object: 'Object Repository/APOLLO- Desktop/Collection page/Beef skewers' is clicked on

2019-07-09 16:09:35 - [MESSAGE][PASSED] - Object: 'Object Repository/APOLLO- Desktop/Collection page/Beef skewers' is clicked on

2019-07-09 16:09:35 - [TEST_STEP][PASSED] - executeJavaScript("var previewBar = document.getElementById("preview-bar-iframe"); previewBar.style.display = "none";", []): Execute JavaScript 'var previewBar = document.getElementById("preview-bar-iframe"); previewBar.style.display = "none";' successfully

2019-07-09 16:09:35 - [MESSAGE][PASSED] - Execute JavaScript 'var previewBar = document.getElementById("preview-bar-iframe"); previewBar.style.display = "none";' successfully

2019-07-09 16:09:35 - [TEST_STEP][PASSED] - delay(2): Delayed 2 second(s)

2019-07-09 16:09:37 - [MESSAGE][PASSED] - Delayed 2 second(s)

2019-07-09 16:09:37 - [TEST_STEP][PASSED] - click(findTestObject("APOLLO- Desktop/Product page/1 piece")): Object: 'Object Repository/APOLLO- Desktop/Product page/1 piece' is clicked on

2019-07-09 16:09:38 - [MESSAGE][PASSED] - Object: 'Object Repository/APOLLO- Desktop/Product page/1 piece' is clicked on

2019-07-09 16:09:38 - [TEST_STEP][PASSED] - delay(2): Delayed 2 second(s)

2019-07-09 16:09:40 - [MESSAGE][PASSED] - Delayed 2 second(s)

2019-07-09 16:09:40 - [TEST_STEP][PASSED] - click(findTestObject("APOLLO- Desktop/Product page/Add to bag")): Object: 'Object Repository/APOLLO- Desktop/Product page/Add to bag' is clicked on

2019-07-09 16:09:40 - [MESSAGE][PASSED] - Object: 'Object Repository/APOLLO- Desktop/Product page/Add to bag' is clicked on

2019-07-09 16:09:40 - [TEST_STEP][PASSED] - delay(2): Delayed 2 second(s)

2019-07-09 16:09:42 - [MESSAGE][PASSED] - Delayed 2 second(s)

2019-07-09 16:09:42 - [TEST_STEP][PASSED] - click(findTestObject("APOLLO- Desktop/Cart flyout/Cart collapse")): Object: 'Object Repository/APOLLO- Desktop/Cart flyout/Cart collapse' is clicked on

2019-07-09 16:09:42 - [MESSAGE][PASSED] - Object: 'Object Repository/APOLLO- Desktop/Cart flyout/Cart collapse' is clicked on

2019-07-09 16:09:42 - [TEST_STEP][PASSED] - delay(2): Delayed 2 second(s)

2019-07-09 16:09:44 - [MESSAGE][PASSED] - Delayed 2 second(s)

2019-07-09 16:09:44 - [TEST_STEP][PASSED] - delay(2): Delayed 2 second(s)

2019-07-09 16:09:46 - [MESSAGE][PASSED] - Delayed 2 second(s)

2019-07-09 16:09:46 - [TEST_STEP][PASSED] - click(findTestObject("APOLLO- Desktop/Burger Menu/Burgermenu")): Object: 'Object Repository/APOLLO- Desktop/Burger Menu/Burgermenu' is clicked on

2019-07-09 16:09:46 - [MESSAGE][PASSED] - Object: 'Object Repository/APOLLO- Desktop/Burger Menu/Burgermenu' is clicked on

2019-07-09 16:09:46 - [TEST_STEP][PASSED] - delay(2): Delayed 2 second(s)

2019-07-09 16:09:48 - [MESSAGE][PASSED] - Delayed 2 second(s)

2019-07-09 16:09:48 - [TEST_STEP][PASSED] - click(findTestObject("APOLLO- Desktop/Burger Menu/Shop food")): Object: 'Object Repository/APOLLO- Desktop/Burger Menu/Shop food' is clicked on

2019-07-09 16:09:49 - [MESSAGE][PASSED] - Object: 'Object Repository/APOLLO- Desktop/Burger Menu/Shop food' is clicked on

2019-07-09 16:09:49 - [TEST_STEP][PASSED] - delay(2): Delayed 2 second(s)

2019-07-09 16:09:51 - [MESSAGE][PASSED] - Delayed 2 second(s)

2019-07-09 16:09:51 - [TEST_STEP][PASSED] - click(findTestObject("APOLLO- Desktop/Burger Menu/Chicken")): Object: 'Object Repository/APOLLO- Desktop/Burger Menu/Chicken' is clicked on

2019-07-09 16:09:53 - [MESSAGE][PASSED] - Object: 'Object Repository/APOLLO- Desktop/Burger Menu/Chicken' is clicked on

2019-07-09 16:09:53 - [TEST_STEP][PASSED] - delay(2): Delayed 2 second(s)

2019-07-09 16:09:55 - [MESSAGE][PASSED] - Delayed 2 second(s)

2019-07-09 16:09:55 - [TEST_STEP][FAILED] - click(findTestObject("APOLLO- Desktop/Collection page/Grilled lemon chicken")): click(findTestObject("APOLLO- Desktop/Collection page/Grilled lemon chicken")) FAILED.
Reason:
com.kms.katalon.core.exception.StepFailedException: Unable to click on object 'Object Repository/APOLLO- Desktop/Collection page/Grilled lemon chicken' (Root cause: org.openqa.selenium.ElementClickInterceptedException: Element <div class="o-square-image js-tile-image"> is not clickable at point (178,767) because another element <iframe id="preview-bar-iframe" src="https://apollo-fireball.myshopify.com/preview_bar"> obscures it
Build info: version: '3.7.1', revision: '8a0099a', time: '2017-11-06T21:07:36.161Z'
System info: host: 'sumans-MacBook-Pro.local', ip: 'fe80:0:0:0:47c:ca88:4245:b7a7%en0', os.name: 'Mac OS X', os.arch: 'x86_64', os.version: '10.13.6', java.version: '1.8.0_181'
Driver info: com.kms.katalon.core.webui.driver.firefox.CGeckoDriver
Capabilities {acceptInsecureCerts: true, browserName: firefox, browserVersion: 67.0.4, javascriptEnabled: true, moz:accessibilityChecks: false, moz:buildID: 20190619235627, moz:geckodriverVersion: 0.23.0, moz:headless: false, moz:processID: 2604, moz:profile: /var/folders/1t/c55l8xzs6gq..., moz:shutdownTimeout: 60000, moz:useNonSpecCompliantPointerOrigin: false, moz:webdriverClick: true, pageLoadStrategy: normal, platform: MAC, platformName: MAC, platformVersion: 17.7.0, proxy: Proxy(direct), rotatable: false, setWindowRect: true, strictFileInteractability: false, timeouts: {implicit: 0, pageLoad: 300000, script: 30000}, unhandledPromptBehavior: dismiss and notify}
Session ID: c8a60955-1676-c24e-922e-b721ea60ed50)
	at com.kms.katalon.core.keyword.internal.KeywordMain.stepFailed(KeywordMain.groovy:36)
	at com.kms.katalon.core.webui.keyword.internal.WebUIKeywordMain.stepFailed(WebUIKeywordMain.groovy:65)
	at com.kms.katalon.core.webui.keyword.internal.WebUIKeywordMain.runKeyword(WebUIKeywordMain.groovy:27)
	at com.kms.katalon.core.webui.keyword.builtin.ClickKeyword.click(ClickKeyword.groovy:86)
	at com.kms.katalon.core.webui.keyword.builtin.ClickKeyword.execute(ClickKeyword.groovy:67)
	at com.kms.katalon.core.keyword.internal.KeywordExecutor.executeKeywordForPlatform(KeywordExecutor.groovy:53)
	at com.kms.katalon.core.webui.keyword.WebUiBuiltInKeywords.click(WebUiBuiltInKeywords.groovy:616)
	at com.kms.katalon.core.webui.keyword.WebUiBuiltInKeywords$click$3.call(Unknown Source)
	at Price comparison - cart page.run(Price comparison - cart page:68)
	at com.kms.katalon.core.main.ScriptEngine.run(ScriptEngine.java:194)
	at com.kms.katalon.core.main.ScriptEngine.runScriptAsRawText(ScriptEngine.java:119)
	at com.kms.katalon.core.main.TestCaseExecutor.runScript(TestCaseExecutor.java:328)
	at com.kms.katalon.core.main.TestCaseExecutor.doExecute(TestCaseExecutor.java:319)
	at com.kms.katalon.core.main.TestCaseExecutor.processExecutionPhase(TestCaseExecutor.java:298)
	at com.kms.katalon.core.main.TestCaseExecutor.accessMainPhase(TestCaseExecutor.java:290)
	at com.kms.katalon.core.main.TestCaseExecutor.execute(TestCaseExecutor.java:224)
	at com.kms.katalon.core.main.TestSuiteExecutor.accessTestCaseMainPhase(TestSuiteExecutor.java:129)
	at com.kms.katalon.core.main.TestSuiteExecutor.accessTestSuiteMainPhase(TestSuiteExecutor.java:112)
	at com.kms.katalon.core.main.TestSuiteExecutor.execute(TestSuiteExecutor.java:81)
	at com.kms.katalon.core.main.TestCaseMain.startTestSuite(TestCaseMain.java:149)
	at com.kms.katalon.core.main.TestCaseMain$startTestSuite$0.call(Unknown Source)
	at TempTestSuite1562701686673.run(TempTestSuite1562701686673.groovy:36)


2019-07-09 16:09:56 - [MESSAGE][FAILED] - Unable to click on object 'Object Repository/APOLLO- Desktop/Collection page/Grilled lemon chicken' (Root cause: org.openqa.selenium.ElementClickInterceptedException: Element <div class="o-square-image js-tile-image"> is not clickable at point (178,767) because another element <iframe id="preview-bar-iframe" src="https://apollo-fireball.myshopify.com/preview_bar"> obscures it
Build info: version: '3.7.1', revision: '8a0099a', time: '2017-11-06T21:07:36.161Z'
System info: host: 'sumans-MacBook-Pro.local', ip: 'fe80:0:0:0:47c:ca88:4245:b7a7%en0', os.name: 'Mac OS X', os.arch: 'x86_64', os.version: '10.13.6', java.version: '1.8.0_181'
Driver info: com.kms.katalon.core.webui.driver.firefox.CGeckoDriver
Capabilities {acceptInsecureCerts: true, browserName: firefox, browserVersion: 67.0.4, javascriptEnabled: true, moz:accessibilityChecks: false, moz:buildID: 20190619235627, moz:geckodriverVersion: 0.23.0, moz:headless: false, moz:processID: 2604, moz:profile: /var/folders/1t/c55l8xzs6gq..., moz:shutdownTimeout: 60000, moz:useNonSpecCompliantPointerOrigin: false, moz:webdriverClick: true, pageLoadStrategy: normal, platform: MAC, platformName: MAC, platformVersion: 17.7.0, proxy: Proxy(direct), rotatable: false, setWindowRect: true, strictFileInteractability: false, timeouts: {implicit: 0, pageLoad: 300000, script: 30000}, unhandledPromptBehavior: dismiss and notify}
Session ID: c8a60955-1676-c24e-922e-b721ea60ed50)
[[ATTACHMENT|/Users/sumankompelly/Katalon Studio/APOLLO - FIRE/APOLLO - FIRE- DESKTOP/Reports/0.5.5/20190709_154806/1562702995599.png]]

2019-07-09 16:09:56 - [MESSAGE][FAILED] - click(findTestObject("APOLLO- Desktop/Collection page/Grilled lemon chicken")) FAILED.
Reason:
com.kms.katalon.core.exception.StepFailedException: Unable to click on object 'Object Repository/APOLLO- Desktop/Collection page/Grilled lemon chicken' (Root cause: org.openqa.selenium.ElementClickInterceptedException: Element <div class="o-square-image js-tile-image"> is not clickable at point (178,767) because another element <iframe id="preview-bar-iframe" src="https://apollo-fireball.myshopify.com/preview_bar"> obscures it
Build info: version: '3.7.1', revision: '8a0099a', time: '2017-11-06T21:07:36.161Z'
System info: host: 'sumans-MacBook-Pro.local', ip: 'fe80:0:0:0:47c:ca88:4245:b7a7%en0', os.name: 'Mac OS X', os.arch: 'x86_64', os.version: '10.13.6', java.version: '1.8.0_181'
Driver info: com.kms.katalon.core.webui.driver.firefox.CGeckoDriver
Capabilities {acceptInsecureCerts: true, browserName: firefox, browserVersion: 67.0.4, javascriptEnabled: true, moz:accessibilityChecks: false, moz:buildID: 20190619235627, moz:geckodriverVersion: 0.23.0, moz:headless: false, moz:processID: 2604, moz:profile: /var/folders/1t/c55l8xzs6gq..., moz:shutdownTimeout: 60000, moz:useNonSpecCompliantPointerOrigin: false, moz:webdriverClick: true, pageLoadStrategy: normal, platform: MAC, platformName: MAC, platformVersion: 17.7.0, proxy: Proxy(direct), rotatable: false, setWindowRect: true, strictFileInteractability: false, timeouts: {implicit: 0, pageLoad: 300000, script: 30000}, unhandledPromptBehavior: dismiss and notify}
Session ID: c8a60955-1676-c24e-922e-b721ea60ed50)
	at com.kms.katalon.core.keyword.internal.KeywordMain.stepFailed(KeywordMain.groovy:36)
	at com.kms.katalon.core.webui.keyword.internal.WebUIKeywordMain.stepFailed(WebUIKeywordMain.groovy:65)
	at com.kms.katalon.core.webui.keyword.internal.WebUIKeywordMain.runKeyword(WebUIKeywordMain.groovy:27)
	at com.kms.katalon.core.webui.keyword.builtin.ClickKeyword.click(ClickKeyword.groovy:86)
	at com.kms.katalon.core.webui.keyword.builtin.ClickKeyword.execute(ClickKeyword.groovy:67)
	at com.kms.katalon.core.keyword.internal.KeywordExecutor.executeKeywordForPlatform(KeywordExecutor.groovy:53)
	at com.kms.katalon.core.webui.keyword.WebUiBuiltInKeywords.click(WebUiBuiltInKeywords.groovy:616)
	at com.kms.katalon.core.webui.keyword.WebUiBuiltInKeywords$click$3.call(Unknown Source)
	at Price comparison - cart page.run(Price comparison - cart page:68)
	at com.kms.katalon.core.main.ScriptEngine.run(ScriptEngine.java:194)
	at com.kms.katalon.core.main.ScriptEngine.runScriptAsRawText(ScriptEngine.java:119)
	at com.kms.katalon.core.main.TestCaseExecutor.runScript(TestCaseExecutor.java:328)
	at com.kms.katalon.core.main.TestCaseExecutor.doExecute(TestCaseExecutor.java:319)
	at com.kms.katalon.core.main.TestCaseExecutor.processExecutionPhase(TestCaseExecutor.java:298)
	at com.kms.katalon.core.main.TestCaseExecutor.accessMainPhase(TestCaseExecutor.java:290)
	at com.kms.katalon.core.main.TestCaseExecutor.execute(TestCaseExecutor.java:224)
	at com.kms.katalon.core.main.TestSuiteExecutor.accessTestCaseMainPhase(TestSuiteExecutor.java:129)
	at com.kms.katalon.core.main.TestSuiteExecutor.accessTestSuiteMainPhase(TestSuiteExecutor.java:112)
	at com.kms.katalon.core.main.TestSuiteExecutor.execute(TestSuiteExecutor.java:81)
	at com.kms.katalon.core.main.TestCaseMain.startTestSuite(TestCaseMain.java:149)
	at com.kms.katalon.core.main.TestCaseMain$startTestSuite$0.call(Unknown Source)
	at TempTestSuite1562701686673.run(TempTestSuite1562701686673.groovy:36)]]></system-out>
         <system-err><![CDATA[2019-07-09 16:09:06 - [TEST_CASE][FAILED] - Test Cases/CRITICAL PATH/Price comparison - cart page: Test Cases/CRITICAL PATH/Price comparison - cart page FAILED.
Reason:
com.kms.katalon.core.exception.StepFailedException: Unable to click on object 'Object Repository/APOLLO- Desktop/Collection page/Grilled lemon chicken' (Root cause: org.openqa.selenium.ElementClickInterceptedException: Element <div class="o-square-image js-tile-image"> is not clickable at point (178,767) because another element <iframe id="preview-bar-iframe" src="https://apollo-fireball.myshopify.com/preview_bar"> obscures it
Build info: version: '3.7.1', revision: '8a0099a', time: '2017-11-06T21:07:36.161Z'
System info: host: 'sumans-MacBook-Pro.local', ip: 'fe80:0:0:0:47c:ca88:4245:b7a7%en0', os.name: 'Mac OS X', os.arch: 'x86_64', os.version: '10.13.6', java.version: '1.8.0_181'
Driver info: com.kms.katalon.core.webui.driver.firefox.CGeckoDriver
Capabilities {acceptInsecureCerts: true, browserName: firefox, browserVersion: 67.0.4, javascriptEnabled: true, moz:accessibilityChecks: false, moz:buildID: 20190619235627, moz:geckodriverVersion: 0.23.0, moz:headless: false, moz:processID: 2604, moz:profile: /var/folders/1t/c55l8xzs6gq..., moz:shutdownTimeout: 60000, moz:useNonSpecCompliantPointerOrigin: false, moz:webdriverClick: true, pageLoadStrategy: normal, platform: MAC, platformName: MAC, platformVersion: 17.7.0, proxy: Proxy(direct), rotatable: false, setWindowRect: true, strictFileInteractability: false, timeouts: {implicit: 0, pageLoad: 300000, script: 30000}, unhandledPromptBehavior: dismiss and notify}
Session ID: c8a60955-1676-c24e-922e-b721ea60ed50)
	at com.kms.katalon.core.keyword.internal.KeywordMain.stepFailed(KeywordMain.groovy:36)
	at com.kms.katalon.core.webui.keyword.internal.WebUIKeywordMain.stepFailed(WebUIKeywordMain.groovy:65)
	at com.kms.katalon.core.webui.keyword.internal.WebUIKeywordMain.runKeyword(WebUIKeywordMain.groovy:27)
	at com.kms.katalon.core.webui.keyword.builtin.ClickKeyword.click(ClickKeyword.groovy:86)
	at com.kms.katalon.core.webui.keyword.builtin.ClickKeyword.execute(ClickKeyword.groovy:67)
	at com.kms.katalon.core.keyword.internal.KeywordExecutor.executeKeywordForPlatform(KeywordExecutor.groovy:53)
	at com.kms.katalon.core.webui.keyword.WebUiBuiltInKeywords.click(WebUiBuiltInKeywords.groovy:616)
	at com.kms.katalon.core.webui.keyword.WebUiBuiltInKeywords$click$3.call(Unknown Source)
	at Price comparison - cart page.run(Price comparison - cart page:68)
	at com.kms.katalon.core.main.ScriptEngine.run(ScriptEngine.java:194)
	at com.kms.katalon.core.main.ScriptEngine.runScriptAsRawText(ScriptEngine.java:119)
	at com.kms.katalon.core.main.TestCaseExecutor.runScript(TestCaseExecutor.java:328)
	at com.kms.katalon.core.main.TestCaseExecutor.doExecute(TestCaseExecutor.java:319)
	at com.kms.katalon.core.main.TestCaseExecutor.processExecutionPhase(TestCaseExecutor.java:298)
	at com.kms.katalon.core.main.TestCaseExecutor.accessMainPhase(TestCaseExecutor.java:290)
	at com.kms.katalon.core.main.TestCaseExecutor.execute(TestCaseExecutor.java:224)
	at com.kms.katalon.core.main.TestSuiteExecutor.accessTestCaseMainPhase(TestSuiteExecutor.java:129)
	at com.kms.katalon.core.main.TestSuiteExecutor.accessTestSuiteMainPhase(TestSuiteExecutor.java:112)
	at com.kms.katalon.core.main.TestSuiteExecutor.execute(TestSuiteExecutor.java:81)
	at com.kms.katalon.core.main.TestCaseMain.startTestSuite(TestCaseMain.java:149)
	at com.kms.katalon.core.main.TestCaseMain$startTestSuite$0.call(Unknown Source)
	at TempTestSuite1562701686673.run(TempTestSuite1562701686673.groovy:36)]]></system-err>
      </testcase>
      <testcase name="Test Cases/CRITICAL PATH/Decrease quantity - cart page" classname="Test Cases/CRITICAL PATH/Decrease quantity - cart page" status="PASSED">
         <system-out><![CDATA[2019-07-09 16:09:56 - [TEST_CASE][PASSED] - Test Cases/CRITICAL PATH/Decrease quantity - cart page: Test Cases/CRITICAL PATH/Decrease quantity - cart page

2019-07-09 16:09:56 - [TEST_STEP][PASSED] - callTestCase(findTestCase("CALL - URL"), [:], STOP_ON_FAILURE): Call Test Case 'Test Cases/CALL - URL' successfully

2019-07-09 16:09:56 - [TEST_CASE][PASSED] - Test Cases/CALL - URL: Test Cases/CALL - URL

2019-07-09 16:09:56 - [TEST_STEP][PASSED] - openBrowser(""): Browser is opened with url: ''

2019-07-09 16:09:56 - [MESSAGE][WARNING] - A browser is already opened. Closing browser and opening a new one

2019-07-09 16:09:57 - [MESSAGE][INFO] - Starting 'Firefox' driver

2019-07-09 16:09:59 - [MESSAGE][PASSED] - Browser is opened with url: ''

2019-07-09 16:09:59 - [TEST_STEP][PASSED] - navigateToUrl("https://apollo-fireball.myshopify.com/?_ab=0&_fd=0&_sc=1&key=96c2edace7b9967f3a77c2e2b131937136039831e9ec35f31598610005fa8795&preview_theme_id=46803124304"): Navigate to 'https://apollo-fireball.myshopify.com/?_ab=0&_fd=0&_sc=1&key=96c2edace7b9967f3a77c2e2b131937136039831e9ec35f31598610005fa8795&preview_theme_id=46803124304' successfully

2019-07-09 16:10:03 - [MESSAGE][PASSED] - Navigate to 'https://apollo-fireball.myshopify.com/?_ab=0&_fd=0&_sc=1&key=96c2edace7b9967f3a77c2e2b131937136039831e9ec35f31598610005fa8795&preview_theme_id=46803124304' successfully

2019-07-09 16:10:03 - [TEST_STEP][PASSED] - executeJavaScript("var previewBar = document.getElementById("preview-bar-iframe"); previewBar.style.display = "none";", []): Execute JavaScript 'var previewBar = document.getElementById("preview-bar-iframe"); previewBar.style.display = "none";' successfully

2019-07-09 16:10:03 - [MESSAGE][PASSED] - Execute JavaScript 'var previewBar = document.getElementById("preview-bar-iframe"); previewBar.style.display = "none";' successfully

2019-07-09 16:10:03 - [TEST_STEP][PASSED] - maximizeWindow(): Current window maximized

2019-07-09 16:10:04 - [MESSAGE][PASSED] - Current window maximized

2019-07-09 16:10:04 - [MESSAGE][PASSED] - Call Test Case 'Test Cases/CALL - URL' successfully

2019-07-09 16:10:04 - [TEST_STEP][PASSED] - delay(1): Delayed 1 second(s)

2019-07-09 16:10:05 - [MESSAGE][PASSED] - Delayed 1 second(s)

2019-07-09 16:10:05 - [TEST_STEP][PASSED] - click(findTestObject("APOLLO- Desktop/Burger Menu/Burgermenu")): Object: 'Object Repository/APOLLO- Desktop/Burger Menu/Burgermenu' is clicked on

2019-07-09 16:10:05 - [MESSAGE][PASSED] - Object: 'Object Repository/APOLLO- Desktop/Burger Menu/Burgermenu' is clicked on

2019-07-09 16:10:05 - [TEST_STEP][PASSED] - delay(2): Delayed 2 second(s)

2019-07-09 16:10:07 - [MESSAGE][PASSED] - Delayed 2 second(s)

2019-07-09 16:10:07 - [TEST_STEP][PASSED] - click(findTestObject("APOLLO- Desktop/Burger Menu/Shop food")): Object: 'Object Repository/APOLLO- Desktop/Burger Menu/Shop food' is clicked on

2019-07-09 16:10:08 - [MESSAGE][PASSED] - Object: 'Object Repository/APOLLO- Desktop/Burger Menu/Shop food' is clicked on

2019-07-09 16:10:08 - [TEST_STEP][PASSED] - delay(2): Delayed 2 second(s)

2019-07-09 16:10:10 - [MESSAGE][PASSED] - Delayed 2 second(s)

2019-07-09 16:10:10 - [TEST_STEP][PASSED] - click(findTestObject("APOLLO- Desktop/Burger Menu/Beef")): Object: 'Object Repository/APOLLO- Desktop/Burger Menu/Beef' is clicked on

2019-07-09 16:10:11 - [MESSAGE][PASSED] - Object: 'Object Repository/APOLLO- Desktop/Burger Menu/Beef' is clicked on

2019-07-09 16:10:11 - [TEST_STEP][PASSED] - delay(2): Delayed 2 second(s)

2019-07-09 16:10:13 - [MESSAGE][PASSED] - Delayed 2 second(s)

2019-07-09 16:10:13 - [TEST_STEP][PASSED] - executeJavaScript("var previewBar = document.getElementById("preview-bar-iframe"); previewBar.style.display = "none";", []): Execute JavaScript 'var previewBar = document.getElementById("preview-bar-iframe"); previewBar.style.display = "none";' successfully

2019-07-09 16:10:13 - [MESSAGE][PASSED] - Execute JavaScript 'var previewBar = document.getElementById("preview-bar-iframe"); previewBar.style.display = "none";' successfully

2019-07-09 16:10:13 - [TEST_STEP][PASSED] - delay(2): Delayed 2 second(s)

2019-07-09 16:10:15 - [MESSAGE][PASSED] - Delayed 2 second(s)

2019-07-09 16:10:15 - [TEST_STEP][PASSED] - click(findTestObject("APOLLO- Desktop/Collection page/Beef skewers")): Object: 'Object Repository/APOLLO- Desktop/Collection page/Beef skewers' is clicked on

2019-07-09 16:10:18 - [MESSAGE][PASSED] - Object: 'Object Repository/APOLLO- Desktop/Collection page/Beef skewers' is clicked on

2019-07-09 16:10:18 - [TEST_STEP][PASSED] - executeJavaScript("var previewBar = document.getElementById("preview-bar-iframe"); previewBar.style.display = "none";", []): Execute JavaScript 'var previewBar = document.getElementById("preview-bar-iframe"); previewBar.style.display = "none";' successfully

2019-07-09 16:10:18 - [MESSAGE][PASSED] - Execute JavaScript 'var previewBar = document.getElementById("preview-bar-iframe"); previewBar.style.display = "none";' successfully

2019-07-09 16:10:18 - [TEST_STEP][PASSED] - delay(2): Delayed 2 second(s)

2019-07-09 16:10:20 - [MESSAGE][PASSED] - Delayed 2 second(s)

2019-07-09 16:10:20 - [TEST_STEP][PASSED] - click(findTestObject("APOLLO- Desktop/Product page/1 piece")): Object: 'Object Repository/APOLLO- Desktop/Product page/1 piece' is clicked on

2019-07-09 16:10:20 - [MESSAGE][PASSED] - Object: 'Object Repository/APOLLO- Desktop/Product page/1 piece' is clicked on

2019-07-09 16:10:20 - [TEST_STEP][PASSED] - delay(2): Delayed 2 second(s)

2019-07-09 16:10:22 - [MESSAGE][PASSED] - Delayed 2 second(s)

2019-07-09 16:10:22 - [TEST_STEP][PASSED] - delay(2): Delayed 2 second(s)

2019-07-09 16:10:24 - [MESSAGE][PASSED] - Delayed 2 second(s)

2019-07-09 16:10:24 - [TEST_STEP][PASSED] - click(findTestObject("APOLLO- Desktop/Product page/Increase qunatity - prod page")): Object: 'Object Repository/APOLLO- Desktop/Product page/Increase qunatity - prod page' is clicked on

2019-07-09 16:10:24 - [MESSAGE][PASSED] - Object: 'Object Repository/APOLLO- Desktop/Product page/Increase qunatity - prod page' is clicked on

2019-07-09 16:10:24 - [TEST_STEP][PASSED] - delay(2): Delayed 2 second(s)

2019-07-09 16:10:26 - [MESSAGE][PASSED] - Delayed 2 second(s)

2019-07-09 16:10:26 - [TEST_STEP][PASSED] - click(findTestObject("APOLLO- Desktop/Product page/Increase qunatity - prod page")): Object: 'Object Repository/APOLLO- Desktop/Product page/Increase qunatity - prod page' is clicked on

2019-07-09 16:10:27 - [MESSAGE][PASSED] - Object: 'Object Repository/APOLLO- Desktop/Product page/Increase qunatity - prod page' is clicked on

2019-07-09 16:10:27 - [TEST_STEP][PASSED] - delay(2): Delayed 2 second(s)

2019-07-09 16:10:29 - [MESSAGE][PASSED] - Delayed 2 second(s)

2019-07-09 16:10:29 - [TEST_STEP][PASSED] - click(findTestObject("APOLLO- Desktop/Product page/Increase qunatity - prod page")): Object: 'Object Repository/APOLLO- Desktop/Product page/Increase qunatity - prod page' is clicked on

2019-07-09 16:10:29 - [MESSAGE][PASSED] - Object: 'Object Repository/APOLLO- Desktop/Product page/Increase qunatity - prod page' is clicked on

2019-07-09 16:10:29 - [TEST_STEP][PASSED] - delay(2): Delayed 2 second(s)

2019-07-09 16:10:31 - [MESSAGE][PASSED] - Delayed 2 second(s)

2019-07-09 16:10:31 - [TEST_STEP][PASSED] - click(findTestObject("APOLLO- Desktop/Product page/Increase qunatity - prod page")): Object: 'Object Repository/APOLLO- Desktop/Product page/Increase qunatity - prod page' is clicked on

2019-07-09 16:10:31 - [MESSAGE][PASSED] - Object: 'Object Repository/APOLLO- Desktop/Product page/Increase qunatity - prod page' is clicked on

2019-07-09 16:10:31 - [TEST_STEP][PASSED] - delay(2): Delayed 2 second(s)

2019-07-09 16:10:33 - [MESSAGE][PASSED] - Delayed 2 second(s)

2019-07-09 16:10:33 - [TEST_STEP][PASSED] - click(findTestObject("APOLLO- Desktop/Product page/Increase qunatity - prod page")): Object: 'Object Repository/APOLLO- Desktop/Product page/Increase qunatity - prod page' is clicked on

2019-07-09 16:10:33 - [MESSAGE][PASSED] - Object: 'Object Repository/APOLLO- Desktop/Product page/Increase qunatity - prod page' is clicked on

2019-07-09 16:10:33 - [TEST_STEP][PASSED] - delay(2): Delayed 2 second(s)

2019-07-09 16:10:35 - [MESSAGE][PASSED] - Delayed 2 second(s)

2019-07-09 16:10:35 - [TEST_STEP][PASSED] - click(findTestObject("APOLLO- Desktop/Product page/Add to bag")): Object: 'Object Repository/APOLLO- Desktop/Product page/Add to bag' is clicked on

2019-07-09 16:10:36 - [MESSAGE][PASSED] - Object: 'Object Repository/APOLLO- Desktop/Product page/Add to bag' is clicked on

2019-07-09 16:10:36 - [TEST_STEP][PASSED] - delay(2): Delayed 2 second(s)

2019-07-09 16:10:38 - [MESSAGE][PASSED] - Delayed 2 second(s)

2019-07-09 16:10:38 - [TEST_STEP][PASSED] - delay(2): Delayed 2 second(s)

2019-07-09 16:10:40 - [MESSAGE][PASSED] - Delayed 2 second(s)

2019-07-09 16:10:40 - [TEST_STEP][PASSED] - click(findTestObject("APOLLO- Desktop/Cart flyout/Checkout")): Object: 'Object Repository/APOLLO- Desktop/Cart flyout/Checkout' is clicked on

2019-07-09 16:10:41 - [MESSAGE][PASSED] - Object: 'Object Repository/APOLLO- Desktop/Cart flyout/Checkout' is clicked on

2019-07-09 16:10:41 - [TEST_STEP][PASSED] - delay(2): Delayed 2 second(s)

2019-07-09 16:10:43 - [MESSAGE][PASSED] - Delayed 2 second(s)

2019-07-09 16:10:43 - [TEST_STEP][PASSED] - click(findTestObject("APOLLO- Desktop/Customer Information page/Cart page breadcrumb")): Object: 'Object Repository/APOLLO- Desktop/Customer Information page/Cart page breadcrumb' is clicked on

2019-07-09 16:10:45 - [MESSAGE][PASSED] - Object: 'Object Repository/APOLLO- Desktop/Customer Information page/Cart page breadcrumb' is clicked on

2019-07-09 16:10:45 - [TEST_STEP][PASSED] - executeJavaScript("var previewBar = document.getElementById("preview-bar-iframe"); previewBar.style.display = "none";", []): Execute JavaScript 'var previewBar = document.getElementById("preview-bar-iframe"); previewBar.style.display = "none";' successfully

2019-07-09 16:10:45 - [MESSAGE][PASSED] - Execute JavaScript 'var previewBar = document.getElementById("preview-bar-iframe"); previewBar.style.display = "none";' successfully

2019-07-09 16:10:45 - [TEST_STEP][PASSED] - delay(2): Delayed 2 second(s)

2019-07-09 16:10:47 - [MESSAGE][PASSED] - Delayed 2 second(s)

2019-07-09 16:10:47 - [TEST_STEP][PASSED] - a = getText(findTestObject("APOLLO- Desktop/Cart page/Subtotal in cart page")): Text of object 'Object Repository/APOLLO- Desktop/Cart page/Subtotal in cart page' is: '$51.00'

2019-07-09 16:10:47 - [MESSAGE][PASSED] - Text of object 'Object Repository/APOLLO- Desktop/Cart page/Subtotal in cart page' is: '$51.00'

2019-07-09 16:10:47 - [TEST_STEP][PASSED] - comment("a=" + a): a=$51.00

2019-07-09 16:10:47 - [MESSAGE][INFO] - a=$51.00

2019-07-09 16:10:47 - [TEST_STEP][PASSED] - delay(2): Delayed 2 second(s)

2019-07-09 16:10:49 - [MESSAGE][PASSED] - Delayed 2 second(s)

2019-07-09 16:10:49 - [TEST_STEP][PASSED] - click(findTestObject("APOLLO- Desktop/Cart page/Decrease quantity - cart page")): Object: 'Object Repository/APOLLO- Desktop/Cart page/Decrease quantity - cart page' is clicked on

2019-07-09 16:10:49 - [MESSAGE][PASSED] - Object: 'Object Repository/APOLLO- Desktop/Cart page/Decrease quantity - cart page' is clicked on

2019-07-09 16:10:49 - [TEST_STEP][PASSED] - delay(2): Delayed 2 second(s)

2019-07-09 16:10:51 - [MESSAGE][PASSED] - Delayed 2 second(s)

2019-07-09 16:10:51 - [TEST_STEP][PASSED] - click(findTestObject("APOLLO- Desktop/Cart page/Decrease quantity - cart page")): Object: 'Object Repository/APOLLO- Desktop/Cart page/Decrease quantity - cart page' is clicked on

2019-07-09 16:10:51 - [MESSAGE][PASSED] - Object: 'Object Repository/APOLLO- Desktop/Cart page/Decrease quantity - cart page' is clicked on

2019-07-09 16:10:51 - [TEST_STEP][PASSED] - delay(2): Delayed 2 second(s)

2019-07-09 16:10:53 - [MESSAGE][PASSED] - Delayed 2 second(s)

2019-07-09 16:10:53 - [TEST_STEP][PASSED] - click(findTestObject("APOLLO- Desktop/Cart page/Decrease quantity - cart page")): Object: 'Object Repository/APOLLO- Desktop/Cart page/Decrease quantity - cart page' is clicked on

2019-07-09 16:10:54 - [MESSAGE][PASSED] - Object: 'Object Repository/APOLLO- Desktop/Cart page/Decrease quantity - cart page' is clicked on

2019-07-09 16:10:54 - [TEST_STEP][PASSED] - delay(2): Delayed 2 second(s)

2019-07-09 16:10:56 - [MESSAGE][PASSED] - Delayed 2 second(s)

2019-07-09 16:10:56 - [TEST_STEP][PASSED] - setText(findTestObject("APOLLO- Desktop/Cart flyout/CArt quanty update"), "1"): Text '1' is set on object 'Object Repository/APOLLO- Desktop/Cart flyout/CArt quanty update'

2019-07-09 16:10:56 - [MESSAGE][PASSED] - Text '1' is set on object 'Object Repository/APOLLO- Desktop/Cart flyout/CArt quanty update'

2019-07-09 16:10:56 - [TEST_STEP][PASSED] - delay(2): Delayed 2 second(s)

2019-07-09 16:10:58 - [MESSAGE][PASSED] - Delayed 2 second(s)

2019-07-09 16:10:58 - [TEST_STEP][PASSED] - click(findTestObject("APOLLO- Desktop/Cart page/Click outside the page")): Object: 'Object Repository/APOLLO- Desktop/Cart page/Click outside the page' is clicked on

2019-07-09 16:10:58 - [MESSAGE][PASSED] - Object: 'Object Repository/APOLLO- Desktop/Cart page/Click outside the page' is clicked on

2019-07-09 16:10:58 - [TEST_STEP][PASSED] - delay(2): Delayed 2 second(s)

2019-07-09 16:11:00 - [MESSAGE][PASSED] - Delayed 2 second(s)

2019-07-09 16:11:00 - [TEST_STEP][PASSED] - b = getText(findTestObject("APOLLO- Desktop/Cart page/Subtotal in cart page")): Text of object 'Object Repository/APOLLO- Desktop/Cart page/Subtotal in cart page' is: '$8.50'

2019-07-09 16:11:00 - [MESSAGE][PASSED] - Text of object 'Object Repository/APOLLO- Desktop/Cart page/Subtotal in cart page' is: '$8.50'

2019-07-09 16:11:00 - [TEST_STEP][PASSED] - comment("b=" + b): b=$8.50

2019-07-09 16:11:00 - [MESSAGE][INFO] - b=$8.50

2019-07-09 16:11:00 - [TEST_STEP][PASSED] - verifyNotEqual("a", "b"): Actual object 'a' and expected object 'b' are not equal

2019-07-09 16:11:00 - [MESSAGE][PASSED] - Actual object 'a' and expected object 'b' are not equal

2019-07-09 16:11:00 - [TEST_STEP][PASSED] - delay(2): Delayed 2 second(s)

2019-07-09 16:11:02 - [MESSAGE][PASSED] - Delayed 2 second(s)

2019-07-09 16:11:02 - [TEST_STEP][PASSED] - click(findTestObject("APOLLO- Desktop/Cart flyout/Checkout")): Object: 'Object Repository/APOLLO- Desktop/Cart flyout/Checkout' is clicked on

2019-07-09 16:11:04 - [MESSAGE][PASSED] - Object: 'Object Repository/APOLLO- Desktop/Cart flyout/Checkout' is clicked on

2019-07-09 16:11:04 - [TEST_STEP][PASSED] - delay(2): Delayed 2 second(s)

2019-07-09 16:11:06 - [MESSAGE][PASSED] - Delayed 2 second(s)

2019-07-09 16:11:06 - [TEST_STEP][PASSED] - callTestCase(findTestCase("CALL- CUSTOMER INFO PAGE"), [:], STOP_ON_FAILURE): Call Test Case 'Test Cases/CALL- CUSTOMER INFO PAGE' successfully

2019-07-09 16:11:06 - [TEST_CASE][PASSED] - Test Cases/CALL- CUSTOMER INFO PAGE: Test Cases/CALL- CUSTOMER INFO PAGE

2019-07-09 16:11:06 - [TEST_STEP][PASSED] - delay(2): Delayed 2 second(s)

2019-07-09 16:11:08 - [MESSAGE][PASSED] - Delayed 2 second(s)

2019-07-09 16:11:08 - [TEST_STEP][PASSED] - executeJavaScript("var previewBar = document.getElementById("preview-bar-iframe"); previewBar.style.display = "none";", []): Execute JavaScript 'var previewBar = document.getElementById("preview-bar-iframe"); previewBar.style.display = "none";' successfully

2019-07-09 16:11:08 - [MESSAGE][PASSED] - Execute JavaScript 'var previewBar = document.getElementById("preview-bar-iframe"); previewBar.style.display = "none";' successfully

2019-07-09 16:11:08 - [TEST_STEP][PASSED] - setText(findTestObject("APOLLO- Desktop/Customer Information page/Email"), "suman@gmail.com"): Text 'suman@gmail.com' is set on object 'Object Repository/APOLLO- Desktop/Customer Information page/Email'

2019-07-09 16:11:08 - [MESSAGE][PASSED] - Text 'suman@gmail.com' is set on object 'Object Repository/APOLLO- Desktop/Customer Information page/Email'

2019-07-09 16:11:08 - [TEST_STEP][PASSED] - delay(2): Delayed 2 second(s)

2019-07-09 16:11:10 - [MESSAGE][PASSED] - Delayed 2 second(s)

2019-07-09 16:11:10 - [TEST_STEP][PASSED] - setText(findTestObject("APOLLO- Desktop/Customer Information page/First name"), "suman"): Text 'suman' is set on object 'Object Repository/APOLLO- Desktop/Customer Information page/First name'

2019-07-09 16:11:10 - [MESSAGE][PASSED] - Text 'suman' is set on object 'Object Repository/APOLLO- Desktop/Customer Information page/First name'

2019-07-09 16:11:10 - [TEST_STEP][PASSED] - delay(2): Delayed 2 second(s)

2019-07-09 16:11:12 - [MESSAGE][PASSED] - Delayed 2 second(s)

2019-07-09 16:11:12 - [TEST_STEP][PASSED] - setText(findTestObject("APOLLO- Desktop/Customer Information page/Last name"), "kompelly"): Text 'kompelly' is set on object 'Object Repository/APOLLO- Desktop/Customer Information page/Last name'

2019-07-09 16:11:12 - [MESSAGE][PASSED] - Text 'kompelly' is set on object 'Object Repository/APOLLO- Desktop/Customer Information page/Last name'

2019-07-09 16:11:12 - [TEST_STEP][PASSED] - delay(2): Delayed 2 second(s)

2019-07-09 16:11:14 - [MESSAGE][PASSED] - Delayed 2 second(s)

2019-07-09 16:11:14 - [TEST_STEP][PASSED] - setText(findTestObject("APOLLO- Desktop/Customer Information page/Address"), "1435 st alxendre"): Text '1435 st alxendre' is set on object 'Object Repository/APOLLO- Desktop/Customer Information page/Address'

2019-07-09 16:11:14 - [MESSAGE][PASSED] - Text '1435 st alxendre' is set on object 'Object Repository/APOLLO- Desktop/Customer Information page/Address'

2019-07-09 16:11:14 - [TEST_STEP][PASSED] - setText(findTestObject("APOLLO- Desktop/Customer Information page/Apartment"), "220"): Text '220' is set on object 'Object Repository/APOLLO- Desktop/Customer Information page/Apartment'

2019-07-09 16:11:14 - [MESSAGE][PASSED] - Text '220' is set on object 'Object Repository/APOLLO- Desktop/Customer Information page/Apartment'

2019-07-09 16:11:14 - [TEST_STEP][PASSED] - setText(findTestObject("APOLLO- Desktop/Customer Information page/City"), "montreal"): Text 'montreal' is set on object 'Object Repository/APOLLO- Desktop/Customer Information page/City'

2019-07-09 16:11:15 - [MESSAGE][PASSED] - Text 'montreal' is set on object 'Object Repository/APOLLO- Desktop/Customer Information page/City'

2019-07-09 16:11:15 - [TEST_STEP][PASSED] - selectOptionByValue(findTestObject("APOLLO- Desktop/Customer Information page/Country dropdown"), "United States", true): All options with value 'United States' are selected in object 'Object Repository/APOLLO- Desktop/Customer Information page/Country dropdown'  using regular expression

2019-07-09 16:11:19 - [MESSAGE][PASSED] - All options with value 'United States' are selected in object 'Object Repository/APOLLO- Desktop/Customer Information page/Country dropdown'  using regular expression

2019-07-09 16:11:19 - [TEST_STEP][PASSED] - selectOptionByValue(findTestObject("APOLLO- Desktop/Customer Information page/states dropdown"), "NJ", true): All options with value 'NJ' are selected in object 'Object Repository/APOLLO- Desktop/Customer Information page/states dropdown'  using regular expression

2019-07-09 16:11:20 - [MESSAGE][PASSED] - All options with value 'NJ' are selected in object 'Object Repository/APOLLO- Desktop/Customer Information page/states dropdown'  using regular expression

2019-07-09 16:11:20 - [TEST_STEP][PASSED] - setText(findTestObject("APOLLO- Desktop/Customer Information page/ZIP code"), "07057"): Text '07057' is set on object 'Object Repository/APOLLO- Desktop/Customer Information page/ZIP code'

2019-07-09 16:11:20 - [MESSAGE][PASSED] - Text '07057' is set on object 'Object Repository/APOLLO- Desktop/Customer Information page/ZIP code'

2019-07-09 16:11:20 - [MESSAGE][PASSED] - Call Test Case 'Test Cases/CALL- CUSTOMER INFO PAGE' successfully

2019-07-09 16:11:20 - [TEST_STEP][PASSED] - delay(2): Delayed 2 second(s)

2019-07-09 16:11:22 - [MESSAGE][PASSED] - Delayed 2 second(s)

2019-07-09 16:11:22 - [TEST_STEP][PASSED] - callTestCase(findTestCase("CALL - SHIPPING TO PAYMENT"), [:], STOP_ON_FAILURE): Call Test Case 'Test Cases/CALL - SHIPPING TO PAYMENT' successfully

2019-07-09 16:11:22 - [TEST_CASE][PASSED] - Test Cases/CALL - SHIPPING TO PAYMENT: Test Cases/CALL - SHIPPING TO PAYMENT

2019-07-09 16:11:22 - [TEST_STEP][PASSED] - click(findTestObject("APOLLO- Desktop/Customer Information page/Continue to shipping")): Object: 'Object Repository/APOLLO- Desktop/Customer Information page/Continue to shipping' is clicked on

2019-07-09 16:11:24 - [MESSAGE][PASSED] - Object: 'Object Repository/APOLLO- Desktop/Customer Information page/Continue to shipping' is clicked on

2019-07-09 16:11:24 - [TEST_STEP][PASSED] - executeJavaScript("var previewBar = document.getElementById("preview-bar-iframe"); previewBar.style.display = "none";", []): Execute JavaScript 'var previewBar = document.getElementById("preview-bar-iframe"); previewBar.style.display = "none";' successfully

2019-07-09 16:11:24 - [MESSAGE][PASSED] - Execute JavaScript 'var previewBar = document.getElementById("preview-bar-iframe"); previewBar.style.display = "none";' successfully

2019-07-09 16:11:24 - [TEST_STEP][PASSED] - click(findTestObject("APOLLO- Desktop/Shipping page/Radio button check")): Object: 'Object Repository/APOLLO- Desktop/Shipping page/Radio button check' is clicked on

2019-07-09 16:11:26 - [MESSAGE][PASSED] - Object: 'Object Repository/APOLLO- Desktop/Shipping page/Radio button check' is clicked on

2019-07-09 16:11:26 - [TEST_STEP][PASSED] - executeJavaScript("var previewBar = document.getElementById("preview-bar-iframe"); previewBar.style.display = "none";", []): Execute JavaScript 'var previewBar = document.getElementById("preview-bar-iframe"); previewBar.style.display = "none";' successfully

2019-07-09 16:11:26 - [MESSAGE][PASSED] - Execute JavaScript 'var previewBar = document.getElementById("preview-bar-iframe"); previewBar.style.display = "none";' successfully

2019-07-09 16:11:26 - [TEST_STEP][PASSED] - click(findTestObject("APOLLO- Desktop/Shipping page/Continue to payment")): Object: 'Object Repository/APOLLO- Desktop/Shipping page/Continue to payment' is clicked on

2019-07-09 16:11:28 - [MESSAGE][PASSED] - Object: 'Object Repository/APOLLO- Desktop/Shipping page/Continue to payment' is clicked on

2019-07-09 16:11:28 - [TEST_STEP][PASSED] - executeJavaScript("var previewBar = document.getElementById("preview-bar-iframe"); previewBar.style.display = "none";", []): Execute JavaScript 'var previewBar = document.getElementById("preview-bar-iframe"); previewBar.style.display = "none";' successfully

2019-07-09 16:11:28 - [MESSAGE][PASSED] - Execute JavaScript 'var previewBar = document.getElementById("preview-bar-iframe"); previewBar.style.display = "none";' successfully

2019-07-09 16:11:28 - [TEST_STEP][PASSED] - verifyTextPresent("Payment", false): Text 'Payment' is present on page 

2019-07-09 16:11:28 - [MESSAGE][PASSED] - Text 'Payment' is present on page 

2019-07-09 16:11:28 - [MESSAGE][PASSED] - Call Test Case 'Test Cases/CALL - SHIPPING TO PAYMENT' successfully]]></system-out>
         <system-err><![CDATA[]]></system-err>
      </testcase>
      <testcase name="Test Cases/CRITICAL PATH/Adding product - Search flyout" classname="Test Cases/CRITICAL PATH/Adding product - Search flyout" status="FAILED">
         <failure type="FAILED" message="Test Cases/CRITICAL PATH/Adding product - Search flyout FAILED.
Reason:
com.kms.katalon.core.exception.StepFailedException: Unable to click on object 'Object Repository/APOLLO- Desktop/Product page/Add to bag - Copy' (Root cause: com.kms.katalon.core.webui.exception.WebElementNotFoundException: Web element with id: 'Object Repository/APOLLO- Desktop/Product page/Add to bag - Copy' located by 'By.xpath: //button[@class='o-btn o-btn--large o-btn--secondary js-product-atc'][count(. | //button[(text() = 'Add to bag' or . = 'Add to bag')]) = count(//button[(text() = 'Add to bag' or . = 'Add to bag')])]' not found)
	at com.kms.katalon.core.keyword.internal.KeywordMain.stepFailed(KeywordMain.groovy:32)
	at com.kms.katalon.core.webui.keyword.internal.WebUIKeywordMain.stepFailed(WebUIKeywordMain.groovy:65)
	at com.kms.katalon.core.webui.keyword.internal.WebUIKeywordMain.runKeyword(WebUIKeywordMain.groovy:27)
	at com.kms.katalon.core.webui.keyword.builtin.ClickKeyword.click(ClickKeyword.groovy:86)
	at com.kms.katalon.core.webui.keyword.builtin.ClickKeyword.execute(ClickKeyword.groovy:67)
	at com.kms.katalon.core.keyword.internal.KeywordExecutor.executeKeywordForPlatform(KeywordExecutor.groovy:53)
	at com.kms.katalon.core.webui.keyword.WebUiBuiltInKeywords.click(WebUiBuiltInKeywords.groovy:604)
	at com.kms.katalon.core.webui.keyword.WebUiBuiltInKeywords$click$18.call(Unknown Source)
	at Adding product - Search flyout.run(Adding product - Search flyout:72)
	at com.kms.katalon.core.main.ScriptEngine.run(ScriptEngine.java:194)
	at com.kms.katalon.core.main.ScriptEngine.runScriptAsRawText(ScriptEngine.java:119)
	at com.kms.katalon.core.main.TestCaseExecutor.runScript(TestCaseExecutor.java:328)
	at com.kms.katalon.core.main.TestCaseExecutor.doExecute(TestCaseExecutor.java:319)
	at com.kms.katalon.core.main.TestCaseExecutor.processExecutionPhase(TestCaseExecutor.java:298)
	at com.kms.katalon.core.main.TestCaseExecutor.accessMainPhase(TestCaseExecutor.java:290)
	at com.kms.katalon.core.main.TestCaseExecutor.execute(TestCaseExecutor.java:224)
	at com.kms.katalon.core.main.TestSuiteExecutor.accessTestCaseMainPhase(TestSuiteExecutor.java:129)
	at com.kms.katalon.core.main.TestSuiteExecutor.accessTestSuiteMainPhase(TestSuiteExecutor.java:112)
	at com.kms.katalon.core.main.TestSuiteExecutor.execute(TestSuiteExecutor.java:81)
	at com.kms.katalon.core.main.TestCaseMain.startTestSuite(TestCaseMain.java:149)
	at com.kms.katalon.core.main.TestCaseMain$startTestSuite$0.call(Unknown Source)
	at TempTestSuite1562701686673.run(TempTestSuite1562701686673.groovy:36)
"/>
         <system-out><![CDATA[2019-07-09 16:11:28 - [TEST_CASE][FAILED] - Test Cases/CRITICAL PATH/Adding product - Search flyout: Test Cases/CRITICAL PATH/Adding product - Search flyout FAILED.
Reason:
com.kms.katalon.core.exception.StepFailedException: Unable to click on object 'Object Repository/APOLLO- Desktop/Product page/Add to bag - Copy' (Root cause: com.kms.katalon.core.webui.exception.WebElementNotFoundException: Web element with id: 'Object Repository/APOLLO- Desktop/Product page/Add to bag - Copy' located by 'By.xpath: //button[@class='o-btn o-btn--large o-btn--secondary js-product-atc'][count(. | //button[(text() = 'Add to bag' or . = 'Add to bag')]) = count(//button[(text() = 'Add to bag' or . = 'Add to bag')])]' not found)
	at com.kms.katalon.core.keyword.internal.KeywordMain.stepFailed(KeywordMain.groovy:32)
	at com.kms.katalon.core.webui.keyword.internal.WebUIKeywordMain.stepFailed(WebUIKeywordMain.groovy:65)
	at com.kms.katalon.core.webui.keyword.internal.WebUIKeywordMain.runKeyword(WebUIKeywordMain.groovy:27)
	at com.kms.katalon.core.webui.keyword.builtin.ClickKeyword.click(ClickKeyword.groovy:86)
	at com.kms.katalon.core.webui.keyword.builtin.ClickKeyword.execute(ClickKeyword.groovy:67)
	at com.kms.katalon.core.keyword.internal.KeywordExecutor.executeKeywordForPlatform(KeywordExecutor.groovy:53)
	at com.kms.katalon.core.webui.keyword.WebUiBuiltInKeywords.click(WebUiBuiltInKeywords.groovy:604)
	at com.kms.katalon.core.webui.keyword.WebUiBuiltInKeywords$click$18.call(Unknown Source)
	at Adding product - Search flyout.run(Adding product - Search flyout:72)
	at com.kms.katalon.core.main.ScriptEngine.run(ScriptEngine.java:194)
	at com.kms.katalon.core.main.ScriptEngine.runScriptAsRawText(ScriptEngine.java:119)
	at com.kms.katalon.core.main.TestCaseExecutor.runScript(TestCaseExecutor.java:328)
	at com.kms.katalon.core.main.TestCaseExecutor.doExecute(TestCaseExecutor.java:319)
	at com.kms.katalon.core.main.TestCaseExecutor.processExecutionPhase(TestCaseExecutor.java:298)
	at com.kms.katalon.core.main.TestCaseExecutor.accessMainPhase(TestCaseExecutor.java:290)
	at com.kms.katalon.core.main.TestCaseExecutor.execute(TestCaseExecutor.java:224)
	at com.kms.katalon.core.main.TestSuiteExecutor.accessTestCaseMainPhase(TestSuiteExecutor.java:129)
	at com.kms.katalon.core.main.TestSuiteExecutor.accessTestSuiteMainPhase(TestSuiteExecutor.java:112)
	at com.kms.katalon.core.main.TestSuiteExecutor.execute(TestSuiteExecutor.java:81)
	at com.kms.katalon.core.main.TestCaseMain.startTestSuite(TestCaseMain.java:149)
	at com.kms.katalon.core.main.TestCaseMain$startTestSuite$0.call(Unknown Source)
	at TempTestSuite1562701686673.run(TempTestSuite1562701686673.groovy:36)


2019-07-09 16:11:28 - [TEST_STEP][PASSED] - callTestCase(findTestCase("CALL - URL"), [:], STOP_ON_FAILURE): Call Test Case 'Test Cases/CALL - URL' successfully

2019-07-09 16:11:28 - [TEST_CASE][PASSED] - Test Cases/CALL - URL: Test Cases/CALL - URL

2019-07-09 16:11:28 - [TEST_STEP][PASSED] - openBrowser(""): Browser is opened with url: ''

2019-07-09 16:11:28 - [MESSAGE][WARNING] - A browser is already opened. Closing browser and opening a new one

2019-07-09 16:11:29 - [MESSAGE][INFO] - Starting 'Firefox' driver

2019-07-09 16:11:31 - [MESSAGE][PASSED] - Browser is opened with url: ''

2019-07-09 16:11:31 - [TEST_STEP][PASSED] - navigateToUrl("https://apollo-fireball.myshopify.com/?_ab=0&_fd=0&_sc=1&key=96c2edace7b9967f3a77c2e2b131937136039831e9ec35f31598610005fa8795&preview_theme_id=46803124304"): Navigate to 'https://apollo-fireball.myshopify.com/?_ab=0&_fd=0&_sc=1&key=96c2edace7b9967f3a77c2e2b131937136039831e9ec35f31598610005fa8795&preview_theme_id=46803124304' successfully

2019-07-09 16:11:37 - [MESSAGE][PASSED] - Navigate to 'https://apollo-fireball.myshopify.com/?_ab=0&_fd=0&_sc=1&key=96c2edace7b9967f3a77c2e2b131937136039831e9ec35f31598610005fa8795&preview_theme_id=46803124304' successfully

2019-07-09 16:11:37 - [TEST_STEP][PASSED] - executeJavaScript("var previewBar = document.getElementById("preview-bar-iframe"); previewBar.style.display = "none";", []): Execute JavaScript 'var previewBar = document.getElementById("preview-bar-iframe"); previewBar.style.display = "none";' successfully

2019-07-09 16:11:37 - [MESSAGE][PASSED] - Execute JavaScript 'var previewBar = document.getElementById("preview-bar-iframe"); previewBar.style.display = "none";' successfully

2019-07-09 16:11:37 - [TEST_STEP][PASSED] - maximizeWindow(): Current window maximized

2019-07-09 16:11:37 - [MESSAGE][PASSED] - Current window maximized

2019-07-09 16:11:37 - [MESSAGE][PASSED] - Call Test Case 'Test Cases/CALL - URL' successfully

2019-07-09 16:11:37 - [TEST_STEP][PASSED] - delay(2): Delayed 2 second(s)

2019-07-09 16:11:39 - [MESSAGE][PASSED] - Delayed 2 second(s)

2019-07-09 16:11:39 - [TEST_STEP][PASSED] - click(findTestObject("APOLLO- Desktop/Home page/Search input")): Object: 'Object Repository/APOLLO- Desktop/Home page/Search input' is clicked on

2019-07-09 16:11:40 - [MESSAGE][PASSED] - Object: 'Object Repository/APOLLO- Desktop/Home page/Search input' is clicked on

2019-07-09 16:11:40 - [TEST_STEP][PASSED] - delay(1): Delayed 1 second(s)

2019-07-09 16:11:41 - [MESSAGE][PASSED] - Delayed 1 second(s)

2019-07-09 16:11:41 - [TEST_STEP][PASSED] - setText(findTestObject("APOLLO- Desktop/Home page/Search input box to enter"), "Chicken"): Text 'Chicken' is set on object 'Object Repository/APOLLO- Desktop/Home page/Search input box to enter'

2019-07-09 16:11:41 - [MESSAGE][PASSED] - Text 'Chicken' is set on object 'Object Repository/APOLLO- Desktop/Home page/Search input box to enter'

2019-07-09 16:11:41 - [TEST_STEP][PASSED] - delay(1): Delayed 1 second(s)

2019-07-09 16:11:42 - [MESSAGE][PASSED] - Delayed 1 second(s)

2019-07-09 16:11:42 - [TEST_STEP][PASSED] - click(findTestObject("APOLLO- Desktop/Home page/2nd product - search flyout")): Object: 'Object Repository/APOLLO- Desktop/Home page/2nd product - search flyout' is clicked on

2019-07-09 16:11:44 - [MESSAGE][PASSED] - Object: 'Object Repository/APOLLO- Desktop/Home page/2nd product - search flyout' is clicked on

2019-07-09 16:11:44 - [TEST_STEP][PASSED] - delay(2): Delayed 2 second(s)

2019-07-09 16:11:46 - [MESSAGE][PASSED] - Delayed 2 second(s)

2019-07-09 16:11:46 - [TEST_STEP][PASSED] - click(findTestObject("APOLLO- Desktop/Product page/1 piece"), CONTINUE_ON_FAILURE): Object: 'Object Repository/APOLLO- Desktop/Product page/1 piece' is clicked on

2019-07-09 16:11:46 - [MESSAGE][PASSED] - Object: 'Object Repository/APOLLO- Desktop/Product page/1 piece' is clicked on

2019-07-09 16:11:46 - [TEST_STEP][PASSED] - delay(2): Delayed 2 second(s)

2019-07-09 16:11:48 - [MESSAGE][PASSED] - Delayed 2 second(s)

2019-07-09 16:11:48 - [TEST_STEP][PASSED] - click(findTestObject("APOLLO- Desktop/Product page/Add to bag")): Object: 'Object Repository/APOLLO- Desktop/Product page/Add to bag' is clicked on

2019-07-09 16:11:49 - [MESSAGE][PASSED] - Object: 'Object Repository/APOLLO- Desktop/Product page/Add to bag' is clicked on

2019-07-09 16:11:49 - [TEST_STEP][PASSED] - delay(2): Delayed 2 second(s)

2019-07-09 16:11:51 - [MESSAGE][PASSED] - Delayed 2 second(s)

2019-07-09 16:11:51 - [TEST_STEP][PASSED] - click(findTestObject("APOLLO- Desktop/Cart flyout/Cart collapse")): Object: 'Object Repository/APOLLO- Desktop/Cart flyout/Cart collapse' is clicked on

2019-07-09 16:11:51 - [MESSAGE][PASSED] - Object: 'Object Repository/APOLLO- Desktop/Cart flyout/Cart collapse' is clicked on

2019-07-09 16:11:51 - [TEST_STEP][PASSED] - delay(2): Delayed 2 second(s)

2019-07-09 16:11:53 - [MESSAGE][PASSED] - Delayed 2 second(s)

2019-07-09 16:11:53 - [TEST_STEP][PASSED] - click(findTestObject("APOLLO- Desktop/Product page/2 piece"), CONTINUE_ON_FAILURE): Object: 'Object Repository/APOLLO- Desktop/Product page/2 piece' is clicked on

2019-07-09 16:11:53 - [MESSAGE][PASSED] - Object: 'Object Repository/APOLLO- Desktop/Product page/2 piece' is clicked on

2019-07-09 16:11:53 - [TEST_STEP][PASSED] - delay(2): Delayed 2 second(s)

2019-07-09 16:11:55 - [MESSAGE][PASSED] - Delayed 2 second(s)

2019-07-09 16:11:55 - [TEST_STEP][PASSED] - click(findTestObject("APOLLO- Desktop/Product page/Add to bag")): Object: 'Object Repository/APOLLO- Desktop/Product page/Add to bag' is clicked on

2019-07-09 16:11:55 - [MESSAGE][PASSED] - Object: 'Object Repository/APOLLO- Desktop/Product page/Add to bag' is clicked on

2019-07-09 16:11:55 - [TEST_STEP][PASSED] - delay(2): Delayed 2 second(s)

2019-07-09 16:11:57 - [MESSAGE][PASSED] - Delayed 2 second(s)

2019-07-09 16:11:57 - [TEST_STEP][PASSED] - click(findTestObject("APOLLO- Desktop/Cart flyout/Cart collapse")): Object: 'Object Repository/APOLLO- Desktop/Cart flyout/Cart collapse' is clicked on

2019-07-09 16:11:58 - [MESSAGE][PASSED] - Object: 'Object Repository/APOLLO- Desktop/Cart flyout/Cart collapse' is clicked on

2019-07-09 16:11:58 - [TEST_STEP][PASSED] - delay(2): Delayed 2 second(s)

2019-07-09 16:12:00 - [MESSAGE][PASSED] - Delayed 2 second(s)

2019-07-09 16:12:00 - [TEST_STEP][PASSED] - click(findTestObject("APOLLO- Desktop/Product page/3 piece"), CONTINUE_ON_FAILURE): Object: 'Object Repository/APOLLO- Desktop/Product page/3 piece' is clicked on

2019-07-09 16:12:00 - [MESSAGE][PASSED] - Object: 'Object Repository/APOLLO- Desktop/Product page/3 piece' is clicked on

2019-07-09 16:12:00 - [TEST_STEP][PASSED] - delay(2): Delayed 2 second(s)

2019-07-09 16:12:02 - [MESSAGE][PASSED] - Delayed 2 second(s)

2019-07-09 16:12:02 - [TEST_STEP][PASSED] - click(findTestObject("APOLLO- Desktop/Product page/Add to bag - Copy")): Object: 'Object Repository/APOLLO- Desktop/Product page/Add to bag - Copy' is clicked on

2019-07-09 16:12:02 - [MESSAGE][PASSED] - Object: 'Object Repository/APOLLO- Desktop/Product page/Add to bag - Copy' is clicked on

2019-07-09 16:12:02 - [TEST_STEP][PASSED] - delay(2): Delayed 2 second(s)

2019-07-09 16:12:04 - [MESSAGE][PASSED] - Delayed 2 second(s)

2019-07-09 16:12:04 - [TEST_STEP][PASSED] - click(findTestObject("APOLLO- Desktop/Cart flyout/Cart collapse")): Object: 'Object Repository/APOLLO- Desktop/Cart flyout/Cart collapse' is clicked on

2019-07-09 16:12:04 - [MESSAGE][PASSED] - Object: 'Object Repository/APOLLO- Desktop/Cart flyout/Cart collapse' is clicked on

2019-07-09 16:12:04 - [TEST_STEP][PASSED] - delay(2): Delayed 2 second(s)

2019-07-09 16:12:06 - [MESSAGE][PASSED] - Delayed 2 second(s)

2019-07-09 16:12:06 - [TEST_STEP][PASSED] - click(findTestObject("APOLLO- Desktop/Product page/4 piece"), CONTINUE_ON_FAILURE): Object: 'Object Repository/APOLLO- Desktop/Product page/4 piece' is clicked on

2019-07-09 16:12:07 - [MESSAGE][PASSED] - Object: 'Object Repository/APOLLO- Desktop/Product page/4 piece' is clicked on

2019-07-09 16:12:07 - [TEST_STEP][PASSED] - delay(2): Delayed 2 second(s)

2019-07-09 16:12:09 - [MESSAGE][PASSED] - Delayed 2 second(s)

2019-07-09 16:12:09 - [TEST_STEP][FAILED] - click(findTestObject("APOLLO- Desktop/Product page/Add to bag - Copy"), CONTINUE_ON_FAILURE): Unable to click on object 'Object Repository/APOLLO- Desktop/Product page/Add to bag - Copy' (Root cause: com.kms.katalon.core.webui.exception.WebElementNotFoundException: Web element with id: 'Object Repository/APOLLO- Desktop/Product page/Add to bag - Copy' located by 'By.xpath: //button[@class='o-btn o-btn--large o-btn--secondary js-product-atc'][count(. | //button[(text() = 'Add to bag' or . = 'Add to bag')]) = count(//button[(text() = 'Add to bag' or . = 'Add to bag')])]' not found)

2019-07-09 16:12:39 - [MESSAGE][INFO] - Unable to find the element located by 'By.xpath: //button[@class='o-btn o-btn--large o-btn--secondary js-product-atc'][count(. | //button[(text() = 'Add to bag' or . = 'Add to bag')]) = count(//button[(text() = 'Add to bag' or . = 'Add to bag')])]'. Please recheck the objects properties to make sure the desired element is located. 

2019-07-09 16:12:40 - [MESSAGE][FAILED] - Unable to click on object 'Object Repository/APOLLO- Desktop/Product page/Add to bag - Copy' (Root cause: com.kms.katalon.core.webui.exception.WebElementNotFoundException: Web element with id: 'Object Repository/APOLLO- Desktop/Product page/Add to bag - Copy' located by 'By.xpath: //button[@class='o-btn o-btn--large o-btn--secondary js-product-atc'][count(. | //button[(text() = 'Add to bag' or . = 'Add to bag')]) = count(//button[(text() = 'Add to bag' or . = 'Add to bag')])]' not found)
[[ATTACHMENT|/Users/sumankompelly/Katalon Studio/APOLLO - FIRE/APOLLO - FIRE- DESKTOP/Reports/0.5.5/20190709_154806/1562703159853.png]]

2019-07-09 16:12:40 - [TEST_STEP][PASSED] - delay(2): Delayed 2 second(s)

2019-07-09 16:12:42 - [MESSAGE][PASSED] - Delayed 2 second(s)

2019-07-09 16:12:42 - [TEST_STEP][PASSED] - executeJavaScript("var previewBar = document.getElementById("preview-bar-iframe"); previewBar.style.display = "none";", []): Execute JavaScript 'var previewBar = document.getElementById("preview-bar-iframe"); previewBar.style.display = "none";' successfully

2019-07-09 16:12:42 - [MESSAGE][PASSED] - Execute JavaScript 'var previewBar = document.getElementById("preview-bar-iframe"); previewBar.style.display = "none";' successfully

2019-07-09 16:12:42 - [TEST_STEP][PASSED] - click(findTestObject("APOLLO- Desktop/Home page/cart icon open")): Object: 'Object Repository/APOLLO- Desktop/Home page/cart icon open' is clicked on

2019-07-09 16:12:43 - [MESSAGE][PASSED] - Object: 'Object Repository/APOLLO- Desktop/Home page/cart icon open' is clicked on

2019-07-09 16:12:43 - [TEST_STEP][PASSED] - delay(2): Delayed 2 second(s)

2019-07-09 16:12:45 - [MESSAGE][PASSED] - Delayed 2 second(s)

2019-07-09 16:12:45 - [TEST_STEP][PASSED] - click(findTestObject("APOLLO- Desktop/Cart flyout/Checkout")): Object: 'Object Repository/APOLLO- Desktop/Cart flyout/Checkout' is clicked on

2019-07-09 16:12:47 - [MESSAGE][PASSED] - Object: 'Object Repository/APOLLO- Desktop/Cart flyout/Checkout' is clicked on

2019-07-09 16:12:47 - [TEST_STEP][PASSED] - delay(1): Delayed 1 second(s)

2019-07-09 16:12:48 - [MESSAGE][PASSED] - Delayed 1 second(s)

2019-07-09 16:12:48 - [TEST_STEP][PASSED] - callTestCase(findTestCase("CALL- CUSTOMER INFO PAGE"), [:], STOP_ON_FAILURE): Call Test Case 'Test Cases/CALL- CUSTOMER INFO PAGE' successfully

2019-07-09 16:12:48 - [TEST_CASE][PASSED] - Test Cases/CALL- CUSTOMER INFO PAGE: Test Cases/CALL- CUSTOMER INFO PAGE

2019-07-09 16:12:48 - [TEST_STEP][PASSED] - delay(2): Delayed 2 second(s)

2019-07-09 16:12:50 - [MESSAGE][PASSED] - Delayed 2 second(s)

2019-07-09 16:12:50 - [TEST_STEP][PASSED] - executeJavaScript("var previewBar = document.getElementById("preview-bar-iframe"); previewBar.style.display = "none";", []): Execute JavaScript 'var previewBar = document.getElementById("preview-bar-iframe"); previewBar.style.display = "none";' successfully

2019-07-09 16:12:50 - [MESSAGE][PASSED] - Execute JavaScript 'var previewBar = document.getElementById("preview-bar-iframe"); previewBar.style.display = "none";' successfully

2019-07-09 16:12:50 - [TEST_STEP][PASSED] - setText(findTestObject("APOLLO- Desktop/Customer Information page/Email"), "suman@gmail.com"): Text 'suman@gmail.com' is set on object 'Object Repository/APOLLO- Desktop/Customer Information page/Email'

2019-07-09 16:12:50 - [MESSAGE][PASSED] - Text 'suman@gmail.com' is set on object 'Object Repository/APOLLO- Desktop/Customer Information page/Email'

2019-07-09 16:12:50 - [TEST_STEP][PASSED] - delay(2): Delayed 2 second(s)

2019-07-09 16:12:52 - [MESSAGE][PASSED] - Delayed 2 second(s)

2019-07-09 16:12:52 - [TEST_STEP][PASSED] - setText(findTestObject("APOLLO- Desktop/Customer Information page/First name"), "suman"): Text 'suman' is set on object 'Object Repository/APOLLO- Desktop/Customer Information page/First name'

2019-07-09 16:12:52 - [MESSAGE][PASSED] - Text 'suman' is set on object 'Object Repository/APOLLO- Desktop/Customer Information page/First name'

2019-07-09 16:12:52 - [TEST_STEP][PASSED] - delay(2): Delayed 2 second(s)

2019-07-09 16:12:54 - [MESSAGE][PASSED] - Delayed 2 second(s)

2019-07-09 16:12:54 - [TEST_STEP][PASSED] - setText(findTestObject("APOLLO- Desktop/Customer Information page/Last name"), "kompelly"): Text 'kompelly' is set on object 'Object Repository/APOLLO- Desktop/Customer Information page/Last name'

2019-07-09 16:12:54 - [MESSAGE][PASSED] - Text 'kompelly' is set on object 'Object Repository/APOLLO- Desktop/Customer Information page/Last name'

2019-07-09 16:12:54 - [TEST_STEP][PASSED] - delay(2): Delayed 2 second(s)

2019-07-09 16:12:56 - [MESSAGE][PASSED] - Delayed 2 second(s)

2019-07-09 16:12:56 - [TEST_STEP][PASSED] - setText(findTestObject("APOLLO- Desktop/Customer Information page/Address"), "1435 st alxendre"): Text '1435 st alxendre' is set on object 'Object Repository/APOLLO- Desktop/Customer Information page/Address'

2019-07-09 16:12:56 - [MESSAGE][PASSED] - Text '1435 st alxendre' is set on object 'Object Repository/APOLLO- Desktop/Customer Information page/Address'

2019-07-09 16:12:56 - [TEST_STEP][PASSED] - setText(findTestObject("APOLLO- Desktop/Customer Information page/Apartment"), "220"): Text '220' is set on object 'Object Repository/APOLLO- Desktop/Customer Information page/Apartment'

2019-07-09 16:12:56 - [MESSAGE][PASSED] - Text '220' is set on object 'Object Repository/APOLLO- Desktop/Customer Information page/Apartment'

2019-07-09 16:12:56 - [TEST_STEP][PASSED] - setText(findTestObject("APOLLO- Desktop/Customer Information page/City"), "montreal"): Text 'montreal' is set on object 'Object Repository/APOLLO- Desktop/Customer Information page/City'

2019-07-09 16:12:56 - [MESSAGE][PASSED] - Text 'montreal' is set on object 'Object Repository/APOLLO- Desktop/Customer Information page/City'

2019-07-09 16:12:56 - [TEST_STEP][PASSED] - selectOptionByValue(findTestObject("APOLLO- Desktop/Customer Information page/Country dropdown"), "United States", true): All options with value 'United States' are selected in object 'Object Repository/APOLLO- Desktop/Customer Information page/Country dropdown'  using regular expression

2019-07-09 16:13:01 - [MESSAGE][PASSED] - All options with value 'United States' are selected in object 'Object Repository/APOLLO- Desktop/Customer Information page/Country dropdown'  using regular expression

2019-07-09 16:13:01 - [TEST_STEP][PASSED] - selectOptionByValue(findTestObject("APOLLO- Desktop/Customer Information page/states dropdown"), "NJ", true): All options with value 'NJ' are selected in object 'Object Repository/APOLLO- Desktop/Customer Information page/states dropdown'  using regular expression

2019-07-09 16:13:02 - [MESSAGE][PASSED] - All options with value 'NJ' are selected in object 'Object Repository/APOLLO- Desktop/Customer Information page/states dropdown'  using regular expression

2019-07-09 16:13:02 - [TEST_STEP][PASSED] - setText(findTestObject("APOLLO- Desktop/Customer Information page/ZIP code"), "07057"): Text '07057' is set on object 'Object Repository/APOLLO- Desktop/Customer Information page/ZIP code'

2019-07-09 16:13:02 - [MESSAGE][PASSED] - Text '07057' is set on object 'Object Repository/APOLLO- Desktop/Customer Information page/ZIP code'

2019-07-09 16:13:02 - [MESSAGE][PASSED] - Call Test Case 'Test Cases/CALL- CUSTOMER INFO PAGE' successfully

2019-07-09 16:13:02 - [TEST_STEP][FAILED] - callTestCase(findTestCase("CALL - SHIPPING TO PAYMENT"), [:], STOP_ON_FAILURE): callTestCase(findTestCase("CALL - SHIPPING TO PAYMENT"), [:], STOP_ON_FAILURE) FAILED.
Reason:
com.kms.katalon.core.exception.StepFailedException: Unable to click on object 'Object Repository/APOLLO- Desktop/Product page/Add to bag - Copy' (Root cause: com.kms.katalon.core.webui.exception.WebElementNotFoundException: Web element with id: 'Object Repository/APOLLO- Desktop/Product page/Add to bag - Copy' located by 'By.xpath: //button[@class='o-btn o-btn--large o-btn--secondary js-product-atc'][count(. | //button[(text() = 'Add to bag' or . = 'Add to bag')]) = count(//button[(text() = 'Add to bag' or . = 'Add to bag')])]' not found)
	at com.kms.katalon.core.keyword.internal.KeywordMain.stepFailed(KeywordMain.groovy:32)
	at com.kms.katalon.core.webui.keyword.internal.WebUIKeywordMain.stepFailed(WebUIKeywordMain.groovy:65)
	at com.kms.katalon.core.webui.keyword.internal.WebUIKeywordMain.runKeyword(WebUIKeywordMain.groovy:27)
	at com.kms.katalon.core.webui.keyword.builtin.ClickKeyword.click(ClickKeyword.groovy:86)
	at com.kms.katalon.core.webui.keyword.builtin.ClickKeyword.execute(ClickKeyword.groovy:67)
	at com.kms.katalon.core.keyword.internal.KeywordExecutor.executeKeywordForPlatform(KeywordExecutor.groovy:53)
	at com.kms.katalon.core.webui.keyword.WebUiBuiltInKeywords.click(WebUiBuiltInKeywords.groovy:604)
	at com.kms.katalon.core.webui.keyword.WebUiBuiltInKeywords$click$18.call(Unknown Source)
	at Adding product - Search flyout.run(Adding product - Search flyout:72)
	at com.kms.katalon.core.main.ScriptEngine.run(ScriptEngine.java:194)
	at com.kms.katalon.core.main.ScriptEngine.runScriptAsRawText(ScriptEngine.java:119)
	at com.kms.katalon.core.main.TestCaseExecutor.runScript(TestCaseExecutor.java:328)
	at com.kms.katalon.core.main.TestCaseExecutor.doExecute(TestCaseExecutor.java:319)
	at com.kms.katalon.core.main.TestCaseExecutor.processExecutionPhase(TestCaseExecutor.java:298)
	at com.kms.katalon.core.main.TestCaseExecutor.accessMainPhase(TestCaseExecutor.java:290)
	at com.kms.katalon.core.main.TestCaseExecutor.execute(TestCaseExecutor.java:224)
	at com.kms.katalon.core.main.TestSuiteExecutor.accessTestCaseMainPhase(TestSuiteExecutor.java:129)
	at com.kms.katalon.core.main.TestSuiteExecutor.accessTestSuiteMainPhase(TestSuiteExecutor.java:112)
	at com.kms.katalon.core.main.TestSuiteExecutor.execute(TestSuiteExecutor.java:81)
	at com.kms.katalon.core.main.TestCaseMain.startTestSuite(TestCaseMain.java:149)
	at com.kms.katalon.core.main.TestCaseMain$startTestSuite$0.call(Unknown Source)
	at TempTestSuite1562701686673.run(TempTestSuite1562701686673.groovy:36)


2019-07-09 16:13:02 - [TEST_CASE][PASSED] - Test Cases/CALL - SHIPPING TO PAYMENT: Test Cases/CALL - SHIPPING TO PAYMENT

2019-07-09 16:13:02 - [TEST_STEP][PASSED] - click(findTestObject("APOLLO- Desktop/Customer Information page/Continue to shipping")): Object: 'Object Repository/APOLLO- Desktop/Customer Information page/Continue to shipping' is clicked on

2019-07-09 16:13:04 - [MESSAGE][PASSED] - Object: 'Object Repository/APOLLO- Desktop/Customer Information page/Continue to shipping' is clicked on

2019-07-09 16:13:04 - [TEST_STEP][PASSED] - executeJavaScript("var previewBar = document.getElementById("preview-bar-iframe"); previewBar.style.display = "none";", []): Execute JavaScript 'var previewBar = document.getElementById("preview-bar-iframe"); previewBar.style.display = "none";' successfully

2019-07-09 16:13:04 - [MESSAGE][PASSED] - Execute JavaScript 'var previewBar = document.getElementById("preview-bar-iframe"); previewBar.style.display = "none";' successfully

2019-07-09 16:13:04 - [TEST_STEP][PASSED] - click(findTestObject("APOLLO- Desktop/Shipping page/Radio button check")): Object: 'Object Repository/APOLLO- Desktop/Shipping page/Radio button check' is clicked on

2019-07-09 16:13:05 - [MESSAGE][PASSED] - Object: 'Object Repository/APOLLO- Desktop/Shipping page/Radio button check' is clicked on

2019-07-09 16:13:05 - [TEST_STEP][PASSED] - executeJavaScript("var previewBar = document.getElementById("preview-bar-iframe"); previewBar.style.display = "none";", []): Execute JavaScript 'var previewBar = document.getElementById("preview-bar-iframe"); previewBar.style.display = "none";' successfully

2019-07-09 16:13:05 - [MESSAGE][PASSED] - Execute JavaScript 'var previewBar = document.getElementById("preview-bar-iframe"); previewBar.style.display = "none";' successfully

2019-07-09 16:13:05 - [TEST_STEP][PASSED] - click(findTestObject("APOLLO- Desktop/Shipping page/Continue to payment")): Object: 'Object Repository/APOLLO- Desktop/Shipping page/Continue to payment' is clicked on

2019-07-09 16:13:08 - [MESSAGE][PASSED] - Object: 'Object Repository/APOLLO- Desktop/Shipping page/Continue to payment' is clicked on

2019-07-09 16:13:08 - [TEST_STEP][PASSED] - executeJavaScript("var previewBar = document.getElementById("preview-bar-iframe"); previewBar.style.display = "none";", []): Execute JavaScript 'var previewBar = document.getElementById("preview-bar-iframe"); previewBar.style.display = "none";' successfully

2019-07-09 16:13:08 - [MESSAGE][PASSED] - Execute JavaScript 'var previewBar = document.getElementById("preview-bar-iframe"); previewBar.style.display = "none";' successfully

2019-07-09 16:13:08 - [TEST_STEP][PASSED] - verifyTextPresent("Payment", false): Text 'Payment' is present on page 

2019-07-09 16:13:08 - [MESSAGE][PASSED] - Text 'Payment' is present on page 

2019-07-09 16:13:08 - [MESSAGE][PASSED] - Call Test Case 'Test Cases/CALL - SHIPPING TO PAYMENT' successfully

2019-07-09 16:13:08 - [MESSAGE][FAILED] - callTestCase(findTestCase("CALL - SHIPPING TO PAYMENT"), [:], STOP_ON_FAILURE) FAILED.
Reason:
com.kms.katalon.core.exception.StepFailedException: Unable to click on object 'Object Repository/APOLLO- Desktop/Product page/Add to bag - Copy' (Root cause: com.kms.katalon.core.webui.exception.WebElementNotFoundException: Web element with id: 'Object Repository/APOLLO- Desktop/Product page/Add to bag - Copy' located by 'By.xpath: //button[@class='o-btn o-btn--large o-btn--secondary js-product-atc'][count(. | //button[(text() = 'Add to bag' or . = 'Add to bag')]) = count(//button[(text() = 'Add to bag' or . = 'Add to bag')])]' not found)
	at com.kms.katalon.core.keyword.internal.KeywordMain.stepFailed(KeywordMain.groovy:32)
	at com.kms.katalon.core.webui.keyword.internal.WebUIKeywordMain.stepFailed(WebUIKeywordMain.groovy:65)
	at com.kms.katalon.core.webui.keyword.internal.WebUIKeywordMain.runKeyword(WebUIKeywordMain.groovy:27)
	at com.kms.katalon.core.webui.keyword.builtin.ClickKeyword.click(ClickKeyword.groovy:86)
	at com.kms.katalon.core.webui.keyword.builtin.ClickKeyword.execute(ClickKeyword.groovy:67)
	at com.kms.katalon.core.keyword.internal.KeywordExecutor.executeKeywordForPlatform(KeywordExecutor.groovy:53)
	at com.kms.katalon.core.webui.keyword.WebUiBuiltInKeywords.click(WebUiBuiltInKeywords.groovy:604)
	at com.kms.katalon.core.webui.keyword.WebUiBuiltInKeywords$click$18.call(Unknown Source)
	at Adding product - Search flyout.run(Adding product - Search flyout:72)
	at com.kms.katalon.core.main.ScriptEngine.run(ScriptEngine.java:194)
	at com.kms.katalon.core.main.ScriptEngine.runScriptAsRawText(ScriptEngine.java:119)
	at com.kms.katalon.core.main.TestCaseExecutor.runScript(TestCaseExecutor.java:328)
	at com.kms.katalon.core.main.TestCaseExecutor.doExecute(TestCaseExecutor.java:319)
	at com.kms.katalon.core.main.TestCaseExecutor.processExecutionPhase(TestCaseExecutor.java:298)
	at com.kms.katalon.core.main.TestCaseExecutor.accessMainPhase(TestCaseExecutor.java:290)
	at com.kms.katalon.core.main.TestCaseExecutor.execute(TestCaseExecutor.java:224)
	at com.kms.katalon.core.main.TestSuiteExecutor.accessTestCaseMainPhase(TestSuiteExecutor.java:129)
	at com.kms.katalon.core.main.TestSuiteExecutor.accessTestSuiteMainPhase(TestSuiteExecutor.java:112)
	at com.kms.katalon.core.main.TestSuiteExecutor.execute(TestSuiteExecutor.java:81)
	at com.kms.katalon.core.main.TestCaseMain.startTestSuite(TestCaseMain.java:149)
	at com.kms.katalon.core.main.TestCaseMain$startTestSuite$0.call(Unknown Source)
	at TempTestSuite1562701686673.run(TempTestSuite1562701686673.groovy:36)]]></system-out>
         <system-err><![CDATA[2019-07-09 16:11:28 - [TEST_CASE][FAILED] - Test Cases/CRITICAL PATH/Adding product - Search flyout: Test Cases/CRITICAL PATH/Adding product - Search flyout FAILED.
Reason:
com.kms.katalon.core.exception.StepFailedException: Unable to click on object 'Object Repository/APOLLO- Desktop/Product page/Add to bag - Copy' (Root cause: com.kms.katalon.core.webui.exception.WebElementNotFoundException: Web element with id: 'Object Repository/APOLLO- Desktop/Product page/Add to bag - Copy' located by 'By.xpath: //button[@class='o-btn o-btn--large o-btn--secondary js-product-atc'][count(. | //button[(text() = 'Add to bag' or . = 'Add to bag')]) = count(//button[(text() = 'Add to bag' or . = 'Add to bag')])]' not found)
	at com.kms.katalon.core.keyword.internal.KeywordMain.stepFailed(KeywordMain.groovy:32)
	at com.kms.katalon.core.webui.keyword.internal.WebUIKeywordMain.stepFailed(WebUIKeywordMain.groovy:65)
	at com.kms.katalon.core.webui.keyword.internal.WebUIKeywordMain.runKeyword(WebUIKeywordMain.groovy:27)
	at com.kms.katalon.core.webui.keyword.builtin.ClickKeyword.click(ClickKeyword.groovy:86)
	at com.kms.katalon.core.webui.keyword.builtin.ClickKeyword.execute(ClickKeyword.groovy:67)
	at com.kms.katalon.core.keyword.internal.KeywordExecutor.executeKeywordForPlatform(KeywordExecutor.groovy:53)
	at com.kms.katalon.core.webui.keyword.WebUiBuiltInKeywords.click(WebUiBuiltInKeywords.groovy:604)
	at com.kms.katalon.core.webui.keyword.WebUiBuiltInKeywords$click$18.call(Unknown Source)
	at Adding product - Search flyout.run(Adding product - Search flyout:72)
	at com.kms.katalon.core.main.ScriptEngine.run(ScriptEngine.java:194)
	at com.kms.katalon.core.main.ScriptEngine.runScriptAsRawText(ScriptEngine.java:119)
	at com.kms.katalon.core.main.TestCaseExecutor.runScript(TestCaseExecutor.java:328)
	at com.kms.katalon.core.main.TestCaseExecutor.doExecute(TestCaseExecutor.java:319)
	at com.kms.katalon.core.main.TestCaseExecutor.processExecutionPhase(TestCaseExecutor.java:298)
	at com.kms.katalon.core.main.TestCaseExecutor.accessMainPhase(TestCaseExecutor.java:290)
	at com.kms.katalon.core.main.TestCaseExecutor.execute(TestCaseExecutor.java:224)
	at com.kms.katalon.core.main.TestSuiteExecutor.accessTestCaseMainPhase(TestSuiteExecutor.java:129)
	at com.kms.katalon.core.main.TestSuiteExecutor.accessTestSuiteMainPhase(TestSuiteExecutor.java:112)
	at com.kms.katalon.core.main.TestSuiteExecutor.execute(TestSuiteExecutor.java:81)
	at com.kms.katalon.core.main.TestCaseMain.startTestSuite(TestCaseMain.java:149)
	at com.kms.katalon.core.main.TestCaseMain$startTestSuite$0.call(Unknown Source)
	at TempTestSuite1562701686673.run(TempTestSuite1562701686673.groovy:36)]]></system-err>
      </testcase>
      <testcase name="Test Cases/CRITICAL PATH/Adding product - home page" classname="Test Cases/CRITICAL PATH/Adding product - home page" status="FAILED">
         <failure type="FAILED" message="Test Cases/CRITICAL PATH/Adding product - home page FAILED.
Reason:
com.kms.katalon.core.exception.StepFailedException: Unable to click on object 'Object Repository/APOLLO- Desktop/Collection page/Asparagus salad' (Root cause: org.openqa.selenium.ElementClickInterceptedException: Element &lt;div class=&quot;o-square-image js-tile-image&quot;> is not clickable at point (178,767) because another element &lt;iframe id=&quot;preview-bar-iframe&quot; src=&quot;https://apollo-fireball.myshopify.com/preview_bar&quot;> obscures it
Build info: version: '3.7.1', revision: '8a0099a', time: '2017-11-06T21:07:36.161Z'
System info: host: 'sumans-MacBook-Pro.local', ip: 'fe80:0:0:0:47c:ca88:4245:b7a7%en0', os.name: 'Mac OS X', os.arch: 'x86_64', os.version: '10.13.6', java.version: '1.8.0_181'
Driver info: com.kms.katalon.core.webui.driver.firefox.CGeckoDriver
Capabilities {acceptInsecureCerts: true, browserName: firefox, browserVersion: 67.0.4, javascriptEnabled: true, moz:accessibilityChecks: false, moz:buildID: 20190619235627, moz:geckodriverVersion: 0.23.0, moz:headless: false, moz:processID: 2633, moz:profile: /var/folders/1t/c55l8xzs6gq..., moz:shutdownTimeout: 60000, moz:useNonSpecCompliantPointerOrigin: false, moz:webdriverClick: true, pageLoadStrategy: normal, platform: MAC, platformName: MAC, platformVersion: 17.7.0, proxy: Proxy(direct), rotatable: false, setWindowRect: true, strictFileInteractability: false, timeouts: {implicit: 0, pageLoad: 300000, script: 30000}, unhandledPromptBehavior: dismiss and notify}
Session ID: 5906671a-063f-f14e-8500-e12b3a064548)
	at com.kms.katalon.core.keyword.internal.KeywordMain.stepFailed(KeywordMain.groovy:36)
	at com.kms.katalon.core.webui.keyword.internal.WebUIKeywordMain.stepFailed(WebUIKeywordMain.groovy:65)
	at com.kms.katalon.core.webui.keyword.internal.WebUIKeywordMain.runKeyword(WebUIKeywordMain.groovy:27)
	at com.kms.katalon.core.webui.keyword.builtin.ClickKeyword.click(ClickKeyword.groovy:86)
	at com.kms.katalon.core.webui.keyword.builtin.ClickKeyword.execute(ClickKeyword.groovy:67)
	at com.kms.katalon.core.keyword.internal.KeywordExecutor.executeKeywordForPlatform(KeywordExecutor.groovy:53)
	at com.kms.katalon.core.webui.keyword.WebUiBuiltInKeywords.click(WebUiBuiltInKeywords.groovy:616)
	at com.kms.katalon.core.webui.keyword.WebUiBuiltInKeywords$click$3.call(Unknown Source)
	at Adding product - home page.run(Adding product - home page:30)
	at com.kms.katalon.core.main.ScriptEngine.run(ScriptEngine.java:194)
	at com.kms.katalon.core.main.ScriptEngine.runScriptAsRawText(ScriptEngine.java:119)
	at com.kms.katalon.core.main.TestCaseExecutor.runScript(TestCaseExecutor.java:328)
	at com.kms.katalon.core.main.TestCaseExecutor.doExecute(TestCaseExecutor.java:319)
	at com.kms.katalon.core.main.TestCaseExecutor.processExecutionPhase(TestCaseExecutor.java:298)
	at com.kms.katalon.core.main.TestCaseExecutor.accessMainPhase(TestCaseExecutor.java:290)
	at com.kms.katalon.core.main.TestCaseExecutor.execute(TestCaseExecutor.java:224)
	at com.kms.katalon.core.main.TestSuiteExecutor.accessTestCaseMainPhase(TestSuiteExecutor.java:129)
	at com.kms.katalon.core.main.TestSuiteExecutor.accessTestSuiteMainPhase(TestSuiteExecutor.java:112)
	at com.kms.katalon.core.main.TestSuiteExecutor.execute(TestSuiteExecutor.java:81)
	at com.kms.katalon.core.main.TestCaseMain.startTestSuite(TestCaseMain.java:149)
	at com.kms.katalon.core.main.TestCaseMain$startTestSuite$0.call(Unknown Source)
	at TempTestSuite1562701686673.run(TempTestSuite1562701686673.groovy:36)
"/>
         <system-out><![CDATA[2019-07-09 16:13:08 - [TEST_CASE][FAILED] - Test Cases/CRITICAL PATH/Adding product - home page: Test Cases/CRITICAL PATH/Adding product - home page FAILED.
Reason:
com.kms.katalon.core.exception.StepFailedException: Unable to click on object 'Object Repository/APOLLO- Desktop/Collection page/Asparagus salad' (Root cause: org.openqa.selenium.ElementClickInterceptedException: Element <div class="o-square-image js-tile-image"> is not clickable at point (178,767) because another element <iframe id="preview-bar-iframe" src="https://apollo-fireball.myshopify.com/preview_bar"> obscures it
Build info: version: '3.7.1', revision: '8a0099a', time: '2017-11-06T21:07:36.161Z'
System info: host: 'sumans-MacBook-Pro.local', ip: 'fe80:0:0:0:47c:ca88:4245:b7a7%en0', os.name: 'Mac OS X', os.arch: 'x86_64', os.version: '10.13.6', java.version: '1.8.0_181'
Driver info: com.kms.katalon.core.webui.driver.firefox.CGeckoDriver
Capabilities {acceptInsecureCerts: true, browserName: firefox, browserVersion: 67.0.4, javascriptEnabled: true, moz:accessibilityChecks: false, moz:buildID: 20190619235627, moz:geckodriverVersion: 0.23.0, moz:headless: false, moz:processID: 2633, moz:profile: /var/folders/1t/c55l8xzs6gq..., moz:shutdownTimeout: 60000, moz:useNonSpecCompliantPointerOrigin: false, moz:webdriverClick: true, pageLoadStrategy: normal, platform: MAC, platformName: MAC, platformVersion: 17.7.0, proxy: Proxy(direct), rotatable: false, setWindowRect: true, strictFileInteractability: false, timeouts: {implicit: 0, pageLoad: 300000, script: 30000}, unhandledPromptBehavior: dismiss and notify}
Session ID: 5906671a-063f-f14e-8500-e12b3a064548)
	at com.kms.katalon.core.keyword.internal.KeywordMain.stepFailed(KeywordMain.groovy:36)
	at com.kms.katalon.core.webui.keyword.internal.WebUIKeywordMain.stepFailed(WebUIKeywordMain.groovy:65)
	at com.kms.katalon.core.webui.keyword.internal.WebUIKeywordMain.runKeyword(WebUIKeywordMain.groovy:27)
	at com.kms.katalon.core.webui.keyword.builtin.ClickKeyword.click(ClickKeyword.groovy:86)
	at com.kms.katalon.core.webui.keyword.builtin.ClickKeyword.execute(ClickKeyword.groovy:67)
	at com.kms.katalon.core.keyword.internal.KeywordExecutor.executeKeywordForPlatform(KeywordExecutor.groovy:53)
	at com.kms.katalon.core.webui.keyword.WebUiBuiltInKeywords.click(WebUiBuiltInKeywords.groovy:616)
	at com.kms.katalon.core.webui.keyword.WebUiBuiltInKeywords$click$3.call(Unknown Source)
	at Adding product - home page.run(Adding product - home page:30)
	at com.kms.katalon.core.main.ScriptEngine.run(ScriptEngine.java:194)
	at com.kms.katalon.core.main.ScriptEngine.runScriptAsRawText(ScriptEngine.java:119)
	at com.kms.katalon.core.main.TestCaseExecutor.runScript(TestCaseExecutor.java:328)
	at com.kms.katalon.core.main.TestCaseExecutor.doExecute(TestCaseExecutor.java:319)
	at com.kms.katalon.core.main.TestCaseExecutor.processExecutionPhase(TestCaseExecutor.java:298)
	at com.kms.katalon.core.main.TestCaseExecutor.accessMainPhase(TestCaseExecutor.java:290)
	at com.kms.katalon.core.main.TestCaseExecutor.execute(TestCaseExecutor.java:224)
	at com.kms.katalon.core.main.TestSuiteExecutor.accessTestCaseMainPhase(TestSuiteExecutor.java:129)
	at com.kms.katalon.core.main.TestSuiteExecutor.accessTestSuiteMainPhase(TestSuiteExecutor.java:112)
	at com.kms.katalon.core.main.TestSuiteExecutor.execute(TestSuiteExecutor.java:81)
	at com.kms.katalon.core.main.TestCaseMain.startTestSuite(TestCaseMain.java:149)
	at com.kms.katalon.core.main.TestCaseMain$startTestSuite$0.call(Unknown Source)
	at TempTestSuite1562701686673.run(TempTestSuite1562701686673.groovy:36)


2019-07-09 16:13:09 - [TEST_STEP][PASSED] - callTestCase(findTestCase("CALL - URL"), [:], STOP_ON_FAILURE): Call Test Case 'Test Cases/CALL - URL' successfully

2019-07-09 16:13:09 - [TEST_CASE][PASSED] - Test Cases/CALL - URL: Test Cases/CALL - URL

2019-07-09 16:13:09 - [TEST_STEP][PASSED] - openBrowser(""): Browser is opened with url: ''

2019-07-09 16:13:09 - [MESSAGE][WARNING] - A browser is already opened. Closing browser and opening a new one

2019-07-09 16:13:09 - [MESSAGE][INFO] - Starting 'Firefox' driver

2019-07-09 16:13:12 - [MESSAGE][PASSED] - Browser is opened with url: ''

2019-07-09 16:13:12 - [TEST_STEP][PASSED] - navigateToUrl("https://apollo-fireball.myshopify.com/?_ab=0&_fd=0&_sc=1&key=96c2edace7b9967f3a77c2e2b131937136039831e9ec35f31598610005fa8795&preview_theme_id=46803124304"): Navigate to 'https://apollo-fireball.myshopify.com/?_ab=0&_fd=0&_sc=1&key=96c2edace7b9967f3a77c2e2b131937136039831e9ec35f31598610005fa8795&preview_theme_id=46803124304' successfully

2019-07-09 16:13:19 - [MESSAGE][PASSED] - Navigate to 'https://apollo-fireball.myshopify.com/?_ab=0&_fd=0&_sc=1&key=96c2edace7b9967f3a77c2e2b131937136039831e9ec35f31598610005fa8795&preview_theme_id=46803124304' successfully

2019-07-09 16:13:19 - [TEST_STEP][PASSED] - executeJavaScript("var previewBar = document.getElementById("preview-bar-iframe"); previewBar.style.display = "none";", []): Execute JavaScript 'var previewBar = document.getElementById("preview-bar-iframe"); previewBar.style.display = "none";' successfully

2019-07-09 16:13:19 - [MESSAGE][PASSED] - Execute JavaScript 'var previewBar = document.getElementById("preview-bar-iframe"); previewBar.style.display = "none";' successfully

2019-07-09 16:13:19 - [TEST_STEP][PASSED] - maximizeWindow(): Current window maximized

2019-07-09 16:13:20 - [MESSAGE][PASSED] - Current window maximized

2019-07-09 16:13:20 - [MESSAGE][PASSED] - Call Test Case 'Test Cases/CALL - URL' successfully

2019-07-09 16:13:20 - [TEST_STEP][PASSED] - scrollToElement(findTestObject("APOLLO- Desktop/Home page/Collection - sides"), 0): Scroll to object 'Object Repository/APOLLO- Desktop/Home page/Collection - sides' successfully

2019-07-09 16:13:20 - [MESSAGE][WARNING] - Timeout '0' is invalid. Using default page load timeout: '30'

2019-07-09 16:13:20 - [MESSAGE][PASSED] - Scroll to object 'Object Repository/APOLLO- Desktop/Home page/Collection - sides' successfully

2019-07-09 16:13:20 - [TEST_STEP][PASSED] - delay(4): Delayed 4 second(s)

2019-07-09 16:13:24 - [MESSAGE][PASSED] - Delayed 4 second(s)

2019-07-09 16:13:24 - [TEST_STEP][PASSED] - mouseOver(findTestObject("APOLLO- Desktop/Home page/Collection - sides")): Object: 'Object Repository/APOLLO- Desktop/Home page/Collection - sides' is hovered

2019-07-09 16:13:24 - [MESSAGE][PASSED] - Object: 'Object Repository/APOLLO- Desktop/Home page/Collection - sides' is hovered

2019-07-09 16:13:24 - [TEST_STEP][PASSED] - delay(1): Delayed 1 second(s)

2019-07-09 16:13:25 - [MESSAGE][PASSED] - Delayed 1 second(s)

2019-07-09 16:13:25 - [TEST_STEP][PASSED] - click(findTestObject("APOLLO- Desktop/Home page/Sides - shop collection")): Object: 'Object Repository/APOLLO- Desktop/Home page/Sides - shop collection' is clicked on

2019-07-09 16:13:27 - [MESSAGE][PASSED] - Object: 'Object Repository/APOLLO- Desktop/Home page/Sides - shop collection' is clicked on

2019-07-09 16:13:27 - [TEST_STEP][PASSED] - delay(1): Delayed 1 second(s)

2019-07-09 16:13:28 - [MESSAGE][PASSED] - Delayed 1 second(s)

2019-07-09 16:13:28 - [TEST_STEP][FAILED] - click(findTestObject("APOLLO- Desktop/Collection page/Asparagus salad")): click(findTestObject("APOLLO- Desktop/Collection page/Asparagus salad")) FAILED.
Reason:
com.kms.katalon.core.exception.StepFailedException: Unable to click on object 'Object Repository/APOLLO- Desktop/Collection page/Asparagus salad' (Root cause: org.openqa.selenium.ElementClickInterceptedException: Element <div class="o-square-image js-tile-image"> is not clickable at point (178,767) because another element <iframe id="preview-bar-iframe" src="https://apollo-fireball.myshopify.com/preview_bar"> obscures it
Build info: version: '3.7.1', revision: '8a0099a', time: '2017-11-06T21:07:36.161Z'
System info: host: 'sumans-MacBook-Pro.local', ip: 'fe80:0:0:0:47c:ca88:4245:b7a7%en0', os.name: 'Mac OS X', os.arch: 'x86_64', os.version: '10.13.6', java.version: '1.8.0_181'
Driver info: com.kms.katalon.core.webui.driver.firefox.CGeckoDriver
Capabilities {acceptInsecureCerts: true, browserName: firefox, browserVersion: 67.0.4, javascriptEnabled: true, moz:accessibilityChecks: false, moz:buildID: 20190619235627, moz:geckodriverVersion: 0.23.0, moz:headless: false, moz:processID: 2633, moz:profile: /var/folders/1t/c55l8xzs6gq..., moz:shutdownTimeout: 60000, moz:useNonSpecCompliantPointerOrigin: false, moz:webdriverClick: true, pageLoadStrategy: normal, platform: MAC, platformName: MAC, platformVersion: 17.7.0, proxy: Proxy(direct), rotatable: false, setWindowRect: true, strictFileInteractability: false, timeouts: {implicit: 0, pageLoad: 300000, script: 30000}, unhandledPromptBehavior: dismiss and notify}
Session ID: 5906671a-063f-f14e-8500-e12b3a064548)
	at com.kms.katalon.core.keyword.internal.KeywordMain.stepFailed(KeywordMain.groovy:36)
	at com.kms.katalon.core.webui.keyword.internal.WebUIKeywordMain.stepFailed(WebUIKeywordMain.groovy:65)
	at com.kms.katalon.core.webui.keyword.internal.WebUIKeywordMain.runKeyword(WebUIKeywordMain.groovy:27)
	at com.kms.katalon.core.webui.keyword.builtin.ClickKeyword.click(ClickKeyword.groovy:86)
	at com.kms.katalon.core.webui.keyword.builtin.ClickKeyword.execute(ClickKeyword.groovy:67)
	at com.kms.katalon.core.keyword.internal.KeywordExecutor.executeKeywordForPlatform(KeywordExecutor.groovy:53)
	at com.kms.katalon.core.webui.keyword.WebUiBuiltInKeywords.click(WebUiBuiltInKeywords.groovy:616)
	at com.kms.katalon.core.webui.keyword.WebUiBuiltInKeywords$click$3.call(Unknown Source)
	at Adding product - home page.run(Adding product - home page:30)
	at com.kms.katalon.core.main.ScriptEngine.run(ScriptEngine.java:194)
	at com.kms.katalon.core.main.ScriptEngine.runScriptAsRawText(ScriptEngine.java:119)
	at com.kms.katalon.core.main.TestCaseExecutor.runScript(TestCaseExecutor.java:328)
	at com.kms.katalon.core.main.TestCaseExecutor.doExecute(TestCaseExecutor.java:319)
	at com.kms.katalon.core.main.TestCaseExecutor.processExecutionPhase(TestCaseExecutor.java:298)
	at com.kms.katalon.core.main.TestCaseExecutor.accessMainPhase(TestCaseExecutor.java:290)
	at com.kms.katalon.core.main.TestCaseExecutor.execute(TestCaseExecutor.java:224)
	at com.kms.katalon.core.main.TestSuiteExecutor.accessTestCaseMainPhase(TestSuiteExecutor.java:129)
	at com.kms.katalon.core.main.TestSuiteExecutor.accessTestSuiteMainPhase(TestSuiteExecutor.java:112)
	at com.kms.katalon.core.main.TestSuiteExecutor.execute(TestSuiteExecutor.java:81)
	at com.kms.katalon.core.main.TestCaseMain.startTestSuite(TestCaseMain.java:149)
	at com.kms.katalon.core.main.TestCaseMain$startTestSuite$0.call(Unknown Source)
	at TempTestSuite1562701686673.run(TempTestSuite1562701686673.groovy:36)


2019-07-09 16:13:29 - [MESSAGE][FAILED] - Unable to click on object 'Object Repository/APOLLO- Desktop/Collection page/Asparagus salad' (Root cause: org.openqa.selenium.ElementClickInterceptedException: Element <div class="o-square-image js-tile-image"> is not clickable at point (178,767) because another element <iframe id="preview-bar-iframe" src="https://apollo-fireball.myshopify.com/preview_bar"> obscures it
Build info: version: '3.7.1', revision: '8a0099a', time: '2017-11-06T21:07:36.161Z'
System info: host: 'sumans-MacBook-Pro.local', ip: 'fe80:0:0:0:47c:ca88:4245:b7a7%en0', os.name: 'Mac OS X', os.arch: 'x86_64', os.version: '10.13.6', java.version: '1.8.0_181'
Driver info: com.kms.katalon.core.webui.driver.firefox.CGeckoDriver
Capabilities {acceptInsecureCerts: true, browserName: firefox, browserVersion: 67.0.4, javascriptEnabled: true, moz:accessibilityChecks: false, moz:buildID: 20190619235627, moz:geckodriverVersion: 0.23.0, moz:headless: false, moz:processID: 2633, moz:profile: /var/folders/1t/c55l8xzs6gq..., moz:shutdownTimeout: 60000, moz:useNonSpecCompliantPointerOrigin: false, moz:webdriverClick: true, pageLoadStrategy: normal, platform: MAC, platformName: MAC, platformVersion: 17.7.0, proxy: Proxy(direct), rotatable: false, setWindowRect: true, strictFileInteractability: false, timeouts: {implicit: 0, pageLoad: 300000, script: 30000}, unhandledPromptBehavior: dismiss and notify}
Session ID: 5906671a-063f-f14e-8500-e12b3a064548)
[[ATTACHMENT|/Users/sumankompelly/Katalon Studio/APOLLO - FIRE/APOLLO - FIRE- DESKTOP/Reports/0.5.5/20190709_154806/1562703208877.png]]

2019-07-09 16:13:29 - [MESSAGE][FAILED] - click(findTestObject("APOLLO- Desktop/Collection page/Asparagus salad")) FAILED.
Reason:
com.kms.katalon.core.exception.StepFailedException: Unable to click on object 'Object Repository/APOLLO- Desktop/Collection page/Asparagus salad' (Root cause: org.openqa.selenium.ElementClickInterceptedException: Element <div class="o-square-image js-tile-image"> is not clickable at point (178,767) because another element <iframe id="preview-bar-iframe" src="https://apollo-fireball.myshopify.com/preview_bar"> obscures it
Build info: version: '3.7.1', revision: '8a0099a', time: '2017-11-06T21:07:36.161Z'
System info: host: 'sumans-MacBook-Pro.local', ip: 'fe80:0:0:0:47c:ca88:4245:b7a7%en0', os.name: 'Mac OS X', os.arch: 'x86_64', os.version: '10.13.6', java.version: '1.8.0_181'
Driver info: com.kms.katalon.core.webui.driver.firefox.CGeckoDriver
Capabilities {acceptInsecureCerts: true, browserName: firefox, browserVersion: 67.0.4, javascriptEnabled: true, moz:accessibilityChecks: false, moz:buildID: 20190619235627, moz:geckodriverVersion: 0.23.0, moz:headless: false, moz:processID: 2633, moz:profile: /var/folders/1t/c55l8xzs6gq..., moz:shutdownTimeout: 60000, moz:useNonSpecCompliantPointerOrigin: false, moz:webdriverClick: true, pageLoadStrategy: normal, platform: MAC, platformName: MAC, platformVersion: 17.7.0, proxy: Proxy(direct), rotatable: false, setWindowRect: true, strictFileInteractability: false, timeouts: {implicit: 0, pageLoad: 300000, script: 30000}, unhandledPromptBehavior: dismiss and notify}
Session ID: 5906671a-063f-f14e-8500-e12b3a064548)
	at com.kms.katalon.core.keyword.internal.KeywordMain.stepFailed(KeywordMain.groovy:36)
	at com.kms.katalon.core.webui.keyword.internal.WebUIKeywordMain.stepFailed(WebUIKeywordMain.groovy:65)
	at com.kms.katalon.core.webui.keyword.internal.WebUIKeywordMain.runKeyword(WebUIKeywordMain.groovy:27)
	at com.kms.katalon.core.webui.keyword.builtin.ClickKeyword.click(ClickKeyword.groovy:86)
	at com.kms.katalon.core.webui.keyword.builtin.ClickKeyword.execute(ClickKeyword.groovy:67)
	at com.kms.katalon.core.keyword.internal.KeywordExecutor.executeKeywordForPlatform(KeywordExecutor.groovy:53)
	at com.kms.katalon.core.webui.keyword.WebUiBuiltInKeywords.click(WebUiBuiltInKeywords.groovy:616)
	at com.kms.katalon.core.webui.keyword.WebUiBuiltInKeywords$click$3.call(Unknown Source)
	at Adding product - home page.run(Adding product - home page:30)
	at com.kms.katalon.core.main.ScriptEngine.run(ScriptEngine.java:194)
	at com.kms.katalon.core.main.ScriptEngine.runScriptAsRawText(ScriptEngine.java:119)
	at com.kms.katalon.core.main.TestCaseExecutor.runScript(TestCaseExecutor.java:328)
	at com.kms.katalon.core.main.TestCaseExecutor.doExecute(TestCaseExecutor.java:319)
	at com.kms.katalon.core.main.TestCaseExecutor.processExecutionPhase(TestCaseExecutor.java:298)
	at com.kms.katalon.core.main.TestCaseExecutor.accessMainPhase(TestCaseExecutor.java:290)
	at com.kms.katalon.core.main.TestCaseExecutor.execute(TestCaseExecutor.java:224)
	at com.kms.katalon.core.main.TestSuiteExecutor.accessTestCaseMainPhase(TestSuiteExecutor.java:129)
	at com.kms.katalon.core.main.TestSuiteExecutor.accessTestSuiteMainPhase(TestSuiteExecutor.java:112)
	at com.kms.katalon.core.main.TestSuiteExecutor.execute(TestSuiteExecutor.java:81)
	at com.kms.katalon.core.main.TestCaseMain.startTestSuite(TestCaseMain.java:149)
	at com.kms.katalon.core.main.TestCaseMain$startTestSuite$0.call(Unknown Source)
	at TempTestSuite1562701686673.run(TempTestSuite1562701686673.groovy:36)]]></system-out>
         <system-err><![CDATA[2019-07-09 16:13:08 - [TEST_CASE][FAILED] - Test Cases/CRITICAL PATH/Adding product - home page: Test Cases/CRITICAL PATH/Adding product - home page FAILED.
Reason:
com.kms.katalon.core.exception.StepFailedException: Unable to click on object 'Object Repository/APOLLO- Desktop/Collection page/Asparagus salad' (Root cause: org.openqa.selenium.ElementClickInterceptedException: Element <div class="o-square-image js-tile-image"> is not clickable at point (178,767) because another element <iframe id="preview-bar-iframe" src="https://apollo-fireball.myshopify.com/preview_bar"> obscures it
Build info: version: '3.7.1', revision: '8a0099a', time: '2017-11-06T21:07:36.161Z'
System info: host: 'sumans-MacBook-Pro.local', ip: 'fe80:0:0:0:47c:ca88:4245:b7a7%en0', os.name: 'Mac OS X', os.arch: 'x86_64', os.version: '10.13.6', java.version: '1.8.0_181'
Driver info: com.kms.katalon.core.webui.driver.firefox.CGeckoDriver
Capabilities {acceptInsecureCerts: true, browserName: firefox, browserVersion: 67.0.4, javascriptEnabled: true, moz:accessibilityChecks: false, moz:buildID: 20190619235627, moz:geckodriverVersion: 0.23.0, moz:headless: false, moz:processID: 2633, moz:profile: /var/folders/1t/c55l8xzs6gq..., moz:shutdownTimeout: 60000, moz:useNonSpecCompliantPointerOrigin: false, moz:webdriverClick: true, pageLoadStrategy: normal, platform: MAC, platformName: MAC, platformVersion: 17.7.0, proxy: Proxy(direct), rotatable: false, setWindowRect: true, strictFileInteractability: false, timeouts: {implicit: 0, pageLoad: 300000, script: 30000}, unhandledPromptBehavior: dismiss and notify}
Session ID: 5906671a-063f-f14e-8500-e12b3a064548)
	at com.kms.katalon.core.keyword.internal.KeywordMain.stepFailed(KeywordMain.groovy:36)
	at com.kms.katalon.core.webui.keyword.internal.WebUIKeywordMain.stepFailed(WebUIKeywordMain.groovy:65)
	at com.kms.katalon.core.webui.keyword.internal.WebUIKeywordMain.runKeyword(WebUIKeywordMain.groovy:27)
	at com.kms.katalon.core.webui.keyword.builtin.ClickKeyword.click(ClickKeyword.groovy:86)
	at com.kms.katalon.core.webui.keyword.builtin.ClickKeyword.execute(ClickKeyword.groovy:67)
	at com.kms.katalon.core.keyword.internal.KeywordExecutor.executeKeywordForPlatform(KeywordExecutor.groovy:53)
	at com.kms.katalon.core.webui.keyword.WebUiBuiltInKeywords.click(WebUiBuiltInKeywords.groovy:616)
	at com.kms.katalon.core.webui.keyword.WebUiBuiltInKeywords$click$3.call(Unknown Source)
	at Adding product - home page.run(Adding product - home page:30)
	at com.kms.katalon.core.main.ScriptEngine.run(ScriptEngine.java:194)
	at com.kms.katalon.core.main.ScriptEngine.runScriptAsRawText(ScriptEngine.java:119)
	at com.kms.katalon.core.main.TestCaseExecutor.runScript(TestCaseExecutor.java:328)
	at com.kms.katalon.core.main.TestCaseExecutor.doExecute(TestCaseExecutor.java:319)
	at com.kms.katalon.core.main.TestCaseExecutor.processExecutionPhase(TestCaseExecutor.java:298)
	at com.kms.katalon.core.main.TestCaseExecutor.accessMainPhase(TestCaseExecutor.java:290)
	at com.kms.katalon.core.main.TestCaseExecutor.execute(TestCaseExecutor.java:224)
	at com.kms.katalon.core.main.TestSuiteExecutor.accessTestCaseMainPhase(TestSuiteExecutor.java:129)
	at com.kms.katalon.core.main.TestSuiteExecutor.accessTestSuiteMainPhase(TestSuiteExecutor.java:112)
	at com.kms.katalon.core.main.TestSuiteExecutor.execute(TestSuiteExecutor.java:81)
	at com.kms.katalon.core.main.TestCaseMain.startTestSuite(TestCaseMain.java:149)
	at com.kms.katalon.core.main.TestCaseMain$startTestSuite$0.call(Unknown Source)
	at TempTestSuite1562701686673.run(TempTestSuite1562701686673.groovy:36)]]></system-err>
      </testcase>
      <testcase name="Test Cases/CRITICAL PATH/Login and logout" classname="Test Cases/CRITICAL PATH/Login and logout" status="PASSED">
         <system-out><![CDATA[2019-07-09 16:13:29 - [TEST_CASE][PASSED] - Test Cases/CRITICAL PATH/Login and logout: Test Cases/CRITICAL PATH/Login and logout

2019-07-09 16:13:30 - [TEST_STEP][PASSED] - callTestCase(findTestCase("CALL - URL"), [:], STOP_ON_FAILURE): Call Test Case 'Test Cases/CALL - URL' successfully

2019-07-09 16:13:30 - [TEST_CASE][PASSED] - Test Cases/CALL - URL: Test Cases/CALL - URL

2019-07-09 16:13:30 - [TEST_STEP][PASSED] - openBrowser(""): Browser is opened with url: ''

2019-07-09 16:13:30 - [MESSAGE][WARNING] - A browser is already opened. Closing browser and opening a new one

2019-07-09 16:13:30 - [MESSAGE][INFO] - Starting 'Firefox' driver

2019-07-09 16:13:32 - [MESSAGE][PASSED] - Browser is opened with url: ''

2019-07-09 16:13:32 - [TEST_STEP][PASSED] - navigateToUrl("https://apollo-fireball.myshopify.com/?_ab=0&_fd=0&_sc=1&key=96c2edace7b9967f3a77c2e2b131937136039831e9ec35f31598610005fa8795&preview_theme_id=46803124304"): Navigate to 'https://apollo-fireball.myshopify.com/?_ab=0&_fd=0&_sc=1&key=96c2edace7b9967f3a77c2e2b131937136039831e9ec35f31598610005fa8795&preview_theme_id=46803124304' successfully

2019-07-09 16:13:36 - [MESSAGE][PASSED] - Navigate to 'https://apollo-fireball.myshopify.com/?_ab=0&_fd=0&_sc=1&key=96c2edace7b9967f3a77c2e2b131937136039831e9ec35f31598610005fa8795&preview_theme_id=46803124304' successfully

2019-07-09 16:13:36 - [TEST_STEP][PASSED] - executeJavaScript("var previewBar = document.getElementById("preview-bar-iframe"); previewBar.style.display = "none";", []): Execute JavaScript 'var previewBar = document.getElementById("preview-bar-iframe"); previewBar.style.display = "none";' successfully

2019-07-09 16:13:36 - [MESSAGE][PASSED] - Execute JavaScript 'var previewBar = document.getElementById("preview-bar-iframe"); previewBar.style.display = "none";' successfully

2019-07-09 16:13:36 - [TEST_STEP][PASSED] - maximizeWindow(): Current window maximized

2019-07-09 16:13:37 - [MESSAGE][PASSED] - Current window maximized

2019-07-09 16:13:37 - [MESSAGE][PASSED] - Call Test Case 'Test Cases/CALL - URL' successfully

2019-07-09 16:13:37 - [TEST_STEP][PASSED] - delay(1): Delayed 1 second(s)

2019-07-09 16:13:38 - [MESSAGE][PASSED] - Delayed 1 second(s)

2019-07-09 16:13:38 - [TEST_STEP][PASSED] - click(findTestObject("APOLLO- Desktop/Home page/Account icon")): Object: 'Object Repository/APOLLO- Desktop/Home page/Account icon' is clicked on

2019-07-09 16:13:39 - [MESSAGE][PASSED] - Object: 'Object Repository/APOLLO- Desktop/Home page/Account icon' is clicked on

2019-07-09 16:13:39 - [TEST_STEP][PASSED] - delay(1): Delayed 1 second(s)

2019-07-09 16:13:40 - [MESSAGE][PASSED] - Delayed 1 second(s)

2019-07-09 16:13:40 - [TEST_STEP][PASSED] - setText(findTestObject("APOLLO- Desktop/Home page/Email address"), "suman.kompelly@diffagency.com"): Text 'suman.kompelly@diffagency.com' is set on object 'Object Repository/APOLLO- Desktop/Home page/Email address'

2019-07-09 16:13:40 - [MESSAGE][PASSED] - Text 'suman.kompelly@diffagency.com' is set on object 'Object Repository/APOLLO- Desktop/Home page/Email address'

2019-07-09 16:13:40 - [TEST_STEP][PASSED] - delay(1): Delayed 1 second(s)

2019-07-09 16:13:41 - [MESSAGE][PASSED] - Delayed 1 second(s)

2019-07-09 16:13:41 - [TEST_STEP][PASSED] - setEncryptedText(findTestObject("APOLLO- Desktop/Home page/Password"), "5xx1bkCcAlw="): Text ****** has been set on object 'Object Repository/APOLLO- Desktop/Home page/Password'

2019-07-09 16:13:41 - [MESSAGE][PASSED] - Text ****** has been set on object 'Object Repository/APOLLO- Desktop/Home page/Password'

2019-07-09 16:13:41 - [TEST_STEP][PASSED] - delay(1): Delayed 1 second(s)

2019-07-09 16:13:42 - [MESSAGE][PASSED] - Delayed 1 second(s)

2019-07-09 16:13:42 - [TEST_STEP][PASSED] - click(findTestObject("APOLLO- Desktop/Home page/Sign in button")): Object: 'Object Repository/APOLLO- Desktop/Home page/Sign in button' is clicked on

2019-07-09 16:13:43 - [MESSAGE][PASSED] - Object: 'Object Repository/APOLLO- Desktop/Home page/Sign in button' is clicked on

2019-07-09 16:13:43 - [TEST_STEP][PASSED] - delay(1): Delayed 1 second(s)

2019-07-09 16:13:44 - [MESSAGE][PASSED] - Delayed 1 second(s)

2019-07-09 16:13:44 - [TEST_STEP][PASSED] - click(findTestObject("APOLLO- Desktop/Home page/address page")): Object: 'Object Repository/APOLLO- Desktop/Home page/address page' is clicked on

2019-07-09 16:13:46 - [MESSAGE][PASSED] - Object: 'Object Repository/APOLLO- Desktop/Home page/address page' is clicked on

2019-07-09 16:13:46 - [TEST_STEP][PASSED] - delay(1): Delayed 1 second(s)

2019-07-09 16:13:47 - [MESSAGE][PASSED] - Delayed 1 second(s)

2019-07-09 16:13:47 - [TEST_STEP][PASSED] - click(findTestObject("APOLLO- Desktop/Home page/orders page")): Object: 'Object Repository/APOLLO- Desktop/Home page/orders page' is clicked on

2019-07-09 16:13:47 - [MESSAGE][PASSED] - Object: 'Object Repository/APOLLO- Desktop/Home page/orders page' is clicked on

2019-07-09 16:13:47 - [TEST_STEP][PASSED] - delay(1): Delayed 1 second(s)

2019-07-09 16:13:48 - [MESSAGE][PASSED] - Delayed 1 second(s)

2019-07-09 16:13:48 - [TEST_STEP][PASSED] - click(findTestObject("APOLLO- Desktop/Home page/Details page")): Object: 'Object Repository/APOLLO- Desktop/Home page/Details page' is clicked on

2019-07-09 16:13:49 - [MESSAGE][PASSED] - Object: 'Object Repository/APOLLO- Desktop/Home page/Details page' is clicked on

2019-07-09 16:13:49 - [TEST_STEP][PASSED] - delay(1): Delayed 1 second(s)

2019-07-09 16:13:50 - [MESSAGE][PASSED] - Delayed 1 second(s)

2019-07-09 16:13:50 - [TEST_STEP][PASSED] - click(findTestObject("APOLLO- Desktop/Home page/Logout")): Object: 'Object Repository/APOLLO- Desktop/Home page/Logout' is clicked on

2019-07-09 16:13:54 - [MESSAGE][PASSED] - Object: 'Object Repository/APOLLO- Desktop/Home page/Logout' is clicked on]]></system-out>
         <system-err><![CDATA[]]></system-err>
      </testcase>
      <testcase name="Test Cases/CRITICAL PATH/Decrease quantity - Cart flyout" classname="Test Cases/CRITICAL PATH/Decrease quantity - Cart flyout" status="PASSED">
         <system-out><![CDATA[2019-07-09 16:13:54 - [TEST_CASE][PASSED] - Test Cases/CRITICAL PATH/Decrease quantity - Cart flyout: Test Cases/CRITICAL PATH/Decrease quantity - Cart flyout

2019-07-09 16:13:54 - [TEST_STEP][PASSED] - callTestCase(findTestCase("CALL - URL"), [:], STOP_ON_FAILURE): Call Test Case 'Test Cases/CALL - URL' successfully

2019-07-09 16:13:54 - [TEST_CASE][PASSED] - Test Cases/CALL - URL: Test Cases/CALL - URL

2019-07-09 16:13:54 - [TEST_STEP][PASSED] - openBrowser(""): Browser is opened with url: ''

2019-07-09 16:13:54 - [MESSAGE][WARNING] - A browser is already opened. Closing browser and opening a new one

2019-07-09 16:13:55 - [MESSAGE][INFO] - Starting 'Firefox' driver

2019-07-09 16:13:57 - [MESSAGE][PASSED] - Browser is opened with url: ''

2019-07-09 16:13:57 - [TEST_STEP][PASSED] - navigateToUrl("https://apollo-fireball.myshopify.com/?_ab=0&_fd=0&_sc=1&key=96c2edace7b9967f3a77c2e2b131937136039831e9ec35f31598610005fa8795&preview_theme_id=46803124304"): Navigate to 'https://apollo-fireball.myshopify.com/?_ab=0&_fd=0&_sc=1&key=96c2edace7b9967f3a77c2e2b131937136039831e9ec35f31598610005fa8795&preview_theme_id=46803124304' successfully

2019-07-09 16:14:03 - [MESSAGE][PASSED] - Navigate to 'https://apollo-fireball.myshopify.com/?_ab=0&_fd=0&_sc=1&key=96c2edace7b9967f3a77c2e2b131937136039831e9ec35f31598610005fa8795&preview_theme_id=46803124304' successfully

2019-07-09 16:14:03 - [TEST_STEP][PASSED] - executeJavaScript("var previewBar = document.getElementById("preview-bar-iframe"); previewBar.style.display = "none";", []): Execute JavaScript 'var previewBar = document.getElementById("preview-bar-iframe"); previewBar.style.display = "none";' successfully

2019-07-09 16:14:03 - [MESSAGE][PASSED] - Execute JavaScript 'var previewBar = document.getElementById("preview-bar-iframe"); previewBar.style.display = "none";' successfully

2019-07-09 16:14:03 - [TEST_STEP][PASSED] - maximizeWindow(): Current window maximized

2019-07-09 16:14:04 - [MESSAGE][PASSED] - Current window maximized

2019-07-09 16:14:04 - [MESSAGE][PASSED] - Call Test Case 'Test Cases/CALL - URL' successfully

2019-07-09 16:14:04 - [TEST_STEP][PASSED] - click(findTestObject("APOLLO- Desktop/Burger Menu/Burgermenu")): Object: 'Object Repository/APOLLO- Desktop/Burger Menu/Burgermenu' is clicked on

2019-07-09 16:14:06 - [MESSAGE][PASSED] - Object: 'Object Repository/APOLLO- Desktop/Burger Menu/Burgermenu' is clicked on

2019-07-09 16:14:06 - [TEST_STEP][PASSED] - delay(2): Delayed 2 second(s)

2019-07-09 16:14:08 - [MESSAGE][PASSED] - Delayed 2 second(s)

2019-07-09 16:14:08 - [TEST_STEP][PASSED] - click(findTestObject("APOLLO- Desktop/Burger Menu/Shop food")): Object: 'Object Repository/APOLLO- Desktop/Burger Menu/Shop food' is clicked on

2019-07-09 16:14:08 - [MESSAGE][PASSED] - Object: 'Object Repository/APOLLO- Desktop/Burger Menu/Shop food' is clicked on

2019-07-09 16:14:08 - [TEST_STEP][PASSED] - delay(2): Delayed 2 second(s)

2019-07-09 16:14:10 - [MESSAGE][PASSED] - Delayed 2 second(s)

2019-07-09 16:14:10 - [TEST_STEP][PASSED] - click(findTestObject("APOLLO- Desktop/Burger Menu/Beef")): Object: 'Object Repository/APOLLO- Desktop/Burger Menu/Beef' is clicked on

2019-07-09 16:14:12 - [MESSAGE][PASSED] - Object: 'Object Repository/APOLLO- Desktop/Burger Menu/Beef' is clicked on

2019-07-09 16:14:12 - [TEST_STEP][PASSED] - delay(2): Delayed 2 second(s)

2019-07-09 16:14:14 - [MESSAGE][PASSED] - Delayed 2 second(s)

2019-07-09 16:14:14 - [TEST_STEP][PASSED] - executeJavaScript("var previewBar = document.getElementById("preview-bar-iframe"); previewBar.style.display = "none";", []): Execute JavaScript 'var previewBar = document.getElementById("preview-bar-iframe"); previewBar.style.display = "none";' successfully

2019-07-09 16:14:14 - [MESSAGE][PASSED] - Execute JavaScript 'var previewBar = document.getElementById("preview-bar-iframe"); previewBar.style.display = "none";' successfully

2019-07-09 16:14:14 - [TEST_STEP][PASSED] - delay(2): Delayed 2 second(s)

2019-07-09 16:14:16 - [MESSAGE][PASSED] - Delayed 2 second(s)

2019-07-09 16:14:16 - [TEST_STEP][PASSED] - click(findTestObject("APOLLO- Desktop/Collection page/Beef skewers")): Object: 'Object Repository/APOLLO- Desktop/Collection page/Beef skewers' is clicked on

2019-07-09 16:14:18 - [MESSAGE][PASSED] - Object: 'Object Repository/APOLLO- Desktop/Collection page/Beef skewers' is clicked on

2019-07-09 16:14:18 - [TEST_STEP][PASSED] - executeJavaScript("var previewBar = document.getElementById("preview-bar-iframe"); previewBar.style.display = "none";", []): Execute JavaScript 'var previewBar = document.getElementById("preview-bar-iframe"); previewBar.style.display = "none";' successfully

2019-07-09 16:14:18 - [MESSAGE][PASSED] - Execute JavaScript 'var previewBar = document.getElementById("preview-bar-iframe"); previewBar.style.display = "none";' successfully

2019-07-09 16:14:18 - [TEST_STEP][PASSED] - delay(2): Delayed 2 second(s)

2019-07-09 16:14:20 - [MESSAGE][PASSED] - Delayed 2 second(s)

2019-07-09 16:14:20 - [TEST_STEP][PASSED] - click(findTestObject("APOLLO- Desktop/Product page/1 piece")): Object: 'Object Repository/APOLLO- Desktop/Product page/1 piece' is clicked on

2019-07-09 16:14:21 - [MESSAGE][PASSED] - Object: 'Object Repository/APOLLO- Desktop/Product page/1 piece' is clicked on

2019-07-09 16:14:21 - [TEST_STEP][PASSED] - delay(2): Delayed 2 second(s)

2019-07-09 16:14:23 - [MESSAGE][PASSED] - Delayed 2 second(s)

2019-07-09 16:14:23 - [TEST_STEP][PASSED] - delay(2): Delayed 2 second(s)

2019-07-09 16:14:25 - [MESSAGE][PASSED] - Delayed 2 second(s)

2019-07-09 16:14:25 - [TEST_STEP][PASSED] - click(findTestObject("APOLLO- Desktop/Product page/Increase qunatity - prod page")): Object: 'Object Repository/APOLLO- Desktop/Product page/Increase qunatity - prod page' is clicked on

2019-07-09 16:14:25 - [MESSAGE][PASSED] - Object: 'Object Repository/APOLLO- Desktop/Product page/Increase qunatity - prod page' is clicked on

2019-07-09 16:14:25 - [TEST_STEP][PASSED] - delay(2): Delayed 2 second(s)

2019-07-09 16:14:27 - [MESSAGE][PASSED] - Delayed 2 second(s)

2019-07-09 16:14:27 - [TEST_STEP][PASSED] - click(findTestObject("APOLLO- Desktop/Product page/Increase qunatity - prod page")): Object: 'Object Repository/APOLLO- Desktop/Product page/Increase qunatity - prod page' is clicked on

2019-07-09 16:14:27 - [MESSAGE][PASSED] - Object: 'Object Repository/APOLLO- Desktop/Product page/Increase qunatity - prod page' is clicked on

2019-07-09 16:14:27 - [TEST_STEP][PASSED] - delay(2): Delayed 2 second(s)

2019-07-09 16:14:29 - [MESSAGE][PASSED] - Delayed 2 second(s)

2019-07-09 16:14:29 - [TEST_STEP][PASSED] - click(findTestObject("APOLLO- Desktop/Product page/Increase qunatity - prod page")): Object: 'Object Repository/APOLLO- Desktop/Product page/Increase qunatity - prod page' is clicked on

2019-07-09 16:14:29 - [MESSAGE][PASSED] - Object: 'Object Repository/APOLLO- Desktop/Product page/Increase qunatity - prod page' is clicked on

2019-07-09 16:14:29 - [TEST_STEP][PASSED] - delay(2): Delayed 2 second(s)

2019-07-09 16:14:31 - [MESSAGE][PASSED] - Delayed 2 second(s)

2019-07-09 16:14:31 - [TEST_STEP][PASSED] - click(findTestObject("APOLLO- Desktop/Product page/Increase qunatity - prod page")): Object: 'Object Repository/APOLLO- Desktop/Product page/Increase qunatity - prod page' is clicked on

2019-07-09 16:14:32 - [MESSAGE][PASSED] - Object: 'Object Repository/APOLLO- Desktop/Product page/Increase qunatity - prod page' is clicked on

2019-07-09 16:14:32 - [TEST_STEP][PASSED] - delay(2): Delayed 2 second(s)

2019-07-09 16:14:34 - [MESSAGE][PASSED] - Delayed 2 second(s)

2019-07-09 16:14:34 - [TEST_STEP][PASSED] - click(findTestObject("APOLLO- Desktop/Product page/Increase qunatity - prod page")): Object: 'Object Repository/APOLLO- Desktop/Product page/Increase qunatity - prod page' is clicked on

2019-07-09 16:14:34 - [MESSAGE][PASSED] - Object: 'Object Repository/APOLLO- Desktop/Product page/Increase qunatity - prod page' is clicked on

2019-07-09 16:14:34 - [TEST_STEP][PASSED] - delay(2): Delayed 2 second(s)

2019-07-09 16:14:36 - [MESSAGE][PASSED] - Delayed 2 second(s)

2019-07-09 16:14:36 - [TEST_STEP][PASSED] - click(findTestObject("APOLLO- Desktop/Product page/Add to bag")): Object: 'Object Repository/APOLLO- Desktop/Product page/Add to bag' is clicked on

2019-07-09 16:14:36 - [MESSAGE][PASSED] - Object: 'Object Repository/APOLLO- Desktop/Product page/Add to bag' is clicked on

2019-07-09 16:14:36 - [TEST_STEP][PASSED] - delay(2): Delayed 2 second(s)

2019-07-09 16:14:38 - [MESSAGE][PASSED] - Delayed 2 second(s)

2019-07-09 16:14:38 - [TEST_STEP][PASSED] - a = getText(findTestObject("APOLLO- Desktop/Cart flyout/Subtotal in cart flyout")): Text of object 'Object Repository/APOLLO- Desktop/Cart flyout/Subtotal in cart flyout' is: '$51.00'

2019-07-09 16:14:38 - [MESSAGE][PASSED] - Text of object 'Object Repository/APOLLO- Desktop/Cart flyout/Subtotal in cart flyout' is: '$51.00'

2019-07-09 16:14:38 - [TEST_STEP][PASSED] - comment("a=" + a): a=$51.00

2019-07-09 16:14:38 - [MESSAGE][INFO] - a=$51.00

2019-07-09 16:14:38 - [TEST_STEP][PASSED] - delay(2): Delayed 2 second(s)

2019-07-09 16:14:40 - [MESSAGE][PASSED] - Delayed 2 second(s)

2019-07-09 16:14:40 - [TEST_STEP][PASSED] - click(findTestObject("APOLLO- Desktop/Cart flyout/Decrease quantity - cart flyout")): Object: 'Object Repository/APOLLO- Desktop/Cart flyout/Decrease quantity - cart flyout' is clicked on

2019-07-09 16:14:40 - [MESSAGE][PASSED] - Object: 'Object Repository/APOLLO- Desktop/Cart flyout/Decrease quantity - cart flyout' is clicked on

2019-07-09 16:14:40 - [TEST_STEP][PASSED] - delay(2): Delayed 2 second(s)

2019-07-09 16:14:42 - [MESSAGE][PASSED] - Delayed 2 second(s)

2019-07-09 16:14:42 - [TEST_STEP][PASSED] - click(findTestObject("APOLLO- Desktop/Cart flyout/Decrease quantity - cart flyout")): Object: 'Object Repository/APOLLO- Desktop/Cart flyout/Decrease quantity - cart flyout' is clicked on

2019-07-09 16:14:43 - [MESSAGE][PASSED] - Object: 'Object Repository/APOLLO- Desktop/Cart flyout/Decrease quantity - cart flyout' is clicked on

2019-07-09 16:14:43 - [TEST_STEP][PASSED] - delay(2): Delayed 2 second(s)

2019-07-09 16:14:45 - [MESSAGE][PASSED] - Delayed 2 second(s)

2019-07-09 16:14:45 - [TEST_STEP][PASSED] - setText(findTestObject("APOLLO- Desktop/Cart flyout/CArt quanty update"), "3"): Text '3' is set on object 'Object Repository/APOLLO- Desktop/Cart flyout/CArt quanty update'

2019-07-09 16:14:45 - [MESSAGE][PASSED] - Text '3' is set on object 'Object Repository/APOLLO- Desktop/Cart flyout/CArt quanty update'

2019-07-09 16:14:45 - [TEST_STEP][PASSED] - delay(2): Delayed 2 second(s)

2019-07-09 16:14:47 - [MESSAGE][PASSED] - Delayed 2 second(s)

2019-07-09 16:14:47 - [TEST_STEP][PASSED] - click(findTestObject("APOLLO- Desktop/Cart flyout/Decrease quantity - cart flyout")): Object: 'Object Repository/APOLLO- Desktop/Cart flyout/Decrease quantity - cart flyout' is clicked on

2019-07-09 16:14:47 - [MESSAGE][PASSED] - Object: 'Object Repository/APOLLO- Desktop/Cart flyout/Decrease quantity - cart flyout' is clicked on

2019-07-09 16:14:47 - [TEST_STEP][PASSED] - delay(2): Delayed 2 second(s)

2019-07-09 16:14:49 - [MESSAGE][PASSED] - Delayed 2 second(s)

2019-07-09 16:14:49 - [TEST_STEP][PASSED] - b = getText(findTestObject("APOLLO- Desktop/Cart flyout/Subtotal in cart flyout")): Text of object 'Object Repository/APOLLO- Desktop/Cart flyout/Subtotal in cart flyout' is: '$17.00'

2019-07-09 16:14:49 - [MESSAGE][PASSED] - Text of object 'Object Repository/APOLLO- Desktop/Cart flyout/Subtotal in cart flyout' is: '$17.00'

2019-07-09 16:14:49 - [TEST_STEP][PASSED] - comment("b=" + b): b=$17.00

2019-07-09 16:14:49 - [MESSAGE][INFO] - b=$17.00

2019-07-09 16:14:49 - [TEST_STEP][PASSED] - verifyNotEqual("a", "b"): Actual object 'a' and expected object 'b' are not equal

2019-07-09 16:14:49 - [MESSAGE][PASSED] - Actual object 'a' and expected object 'b' are not equal

2019-07-09 16:14:49 - [TEST_STEP][PASSED] - delay(2): Delayed 2 second(s)

2019-07-09 16:14:51 - [MESSAGE][PASSED] - Delayed 2 second(s)

2019-07-09 16:14:51 - [TEST_STEP][PASSED] - click(findTestObject("APOLLO- Desktop/Cart flyout/Checkout")): Object: 'Object Repository/APOLLO- Desktop/Cart flyout/Checkout' is clicked on

2019-07-09 16:14:53 - [MESSAGE][PASSED] - Object: 'Object Repository/APOLLO- Desktop/Cart flyout/Checkout' is clicked on

2019-07-09 16:14:53 - [TEST_STEP][PASSED] - delay(2): Delayed 2 second(s)

2019-07-09 16:14:55 - [MESSAGE][PASSED] - Delayed 2 second(s)

2019-07-09 16:14:55 - [TEST_STEP][PASSED] - callTestCase(findTestCase("CALL- CUSTOMER INFO PAGE"), [:], STOP_ON_FAILURE): Call Test Case 'Test Cases/CALL- CUSTOMER INFO PAGE' successfully

2019-07-09 16:14:55 - [TEST_CASE][PASSED] - Test Cases/CALL- CUSTOMER INFO PAGE: Test Cases/CALL- CUSTOMER INFO PAGE

2019-07-09 16:14:55 - [TEST_STEP][PASSED] - delay(2): Delayed 2 second(s)

2019-07-09 16:14:57 - [MESSAGE][PASSED] - Delayed 2 second(s)

2019-07-09 16:14:57 - [TEST_STEP][PASSED] - executeJavaScript("var previewBar = document.getElementById("preview-bar-iframe"); previewBar.style.display = "none";", []): Execute JavaScript 'var previewBar = document.getElementById("preview-bar-iframe"); previewBar.style.display = "none";' successfully

2019-07-09 16:14:57 - [MESSAGE][PASSED] - Execute JavaScript 'var previewBar = document.getElementById("preview-bar-iframe"); previewBar.style.display = "none";' successfully

2019-07-09 16:14:57 - [TEST_STEP][PASSED] - setText(findTestObject("APOLLO- Desktop/Customer Information page/Email"), "suman@gmail.com"): Text 'suman@gmail.com' is set on object 'Object Repository/APOLLO- Desktop/Customer Information page/Email'

2019-07-09 16:14:57 - [MESSAGE][PASSED] - Text 'suman@gmail.com' is set on object 'Object Repository/APOLLO- Desktop/Customer Information page/Email'

2019-07-09 16:14:57 - [TEST_STEP][PASSED] - delay(2): Delayed 2 second(s)

2019-07-09 16:14:59 - [MESSAGE][PASSED] - Delayed 2 second(s)

2019-07-09 16:14:59 - [TEST_STEP][PASSED] - setText(findTestObject("APOLLO- Desktop/Customer Information page/First name"), "suman"): Text 'suman' is set on object 'Object Repository/APOLLO- Desktop/Customer Information page/First name'

2019-07-09 16:14:59 - [MESSAGE][PASSED] - Text 'suman' is set on object 'Object Repository/APOLLO- Desktop/Customer Information page/First name'

2019-07-09 16:14:59 - [TEST_STEP][PASSED] - delay(2): Delayed 2 second(s)

2019-07-09 16:15:01 - [MESSAGE][PASSED] - Delayed 2 second(s)

2019-07-09 16:15:01 - [TEST_STEP][PASSED] - setText(findTestObject("APOLLO- Desktop/Customer Information page/Last name"), "kompelly"): Text 'kompelly' is set on object 'Object Repository/APOLLO- Desktop/Customer Information page/Last name'

2019-07-09 16:15:01 - [MESSAGE][PASSED] - Text 'kompelly' is set on object 'Object Repository/APOLLO- Desktop/Customer Information page/Last name'

2019-07-09 16:15:01 - [TEST_STEP][PASSED] - delay(2): Delayed 2 second(s)

2019-07-09 16:15:03 - [MESSAGE][PASSED] - Delayed 2 second(s)

2019-07-09 16:15:03 - [TEST_STEP][PASSED] - setText(findTestObject("APOLLO- Desktop/Customer Information page/Address"), "1435 st alxendre"): Text '1435 st alxendre' is set on object 'Object Repository/APOLLO- Desktop/Customer Information page/Address'

2019-07-09 16:15:03 - [MESSAGE][PASSED] - Text '1435 st alxendre' is set on object 'Object Repository/APOLLO- Desktop/Customer Information page/Address'

2019-07-09 16:15:03 - [TEST_STEP][PASSED] - setText(findTestObject("APOLLO- Desktop/Customer Information page/Apartment"), "220"): Text '220' is set on object 'Object Repository/APOLLO- Desktop/Customer Information page/Apartment'

2019-07-09 16:15:03 - [MESSAGE][PASSED] - Text '220' is set on object 'Object Repository/APOLLO- Desktop/Customer Information page/Apartment'

2019-07-09 16:15:03 - [TEST_STEP][PASSED] - setText(findTestObject("APOLLO- Desktop/Customer Information page/City"), "montreal"): Text 'montreal' is set on object 'Object Repository/APOLLO- Desktop/Customer Information page/City'

2019-07-09 16:15:04 - [MESSAGE][PASSED] - Text 'montreal' is set on object 'Object Repository/APOLLO- Desktop/Customer Information page/City'

2019-07-09 16:15:04 - [TEST_STEP][PASSED] - selectOptionByValue(findTestObject("APOLLO- Desktop/Customer Information page/Country dropdown"), "United States", true): All options with value 'United States' are selected in object 'Object Repository/APOLLO- Desktop/Customer Information page/Country dropdown'  using regular expression

2019-07-09 16:15:08 - [MESSAGE][PASSED] - All options with value 'United States' are selected in object 'Object Repository/APOLLO- Desktop/Customer Information page/Country dropdown'  using regular expression

2019-07-09 16:15:08 - [TEST_STEP][PASSED] - selectOptionByValue(findTestObject("APOLLO- Desktop/Customer Information page/states dropdown"), "NJ", true): All options with value 'NJ' are selected in object 'Object Repository/APOLLO- Desktop/Customer Information page/states dropdown'  using regular expression

2019-07-09 16:15:09 - [MESSAGE][PASSED] - All options with value 'NJ' are selected in object 'Object Repository/APOLLO- Desktop/Customer Information page/states dropdown'  using regular expression

2019-07-09 16:15:09 - [TEST_STEP][PASSED] - setText(findTestObject("APOLLO- Desktop/Customer Information page/ZIP code"), "07057"): Text '07057' is set on object 'Object Repository/APOLLO- Desktop/Customer Information page/ZIP code'

2019-07-09 16:15:09 - [MESSAGE][PASSED] - Text '07057' is set on object 'Object Repository/APOLLO- Desktop/Customer Information page/ZIP code'

2019-07-09 16:15:09 - [MESSAGE][PASSED] - Call Test Case 'Test Cases/CALL- CUSTOMER INFO PAGE' successfully

2019-07-09 16:15:09 - [TEST_STEP][PASSED] - delay(2): Delayed 2 second(s)

2019-07-09 16:15:11 - [MESSAGE][PASSED] - Delayed 2 second(s)

2019-07-09 16:15:11 - [TEST_STEP][PASSED] - callTestCase(findTestCase("CALL - SHIPPING TO PAYMENT"), [:], STOP_ON_FAILURE): Call Test Case 'Test Cases/CALL - SHIPPING TO PAYMENT' successfully

2019-07-09 16:15:11 - [TEST_CASE][PASSED] - Test Cases/CALL - SHIPPING TO PAYMENT: Test Cases/CALL - SHIPPING TO PAYMENT

2019-07-09 16:15:11 - [TEST_STEP][PASSED] - click(findTestObject("APOLLO- Desktop/Customer Information page/Continue to shipping")): Object: 'Object Repository/APOLLO- Desktop/Customer Information page/Continue to shipping' is clicked on

2019-07-09 16:15:13 - [MESSAGE][PASSED] - Object: 'Object Repository/APOLLO- Desktop/Customer Information page/Continue to shipping' is clicked on

2019-07-09 16:15:13 - [TEST_STEP][PASSED] - executeJavaScript("var previewBar = document.getElementById("preview-bar-iframe"); previewBar.style.display = "none";", []): Execute JavaScript 'var previewBar = document.getElementById("preview-bar-iframe"); previewBar.style.display = "none";' successfully

2019-07-09 16:15:13 - [MESSAGE][PASSED] - Execute JavaScript 'var previewBar = document.getElementById("preview-bar-iframe"); previewBar.style.display = "none";' successfully

2019-07-09 16:15:13 - [TEST_STEP][PASSED] - click(findTestObject("APOLLO- Desktop/Shipping page/Radio button check")): Object: 'Object Repository/APOLLO- Desktop/Shipping page/Radio button check' is clicked on

2019-07-09 16:15:15 - [MESSAGE][PASSED] - Object: 'Object Repository/APOLLO- Desktop/Shipping page/Radio button check' is clicked on

2019-07-09 16:15:15 - [TEST_STEP][PASSED] - executeJavaScript("var previewBar = document.getElementById("preview-bar-iframe"); previewBar.style.display = "none";", []): Execute JavaScript 'var previewBar = document.getElementById("preview-bar-iframe"); previewBar.style.display = "none";' successfully

2019-07-09 16:15:15 - [MESSAGE][PASSED] - Execute JavaScript 'var previewBar = document.getElementById("preview-bar-iframe"); previewBar.style.display = "none";' successfully

2019-07-09 16:15:15 - [TEST_STEP][PASSED] - click(findTestObject("APOLLO- Desktop/Shipping page/Continue to payment")): Object: 'Object Repository/APOLLO- Desktop/Shipping page/Continue to payment' is clicked on

2019-07-09 16:15:17 - [MESSAGE][PASSED] - Object: 'Object Repository/APOLLO- Desktop/Shipping page/Continue to payment' is clicked on

2019-07-09 16:15:17 - [TEST_STEP][PASSED] - executeJavaScript("var previewBar = document.getElementById("preview-bar-iframe"); previewBar.style.display = "none";", []): Execute JavaScript 'var previewBar = document.getElementById("preview-bar-iframe"); previewBar.style.display = "none";' successfully

2019-07-09 16:15:17 - [MESSAGE][PASSED] - Execute JavaScript 'var previewBar = document.getElementById("preview-bar-iframe"); previewBar.style.display = "none";' successfully

2019-07-09 16:15:17 - [TEST_STEP][PASSED] - verifyTextPresent("Payment", false): Text 'Payment' is present on page 

2019-07-09 16:15:18 - [MESSAGE][PASSED] - Text 'Payment' is present on page 

2019-07-09 16:15:18 - [MESSAGE][PASSED] - Call Test Case 'Test Cases/CALL - SHIPPING TO PAYMENT' successfully]]></system-out>
         <system-err><![CDATA[]]></system-err>
      </testcase>
      <testcase name="Test Cases/CRITICAL PATH/Price comparison - Cart flyout" classname="Test Cases/CRITICAL PATH/Price comparison - Cart flyout" status="FAILED">
         <failure type="FAILED" message="Test Cases/CRITICAL PATH/Price comparison - Cart flyout FAILED.
Reason:
com.kms.katalon.core.exception.StepFailedException: Unable to click on object 'Object Repository/APOLLO- Desktop/Collection page/Grilled lemon chicken' (Root cause: org.openqa.selenium.ElementClickInterceptedException: Element &lt;div class=&quot;o-square-image js-tile-image&quot;> is not clickable at point (178,767) because another element &lt;iframe id=&quot;preview-bar-iframe&quot; src=&quot;https://apollo-fireball.myshopify.com/preview_bar&quot;> obscures it
Build info: version: '3.7.1', revision: '8a0099a', time: '2017-11-06T21:07:36.161Z'
System info: host: 'sumans-MacBook-Pro.local', ip: 'fe80:0:0:0:47c:ca88:4245:b7a7%en0', os.name: 'Mac OS X', os.arch: 'x86_64', os.version: '10.13.6', java.version: '1.8.0_181'
Driver info: com.kms.katalon.core.webui.driver.firefox.CGeckoDriver
Capabilities {acceptInsecureCerts: true, browserName: firefox, browserVersion: 67.0.4, javascriptEnabled: true, moz:accessibilityChecks: false, moz:buildID: 20190619235627, moz:geckodriverVersion: 0.23.0, moz:headless: false, moz:processID: 2657, moz:profile: /var/folders/1t/c55l8xzs6gq..., moz:shutdownTimeout: 60000, moz:useNonSpecCompliantPointerOrigin: false, moz:webdriverClick: true, pageLoadStrategy: normal, platform: MAC, platformName: MAC, platformVersion: 17.7.0, proxy: Proxy(direct), rotatable: false, setWindowRect: true, strictFileInteractability: false, timeouts: {implicit: 0, pageLoad: 300000, script: 30000}, unhandledPromptBehavior: dismiss and notify}
Session ID: a48c5495-85ab-0e45-aadf-8db2c31a480d)
	at com.kms.katalon.core.keyword.internal.KeywordMain.stepFailed(KeywordMain.groovy:36)
	at com.kms.katalon.core.webui.keyword.internal.WebUIKeywordMain.stepFailed(WebUIKeywordMain.groovy:65)
	at com.kms.katalon.core.webui.keyword.internal.WebUIKeywordMain.runKeyword(WebUIKeywordMain.groovy:27)
	at com.kms.katalon.core.webui.keyword.builtin.ClickKeyword.click(ClickKeyword.groovy:86)
	at com.kms.katalon.core.webui.keyword.builtin.ClickKeyword.execute(ClickKeyword.groovy:67)
	at com.kms.katalon.core.keyword.internal.KeywordExecutor.executeKeywordForPlatform(KeywordExecutor.groovy:53)
	at com.kms.katalon.core.webui.keyword.WebUiBuiltInKeywords.click(WebUiBuiltInKeywords.groovy:616)
	at com.kms.katalon.core.webui.keyword.WebUiBuiltInKeywords$click$3.call(Unknown Source)
	at Price comparison - Cart flyout.run(Price comparison - Cart flyout:68)
	at com.kms.katalon.core.main.ScriptEngine.run(ScriptEngine.java:194)
	at com.kms.katalon.core.main.ScriptEngine.runScriptAsRawText(ScriptEngine.java:119)
	at com.kms.katalon.core.main.TestCaseExecutor.runScript(TestCaseExecutor.java:328)
	at com.kms.katalon.core.main.TestCaseExecutor.doExecute(TestCaseExecutor.java:319)
	at com.kms.katalon.core.main.TestCaseExecutor.processExecutionPhase(TestCaseExecutor.java:298)
	at com.kms.katalon.core.main.TestCaseExecutor.accessMainPhase(TestCaseExecutor.java:290)
	at com.kms.katalon.core.main.TestCaseExecutor.execute(TestCaseExecutor.java:224)
	at com.kms.katalon.core.main.TestSuiteExecutor.accessTestCaseMainPhase(TestSuiteExecutor.java:129)
	at com.kms.katalon.core.main.TestSuiteExecutor.accessTestSuiteMainPhase(TestSuiteExecutor.java:112)
	at com.kms.katalon.core.main.TestSuiteExecutor.execute(TestSuiteExecutor.java:81)
	at com.kms.katalon.core.main.TestCaseMain.startTestSuite(TestCaseMain.java:149)
	at com.kms.katalon.core.main.TestCaseMain$startTestSuite$0.call(Unknown Source)
	at TempTestSuite1562701686673.run(TempTestSuite1562701686673.groovy:36)
"/>
         <system-out><![CDATA[2019-07-09 16:15:18 - [TEST_CASE][FAILED] - Test Cases/CRITICAL PATH/Price comparison - Cart flyout: Test Cases/CRITICAL PATH/Price comparison - Cart flyout FAILED.
Reason:
com.kms.katalon.core.exception.StepFailedException: Unable to click on object 'Object Repository/APOLLO- Desktop/Collection page/Grilled lemon chicken' (Root cause: org.openqa.selenium.ElementClickInterceptedException: Element <div class="o-square-image js-tile-image"> is not clickable at point (178,767) because another element <iframe id="preview-bar-iframe" src="https://apollo-fireball.myshopify.com/preview_bar"> obscures it
Build info: version: '3.7.1', revision: '8a0099a', time: '2017-11-06T21:07:36.161Z'
System info: host: 'sumans-MacBook-Pro.local', ip: 'fe80:0:0:0:47c:ca88:4245:b7a7%en0', os.name: 'Mac OS X', os.arch: 'x86_64', os.version: '10.13.6', java.version: '1.8.0_181'
Driver info: com.kms.katalon.core.webui.driver.firefox.CGeckoDriver
Capabilities {acceptInsecureCerts: true, browserName: firefox, browserVersion: 67.0.4, javascriptEnabled: true, moz:accessibilityChecks: false, moz:buildID: 20190619235627, moz:geckodriverVersion: 0.23.0, moz:headless: false, moz:processID: 2657, moz:profile: /var/folders/1t/c55l8xzs6gq..., moz:shutdownTimeout: 60000, moz:useNonSpecCompliantPointerOrigin: false, moz:webdriverClick: true, pageLoadStrategy: normal, platform: MAC, platformName: MAC, platformVersion: 17.7.0, proxy: Proxy(direct), rotatable: false, setWindowRect: true, strictFileInteractability: false, timeouts: {implicit: 0, pageLoad: 300000, script: 30000}, unhandledPromptBehavior: dismiss and notify}
Session ID: a48c5495-85ab-0e45-aadf-8db2c31a480d)
	at com.kms.katalon.core.keyword.internal.KeywordMain.stepFailed(KeywordMain.groovy:36)
	at com.kms.katalon.core.webui.keyword.internal.WebUIKeywordMain.stepFailed(WebUIKeywordMain.groovy:65)
	at com.kms.katalon.core.webui.keyword.internal.WebUIKeywordMain.runKeyword(WebUIKeywordMain.groovy:27)
	at com.kms.katalon.core.webui.keyword.builtin.ClickKeyword.click(ClickKeyword.groovy:86)
	at com.kms.katalon.core.webui.keyword.builtin.ClickKeyword.execute(ClickKeyword.groovy:67)
	at com.kms.katalon.core.keyword.internal.KeywordExecutor.executeKeywordForPlatform(KeywordExecutor.groovy:53)
	at com.kms.katalon.core.webui.keyword.WebUiBuiltInKeywords.click(WebUiBuiltInKeywords.groovy:616)
	at com.kms.katalon.core.webui.keyword.WebUiBuiltInKeywords$click$3.call(Unknown Source)
	at Price comparison - Cart flyout.run(Price comparison - Cart flyout:68)
	at com.kms.katalon.core.main.ScriptEngine.run(ScriptEngine.java:194)
	at com.kms.katalon.core.main.ScriptEngine.runScriptAsRawText(ScriptEngine.java:119)
	at com.kms.katalon.core.main.TestCaseExecutor.runScript(TestCaseExecutor.java:328)
	at com.kms.katalon.core.main.TestCaseExecutor.doExecute(TestCaseExecutor.java:319)
	at com.kms.katalon.core.main.TestCaseExecutor.processExecutionPhase(TestCaseExecutor.java:298)
	at com.kms.katalon.core.main.TestCaseExecutor.accessMainPhase(TestCaseExecutor.java:290)
	at com.kms.katalon.core.main.TestCaseExecutor.execute(TestCaseExecutor.java:224)
	at com.kms.katalon.core.main.TestSuiteExecutor.accessTestCaseMainPhase(TestSuiteExecutor.java:129)
	at com.kms.katalon.core.main.TestSuiteExecutor.accessTestSuiteMainPhase(TestSuiteExecutor.java:112)
	at com.kms.katalon.core.main.TestSuiteExecutor.execute(TestSuiteExecutor.java:81)
	at com.kms.katalon.core.main.TestCaseMain.startTestSuite(TestCaseMain.java:149)
	at com.kms.katalon.core.main.TestCaseMain$startTestSuite$0.call(Unknown Source)
	at TempTestSuite1562701686673.run(TempTestSuite1562701686673.groovy:36)


2019-07-09 16:15:18 - [TEST_STEP][PASSED] - callTestCase(findTestCase("CALL - URL"), [:], STOP_ON_FAILURE): Call Test Case 'Test Cases/CALL - URL' successfully

2019-07-09 16:15:18 - [TEST_CASE][PASSED] - Test Cases/CALL - URL: Test Cases/CALL - URL

2019-07-09 16:15:18 - [TEST_STEP][PASSED] - openBrowser(""): Browser is opened with url: ''

2019-07-09 16:15:18 - [MESSAGE][WARNING] - A browser is already opened. Closing browser and opening a new one

2019-07-09 16:15:19 - [MESSAGE][INFO] - Starting 'Firefox' driver

2019-07-09 16:15:21 - [MESSAGE][PASSED] - Browser is opened with url: ''

2019-07-09 16:15:21 - [TEST_STEP][PASSED] - navigateToUrl("https://apollo-fireball.myshopify.com/?_ab=0&_fd=0&_sc=1&key=96c2edace7b9967f3a77c2e2b131937136039831e9ec35f31598610005fa8795&preview_theme_id=46803124304"): Navigate to 'https://apollo-fireball.myshopify.com/?_ab=0&_fd=0&_sc=1&key=96c2edace7b9967f3a77c2e2b131937136039831e9ec35f31598610005fa8795&preview_theme_id=46803124304' successfully

2019-07-09 16:15:25 - [MESSAGE][PASSED] - Navigate to 'https://apollo-fireball.myshopify.com/?_ab=0&_fd=0&_sc=1&key=96c2edace7b9967f3a77c2e2b131937136039831e9ec35f31598610005fa8795&preview_theme_id=46803124304' successfully

2019-07-09 16:15:25 - [TEST_STEP][PASSED] - executeJavaScript("var previewBar = document.getElementById("preview-bar-iframe"); previewBar.style.display = "none";", []): Execute JavaScript 'var previewBar = document.getElementById("preview-bar-iframe"); previewBar.style.display = "none";' successfully

2019-07-09 16:15:25 - [MESSAGE][PASSED] - Execute JavaScript 'var previewBar = document.getElementById("preview-bar-iframe"); previewBar.style.display = "none";' successfully

2019-07-09 16:15:25 - [TEST_STEP][PASSED] - maximizeWindow(): Current window maximized

2019-07-09 16:15:26 - [MESSAGE][PASSED] - Current window maximized

2019-07-09 16:15:26 - [MESSAGE][PASSED] - Call Test Case 'Test Cases/CALL - URL' successfully

2019-07-09 16:15:26 - [TEST_STEP][PASSED] - click(findTestObject("APOLLO- Desktop/Burger Menu/Burgermenu")): Object: 'Object Repository/APOLLO- Desktop/Burger Menu/Burgermenu' is clicked on

2019-07-09 16:15:27 - [MESSAGE][PASSED] - Object: 'Object Repository/APOLLO- Desktop/Burger Menu/Burgermenu' is clicked on

2019-07-09 16:15:27 - [TEST_STEP][PASSED] - delay(2): Delayed 2 second(s)

2019-07-09 16:15:29 - [MESSAGE][PASSED] - Delayed 2 second(s)

2019-07-09 16:15:29 - [TEST_STEP][PASSED] - click(findTestObject("APOLLO- Desktop/Burger Menu/Shop food")): Object: 'Object Repository/APOLLO- Desktop/Burger Menu/Shop food' is clicked on

2019-07-09 16:15:29 - [MESSAGE][PASSED] - Object: 'Object Repository/APOLLO- Desktop/Burger Menu/Shop food' is clicked on

2019-07-09 16:15:29 - [TEST_STEP][PASSED] - delay(2): Delayed 2 second(s)

2019-07-09 16:15:31 - [MESSAGE][PASSED] - Delayed 2 second(s)

2019-07-09 16:15:31 - [TEST_STEP][PASSED] - click(findTestObject("APOLLO- Desktop/Burger Menu/Beef")): Object: 'Object Repository/APOLLO- Desktop/Burger Menu/Beef' is clicked on

2019-07-09 16:15:34 - [MESSAGE][PASSED] - Object: 'Object Repository/APOLLO- Desktop/Burger Menu/Beef' is clicked on

2019-07-09 16:15:34 - [TEST_STEP][PASSED] - delay(2): Delayed 2 second(s)

2019-07-09 16:15:36 - [MESSAGE][PASSED] - Delayed 2 second(s)

2019-07-09 16:15:36 - [TEST_STEP][PASSED] - executeJavaScript("var previewBar = document.getElementById("preview-bar-iframe"); previewBar.style.display = "none";", []): Execute JavaScript 'var previewBar = document.getElementById("preview-bar-iframe"); previewBar.style.display = "none";' successfully

2019-07-09 16:15:36 - [MESSAGE][PASSED] - Execute JavaScript 'var previewBar = document.getElementById("preview-bar-iframe"); previewBar.style.display = "none";' successfully

2019-07-09 16:15:36 - [TEST_STEP][PASSED] - delay(2): Delayed 2 second(s)

2019-07-09 16:15:38 - [MESSAGE][PASSED] - Delayed 2 second(s)

2019-07-09 16:15:38 - [TEST_STEP][PASSED] - click(findTestObject("APOLLO- Desktop/Collection page/Beef skewers")): Object: 'Object Repository/APOLLO- Desktop/Collection page/Beef skewers' is clicked on

2019-07-09 16:15:41 - [MESSAGE][PASSED] - Object: 'Object Repository/APOLLO- Desktop/Collection page/Beef skewers' is clicked on

2019-07-09 16:15:41 - [TEST_STEP][PASSED] - executeJavaScript("var previewBar = document.getElementById("preview-bar-iframe"); previewBar.style.display = "none";", []): Execute JavaScript 'var previewBar = document.getElementById("preview-bar-iframe"); previewBar.style.display = "none";' successfully

2019-07-09 16:15:41 - [MESSAGE][PASSED] - Execute JavaScript 'var previewBar = document.getElementById("preview-bar-iframe"); previewBar.style.display = "none";' successfully

2019-07-09 16:15:41 - [TEST_STEP][PASSED] - delay(2): Delayed 2 second(s)

2019-07-09 16:15:43 - [MESSAGE][PASSED] - Delayed 2 second(s)

2019-07-09 16:15:43 - [TEST_STEP][PASSED] - click(findTestObject("APOLLO- Desktop/Product page/1 piece")): Object: 'Object Repository/APOLLO- Desktop/Product page/1 piece' is clicked on

2019-07-09 16:15:43 - [MESSAGE][PASSED] - Object: 'Object Repository/APOLLO- Desktop/Product page/1 piece' is clicked on

2019-07-09 16:15:43 - [TEST_STEP][PASSED] - delay(2): Delayed 2 second(s)

2019-07-09 16:15:45 - [MESSAGE][PASSED] - Delayed 2 second(s)

2019-07-09 16:15:45 - [TEST_STEP][PASSED] - click(findTestObject("APOLLO- Desktop/Product page/Add to bag")): Object: 'Object Repository/APOLLO- Desktop/Product page/Add to bag' is clicked on

2019-07-09 16:15:46 - [MESSAGE][PASSED] - Object: 'Object Repository/APOLLO- Desktop/Product page/Add to bag' is clicked on

2019-07-09 16:15:46 - [TEST_STEP][PASSED] - delay(2): Delayed 2 second(s)

2019-07-09 16:15:48 - [MESSAGE][PASSED] - Delayed 2 second(s)

2019-07-09 16:15:48 - [TEST_STEP][PASSED] - click(findTestObject("APOLLO- Desktop/Cart flyout/Cart collapse")): Object: 'Object Repository/APOLLO- Desktop/Cart flyout/Cart collapse' is clicked on

2019-07-09 16:15:48 - [MESSAGE][PASSED] - Object: 'Object Repository/APOLLO- Desktop/Cart flyout/Cart collapse' is clicked on

2019-07-09 16:15:48 - [TEST_STEP][PASSED] - delay(2): Delayed 2 second(s)

2019-07-09 16:15:50 - [MESSAGE][PASSED] - Delayed 2 second(s)

2019-07-09 16:15:50 - [TEST_STEP][PASSED] - delay(2): Delayed 2 second(s)

2019-07-09 16:15:52 - [MESSAGE][PASSED] - Delayed 2 second(s)

2019-07-09 16:15:52 - [TEST_STEP][PASSED] - click(findTestObject("APOLLO- Desktop/Burger Menu/Burgermenu")): Object: 'Object Repository/APOLLO- Desktop/Burger Menu/Burgermenu' is clicked on

2019-07-09 16:15:52 - [MESSAGE][PASSED] - Object: 'Object Repository/APOLLO- Desktop/Burger Menu/Burgermenu' is clicked on

2019-07-09 16:15:52 - [TEST_STEP][PASSED] - delay(2): Delayed 2 second(s)

2019-07-09 16:15:54 - [MESSAGE][PASSED] - Delayed 2 second(s)

2019-07-09 16:15:54 - [TEST_STEP][PASSED] - click(findTestObject("APOLLO- Desktop/Burger Menu/Shop food")): Object: 'Object Repository/APOLLO- Desktop/Burger Menu/Shop food' is clicked on

2019-07-09 16:15:54 - [MESSAGE][PASSED] - Object: 'Object Repository/APOLLO- Desktop/Burger Menu/Shop food' is clicked on

2019-07-09 16:15:54 - [TEST_STEP][PASSED] - delay(2): Delayed 2 second(s)

2019-07-09 16:15:56 - [MESSAGE][PASSED] - Delayed 2 second(s)

2019-07-09 16:15:56 - [TEST_STEP][PASSED] - click(findTestObject("APOLLO- Desktop/Burger Menu/Chicken")): Object: 'Object Repository/APOLLO- Desktop/Burger Menu/Chicken' is clicked on

2019-07-09 16:15:58 - [MESSAGE][PASSED] - Object: 'Object Repository/APOLLO- Desktop/Burger Menu/Chicken' is clicked on

2019-07-09 16:15:58 - [TEST_STEP][PASSED] - delay(2): Delayed 2 second(s)

2019-07-09 16:16:00 - [MESSAGE][PASSED] - Delayed 2 second(s)

2019-07-09 16:16:00 - [TEST_STEP][FAILED] - click(findTestObject("APOLLO- Desktop/Collection page/Grilled lemon chicken")): click(findTestObject("APOLLO- Desktop/Collection page/Grilled lemon chicken")) FAILED.
Reason:
com.kms.katalon.core.exception.StepFailedException: Unable to click on object 'Object Repository/APOLLO- Desktop/Collection page/Grilled lemon chicken' (Root cause: org.openqa.selenium.ElementClickInterceptedException: Element <div class="o-square-image js-tile-image"> is not clickable at point (178,767) because another element <iframe id="preview-bar-iframe" src="https://apollo-fireball.myshopify.com/preview_bar"> obscures it
Build info: version: '3.7.1', revision: '8a0099a', time: '2017-11-06T21:07:36.161Z'
System info: host: 'sumans-MacBook-Pro.local', ip: 'fe80:0:0:0:47c:ca88:4245:b7a7%en0', os.name: 'Mac OS X', os.arch: 'x86_64', os.version: '10.13.6', java.version: '1.8.0_181'
Driver info: com.kms.katalon.core.webui.driver.firefox.CGeckoDriver
Capabilities {acceptInsecureCerts: true, browserName: firefox, browserVersion: 67.0.4, javascriptEnabled: true, moz:accessibilityChecks: false, moz:buildID: 20190619235627, moz:geckodriverVersion: 0.23.0, moz:headless: false, moz:processID: 2657, moz:profile: /var/folders/1t/c55l8xzs6gq..., moz:shutdownTimeout: 60000, moz:useNonSpecCompliantPointerOrigin: false, moz:webdriverClick: true, pageLoadStrategy: normal, platform: MAC, platformName: MAC, platformVersion: 17.7.0, proxy: Proxy(direct), rotatable: false, setWindowRect: true, strictFileInteractability: false, timeouts: {implicit: 0, pageLoad: 300000, script: 30000}, unhandledPromptBehavior: dismiss and notify}
Session ID: a48c5495-85ab-0e45-aadf-8db2c31a480d)
	at com.kms.katalon.core.keyword.internal.KeywordMain.stepFailed(KeywordMain.groovy:36)
	at com.kms.katalon.core.webui.keyword.internal.WebUIKeywordMain.stepFailed(WebUIKeywordMain.groovy:65)
	at com.kms.katalon.core.webui.keyword.internal.WebUIKeywordMain.runKeyword(WebUIKeywordMain.groovy:27)
	at com.kms.katalon.core.webui.keyword.builtin.ClickKeyword.click(ClickKeyword.groovy:86)
	at com.kms.katalon.core.webui.keyword.builtin.ClickKeyword.execute(ClickKeyword.groovy:67)
	at com.kms.katalon.core.keyword.internal.KeywordExecutor.executeKeywordForPlatform(KeywordExecutor.groovy:53)
	at com.kms.katalon.core.webui.keyword.WebUiBuiltInKeywords.click(WebUiBuiltInKeywords.groovy:616)
	at com.kms.katalon.core.webui.keyword.WebUiBuiltInKeywords$click$3.call(Unknown Source)
	at Price comparison - Cart flyout.run(Price comparison - Cart flyout:68)
	at com.kms.katalon.core.main.ScriptEngine.run(ScriptEngine.java:194)
	at com.kms.katalon.core.main.ScriptEngine.runScriptAsRawText(ScriptEngine.java:119)
	at com.kms.katalon.core.main.TestCaseExecutor.runScript(TestCaseExecutor.java:328)
	at com.kms.katalon.core.main.TestCaseExecutor.doExecute(TestCaseExecutor.java:319)
	at com.kms.katalon.core.main.TestCaseExecutor.processExecutionPhase(TestCaseExecutor.java:298)
	at com.kms.katalon.core.main.TestCaseExecutor.accessMainPhase(TestCaseExecutor.java:290)
	at com.kms.katalon.core.main.TestCaseExecutor.execute(TestCaseExecutor.java:224)
	at com.kms.katalon.core.main.TestSuiteExecutor.accessTestCaseMainPhase(TestSuiteExecutor.java:129)
	at com.kms.katalon.core.main.TestSuiteExecutor.accessTestSuiteMainPhase(TestSuiteExecutor.java:112)
	at com.kms.katalon.core.main.TestSuiteExecutor.execute(TestSuiteExecutor.java:81)
	at com.kms.katalon.core.main.TestCaseMain.startTestSuite(TestCaseMain.java:149)
	at com.kms.katalon.core.main.TestCaseMain$startTestSuite$0.call(Unknown Source)
	at TempTestSuite1562701686673.run(TempTestSuite1562701686673.groovy:36)


2019-07-09 16:16:01 - [MESSAGE][FAILED] - Unable to click on object 'Object Repository/APOLLO- Desktop/Collection page/Grilled lemon chicken' (Root cause: org.openqa.selenium.ElementClickInterceptedException: Element <div class="o-square-image js-tile-image"> is not clickable at point (178,767) because another element <iframe id="preview-bar-iframe" src="https://apollo-fireball.myshopify.com/preview_bar"> obscures it
Build info: version: '3.7.1', revision: '8a0099a', time: '2017-11-06T21:07:36.161Z'
System info: host: 'sumans-MacBook-Pro.local', ip: 'fe80:0:0:0:47c:ca88:4245:b7a7%en0', os.name: 'Mac OS X', os.arch: 'x86_64', os.version: '10.13.6', java.version: '1.8.0_181'
Driver info: com.kms.katalon.core.webui.driver.firefox.CGeckoDriver
Capabilities {acceptInsecureCerts: true, browserName: firefox, browserVersion: 67.0.4, javascriptEnabled: true, moz:accessibilityChecks: false, moz:buildID: 20190619235627, moz:geckodriverVersion: 0.23.0, moz:headless: false, moz:processID: 2657, moz:profile: /var/folders/1t/c55l8xzs6gq..., moz:shutdownTimeout: 60000, moz:useNonSpecCompliantPointerOrigin: false, moz:webdriverClick: true, pageLoadStrategy: normal, platform: MAC, platformName: MAC, platformVersion: 17.7.0, proxy: Proxy(direct), rotatable: false, setWindowRect: true, strictFileInteractability: false, timeouts: {implicit: 0, pageLoad: 300000, script: 30000}, unhandledPromptBehavior: dismiss and notify}
Session ID: a48c5495-85ab-0e45-aadf-8db2c31a480d)
[[ATTACHMENT|/Users/sumankompelly/Katalon Studio/APOLLO - FIRE/APOLLO - FIRE- DESKTOP/Reports/0.5.5/20190709_154806/1562703360628.png]]

2019-07-09 16:16:01 - [MESSAGE][FAILED] - click(findTestObject("APOLLO- Desktop/Collection page/Grilled lemon chicken")) FAILED.
Reason:
com.kms.katalon.core.exception.StepFailedException: Unable to click on object 'Object Repository/APOLLO- Desktop/Collection page/Grilled lemon chicken' (Root cause: org.openqa.selenium.ElementClickInterceptedException: Element <div class="o-square-image js-tile-image"> is not clickable at point (178,767) because another element <iframe id="preview-bar-iframe" src="https://apollo-fireball.myshopify.com/preview_bar"> obscures it
Build info: version: '3.7.1', revision: '8a0099a', time: '2017-11-06T21:07:36.161Z'
System info: host: 'sumans-MacBook-Pro.local', ip: 'fe80:0:0:0:47c:ca88:4245:b7a7%en0', os.name: 'Mac OS X', os.arch: 'x86_64', os.version: '10.13.6', java.version: '1.8.0_181'
Driver info: com.kms.katalon.core.webui.driver.firefox.CGeckoDriver
Capabilities {acceptInsecureCerts: true, browserName: firefox, browserVersion: 67.0.4, javascriptEnabled: true, moz:accessibilityChecks: false, moz:buildID: 20190619235627, moz:geckodriverVersion: 0.23.0, moz:headless: false, moz:processID: 2657, moz:profile: /var/folders/1t/c55l8xzs6gq..., moz:shutdownTimeout: 60000, moz:useNonSpecCompliantPointerOrigin: false, moz:webdriverClick: true, pageLoadStrategy: normal, platform: MAC, platformName: MAC, platformVersion: 17.7.0, proxy: Proxy(direct), rotatable: false, setWindowRect: true, strictFileInteractability: false, timeouts: {implicit: 0, pageLoad: 300000, script: 30000}, unhandledPromptBehavior: dismiss and notify}
Session ID: a48c5495-85ab-0e45-aadf-8db2c31a480d)
	at com.kms.katalon.core.keyword.internal.KeywordMain.stepFailed(KeywordMain.groovy:36)
	at com.kms.katalon.core.webui.keyword.internal.WebUIKeywordMain.stepFailed(WebUIKeywordMain.groovy:65)
	at com.kms.katalon.core.webui.keyword.internal.WebUIKeywordMain.runKeyword(WebUIKeywordMain.groovy:27)
	at com.kms.katalon.core.webui.keyword.builtin.ClickKeyword.click(ClickKeyword.groovy:86)
	at com.kms.katalon.core.webui.keyword.builtin.ClickKeyword.execute(ClickKeyword.groovy:67)
	at com.kms.katalon.core.keyword.internal.KeywordExecutor.executeKeywordForPlatform(KeywordExecutor.groovy:53)
	at com.kms.katalon.core.webui.keyword.WebUiBuiltInKeywords.click(WebUiBuiltInKeywords.groovy:616)
	at com.kms.katalon.core.webui.keyword.WebUiBuiltInKeywords$click$3.call(Unknown Source)
	at Price comparison - Cart flyout.run(Price comparison - Cart flyout:68)
	at com.kms.katalon.core.main.ScriptEngine.run(ScriptEngine.java:194)
	at com.kms.katalon.core.main.ScriptEngine.runScriptAsRawText(ScriptEngine.java:119)
	at com.kms.katalon.core.main.TestCaseExecutor.runScript(TestCaseExecutor.java:328)
	at com.kms.katalon.core.main.TestCaseExecutor.doExecute(TestCaseExecutor.java:319)
	at com.kms.katalon.core.main.TestCaseExecutor.processExecutionPhase(TestCaseExecutor.java:298)
	at com.kms.katalon.core.main.TestCaseExecutor.accessMainPhase(TestCaseExecutor.java:290)
	at com.kms.katalon.core.main.TestCaseExecutor.execute(TestCaseExecutor.java:224)
	at com.kms.katalon.core.main.TestSuiteExecutor.accessTestCaseMainPhase(TestSuiteExecutor.java:129)
	at com.kms.katalon.core.main.TestSuiteExecutor.accessTestSuiteMainPhase(TestSuiteExecutor.java:112)
	at com.kms.katalon.core.main.TestSuiteExecutor.execute(TestSuiteExecutor.java:81)
	at com.kms.katalon.core.main.TestCaseMain.startTestSuite(TestCaseMain.java:149)
	at com.kms.katalon.core.main.TestCaseMain$startTestSuite$0.call(Unknown Source)
	at TempTestSuite1562701686673.run(TempTestSuite1562701686673.groovy:36)]]></system-out>
         <system-err><![CDATA[2019-07-09 16:15:18 - [TEST_CASE][FAILED] - Test Cases/CRITICAL PATH/Price comparison - Cart flyout: Test Cases/CRITICAL PATH/Price comparison - Cart flyout FAILED.
Reason:
com.kms.katalon.core.exception.StepFailedException: Unable to click on object 'Object Repository/APOLLO- Desktop/Collection page/Grilled lemon chicken' (Root cause: org.openqa.selenium.ElementClickInterceptedException: Element <div class="o-square-image js-tile-image"> is not clickable at point (178,767) because another element <iframe id="preview-bar-iframe" src="https://apollo-fireball.myshopify.com/preview_bar"> obscures it
Build info: version: '3.7.1', revision: '8a0099a', time: '2017-11-06T21:07:36.161Z'
System info: host: 'sumans-MacBook-Pro.local', ip: 'fe80:0:0:0:47c:ca88:4245:b7a7%en0', os.name: 'Mac OS X', os.arch: 'x86_64', os.version: '10.13.6', java.version: '1.8.0_181'
Driver info: com.kms.katalon.core.webui.driver.firefox.CGeckoDriver
Capabilities {acceptInsecureCerts: true, browserName: firefox, browserVersion: 67.0.4, javascriptEnabled: true, moz:accessibilityChecks: false, moz:buildID: 20190619235627, moz:geckodriverVersion: 0.23.0, moz:headless: false, moz:processID: 2657, moz:profile: /var/folders/1t/c55l8xzs6gq..., moz:shutdownTimeout: 60000, moz:useNonSpecCompliantPointerOrigin: false, moz:webdriverClick: true, pageLoadStrategy: normal, platform: MAC, platformName: MAC, platformVersion: 17.7.0, proxy: Proxy(direct), rotatable: false, setWindowRect: true, strictFileInteractability: false, timeouts: {implicit: 0, pageLoad: 300000, script: 30000}, unhandledPromptBehavior: dismiss and notify}
Session ID: a48c5495-85ab-0e45-aadf-8db2c31a480d)
	at com.kms.katalon.core.keyword.internal.KeywordMain.stepFailed(KeywordMain.groovy:36)
	at com.kms.katalon.core.webui.keyword.internal.WebUIKeywordMain.stepFailed(WebUIKeywordMain.groovy:65)
	at com.kms.katalon.core.webui.keyword.internal.WebUIKeywordMain.runKeyword(WebUIKeywordMain.groovy:27)
	at com.kms.katalon.core.webui.keyword.builtin.ClickKeyword.click(ClickKeyword.groovy:86)
	at com.kms.katalon.core.webui.keyword.builtin.ClickKeyword.execute(ClickKeyword.groovy:67)
	at com.kms.katalon.core.keyword.internal.KeywordExecutor.executeKeywordForPlatform(KeywordExecutor.groovy:53)
	at com.kms.katalon.core.webui.keyword.WebUiBuiltInKeywords.click(WebUiBuiltInKeywords.groovy:616)
	at com.kms.katalon.core.webui.keyword.WebUiBuiltInKeywords$click$3.call(Unknown Source)
	at Price comparison - Cart flyout.run(Price comparison - Cart flyout:68)
	at com.kms.katalon.core.main.ScriptEngine.run(ScriptEngine.java:194)
	at com.kms.katalon.core.main.ScriptEngine.runScriptAsRawText(ScriptEngine.java:119)
	at com.kms.katalon.core.main.TestCaseExecutor.runScript(TestCaseExecutor.java:328)
	at com.kms.katalon.core.main.TestCaseExecutor.doExecute(TestCaseExecutor.java:319)
	at com.kms.katalon.core.main.TestCaseExecutor.processExecutionPhase(TestCaseExecutor.java:298)
	at com.kms.katalon.core.main.TestCaseExecutor.accessMainPhase(TestCaseExecutor.java:290)
	at com.kms.katalon.core.main.TestCaseExecutor.execute(TestCaseExecutor.java:224)
	at com.kms.katalon.core.main.TestSuiteExecutor.accessTestCaseMainPhase(TestSuiteExecutor.java:129)
	at com.kms.katalon.core.main.TestSuiteExecutor.accessTestSuiteMainPhase(TestSuiteExecutor.java:112)
	at com.kms.katalon.core.main.TestSuiteExecutor.execute(TestSuiteExecutor.java:81)
	at com.kms.katalon.core.main.TestCaseMain.startTestSuite(TestCaseMain.java:149)
	at com.kms.katalon.core.main.TestCaseMain$startTestSuite$0.call(Unknown Source)
	at TempTestSuite1562701686673.run(TempTestSuite1562701686673.groovy:36)]]></system-err>
      </testcase>
      <system-out><![CDATA[2019-07-09 15:48:08 - [TEST_SUITE][FAILED] - 0.5.5: Test Cases/CRITICAL PATH/Adding diff prods to cart FAILED.
Reason:
com.kms.katalon.core.exception.StepFailedException: Unable to click on object 'Object Repository/APOLLO- Desktop/Collection page/Grilled lemon chicken' (Root cause: org.openqa.selenium.ElementClickInterceptedException: Element <div class="o-square-image js-tile-image"> is not clickable at point (178,767) because another element <iframe id="preview-bar-iframe" src="https://apollo-fireball.myshopify.com/preview_bar"> obscures it
Build info: version: '3.7.1', revision: '8a0099a', time: '2017-11-06T21:07:36.161Z'
System info: host: 'sumans-MacBook-Pro.local', ip: 'fe80:0:0:0:47c:ca88:4245:b7a7%en0', os.name: 'Mac OS X', os.arch: 'x86_64', os.version: '10.13.6', java.version: '1.8.0_181'
Driver info: com.kms.katalon.core.webui.driver.firefox.CGeckoDriver
Capabilities {acceptInsecureCerts: true, browserName: firefox, browserVersion: 67.0.4, javascriptEnabled: true, moz:accessibilityChecks: false, moz:buildID: 20190619235627, moz:geckodriverVersion: 0.23.0, moz:headless: false, moz:processID: 2594, moz:profile: /var/folders/1t/c55l8xzs6gq..., moz:shutdownTimeout: 60000, moz:useNonSpecCompliantPointerOrigin: false, moz:webdriverClick: true, pageLoadStrategy: normal, platform: MAC, platformName: MAC, platformVersion: 17.7.0, proxy: Proxy(direct), rotatable: false, setWindowRect: true, strictFileInteractability: false, timeouts: {implicit: 0, pageLoad: 300000, script: 30000}, unhandledPromptBehavior: dismiss and notify}
Session ID: 72a0f7d6-43b6-9541-8661-b6d17a7b6b6b)
	at com.kms.katalon.core.keyword.internal.KeywordMain.stepFailed(KeywordMain.groovy:36)
	at com.kms.katalon.core.webui.keyword.internal.WebUIKeywordMain.stepFailed(WebUIKeywordMain.groovy:65)
	at com.kms.katalon.core.webui.keyword.internal.WebUIKeywordMain.runKeyword(WebUIKeywordMain.groovy:27)
	at com.kms.katalon.core.webui.keyword.builtin.ClickKeyword.click(ClickKeyword.groovy:86)
	at com.kms.katalon.core.webui.keyword.builtin.ClickKeyword.execute(ClickKeyword.groovy:67)
	at com.kms.katalon.core.keyword.internal.KeywordExecutor.executeKeywordForPlatform(KeywordExecutor.groovy:53)
	at com.kms.katalon.core.webui.keyword.WebUiBuiltInKeywords.click(WebUiBuiltInKeywords.groovy:616)
	at com.kms.katalon.core.webui.keyword.WebUiBuiltInKeywords$click$3.call(Unknown Source)
	at Adding diff prods to cart.run(Adding diff prods to cart:90)
	at com.kms.katalon.core.main.ScriptEngine.run(ScriptEngine.java:194)
	at com.kms.katalon.core.main.ScriptEngine.runScriptAsRawText(ScriptEngine.java:119)
	at com.kms.katalon.core.main.TestCaseExecutor.runScript(TestCaseExecutor.java:328)
	at com.kms.katalon.core.main.TestCaseExecutor.doExecute(TestCaseExecutor.java:319)
	at com.kms.katalon.core.main.TestCaseExecutor.processExecutionPhase(TestCaseExecutor.java:298)
	at com.kms.katalon.core.main.TestCaseExecutor.accessMainPhase(TestCaseExecutor.java:290)
	at com.kms.katalon.core.main.TestCaseExecutor.execute(TestCaseExecutor.java:224)
	at com.kms.katalon.core.main.TestSuiteExecutor.accessTestCaseMainPhase(TestSuiteExecutor.java:129)
	at com.kms.katalon.core.main.TestSuiteExecutor.accessTestSuiteMainPhase(TestSuiteExecutor.java:112)
	at com.kms.katalon.core.main.TestSuiteExecutor.execute(TestSuiteExecutor.java:81)
	at com.kms.katalon.core.main.TestCaseMain.startTestSuite(TestCaseMain.java:149)
	at com.kms.katalon.core.main.TestCaseMain$startTestSuite$0.call(Unknown Source)
	at TempTestSuite1562701686673.run(TempTestSuite1562701686673.groovy:36)]]></system-out>
      <system-err><![CDATA[2019-07-09 15:48:08 - [TEST_SUITE][FAILED] - 0.5.5: Test Cases/CRITICAL PATH/Adding diff prods to cart FAILED.
Reason:
com.kms.katalon.core.exception.StepFailedException: Unable to click on object 'Object Repository/APOLLO- Desktop/Collection page/Grilled lemon chicken' (Root cause: org.openqa.selenium.ElementClickInterceptedException: Element <div class="o-square-image js-tile-image"> is not clickable at point (178,767) because another element <iframe id="preview-bar-iframe" src="https://apollo-fireball.myshopify.com/preview_bar"> obscures it
Build info: version: '3.7.1', revision: '8a0099a', time: '2017-11-06T21:07:36.161Z'
System info: host: 'sumans-MacBook-Pro.local', ip: 'fe80:0:0:0:47c:ca88:4245:b7a7%en0', os.name: 'Mac OS X', os.arch: 'x86_64', os.version: '10.13.6', java.version: '1.8.0_181'
Driver info: com.kms.katalon.core.webui.driver.firefox.CGeckoDriver
Capabilities {acceptInsecureCerts: true, browserName: firefox, browserVersion: 67.0.4, javascriptEnabled: true, moz:accessibilityChecks: false, moz:buildID: 20190619235627, moz:geckodriverVersion: 0.23.0, moz:headless: false, moz:processID: 2594, moz:profile: /var/folders/1t/c55l8xzs6gq..., moz:shutdownTimeout: 60000, moz:useNonSpecCompliantPointerOrigin: false, moz:webdriverClick: true, pageLoadStrategy: normal, platform: MAC, platformName: MAC, platformVersion: 17.7.0, proxy: Proxy(direct), rotatable: false, setWindowRect: true, strictFileInteractability: false, timeouts: {implicit: 0, pageLoad: 300000, script: 30000}, unhandledPromptBehavior: dismiss and notify}
Session ID: 72a0f7d6-43b6-9541-8661-b6d17a7b6b6b)
	at com.kms.katalon.core.keyword.internal.KeywordMain.stepFailed(KeywordMain.groovy:36)
	at com.kms.katalon.core.webui.keyword.internal.WebUIKeywordMain.stepFailed(WebUIKeywordMain.groovy:65)
	at com.kms.katalon.core.webui.keyword.internal.WebUIKeywordMain.runKeyword(WebUIKeywordMain.groovy:27)
	at com.kms.katalon.core.webui.keyword.builtin.ClickKeyword.click(ClickKeyword.groovy:86)
	at com.kms.katalon.core.webui.keyword.builtin.ClickKeyword.execute(ClickKeyword.groovy:67)
	at com.kms.katalon.core.keyword.internal.KeywordExecutor.executeKeywordForPlatform(KeywordExecutor.groovy:53)
	at com.kms.katalon.core.webui.keyword.WebUiBuiltInKeywords.click(WebUiBuiltInKeywords.groovy:616)
	at com.kms.katalon.core.webui.keyword.WebUiBuiltInKeywords$click$3.call(Unknown Source)
	at Adding diff prods to cart.run(Adding diff prods to cart:90)
	at com.kms.katalon.core.main.ScriptEngine.run(ScriptEngine.java:194)
	at com.kms.katalon.core.main.ScriptEngine.runScriptAsRawText(ScriptEngine.java:119)
	at com.kms.katalon.core.main.TestCaseExecutor.runScript(TestCaseExecutor.java:328)
	at com.kms.katalon.core.main.TestCaseExecutor.doExecute(TestCaseExecutor.java:319)
	at com.kms.katalon.core.main.TestCaseExecutor.processExecutionPhase(TestCaseExecutor.java:298)
	at com.kms.katalon.core.main.TestCaseExecutor.accessMainPhase(TestCaseExecutor.java:290)
	at com.kms.katalon.core.main.TestCaseExecutor.execute(TestCaseExecutor.java:224)
	at com.kms.katalon.core.main.TestSuiteExecutor.accessTestCaseMainPhase(TestSuiteExecutor.java:129)
	at com.kms.katalon.core.main.TestSuiteExecutor.accessTestSuiteMainPhase(TestSuiteExecutor.java:112)
	at com.kms.katalon.core.main.TestSuiteExecutor.execute(TestSuiteExecutor.java:81)
	at com.kms.katalon.core.main.TestCaseMain.startTestSuite(TestCaseMain.java:149)
	at com.kms.katalon.core.main.TestCaseMain$startTestSuite$0.call(Unknown Source)
	at TempTestSuite1562701686673.run(TempTestSuite1562701686673.groovy:36)]]></system-err>
   </testsuite>
</testsuites>
