<?xml version="1.0" encoding="UTF-8"?>
<testsuites name="0.5.5" time="2014" tests="19" failures="8" errors="0">
   <testsuite name="0.5.5" tests="19" failures="8" errors="0" time="2014" timestamp="2019-07-09 15:02:09" hostname="sumankompelly - 10.0.126.233" id="Test Suites/0.5.5">
      <properties>
         <property name="deviceName" value=""/>
         <property name="devicePlatform" value=""/>
         <property name="logFolder" value="/Users/sumankompelly/Katalon Studio/APOLLO - FIRE/APOLLO - FIRE- DESKTOP/Reports/0.5.5/20190709_150206"/>
         <property name="logFiles" value="/Users/sumankompelly/Katalon Studio/APOLLO - FIRE/APOLLO - FIRE- DESKTOP/Reports/0.5.5/20190709_150206/execution0.log"/>
         <property name="attachments" value="/Users/sumankompelly/Katalon Studio/APOLLO - FIRE/APOLLO - FIRE- DESKTOP/Reports/0.5.5/20190709_150206/1562698964278.png, /Users/sumankompelly/Katalon Studio/APOLLO - FIRE/APOLLO - FIRE- DESKTOP/Reports/0.5.5/20190709_150206/1562698974591.png, /Users/sumankompelly/Katalon Studio/APOLLO - FIRE/APOLLO - FIRE- DESKTOP/Reports/0.5.5/20190709_150206/1562698984713.png, /Users/sumankompelly/Katalon Studio/APOLLO - FIRE/APOLLO - FIRE- DESKTOP/Reports/0.5.5/20190709_150206/1562698994834.png, /Users/sumankompelly/Katalon Studio/APOLLO - FIRE/APOLLO - FIRE- DESKTOP/Reports/0.5.5/20190709_150206/1562699005225.png, /Users/sumankompelly/Katalon Studio/APOLLO - FIRE/APOLLO - FIRE- DESKTOP/Reports/0.5.5/20190709_150206/1562699015493.png, /Users/sumankompelly/Katalon Studio/APOLLO - FIRE/APOLLO - FIRE- DESKTOP/Reports/0.5.5/20190709_150206/1562699027120.png, /Users/sumankompelly/Katalon Studio/APOLLO - FIRE/APOLLO - FIRE- DESKTOP/Reports/0.5.5/20190709_150206/1562699035367.png, /Users/sumankompelly/Katalon Studio/APOLLO - FIRE/APOLLO - FIRE- DESKTOP/Reports/0.5.5/20190709_150206/1562699779391.png, /Users/sumankompelly/Katalon Studio/APOLLO - FIRE/APOLLO - FIRE- DESKTOP/Reports/0.5.5/20190709_150206/1562699837962.png, /Users/sumankompelly/Katalon Studio/APOLLO - FIRE/APOLLO - FIRE- DESKTOP/Reports/0.5.5/20190709_150206/1562700019062.png, /Users/sumankompelly/Katalon Studio/APOLLO - FIRE/APOLLO - FIRE- DESKTOP/Reports/0.5.5/20190709_150206/1562700130396.png, /Users/sumankompelly/Katalon Studio/APOLLO - FIRE/APOLLO - FIRE- DESKTOP/Reports/0.5.5/20190709_150206/1562700265741.png, /Users/sumankompelly/Katalon Studio/APOLLO - FIRE/APOLLO - FIRE- DESKTOP/Reports/0.5.5/20190709_150206/1562700521709.png, /Users/sumankompelly/Katalon Studio/APOLLO - FIRE/APOLLO - FIRE- DESKTOP/Reports/0.5.5/20190709_150206/1562700593146.png, /Users/sumankompelly/Katalon Studio/APOLLO - FIRE/APOLLO - FIRE- DESKTOP/Reports/0.5.5/20190709_150206/1562700942818.png"/>
         <property name="hostName" value="sumankompelly - 10.0.126.233"/>
         <property name="os" value="Mac OS X 64bit"/>
         <property name="katalonVersion" value="5.10.1.1"/>
         <property name="browser" value="Chrome 75.0.3770.100"/>
         <property name="hostAddress" value="10.0.126.233"/>
         <property name="sessionId" value="dd7e4e97900c5025515943ebe98ca327"/>
         <property name="seleniumVersion" value="3.7.1"/>
         <property name="proxyInformation" value="ProxyInformation{proxyOption=NO_PROXY, proxyServerType=HTTP, password=, proxyServerAddress=, proxyServerPort=0}"/>
         <property name="platform" value="Mac OS X"/>
      </properties>
      <testcase name="Test Cases/COLLECTION PAGE/Sort" classname="Test Cases/COLLECTION PAGE/Sort" status="PASSED">
         <system-out><![CDATA[2019-07-09 15:02:09 - [TEST_CASE][PASSED] - Test Cases/COLLECTION PAGE/Sort: Test Cases/COLLECTION PAGE/Sort

2019-07-09 15:02:10 - [TEST_STEP][PASSED] - callTestCase(findTestCase("CALL - URL"), [:], STOP_ON_FAILURE): Call Test Case 'Test Cases/CALL - URL' successfully

2019-07-09 15:02:10 - [TEST_CASE][PASSED] - Test Cases/CALL - URL: Test Cases/CALL - URL

2019-07-09 15:02:10 - [TEST_STEP][PASSED] - openBrowser(""): Browser is opened with url: ''

2019-07-09 15:02:10 - [MESSAGE][INFO] - Starting 'Chrome' driver

2019-07-09 15:02:10 - [MESSAGE][INFO] - Action delay is set to 0 seconds

2019-07-09 15:02:12 - [MESSAGE][PASSED] - Browser is opened with url: ''

2019-07-09 15:02:12 - [TEST_STEP][PASSED] - navigateToUrl("https://apollo-fireball.myshopify.com/?_ab=0&_fd=0&_sc=1&key=96c2edace7b9967f3a77c2e2b131937136039831e9ec35f31598610005fa8795&preview_theme_id=46803124304"): Navigate to 'https://apollo-fireball.myshopify.com/?_ab=0&_fd=0&_sc=1&key=96c2edace7b9967f3a77c2e2b131937136039831e9ec35f31598610005fa8795&preview_theme_id=46803124304' successfully

2019-07-09 15:02:21 - [MESSAGE][PASSED] - Navigate to 'https://apollo-fireball.myshopify.com/?_ab=0&_fd=0&_sc=1&key=96c2edace7b9967f3a77c2e2b131937136039831e9ec35f31598610005fa8795&preview_theme_id=46803124304' successfully

2019-07-09 15:02:21 - [TEST_STEP][PASSED] - executeJavaScript("var previewBar = document.getElementById("preview-bar-iframe"); previewBar.style.display = "none";", []): Execute JavaScript 'var previewBar = document.getElementById("preview-bar-iframe"); previewBar.style.display = "none";' successfully

2019-07-09 15:02:21 - [MESSAGE][PASSED] - Execute JavaScript 'var previewBar = document.getElementById("preview-bar-iframe"); previewBar.style.display = "none";' successfully

2019-07-09 15:02:21 - [TEST_STEP][PASSED] - maximizeWindow(): Current window maximized

2019-07-09 15:02:21 - [MESSAGE][PASSED] - Current window maximized

2019-07-09 15:02:21 - [MESSAGE][PASSED] - Call Test Case 'Test Cases/CALL - URL' successfully

2019-07-09 15:02:21 - [TEST_STEP][PASSED] - delay(2): Delayed 2 second(s)

2019-07-09 15:02:23 - [MESSAGE][PASSED] - Delayed 2 second(s)

2019-07-09 15:02:23 - [TEST_STEP][PASSED] - click(findTestObject("APOLLO- Desktop/Burger Menu/Burgermenu")): Object: 'Object Repository/APOLLO- Desktop/Burger Menu/Burgermenu' is clicked on

2019-07-09 15:02:23 - [MESSAGE][PASSED] - Object: 'Object Repository/APOLLO- Desktop/Burger Menu/Burgermenu' is clicked on

2019-07-09 15:02:23 - [TEST_STEP][PASSED] - delay(2): Delayed 2 second(s)

2019-07-09 15:02:25 - [MESSAGE][PASSED] - Delayed 2 second(s)

2019-07-09 15:02:25 - [TEST_STEP][PASSED] - click(findTestObject("APOLLO- Desktop/Burger Menu/Shop food")): Object: 'Object Repository/APOLLO- Desktop/Burger Menu/Shop food' is clicked on

2019-07-09 15:02:25 - [MESSAGE][PASSED] - Object: 'Object Repository/APOLLO- Desktop/Burger Menu/Shop food' is clicked on

2019-07-09 15:02:25 - [TEST_STEP][PASSED] - delay(2): Delayed 2 second(s)

2019-07-09 15:02:27 - [MESSAGE][PASSED] - Delayed 2 second(s)

2019-07-09 15:02:27 - [TEST_STEP][PASSED] - click(findTestObject("APOLLO- Desktop/Burger Menu/Beef")): Object: 'Object Repository/APOLLO- Desktop/Burger Menu/Beef' is clicked on

2019-07-09 15:02:34 - [MESSAGE][PASSED] - Object: 'Object Repository/APOLLO- Desktop/Burger Menu/Beef' is clicked on

2019-07-09 15:02:34 - [TEST_STEP][PASSED] - delay(2): Delayed 2 second(s)

2019-07-09 15:02:36 - [MESSAGE][PASSED] - Delayed 2 second(s)

2019-07-09 15:02:36 - [TEST_STEP][PASSED] - executeJavaScript("var previewBar = document.getElementById("preview-bar-iframe"); previewBar.style.display = "none";", []): Execute JavaScript 'var previewBar = document.getElementById("preview-bar-iframe"); previewBar.style.display = "none";' successfully

2019-07-09 15:02:36 - [MESSAGE][PASSED] - Execute JavaScript 'var previewBar = document.getElementById("preview-bar-iframe"); previewBar.style.display = "none";' successfully

2019-07-09 15:02:36 - [TEST_STEP][PASSED] - delay(2): Delayed 2 second(s)

2019-07-09 15:02:38 - [MESSAGE][PASSED] - Delayed 2 second(s)

2019-07-09 15:02:38 - [TEST_STEP][NOT_RUN] - click(findTestObject("APOLLO- Desktop/Collection page/Beef skewers")): NOT_RUN: click(findTestObject("APOLLO- Desktop/Collection page/Beef skewers"))

2019-07-09 15:02:38 - [MESSAGE][NOT_RUN] - NOT_RUN: click(findTestObject("APOLLO- Desktop/Collection page/Beef skewers"))

2019-07-09 15:02:38 - [TEST_STEP][NOT_RUN] - executeJavaScript("var previewBar = document.getElementById("preview-bar-iframe"); previewBar.style.display = "none";", []): NOT_RUN: executeJavaScript("var previewBar = document.getElementById("preview-bar-iframe"); previewBar.style.display = "none";", [])

2019-07-09 15:02:38 - [MESSAGE][NOT_RUN] - NOT_RUN: executeJavaScript("var previewBar = document.getElementById("preview-bar-iframe"); previewBar.style.display = "none";", [])

2019-07-09 15:02:38 - [TEST_STEP][NOT_RUN] - delay(2): NOT_RUN: delay(2)

2019-07-09 15:02:38 - [MESSAGE][NOT_RUN] - NOT_RUN: delay(2)

2019-07-09 15:02:38 - [TEST_STEP][NOT_RUN] - delay(2): NOT_RUN: delay(2)

2019-07-09 15:02:38 - [MESSAGE][NOT_RUN] - NOT_RUN: delay(2)

2019-07-09 15:02:38 - [TEST_STEP][NOT_RUN] - click(findTestObject("APOLLO- Desktop/Burger Menu/Shop food")): NOT_RUN: click(findTestObject("APOLLO- Desktop/Burger Menu/Shop food"))

2019-07-09 15:02:38 - [MESSAGE][NOT_RUN] - NOT_RUN: click(findTestObject("APOLLO- Desktop/Burger Menu/Shop food"))

2019-07-09 15:02:38 - [TEST_STEP][NOT_RUN] - delay(2): NOT_RUN: delay(2)

2019-07-09 15:02:38 - [MESSAGE][NOT_RUN] - NOT_RUN: delay(2)

2019-07-09 15:02:38 - [TEST_STEP][NOT_RUN] - click(findTestObject("APOLLO- Desktop/Burger Menu/Beef")): NOT_RUN: click(findTestObject("APOLLO- Desktop/Burger Menu/Beef"))

2019-07-09 15:02:38 - [MESSAGE][NOT_RUN] - NOT_RUN: click(findTestObject("APOLLO- Desktop/Burger Menu/Beef"))

2019-07-09 15:02:38 - [TEST_STEP][NOT_RUN] - delay(2): NOT_RUN: delay(2)

2019-07-09 15:02:38 - [MESSAGE][NOT_RUN] - NOT_RUN: delay(2)

2019-07-09 15:02:38 - [TEST_STEP][NOT_RUN] - click(findTestObject("APOLLO- Desktop/Burger Menu/Shirts link")): NOT_RUN: click(findTestObject("APOLLO- Desktop/Burger Menu/Shirts link"))

2019-07-09 15:02:38 - [MESSAGE][NOT_RUN] - NOT_RUN: click(findTestObject("APOLLO- Desktop/Burger Menu/Shirts link"))

2019-07-09 15:02:38 - [TEST_STEP][NOT_RUN] - executeJavaScript("var previewBar = document.getElementById("preview-bar-iframe"); previewBar.style.display = "none";", []): NOT_RUN: executeJavaScript("var previewBar = document.getElementById("preview-bar-iframe"); previewBar.style.display = "none";", [])

2019-07-09 15:02:38 - [MESSAGE][NOT_RUN] - NOT_RUN: executeJavaScript("var previewBar = document.getElementById("preview-bar-iframe"); previewBar.style.display = "none";", [])

2019-07-09 15:02:38 - [TEST_STEP][NOT_RUN] - delay(2): NOT_RUN: delay(2)

2019-07-09 15:02:38 - [MESSAGE][NOT_RUN] - NOT_RUN: delay(2)

2019-07-09 15:02:38 - [TEST_STEP][NOT_RUN] - executeJavaScript("var previewBar = document.getElementById("preview-bar-iframe"); previewBar.style.display = "none";", []): NOT_RUN: executeJavaScript("var previewBar = document.getElementById("preview-bar-iframe"); previewBar.style.display = "none";", [])

2019-07-09 15:02:38 - [MESSAGE][NOT_RUN] - NOT_RUN: executeJavaScript("var previewBar = document.getElementById("preview-bar-iframe"); previewBar.style.display = "none";", [])

2019-07-09 15:02:38 - [TEST_STEP][NOT_RUN] - delay(2): NOT_RUN: delay(2)

2019-07-09 15:02:38 - [MESSAGE][NOT_RUN] - NOT_RUN: delay(2)

2019-07-09 15:02:38 - [TEST_STEP][PASSED] - click(findTestObject("APOLLO- Desktop/Collection page/sort/Filter dropdown")): Object: 'Object Repository/APOLLO- Desktop/Collection page/sort/Filter dropdown' is clicked on

2019-07-09 15:02:38 - [MESSAGE][PASSED] - Object: 'Object Repository/APOLLO- Desktop/Collection page/sort/Filter dropdown' is clicked on

2019-07-09 15:02:38 - [TEST_STEP][PASSED] - delay(2): Delayed 2 second(s)

2019-07-09 15:02:40 - [MESSAGE][PASSED] - Delayed 2 second(s)

2019-07-09 15:02:40 - [TEST_STEP][PASSED] - click(findTestObject("APOLLO- Desktop/Collection page/sort/Featured")): Object: 'Object Repository/APOLLO- Desktop/Collection page/sort/Featured' is clicked on

2019-07-09 15:02:40 - [MESSAGE][PASSED] - Object: 'Object Repository/APOLLO- Desktop/Collection page/sort/Featured' is clicked on

2019-07-09 15:02:40 - [TEST_STEP][PASSED] - delay(2): Delayed 2 second(s)

2019-07-09 15:02:42 - [MESSAGE][PASSED] - Delayed 2 second(s)

2019-07-09 15:02:42 - [TEST_STEP][PASSED] - click(findTestObject("APOLLO- Desktop/Collection page/sort/Filter dropdown")): Object: 'Object Repository/APOLLO- Desktop/Collection page/sort/Filter dropdown' is clicked on

2019-07-09 15:02:42 - [MESSAGE][PASSED] - Object: 'Object Repository/APOLLO- Desktop/Collection page/sort/Filter dropdown' is clicked on

2019-07-09 15:02:42 - [TEST_STEP][PASSED] - delay(2): Delayed 2 second(s)

2019-07-09 15:02:44 - [MESSAGE][PASSED] - Delayed 2 second(s)

2019-07-09 15:02:44 - [TEST_STEP][PASSED] - takeScreenshot(): Taking screenshot successfully

2019-07-09 15:02:46 - [MESSAGE][PASSED] - Taking screenshot successfully
[[ATTACHMENT|/Users/sumankompelly/Katalon Studio/APOLLO - FIRE/APOLLO - FIRE- DESKTOP/Reports/0.5.5/20190709_150206/1562698964278.png]]

2019-07-09 15:02:46 - [TEST_STEP][PASSED] - delay(2): Delayed 2 second(s)

2019-07-09 15:02:48 - [MESSAGE][PASSED] - Delayed 2 second(s)

2019-07-09 15:02:48 - [TEST_STEP][PASSED] - click(findTestObject("APOLLO- Desktop/Collection page/sort/Filter dropdown")): Object: 'Object Repository/APOLLO- Desktop/Collection page/sort/Filter dropdown' is clicked on

2019-07-09 15:02:48 - [MESSAGE][PASSED] - Object: 'Object Repository/APOLLO- Desktop/Collection page/sort/Filter dropdown' is clicked on

2019-07-09 15:02:48 - [TEST_STEP][PASSED] - delay(2): Delayed 2 second(s)

2019-07-09 15:02:50 - [MESSAGE][PASSED] - Delayed 2 second(s)

2019-07-09 15:02:50 - [TEST_STEP][PASSED] - click(findTestObject("APOLLO- Desktop/Collection page/sort/Best selling")): Object: 'Object Repository/APOLLO- Desktop/Collection page/sort/Best selling' is clicked on

2019-07-09 15:02:50 - [MESSAGE][PASSED] - Object: 'Object Repository/APOLLO- Desktop/Collection page/sort/Best selling' is clicked on

2019-07-09 15:02:50 - [TEST_STEP][PASSED] - delay(2): Delayed 2 second(s)

2019-07-09 15:02:52 - [MESSAGE][PASSED] - Delayed 2 second(s)

2019-07-09 15:02:52 - [TEST_STEP][PASSED] - click(findTestObject("APOLLO- Desktop/Collection page/sort/Filter dropdown")): Object: 'Object Repository/APOLLO- Desktop/Collection page/sort/Filter dropdown' is clicked on

2019-07-09 15:02:52 - [MESSAGE][PASSED] - Object: 'Object Repository/APOLLO- Desktop/Collection page/sort/Filter dropdown' is clicked on

2019-07-09 15:02:52 - [TEST_STEP][PASSED] - delay(2): Delayed 2 second(s)

2019-07-09 15:02:54 - [MESSAGE][PASSED] - Delayed 2 second(s)

2019-07-09 15:02:54 - [TEST_STEP][PASSED] - takeScreenshot(): Taking screenshot successfully

2019-07-09 15:02:56 - [MESSAGE][PASSED] - Taking screenshot successfully
[[ATTACHMENT|/Users/sumankompelly/Katalon Studio/APOLLO - FIRE/APOLLO - FIRE- DESKTOP/Reports/0.5.5/20190709_150206/1562698974591.png]]

2019-07-09 15:02:56 - [TEST_STEP][PASSED] - delay(2): Delayed 2 second(s)

2019-07-09 15:02:58 - [MESSAGE][PASSED] - Delayed 2 second(s)

2019-07-09 15:02:58 - [TEST_STEP][PASSED] - click(findTestObject("APOLLO- Desktop/Collection page/sort/Filter dropdown")): Object: 'Object Repository/APOLLO- Desktop/Collection page/sort/Filter dropdown' is clicked on

2019-07-09 15:02:58 - [MESSAGE][PASSED] - Object: 'Object Repository/APOLLO- Desktop/Collection page/sort/Filter dropdown' is clicked on

2019-07-09 15:02:58 - [TEST_STEP][PASSED] - delay(2): Delayed 2 second(s)

2019-07-09 15:03:00 - [MESSAGE][PASSED] - Delayed 2 second(s)

2019-07-09 15:03:00 - [TEST_STEP][PASSED] - click(findTestObject("APOLLO- Desktop/Collection page/sort/Alphabetically A-Z")): Object: 'Object Repository/APOLLO- Desktop/Collection page/sort/Alphabetically A-Z' is clicked on

2019-07-09 15:03:00 - [MESSAGE][PASSED] - Object: 'Object Repository/APOLLO- Desktop/Collection page/sort/Alphabetically A-Z' is clicked on

2019-07-09 15:03:00 - [TEST_STEP][PASSED] - delay(2): Delayed 2 second(s)

2019-07-09 15:03:02 - [MESSAGE][PASSED] - Delayed 2 second(s)

2019-07-09 15:03:02 - [TEST_STEP][PASSED] - click(findTestObject("APOLLO- Desktop/Collection page/sort/Filter dropdown")): Object: 'Object Repository/APOLLO- Desktop/Collection page/sort/Filter dropdown' is clicked on

2019-07-09 15:03:02 - [MESSAGE][PASSED] - Object: 'Object Repository/APOLLO- Desktop/Collection page/sort/Filter dropdown' is clicked on

2019-07-09 15:03:02 - [TEST_STEP][PASSED] - delay(2): Delayed 2 second(s)

2019-07-09 15:03:04 - [MESSAGE][PASSED] - Delayed 2 second(s)

2019-07-09 15:03:04 - [TEST_STEP][PASSED] - takeScreenshot(): Taking screenshot successfully

2019-07-09 15:03:06 - [MESSAGE][PASSED] - Taking screenshot successfully
[[ATTACHMENT|/Users/sumankompelly/Katalon Studio/APOLLO - FIRE/APOLLO - FIRE- DESKTOP/Reports/0.5.5/20190709_150206/1562698984713.png]]

2019-07-09 15:03:06 - [TEST_STEP][PASSED] - delay(2): Delayed 2 second(s)

2019-07-09 15:03:08 - [MESSAGE][PASSED] - Delayed 2 second(s)

2019-07-09 15:03:08 - [TEST_STEP][PASSED] - click(findTestObject("APOLLO- Desktop/Collection page/sort/Filter dropdown")): Object: 'Object Repository/APOLLO- Desktop/Collection page/sort/Filter dropdown' is clicked on

2019-07-09 15:03:08 - [MESSAGE][PASSED] - Object: 'Object Repository/APOLLO- Desktop/Collection page/sort/Filter dropdown' is clicked on

2019-07-09 15:03:08 - [TEST_STEP][PASSED] - delay(2): Delayed 2 second(s)

2019-07-09 15:03:10 - [MESSAGE][PASSED] - Delayed 2 second(s)

2019-07-09 15:03:10 - [TEST_STEP][PASSED] - click(findTestObject("APOLLO- Desktop/Collection page/sort/Alphabetically Z-A")): Object: 'Object Repository/APOLLO- Desktop/Collection page/sort/Alphabetically Z-A' is clicked on

2019-07-09 15:03:10 - [MESSAGE][PASSED] - Object: 'Object Repository/APOLLO- Desktop/Collection page/sort/Alphabetically Z-A' is clicked on

2019-07-09 15:03:10 - [TEST_STEP][PASSED] - delay(2): Delayed 2 second(s)

2019-07-09 15:03:12 - [MESSAGE][PASSED] - Delayed 2 second(s)

2019-07-09 15:03:12 - [TEST_STEP][PASSED] - click(findTestObject("APOLLO- Desktop/Collection page/sort/Filter dropdown")): Object: 'Object Repository/APOLLO- Desktop/Collection page/sort/Filter dropdown' is clicked on

2019-07-09 15:03:12 - [MESSAGE][PASSED] - Object: 'Object Repository/APOLLO- Desktop/Collection page/sort/Filter dropdown' is clicked on

2019-07-09 15:03:12 - [TEST_STEP][PASSED] - delay(2): Delayed 2 second(s)

2019-07-09 15:03:14 - [MESSAGE][PASSED] - Delayed 2 second(s)

2019-07-09 15:03:14 - [TEST_STEP][PASSED] - takeScreenshot(): Taking screenshot successfully

2019-07-09 15:03:16 - [MESSAGE][PASSED] - Taking screenshot successfully
[[ATTACHMENT|/Users/sumankompelly/Katalon Studio/APOLLO - FIRE/APOLLO - FIRE- DESKTOP/Reports/0.5.5/20190709_150206/1562698994834.png]]

2019-07-09 15:03:17 - [TEST_STEP][PASSED] - delay(2): Delayed 2 second(s)

2019-07-09 15:03:19 - [MESSAGE][PASSED] - Delayed 2 second(s)

2019-07-09 15:03:19 - [TEST_STEP][PASSED] - click(findTestObject("APOLLO- Desktop/Collection page/sort/Filter dropdown")): Object: 'Object Repository/APOLLO- Desktop/Collection page/sort/Filter dropdown' is clicked on

2019-07-09 15:03:19 - [MESSAGE][PASSED] - Object: 'Object Repository/APOLLO- Desktop/Collection page/sort/Filter dropdown' is clicked on

2019-07-09 15:03:19 - [TEST_STEP][PASSED] - delay(2): Delayed 2 second(s)

2019-07-09 15:03:21 - [MESSAGE][PASSED] - Delayed 2 second(s)

2019-07-09 15:03:21 - [TEST_STEP][PASSED] - click(findTestObject("APOLLO- Desktop/Collection page/sort/Price-Low to high")): Object: 'Object Repository/APOLLO- Desktop/Collection page/sort/Price-Low to high' is clicked on

2019-07-09 15:03:21 - [MESSAGE][PASSED] - Object: 'Object Repository/APOLLO- Desktop/Collection page/sort/Price-Low to high' is clicked on

2019-07-09 15:03:21 - [TEST_STEP][PASSED] - delay(2): Delayed 2 second(s)

2019-07-09 15:03:23 - [MESSAGE][PASSED] - Delayed 2 second(s)

2019-07-09 15:03:23 - [TEST_STEP][PASSED] - click(findTestObject("APOLLO- Desktop/Collection page/sort/Filter dropdown")): Object: 'Object Repository/APOLLO- Desktop/Collection page/sort/Filter dropdown' is clicked on

2019-07-09 15:03:23 - [MESSAGE][PASSED] - Object: 'Object Repository/APOLLO- Desktop/Collection page/sort/Filter dropdown' is clicked on

2019-07-09 15:03:23 - [TEST_STEP][PASSED] - delay(2): Delayed 2 second(s)

2019-07-09 15:03:25 - [MESSAGE][PASSED] - Delayed 2 second(s)

2019-07-09 15:03:25 - [TEST_STEP][PASSED] - takeScreenshot(): Taking screenshot successfully

2019-07-09 15:03:27 - [MESSAGE][PASSED] - Taking screenshot successfully
[[ATTACHMENT|/Users/sumankompelly/Katalon Studio/APOLLO - FIRE/APOLLO - FIRE- DESKTOP/Reports/0.5.5/20190709_150206/1562699005225.png]]

2019-07-09 15:03:27 - [TEST_STEP][PASSED] - delay(2): Delayed 2 second(s)

2019-07-09 15:03:29 - [MESSAGE][PASSED] - Delayed 2 second(s)

2019-07-09 15:03:29 - [TEST_STEP][PASSED] - click(findTestObject("APOLLO- Desktop/Collection page/sort/Filter dropdown")): Object: 'Object Repository/APOLLO- Desktop/Collection page/sort/Filter dropdown' is clicked on

2019-07-09 15:03:29 - [MESSAGE][PASSED] - Object: 'Object Repository/APOLLO- Desktop/Collection page/sort/Filter dropdown' is clicked on

2019-07-09 15:03:29 - [TEST_STEP][PASSED] - delay(2): Delayed 2 second(s)

2019-07-09 15:03:31 - [MESSAGE][PASSED] - Delayed 2 second(s)

2019-07-09 15:03:31 - [TEST_STEP][PASSED] - click(findTestObject("APOLLO- Desktop/Collection page/sort/price-High to low")): Object: 'Object Repository/APOLLO- Desktop/Collection page/sort/price-High to low' is clicked on

2019-07-09 15:03:31 - [MESSAGE][PASSED] - Object: 'Object Repository/APOLLO- Desktop/Collection page/sort/price-High to low' is clicked on

2019-07-09 15:03:31 - [TEST_STEP][PASSED] - delay(2): Delayed 2 second(s)

2019-07-09 15:03:33 - [MESSAGE][PASSED] - Delayed 2 second(s)

2019-07-09 15:03:33 - [TEST_STEP][PASSED] - click(findTestObject("APOLLO- Desktop/Collection page/sort/Filter dropdown")): Object: 'Object Repository/APOLLO- Desktop/Collection page/sort/Filter dropdown' is clicked on

2019-07-09 15:03:33 - [MESSAGE][PASSED] - Object: 'Object Repository/APOLLO- Desktop/Collection page/sort/Filter dropdown' is clicked on

2019-07-09 15:03:33 - [TEST_STEP][PASSED] - delay(2): Delayed 2 second(s)

2019-07-09 15:03:35 - [MESSAGE][PASSED] - Delayed 2 second(s)

2019-07-09 15:03:35 - [TEST_STEP][PASSED] - takeScreenshot(): Taking screenshot successfully

2019-07-09 15:03:37 - [MESSAGE][PASSED] - Taking screenshot successfully
[[ATTACHMENT|/Users/sumankompelly/Katalon Studio/APOLLO - FIRE/APOLLO - FIRE- DESKTOP/Reports/0.5.5/20190709_150206/1562699015493.png]]

2019-07-09 15:03:37 - [TEST_STEP][PASSED] - delay(2): Delayed 2 second(s)

2019-07-09 15:03:39 - [MESSAGE][PASSED] - Delayed 2 second(s)

2019-07-09 15:03:39 - [TEST_STEP][PASSED] - click(findTestObject("APOLLO- Desktop/Collection page/sort/Filter dropdown")): Object: 'Object Repository/APOLLO- Desktop/Collection page/sort/Filter dropdown' is clicked on

2019-07-09 15:03:39 - [MESSAGE][PASSED] - Object: 'Object Repository/APOLLO- Desktop/Collection page/sort/Filter dropdown' is clicked on

2019-07-09 15:03:39 - [TEST_STEP][PASSED] - delay(2): Delayed 2 second(s)

2019-07-09 15:03:41 - [MESSAGE][PASSED] - Delayed 2 second(s)

2019-07-09 15:03:41 - [TEST_STEP][PASSED] - click(findTestObject("APOLLO- Desktop/Collection page/sort/Date - old to new")): Object: 'Object Repository/APOLLO- Desktop/Collection page/sort/Date - old to new' is clicked on

2019-07-09 15:03:42 - [MESSAGE][PASSED] - Object: 'Object Repository/APOLLO- Desktop/Collection page/sort/Date - old to new' is clicked on

2019-07-09 15:03:42 - [TEST_STEP][PASSED] - delay(3): Delayed 3 second(s)

2019-07-09 15:03:45 - [MESSAGE][PASSED] - Delayed 3 second(s)

2019-07-09 15:03:45 - [TEST_STEP][PASSED] - click(findTestObject("APOLLO- Desktop/Collection page/sort/Filter dropdown")): Object: 'Object Repository/APOLLO- Desktop/Collection page/sort/Filter dropdown' is clicked on

2019-07-09 15:03:45 - [MESSAGE][PASSED] - Object: 'Object Repository/APOLLO- Desktop/Collection page/sort/Filter dropdown' is clicked on

2019-07-09 15:03:45 - [TEST_STEP][PASSED] - delay(2): Delayed 2 second(s)

2019-07-09 15:03:47 - [MESSAGE][PASSED] - Delayed 2 second(s)

2019-07-09 15:03:47 - [TEST_STEP][PASSED] - takeScreenshot(): Taking screenshot successfully

2019-07-09 15:03:49 - [MESSAGE][PASSED] - Taking screenshot successfully
[[ATTACHMENT|/Users/sumankompelly/Katalon Studio/APOLLO - FIRE/APOLLO - FIRE- DESKTOP/Reports/0.5.5/20190709_150206/1562699027120.png]]

2019-07-09 15:03:49 - [TEST_STEP][PASSED] - delay(2): Delayed 2 second(s)

2019-07-09 15:03:51 - [MESSAGE][PASSED] - Delayed 2 second(s)

2019-07-09 15:03:51 - [TEST_STEP][PASSED] - click(findTestObject("APOLLO- Desktop/Collection page/sort/Filter dropdown")): Object: 'Object Repository/APOLLO- Desktop/Collection page/sort/Filter dropdown' is clicked on

2019-07-09 15:03:51 - [MESSAGE][PASSED] - Object: 'Object Repository/APOLLO- Desktop/Collection page/sort/Filter dropdown' is clicked on

2019-07-09 15:03:51 - [TEST_STEP][PASSED] - delay(2): Delayed 2 second(s)

2019-07-09 15:03:53 - [MESSAGE][PASSED] - Delayed 2 second(s)

2019-07-09 15:03:53 - [TEST_STEP][PASSED] - click(findTestObject("APOLLO- Desktop/Collection page/sort/Date- new to old")): Object: 'Object Repository/APOLLO- Desktop/Collection page/sort/Date- new to old' is clicked on

2019-07-09 15:03:53 - [MESSAGE][PASSED] - Object: 'Object Repository/APOLLO- Desktop/Collection page/sort/Date- new to old' is clicked on

2019-07-09 15:03:53 - [TEST_STEP][PASSED] - delay(2): Delayed 2 second(s)

2019-07-09 15:03:55 - [MESSAGE][PASSED] - Delayed 2 second(s)

2019-07-09 15:03:55 - [TEST_STEP][PASSED] - click(findTestObject("APOLLO- Desktop/Collection page/sort/Filter dropdown")): Object: 'Object Repository/APOLLO- Desktop/Collection page/sort/Filter dropdown' is clicked on

2019-07-09 15:03:55 - [MESSAGE][PASSED] - Object: 'Object Repository/APOLLO- Desktop/Collection page/sort/Filter dropdown' is clicked on

2019-07-09 15:03:55 - [TEST_STEP][PASSED] - takeScreenshot(): Taking screenshot successfully

2019-07-09 15:03:57 - [MESSAGE][PASSED] - Taking screenshot successfully
[[ATTACHMENT|/Users/sumankompelly/Katalon Studio/APOLLO - FIRE/APOLLO - FIRE- DESKTOP/Reports/0.5.5/20190709_150206/1562699035367.png]]

2019-07-09 15:03:57 - [TEST_STEP][PASSED] - delay(2): Delayed 2 second(s)

2019-07-09 15:03:59 - [MESSAGE][PASSED] - Delayed 2 second(s)]]></system-out>
         <system-err><![CDATA[]]></system-err>
      </testcase>
      <testcase name="Test Cases/COLLECTION PAGE/Prouducts layout style" classname="Test Cases/COLLECTION PAGE/Prouducts layout style" status="PASSED">
         <system-out><![CDATA[2019-07-09 15:03:59 - [TEST_CASE][PASSED] - Test Cases/COLLECTION PAGE/Prouducts layout style: Test Cases/COLLECTION PAGE/Prouducts layout style

2019-07-09 15:03:59 - [TEST_STEP][PASSED] - callTestCase(findTestCase("CALL - URL"), [:], STOP_ON_FAILURE): Call Test Case 'Test Cases/CALL - URL' successfully

2019-07-09 15:03:59 - [TEST_CASE][PASSED] - Test Cases/CALL - URL: Test Cases/CALL - URL

2019-07-09 15:03:59 - [TEST_STEP][PASSED] - openBrowser(""): Browser is opened with url: ''

2019-07-09 15:03:59 - [MESSAGE][WARNING] - A browser is already opened. Closing browser and opening a new one

2019-07-09 15:03:59 - [MESSAGE][INFO] - Starting 'Chrome' driver

2019-07-09 15:04:01 - [MESSAGE][PASSED] - Browser is opened with url: ''

2019-07-09 15:04:01 - [TEST_STEP][PASSED] - navigateToUrl("https://apollo-fireball.myshopify.com/?_ab=0&_fd=0&_sc=1&key=96c2edace7b9967f3a77c2e2b131937136039831e9ec35f31598610005fa8795&preview_theme_id=46803124304"): Navigate to 'https://apollo-fireball.myshopify.com/?_ab=0&_fd=0&_sc=1&key=96c2edace7b9967f3a77c2e2b131937136039831e9ec35f31598610005fa8795&preview_theme_id=46803124304' successfully

2019-07-09 15:04:13 - [MESSAGE][PASSED] - Navigate to 'https://apollo-fireball.myshopify.com/?_ab=0&_fd=0&_sc=1&key=96c2edace7b9967f3a77c2e2b131937136039831e9ec35f31598610005fa8795&preview_theme_id=46803124304' successfully

2019-07-09 15:04:13 - [TEST_STEP][PASSED] - executeJavaScript("var previewBar = document.getElementById("preview-bar-iframe"); previewBar.style.display = "none";", []): Execute JavaScript 'var previewBar = document.getElementById("preview-bar-iframe"); previewBar.style.display = "none";' successfully

2019-07-09 15:04:13 - [MESSAGE][PASSED] - Execute JavaScript 'var previewBar = document.getElementById("preview-bar-iframe"); previewBar.style.display = "none";' successfully

2019-07-09 15:04:13 - [TEST_STEP][PASSED] - maximizeWindow(): Current window maximized

2019-07-09 15:04:13 - [MESSAGE][PASSED] - Current window maximized

2019-07-09 15:04:13 - [MESSAGE][PASSED] - Call Test Case 'Test Cases/CALL - URL' successfully

2019-07-09 15:04:13 - [TEST_STEP][PASSED] - delay(2): Delayed 2 second(s)

2019-07-09 15:04:15 - [MESSAGE][PASSED] - Delayed 2 second(s)

2019-07-09 15:04:15 - [TEST_STEP][PASSED] - click(findTestObject("APOLLO- Desktop/Burger Menu/Burgermenu")): Object: 'Object Repository/APOLLO- Desktop/Burger Menu/Burgermenu' is clicked on

2019-07-09 15:04:15 - [MESSAGE][PASSED] - Object: 'Object Repository/APOLLO- Desktop/Burger Menu/Burgermenu' is clicked on

2019-07-09 15:04:15 - [TEST_STEP][PASSED] - delay(2): Delayed 2 second(s)

2019-07-09 15:04:17 - [MESSAGE][PASSED] - Delayed 2 second(s)

2019-07-09 15:04:17 - [TEST_STEP][PASSED] - click(findTestObject("APOLLO- Desktop/Burger Menu/Shop food")): Object: 'Object Repository/APOLLO- Desktop/Burger Menu/Shop food' is clicked on

2019-07-09 15:04:17 - [MESSAGE][PASSED] - Object: 'Object Repository/APOLLO- Desktop/Burger Menu/Shop food' is clicked on

2019-07-09 15:04:17 - [TEST_STEP][PASSED] - delay(2): Delayed 2 second(s)

2019-07-09 15:04:19 - [MESSAGE][PASSED] - Delayed 2 second(s)

2019-07-09 15:04:19 - [TEST_STEP][PASSED] - click(findTestObject("APOLLO- Desktop/Burger Menu/Beef")): Object: 'Object Repository/APOLLO- Desktop/Burger Menu/Beef' is clicked on

2019-07-09 15:05:24 - [MESSAGE][PASSED] - Object: 'Object Repository/APOLLO- Desktop/Burger Menu/Beef' is clicked on

2019-07-09 15:05:24 - [TEST_STEP][PASSED] - delay(2): Delayed 2 second(s)

2019-07-09 15:05:26 - [MESSAGE][PASSED] - Delayed 2 second(s)

2019-07-09 15:05:26 - [TEST_STEP][PASSED] - executeJavaScript("var previewBar = document.getElementById("preview-bar-iframe"); previewBar.style.display = "none";", []): Execute JavaScript 'var previewBar = document.getElementById("preview-bar-iframe"); previewBar.style.display = "none";' successfully

2019-07-09 15:05:26 - [MESSAGE][PASSED] - Execute JavaScript 'var previewBar = document.getElementById("preview-bar-iframe"); previewBar.style.display = "none";' successfully

2019-07-09 15:05:26 - [TEST_STEP][PASSED] - delay(2): Delayed 2 second(s)

2019-07-09 15:05:28 - [MESSAGE][PASSED] - Delayed 2 second(s)

2019-07-09 15:05:28 - [TEST_STEP][PASSED] - click(findTestObject("APOLLO- Desktop/Collection page/layout less")): Object: 'Object Repository/APOLLO- Desktop/Collection page/layout less' is clicked on

2019-07-09 15:06:09 - [MESSAGE][PASSED] - Object: 'Object Repository/APOLLO- Desktop/Collection page/layout less' is clicked on

2019-07-09 15:06:09 - [TEST_STEP][PASSED] - delay(2): Delayed 2 second(s)

2019-07-09 15:06:11 - [MESSAGE][PASSED] - Delayed 2 second(s)

2019-07-09 15:06:11 - [TEST_STEP][PASSED] - a = getPageHeight(): Current page's height is 3652

2019-07-09 15:06:11 - [MESSAGE][PASSED] - Current page's height is 3652

2019-07-09 15:06:11 - [TEST_STEP][PASSED] - comment("a=" + a): a=3652

2019-07-09 15:06:11 - [MESSAGE][INFO] - a=3652

2019-07-09 15:06:11 - [TEST_STEP][PASSED] - delay(2): Delayed 2 second(s)

2019-07-09 15:06:13 - [MESSAGE][PASSED] - Delayed 2 second(s)

2019-07-09 15:06:13 - [TEST_STEP][PASSED] - click(findTestObject("APOLLO- Desktop/Collection page/layout more")): Object: 'Object Repository/APOLLO- Desktop/Collection page/layout more' is clicked on

2019-07-09 15:06:16 - [MESSAGE][PASSED] - Object: 'Object Repository/APOLLO- Desktop/Collection page/layout more' is clicked on

2019-07-09 15:06:16 - [TEST_STEP][PASSED] - delay(2): Delayed 2 second(s)

2019-07-09 15:06:18 - [MESSAGE][PASSED] - Delayed 2 second(s)

2019-07-09 15:06:18 - [TEST_STEP][PASSED] - b = getPageHeight(): Current page's height is 2066

2019-07-09 15:06:18 - [MESSAGE][PASSED] - Current page's height is 2066

2019-07-09 15:06:18 - [TEST_STEP][PASSED] - comment("b=" + b): b=2066

2019-07-09 15:06:18 - [MESSAGE][INFO] - b=2066

2019-07-09 15:06:18 - [TEST_STEP][PASSED] - verifyLessThan(b, a): Actual number '2,066' is less than expected number '3,652'

2019-07-09 15:06:18 - [MESSAGE][PASSED] - Actual number '2,066' is less than expected number '3,652']]></system-out>
         <system-err><![CDATA[]]></system-err>
      </testcase>
      <testcase name="Test Cases/COLLECTION PAGE/Filter" classname="Test Cases/COLLECTION PAGE/Filter" status="PASSED">
         <system-out><![CDATA[2019-07-09 15:06:18 - [TEST_CASE][PASSED] - Test Cases/COLLECTION PAGE/Filter: Test Cases/COLLECTION PAGE/Filter

2019-07-09 15:06:18 - [TEST_STEP][PASSED] - callTestCase(findTestCase("CALL - URL"), [:], STOP_ON_FAILURE): Call Test Case 'Test Cases/CALL - URL' successfully

2019-07-09 15:06:18 - [TEST_CASE][PASSED] - Test Cases/CALL - URL: Test Cases/CALL - URL

2019-07-09 15:06:18 - [TEST_STEP][PASSED] - openBrowser(""): Browser is opened with url: ''

2019-07-09 15:06:18 - [MESSAGE][WARNING] - A browser is already opened. Closing browser and opening a new one

2019-07-09 15:06:18 - [MESSAGE][INFO] - Starting 'Chrome' driver

2019-07-09 15:06:19 - [MESSAGE][PASSED] - Browser is opened with url: ''

2019-07-09 15:06:19 - [TEST_STEP][PASSED] - navigateToUrl("https://apollo-fireball.myshopify.com/?_ab=0&_fd=0&_sc=1&key=96c2edace7b9967f3a77c2e2b131937136039831e9ec35f31598610005fa8795&preview_theme_id=46803124304"): Navigate to 'https://apollo-fireball.myshopify.com/?_ab=0&_fd=0&_sc=1&key=96c2edace7b9967f3a77c2e2b131937136039831e9ec35f31598610005fa8795&preview_theme_id=46803124304' successfully

2019-07-09 15:06:24 - [MESSAGE][PASSED] - Navigate to 'https://apollo-fireball.myshopify.com/?_ab=0&_fd=0&_sc=1&key=96c2edace7b9967f3a77c2e2b131937136039831e9ec35f31598610005fa8795&preview_theme_id=46803124304' successfully

2019-07-09 15:06:24 - [TEST_STEP][PASSED] - executeJavaScript("var previewBar = document.getElementById("preview-bar-iframe"); previewBar.style.display = "none";", []): Execute JavaScript 'var previewBar = document.getElementById("preview-bar-iframe"); previewBar.style.display = "none";' successfully

2019-07-09 15:06:24 - [MESSAGE][PASSED] - Execute JavaScript 'var previewBar = document.getElementById("preview-bar-iframe"); previewBar.style.display = "none";' successfully

2019-07-09 15:06:24 - [TEST_STEP][PASSED] - maximizeWindow(): Current window maximized

2019-07-09 15:06:24 - [MESSAGE][PASSED] - Current window maximized

2019-07-09 15:06:24 - [MESSAGE][PASSED] - Call Test Case 'Test Cases/CALL - URL' successfully

2019-07-09 15:06:24 - [TEST_STEP][PASSED] - delay(2): Delayed 2 second(s)

2019-07-09 15:06:26 - [MESSAGE][PASSED] - Delayed 2 second(s)

2019-07-09 15:06:26 - [TEST_STEP][PASSED] - click(findTestObject("APOLLO- Desktop/Burger Menu/Burgermenu")): Object: 'Object Repository/APOLLO- Desktop/Burger Menu/Burgermenu' is clicked on

2019-07-09 15:06:26 - [MESSAGE][PASSED] - Object: 'Object Repository/APOLLO- Desktop/Burger Menu/Burgermenu' is clicked on

2019-07-09 15:06:26 - [TEST_STEP][PASSED] - delay(2): Delayed 2 second(s)

2019-07-09 15:06:28 - [MESSAGE][PASSED] - Delayed 2 second(s)

2019-07-09 15:06:28 - [TEST_STEP][PASSED] - click(findTestObject("APOLLO- Desktop/Burger Menu/Shop food")): Object: 'Object Repository/APOLLO- Desktop/Burger Menu/Shop food' is clicked on

2019-07-09 15:06:28 - [MESSAGE][PASSED] - Object: 'Object Repository/APOLLO- Desktop/Burger Menu/Shop food' is clicked on

2019-07-09 15:06:28 - [TEST_STEP][PASSED] - delay(2): Delayed 2 second(s)

2019-07-09 15:06:30 - [MESSAGE][PASSED] - Delayed 2 second(s)

2019-07-09 15:06:30 - [TEST_STEP][PASSED] - click(findTestObject("APOLLO- Desktop/Burger Menu/Sides")): Object: 'Object Repository/APOLLO- Desktop/Burger Menu/Sides' is clicked on

2019-07-09 15:06:38 - [MESSAGE][PASSED] - Object: 'Object Repository/APOLLO- Desktop/Burger Menu/Sides' is clicked on

2019-07-09 15:06:38 - [TEST_STEP][PASSED] - delay(2): Delayed 2 second(s)

2019-07-09 15:06:40 - [MESSAGE][PASSED] - Delayed 2 second(s)

2019-07-09 15:06:40 - [TEST_STEP][PASSED] - executeJavaScript("var previewBar = document.getElementById("preview-bar-iframe"); previewBar.style.display = "none";", []): Execute JavaScript 'var previewBar = document.getElementById("preview-bar-iframe"); previewBar.style.display = "none";' successfully

2019-07-09 15:06:40 - [MESSAGE][PASSED] - Execute JavaScript 'var previewBar = document.getElementById("preview-bar-iframe"); previewBar.style.display = "none";' successfully

2019-07-09 15:06:40 - [TEST_STEP][PASSED] - delay(2): Delayed 2 second(s)

2019-07-09 15:06:42 - [MESSAGE][PASSED] - Delayed 2 second(s)

2019-07-09 15:06:42 - [TEST_STEP][PASSED] - click(findTestObject("APOLLO- Desktop/Collection page/Filter/Filter dropdown")): Object: 'Object Repository/APOLLO- Desktop/Collection page/Filter/Filter dropdown' is clicked on

2019-07-09 15:06:42 - [MESSAGE][PASSED] - Object: 'Object Repository/APOLLO- Desktop/Collection page/Filter/Filter dropdown' is clicked on

2019-07-09 15:06:42 - [TEST_STEP][PASSED] - delay(2): Delayed 2 second(s)

2019-07-09 15:06:44 - [MESSAGE][PASSED] - Delayed 2 second(s)

2019-07-09 15:06:44 - [TEST_STEP][PASSED] - click(findTestObject("APOLLO- Desktop/Collection page/Filter/Pork")): Object: 'Object Repository/APOLLO- Desktop/Collection page/Filter/Pork' is clicked on

2019-07-09 15:06:44 - [MESSAGE][PASSED] - Object: 'Object Repository/APOLLO- Desktop/Collection page/Filter/Pork' is clicked on

2019-07-09 15:06:44 - [TEST_STEP][PASSED] - delay(2): Delayed 2 second(s)

2019-07-09 15:06:46 - [MESSAGE][PASSED] - Delayed 2 second(s)

2019-07-09 15:06:46 - [TEST_STEP][PASSED] - click(findTestObject("APOLLO- Desktop/Collection page/Filter/Filter dropdown")): Object: 'Object Repository/APOLLO- Desktop/Collection page/Filter/Filter dropdown' is clicked on

2019-07-09 15:06:46 - [MESSAGE][PASSED] - Object: 'Object Repository/APOLLO- Desktop/Collection page/Filter/Filter dropdown' is clicked on

2019-07-09 15:06:46 - [TEST_STEP][PASSED] - delay(2): Delayed 2 second(s)

2019-07-09 15:06:48 - [MESSAGE][PASSED] - Delayed 2 second(s)

2019-07-09 15:06:48 - [TEST_STEP][PASSED] - a = getText(findTestObject("APOLLO- Desktop/Collection page/Filter/Filtered count")): Text of object 'Object Repository/APOLLO- Desktop/Collection page/Filter/Filtered count' is: '1'

2019-07-09 15:06:48 - [MESSAGE][PASSED] - Text of object 'Object Repository/APOLLO- Desktop/Collection page/Filter/Filtered count' is: '1'

2019-07-09 15:06:48 - [TEST_STEP][PASSED] - delay(2): Delayed 2 second(s)

2019-07-09 15:06:50 - [MESSAGE][PASSED] - Delayed 2 second(s)

2019-07-09 15:06:50 - [TEST_STEP][PASSED] - comment("a=" + a): a=1

2019-07-09 15:06:50 - [MESSAGE][INFO] - a=1

2019-07-09 15:06:50 - [TEST_STEP][PASSED] - b = 0: null

2019-07-09 15:06:50 - [TEST_STEP][PASSED] - verifyNotEqual("a", "b"): Actual object 'a' and expected object 'b' are not equal

2019-07-09 15:06:50 - [MESSAGE][PASSED] - Actual object 'a' and expected object 'b' are not equal

2019-07-09 15:06:50 - [TEST_STEP][PASSED] - delay(2): Delayed 2 second(s)

2019-07-09 15:06:52 - [MESSAGE][PASSED] - Delayed 2 second(s)

2019-07-09 15:06:52 - [TEST_STEP][PASSED] - click(findTestObject("APOLLO- Desktop/Collection page/Filter/Filter dropdown")): Object: 'Object Repository/APOLLO- Desktop/Collection page/Filter/Filter dropdown' is clicked on

2019-07-09 15:06:52 - [MESSAGE][PASSED] - Object: 'Object Repository/APOLLO- Desktop/Collection page/Filter/Filter dropdown' is clicked on

2019-07-09 15:06:52 - [TEST_STEP][PASSED] - delay(2): Delayed 2 second(s)

2019-07-09 15:06:54 - [MESSAGE][PASSED] - Delayed 2 second(s)

2019-07-09 15:06:54 - [TEST_STEP][PASSED] - click(findTestObject("APOLLO- Desktop/Collection page/Filter/Sides")): Object: 'Object Repository/APOLLO- Desktop/Collection page/Filter/Sides' is clicked on

2019-07-09 15:06:54 - [MESSAGE][PASSED] - Object: 'Object Repository/APOLLO- Desktop/Collection page/Filter/Sides' is clicked on

2019-07-09 15:06:54 - [TEST_STEP][PASSED] - delay(2): Delayed 2 second(s)

2019-07-09 15:06:56 - [MESSAGE][PASSED] - Delayed 2 second(s)

2019-07-09 15:06:56 - [TEST_STEP][PASSED] - click(findTestObject("APOLLO- Desktop/Collection page/Filter/Filter dropdown")): Object: 'Object Repository/APOLLO- Desktop/Collection page/Filter/Filter dropdown' is clicked on

2019-07-09 15:06:56 - [MESSAGE][PASSED] - Object: 'Object Repository/APOLLO- Desktop/Collection page/Filter/Filter dropdown' is clicked on

2019-07-09 15:06:56 - [TEST_STEP][PASSED] - delay(2): Delayed 2 second(s)

2019-07-09 15:06:58 - [MESSAGE][PASSED] - Delayed 2 second(s)

2019-07-09 15:06:58 - [TEST_STEP][PASSED] - a4 = getText(findTestObject("APOLLO- Desktop/Collection page/Filter/Filtered count")): Text of object 'Object Repository/APOLLO- Desktop/Collection page/Filter/Filtered count' is: '6'

2019-07-09 15:06:58 - [MESSAGE][PASSED] - Text of object 'Object Repository/APOLLO- Desktop/Collection page/Filter/Filtered count' is: '6'

2019-07-09 15:06:58 - [TEST_STEP][PASSED] - comment("a4=" + a4): a4=6

2019-07-09 15:06:58 - [MESSAGE][INFO] - a4=6

2019-07-09 15:06:58 - [TEST_STEP][PASSED] - verifyNotEqual("a4", "b"): Actual object 'a4' and expected object 'b' are not equal

2019-07-09 15:06:58 - [MESSAGE][PASSED] - Actual object 'a4' and expected object 'b' are not equal

2019-07-09 15:06:58 - [TEST_STEP][PASSED] - delay(4): Delayed 4 second(s)

2019-07-09 15:07:02 - [MESSAGE][PASSED] - Delayed 4 second(s)

2019-07-09 15:07:02 - [TEST_STEP][PASSED] - delay(2): Delayed 2 second(s)

2019-07-09 15:07:04 - [MESSAGE][PASSED] - Delayed 2 second(s)

2019-07-09 15:07:04 - [TEST_STEP][PASSED] - click(findTestObject("APOLLO- Desktop/Collection page/Filter/a_Clear all filters")): Object: 'Object Repository/APOLLO- Desktop/Collection page/Filter/a_Clear all filters' is clicked on

2019-07-09 15:07:04 - [MESSAGE][PASSED] - Object: 'Object Repository/APOLLO- Desktop/Collection page/Filter/a_Clear all filters' is clicked on

2019-07-09 15:07:04 - [TEST_STEP][PASSED] - delay(2): Delayed 2 second(s)

2019-07-09 15:07:06 - [MESSAGE][PASSED] - Delayed 2 second(s)

2019-07-09 15:07:06 - [TEST_STEP][PASSED] - a12 = getText(findTestObject("APOLLO- Desktop/Collection page/Filter/Filtered count")): Text of object 'Object Repository/APOLLO- Desktop/Collection page/Filter/Filtered count' is: '6'

2019-07-09 15:07:06 - [MESSAGE][PASSED] - Text of object 'Object Repository/APOLLO- Desktop/Collection page/Filter/Filtered count' is: '6'

2019-07-09 15:07:06 - [TEST_STEP][PASSED] - delay(2): Delayed 2 second(s)

2019-07-09 15:07:08 - [MESSAGE][PASSED] - Delayed 2 second(s)

2019-07-09 15:07:08 - [TEST_STEP][PASSED] - comment("a12=" + a12): a12=6

2019-07-09 15:07:08 - [MESSAGE][INFO] - a12=6

2019-07-09 15:07:08 - [TEST_STEP][PASSED] - verifyNotEqual("a12", "b"): Actual object 'a12' and expected object 'b' are not equal

2019-07-09 15:07:08 - [MESSAGE][PASSED] - Actual object 'a12' and expected object 'b' are not equal]]></system-out>
         <system-err><![CDATA[]]></system-err>
      </testcase>
      <testcase name="Test Cases/HOME PAGE/Welcome to ur store and gettting hungry" classname="Test Cases/HOME PAGE/Welcome to ur store and gettting hungry" status="PASSED">
         <system-out><![CDATA[2019-07-09 15:07:08 - [TEST_CASE][PASSED] - Test Cases/HOME PAGE/Welcome to ur store and gettting hungry: Test Cases/HOME PAGE/Welcome to ur store and gettting hungry

2019-07-09 15:07:09 - [TEST_STEP][PASSED] - callTestCase(findTestCase("CALL - URL"), [:], STOP_ON_FAILURE): Call Test Case 'Test Cases/CALL - URL' successfully

2019-07-09 15:07:09 - [TEST_CASE][PASSED] - Test Cases/CALL - URL: Test Cases/CALL - URL

2019-07-09 15:07:09 - [TEST_STEP][PASSED] - openBrowser(""): Browser is opened with url: ''

2019-07-09 15:07:09 - [MESSAGE][WARNING] - A browser is already opened. Closing browser and opening a new one

2019-07-09 15:07:09 - [MESSAGE][INFO] - Starting 'Chrome' driver

2019-07-09 15:07:10 - [MESSAGE][PASSED] - Browser is opened with url: ''

2019-07-09 15:07:10 - [TEST_STEP][PASSED] - navigateToUrl("https://apollo-fireball.myshopify.com/?_ab=0&_fd=0&_sc=1&key=96c2edace7b9967f3a77c2e2b131937136039831e9ec35f31598610005fa8795&preview_theme_id=46803124304"): Navigate to 'https://apollo-fireball.myshopify.com/?_ab=0&_fd=0&_sc=1&key=96c2edace7b9967f3a77c2e2b131937136039831e9ec35f31598610005fa8795&preview_theme_id=46803124304' successfully

2019-07-09 15:07:14 - [MESSAGE][PASSED] - Navigate to 'https://apollo-fireball.myshopify.com/?_ab=0&_fd=0&_sc=1&key=96c2edace7b9967f3a77c2e2b131937136039831e9ec35f31598610005fa8795&preview_theme_id=46803124304' successfully

2019-07-09 15:07:14 - [TEST_STEP][PASSED] - executeJavaScript("var previewBar = document.getElementById("preview-bar-iframe"); previewBar.style.display = "none";", []): Execute JavaScript 'var previewBar = document.getElementById("preview-bar-iframe"); previewBar.style.display = "none";' successfully

2019-07-09 15:07:14 - [MESSAGE][PASSED] - Execute JavaScript 'var previewBar = document.getElementById("preview-bar-iframe"); previewBar.style.display = "none";' successfully

2019-07-09 15:07:14 - [TEST_STEP][PASSED] - maximizeWindow(): Current window maximized

2019-07-09 15:07:15 - [MESSAGE][PASSED] - Current window maximized

2019-07-09 15:07:15 - [MESSAGE][PASSED] - Call Test Case 'Test Cases/CALL - URL' successfully

2019-07-09 15:07:15 - [TEST_STEP][PASSED] - delay(2): Delayed 2 second(s)

2019-07-09 15:07:17 - [MESSAGE][PASSED] - Delayed 2 second(s)

2019-07-09 15:07:17 - [TEST_STEP][PASSED] - scrollToElement(findTestObject("APOLLO- Desktop/Home page/Welcome to our store/Welcome to ur stire"), 0): Scroll to object 'Object Repository/APOLLO- Desktop/Home page/Welcome to our store/Welcome to ur stire' successfully

2019-07-09 15:07:17 - [MESSAGE][WARNING] - Timeout '0' is invalid. Using default page load timeout: '30'

2019-07-09 15:07:17 - [MESSAGE][PASSED] - Scroll to object 'Object Repository/APOLLO- Desktop/Home page/Welcome to our store/Welcome to ur stire' successfully

2019-07-09 15:07:17 - [TEST_STEP][PASSED] - delay(2): Delayed 2 second(s)

2019-07-09 15:07:19 - [MESSAGE][PASSED] - Delayed 2 second(s)

2019-07-09 15:07:19 - [TEST_STEP][PASSED] - click(findTestObject("APOLLO- Desktop/Home page/Welcome to our store/About Us")): Object: 'Object Repository/APOLLO- Desktop/Home page/Welcome to our store/About Us' is clicked on

2019-07-09 15:07:19 - [MESSAGE][PASSED] - Object: 'Object Repository/APOLLO- Desktop/Home page/Welcome to our store/About Us' is clicked on

2019-07-09 15:07:19 - [TEST_STEP][PASSED] - back(): Navigate back successfully

2019-07-09 15:07:23 - [MESSAGE][PASSED] - Navigate back successfully

2019-07-09 15:07:23 - [TEST_STEP][PASSED] - executeJavaScript("var previewBar = document.getElementById("preview-bar-iframe"); previewBar.style.display = "none";", []): Execute JavaScript 'var previewBar = document.getElementById("preview-bar-iframe"); previewBar.style.display = "none";' successfully

2019-07-09 15:07:23 - [MESSAGE][PASSED] - Execute JavaScript 'var previewBar = document.getElementById("preview-bar-iframe"); previewBar.style.display = "none";' successfully

2019-07-09 15:07:23 - [TEST_STEP][PASSED] - click(findTestObject("APOLLO- Desktop/Home page/Welcome to our store/Shop collection")): Object: 'Object Repository/APOLLO- Desktop/Home page/Welcome to our store/Shop collection' is clicked on

2019-07-09 15:07:27 - [MESSAGE][PASSED] - Object: 'Object Repository/APOLLO- Desktop/Home page/Welcome to our store/Shop collection' is clicked on

2019-07-09 15:07:27 - [TEST_STEP][PASSED] - back(): Navigate back successfully

2019-07-09 15:07:30 - [MESSAGE][PASSED] - Navigate back successfully

2019-07-09 15:07:30 - [TEST_STEP][PASSED] - executeJavaScript("var previewBar = document.getElementById("preview-bar-iframe"); previewBar.style.display = "none";", []): Execute JavaScript 'var previewBar = document.getElementById("preview-bar-iframe"); previewBar.style.display = "none";' successfully

2019-07-09 15:07:30 - [MESSAGE][PASSED] - Execute JavaScript 'var previewBar = document.getElementById("preview-bar-iframe"); previewBar.style.display = "none";' successfully

2019-07-09 15:07:30 - [TEST_STEP][PASSED] - click(findTestObject("APOLLO- Desktop/Home page/Welcome to our store/learn more about us")): Object: 'Object Repository/APOLLO- Desktop/Home page/Welcome to our store/learn more about us' is clicked on

2019-07-09 15:07:30 - [MESSAGE][PASSED] - Object: 'Object Repository/APOLLO- Desktop/Home page/Welcome to our store/learn more about us' is clicked on

2019-07-09 15:07:30 - [TEST_STEP][PASSED] - back(): Navigate back successfully

2019-07-09 15:07:33 - [MESSAGE][PASSED] - Navigate back successfully

2019-07-09 15:07:33 - [TEST_STEP][PASSED] - executeJavaScript("var previewBar = document.getElementById("preview-bar-iframe"); previewBar.style.display = "none";", []): Execute JavaScript 'var previewBar = document.getElementById("preview-bar-iframe"); previewBar.style.display = "none";' successfully

2019-07-09 15:07:33 - [MESSAGE][PASSED] - Execute JavaScript 'var previewBar = document.getElementById("preview-bar-iframe"); previewBar.style.display = "none";' successfully

2019-07-09 15:07:33 - [TEST_STEP][PASSED] - scrollToElement(findTestObject("APOLLO- Desktop/Home page/Welcome to our store/Getting hungry"), 0): Scroll to object 'Object Repository/APOLLO- Desktop/Home page/Welcome to our store/Getting hungry' successfully

2019-07-09 15:07:33 - [MESSAGE][WARNING] - Timeout '0' is invalid. Using default page load timeout: '30'

2019-07-09 15:07:33 - [MESSAGE][PASSED] - Scroll to object 'Object Repository/APOLLO- Desktop/Home page/Welcome to our store/Getting hungry' successfully

2019-07-09 15:07:33 - [TEST_STEP][PASSED] - delay(2): Delayed 2 second(s)

2019-07-09 15:07:35 - [MESSAGE][PASSED] - Delayed 2 second(s)

2019-07-09 15:07:35 - [TEST_STEP][PASSED] - click(findTestObject("APOLLO- Desktop/Home page/Welcome to our store/COntact us")): Object: 'Object Repository/APOLLO- Desktop/Home page/Welcome to our store/COntact us' is clicked on

2019-07-09 15:07:36 - [MESSAGE][PASSED] - Object: 'Object Repository/APOLLO- Desktop/Home page/Welcome to our store/COntact us' is clicked on]]></system-out>
         <system-err><![CDATA[]]></system-err>
      </testcase>
      <testcase name="Test Cases/HOME PAGE/Hero banner - CTA" classname="Test Cases/HOME PAGE/Hero banner - CTA" status="PASSED">
         <system-out><![CDATA[2019-07-09 15:07:36 - [TEST_CASE][PASSED] - Test Cases/HOME PAGE/Hero banner - CTA: Test Cases/HOME PAGE/Hero banner - CTA

2019-07-09 15:07:36 - [TEST_STEP][PASSED] - callTestCase(findTestCase("CALL - URL"), [:], STOP_ON_FAILURE): Call Test Case 'Test Cases/CALL - URL' successfully

2019-07-09 15:07:36 - [TEST_CASE][PASSED] - Test Cases/CALL - URL: Test Cases/CALL - URL

2019-07-09 15:07:36 - [TEST_STEP][PASSED] - openBrowser(""): Browser is opened with url: ''

2019-07-09 15:07:36 - [MESSAGE][WARNING] - A browser is already opened. Closing browser and opening a new one

2019-07-09 15:07:36 - [MESSAGE][INFO] - Starting 'Chrome' driver

2019-07-09 15:07:38 - [MESSAGE][PASSED] - Browser is opened with url: ''

2019-07-09 15:07:38 - [TEST_STEP][PASSED] - navigateToUrl("https://apollo-fireball.myshopify.com/?_ab=0&_fd=0&_sc=1&key=96c2edace7b9967f3a77c2e2b131937136039831e9ec35f31598610005fa8795&preview_theme_id=46803124304"): Navigate to 'https://apollo-fireball.myshopify.com/?_ab=0&_fd=0&_sc=1&key=96c2edace7b9967f3a77c2e2b131937136039831e9ec35f31598610005fa8795&preview_theme_id=46803124304' successfully

2019-07-09 15:07:41 - [MESSAGE][PASSED] - Navigate to 'https://apollo-fireball.myshopify.com/?_ab=0&_fd=0&_sc=1&key=96c2edace7b9967f3a77c2e2b131937136039831e9ec35f31598610005fa8795&preview_theme_id=46803124304' successfully

2019-07-09 15:07:41 - [TEST_STEP][PASSED] - executeJavaScript("var previewBar = document.getElementById("preview-bar-iframe"); previewBar.style.display = "none";", []): Execute JavaScript 'var previewBar = document.getElementById("preview-bar-iframe"); previewBar.style.display = "none";' successfully

2019-07-09 15:07:41 - [MESSAGE][PASSED] - Execute JavaScript 'var previewBar = document.getElementById("preview-bar-iframe"); previewBar.style.display = "none";' successfully

2019-07-09 15:07:41 - [TEST_STEP][PASSED] - maximizeWindow(): Current window maximized

2019-07-09 15:07:42 - [MESSAGE][PASSED] - Current window maximized

2019-07-09 15:07:42 - [MESSAGE][PASSED] - Call Test Case 'Test Cases/CALL - URL' successfully

2019-07-09 15:07:42 - [TEST_STEP][PASSED] - delay(2): Delayed 2 second(s)

2019-07-09 15:07:44 - [MESSAGE][PASSED] - Delayed 2 second(s)

2019-07-09 15:07:44 - [TEST_STEP][PASSED] - click(findTestObject("APOLLO- Desktop/Home page/Hero banner - CTA/First slick slide")): Object: 'Object Repository/APOLLO- Desktop/Home page/Hero banner - CTA/First slick slide' is clicked on

2019-07-09 15:07:44 - [MESSAGE][PASSED] - Object: 'Object Repository/APOLLO- Desktop/Home page/Hero banner - CTA/First slick slide' is clicked on

2019-07-09 15:07:44 - [TEST_STEP][PASSED] - delay(2): Delayed 2 second(s)

2019-07-09 15:07:46 - [MESSAGE][PASSED] - Delayed 2 second(s)

2019-07-09 15:07:46 - [TEST_STEP][PASSED] - click(findTestObject("APOLLO- Desktop/Home page/Hero banner - CTA/Shop healthy meals")): Object: 'Object Repository/APOLLO- Desktop/Home page/Hero banner - CTA/Shop healthy meals' is clicked on

2019-07-09 15:07:48 - [MESSAGE][PASSED] - Object: 'Object Repository/APOLLO- Desktop/Home page/Hero banner - CTA/Shop healthy meals' is clicked on

2019-07-09 15:07:48 - [TEST_STEP][PASSED] - delay(2): Delayed 2 second(s)

2019-07-09 15:07:50 - [MESSAGE][PASSED] - Delayed 2 second(s)

2019-07-09 15:07:50 - [TEST_STEP][PASSED] - click(findTestObject("APOLLO- Desktop/Home page/Hero banner - CTA/Apollo icon")): Object: 'Object Repository/APOLLO- Desktop/Home page/Hero banner - CTA/Apollo icon' is clicked on

2019-07-09 15:07:53 - [MESSAGE][PASSED] - Object: 'Object Repository/APOLLO- Desktop/Home page/Hero banner - CTA/Apollo icon' is clicked on

2019-07-09 15:07:53 - [TEST_STEP][PASSED] - delay(2): Delayed 2 second(s)

2019-07-09 15:07:55 - [MESSAGE][PASSED] - Delayed 2 second(s)

2019-07-09 15:07:55 - [TEST_STEP][PASSED] - click(findTestObject("APOLLO- Desktop/Home page/Hero banner - CTA/second slick slide")): Object: 'Object Repository/APOLLO- Desktop/Home page/Hero banner - CTA/second slick slide' is clicked on

2019-07-09 15:07:55 - [MESSAGE][PASSED] - Object: 'Object Repository/APOLLO- Desktop/Home page/Hero banner - CTA/second slick slide' is clicked on

2019-07-09 15:07:55 - [TEST_STEP][PASSED] - delay(2): Delayed 2 second(s)

2019-07-09 15:07:57 - [MESSAGE][PASSED] - Delayed 2 second(s)

2019-07-09 15:07:57 - [TEST_STEP][PASSED] - click(findTestObject("APOLLO- Desktop/Home page/Hero banner - CTA/Shop sides")): Object: 'Object Repository/APOLLO- Desktop/Home page/Hero banner - CTA/Shop sides' is clicked on

2019-07-09 15:08:01 - [MESSAGE][PASSED] - Object: 'Object Repository/APOLLO- Desktop/Home page/Hero banner - CTA/Shop sides' is clicked on

2019-07-09 15:08:01 - [TEST_STEP][PASSED] - delay(2): Delayed 2 second(s)

2019-07-09 15:08:03 - [MESSAGE][PASSED] - Delayed 2 second(s)

2019-07-09 15:08:03 - [TEST_STEP][PASSED] - click(findTestObject("APOLLO- Desktop/Home page/Hero banner - CTA/Apollo icon")): Object: 'Object Repository/APOLLO- Desktop/Home page/Hero banner - CTA/Apollo icon' is clicked on

2019-07-09 15:08:05 - [MESSAGE][PASSED] - Object: 'Object Repository/APOLLO- Desktop/Home page/Hero banner - CTA/Apollo icon' is clicked on

2019-07-09 15:08:05 - [TEST_STEP][PASSED] - delay(2): Delayed 2 second(s)

2019-07-09 15:08:07 - [MESSAGE][PASSED] - Delayed 2 second(s)

2019-07-09 15:08:07 - [TEST_STEP][PASSED] - click(findTestObject("APOLLO- Desktop/Home page/Hero banner - CTA/First slick slide")): Object: 'Object Repository/APOLLO- Desktop/Home page/Hero banner - CTA/First slick slide' is clicked on

2019-07-09 15:08:07 - [MESSAGE][PASSED] - Object: 'Object Repository/APOLLO- Desktop/Home page/Hero banner - CTA/First slick slide' is clicked on

2019-07-09 15:08:07 - [TEST_STEP][PASSED] - delay(2): Delayed 2 second(s)

2019-07-09 15:08:09 - [MESSAGE][PASSED] - Delayed 2 second(s)

2019-07-09 15:08:09 - [TEST_STEP][PASSED] - mouseOver(findTestObject("APOLLO- Desktop/Home page/Hero banner - CTA/Next button chevron")): Object: 'Object Repository/APOLLO- Desktop/Home page/Hero banner - CTA/Next button chevron' is hovered

2019-07-09 15:08:09 - [MESSAGE][PASSED] - Object: 'Object Repository/APOLLO- Desktop/Home page/Hero banner - CTA/Next button chevron' is hovered

2019-07-09 15:08:09 - [TEST_STEP][PASSED] - delay(2): Delayed 2 second(s)

2019-07-09 15:08:11 - [MESSAGE][PASSED] - Delayed 2 second(s)

2019-07-09 15:08:11 - [TEST_STEP][PASSED] - click(findTestObject("APOLLO- Desktop/Home page/Hero banner - CTA/Next button chevron")): Object: 'Object Repository/APOLLO- Desktop/Home page/Hero banner - CTA/Next button chevron' is clicked on

2019-07-09 15:08:11 - [MESSAGE][PASSED] - Object: 'Object Repository/APOLLO- Desktop/Home page/Hero banner - CTA/Next button chevron' is clicked on

2019-07-09 15:08:11 - [TEST_STEP][PASSED] - delay(2): Delayed 2 second(s)

2019-07-09 15:08:13 - [MESSAGE][PASSED] - Delayed 2 second(s)

2019-07-09 15:08:13 - [TEST_STEP][PASSED] - click(findTestObject("APOLLO- Desktop/Home page/Hero banner - CTA/Previous button chevron")): Object: 'Object Repository/APOLLO- Desktop/Home page/Hero banner - CTA/Previous button chevron' is clicked on

2019-07-09 15:08:13 - [MESSAGE][PASSED] - Object: 'Object Repository/APOLLO- Desktop/Home page/Hero banner - CTA/Previous button chevron' is clicked on

2019-07-09 15:08:13 - [TEST_STEP][PASSED] - delay(2): Delayed 2 second(s)

2019-07-09 15:08:15 - [MESSAGE][PASSED] - Delayed 2 second(s)

2019-07-09 15:08:15 - [TEST_STEP][PASSED] - click(findTestObject("APOLLO- Desktop/Home page/Hero banner - CTA/button_Next section")): Object: 'Object Repository/APOLLO- Desktop/Home page/Hero banner - CTA/button_Next section' is clicked on

2019-07-09 15:08:16 - [MESSAGE][PASSED] - Object: 'Object Repository/APOLLO- Desktop/Home page/Hero banner - CTA/button_Next section' is clicked on

2019-07-09 15:08:16 - [TEST_STEP][PASSED] - delay(2): Delayed 2 second(s)

2019-07-09 15:08:18 - [MESSAGE][PASSED] - Delayed 2 second(s)

2019-07-09 15:08:18 - [TEST_STEP][PASSED] - verifyTextPresent("Chicken Wings", false): Text 'Chicken Wings' is present on page 

2019-07-09 15:08:18 - [MESSAGE][PASSED] - Text 'Chicken Wings' is present on page]]></system-out>
         <system-err><![CDATA[]]></system-err>
      </testcase>
      <testcase name="Test Cases/HOME PAGE/Burger menu - navigation links" classname="Test Cases/HOME PAGE/Burger menu - navigation links" status="PASSED">
         <system-out><![CDATA[2019-07-09 15:08:18 - [TEST_CASE][PASSED] - Test Cases/HOME PAGE/Burger menu - navigation links: Test Cases/HOME PAGE/Burger menu - navigation links

2019-07-09 15:08:18 - [TEST_STEP][PASSED] - callTestCase(findTestCase("CALL - URL"), [:], STOP_ON_FAILURE): Call Test Case 'Test Cases/CALL - URL' successfully

2019-07-09 15:08:18 - [TEST_CASE][PASSED] - Test Cases/CALL - URL: Test Cases/CALL - URL

2019-07-09 15:08:18 - [TEST_STEP][PASSED] - openBrowser(""): Browser is opened with url: ''

2019-07-09 15:08:18 - [MESSAGE][WARNING] - A browser is already opened. Closing browser and opening a new one

2019-07-09 15:08:18 - [MESSAGE][INFO] - Starting 'Chrome' driver

2019-07-09 15:08:19 - [MESSAGE][PASSED] - Browser is opened with url: ''

2019-07-09 15:08:19 - [TEST_STEP][PASSED] - navigateToUrl("https://apollo-fireball.myshopify.com/?_ab=0&_fd=0&_sc=1&key=96c2edace7b9967f3a77c2e2b131937136039831e9ec35f31598610005fa8795&preview_theme_id=46803124304"): Navigate to 'https://apollo-fireball.myshopify.com/?_ab=0&_fd=0&_sc=1&key=96c2edace7b9967f3a77c2e2b131937136039831e9ec35f31598610005fa8795&preview_theme_id=46803124304' successfully

2019-07-09 15:08:24 - [MESSAGE][PASSED] - Navigate to 'https://apollo-fireball.myshopify.com/?_ab=0&_fd=0&_sc=1&key=96c2edace7b9967f3a77c2e2b131937136039831e9ec35f31598610005fa8795&preview_theme_id=46803124304' successfully

2019-07-09 15:08:24 - [TEST_STEP][PASSED] - executeJavaScript("var previewBar = document.getElementById("preview-bar-iframe"); previewBar.style.display = "none";", []): Execute JavaScript 'var previewBar = document.getElementById("preview-bar-iframe"); previewBar.style.display = "none";' successfully

2019-07-09 15:08:24 - [MESSAGE][PASSED] - Execute JavaScript 'var previewBar = document.getElementById("preview-bar-iframe"); previewBar.style.display = "none";' successfully

2019-07-09 15:08:24 - [TEST_STEP][PASSED] - maximizeWindow(): Current window maximized

2019-07-09 15:08:24 - [MESSAGE][PASSED] - Current window maximized

2019-07-09 15:08:24 - [MESSAGE][PASSED] - Call Test Case 'Test Cases/CALL - URL' successfully

2019-07-09 15:08:24 - [TEST_STEP][PASSED] - delay(2): Delayed 2 second(s)

2019-07-09 15:08:26 - [MESSAGE][PASSED] - Delayed 2 second(s)

2019-07-09 15:08:26 - [TEST_STEP][PASSED] - click(findTestObject("APOLLO- Desktop/Burger Menu/Burgermenu")): Object: 'Object Repository/APOLLO- Desktop/Burger Menu/Burgermenu' is clicked on

2019-07-09 15:08:26 - [MESSAGE][PASSED] - Object: 'Object Repository/APOLLO- Desktop/Burger Menu/Burgermenu' is clicked on

2019-07-09 15:08:26 - [TEST_STEP][PASSED] - delay(2): Delayed 2 second(s)

2019-07-09 15:08:28 - [MESSAGE][PASSED] - Delayed 2 second(s)

2019-07-09 15:08:28 - [TEST_STEP][PASSED] - click(findTestObject("APOLLO- Desktop/Burger Menu/Shop food")): Object: 'Object Repository/APOLLO- Desktop/Burger Menu/Shop food' is clicked on

2019-07-09 15:08:28 - [MESSAGE][PASSED] - Object: 'Object Repository/APOLLO- Desktop/Burger Menu/Shop food' is clicked on

2019-07-09 15:08:28 - [TEST_STEP][PASSED] - delay(2): Delayed 2 second(s)

2019-07-09 15:08:30 - [MESSAGE][PASSED] - Delayed 2 second(s)

2019-07-09 15:08:30 - [TEST_STEP][PASSED] - click(findTestObject("APOLLO- Desktop/Burger Menu/Beef")): Object: 'Object Repository/APOLLO- Desktop/Burger Menu/Beef' is clicked on

2019-07-09 15:08:34 - [MESSAGE][PASSED] - Object: 'Object Repository/APOLLO- Desktop/Burger Menu/Beef' is clicked on

2019-07-09 15:08:34 - [TEST_STEP][PASSED] - delay(2): Delayed 2 second(s)

2019-07-09 15:08:36 - [MESSAGE][PASSED] - Delayed 2 second(s)

2019-07-09 15:08:36 - [TEST_STEP][PASSED] - delay(2): Delayed 2 second(s)

2019-07-09 15:08:38 - [MESSAGE][PASSED] - Delayed 2 second(s)

2019-07-09 15:08:38 - [TEST_STEP][PASSED] - click(findTestObject("APOLLO- Desktop/Burger Menu/Burgermenu")): Object: 'Object Repository/APOLLO- Desktop/Burger Menu/Burgermenu' is clicked on

2019-07-09 15:08:38 - [MESSAGE][PASSED] - Object: 'Object Repository/APOLLO- Desktop/Burger Menu/Burgermenu' is clicked on

2019-07-09 15:08:38 - [TEST_STEP][PASSED] - delay(2): Delayed 2 second(s)

2019-07-09 15:08:40 - [MESSAGE][PASSED] - Delayed 2 second(s)

2019-07-09 15:08:40 - [TEST_STEP][PASSED] - click(findTestObject("APOLLO- Desktop/Burger Menu/Shop food")): Object: 'Object Repository/APOLLO- Desktop/Burger Menu/Shop food' is clicked on

2019-07-09 15:08:41 - [MESSAGE][PASSED] - Object: 'Object Repository/APOLLO- Desktop/Burger Menu/Shop food' is clicked on

2019-07-09 15:08:41 - [TEST_STEP][PASSED] - delay(2): Delayed 2 second(s)

2019-07-09 15:08:43 - [MESSAGE][PASSED] - Delayed 2 second(s)

2019-07-09 15:08:43 - [TEST_STEP][PASSED] - click(findTestObject("APOLLO- Desktop/Burger Menu/Chicken")): Object: 'Object Repository/APOLLO- Desktop/Burger Menu/Chicken' is clicked on

2019-07-09 15:08:52 - [MESSAGE][PASSED] - Object: 'Object Repository/APOLLO- Desktop/Burger Menu/Chicken' is clicked on

2019-07-09 15:08:52 - [TEST_STEP][PASSED] - delay(2): Delayed 2 second(s)

2019-07-09 15:08:54 - [MESSAGE][PASSED] - Delayed 2 second(s)

2019-07-09 15:08:54 - [TEST_STEP][PASSED] - delay(2): Delayed 2 second(s)

2019-07-09 15:08:56 - [MESSAGE][PASSED] - Delayed 2 second(s)

2019-07-09 15:08:56 - [TEST_STEP][PASSED] - click(findTestObject("APOLLO- Desktop/Burger Menu/Burgermenu")): Object: 'Object Repository/APOLLO- Desktop/Burger Menu/Burgermenu' is clicked on

2019-07-09 15:08:56 - [MESSAGE][PASSED] - Object: 'Object Repository/APOLLO- Desktop/Burger Menu/Burgermenu' is clicked on

2019-07-09 15:08:56 - [TEST_STEP][PASSED] - delay(2): Delayed 2 second(s)

2019-07-09 15:08:58 - [MESSAGE][PASSED] - Delayed 2 second(s)

2019-07-09 15:08:58 - [TEST_STEP][PASSED] - click(findTestObject("APOLLO- Desktop/Burger Menu/Shop food")): Object: 'Object Repository/APOLLO- Desktop/Burger Menu/Shop food' is clicked on

2019-07-09 15:08:58 - [MESSAGE][PASSED] - Object: 'Object Repository/APOLLO- Desktop/Burger Menu/Shop food' is clicked on

2019-07-09 15:08:58 - [TEST_STEP][PASSED] - delay(2): Delayed 2 second(s)

2019-07-09 15:09:00 - [MESSAGE][PASSED] - Delayed 2 second(s)

2019-07-09 15:09:00 - [TEST_STEP][PASSED] - click(findTestObject("APOLLO- Desktop/Burger Menu/Pork")): Object: 'Object Repository/APOLLO- Desktop/Burger Menu/Pork' is clicked on

2019-07-09 15:10:06 - [MESSAGE][PASSED] - Object: 'Object Repository/APOLLO- Desktop/Burger Menu/Pork' is clicked on

2019-07-09 15:10:06 - [TEST_STEP][PASSED] - delay(2): Delayed 2 second(s)

2019-07-09 15:10:08 - [MESSAGE][PASSED] - Delayed 2 second(s)

2019-07-09 15:10:08 - [TEST_STEP][PASSED] - delay(2): Delayed 2 second(s)

2019-07-09 15:10:10 - [MESSAGE][PASSED] - Delayed 2 second(s)

2019-07-09 15:10:10 - [TEST_STEP][PASSED] - click(findTestObject("APOLLO- Desktop/Burger Menu/Burgermenu")): Object: 'Object Repository/APOLLO- Desktop/Burger Menu/Burgermenu' is clicked on

2019-07-09 15:10:10 - [MESSAGE][PASSED] - Object: 'Object Repository/APOLLO- Desktop/Burger Menu/Burgermenu' is clicked on

2019-07-09 15:10:10 - [TEST_STEP][PASSED] - delay(2): Delayed 2 second(s)

2019-07-09 15:10:12 - [MESSAGE][PASSED] - Delayed 2 second(s)

2019-07-09 15:10:12 - [TEST_STEP][PASSED] - click(findTestObject("APOLLO- Desktop/Burger Menu/Shop food")): Object: 'Object Repository/APOLLO- Desktop/Burger Menu/Shop food' is clicked on

2019-07-09 15:10:12 - [MESSAGE][PASSED] - Object: 'Object Repository/APOLLO- Desktop/Burger Menu/Shop food' is clicked on

2019-07-09 15:10:12 - [TEST_STEP][PASSED] - delay(2): Delayed 2 second(s)

2019-07-09 15:10:14 - [MESSAGE][PASSED] - Delayed 2 second(s)

2019-07-09 15:10:14 - [TEST_STEP][PASSED] - click(findTestObject("APOLLO- Desktop/Burger Menu/lamb")): Object: 'Object Repository/APOLLO- Desktop/Burger Menu/lamb' is clicked on

2019-07-09 15:10:25 - [MESSAGE][PASSED] - Object: 'Object Repository/APOLLO- Desktop/Burger Menu/lamb' is clicked on

2019-07-09 15:10:25 - [TEST_STEP][PASSED] - delay(2): Delayed 2 second(s)

2019-07-09 15:10:27 - [MESSAGE][PASSED] - Delayed 2 second(s)

2019-07-09 15:10:27 - [TEST_STEP][PASSED] - delay(2): Delayed 2 second(s)

2019-07-09 15:10:29 - [MESSAGE][PASSED] - Delayed 2 second(s)

2019-07-09 15:10:29 - [TEST_STEP][PASSED] - click(findTestObject("APOLLO- Desktop/Burger Menu/Burgermenu")): Object: 'Object Repository/APOLLO- Desktop/Burger Menu/Burgermenu' is clicked on

2019-07-09 15:10:29 - [MESSAGE][PASSED] - Object: 'Object Repository/APOLLO- Desktop/Burger Menu/Burgermenu' is clicked on

2019-07-09 15:10:29 - [TEST_STEP][PASSED] - delay(2): Delayed 2 second(s)

2019-07-09 15:10:31 - [MESSAGE][PASSED] - Delayed 2 second(s)

2019-07-09 15:10:31 - [TEST_STEP][PASSED] - click(findTestObject("APOLLO- Desktop/Burger Menu/Shop food")): Object: 'Object Repository/APOLLO- Desktop/Burger Menu/Shop food' is clicked on

2019-07-09 15:10:31 - [MESSAGE][PASSED] - Object: 'Object Repository/APOLLO- Desktop/Burger Menu/Shop food' is clicked on

2019-07-09 15:10:31 - [TEST_STEP][PASSED] - delay(2): Delayed 2 second(s)

2019-07-09 15:10:33 - [MESSAGE][PASSED] - Delayed 2 second(s)

2019-07-09 15:10:33 - [TEST_STEP][PASSED] - click(findTestObject("APOLLO- Desktop/Burger Menu/Sides")): Object: 'Object Repository/APOLLO- Desktop/Burger Menu/Sides' is clicked on

2019-07-09 15:10:40 - [MESSAGE][PASSED] - Object: 'Object Repository/APOLLO- Desktop/Burger Menu/Sides' is clicked on

2019-07-09 15:10:40 - [TEST_STEP][PASSED] - delay(2): Delayed 2 second(s)

2019-07-09 15:10:42 - [MESSAGE][PASSED] - Delayed 2 second(s)

2019-07-09 15:10:42 - [TEST_STEP][PASSED] - delay(2): Delayed 2 second(s)

2019-07-09 15:10:44 - [MESSAGE][PASSED] - Delayed 2 second(s)

2019-07-09 15:10:44 - [TEST_STEP][PASSED] - click(findTestObject("APOLLO- Desktop/Burger Menu/Burgermenu")): Object: 'Object Repository/APOLLO- Desktop/Burger Menu/Burgermenu' is clicked on

2019-07-09 15:10:44 - [MESSAGE][PASSED] - Object: 'Object Repository/APOLLO- Desktop/Burger Menu/Burgermenu' is clicked on

2019-07-09 15:10:44 - [TEST_STEP][PASSED] - delay(2): Delayed 2 second(s)

2019-07-09 15:10:46 - [MESSAGE][PASSED] - Delayed 2 second(s)

2019-07-09 15:10:46 - [TEST_STEP][PASSED] - click(findTestObject("APOLLO- Desktop/Burger Menu/Shop food")): Object: 'Object Repository/APOLLO- Desktop/Burger Menu/Shop food' is clicked on

2019-07-09 15:10:46 - [MESSAGE][PASSED] - Object: 'Object Repository/APOLLO- Desktop/Burger Menu/Shop food' is clicked on

2019-07-09 15:10:46 - [TEST_STEP][PASSED] - delay(2): Delayed 2 second(s)

2019-07-09 15:10:48 - [MESSAGE][PASSED] - Delayed 2 second(s)

2019-07-09 15:10:48 - [TEST_STEP][PASSED] - click(findTestObject("APOLLO- Desktop/Burger Menu/Burger menu - Shop All")): Object: 'Object Repository/APOLLO- Desktop/Burger Menu/Burger menu - Shop All' is clicked on

2019-07-09 15:10:52 - [MESSAGE][PASSED] - Object: 'Object Repository/APOLLO- Desktop/Burger Menu/Burger menu - Shop All' is clicked on

2019-07-09 15:10:52 - [TEST_STEP][PASSED] - delay(2): Delayed 2 second(s)

2019-07-09 15:10:54 - [MESSAGE][PASSED] - Delayed 2 second(s)

2019-07-09 15:10:54 - [TEST_STEP][PASSED] - delay(2): Delayed 2 second(s)

2019-07-09 15:10:56 - [MESSAGE][PASSED] - Delayed 2 second(s)

2019-07-09 15:10:56 - [TEST_STEP][PASSED] - click(findTestObject("APOLLO- Desktop/Burger Menu/Burgermenu")): Object: 'Object Repository/APOLLO- Desktop/Burger Menu/Burgermenu' is clicked on

2019-07-09 15:10:56 - [MESSAGE][PASSED] - Object: 'Object Repository/APOLLO- Desktop/Burger Menu/Burgermenu' is clicked on

2019-07-09 15:10:56 - [TEST_STEP][PASSED] - delay(2): Delayed 2 second(s)

2019-07-09 15:10:58 - [MESSAGE][PASSED] - Delayed 2 second(s)

2019-07-09 15:10:58 - [TEST_STEP][PASSED] - click(findTestObject("APOLLO- Desktop/Burger Menu/collections")): Object: 'Object Repository/APOLLO- Desktop/Burger Menu/collections' is clicked on

2019-07-09 15:11:06 - [MESSAGE][PASSED] - Object: 'Object Repository/APOLLO- Desktop/Burger Menu/collections' is clicked on

2019-07-09 15:11:06 - [TEST_STEP][PASSED] - delay(2): Delayed 2 second(s)

2019-07-09 15:11:08 - [MESSAGE][PASSED] - Delayed 2 second(s)

2019-07-09 15:11:08 - [TEST_STEP][PASSED] - delay(2): Delayed 2 second(s)

2019-07-09 15:11:10 - [MESSAGE][PASSED] - Delayed 2 second(s)

2019-07-09 15:11:10 - [TEST_STEP][PASSED] - delay(2): Delayed 2 second(s)

2019-07-09 15:11:12 - [MESSAGE][PASSED] - Delayed 2 second(s)

2019-07-09 15:11:12 - [TEST_STEP][PASSED] - click(findTestObject("APOLLO- Desktop/Burger Menu/Burgermenu")): Object: 'Object Repository/APOLLO- Desktop/Burger Menu/Burgermenu' is clicked on

2019-07-09 15:11:12 - [MESSAGE][PASSED] - Object: 'Object Repository/APOLLO- Desktop/Burger Menu/Burgermenu' is clicked on

2019-07-09 15:11:12 - [TEST_STEP][PASSED] - delay(2): Delayed 2 second(s)

2019-07-09 15:11:14 - [MESSAGE][PASSED] - Delayed 2 second(s)

2019-07-09 15:11:14 - [TEST_STEP][PASSED] - click(findTestObject("APOLLO- Desktop/Burger Menu/About")): Object: 'Object Repository/APOLLO- Desktop/Burger Menu/About' is clicked on

2019-07-09 15:11:15 - [MESSAGE][PASSED] - Object: 'Object Repository/APOLLO- Desktop/Burger Menu/About' is clicked on

2019-07-09 15:11:15 - [TEST_STEP][PASSED] - delay(2): Delayed 2 second(s)

2019-07-09 15:11:17 - [MESSAGE][PASSED] - Delayed 2 second(s)

2019-07-09 15:11:17 - [TEST_STEP][PASSED] - delay(2): Delayed 2 second(s)

2019-07-09 15:11:19 - [MESSAGE][PASSED] - Delayed 2 second(s)

2019-07-09 15:11:19 - [TEST_STEP][PASSED] - delay(2): Delayed 2 second(s)

2019-07-09 15:11:21 - [MESSAGE][PASSED] - Delayed 2 second(s)

2019-07-09 15:11:21 - [TEST_STEP][PASSED] - click(findTestObject("APOLLO- Desktop/Burger Menu/Burgermenu")): Object: 'Object Repository/APOLLO- Desktop/Burger Menu/Burgermenu' is clicked on

2019-07-09 15:11:21 - [MESSAGE][PASSED] - Object: 'Object Repository/APOLLO- Desktop/Burger Menu/Burgermenu' is clicked on

2019-07-09 15:11:21 - [TEST_STEP][PASSED] - delay(2): Delayed 2 second(s)

2019-07-09 15:11:23 - [MESSAGE][PASSED] - Delayed 2 second(s)

2019-07-09 15:11:23 - [TEST_STEP][PASSED] - click(findTestObject("APOLLO- Desktop/Burger Menu/Blog")): Object: 'Object Repository/APOLLO- Desktop/Burger Menu/Blog' is clicked on

2019-07-09 15:11:25 - [MESSAGE][PASSED] - Object: 'Object Repository/APOLLO- Desktop/Burger Menu/Blog' is clicked on

2019-07-09 15:11:25 - [TEST_STEP][PASSED] - delay(2): Delayed 2 second(s)

2019-07-09 15:11:27 - [MESSAGE][PASSED] - Delayed 2 second(s)

2019-07-09 15:11:27 - [TEST_STEP][PASSED] - click(findTestObject("APOLLO- Desktop/Burger Menu/Burgermenu")): Object: 'Object Repository/APOLLO- Desktop/Burger Menu/Burgermenu' is clicked on

2019-07-09 15:11:27 - [MESSAGE][PASSED] - Object: 'Object Repository/APOLLO- Desktop/Burger Menu/Burgermenu' is clicked on

2019-07-09 15:11:27 - [TEST_STEP][PASSED] - delay(2): Delayed 2 second(s)

2019-07-09 15:11:29 - [MESSAGE][PASSED] - Delayed 2 second(s)

2019-07-09 15:11:29 - [TEST_STEP][PASSED] - click(findTestObject("APOLLO- Desktop/Burger Menu/Contact us")): Object: 'Object Repository/APOLLO- Desktop/Burger Menu/Contact us' is clicked on

2019-07-09 15:11:30 - [MESSAGE][PASSED] - Object: 'Object Repository/APOLLO- Desktop/Burger Menu/Contact us' is clicked on

2019-07-09 15:11:30 - [TEST_STEP][PASSED] - delay(2): Delayed 2 second(s)

2019-07-09 15:11:32 - [MESSAGE][PASSED] - Delayed 2 second(s)]]></system-out>
         <system-err><![CDATA[]]></system-err>
      </testcase>
      <testcase name="Test Cases/HOME PAGE/Featured blog posts" classname="Test Cases/HOME PAGE/Featured blog posts" status="PASSED">
         <system-out><![CDATA[2019-07-09 15:11:32 - [TEST_CASE][PASSED] - Test Cases/HOME PAGE/Featured blog posts: Test Cases/HOME PAGE/Featured blog posts

2019-07-09 15:11:32 - [TEST_STEP][PASSED] - callTestCase(findTestCase("CALL - URL"), [:], STOP_ON_FAILURE): Call Test Case 'Test Cases/CALL - URL' successfully

2019-07-09 15:11:32 - [TEST_CASE][PASSED] - Test Cases/CALL - URL: Test Cases/CALL - URL

2019-07-09 15:11:32 - [TEST_STEP][PASSED] - openBrowser(""): Browser is opened with url: ''

2019-07-09 15:11:32 - [MESSAGE][WARNING] - A browser is already opened. Closing browser and opening a new one

2019-07-09 15:11:32 - [MESSAGE][INFO] - Starting 'Chrome' driver

2019-07-09 15:11:34 - [MESSAGE][PASSED] - Browser is opened with url: ''

2019-07-09 15:11:34 - [TEST_STEP][PASSED] - navigateToUrl("https://apollo-fireball.myshopify.com/?_ab=0&_fd=0&_sc=1&key=96c2edace7b9967f3a77c2e2b131937136039831e9ec35f31598610005fa8795&preview_theme_id=46803124304"): Navigate to 'https://apollo-fireball.myshopify.com/?_ab=0&_fd=0&_sc=1&key=96c2edace7b9967f3a77c2e2b131937136039831e9ec35f31598610005fa8795&preview_theme_id=46803124304' successfully

2019-07-09 15:11:38 - [MESSAGE][PASSED] - Navigate to 'https://apollo-fireball.myshopify.com/?_ab=0&_fd=0&_sc=1&key=96c2edace7b9967f3a77c2e2b131937136039831e9ec35f31598610005fa8795&preview_theme_id=46803124304' successfully

2019-07-09 15:11:38 - [TEST_STEP][PASSED] - executeJavaScript("var previewBar = document.getElementById("preview-bar-iframe"); previewBar.style.display = "none";", []): Execute JavaScript 'var previewBar = document.getElementById("preview-bar-iframe"); previewBar.style.display = "none";' successfully

2019-07-09 15:11:38 - [MESSAGE][PASSED] - Execute JavaScript 'var previewBar = document.getElementById("preview-bar-iframe"); previewBar.style.display = "none";' successfully

2019-07-09 15:11:38 - [TEST_STEP][PASSED] - maximizeWindow(): Current window maximized

2019-07-09 15:11:38 - [MESSAGE][PASSED] - Current window maximized

2019-07-09 15:11:38 - [MESSAGE][PASSED] - Call Test Case 'Test Cases/CALL - URL' successfully

2019-07-09 15:11:38 - [TEST_STEP][PASSED] - delay(2): Delayed 2 second(s)

2019-07-09 15:11:40 - [MESSAGE][PASSED] - Delayed 2 second(s)

2019-07-09 15:11:40 - [TEST_STEP][PASSED] - scrollToElement(findTestObject("APOLLO- Desktop/Home page/Featured blog posts/Featured Blog posts"), 0): Scroll to object 'Object Repository/APOLLO- Desktop/Home page/Featured blog posts/Featured Blog posts' successfully

2019-07-09 15:11:40 - [MESSAGE][WARNING] - Timeout '0' is invalid. Using default page load timeout: '30'

2019-07-09 15:11:40 - [MESSAGE][PASSED] - Scroll to object 'Object Repository/APOLLO- Desktop/Home page/Featured blog posts/Featured Blog posts' successfully

2019-07-09 15:11:40 - [TEST_STEP][PASSED] - delay(2): Delayed 2 second(s)

2019-07-09 15:11:42 - [MESSAGE][PASSED] - Delayed 2 second(s)

2019-07-09 15:11:42 - [TEST_STEP][PASSED] - click(findTestObject("APOLLO- Desktop/Home page/Featured blog posts/second slider")): Object: 'Object Repository/APOLLO- Desktop/Home page/Featured blog posts/second slider' is clicked on

2019-07-09 15:11:42 - [MESSAGE][PASSED] - Object: 'Object Repository/APOLLO- Desktop/Home page/Featured blog posts/second slider' is clicked on

2019-07-09 15:11:42 - [TEST_STEP][PASSED] - delay(2): Delayed 2 second(s)

2019-07-09 15:11:44 - [MESSAGE][PASSED] - Delayed 2 second(s)

2019-07-09 15:11:44 - [TEST_STEP][PASSED] - click(findTestObject("APOLLO- Desktop/Home page/Featured blog posts/third slider")): Object: 'Object Repository/APOLLO- Desktop/Home page/Featured blog posts/third slider' is clicked on

2019-07-09 15:11:44 - [MESSAGE][PASSED] - Object: 'Object Repository/APOLLO- Desktop/Home page/Featured blog posts/third slider' is clicked on

2019-07-09 15:11:44 - [TEST_STEP][PASSED] - delay(2): Delayed 2 second(s)

2019-07-09 15:11:46 - [MESSAGE][PASSED] - Delayed 2 second(s)

2019-07-09 15:11:46 - [TEST_STEP][PASSED] - click(findTestObject("APOLLO- Desktop/Home page/Featured blog posts/first slider")): Object: 'Object Repository/APOLLO- Desktop/Home page/Featured blog posts/first slider' is clicked on

2019-07-09 15:11:46 - [MESSAGE][PASSED] - Object: 'Object Repository/APOLLO- Desktop/Home page/Featured blog posts/first slider' is clicked on

2019-07-09 15:11:46 - [TEST_STEP][PASSED] - delay(2): Delayed 2 second(s)

2019-07-09 15:11:49 - [MESSAGE][PASSED] - Delayed 2 second(s)

2019-07-09 15:11:49 - [TEST_STEP][PASSED] - click(findTestObject("APOLLO- Desktop/Home page/Featured blog posts/Visit Blog")): Object: 'Object Repository/APOLLO- Desktop/Home page/Featured blog posts/Visit Blog' is clicked on

2019-07-09 15:11:50 - [MESSAGE][PASSED] - Object: 'Object Repository/APOLLO- Desktop/Home page/Featured blog posts/Visit Blog' is clicked on

2019-07-09 15:11:50 - [TEST_STEP][PASSED] - delay(2): Delayed 2 second(s)

2019-07-09 15:11:52 - [MESSAGE][PASSED] - Delayed 2 second(s)

2019-07-09 15:11:52 - [TEST_STEP][PASSED] - click(findTestObject("APOLLO- Desktop/Home page/Hero banner - CTA/Apollo icon")): Object: 'Object Repository/APOLLO- Desktop/Home page/Hero banner - CTA/Apollo icon' is clicked on

2019-07-09 15:11:55 - [MESSAGE][PASSED] - Object: 'Object Repository/APOLLO- Desktop/Home page/Hero banner - CTA/Apollo icon' is clicked on

2019-07-09 15:11:55 - [TEST_STEP][PASSED] - executeJavaScript("var previewBar = document.getElementById("preview-bar-iframe"); previewBar.style.display = "none";", []): Execute JavaScript 'var previewBar = document.getElementById("preview-bar-iframe"); previewBar.style.display = "none";' successfully

2019-07-09 15:11:55 - [MESSAGE][PASSED] - Execute JavaScript 'var previewBar = document.getElementById("preview-bar-iframe"); previewBar.style.display = "none";' successfully

2019-07-09 15:11:55 - [TEST_STEP][PASSED] - delay(2): Delayed 2 second(s)

2019-07-09 15:11:57 - [MESSAGE][PASSED] - Delayed 2 second(s)

2019-07-09 15:11:57 - [TEST_STEP][PASSED] - scrollToElement(findTestObject("APOLLO- Desktop/Home page/Featured blog posts/Featured Blog posts"), 0): Scroll to object 'Object Repository/APOLLO- Desktop/Home page/Featured blog posts/Featured Blog posts' successfully

2019-07-09 15:11:57 - [MESSAGE][WARNING] - Timeout '0' is invalid. Using default page load timeout: '30'

2019-07-09 15:11:58 - [MESSAGE][PASSED] - Scroll to object 'Object Repository/APOLLO- Desktop/Home page/Featured blog posts/Featured Blog posts' successfully

2019-07-09 15:11:58 - [TEST_STEP][PASSED] - delay(2): Delayed 2 second(s)

2019-07-09 15:12:00 - [MESSAGE][PASSED] - Delayed 2 second(s)

2019-07-09 15:12:00 - [TEST_STEP][PASSED] - click(findTestObject("APOLLO- Desktop/Home page/Featured blog posts/Read more link")): Object: 'Object Repository/APOLLO- Desktop/Home page/Featured blog posts/Read more link' is clicked on

2019-07-09 15:12:01 - [MESSAGE][PASSED] - Object: 'Object Repository/APOLLO- Desktop/Home page/Featured blog posts/Read more link' is clicked on

2019-07-09 15:12:01 - [TEST_STEP][PASSED] - delay(2): Delayed 2 second(s)

2019-07-09 15:12:03 - [MESSAGE][PASSED] - Delayed 2 second(s)

2019-07-09 15:12:03 - [TEST_STEP][PASSED] - click(findTestObject("APOLLO- Desktop/Home page/Hero banner - CTA/Apollo icon")): Object: 'Object Repository/APOLLO- Desktop/Home page/Hero banner - CTA/Apollo icon' is clicked on

2019-07-09 15:12:05 - [MESSAGE][PASSED] - Object: 'Object Repository/APOLLO- Desktop/Home page/Hero banner - CTA/Apollo icon' is clicked on

2019-07-09 15:12:05 - [TEST_STEP][PASSED] - executeJavaScript("var previewBar = document.getElementById("preview-bar-iframe"); previewBar.style.display = "none";", []): Execute JavaScript 'var previewBar = document.getElementById("preview-bar-iframe"); previewBar.style.display = "none";' successfully

2019-07-09 15:12:05 - [MESSAGE][PASSED] - Execute JavaScript 'var previewBar = document.getElementById("preview-bar-iframe"); previewBar.style.display = "none";' successfully

2019-07-09 15:12:05 - [TEST_STEP][PASSED] - delay(2): Delayed 2 second(s)

2019-07-09 15:12:07 - [MESSAGE][PASSED] - Delayed 2 second(s)

2019-07-09 15:12:07 - [TEST_STEP][PASSED] - scrollToElement(findTestObject("APOLLO- Desktop/Home page/Featured blog posts/Featured Blog posts"), 0): Scroll to object 'Object Repository/APOLLO- Desktop/Home page/Featured blog posts/Featured Blog posts' successfully

2019-07-09 15:12:07 - [MESSAGE][WARNING] - Timeout '0' is invalid. Using default page load timeout: '30'

2019-07-09 15:12:07 - [MESSAGE][PASSED] - Scroll to object 'Object Repository/APOLLO- Desktop/Home page/Featured blog posts/Featured Blog posts' successfully

2019-07-09 15:12:07 - [TEST_STEP][PASSED] - delay(2): Delayed 2 second(s)

2019-07-09 15:12:09 - [MESSAGE][PASSED] - Delayed 2 second(s)

2019-07-09 15:12:09 - [TEST_STEP][PASSED] - mouseOver(findTestObject("APOLLO- Desktop/Home page/Featured blog posts/button_Next")): Object: 'Object Repository/APOLLO- Desktop/Home page/Featured blog posts/button_Next' is hovered

2019-07-09 15:12:09 - [MESSAGE][PASSED] - Object: 'Object Repository/APOLLO- Desktop/Home page/Featured blog posts/button_Next' is hovered

2019-07-09 15:12:09 - [TEST_STEP][PASSED] - delay(2): Delayed 2 second(s)

2019-07-09 15:12:11 - [MESSAGE][PASSED] - Delayed 2 second(s)

2019-07-09 15:12:11 - [TEST_STEP][PASSED] - click(findTestObject("APOLLO- Desktop/Home page/Featured blog posts/button_Next")): Object: 'Object Repository/APOLLO- Desktop/Home page/Featured blog posts/button_Next' is clicked on

2019-07-09 15:12:11 - [MESSAGE][PASSED] - Object: 'Object Repository/APOLLO- Desktop/Home page/Featured blog posts/button_Next' is clicked on

2019-07-09 15:12:11 - [TEST_STEP][PASSED] - delay(2): Delayed 2 second(s)

2019-07-09 15:12:13 - [MESSAGE][PASSED] - Delayed 2 second(s)

2019-07-09 15:12:13 - [TEST_STEP][PASSED] - click(findTestObject("APOLLO- Desktop/Home page/Featured blog posts/button_Previous")): Object: 'Object Repository/APOLLO- Desktop/Home page/Featured blog posts/button_Previous' is clicked on

2019-07-09 15:12:13 - [MESSAGE][PASSED] - Object: 'Object Repository/APOLLO- Desktop/Home page/Featured blog posts/button_Previous' is clicked on]]></system-out>
         <system-err><![CDATA[]]></system-err>
      </testcase>
      <testcase name="Test Cases/HOME PAGE/Featured collection" classname="Test Cases/HOME PAGE/Featured collection" status="PASSED">
         <system-out><![CDATA[2019-07-09 15:12:13 - [TEST_CASE][PASSED] - Test Cases/HOME PAGE/Featured collection: Test Cases/HOME PAGE/Featured collection

2019-07-09 15:12:14 - [TEST_STEP][PASSED] - callTestCase(findTestCase("CALL - URL"), [:], STOP_ON_FAILURE): Call Test Case 'Test Cases/CALL - URL' successfully

2019-07-09 15:12:14 - [TEST_CASE][PASSED] - Test Cases/CALL - URL: Test Cases/CALL - URL

2019-07-09 15:12:14 - [TEST_STEP][PASSED] - openBrowser(""): Browser is opened with url: ''

2019-07-09 15:12:14 - [MESSAGE][WARNING] - A browser is already opened. Closing browser and opening a new one

2019-07-09 15:12:14 - [MESSAGE][INFO] - Starting 'Chrome' driver

2019-07-09 15:12:15 - [MESSAGE][PASSED] - Browser is opened with url: ''

2019-07-09 15:12:15 - [TEST_STEP][PASSED] - navigateToUrl("https://apollo-fireball.myshopify.com/?_ab=0&_fd=0&_sc=1&key=96c2edace7b9967f3a77c2e2b131937136039831e9ec35f31598610005fa8795&preview_theme_id=46803124304"): Navigate to 'https://apollo-fireball.myshopify.com/?_ab=0&_fd=0&_sc=1&key=96c2edace7b9967f3a77c2e2b131937136039831e9ec35f31598610005fa8795&preview_theme_id=46803124304' successfully

2019-07-09 15:12:19 - [MESSAGE][PASSED] - Navigate to 'https://apollo-fireball.myshopify.com/?_ab=0&_fd=0&_sc=1&key=96c2edace7b9967f3a77c2e2b131937136039831e9ec35f31598610005fa8795&preview_theme_id=46803124304' successfully

2019-07-09 15:12:19 - [TEST_STEP][PASSED] - executeJavaScript("var previewBar = document.getElementById("preview-bar-iframe"); previewBar.style.display = "none";", []): Execute JavaScript 'var previewBar = document.getElementById("preview-bar-iframe"); previewBar.style.display = "none";' successfully

2019-07-09 15:12:19 - [MESSAGE][PASSED] - Execute JavaScript 'var previewBar = document.getElementById("preview-bar-iframe"); previewBar.style.display = "none";' successfully

2019-07-09 15:12:19 - [TEST_STEP][PASSED] - maximizeWindow(): Current window maximized

2019-07-09 15:12:19 - [MESSAGE][PASSED] - Current window maximized

2019-07-09 15:12:19 - [MESSAGE][PASSED] - Call Test Case 'Test Cases/CALL - URL' successfully

2019-07-09 15:12:19 - [TEST_STEP][PASSED] - delay(1): Delayed 1 second(s)

2019-07-09 15:12:20 - [MESSAGE][PASSED] - Delayed 1 second(s)

2019-07-09 15:12:20 - [TEST_STEP][PASSED] - scrollToElement(findTestObject("APOLLO- Desktop/Home page/Featured collection/Chicken"), 0): Scroll to object 'Object Repository/APOLLO- Desktop/Home page/Featured collection/Chicken' successfully

2019-07-09 15:12:20 - [MESSAGE][WARNING] - Timeout '0' is invalid. Using default page load timeout: '30'

2019-07-09 15:12:20 - [MESSAGE][PASSED] - Scroll to object 'Object Repository/APOLLO- Desktop/Home page/Featured collection/Chicken' successfully

2019-07-09 15:12:20 - [TEST_STEP][PASSED] - delay(1): Delayed 1 second(s)

2019-07-09 15:12:21 - [MESSAGE][PASSED] - Delayed 1 second(s)

2019-07-09 15:12:21 - [TEST_STEP][PASSED] - mouseOver(findTestObject("APOLLO- Desktop/Home page/Featured collection/Chicken")): Object: 'Object Repository/APOLLO- Desktop/Home page/Featured collection/Chicken' is hovered

2019-07-09 15:12:21 - [MESSAGE][PASSED] - Object: 'Object Repository/APOLLO- Desktop/Home page/Featured collection/Chicken' is hovered

2019-07-09 15:12:21 - [TEST_STEP][PASSED] - delay(1): Delayed 1 second(s)

2019-07-09 15:12:22 - [MESSAGE][PASSED] - Delayed 1 second(s)

2019-07-09 15:12:22 - [TEST_STEP][PASSED] - click(findTestObject("APOLLO- Desktop/Home page/Featured collection/Chicken - Shop collection")): Object: 'Object Repository/APOLLO- Desktop/Home page/Featured collection/Chicken - Shop collection' is clicked on

2019-07-09 15:12:29 - [MESSAGE][PASSED] - Object: 'Object Repository/APOLLO- Desktop/Home page/Featured collection/Chicken - Shop collection' is clicked on

2019-07-09 15:12:29 - [TEST_STEP][PASSED] - delay(1): Delayed 1 second(s)

2019-07-09 15:12:30 - [MESSAGE][PASSED] - Delayed 1 second(s)

2019-07-09 15:12:30 - [TEST_STEP][PASSED] - click(findTestObject("APOLLO- Desktop/Home page/Hero banner - CTA/Apollo icon")): Object: 'Object Repository/APOLLO- Desktop/Home page/Hero banner - CTA/Apollo icon' is clicked on

2019-07-09 15:12:32 - [MESSAGE][PASSED] - Object: 'Object Repository/APOLLO- Desktop/Home page/Hero banner - CTA/Apollo icon' is clicked on

2019-07-09 15:12:32 - [TEST_STEP][NOT_RUN] - executeJavaScript("var previewBar = document.getElementById("preview-bar-iframe"); previewBar.style.display = "none";", []): NOT_RUN: executeJavaScript("var previewBar = document.getElementById("preview-bar-iframe"); previewBar.style.display = "none";", [])

2019-07-09 15:12:32 - [MESSAGE][NOT_RUN] - NOT_RUN: executeJavaScript("var previewBar = document.getElementById("preview-bar-iframe"); previewBar.style.display = "none";", [])

2019-07-09 15:12:32 - [TEST_STEP][PASSED] - delay(1): Delayed 1 second(s)

2019-07-09 15:12:33 - [MESSAGE][PASSED] - Delayed 1 second(s)

2019-07-09 15:12:33 - [TEST_STEP][PASSED] - scrollToElement(findTestObject("APOLLO- Desktop/Home page/Featured collection/Salads"), 0): Scroll to object 'Object Repository/APOLLO- Desktop/Home page/Featured collection/Salads' successfully

2019-07-09 15:12:33 - [MESSAGE][WARNING] - Timeout '0' is invalid. Using default page load timeout: '30'

2019-07-09 15:12:33 - [MESSAGE][PASSED] - Scroll to object 'Object Repository/APOLLO- Desktop/Home page/Featured collection/Salads' successfully

2019-07-09 15:12:33 - [TEST_STEP][PASSED] - delay(1): Delayed 1 second(s)

2019-07-09 15:12:34 - [MESSAGE][PASSED] - Delayed 1 second(s)

2019-07-09 15:12:34 - [TEST_STEP][PASSED] - mouseOver(findTestObject("APOLLO- Desktop/Home page/Featured collection/Salads")): Object: 'Object Repository/APOLLO- Desktop/Home page/Featured collection/Salads' is hovered

2019-07-09 15:12:34 - [MESSAGE][PASSED] - Object: 'Object Repository/APOLLO- Desktop/Home page/Featured collection/Salads' is hovered

2019-07-09 15:12:34 - [TEST_STEP][PASSED] - delay(1): Delayed 1 second(s)

2019-07-09 15:12:35 - [MESSAGE][PASSED] - Delayed 1 second(s)

2019-07-09 15:12:35 - [TEST_STEP][PASSED] - click(findTestObject("APOLLO- Desktop/Home page/Featured collection/Salads - Shop collection")): Object: 'Object Repository/APOLLO- Desktop/Home page/Featured collection/Salads - Shop collection' is clicked on

2019-07-09 15:12:37 - [MESSAGE][PASSED] - Object: 'Object Repository/APOLLO- Desktop/Home page/Featured collection/Salads - Shop collection' is clicked on

2019-07-09 15:12:37 - [TEST_STEP][PASSED] - delay(1): Delayed 1 second(s)

2019-07-09 15:12:38 - [MESSAGE][PASSED] - Delayed 1 second(s)

2019-07-09 15:12:38 - [TEST_STEP][PASSED] - click(findTestObject("APOLLO- Desktop/Home page/Hero banner - CTA/Apollo icon")): Object: 'Object Repository/APOLLO- Desktop/Home page/Hero banner - CTA/Apollo icon' is clicked on

2019-07-09 15:12:41 - [MESSAGE][PASSED] - Object: 'Object Repository/APOLLO- Desktop/Home page/Hero banner - CTA/Apollo icon' is clicked on

2019-07-09 15:12:41 - [TEST_STEP][NOT_RUN] - executeJavaScript("var previewBar = document.getElementById("preview-bar-iframe"); previewBar.style.display = "none";", []): NOT_RUN: executeJavaScript("var previewBar = document.getElementById("preview-bar-iframe"); previewBar.style.display = "none";", [])

2019-07-09 15:12:41 - [MESSAGE][NOT_RUN] - NOT_RUN: executeJavaScript("var previewBar = document.getElementById("preview-bar-iframe"); previewBar.style.display = "none";", [])

2019-07-09 15:12:41 - [TEST_STEP][PASSED] - delay(1): Delayed 1 second(s)

2019-07-09 15:12:42 - [MESSAGE][PASSED] - Delayed 1 second(s)

2019-07-09 15:12:42 - [TEST_STEP][PASSED] - scrollToElement(findTestObject("APOLLO- Desktop/Home page/Collection - sides"), 0): Scroll to object 'Object Repository/APOLLO- Desktop/Home page/Collection - sides' successfully

2019-07-09 15:12:42 - [MESSAGE][WARNING] - Timeout '0' is invalid. Using default page load timeout: '30'

2019-07-09 15:12:42 - [MESSAGE][PASSED] - Scroll to object 'Object Repository/APOLLO- Desktop/Home page/Collection - sides' successfully

2019-07-09 15:12:42 - [TEST_STEP][PASSED] - delay(1): Delayed 1 second(s)

2019-07-09 15:12:43 - [MESSAGE][PASSED] - Delayed 1 second(s)

2019-07-09 15:12:43 - [TEST_STEP][PASSED] - mouseOver(findTestObject("APOLLO- Desktop/Home page/Collection - sides")): Object: 'Object Repository/APOLLO- Desktop/Home page/Collection - sides' is hovered

2019-07-09 15:12:43 - [MESSAGE][PASSED] - Object: 'Object Repository/APOLLO- Desktop/Home page/Collection - sides' is hovered

2019-07-09 15:12:43 - [TEST_STEP][PASSED] - delay(1): Delayed 1 second(s)

2019-07-09 15:12:44 - [MESSAGE][PASSED] - Delayed 1 second(s)

2019-07-09 15:12:44 - [TEST_STEP][PASSED] - click(findTestObject("APOLLO- Desktop/Home page/Sides - shop collection")): Object: 'Object Repository/APOLLO- Desktop/Home page/Sides - shop collection' is clicked on

2019-07-09 15:12:47 - [MESSAGE][PASSED] - Object: 'Object Repository/APOLLO- Desktop/Home page/Sides - shop collection' is clicked on

2019-07-09 15:12:47 - [TEST_STEP][PASSED] - delay(1): Delayed 1 second(s)

2019-07-09 15:12:48 - [MESSAGE][PASSED] - Delayed 1 second(s)

2019-07-09 15:12:48 - [TEST_STEP][PASSED] - click(findTestObject("APOLLO- Desktop/Home page/Hero banner - CTA/Apollo icon")): Object: 'Object Repository/APOLLO- Desktop/Home page/Hero banner - CTA/Apollo icon' is clicked on

2019-07-09 15:12:51 - [MESSAGE][PASSED] - Object: 'Object Repository/APOLLO- Desktop/Home page/Hero banner - CTA/Apollo icon' is clicked on

2019-07-09 15:12:51 - [TEST_STEP][NOT_RUN] - executeJavaScript("var previewBar = document.getElementById("preview-bar-iframe"); previewBar.style.display = "none";", []): NOT_RUN: executeJavaScript("var previewBar = document.getElementById("preview-bar-iframe"); previewBar.style.display = "none";", [])

2019-07-09 15:12:51 - [MESSAGE][NOT_RUN] - NOT_RUN: executeJavaScript("var previewBar = document.getElementById("preview-bar-iframe"); previewBar.style.display = "none";", [])

2019-07-09 15:12:51 - [TEST_STEP][PASSED] - delay(1): Delayed 1 second(s)

2019-07-09 15:12:52 - [MESSAGE][PASSED] - Delayed 1 second(s)

2019-07-09 15:12:52 - [TEST_STEP][PASSED] - scrollToElement(findTestObject("APOLLO- Desktop/Home page/Featured collection/Meals"), 0): Scroll to object 'Object Repository/APOLLO- Desktop/Home page/Featured collection/Meals' successfully

2019-07-09 15:12:52 - [MESSAGE][WARNING] - Timeout '0' is invalid. Using default page load timeout: '30'

2019-07-09 15:12:52 - [MESSAGE][PASSED] - Scroll to object 'Object Repository/APOLLO- Desktop/Home page/Featured collection/Meals' successfully

2019-07-09 15:12:52 - [TEST_STEP][PASSED] - delay(1): Delayed 1 second(s)

2019-07-09 15:12:53 - [MESSAGE][PASSED] - Delayed 1 second(s)

2019-07-09 15:12:53 - [TEST_STEP][PASSED] - mouseOver(findTestObject("APOLLO- Desktop/Home page/Featured collection/Meals")): Object: 'Object Repository/APOLLO- Desktop/Home page/Featured collection/Meals' is hovered

2019-07-09 15:12:53 - [MESSAGE][PASSED] - Object: 'Object Repository/APOLLO- Desktop/Home page/Featured collection/Meals' is hovered

2019-07-09 15:12:53 - [TEST_STEP][PASSED] - delay(1): Delayed 1 second(s)

2019-07-09 15:12:54 - [MESSAGE][PASSED] - Delayed 1 second(s)

2019-07-09 15:12:54 - [TEST_STEP][PASSED] - click(findTestObject("APOLLO- Desktop/Home page/Featured collection/Meals - Shop collection")): Object: 'Object Repository/APOLLO- Desktop/Home page/Featured collection/Meals - Shop collection' is clicked on

2019-07-09 15:13:00 - [MESSAGE][PASSED] - Object: 'Object Repository/APOLLO- Desktop/Home page/Featured collection/Meals - Shop collection' is clicked on

2019-07-09 15:13:00 - [TEST_STEP][PASSED] - delay(1): Delayed 1 second(s)

2019-07-09 15:13:01 - [MESSAGE][PASSED] - Delayed 1 second(s)

2019-07-09 15:13:01 - [TEST_STEP][PASSED] - click(findTestObject("APOLLO- Desktop/Home page/Hero banner - CTA/Apollo icon")): Object: 'Object Repository/APOLLO- Desktop/Home page/Hero banner - CTA/Apollo icon' is clicked on

2019-07-09 15:13:04 - [MESSAGE][PASSED] - Object: 'Object Repository/APOLLO- Desktop/Home page/Hero banner - CTA/Apollo icon' is clicked on

2019-07-09 15:13:04 - [TEST_STEP][NOT_RUN] - executeJavaScript("var previewBar = document.getElementById("preview-bar-iframe"); previewBar.style.display = "none";", []): NOT_RUN: executeJavaScript("var previewBar = document.getElementById("preview-bar-iframe"); previewBar.style.display = "none";", [])

2019-07-09 15:13:04 - [MESSAGE][NOT_RUN] - NOT_RUN: executeJavaScript("var previewBar = document.getElementById("preview-bar-iframe"); previewBar.style.display = "none";", [])

2019-07-09 15:13:04 - [TEST_STEP][PASSED] - delay(1): Delayed 1 second(s)

2019-07-09 15:13:05 - [MESSAGE][PASSED] - Delayed 1 second(s)

2019-07-09 15:13:05 - [TEST_STEP][PASSED] - scrollToElement(findTestObject("APOLLO- Desktop/Home page/Featured collection/healthy"), 0): Scroll to object 'Object Repository/APOLLO- Desktop/Home page/Featured collection/healthy' successfully

2019-07-09 15:13:05 - [MESSAGE][WARNING] - Timeout '0' is invalid. Using default page load timeout: '30'

2019-07-09 15:13:05 - [MESSAGE][PASSED] - Scroll to object 'Object Repository/APOLLO- Desktop/Home page/Featured collection/healthy' successfully

2019-07-09 15:13:05 - [TEST_STEP][PASSED] - delay(1): Delayed 1 second(s)

2019-07-09 15:13:06 - [MESSAGE][PASSED] - Delayed 1 second(s)

2019-07-09 15:13:06 - [TEST_STEP][PASSED] - mouseOver(findTestObject("APOLLO- Desktop/Home page/Featured collection/healthy")): Object: 'Object Repository/APOLLO- Desktop/Home page/Featured collection/healthy' is hovered

2019-07-09 15:13:06 - [MESSAGE][PASSED] - Object: 'Object Repository/APOLLO- Desktop/Home page/Featured collection/healthy' is hovered

2019-07-09 15:13:06 - [TEST_STEP][PASSED] - delay(1): Delayed 1 second(s)

2019-07-09 15:13:07 - [MESSAGE][PASSED] - Delayed 1 second(s)

2019-07-09 15:13:07 - [TEST_STEP][PASSED] - click(findTestObject("APOLLO- Desktop/Home page/Featured collection/Healthy - shop collection")): Object: 'Object Repository/APOLLO- Desktop/Home page/Featured collection/Healthy - shop collection' is clicked on

2019-07-09 15:13:08 - [MESSAGE][PASSED] - Object: 'Object Repository/APOLLO- Desktop/Home page/Featured collection/Healthy - shop collection' is clicked on

2019-07-09 15:13:08 - [TEST_STEP][PASSED] - delay(1): Delayed 1 second(s)

2019-07-09 15:13:09 - [MESSAGE][PASSED] - Delayed 1 second(s)

2019-07-09 15:13:09 - [TEST_STEP][PASSED] - click(findTestObject("APOLLO- Desktop/Home page/Hero banner - CTA/Apollo icon")): Object: 'Object Repository/APOLLO- Desktop/Home page/Hero banner - CTA/Apollo icon' is clicked on

2019-07-09 15:13:11 - [MESSAGE][PASSED] - Object: 'Object Repository/APOLLO- Desktop/Home page/Hero banner - CTA/Apollo icon' is clicked on

2019-07-09 15:13:11 - [TEST_STEP][PASSED] - delay(1): Delayed 1 second(s)

2019-07-09 15:13:12 - [MESSAGE][PASSED] - Delayed 1 second(s)

2019-07-09 15:13:12 - [TEST_STEP][PASSED] - scrollToElement(findTestObject("APOLLO- Desktop/Home page/Featured collection/Lamb"), 0): Scroll to object 'Object Repository/APOLLO- Desktop/Home page/Featured collection/Lamb' successfully

2019-07-09 15:13:12 - [MESSAGE][WARNING] - Timeout '0' is invalid. Using default page load timeout: '30'

2019-07-09 15:13:12 - [MESSAGE][PASSED] - Scroll to object 'Object Repository/APOLLO- Desktop/Home page/Featured collection/Lamb' successfully

2019-07-09 15:13:12 - [TEST_STEP][PASSED] - delay(1): Delayed 1 second(s)

2019-07-09 15:13:13 - [MESSAGE][PASSED] - Delayed 1 second(s)

2019-07-09 15:13:13 - [TEST_STEP][PASSED] - mouseOver(findTestObject("APOLLO- Desktop/Home page/Featured collection/Lamb")): Object: 'Object Repository/APOLLO- Desktop/Home page/Featured collection/Lamb' is hovered

2019-07-09 15:13:13 - [MESSAGE][PASSED] - Object: 'Object Repository/APOLLO- Desktop/Home page/Featured collection/Lamb' is hovered

2019-07-09 15:13:13 - [TEST_STEP][PASSED] - delay(1): Delayed 1 second(s)

2019-07-09 15:13:14 - [MESSAGE][PASSED] - Delayed 1 second(s)

2019-07-09 15:13:14 - [TEST_STEP][PASSED] - click(findTestObject("APOLLO- Desktop/Home page/Featured collection/Lamb - shop collection")): Object: 'Object Repository/APOLLO- Desktop/Home page/Featured collection/Lamb - shop collection' is clicked on

2019-07-09 15:13:20 - [MESSAGE][PASSED] - Object: 'Object Repository/APOLLO- Desktop/Home page/Featured collection/Lamb - shop collection' is clicked on

2019-07-09 15:13:20 - [TEST_STEP][PASSED] - delay(1): Delayed 1 second(s)

2019-07-09 15:13:21 - [MESSAGE][PASSED] - Delayed 1 second(s)]]></system-out>
         <system-err><![CDATA[]]></system-err>
      </testcase>
      <testcase name="Test Cases/HOME PAGE/Footer" classname="Test Cases/HOME PAGE/Footer" status="PASSED">
         <system-out><![CDATA[2019-07-09 15:13:21 - [TEST_CASE][PASSED] - Test Cases/HOME PAGE/Footer: Test Cases/HOME PAGE/Footer

2019-07-09 15:13:21 - [TEST_STEP][PASSED] - callTestCase(findTestCase("CALL - URL"), [:], STOP_ON_FAILURE): Call Test Case 'Test Cases/CALL - URL' successfully

2019-07-09 15:13:21 - [TEST_CASE][PASSED] - Test Cases/CALL - URL: Test Cases/CALL - URL

2019-07-09 15:13:21 - [TEST_STEP][PASSED] - openBrowser(""): Browser is opened with url: ''

2019-07-09 15:13:21 - [MESSAGE][WARNING] - A browser is already opened. Closing browser and opening a new one

2019-07-09 15:13:21 - [MESSAGE][INFO] - Starting 'Chrome' driver

2019-07-09 15:13:22 - [MESSAGE][PASSED] - Browser is opened with url: ''

2019-07-09 15:13:22 - [TEST_STEP][PASSED] - navigateToUrl("https://apollo-fireball.myshopify.com/?_ab=0&_fd=0&_sc=1&key=96c2edace7b9967f3a77c2e2b131937136039831e9ec35f31598610005fa8795&preview_theme_id=46803124304"): Navigate to 'https://apollo-fireball.myshopify.com/?_ab=0&_fd=0&_sc=1&key=96c2edace7b9967f3a77c2e2b131937136039831e9ec35f31598610005fa8795&preview_theme_id=46803124304' successfully

2019-07-09 15:13:31 - [MESSAGE][PASSED] - Navigate to 'https://apollo-fireball.myshopify.com/?_ab=0&_fd=0&_sc=1&key=96c2edace7b9967f3a77c2e2b131937136039831e9ec35f31598610005fa8795&preview_theme_id=46803124304' successfully

2019-07-09 15:13:31 - [TEST_STEP][PASSED] - executeJavaScript("var previewBar = document.getElementById("preview-bar-iframe"); previewBar.style.display = "none";", []): Execute JavaScript 'var previewBar = document.getElementById("preview-bar-iframe"); previewBar.style.display = "none";' successfully

2019-07-09 15:13:31 - [MESSAGE][PASSED] - Execute JavaScript 'var previewBar = document.getElementById("preview-bar-iframe"); previewBar.style.display = "none";' successfully

2019-07-09 15:13:31 - [TEST_STEP][PASSED] - maximizeWindow(): Current window maximized

2019-07-09 15:13:31 - [MESSAGE][PASSED] - Current window maximized

2019-07-09 15:13:31 - [MESSAGE][PASSED] - Call Test Case 'Test Cases/CALL - URL' successfully

2019-07-09 15:13:31 - [TEST_STEP][PASSED] - delay(2): Delayed 2 second(s)

2019-07-09 15:13:33 - [MESSAGE][PASSED] - Delayed 2 second(s)

2019-07-09 15:13:33 - [TEST_STEP][PASSED] - scrollToElement(findTestObject("APOLLO- Desktop/Home page/Footer/Social icons position"), 0): Scroll to object 'Object Repository/APOLLO- Desktop/Home page/Footer/Social icons position' successfully

2019-07-09 15:13:33 - [MESSAGE][WARNING] - Timeout '0' is invalid. Using default page load timeout: '30'

2019-07-09 15:13:33 - [MESSAGE][PASSED] - Scroll to object 'Object Repository/APOLLO- Desktop/Home page/Footer/Social icons position' successfully

2019-07-09 15:13:33 - [TEST_STEP][PASSED] - delay(2): Delayed 2 second(s)

2019-07-09 15:13:35 - [MESSAGE][PASSED] - Delayed 2 second(s)

2019-07-09 15:13:35 - [TEST_STEP][PASSED] - click(findTestObject("APOLLO- Desktop/Home page/Footer/facebook icon")): Object: 'Object Repository/APOLLO- Desktop/Home page/Footer/facebook icon' is clicked on

2019-07-09 15:13:35 - [MESSAGE][PASSED] - Object: 'Object Repository/APOLLO- Desktop/Home page/Footer/facebook icon' is clicked on

2019-07-09 15:13:35 - [TEST_STEP][PASSED] - delay(2): Delayed 2 second(s)

2019-07-09 15:13:37 - [MESSAGE][PASSED] - Delayed 2 second(s)

2019-07-09 15:13:37 - [TEST_STEP][PASSED] - click(findTestObject("APOLLO- Desktop/Home page/Footer/Twitter icon")): Object: 'Object Repository/APOLLO- Desktop/Home page/Footer/Twitter icon' is clicked on

2019-07-09 15:13:42 - [MESSAGE][PASSED] - Object: 'Object Repository/APOLLO- Desktop/Home page/Footer/Twitter icon' is clicked on

2019-07-09 15:13:42 - [TEST_STEP][PASSED] - delay(2): Delayed 2 second(s)

2019-07-09 15:13:44 - [MESSAGE][PASSED] - Delayed 2 second(s)

2019-07-09 15:13:44 - [TEST_STEP][PASSED] - click(findTestObject("APOLLO- Desktop/Home page/Footer/Instagram icon")): Object: 'Object Repository/APOLLO- Desktop/Home page/Footer/Instagram icon' is clicked on

2019-07-09 15:13:50 - [MESSAGE][PASSED] - Object: 'Object Repository/APOLLO- Desktop/Home page/Footer/Instagram icon' is clicked on

2019-07-09 15:13:50 - [TEST_STEP][PASSED] - delay(2): Delayed 2 second(s)

2019-07-09 15:13:52 - [MESSAGE][PASSED] - Delayed 2 second(s)

2019-07-09 15:13:52 - [TEST_STEP][PASSED] - click(findTestObject("APOLLO- Desktop/Home page/Footer/Pintrest")): Object: 'Object Repository/APOLLO- Desktop/Home page/Footer/Pintrest' is clicked on

2019-07-09 15:13:57 - [MESSAGE][PASSED] - Object: 'Object Repository/APOLLO- Desktop/Home page/Footer/Pintrest' is clicked on

2019-07-09 15:13:57 - [TEST_STEP][PASSED] - delay(2): Delayed 2 second(s)

2019-07-09 15:13:59 - [MESSAGE][PASSED] - Delayed 2 second(s)

2019-07-09 15:13:59 - [TEST_STEP][PASSED] - click(findTestObject("APOLLO- Desktop/Home page/Footer/div_Shop")): Object: 'Object Repository/APOLLO- Desktop/Home page/Footer/div_Shop' is clicked on

2019-07-09 15:14:04 - [MESSAGE][PASSED] - Object: 'Object Repository/APOLLO- Desktop/Home page/Footer/div_Shop' is clicked on

2019-07-09 15:14:04 - [TEST_STEP][PASSED] - executeJavaScript("var previewBar = document.getElementById("preview-bar-iframe"); previewBar.style.display = "none";", []): Execute JavaScript 'var previewBar = document.getElementById("preview-bar-iframe"); previewBar.style.display = "none";' successfully

2019-07-09 15:14:04 - [MESSAGE][PASSED] - Execute JavaScript 'var previewBar = document.getElementById("preview-bar-iframe"); previewBar.style.display = "none";' successfully

2019-07-09 15:14:04 - [TEST_STEP][PASSED] - click(findTestObject("APOLLO- Desktop/Home page/Footer/About us")): Object: 'Object Repository/APOLLO- Desktop/Home page/Footer/About us' is clicked on

2019-07-09 15:14:10 - [MESSAGE][PASSED] - Object: 'Object Repository/APOLLO- Desktop/Home page/Footer/About us' is clicked on

2019-07-09 15:14:10 - [TEST_STEP][PASSED] - delay(2): Delayed 2 second(s)

2019-07-09 15:14:12 - [MESSAGE][PASSED] - Delayed 2 second(s)

2019-07-09 15:14:12 - [TEST_STEP][PASSED] - executeJavaScript("var previewBar = document.getElementById("preview-bar-iframe"); previewBar.style.display = "none";", []): Execute JavaScript 'var previewBar = document.getElementById("preview-bar-iframe"); previewBar.style.display = "none";' successfully

2019-07-09 15:14:12 - [MESSAGE][PASSED] - Execute JavaScript 'var previewBar = document.getElementById("preview-bar-iframe"); previewBar.style.display = "none";' successfully

2019-07-09 15:14:12 - [TEST_STEP][PASSED] - delay(2): Delayed 2 second(s)

2019-07-09 15:14:14 - [MESSAGE][PASSED] - Delayed 2 second(s)

2019-07-09 15:14:14 - [TEST_STEP][PASSED] - click(findTestObject("APOLLO- Desktop/Home page/Footer/Blog")): Object: 'Object Repository/APOLLO- Desktop/Home page/Footer/Blog' is clicked on

2019-07-09 15:14:20 - [MESSAGE][PASSED] - Object: 'Object Repository/APOLLO- Desktop/Home page/Footer/Blog' is clicked on

2019-07-09 15:14:20 - [TEST_STEP][PASSED] - delay(2): Delayed 2 second(s)

2019-07-09 15:14:22 - [MESSAGE][PASSED] - Delayed 2 second(s)

2019-07-09 15:14:22 - [TEST_STEP][PASSED] - executeJavaScript("var previewBar = document.getElementById("preview-bar-iframe"); previewBar.style.display = "none";", []): Execute JavaScript 'var previewBar = document.getElementById("preview-bar-iframe"); previewBar.style.display = "none";' successfully

2019-07-09 15:14:22 - [MESSAGE][PASSED] - Execute JavaScript 'var previewBar = document.getElementById("preview-bar-iframe"); previewBar.style.display = "none";' successfully

2019-07-09 15:14:22 - [TEST_STEP][PASSED] - delay(2): Delayed 2 second(s)

2019-07-09 15:14:24 - [MESSAGE][PASSED] - Delayed 2 second(s)

2019-07-09 15:14:24 - [TEST_STEP][PASSED] - click(findTestObject("APOLLO- Desktop/Home page/Footer/Support")): Object: 'Object Repository/APOLLO- Desktop/Home page/Footer/Support' is clicked on

2019-07-09 15:14:32 - [MESSAGE][PASSED] - Object: 'Object Repository/APOLLO- Desktop/Home page/Footer/Support' is clicked on

2019-07-09 15:14:32 - [TEST_STEP][PASSED] - delay(2): Delayed 2 second(s)

2019-07-09 15:14:34 - [MESSAGE][PASSED] - Delayed 2 second(s)

2019-07-09 15:14:34 - [TEST_STEP][PASSED] - executeJavaScript("var previewBar = document.getElementById("preview-bar-iframe"); previewBar.style.display = "none";", []): Execute JavaScript 'var previewBar = document.getElementById("preview-bar-iframe"); previewBar.style.display = "none";' successfully

2019-07-09 15:14:34 - [MESSAGE][PASSED] - Execute JavaScript 'var previewBar = document.getElementById("preview-bar-iframe"); previewBar.style.display = "none";' successfully

2019-07-09 15:14:34 - [TEST_STEP][PASSED] - delay(2): Delayed 2 second(s)

2019-07-09 15:14:36 - [MESSAGE][PASSED] - Delayed 2 second(s)

2019-07-09 15:14:36 - [TEST_STEP][PASSED] - click(findTestObject("APOLLO- Desktop/Home page/Footer/a_Contact Us")): Object: 'Object Repository/APOLLO- Desktop/Home page/Footer/a_Contact Us' is clicked on

2019-07-09 15:14:42 - [MESSAGE][PASSED] - Object: 'Object Repository/APOLLO- Desktop/Home page/Footer/a_Contact Us' is clicked on]]></system-out>
         <system-err><![CDATA[]]></system-err>
      </testcase>
      <testcase name="Test Cases/HOME PAGE/Cart flyout opening" classname="Test Cases/HOME PAGE/Cart flyout opening" status="PASSED">
         <system-out><![CDATA[2019-07-09 15:14:42 - [TEST_CASE][PASSED] - Test Cases/HOME PAGE/Cart flyout opening: Test Cases/HOME PAGE/Cart flyout opening

2019-07-09 15:14:42 - [TEST_STEP][PASSED] - callTestCase(findTestCase("CALL - URL"), [:], STOP_ON_FAILURE): Call Test Case 'Test Cases/CALL - URL' successfully

2019-07-09 15:14:42 - [TEST_CASE][PASSED] - Test Cases/CALL - URL: Test Cases/CALL - URL

2019-07-09 15:14:42 - [TEST_STEP][PASSED] - openBrowser(""): Browser is opened with url: ''

2019-07-09 15:14:42 - [MESSAGE][WARNING] - A browser is already opened. Closing browser and opening a new one

2019-07-09 15:14:42 - [MESSAGE][INFO] - Starting 'Chrome' driver

2019-07-09 15:14:43 - [MESSAGE][PASSED] - Browser is opened with url: ''

2019-07-09 15:14:43 - [TEST_STEP][PASSED] - navigateToUrl("https://apollo-fireball.myshopify.com/?_ab=0&_fd=0&_sc=1&key=96c2edace7b9967f3a77c2e2b131937136039831e9ec35f31598610005fa8795&preview_theme_id=46803124304"): Navigate to 'https://apollo-fireball.myshopify.com/?_ab=0&_fd=0&_sc=1&key=96c2edace7b9967f3a77c2e2b131937136039831e9ec35f31598610005fa8795&preview_theme_id=46803124304' successfully

2019-07-09 15:14:48 - [MESSAGE][PASSED] - Navigate to 'https://apollo-fireball.myshopify.com/?_ab=0&_fd=0&_sc=1&key=96c2edace7b9967f3a77c2e2b131937136039831e9ec35f31598610005fa8795&preview_theme_id=46803124304' successfully

2019-07-09 15:14:48 - [TEST_STEP][PASSED] - executeJavaScript("var previewBar = document.getElementById("preview-bar-iframe"); previewBar.style.display = "none";", []): Execute JavaScript 'var previewBar = document.getElementById("preview-bar-iframe"); previewBar.style.display = "none";' successfully

2019-07-09 15:14:48 - [MESSAGE][PASSED] - Execute JavaScript 'var previewBar = document.getElementById("preview-bar-iframe"); previewBar.style.display = "none";' successfully

2019-07-09 15:14:48 - [TEST_STEP][PASSED] - maximizeWindow(): Current window maximized

2019-07-09 15:14:49 - [MESSAGE][PASSED] - Current window maximized

2019-07-09 15:14:49 - [MESSAGE][PASSED] - Call Test Case 'Test Cases/CALL - URL' successfully

2019-07-09 15:14:49 - [TEST_STEP][PASSED] - delay(2): Delayed 2 second(s)

2019-07-09 15:14:51 - [MESSAGE][PASSED] - Delayed 2 second(s)

2019-07-09 15:14:51 - [TEST_STEP][PASSED] - click(findTestObject("APOLLO- Desktop/Home page/cart icon open")): Object: 'Object Repository/APOLLO- Desktop/Home page/cart icon open' is clicked on

2019-07-09 15:14:51 - [MESSAGE][PASSED] - Object: 'Object Repository/APOLLO- Desktop/Home page/cart icon open' is clicked on

2019-07-09 15:14:51 - [TEST_STEP][PASSED] - flag = verifyTextPresent("Your bag", false): Text 'Your bag' is present on page 

2019-07-09 15:14:51 - [MESSAGE][PASSED] - Text 'Your bag' is present on page 

2019-07-09 15:14:51 - [TEST_STEP][PASSED] - delay(2): Delayed 2 second(s)

2019-07-09 15:14:53 - [MESSAGE][PASSED] - Delayed 2 second(s)

2019-07-09 15:14:53 - [TEST_STEP][PASSED] - comment("flag=" + flag): flag=true

2019-07-09 15:14:53 - [MESSAGE][INFO] - flag=true

2019-07-09 15:14:53 - [TEST_STEP][PASSED] - if (flag == true): Delayed 2 second(s)

2019-07-09 15:14:53 - [TEST_STEP][PASSED] - comment(" cart flyout opened"):  cart flyout opened

2019-07-09 15:14:53 - [MESSAGE][INFO] -  cart flyout opened

2019-07-09 15:14:53 - [TEST_STEP][PASSED] - delay(2): Delayed 2 second(s)

2019-07-09 15:14:55 - [MESSAGE][PASSED] - Delayed 2 second(s)

2019-07-09 15:14:55 - [TEST_STEP][PASSED] - click(findTestObject("APOLLO- Desktop/Cart flyout/Cart collapse")): Object: 'Object Repository/APOLLO- Desktop/Cart flyout/Cart collapse' is clicked on

2019-07-09 15:14:55 - [MESSAGE][PASSED] - Object: 'Object Repository/APOLLO- Desktop/Cart flyout/Cart collapse' is clicked on

2019-07-09 15:14:55 - [TEST_STEP][PASSED] - delay(2): Delayed 2 second(s)

2019-07-09 15:14:57 - [MESSAGE][PASSED] - Delayed 2 second(s)

2019-07-09 15:14:57 - [TEST_STEP][PASSED] - flag1 = verifyTextNotPresent("Your bag", false): Text 'Your bag' is not present on page

2019-07-09 15:14:57 - [MESSAGE][PASSED] - Text 'Your bag' is not present on page

2019-07-09 15:14:57 - [TEST_STEP][PASSED] - comment("flag1=" + flag1): flag1=true

2019-07-09 15:14:57 - [MESSAGE][INFO] - flag1=true

2019-07-09 15:14:57 - [TEST_STEP][PASSED] - if (flag1 == true):  cart flyout closed

2019-07-09 15:14:57 - [TEST_STEP][PASSED] - comment(" cart flyout closed"):  cart flyout closed

2019-07-09 15:14:57 - [MESSAGE][INFO] -  cart flyout closed]]></system-out>
         <system-err><![CDATA[]]></system-err>
      </testcase>
      <testcase name="Test Cases/HOME PAGE/Popular products" classname="Test Cases/HOME PAGE/Popular products" status="PASSED">
         <system-out><![CDATA[2019-07-09 15:14:57 - [TEST_CASE][PASSED] - Test Cases/HOME PAGE/Popular products: Test Cases/HOME PAGE/Popular products

2019-07-09 15:14:58 - [TEST_STEP][PASSED] - callTestCase(findTestCase("CALL - URL"), [:], STOP_ON_FAILURE): Call Test Case 'Test Cases/CALL - URL' successfully

2019-07-09 15:14:58 - [TEST_CASE][PASSED] - Test Cases/CALL - URL: Test Cases/CALL - URL

2019-07-09 15:14:58 - [TEST_STEP][PASSED] - openBrowser(""): Browser is opened with url: ''

2019-07-09 15:14:58 - [MESSAGE][WARNING] - A browser is already opened. Closing browser and opening a new one

2019-07-09 15:14:58 - [MESSAGE][INFO] - Starting 'Chrome' driver

2019-07-09 15:14:59 - [MESSAGE][PASSED] - Browser is opened with url: ''

2019-07-09 15:14:59 - [TEST_STEP][PASSED] - navigateToUrl("https://apollo-fireball.myshopify.com/?_ab=0&_fd=0&_sc=1&key=96c2edace7b9967f3a77c2e2b131937136039831e9ec35f31598610005fa8795&preview_theme_id=46803124304"): Navigate to 'https://apollo-fireball.myshopify.com/?_ab=0&_fd=0&_sc=1&key=96c2edace7b9967f3a77c2e2b131937136039831e9ec35f31598610005fa8795&preview_theme_id=46803124304' successfully

2019-07-09 15:15:02 - [MESSAGE][PASSED] - Navigate to 'https://apollo-fireball.myshopify.com/?_ab=0&_fd=0&_sc=1&key=96c2edace7b9967f3a77c2e2b131937136039831e9ec35f31598610005fa8795&preview_theme_id=46803124304' successfully

2019-07-09 15:15:02 - [TEST_STEP][PASSED] - executeJavaScript("var previewBar = document.getElementById("preview-bar-iframe"); previewBar.style.display = "none";", []): Execute JavaScript 'var previewBar = document.getElementById("preview-bar-iframe"); previewBar.style.display = "none";' successfully

2019-07-09 15:15:02 - [MESSAGE][PASSED] - Execute JavaScript 'var previewBar = document.getElementById("preview-bar-iframe"); previewBar.style.display = "none";' successfully

2019-07-09 15:15:02 - [TEST_STEP][PASSED] - maximizeWindow(): Current window maximized

2019-07-09 15:15:03 - [MESSAGE][PASSED] - Current window maximized

2019-07-09 15:15:03 - [MESSAGE][PASSED] - Call Test Case 'Test Cases/CALL - URL' successfully

2019-07-09 15:15:03 - [TEST_STEP][PASSED] - delay(2): Delayed 2 second(s)

2019-07-09 15:15:05 - [MESSAGE][PASSED] - Delayed 2 second(s)

2019-07-09 15:15:05 - [TEST_STEP][PASSED] - scrollToElement(findTestObject("APOLLO- Desktop/Home page/Popular products/Popular products tile"), 0): Scroll to object 'Object Repository/APOLLO- Desktop/Home page/Popular products/Popular products tile' successfully

2019-07-09 15:15:05 - [MESSAGE][WARNING] - Timeout '0' is invalid. Using default page load timeout: '30'

2019-07-09 15:15:05 - [MESSAGE][PASSED] - Scroll to object 'Object Repository/APOLLO- Desktop/Home page/Popular products/Popular products tile' successfully

2019-07-09 15:15:05 - [TEST_STEP][PASSED] - delay(2): Delayed 2 second(s)

2019-07-09 15:15:07 - [MESSAGE][PASSED] - Delayed 2 second(s)

2019-07-09 15:15:07 - [TEST_STEP][PASSED] - click(findTestObject("APOLLO- Desktop/Home page/Popular products/Popular products tile - chicken slider")): Object: 'Object Repository/APOLLO- Desktop/Home page/Popular products/Popular products tile - chicken slider' is clicked on

2019-07-09 15:15:07 - [MESSAGE][PASSED] - Object: 'Object Repository/APOLLO- Desktop/Home page/Popular products/Popular products tile - chicken slider' is clicked on

2019-07-09 15:15:07 - [TEST_STEP][PASSED] - delay(2): Delayed 2 second(s)

2019-07-09 15:15:09 - [MESSAGE][PASSED] - Delayed 2 second(s)

2019-07-09 15:15:09 - [TEST_STEP][PASSED] - click(findTestObject("APOLLO- Desktop/Home page/Popular products/first product- women")): Object: 'Object Repository/APOLLO- Desktop/Home page/Popular products/first product- women' is clicked on

2019-07-09 15:15:16 - [MESSAGE][PASSED] - Object: 'Object Repository/APOLLO- Desktop/Home page/Popular products/first product- women' is clicked on

2019-07-09 15:15:16 - [TEST_STEP][PASSED] - delay(2): Delayed 2 second(s)

2019-07-09 15:15:18 - [MESSAGE][PASSED] - Delayed 2 second(s)

2019-07-09 15:15:18 - [TEST_STEP][PASSED] - click(findTestObject("APOLLO- Desktop/Home page/Hero banner - CTA/Apollo icon")): Object: 'Object Repository/APOLLO- Desktop/Home page/Hero banner - CTA/Apollo icon' is clicked on

2019-07-09 15:15:20 - [MESSAGE][PASSED] - Object: 'Object Repository/APOLLO- Desktop/Home page/Hero banner - CTA/Apollo icon' is clicked on

2019-07-09 15:15:20 - [TEST_STEP][PASSED] - delay(2): Delayed 2 second(s)

2019-07-09 15:15:22 - [MESSAGE][PASSED] - Delayed 2 second(s)

2019-07-09 15:15:22 - [TEST_STEP][PASSED] - scrollToElement(findTestObject("APOLLO- Desktop/Home page/Popular products/Popular products tile"), 0): Scroll to object 'Object Repository/APOLLO- Desktop/Home page/Popular products/Popular products tile' successfully

2019-07-09 15:15:22 - [MESSAGE][WARNING] - Timeout '0' is invalid. Using default page load timeout: '30'

2019-07-09 15:15:22 - [MESSAGE][PASSED] - Scroll to object 'Object Repository/APOLLO- Desktop/Home page/Popular products/Popular products tile' successfully

2019-07-09 15:15:22 - [TEST_STEP][PASSED] - delay(2): Delayed 2 second(s)

2019-07-09 15:15:24 - [MESSAGE][PASSED] - Delayed 2 second(s)

2019-07-09 15:15:24 - [TEST_STEP][PASSED] - click(findTestObject("APOLLO- Desktop/Home page/Popular products/Popular products tile - lamb slider")): Object: 'Object Repository/APOLLO- Desktop/Home page/Popular products/Popular products tile - lamb slider' is clicked on

2019-07-09 15:15:24 - [MESSAGE][PASSED] - Object: 'Object Repository/APOLLO- Desktop/Home page/Popular products/Popular products tile - lamb slider' is clicked on

2019-07-09 15:15:24 - [TEST_STEP][PASSED] - delay(2): Delayed 2 second(s)

2019-07-09 15:15:26 - [MESSAGE][PASSED] - Delayed 2 second(s)

2019-07-09 15:15:26 - [TEST_STEP][PASSED] - click(findTestObject("APOLLO- Desktop/Home page/Popular products/first product- kids")): Object: 'Object Repository/APOLLO- Desktop/Home page/Popular products/first product- kids' is clicked on

2019-07-09 15:15:33 - [MESSAGE][PASSED] - Object: 'Object Repository/APOLLO- Desktop/Home page/Popular products/first product- kids' is clicked on

2019-07-09 15:15:33 - [TEST_STEP][PASSED] - delay(2): Delayed 2 second(s)

2019-07-09 15:15:35 - [MESSAGE][PASSED] - Delayed 2 second(s)

2019-07-09 15:15:35 - [TEST_STEP][PASSED] - click(findTestObject("APOLLO- Desktop/Home page/Hero banner - CTA/Apollo icon")): Object: 'Object Repository/APOLLO- Desktop/Home page/Hero banner - CTA/Apollo icon' is clicked on

2019-07-09 15:15:37 - [MESSAGE][PASSED] - Object: 'Object Repository/APOLLO- Desktop/Home page/Hero banner - CTA/Apollo icon' is clicked on

2019-07-09 15:15:37 - [TEST_STEP][PASSED] - delay(2): Delayed 2 second(s)

2019-07-09 15:15:39 - [MESSAGE][PASSED] - Delayed 2 second(s)

2019-07-09 15:15:39 - [TEST_STEP][PASSED] - executeJavaScript("var previewBar = document.getElementById("preview-bar-iframe"); previewBar.style.display = "none";", []): Execute JavaScript 'var previewBar = document.getElementById("preview-bar-iframe"); previewBar.style.display = "none";' successfully

2019-07-09 15:15:39 - [MESSAGE][PASSED] - Execute JavaScript 'var previewBar = document.getElementById("preview-bar-iframe"); previewBar.style.display = "none";' successfully

2019-07-09 15:15:39 - [TEST_STEP][PASSED] - click(findTestObject("APOLLO- Desktop/Home page/Popular products/Popular products tile - Beef slider")): Object: 'Object Repository/APOLLO- Desktop/Home page/Popular products/Popular products tile - Beef slider' is clicked on

2019-07-09 15:15:39 - [MESSAGE][PASSED] - Object: 'Object Repository/APOLLO- Desktop/Home page/Popular products/Popular products tile - Beef slider' is clicked on

2019-07-09 15:15:39 - [TEST_STEP][PASSED] - delay(2): Delayed 2 second(s)

2019-07-09 15:15:41 - [MESSAGE][PASSED] - Delayed 2 second(s)

2019-07-09 15:15:41 - [TEST_STEP][PASSED] - click(findTestObject("APOLLO- Desktop/Home page/Popular products/first product- men")): Object: 'Object Repository/APOLLO- Desktop/Home page/Popular products/first product- men' is clicked on

2019-07-09 15:15:49 - [MESSAGE][PASSED] - Object: 'Object Repository/APOLLO- Desktop/Home page/Popular products/first product- men' is clicked on

2019-07-09 15:15:49 - [TEST_STEP][PASSED] - delay(2): Delayed 2 second(s)

2019-07-09 15:15:51 - [MESSAGE][PASSED] - Delayed 2 second(s)

2019-07-09 15:15:51 - [TEST_STEP][PASSED] - click(findTestObject("APOLLO- Desktop/Home page/Hero banner - CTA/Apollo icon")): Object: 'Object Repository/APOLLO- Desktop/Home page/Hero banner - CTA/Apollo icon' is clicked on

2019-07-09 15:15:53 - [MESSAGE][PASSED] - Object: 'Object Repository/APOLLO- Desktop/Home page/Hero banner - CTA/Apollo icon' is clicked on

2019-07-09 15:15:53 - [TEST_STEP][PASSED] - delay(2): Delayed 2 second(s)

2019-07-09 15:15:55 - [MESSAGE][PASSED] - Delayed 2 second(s)

2019-07-09 15:15:55 - [TEST_STEP][PASSED] - executeJavaScript("var previewBar = document.getElementById("preview-bar-iframe"); previewBar.style.display = "none";", []): Execute JavaScript 'var previewBar = document.getElementById("preview-bar-iframe"); previewBar.style.display = "none";' successfully

2019-07-09 15:15:55 - [MESSAGE][PASSED] - Execute JavaScript 'var previewBar = document.getElementById("preview-bar-iframe"); previewBar.style.display = "none";' successfully

2019-07-09 15:15:55 - [TEST_STEP][PASSED] - scrollToElement(findTestObject("APOLLO- Desktop/Home page/Popular products/Popular products tile"), 0): Scroll to object 'Object Repository/APOLLO- Desktop/Home page/Popular products/Popular products tile' successfully

2019-07-09 15:15:55 - [MESSAGE][WARNING] - Timeout '0' is invalid. Using default page load timeout: '30'

2019-07-09 15:15:55 - [MESSAGE][PASSED] - Scroll to object 'Object Repository/APOLLO- Desktop/Home page/Popular products/Popular products tile' successfully

2019-07-09 15:15:55 - [TEST_STEP][PASSED] - delay(2): Delayed 2 second(s)

2019-07-09 15:15:57 - [MESSAGE][PASSED] - Delayed 2 second(s)

2019-07-09 15:15:57 - [TEST_STEP][PASSED] - mouseOver(findTestObject("APOLLO- Desktop/Home page/Popular products/Previous button chevron")): Object: 'Object Repository/APOLLO- Desktop/Home page/Popular products/Previous button chevron' is hovered

2019-07-09 15:15:57 - [MESSAGE][PASSED] - Object: 'Object Repository/APOLLO- Desktop/Home page/Popular products/Previous button chevron' is hovered

2019-07-09 15:15:57 - [TEST_STEP][PASSED] - delay(2): Delayed 2 second(s)

2019-07-09 15:15:59 - [MESSAGE][PASSED] - Delayed 2 second(s)

2019-07-09 15:15:59 - [TEST_STEP][PASSED] - click(findTestObject("APOLLO- Desktop/Home page/Popular products/Previous button chevron")): Object: 'Object Repository/APOLLO- Desktop/Home page/Popular products/Previous button chevron' is clicked on

2019-07-09 15:15:59 - [MESSAGE][PASSED] - Object: 'Object Repository/APOLLO- Desktop/Home page/Popular products/Previous button chevron' is clicked on

2019-07-09 15:15:59 - [TEST_STEP][PASSED] - delay(2): Delayed 2 second(s)

2019-07-09 15:16:01 - [MESSAGE][PASSED] - Delayed 2 second(s)

2019-07-09 15:16:01 - [TEST_STEP][PASSED] - click(findTestObject("APOLLO- Desktop/Home page/Popular products/Previous button chevron")): Object: 'Object Repository/APOLLO- Desktop/Home page/Popular products/Previous button chevron' is clicked on

2019-07-09 15:16:01 - [MESSAGE][PASSED] - Object: 'Object Repository/APOLLO- Desktop/Home page/Popular products/Previous button chevron' is clicked on

2019-07-09 15:16:01 - [TEST_STEP][PASSED] - delay(2): Delayed 2 second(s)

2019-07-09 15:16:03 - [MESSAGE][PASSED] - Delayed 2 second(s)

2019-07-09 15:16:03 - [TEST_STEP][PASSED] - click(findTestObject("APOLLO- Desktop/Home page/Popular products/Next button chevron")): Object: 'Object Repository/APOLLO- Desktop/Home page/Popular products/Next button chevron' is clicked on

2019-07-09 15:16:03 - [MESSAGE][PASSED] - Object: 'Object Repository/APOLLO- Desktop/Home page/Popular products/Next button chevron' is clicked on]]></system-out>
         <system-err><![CDATA[]]></system-err>
      </testcase>
      <testcase name="Test Cases/HOME PAGE/Follow us" classname="Test Cases/HOME PAGE/Follow us" status="FAILED">
         <failure type="FAILED" message="Test Cases/HOME PAGE/Follow us FAILED.
Reason:
com.kms.katalon.core.exception.StepFailedException: Unable to click on object 'Object Repository/APOLLO- Desktop/Home page/Follow us/button-previous' (Root cause: org.openqa.selenium.ElementNotVisibleException: element not interactable
  (Session info: chrome=75.0.3770.100)
  (Driver info: chromedriver=2.43.600229 (3fae4d0cda5334b4f533bede5a4787f7b832d052),platform=Mac OS X 10.13.6 x86_64) (WARNING: The server did not provide any stacktrace information)
Command duration or timeout: 0 milliseconds
Build info: version: '3.7.1', revision: '8a0099a', time: '2017-11-06T21:07:36.161Z'
System info: host: 'sumans-MacBook-Pro.local', ip: 'fe80:0:0:0:47c:ca88:4245:b7a7%en0', os.name: 'Mac OS X', os.arch: 'x86_64', os.version: '10.13.6', java.version: '1.8.0_181'
Driver info: com.kms.katalon.selenium.driver.CChromeDriver
Capabilities {acceptInsecureCerts: false, acceptSslCerts: false, applicationCacheEnabled: false, browserConnectionEnabled: false, browserName: chrome, chrome: {chromedriverVersion: 2.43.600229 (3fae4d0cda5334..., userDataDir: /var/folders/1t/c55l8xzs6gq...}, cssSelectorsEnabled: true, databaseEnabled: false, goog:chromeOptions: {debuggerAddress: localhost:64720}, handlesAlerts: true, hasTouchScreen: false, javascriptEnabled: true, locationContextEnabled: true, mobileEmulationEnabled: false, nativeEvents: true, networkConnectionEnabled: false, pageLoadStrategy: normal, platform: MAC, platformName: MAC, rotatable: false, setWindowRect: true, takesHeapSnapshot: true, takesScreenshot: true, unexpectedAlertBehaviour: , unhandledPromptBehavior: , version: 75.0.3770.100, webStorageEnabled: true}
Session ID: f0b71754b6ba10a84ebf7a171c39fb9d)
	at com.kms.katalon.core.keyword.internal.KeywordMain.stepFailed(KeywordMain.groovy:36)
	at com.kms.katalon.core.webui.keyword.internal.WebUIKeywordMain.stepFailed(WebUIKeywordMain.groovy:65)
	at com.kms.katalon.core.webui.keyword.internal.WebUIKeywordMain.runKeyword(WebUIKeywordMain.groovy:27)
	at com.kms.katalon.core.webui.keyword.builtin.ClickKeyword.click(ClickKeyword.groovy:86)
	at com.kms.katalon.core.webui.keyword.builtin.ClickKeyword.execute(ClickKeyword.groovy:67)
	at com.kms.katalon.core.keyword.internal.KeywordExecutor.executeKeywordForPlatform(KeywordExecutor.groovy:53)
	at com.kms.katalon.core.webui.keyword.WebUiBuiltInKeywords.click(WebUiBuiltInKeywords.groovy:616)
	at com.kms.katalon.core.webui.keyword.WebUiBuiltInKeywords$click$3.call(Unknown Source)
	at Follow us.run(Follow us:40)
	at com.kms.katalon.core.main.ScriptEngine.run(ScriptEngine.java:194)
	at com.kms.katalon.core.main.ScriptEngine.runScriptAsRawText(ScriptEngine.java:119)
	at com.kms.katalon.core.main.TestCaseExecutor.runScript(TestCaseExecutor.java:328)
	at com.kms.katalon.core.main.TestCaseExecutor.doExecute(TestCaseExecutor.java:319)
	at com.kms.katalon.core.main.TestCaseExecutor.processExecutionPhase(TestCaseExecutor.java:298)
	at com.kms.katalon.core.main.TestCaseExecutor.accessMainPhase(TestCaseExecutor.java:290)
	at com.kms.katalon.core.main.TestCaseExecutor.execute(TestCaseExecutor.java:224)
	at com.kms.katalon.core.main.TestSuiteExecutor.accessTestCaseMainPhase(TestSuiteExecutor.java:129)
	at com.kms.katalon.core.main.TestSuiteExecutor.accessTestSuiteMainPhase(TestSuiteExecutor.java:112)
	at com.kms.katalon.core.main.TestSuiteExecutor.execute(TestSuiteExecutor.java:81)
	at com.kms.katalon.core.main.TestCaseMain.startTestSuite(TestCaseMain.java:149)
	at com.kms.katalon.core.main.TestCaseMain$startTestSuite$0.call(Unknown Source)
	at TempTestSuite1562698926915.run(TempTestSuite1562698926915.groovy:36)
"/>
         <system-out><![CDATA[2019-07-09 15:16:03 - [TEST_CASE][FAILED] - Test Cases/HOME PAGE/Follow us: Test Cases/HOME PAGE/Follow us FAILED.
Reason:
com.kms.katalon.core.exception.StepFailedException: Unable to click on object 'Object Repository/APOLLO- Desktop/Home page/Follow us/button-previous' (Root cause: org.openqa.selenium.ElementNotVisibleException: element not interactable
  (Session info: chrome=75.0.3770.100)
  (Driver info: chromedriver=2.43.600229 (3fae4d0cda5334b4f533bede5a4787f7b832d052),platform=Mac OS X 10.13.6 x86_64) (WARNING: The server did not provide any stacktrace information)
Command duration or timeout: 0 milliseconds
Build info: version: '3.7.1', revision: '8a0099a', time: '2017-11-06T21:07:36.161Z'
System info: host: 'sumans-MacBook-Pro.local', ip: 'fe80:0:0:0:47c:ca88:4245:b7a7%en0', os.name: 'Mac OS X', os.arch: 'x86_64', os.version: '10.13.6', java.version: '1.8.0_181'
Driver info: com.kms.katalon.selenium.driver.CChromeDriver
Capabilities {acceptInsecureCerts: false, acceptSslCerts: false, applicationCacheEnabled: false, browserConnectionEnabled: false, browserName: chrome, chrome: {chromedriverVersion: 2.43.600229 (3fae4d0cda5334..., userDataDir: /var/folders/1t/c55l8xzs6gq...}, cssSelectorsEnabled: true, databaseEnabled: false, goog:chromeOptions: {debuggerAddress: localhost:64720}, handlesAlerts: true, hasTouchScreen: false, javascriptEnabled: true, locationContextEnabled: true, mobileEmulationEnabled: false, nativeEvents: true, networkConnectionEnabled: false, pageLoadStrategy: normal, platform: MAC, platformName: MAC, rotatable: false, setWindowRect: true, takesHeapSnapshot: true, takesScreenshot: true, unexpectedAlertBehaviour: , unhandledPromptBehavior: , version: 75.0.3770.100, webStorageEnabled: true}
Session ID: f0b71754b6ba10a84ebf7a171c39fb9d)
	at com.kms.katalon.core.keyword.internal.KeywordMain.stepFailed(KeywordMain.groovy:36)
	at com.kms.katalon.core.webui.keyword.internal.WebUIKeywordMain.stepFailed(WebUIKeywordMain.groovy:65)
	at com.kms.katalon.core.webui.keyword.internal.WebUIKeywordMain.runKeyword(WebUIKeywordMain.groovy:27)
	at com.kms.katalon.core.webui.keyword.builtin.ClickKeyword.click(ClickKeyword.groovy:86)
	at com.kms.katalon.core.webui.keyword.builtin.ClickKeyword.execute(ClickKeyword.groovy:67)
	at com.kms.katalon.core.keyword.internal.KeywordExecutor.executeKeywordForPlatform(KeywordExecutor.groovy:53)
	at com.kms.katalon.core.webui.keyword.WebUiBuiltInKeywords.click(WebUiBuiltInKeywords.groovy:616)
	at com.kms.katalon.core.webui.keyword.WebUiBuiltInKeywords$click$3.call(Unknown Source)
	at Follow us.run(Follow us:40)
	at com.kms.katalon.core.main.ScriptEngine.run(ScriptEngine.java:194)
	at com.kms.katalon.core.main.ScriptEngine.runScriptAsRawText(ScriptEngine.java:119)
	at com.kms.katalon.core.main.TestCaseExecutor.runScript(TestCaseExecutor.java:328)
	at com.kms.katalon.core.main.TestCaseExecutor.doExecute(TestCaseExecutor.java:319)
	at com.kms.katalon.core.main.TestCaseExecutor.processExecutionPhase(TestCaseExecutor.java:298)
	at com.kms.katalon.core.main.TestCaseExecutor.accessMainPhase(TestCaseExecutor.java:290)
	at com.kms.katalon.core.main.TestCaseExecutor.execute(TestCaseExecutor.java:224)
	at com.kms.katalon.core.main.TestSuiteExecutor.accessTestCaseMainPhase(TestSuiteExecutor.java:129)
	at com.kms.katalon.core.main.TestSuiteExecutor.accessTestSuiteMainPhase(TestSuiteExecutor.java:112)
	at com.kms.katalon.core.main.TestSuiteExecutor.execute(TestSuiteExecutor.java:81)
	at com.kms.katalon.core.main.TestCaseMain.startTestSuite(TestCaseMain.java:149)
	at com.kms.katalon.core.main.TestCaseMain$startTestSuite$0.call(Unknown Source)
	at TempTestSuite1562698926915.run(TempTestSuite1562698926915.groovy:36)


2019-07-09 15:16:04 - [TEST_STEP][PASSED] - callTestCase(findTestCase("CALL - URL"), [:], STOP_ON_FAILURE): Call Test Case 'Test Cases/CALL - URL' successfully

2019-07-09 15:16:04 - [TEST_CASE][PASSED] - Test Cases/CALL - URL: Test Cases/CALL - URL

2019-07-09 15:16:04 - [TEST_STEP][PASSED] - openBrowser(""): Browser is opened with url: ''

2019-07-09 15:16:04 - [MESSAGE][WARNING] - A browser is already opened. Closing browser and opening a new one

2019-07-09 15:16:04 - [MESSAGE][INFO] - Starting 'Chrome' driver

2019-07-09 15:16:05 - [MESSAGE][PASSED] - Browser is opened with url: ''

2019-07-09 15:16:05 - [TEST_STEP][PASSED] - navigateToUrl("https://apollo-fireball.myshopify.com/?_ab=0&_fd=0&_sc=1&key=96c2edace7b9967f3a77c2e2b131937136039831e9ec35f31598610005fa8795&preview_theme_id=46803124304"): Navigate to 'https://apollo-fireball.myshopify.com/?_ab=0&_fd=0&_sc=1&key=96c2edace7b9967f3a77c2e2b131937136039831e9ec35f31598610005fa8795&preview_theme_id=46803124304' successfully

2019-07-09 15:16:08 - [MESSAGE][PASSED] - Navigate to 'https://apollo-fireball.myshopify.com/?_ab=0&_fd=0&_sc=1&key=96c2edace7b9967f3a77c2e2b131937136039831e9ec35f31598610005fa8795&preview_theme_id=46803124304' successfully

2019-07-09 15:16:08 - [TEST_STEP][PASSED] - executeJavaScript("var previewBar = document.getElementById("preview-bar-iframe"); previewBar.style.display = "none";", []): Execute JavaScript 'var previewBar = document.getElementById("preview-bar-iframe"); previewBar.style.display = "none";' successfully

2019-07-09 15:16:08 - [MESSAGE][PASSED] - Execute JavaScript 'var previewBar = document.getElementById("preview-bar-iframe"); previewBar.style.display = "none";' successfully

2019-07-09 15:16:08 - [TEST_STEP][PASSED] - maximizeWindow(): Current window maximized

2019-07-09 15:16:09 - [MESSAGE][PASSED] - Current window maximized

2019-07-09 15:16:09 - [MESSAGE][PASSED] - Call Test Case 'Test Cases/CALL - URL' successfully

2019-07-09 15:16:09 - [TEST_STEP][PASSED] - delay(2): Delayed 2 second(s)

2019-07-09 15:16:11 - [MESSAGE][PASSED] - Delayed 2 second(s)

2019-07-09 15:16:11 - [TEST_STEP][PASSED] - scrollToElement(findTestObject("APOLLO- Desktop/Home page/Follow us/apollodarktheme"), 0): Scroll to object 'Object Repository/APOLLO- Desktop/Home page/Follow us/apollodarktheme' successfully

2019-07-09 15:16:11 - [MESSAGE][WARNING] - Timeout '0' is invalid. Using default page load timeout: '30'

2019-07-09 15:16:11 - [MESSAGE][PASSED] - Scroll to object 'Object Repository/APOLLO- Desktop/Home page/Follow us/apollodarktheme' successfully

2019-07-09 15:16:11 - [TEST_STEP][PASSED] - delay(2): Delayed 2 second(s)

2019-07-09 15:16:13 - [MESSAGE][PASSED] - Delayed 2 second(s)

2019-07-09 15:16:13 - [TEST_STEP][NOT_RUN] - scrollToElement(findTestObject("APOLLO- Desktop/Home page/Featured blog posts/Visit Blog"), 0): NOT_RUN: scrollToElement(findTestObject("APOLLO- Desktop/Home page/Featured blog posts/Visit Blog"), 0)

2019-07-09 15:16:13 - [MESSAGE][NOT_RUN] - NOT_RUN: scrollToElement(findTestObject("APOLLO- Desktop/Home page/Featured blog posts/Visit Blog"), 0)

2019-07-09 15:16:13 - [TEST_STEP][PASSED] - delay(2): Delayed 2 second(s)

2019-07-09 15:16:15 - [MESSAGE][PASSED] - Delayed 2 second(s)

2019-07-09 15:16:15 - [TEST_STEP][PASSED] - click(findTestObject("APOLLO- Desktop/Home page/Follow us/product tile")): Object: 'Object Repository/APOLLO- Desktop/Home page/Follow us/product tile' is clicked on

2019-07-09 15:16:15 - [MESSAGE][PASSED] - Object: 'Object Repository/APOLLO- Desktop/Home page/Follow us/product tile' is clicked on

2019-07-09 15:16:15 - [TEST_STEP][NOT_RUN] - back(): NOT_RUN: back()

2019-07-09 15:16:15 - [MESSAGE][NOT_RUN] - NOT_RUN: back()

2019-07-09 15:16:15 - [TEST_STEP][PASSED] - scrollToElement(findTestObject("APOLLO- Desktop/Home page/Follow us/apollodarktheme"), 0): Scroll to object 'Object Repository/APOLLO- Desktop/Home page/Follow us/apollodarktheme' successfully

2019-07-09 15:16:15 - [MESSAGE][WARNING] - Timeout '0' is invalid. Using default page load timeout: '30'

2019-07-09 15:16:15 - [MESSAGE][PASSED] - Scroll to object 'Object Repository/APOLLO- Desktop/Home page/Follow us/apollodarktheme' successfully

2019-07-09 15:16:15 - [TEST_STEP][PASSED] - delay(2): Delayed 2 second(s)

2019-07-09 15:16:17 - [MESSAGE][PASSED] - Delayed 2 second(s)

2019-07-09 15:16:17 - [TEST_STEP][PASSED] - mouseOver(findTestObject("APOLLO- Desktop/Home page/Follow us/button-previous")): Object: 'Object Repository/APOLLO- Desktop/Home page/Follow us/button-previous' is hovered

2019-07-09 15:16:17 - [MESSAGE][PASSED] - Object: 'Object Repository/APOLLO- Desktop/Home page/Follow us/button-previous' is hovered

2019-07-09 15:16:17 - [TEST_STEP][PASSED] - delay(2): Delayed 2 second(s)

2019-07-09 15:16:19 - [MESSAGE][PASSED] - Delayed 2 second(s)

2019-07-09 15:16:19 - [TEST_STEP][FAILED] - click(findTestObject("APOLLO- Desktop/Home page/Follow us/button-previous")): click(findTestObject("APOLLO- Desktop/Home page/Follow us/button-previous")) FAILED.
Reason:
com.kms.katalon.core.exception.StepFailedException: Unable to click on object 'Object Repository/APOLLO- Desktop/Home page/Follow us/button-previous' (Root cause: org.openqa.selenium.ElementNotVisibleException: element not interactable
  (Session info: chrome=75.0.3770.100)
  (Driver info: chromedriver=2.43.600229 (3fae4d0cda5334b4f533bede5a4787f7b832d052),platform=Mac OS X 10.13.6 x86_64) (WARNING: The server did not provide any stacktrace information)
Command duration or timeout: 0 milliseconds
Build info: version: '3.7.1', revision: '8a0099a', time: '2017-11-06T21:07:36.161Z'
System info: host: 'sumans-MacBook-Pro.local', ip: 'fe80:0:0:0:47c:ca88:4245:b7a7%en0', os.name: 'Mac OS X', os.arch: 'x86_64', os.version: '10.13.6', java.version: '1.8.0_181'
Driver info: com.kms.katalon.selenium.driver.CChromeDriver
Capabilities {acceptInsecureCerts: false, acceptSslCerts: false, applicationCacheEnabled: false, browserConnectionEnabled: false, browserName: chrome, chrome: {chromedriverVersion: 2.43.600229 (3fae4d0cda5334..., userDataDir: /var/folders/1t/c55l8xzs6gq...}, cssSelectorsEnabled: true, databaseEnabled: false, goog:chromeOptions: {debuggerAddress: localhost:64720}, handlesAlerts: true, hasTouchScreen: false, javascriptEnabled: true, locationContextEnabled: true, mobileEmulationEnabled: false, nativeEvents: true, networkConnectionEnabled: false, pageLoadStrategy: normal, platform: MAC, platformName: MAC, rotatable: false, setWindowRect: true, takesHeapSnapshot: true, takesScreenshot: true, unexpectedAlertBehaviour: , unhandledPromptBehavior: , version: 75.0.3770.100, webStorageEnabled: true}
Session ID: f0b71754b6ba10a84ebf7a171c39fb9d)
	at com.kms.katalon.core.keyword.internal.KeywordMain.stepFailed(KeywordMain.groovy:36)
	at com.kms.katalon.core.webui.keyword.internal.WebUIKeywordMain.stepFailed(WebUIKeywordMain.groovy:65)
	at com.kms.katalon.core.webui.keyword.internal.WebUIKeywordMain.runKeyword(WebUIKeywordMain.groovy:27)
	at com.kms.katalon.core.webui.keyword.builtin.ClickKeyword.click(ClickKeyword.groovy:86)
	at com.kms.katalon.core.webui.keyword.builtin.ClickKeyword.execute(ClickKeyword.groovy:67)
	at com.kms.katalon.core.keyword.internal.KeywordExecutor.executeKeywordForPlatform(KeywordExecutor.groovy:53)
	at com.kms.katalon.core.webui.keyword.WebUiBuiltInKeywords.click(WebUiBuiltInKeywords.groovy:616)
	at com.kms.katalon.core.webui.keyword.WebUiBuiltInKeywords$click$3.call(Unknown Source)
	at Follow us.run(Follow us:40)
	at com.kms.katalon.core.main.ScriptEngine.run(ScriptEngine.java:194)
	at com.kms.katalon.core.main.ScriptEngine.runScriptAsRawText(ScriptEngine.java:119)
	at com.kms.katalon.core.main.TestCaseExecutor.runScript(TestCaseExecutor.java:328)
	at com.kms.katalon.core.main.TestCaseExecutor.doExecute(TestCaseExecutor.java:319)
	at com.kms.katalon.core.main.TestCaseExecutor.processExecutionPhase(TestCaseExecutor.java:298)
	at com.kms.katalon.core.main.TestCaseExecutor.accessMainPhase(TestCaseExecutor.java:290)
	at com.kms.katalon.core.main.TestCaseExecutor.execute(TestCaseExecutor.java:224)
	at com.kms.katalon.core.main.TestSuiteExecutor.accessTestCaseMainPhase(TestSuiteExecutor.java:129)
	at com.kms.katalon.core.main.TestSuiteExecutor.accessTestSuiteMainPhase(TestSuiteExecutor.java:112)
	at com.kms.katalon.core.main.TestSuiteExecutor.execute(TestSuiteExecutor.java:81)
	at com.kms.katalon.core.main.TestCaseMain.startTestSuite(TestCaseMain.java:149)
	at com.kms.katalon.core.main.TestCaseMain$startTestSuite$0.call(Unknown Source)
	at TempTestSuite1562698926915.run(TempTestSuite1562698926915.groovy:36)


2019-07-09 15:16:20 - [MESSAGE][FAILED] - Unable to click on object 'Object Repository/APOLLO- Desktop/Home page/Follow us/button-previous' (Root cause: org.openqa.selenium.ElementNotVisibleException: element not interactable
  (Session info: chrome=75.0.3770.100)
  (Driver info: chromedriver=2.43.600229 (3fae4d0cda5334b4f533bede5a4787f7b832d052),platform=Mac OS X 10.13.6 x86_64) (WARNING: The server did not provide any stacktrace information)
Command duration or timeout: 0 milliseconds
Build info: version: '3.7.1', revision: '8a0099a', time: '2017-11-06T21:07:36.161Z'
System info: host: 'sumans-MacBook-Pro.local', ip: 'fe80:0:0:0:47c:ca88:4245:b7a7%en0', os.name: 'Mac OS X', os.arch: 'x86_64', os.version: '10.13.6', java.version: '1.8.0_181'
Driver info: com.kms.katalon.selenium.driver.CChromeDriver
Capabilities {acceptInsecureCerts: false, acceptSslCerts: false, applicationCacheEnabled: false, browserConnectionEnabled: false, browserName: chrome, chrome: {chromedriverVersion: 2.43.600229 (3fae4d0cda5334..., userDataDir: /var/folders/1t/c55l8xzs6gq...}, cssSelectorsEnabled: true, databaseEnabled: false, goog:chromeOptions: {debuggerAddress: localhost:64720}, handlesAlerts: true, hasTouchScreen: false, javascriptEnabled: true, locationContextEnabled: true, mobileEmulationEnabled: false, nativeEvents: true, networkConnectionEnabled: false, pageLoadStrategy: normal, platform: MAC, platformName: MAC, rotatable: false, setWindowRect: true, takesHeapSnapshot: true, takesScreenshot: true, unexpectedAlertBehaviour: , unhandledPromptBehavior: , version: 75.0.3770.100, webStorageEnabled: true}
Session ID: f0b71754b6ba10a84ebf7a171c39fb9d)
[[ATTACHMENT|/Users/sumankompelly/Katalon Studio/APOLLO - FIRE/APOLLO - FIRE- DESKTOP/Reports/0.5.5/20190709_150206/1562699779391.png]]

2019-07-09 15:16:20 - [MESSAGE][FAILED] - click(findTestObject("APOLLO- Desktop/Home page/Follow us/button-previous")) FAILED.
Reason:
com.kms.katalon.core.exception.StepFailedException: Unable to click on object 'Object Repository/APOLLO- Desktop/Home page/Follow us/button-previous' (Root cause: org.openqa.selenium.ElementNotVisibleException: element not interactable
  (Session info: chrome=75.0.3770.100)
  (Driver info: chromedriver=2.43.600229 (3fae4d0cda5334b4f533bede5a4787f7b832d052),platform=Mac OS X 10.13.6 x86_64) (WARNING: The server did not provide any stacktrace information)
Command duration or timeout: 0 milliseconds
Build info: version: '3.7.1', revision: '8a0099a', time: '2017-11-06T21:07:36.161Z'
System info: host: 'sumans-MacBook-Pro.local', ip: 'fe80:0:0:0:47c:ca88:4245:b7a7%en0', os.name: 'Mac OS X', os.arch: 'x86_64', os.version: '10.13.6', java.version: '1.8.0_181'
Driver info: com.kms.katalon.selenium.driver.CChromeDriver
Capabilities {acceptInsecureCerts: false, acceptSslCerts: false, applicationCacheEnabled: false, browserConnectionEnabled: false, browserName: chrome, chrome: {chromedriverVersion: 2.43.600229 (3fae4d0cda5334..., userDataDir: /var/folders/1t/c55l8xzs6gq...}, cssSelectorsEnabled: true, databaseEnabled: false, goog:chromeOptions: {debuggerAddress: localhost:64720}, handlesAlerts: true, hasTouchScreen: false, javascriptEnabled: true, locationContextEnabled: true, mobileEmulationEnabled: false, nativeEvents: true, networkConnectionEnabled: false, pageLoadStrategy: normal, platform: MAC, platformName: MAC, rotatable: false, setWindowRect: true, takesHeapSnapshot: true, takesScreenshot: true, unexpectedAlertBehaviour: , unhandledPromptBehavior: , version: 75.0.3770.100, webStorageEnabled: true}
Session ID: f0b71754b6ba10a84ebf7a171c39fb9d)
	at com.kms.katalon.core.keyword.internal.KeywordMain.stepFailed(KeywordMain.groovy:36)
	at com.kms.katalon.core.webui.keyword.internal.WebUIKeywordMain.stepFailed(WebUIKeywordMain.groovy:65)
	at com.kms.katalon.core.webui.keyword.internal.WebUIKeywordMain.runKeyword(WebUIKeywordMain.groovy:27)
	at com.kms.katalon.core.webui.keyword.builtin.ClickKeyword.click(ClickKeyword.groovy:86)
	at com.kms.katalon.core.webui.keyword.builtin.ClickKeyword.execute(ClickKeyword.groovy:67)
	at com.kms.katalon.core.keyword.internal.KeywordExecutor.executeKeywordForPlatform(KeywordExecutor.groovy:53)
	at com.kms.katalon.core.webui.keyword.WebUiBuiltInKeywords.click(WebUiBuiltInKeywords.groovy:616)
	at com.kms.katalon.core.webui.keyword.WebUiBuiltInKeywords$click$3.call(Unknown Source)
	at Follow us.run(Follow us:40)
	at com.kms.katalon.core.main.ScriptEngine.run(ScriptEngine.java:194)
	at com.kms.katalon.core.main.ScriptEngine.runScriptAsRawText(ScriptEngine.java:119)
	at com.kms.katalon.core.main.TestCaseExecutor.runScript(TestCaseExecutor.java:328)
	at com.kms.katalon.core.main.TestCaseExecutor.doExecute(TestCaseExecutor.java:319)
	at com.kms.katalon.core.main.TestCaseExecutor.processExecutionPhase(TestCaseExecutor.java:298)
	at com.kms.katalon.core.main.TestCaseExecutor.accessMainPhase(TestCaseExecutor.java:290)
	at com.kms.katalon.core.main.TestCaseExecutor.execute(TestCaseExecutor.java:224)
	at com.kms.katalon.core.main.TestSuiteExecutor.accessTestCaseMainPhase(TestSuiteExecutor.java:129)
	at com.kms.katalon.core.main.TestSuiteExecutor.accessTestSuiteMainPhase(TestSuiteExecutor.java:112)
	at com.kms.katalon.core.main.TestSuiteExecutor.execute(TestSuiteExecutor.java:81)
	at com.kms.katalon.core.main.TestCaseMain.startTestSuite(TestCaseMain.java:149)
	at com.kms.katalon.core.main.TestCaseMain$startTestSuite$0.call(Unknown Source)
	at TempTestSuite1562698926915.run(TempTestSuite1562698926915.groovy:36)]]></system-out>
         <system-err><![CDATA[2019-07-09 15:16:03 - [TEST_CASE][FAILED] - Test Cases/HOME PAGE/Follow us: Test Cases/HOME PAGE/Follow us FAILED.
Reason:
com.kms.katalon.core.exception.StepFailedException: Unable to click on object 'Object Repository/APOLLO- Desktop/Home page/Follow us/button-previous' (Root cause: org.openqa.selenium.ElementNotVisibleException: element not interactable
  (Session info: chrome=75.0.3770.100)
  (Driver info: chromedriver=2.43.600229 (3fae4d0cda5334b4f533bede5a4787f7b832d052),platform=Mac OS X 10.13.6 x86_64) (WARNING: The server did not provide any stacktrace information)
Command duration or timeout: 0 milliseconds
Build info: version: '3.7.1', revision: '8a0099a', time: '2017-11-06T21:07:36.161Z'
System info: host: 'sumans-MacBook-Pro.local', ip: 'fe80:0:0:0:47c:ca88:4245:b7a7%en0', os.name: 'Mac OS X', os.arch: 'x86_64', os.version: '10.13.6', java.version: '1.8.0_181'
Driver info: com.kms.katalon.selenium.driver.CChromeDriver
Capabilities {acceptInsecureCerts: false, acceptSslCerts: false, applicationCacheEnabled: false, browserConnectionEnabled: false, browserName: chrome, chrome: {chromedriverVersion: 2.43.600229 (3fae4d0cda5334..., userDataDir: /var/folders/1t/c55l8xzs6gq...}, cssSelectorsEnabled: true, databaseEnabled: false, goog:chromeOptions: {debuggerAddress: localhost:64720}, handlesAlerts: true, hasTouchScreen: false, javascriptEnabled: true, locationContextEnabled: true, mobileEmulationEnabled: false, nativeEvents: true, networkConnectionEnabled: false, pageLoadStrategy: normal, platform: MAC, platformName: MAC, rotatable: false, setWindowRect: true, takesHeapSnapshot: true, takesScreenshot: true, unexpectedAlertBehaviour: , unhandledPromptBehavior: , version: 75.0.3770.100, webStorageEnabled: true}
Session ID: f0b71754b6ba10a84ebf7a171c39fb9d)
	at com.kms.katalon.core.keyword.internal.KeywordMain.stepFailed(KeywordMain.groovy:36)
	at com.kms.katalon.core.webui.keyword.internal.WebUIKeywordMain.stepFailed(WebUIKeywordMain.groovy:65)
	at com.kms.katalon.core.webui.keyword.internal.WebUIKeywordMain.runKeyword(WebUIKeywordMain.groovy:27)
	at com.kms.katalon.core.webui.keyword.builtin.ClickKeyword.click(ClickKeyword.groovy:86)
	at com.kms.katalon.core.webui.keyword.builtin.ClickKeyword.execute(ClickKeyword.groovy:67)
	at com.kms.katalon.core.keyword.internal.KeywordExecutor.executeKeywordForPlatform(KeywordExecutor.groovy:53)
	at com.kms.katalon.core.webui.keyword.WebUiBuiltInKeywords.click(WebUiBuiltInKeywords.groovy:616)
	at com.kms.katalon.core.webui.keyword.WebUiBuiltInKeywords$click$3.call(Unknown Source)
	at Follow us.run(Follow us:40)
	at com.kms.katalon.core.main.ScriptEngine.run(ScriptEngine.java:194)
	at com.kms.katalon.core.main.ScriptEngine.runScriptAsRawText(ScriptEngine.java:119)
	at com.kms.katalon.core.main.TestCaseExecutor.runScript(TestCaseExecutor.java:328)
	at com.kms.katalon.core.main.TestCaseExecutor.doExecute(TestCaseExecutor.java:319)
	at com.kms.katalon.core.main.TestCaseExecutor.processExecutionPhase(TestCaseExecutor.java:298)
	at com.kms.katalon.core.main.TestCaseExecutor.accessMainPhase(TestCaseExecutor.java:290)
	at com.kms.katalon.core.main.TestCaseExecutor.execute(TestCaseExecutor.java:224)
	at com.kms.katalon.core.main.TestSuiteExecutor.accessTestCaseMainPhase(TestSuiteExecutor.java:129)
	at com.kms.katalon.core.main.TestSuiteExecutor.accessTestSuiteMainPhase(TestSuiteExecutor.java:112)
	at com.kms.katalon.core.main.TestSuiteExecutor.execute(TestSuiteExecutor.java:81)
	at com.kms.katalon.core.main.TestCaseMain.startTestSuite(TestCaseMain.java:149)
	at com.kms.katalon.core.main.TestCaseMain$startTestSuite$0.call(Unknown Source)
	at TempTestSuite1562698926915.run(TempTestSuite1562698926915.groovy:36)]]></system-err>
      </testcase>
      <testcase name="Test Cases/PRODUCT PAGE/Social media icons" classname="Test Cases/PRODUCT PAGE/Social media icons" status="FAILED">
         <failure type="FAILED" message="Test Cases/PRODUCT PAGE/Social media icons FAILED.
Reason:
com.kms.katalon.core.exception.StepFailedException: Unable to click on object 'Object Repository/APOLLO- Desktop/Product page/facebook icon' (Root cause: com.kms.katalon.core.webui.exception.WebElementNotFoundException: Web element with id: 'Object Repository/APOLLO- Desktop/Product page/facebook icon' located by 'By.xpath: //div[@class='c-product-summary c-product-summary--shadow js-sticky u-text-center js-scroll-fade is-loaded is_stuck']//li[1]//a[1]' not found)
	at com.kms.katalon.core.keyword.internal.KeywordMain.stepFailed(KeywordMain.groovy:36)
	at com.kms.katalon.core.webui.keyword.internal.WebUIKeywordMain.stepFailed(WebUIKeywordMain.groovy:65)
	at com.kms.katalon.core.webui.keyword.internal.WebUIKeywordMain.runKeyword(WebUIKeywordMain.groovy:27)
	at com.kms.katalon.core.webui.keyword.builtin.ClickKeyword.click(ClickKeyword.groovy:86)
	at com.kms.katalon.core.webui.keyword.builtin.ClickKeyword.execute(ClickKeyword.groovy:67)
	at com.kms.katalon.core.keyword.internal.KeywordExecutor.executeKeywordForPlatform(KeywordExecutor.groovy:53)
	at com.kms.katalon.core.webui.keyword.WebUiBuiltInKeywords.click(WebUiBuiltInKeywords.groovy:616)
	at com.kms.katalon.core.webui.keyword.WebUiBuiltInKeywords$click$3.call(Unknown Source)
	at Social media icons.run(Social media icons:46)
	at com.kms.katalon.core.main.ScriptEngine.run(ScriptEngine.java:194)
	at com.kms.katalon.core.main.ScriptEngine.runScriptAsRawText(ScriptEngine.java:119)
	at com.kms.katalon.core.main.TestCaseExecutor.runScript(TestCaseExecutor.java:328)
	at com.kms.katalon.core.main.TestCaseExecutor.doExecute(TestCaseExecutor.java:319)
	at com.kms.katalon.core.main.TestCaseExecutor.processExecutionPhase(TestCaseExecutor.java:298)
	at com.kms.katalon.core.main.TestCaseExecutor.accessMainPhase(TestCaseExecutor.java:290)
	at com.kms.katalon.core.main.TestCaseExecutor.execute(TestCaseExecutor.java:224)
	at com.kms.katalon.core.main.TestSuiteExecutor.accessTestCaseMainPhase(TestSuiteExecutor.java:129)
	at com.kms.katalon.core.main.TestSuiteExecutor.accessTestSuiteMainPhase(TestSuiteExecutor.java:112)
	at com.kms.katalon.core.main.TestSuiteExecutor.execute(TestSuiteExecutor.java:81)
	at com.kms.katalon.core.main.TestCaseMain.startTestSuite(TestCaseMain.java:149)
	at com.kms.katalon.core.main.TestCaseMain$startTestSuite$0.call(Unknown Source)
	at TempTestSuite1562698926915.run(TempTestSuite1562698926915.groovy:36)
"/>
         <system-out><![CDATA[2019-07-09 15:16:20 - [TEST_CASE][FAILED] - Test Cases/PRODUCT PAGE/Social media icons: Test Cases/PRODUCT PAGE/Social media icons FAILED.
Reason:
com.kms.katalon.core.exception.StepFailedException: Unable to click on object 'Object Repository/APOLLO- Desktop/Product page/facebook icon' (Root cause: com.kms.katalon.core.webui.exception.WebElementNotFoundException: Web element with id: 'Object Repository/APOLLO- Desktop/Product page/facebook icon' located by 'By.xpath: //div[@class='c-product-summary c-product-summary--shadow js-sticky u-text-center js-scroll-fade is-loaded is_stuck']//li[1]//a[1]' not found)
	at com.kms.katalon.core.keyword.internal.KeywordMain.stepFailed(KeywordMain.groovy:36)
	at com.kms.katalon.core.webui.keyword.internal.WebUIKeywordMain.stepFailed(WebUIKeywordMain.groovy:65)
	at com.kms.katalon.core.webui.keyword.internal.WebUIKeywordMain.runKeyword(WebUIKeywordMain.groovy:27)
	at com.kms.katalon.core.webui.keyword.builtin.ClickKeyword.click(ClickKeyword.groovy:86)
	at com.kms.katalon.core.webui.keyword.builtin.ClickKeyword.execute(ClickKeyword.groovy:67)
	at com.kms.katalon.core.keyword.internal.KeywordExecutor.executeKeywordForPlatform(KeywordExecutor.groovy:53)
	at com.kms.katalon.core.webui.keyword.WebUiBuiltInKeywords.click(WebUiBuiltInKeywords.groovy:616)
	at com.kms.katalon.core.webui.keyword.WebUiBuiltInKeywords$click$3.call(Unknown Source)
	at Social media icons.run(Social media icons:46)
	at com.kms.katalon.core.main.ScriptEngine.run(ScriptEngine.java:194)
	at com.kms.katalon.core.main.ScriptEngine.runScriptAsRawText(ScriptEngine.java:119)
	at com.kms.katalon.core.main.TestCaseExecutor.runScript(TestCaseExecutor.java:328)
	at com.kms.katalon.core.main.TestCaseExecutor.doExecute(TestCaseExecutor.java:319)
	at com.kms.katalon.core.main.TestCaseExecutor.processExecutionPhase(TestCaseExecutor.java:298)
	at com.kms.katalon.core.main.TestCaseExecutor.accessMainPhase(TestCaseExecutor.java:290)
	at com.kms.katalon.core.main.TestCaseExecutor.execute(TestCaseExecutor.java:224)
	at com.kms.katalon.core.main.TestSuiteExecutor.accessTestCaseMainPhase(TestSuiteExecutor.java:129)
	at com.kms.katalon.core.main.TestSuiteExecutor.accessTestSuiteMainPhase(TestSuiteExecutor.java:112)
	at com.kms.katalon.core.main.TestSuiteExecutor.execute(TestSuiteExecutor.java:81)
	at com.kms.katalon.core.main.TestCaseMain.startTestSuite(TestCaseMain.java:149)
	at com.kms.katalon.core.main.TestCaseMain$startTestSuite$0.call(Unknown Source)
	at TempTestSuite1562698926915.run(TempTestSuite1562698926915.groovy:36)


2019-07-09 15:16:20 - [TEST_STEP][PASSED] - callTestCase(findTestCase("CALL - URL"), [:], STOP_ON_FAILURE): Call Test Case 'Test Cases/CALL - URL' successfully

2019-07-09 15:16:20 - [TEST_CASE][PASSED] - Test Cases/CALL - URL: Test Cases/CALL - URL

2019-07-09 15:16:20 - [TEST_STEP][PASSED] - openBrowser(""): Browser is opened with url: ''

2019-07-09 15:16:20 - [MESSAGE][WARNING] - A browser is already opened. Closing browser and opening a new one

2019-07-09 15:16:20 - [MESSAGE][INFO] - Starting 'Chrome' driver

2019-07-09 15:16:21 - [MESSAGE][PASSED] - Browser is opened with url: ''

2019-07-09 15:16:21 - [TEST_STEP][PASSED] - navigateToUrl("https://apollo-fireball.myshopify.com/?_ab=0&_fd=0&_sc=1&key=96c2edace7b9967f3a77c2e2b131937136039831e9ec35f31598610005fa8795&preview_theme_id=46803124304"): Navigate to 'https://apollo-fireball.myshopify.com/?_ab=0&_fd=0&_sc=1&key=96c2edace7b9967f3a77c2e2b131937136039831e9ec35f31598610005fa8795&preview_theme_id=46803124304' successfully

2019-07-09 15:16:25 - [MESSAGE][PASSED] - Navigate to 'https://apollo-fireball.myshopify.com/?_ab=0&_fd=0&_sc=1&key=96c2edace7b9967f3a77c2e2b131937136039831e9ec35f31598610005fa8795&preview_theme_id=46803124304' successfully

2019-07-09 15:16:25 - [TEST_STEP][PASSED] - executeJavaScript("var previewBar = document.getElementById("preview-bar-iframe"); previewBar.style.display = "none";", []): Execute JavaScript 'var previewBar = document.getElementById("preview-bar-iframe"); previewBar.style.display = "none";' successfully

2019-07-09 15:16:25 - [MESSAGE][PASSED] - Execute JavaScript 'var previewBar = document.getElementById("preview-bar-iframe"); previewBar.style.display = "none";' successfully

2019-07-09 15:16:25 - [TEST_STEP][PASSED] - maximizeWindow(): Current window maximized

2019-07-09 15:16:25 - [MESSAGE][PASSED] - Current window maximized

2019-07-09 15:16:25 - [MESSAGE][PASSED] - Call Test Case 'Test Cases/CALL - URL' successfully

2019-07-09 15:16:25 - [TEST_STEP][PASSED] - delay(2): Delayed 2 second(s)

2019-07-09 15:16:27 - [MESSAGE][PASSED] - Delayed 2 second(s)

2019-07-09 15:16:27 - [TEST_STEP][PASSED] - click(findTestObject("APOLLO- Desktop/Burger Menu/Burgermenu")): Object: 'Object Repository/APOLLO- Desktop/Burger Menu/Burgermenu' is clicked on

2019-07-09 15:16:28 - [MESSAGE][PASSED] - Object: 'Object Repository/APOLLO- Desktop/Burger Menu/Burgermenu' is clicked on

2019-07-09 15:16:28 - [TEST_STEP][PASSED] - delay(2): Delayed 2 second(s)

2019-07-09 15:16:30 - [MESSAGE][PASSED] - Delayed 2 second(s)

2019-07-09 15:16:30 - [TEST_STEP][PASSED] - click(findTestObject("APOLLO- Desktop/Burger Menu/Shop food")): Object: 'Object Repository/APOLLO- Desktop/Burger Menu/Shop food' is clicked on

2019-07-09 15:16:30 - [MESSAGE][PASSED] - Object: 'Object Repository/APOLLO- Desktop/Burger Menu/Shop food' is clicked on

2019-07-09 15:16:30 - [TEST_STEP][PASSED] - delay(2): Delayed 2 second(s)

2019-07-09 15:16:32 - [MESSAGE][PASSED] - Delayed 2 second(s)

2019-07-09 15:16:32 - [TEST_STEP][PASSED] - click(findTestObject("APOLLO- Desktop/Burger Menu/Beef")): Object: 'Object Repository/APOLLO- Desktop/Burger Menu/Beef' is clicked on

2019-07-09 15:16:35 - [MESSAGE][PASSED] - Object: 'Object Repository/APOLLO- Desktop/Burger Menu/Beef' is clicked on

2019-07-09 15:16:35 - [TEST_STEP][PASSED] - delay(2): Delayed 2 second(s)

2019-07-09 15:16:37 - [MESSAGE][PASSED] - Delayed 2 second(s)

2019-07-09 15:16:37 - [TEST_STEP][PASSED] - executeJavaScript("var previewBar = document.getElementById("preview-bar-iframe"); previewBar.style.display = "none";", []): Execute JavaScript 'var previewBar = document.getElementById("preview-bar-iframe"); previewBar.style.display = "none";' successfully

2019-07-09 15:16:37 - [MESSAGE][PASSED] - Execute JavaScript 'var previewBar = document.getElementById("preview-bar-iframe"); previewBar.style.display = "none";' successfully

2019-07-09 15:16:37 - [TEST_STEP][PASSED] - delay(2): Delayed 2 second(s)

2019-07-09 15:16:39 - [MESSAGE][PASSED] - Delayed 2 second(s)

2019-07-09 15:16:39 - [TEST_STEP][PASSED] - click(findTestObject("APOLLO- Desktop/Collection page/Beef skewers")): Object: 'Object Repository/APOLLO- Desktop/Collection page/Beef skewers' is clicked on

2019-07-09 15:16:43 - [MESSAGE][PASSED] - Object: 'Object Repository/APOLLO- Desktop/Collection page/Beef skewers' is clicked on

2019-07-09 15:16:43 - [TEST_STEP][PASSED] - executeJavaScript("var previewBar = document.getElementById("preview-bar-iframe"); previewBar.style.display = "none";", []): Execute JavaScript 'var previewBar = document.getElementById("preview-bar-iframe"); previewBar.style.display = "none";' successfully

2019-07-09 15:16:43 - [MESSAGE][PASSED] - Execute JavaScript 'var previewBar = document.getElementById("preview-bar-iframe"); previewBar.style.display = "none";' successfully

2019-07-09 15:16:43 - [TEST_STEP][PASSED] - delay(2): Delayed 2 second(s)

2019-07-09 15:16:45 - [MESSAGE][PASSED] - Delayed 2 second(s)

2019-07-09 15:16:45 - [TEST_STEP][PASSED] - delay(2): Delayed 2 second(s)

2019-07-09 15:16:47 - [MESSAGE][PASSED] - Delayed 2 second(s)

2019-07-09 15:16:47 - [TEST_STEP][FAILED] - click(findTestObject("APOLLO- Desktop/Product page/facebook icon")): click(findTestObject("APOLLO- Desktop/Product page/facebook icon")) FAILED.
Reason:
com.kms.katalon.core.exception.StepFailedException: Unable to click on object 'Object Repository/APOLLO- Desktop/Product page/facebook icon' (Root cause: com.kms.katalon.core.webui.exception.WebElementNotFoundException: Web element with id: 'Object Repository/APOLLO- Desktop/Product page/facebook icon' located by 'By.xpath: //div[@class='c-product-summary c-product-summary--shadow js-sticky u-text-center js-scroll-fade is-loaded is_stuck']//li[1]//a[1]' not found)
	at com.kms.katalon.core.keyword.internal.KeywordMain.stepFailed(KeywordMain.groovy:36)
	at com.kms.katalon.core.webui.keyword.internal.WebUIKeywordMain.stepFailed(WebUIKeywordMain.groovy:65)
	at com.kms.katalon.core.webui.keyword.internal.WebUIKeywordMain.runKeyword(WebUIKeywordMain.groovy:27)
	at com.kms.katalon.core.webui.keyword.builtin.ClickKeyword.click(ClickKeyword.groovy:86)
	at com.kms.katalon.core.webui.keyword.builtin.ClickKeyword.execute(ClickKeyword.groovy:67)
	at com.kms.katalon.core.keyword.internal.KeywordExecutor.executeKeywordForPlatform(KeywordExecutor.groovy:53)
	at com.kms.katalon.core.webui.keyword.WebUiBuiltInKeywords.click(WebUiBuiltInKeywords.groovy:616)
	at com.kms.katalon.core.webui.keyword.WebUiBuiltInKeywords$click$3.call(Unknown Source)
	at Social media icons.run(Social media icons:46)
	at com.kms.katalon.core.main.ScriptEngine.run(ScriptEngine.java:194)
	at com.kms.katalon.core.main.ScriptEngine.runScriptAsRawText(ScriptEngine.java:119)
	at com.kms.katalon.core.main.TestCaseExecutor.runScript(TestCaseExecutor.java:328)
	at com.kms.katalon.core.main.TestCaseExecutor.doExecute(TestCaseExecutor.java:319)
	at com.kms.katalon.core.main.TestCaseExecutor.processExecutionPhase(TestCaseExecutor.java:298)
	at com.kms.katalon.core.main.TestCaseExecutor.accessMainPhase(TestCaseExecutor.java:290)
	at com.kms.katalon.core.main.TestCaseExecutor.execute(TestCaseExecutor.java:224)
	at com.kms.katalon.core.main.TestSuiteExecutor.accessTestCaseMainPhase(TestSuiteExecutor.java:129)
	at com.kms.katalon.core.main.TestSuiteExecutor.accessTestSuiteMainPhase(TestSuiteExecutor.java:112)
	at com.kms.katalon.core.main.TestSuiteExecutor.execute(TestSuiteExecutor.java:81)
	at com.kms.katalon.core.main.TestCaseMain.startTestSuite(TestCaseMain.java:149)
	at com.kms.katalon.core.main.TestCaseMain$startTestSuite$0.call(Unknown Source)
	at TempTestSuite1562698926915.run(TempTestSuite1562698926915.groovy:36)


2019-07-09 15:17:17 - [MESSAGE][INFO] - Unable to find the element located by 'By.xpath: //div[@class='c-product-summary c-product-summary--shadow js-sticky u-text-center js-scroll-fade is-loaded is_stuck']//li[1]//a[1]'. Please recheck the objects properties to make sure the desired element is located. 

2019-07-09 15:17:19 - [MESSAGE][FAILED] - Unable to click on object 'Object Repository/APOLLO- Desktop/Product page/facebook icon' (Root cause: com.kms.katalon.core.webui.exception.WebElementNotFoundException: Web element with id: 'Object Repository/APOLLO- Desktop/Product page/facebook icon' located by 'By.xpath: //div[@class='c-product-summary c-product-summary--shadow js-sticky u-text-center js-scroll-fade is-loaded is_stuck']//li[1]//a[1]' not found)
[[ATTACHMENT|/Users/sumankompelly/Katalon Studio/APOLLO - FIRE/APOLLO - FIRE- DESKTOP/Reports/0.5.5/20190709_150206/1562699837962.png]]

2019-07-09 15:17:19 - [MESSAGE][FAILED] - click(findTestObject("APOLLO- Desktop/Product page/facebook icon")) FAILED.
Reason:
com.kms.katalon.core.exception.StepFailedException: Unable to click on object 'Object Repository/APOLLO- Desktop/Product page/facebook icon' (Root cause: com.kms.katalon.core.webui.exception.WebElementNotFoundException: Web element with id: 'Object Repository/APOLLO- Desktop/Product page/facebook icon' located by 'By.xpath: //div[@class='c-product-summary c-product-summary--shadow js-sticky u-text-center js-scroll-fade is-loaded is_stuck']//li[1]//a[1]' not found)
	at com.kms.katalon.core.keyword.internal.KeywordMain.stepFailed(KeywordMain.groovy:36)
	at com.kms.katalon.core.webui.keyword.internal.WebUIKeywordMain.stepFailed(WebUIKeywordMain.groovy:65)
	at com.kms.katalon.core.webui.keyword.internal.WebUIKeywordMain.runKeyword(WebUIKeywordMain.groovy:27)
	at com.kms.katalon.core.webui.keyword.builtin.ClickKeyword.click(ClickKeyword.groovy:86)
	at com.kms.katalon.core.webui.keyword.builtin.ClickKeyword.execute(ClickKeyword.groovy:67)
	at com.kms.katalon.core.keyword.internal.KeywordExecutor.executeKeywordForPlatform(KeywordExecutor.groovy:53)
	at com.kms.katalon.core.webui.keyword.WebUiBuiltInKeywords.click(WebUiBuiltInKeywords.groovy:616)
	at com.kms.katalon.core.webui.keyword.WebUiBuiltInKeywords$click$3.call(Unknown Source)
	at Social media icons.run(Social media icons:46)
	at com.kms.katalon.core.main.ScriptEngine.run(ScriptEngine.java:194)
	at com.kms.katalon.core.main.ScriptEngine.runScriptAsRawText(ScriptEngine.java:119)
	at com.kms.katalon.core.main.TestCaseExecutor.runScript(TestCaseExecutor.java:328)
	at com.kms.katalon.core.main.TestCaseExecutor.doExecute(TestCaseExecutor.java:319)
	at com.kms.katalon.core.main.TestCaseExecutor.processExecutionPhase(TestCaseExecutor.java:298)
	at com.kms.katalon.core.main.TestCaseExecutor.accessMainPhase(TestCaseExecutor.java:290)
	at com.kms.katalon.core.main.TestCaseExecutor.execute(TestCaseExecutor.java:224)
	at com.kms.katalon.core.main.TestSuiteExecutor.accessTestCaseMainPhase(TestSuiteExecutor.java:129)
	at com.kms.katalon.core.main.TestSuiteExecutor.accessTestSuiteMainPhase(TestSuiteExecutor.java:112)
	at com.kms.katalon.core.main.TestSuiteExecutor.execute(TestSuiteExecutor.java:81)
	at com.kms.katalon.core.main.TestCaseMain.startTestSuite(TestCaseMain.java:149)
	at com.kms.katalon.core.main.TestCaseMain$startTestSuite$0.call(Unknown Source)
	at TempTestSuite1562698926915.run(TempTestSuite1562698926915.groovy:36)]]></system-out>
         <system-err><![CDATA[2019-07-09 15:16:20 - [TEST_CASE][FAILED] - Test Cases/PRODUCT PAGE/Social media icons: Test Cases/PRODUCT PAGE/Social media icons FAILED.
Reason:
com.kms.katalon.core.exception.StepFailedException: Unable to click on object 'Object Repository/APOLLO- Desktop/Product page/facebook icon' (Root cause: com.kms.katalon.core.webui.exception.WebElementNotFoundException: Web element with id: 'Object Repository/APOLLO- Desktop/Product page/facebook icon' located by 'By.xpath: //div[@class='c-product-summary c-product-summary--shadow js-sticky u-text-center js-scroll-fade is-loaded is_stuck']//li[1]//a[1]' not found)
	at com.kms.katalon.core.keyword.internal.KeywordMain.stepFailed(KeywordMain.groovy:36)
	at com.kms.katalon.core.webui.keyword.internal.WebUIKeywordMain.stepFailed(WebUIKeywordMain.groovy:65)
	at com.kms.katalon.core.webui.keyword.internal.WebUIKeywordMain.runKeyword(WebUIKeywordMain.groovy:27)
	at com.kms.katalon.core.webui.keyword.builtin.ClickKeyword.click(ClickKeyword.groovy:86)
	at com.kms.katalon.core.webui.keyword.builtin.ClickKeyword.execute(ClickKeyword.groovy:67)
	at com.kms.katalon.core.keyword.internal.KeywordExecutor.executeKeywordForPlatform(KeywordExecutor.groovy:53)
	at com.kms.katalon.core.webui.keyword.WebUiBuiltInKeywords.click(WebUiBuiltInKeywords.groovy:616)
	at com.kms.katalon.core.webui.keyword.WebUiBuiltInKeywords$click$3.call(Unknown Source)
	at Social media icons.run(Social media icons:46)
	at com.kms.katalon.core.main.ScriptEngine.run(ScriptEngine.java:194)
	at com.kms.katalon.core.main.ScriptEngine.runScriptAsRawText(ScriptEngine.java:119)
	at com.kms.katalon.core.main.TestCaseExecutor.runScript(TestCaseExecutor.java:328)
	at com.kms.katalon.core.main.TestCaseExecutor.doExecute(TestCaseExecutor.java:319)
	at com.kms.katalon.core.main.TestCaseExecutor.processExecutionPhase(TestCaseExecutor.java:298)
	at com.kms.katalon.core.main.TestCaseExecutor.accessMainPhase(TestCaseExecutor.java:290)
	at com.kms.katalon.core.main.TestCaseExecutor.execute(TestCaseExecutor.java:224)
	at com.kms.katalon.core.main.TestSuiteExecutor.accessTestCaseMainPhase(TestSuiteExecutor.java:129)
	at com.kms.katalon.core.main.TestSuiteExecutor.accessTestSuiteMainPhase(TestSuiteExecutor.java:112)
	at com.kms.katalon.core.main.TestSuiteExecutor.execute(TestSuiteExecutor.java:81)
	at com.kms.katalon.core.main.TestCaseMain.startTestSuite(TestCaseMain.java:149)
	at com.kms.katalon.core.main.TestCaseMain$startTestSuite$0.call(Unknown Source)
	at TempTestSuite1562698926915.run(TempTestSuite1562698926915.groovy:36)]]></system-err>
      </testcase>
      <testcase name="Test Cases/PRODUCT PAGE/Product chevron dropdowns" classname="Test Cases/PRODUCT PAGE/Product chevron dropdowns" status="PASSED">
         <system-out><![CDATA[2019-07-09 15:17:19 - [TEST_CASE][PASSED] - Test Cases/PRODUCT PAGE/Product chevron dropdowns: Test Cases/PRODUCT PAGE/Product chevron dropdowns

2019-07-09 15:17:19 - [TEST_STEP][PASSED] - callTestCase(findTestCase("CALL - URL"), [:], STOP_ON_FAILURE): Call Test Case 'Test Cases/CALL - URL' successfully

2019-07-09 15:17:19 - [TEST_CASE][PASSED] - Test Cases/CALL - URL: Test Cases/CALL - URL

2019-07-09 15:17:19 - [TEST_STEP][PASSED] - openBrowser(""): Browser is opened with url: ''

2019-07-09 15:17:19 - [MESSAGE][WARNING] - A browser is already opened. Closing browser and opening a new one

2019-07-09 15:17:19 - [MESSAGE][INFO] - Starting 'Chrome' driver

2019-07-09 15:17:20 - [MESSAGE][PASSED] - Browser is opened with url: ''

2019-07-09 15:17:20 - [TEST_STEP][PASSED] - navigateToUrl("https://apollo-fireball.myshopify.com/?_ab=0&_fd=0&_sc=1&key=96c2edace7b9967f3a77c2e2b131937136039831e9ec35f31598610005fa8795&preview_theme_id=46803124304"): Navigate to 'https://apollo-fireball.myshopify.com/?_ab=0&_fd=0&_sc=1&key=96c2edace7b9967f3a77c2e2b131937136039831e9ec35f31598610005fa8795&preview_theme_id=46803124304' successfully

2019-07-09 15:17:24 - [MESSAGE][PASSED] - Navigate to 'https://apollo-fireball.myshopify.com/?_ab=0&_fd=0&_sc=1&key=96c2edace7b9967f3a77c2e2b131937136039831e9ec35f31598610005fa8795&preview_theme_id=46803124304' successfully

2019-07-09 15:17:24 - [TEST_STEP][PASSED] - executeJavaScript("var previewBar = document.getElementById("preview-bar-iframe"); previewBar.style.display = "none";", []): Execute JavaScript 'var previewBar = document.getElementById("preview-bar-iframe"); previewBar.style.display = "none";' successfully

2019-07-09 15:17:24 - [MESSAGE][PASSED] - Execute JavaScript 'var previewBar = document.getElementById("preview-bar-iframe"); previewBar.style.display = "none";' successfully

2019-07-09 15:17:24 - [TEST_STEP][PASSED] - maximizeWindow(): Current window maximized

2019-07-09 15:17:24 - [MESSAGE][PASSED] - Current window maximized

2019-07-09 15:17:24 - [MESSAGE][PASSED] - Call Test Case 'Test Cases/CALL - URL' successfully

2019-07-09 15:17:24 - [TEST_STEP][PASSED] - delay(2): Delayed 2 second(s)

2019-07-09 15:17:26 - [MESSAGE][PASSED] - Delayed 2 second(s)

2019-07-09 15:17:26 - [TEST_STEP][PASSED] - click(findTestObject("APOLLO- Desktop/Burger Menu/Burgermenu")): Object: 'Object Repository/APOLLO- Desktop/Burger Menu/Burgermenu' is clicked on

2019-07-09 15:17:26 - [MESSAGE][PASSED] - Object: 'Object Repository/APOLLO- Desktop/Burger Menu/Burgermenu' is clicked on

2019-07-09 15:17:26 - [TEST_STEP][PASSED] - delay(2): Delayed 2 second(s)

2019-07-09 15:17:28 - [MESSAGE][PASSED] - Delayed 2 second(s)

2019-07-09 15:17:28 - [TEST_STEP][PASSED] - click(findTestObject("APOLLO- Desktop/Burger Menu/Shop food")): Object: 'Object Repository/APOLLO- Desktop/Burger Menu/Shop food' is clicked on

2019-07-09 15:17:28 - [MESSAGE][PASSED] - Object: 'Object Repository/APOLLO- Desktop/Burger Menu/Shop food' is clicked on

2019-07-09 15:17:28 - [TEST_STEP][PASSED] - delay(2): Delayed 2 second(s)

2019-07-09 15:17:30 - [MESSAGE][PASSED] - Delayed 2 second(s)

2019-07-09 15:17:30 - [TEST_STEP][PASSED] - click(findTestObject("APOLLO- Desktop/Burger Menu/Beef")): Object: 'Object Repository/APOLLO- Desktop/Burger Menu/Beef' is clicked on

2019-07-09 15:17:34 - [MESSAGE][PASSED] - Object: 'Object Repository/APOLLO- Desktop/Burger Menu/Beef' is clicked on

2019-07-09 15:17:34 - [TEST_STEP][PASSED] - delay(2): Delayed 2 second(s)

2019-07-09 15:17:36 - [MESSAGE][PASSED] - Delayed 2 second(s)

2019-07-09 15:17:36 - [TEST_STEP][PASSED] - executeJavaScript("var previewBar = document.getElementById("preview-bar-iframe"); previewBar.style.display = "none";", []): Execute JavaScript 'var previewBar = document.getElementById("preview-bar-iframe"); previewBar.style.display = "none";' successfully

2019-07-09 15:17:36 - [MESSAGE][PASSED] - Execute JavaScript 'var previewBar = document.getElementById("preview-bar-iframe"); previewBar.style.display = "none";' successfully

2019-07-09 15:17:36 - [TEST_STEP][PASSED] - delay(2): Delayed 2 second(s)

2019-07-09 15:17:38 - [MESSAGE][PASSED] - Delayed 2 second(s)

2019-07-09 15:17:38 - [TEST_STEP][PASSED] - click(findTestObject("APOLLO- Desktop/Collection page/Beef skewers")): Object: 'Object Repository/APOLLO- Desktop/Collection page/Beef skewers' is clicked on

2019-07-09 15:17:41 - [MESSAGE][PASSED] - Object: 'Object Repository/APOLLO- Desktop/Collection page/Beef skewers' is clicked on

2019-07-09 15:17:41 - [TEST_STEP][PASSED] - executeJavaScript("var previewBar = document.getElementById("preview-bar-iframe"); previewBar.style.display = "none";", []): Execute JavaScript 'var previewBar = document.getElementById("preview-bar-iframe"); previewBar.style.display = "none";' successfully

2019-07-09 15:17:41 - [MESSAGE][PASSED] - Execute JavaScript 'var previewBar = document.getElementById("preview-bar-iframe"); previewBar.style.display = "none";' successfully

2019-07-09 15:17:41 - [TEST_STEP][PASSED] - delay(2): Delayed 2 second(s)

2019-07-09 15:17:43 - [MESSAGE][PASSED] - Delayed 2 second(s)

2019-07-09 15:17:43 - [TEST_STEP][PASSED] - click(findTestObject("APOLLO- Desktop/Product page/Details chevron open")): Object: 'Object Repository/APOLLO- Desktop/Product page/Details chevron open' is clicked on

2019-07-09 15:17:43 - [MESSAGE][PASSED] - Object: 'Object Repository/APOLLO- Desktop/Product page/Details chevron open' is clicked on

2019-07-09 15:17:43 - [TEST_STEP][PASSED] - delay(2): Delayed 2 second(s)

2019-07-09 15:17:45 - [MESSAGE][PASSED] - Delayed 2 second(s)

2019-07-09 15:17:45 - [TEST_STEP][PASSED] - click(findTestObject("APOLLO- Desktop/Product page/Details chevron close")): Object: 'Object Repository/APOLLO- Desktop/Product page/Details chevron close' is clicked on

2019-07-09 15:17:45 - [MESSAGE][PASSED] - Object: 'Object Repository/APOLLO- Desktop/Product page/Details chevron close' is clicked on

2019-07-09 15:17:45 - [TEST_STEP][PASSED] - delay(2): Delayed 2 second(s)

2019-07-09 15:17:47 - [MESSAGE][PASSED] - Delayed 2 second(s)

2019-07-09 15:17:47 - [TEST_STEP][PASSED] - click(findTestObject("APOLLO- Desktop/Product page/Type chevron open")): Object: 'Object Repository/APOLLO- Desktop/Product page/Type chevron open' is clicked on

2019-07-09 15:17:47 - [MESSAGE][PASSED] - Object: 'Object Repository/APOLLO- Desktop/Product page/Type chevron open' is clicked on

2019-07-09 15:17:47 - [TEST_STEP][PASSED] - delay(2): Delayed 2 second(s)

2019-07-09 15:17:49 - [MESSAGE][PASSED] - Delayed 2 second(s)

2019-07-09 15:17:49 - [TEST_STEP][PASSED] - click(findTestObject("APOLLO- Desktop/Product page/Type chevron close")): Object: 'Object Repository/APOLLO- Desktop/Product page/Type chevron close' is clicked on

2019-07-09 15:17:49 - [MESSAGE][PASSED] - Object: 'Object Repository/APOLLO- Desktop/Product page/Type chevron close' is clicked on

2019-07-09 15:17:49 - [TEST_STEP][PASSED] - delay(2): Delayed 2 second(s)

2019-07-09 15:17:51 - [MESSAGE][PASSED] - Delayed 2 second(s)

2019-07-09 15:17:51 - [TEST_STEP][PASSED] - click(findTestObject("APOLLO- Desktop/Product page/Brand chevron open")): Object: 'Object Repository/APOLLO- Desktop/Product page/Brand chevron open' is clicked on

2019-07-09 15:17:51 - [MESSAGE][PASSED] - Object: 'Object Repository/APOLLO- Desktop/Product page/Brand chevron open' is clicked on

2019-07-09 15:17:51 - [TEST_STEP][PASSED] - delay(2): Delayed 2 second(s)

2019-07-09 15:17:53 - [MESSAGE][PASSED] - Delayed 2 second(s)

2019-07-09 15:17:53 - [TEST_STEP][PASSED] - click(findTestObject("APOLLO- Desktop/Product page/Brand chevron close")): Object: 'Object Repository/APOLLO- Desktop/Product page/Brand chevron close' is clicked on

2019-07-09 15:17:53 - [MESSAGE][PASSED] - Object: 'Object Repository/APOLLO- Desktop/Product page/Brand chevron close' is clicked on

2019-07-09 15:17:53 - [TEST_STEP][PASSED] - delay(2): Delayed 2 second(s)

2019-07-09 15:17:55 - [MESSAGE][PASSED] - Delayed 2 second(s)

2019-07-09 15:17:55 - [TEST_STEP][PASSED] - click(findTestObject("APOLLO- Desktop/Product page/Shipping chevron open")): Object: 'Object Repository/APOLLO- Desktop/Product page/Shipping chevron open' is clicked on

2019-07-09 15:17:55 - [MESSAGE][PASSED] - Object: 'Object Repository/APOLLO- Desktop/Product page/Shipping chevron open' is clicked on

2019-07-09 15:17:55 - [TEST_STEP][PASSED] - delay(2): Delayed 2 second(s)

2019-07-09 15:17:57 - [MESSAGE][PASSED] - Delayed 2 second(s)

2019-07-09 15:17:57 - [TEST_STEP][PASSED] - click(findTestObject("APOLLO- Desktop/Product page/Shipping chevron close")): Object: 'Object Repository/APOLLO- Desktop/Product page/Shipping chevron close' is clicked on

2019-07-09 15:17:57 - [MESSAGE][PASSED] - Object: 'Object Repository/APOLLO- Desktop/Product page/Shipping chevron close' is clicked on

2019-07-09 15:17:57 - [TEST_STEP][PASSED] - delay(2): Delayed 2 second(s)

2019-07-09 15:17:59 - [MESSAGE][PASSED] - Delayed 2 second(s)

2019-07-09 15:17:59 - [TEST_STEP][PASSED] - click(findTestObject("APOLLO- Desktop/Product page/reviews chevron open")): Object: 'Object Repository/APOLLO- Desktop/Product page/reviews chevron open' is clicked on

2019-07-09 15:18:00 - [MESSAGE][PASSED] - Object: 'Object Repository/APOLLO- Desktop/Product page/reviews chevron open' is clicked on

2019-07-09 15:18:00 - [TEST_STEP][PASSED] - delay(2): Delayed 2 second(s)

2019-07-09 15:18:02 - [MESSAGE][PASSED] - Delayed 2 second(s)

2019-07-09 15:18:02 - [TEST_STEP][PASSED] - click(findTestObject("APOLLO- Desktop/Product page/reviews chevron close")): Object: 'Object Repository/APOLLO- Desktop/Product page/reviews chevron close' is clicked on

2019-07-09 15:18:02 - [MESSAGE][PASSED] - Object: 'Object Repository/APOLLO- Desktop/Product page/reviews chevron close' is clicked on

2019-07-09 15:18:02 - [TEST_STEP][PASSED] - delay(2): Delayed 2 second(s)

2019-07-09 15:18:04 - [MESSAGE][PASSED] - Delayed 2 second(s)

2019-07-09 15:18:04 - [TEST_STEP][PASSED] - click(findTestObject("APOLLO- Desktop/Product page/reviews chevron open")): Object: 'Object Repository/APOLLO- Desktop/Product page/reviews chevron open' is clicked on

2019-07-09 15:18:04 - [MESSAGE][PASSED] - Object: 'Object Repository/APOLLO- Desktop/Product page/reviews chevron open' is clicked on

2019-07-09 15:18:04 - [TEST_STEP][PASSED] - delay(2): Delayed 2 second(s)

2019-07-09 15:18:06 - [MESSAGE][PASSED] - Delayed 2 second(s)

2019-07-09 15:18:06 - [TEST_STEP][PASSED] - click(findTestObject("APOLLO- Desktop/Product page/a_Write a review")): Object: 'Object Repository/APOLLO- Desktop/Product page/a_Write a review' is clicked on

2019-07-09 15:18:06 - [MESSAGE][PASSED] - Object: 'Object Repository/APOLLO- Desktop/Product page/a_Write a review' is clicked on

2019-07-09 15:18:06 - [TEST_STEP][PASSED] - delay(2): Delayed 2 second(s)

2019-07-09 15:18:08 - [MESSAGE][PASSED] - Delayed 2 second(s)

2019-07-09 15:18:08 - [TEST_STEP][PASSED] - setText(findTestObject("APOLLO- Desktop/Product page/input_Name_reviewauthor"), "suman"): Text 'suman' is set on object 'Object Repository/APOLLO- Desktop/Product page/input_Name_reviewauthor'

2019-07-09 15:18:08 - [MESSAGE][PASSED] - Text 'suman' is set on object 'Object Repository/APOLLO- Desktop/Product page/input_Name_reviewauthor'

2019-07-09 15:18:08 - [TEST_STEP][PASSED] - delay(2): Delayed 2 second(s)

2019-07-09 15:18:10 - [MESSAGE][PASSED] - Delayed 2 second(s)

2019-07-09 15:18:10 - [TEST_STEP][PASSED] - setText(findTestObject("APOLLO- Desktop/Product page/input_Email_reviewemail"), "`suman@gmail.com", STOP_ON_FAILURE): Text '`suman@gmail.com' is set on object 'Object Repository/APOLLO- Desktop/Product page/input_Email_reviewemail'

2019-07-09 15:18:10 - [MESSAGE][PASSED] - Text '`suman@gmail.com' is set on object 'Object Repository/APOLLO- Desktop/Product page/input_Email_reviewemail'

2019-07-09 15:18:10 - [TEST_STEP][PASSED] - delay(2): Delayed 2 second(s)

2019-07-09 15:18:12 - [MESSAGE][PASSED] - Delayed 2 second(s)

2019-07-09 15:18:12 - [TEST_STEP][PASSED] - click(findTestObject("APOLLO- Desktop/Product page/Stars review")): Object: 'Object Repository/APOLLO- Desktop/Product page/Stars review' is clicked on

2019-07-09 15:18:12 - [MESSAGE][PASSED] - Object: 'Object Repository/APOLLO- Desktop/Product page/Stars review' is clicked on

2019-07-09 15:18:12 - [TEST_STEP][PASSED] - delay(2): Delayed 2 second(s)

2019-07-09 15:18:14 - [MESSAGE][PASSED] - Delayed 2 second(s)

2019-07-09 15:18:14 - [TEST_STEP][PASSED] - setText(findTestObject("APOLLO- Desktop/Product page/input_Review Title_reviewtitle"), "Nice product"): Text 'Nice product' is set on object 'Object Repository/APOLLO- Desktop/Product page/input_Review Title_reviewtitle'

2019-07-09 15:18:14 - [MESSAGE][PASSED] - Text 'Nice product' is set on object 'Object Repository/APOLLO- Desktop/Product page/input_Review Title_reviewtitle'

2019-07-09 15:18:14 - [TEST_STEP][PASSED] - delay(2): Delayed 2 second(s)

2019-07-09 15:18:16 - [MESSAGE][PASSED] - Delayed 2 second(s)

2019-07-09 15:18:16 - [TEST_STEP][PASSED] - setText(findTestObject("APOLLO- Desktop/Product page/textarea_characters remaining_"), "Good product"): Text 'Good product' is set on object 'Object Repository/APOLLO- Desktop/Product page/textarea_characters remaining_'

2019-07-09 15:18:16 - [MESSAGE][PASSED] - Text 'Good product' is set on object 'Object Repository/APOLLO- Desktop/Product page/textarea_characters remaining_'

2019-07-09 15:18:16 - [TEST_STEP][PASSED] - delay(2): Delayed 2 second(s)

2019-07-09 15:18:18 - [MESSAGE][PASSED] - Delayed 2 second(s)

2019-07-09 15:18:18 - [TEST_STEP][PASSED] - click(findTestObject("APOLLO- Desktop/Product page/Submit review")): Object: 'Object Repository/APOLLO- Desktop/Product page/Submit review' is clicked on

2019-07-09 15:18:18 - [MESSAGE][PASSED] - Object: 'Object Repository/APOLLO- Desktop/Product page/Submit review' is clicked on

2019-07-09 15:18:18 - [TEST_STEP][PASSED] - delay(2): Delayed 2 second(s)

2019-07-09 15:18:20 - [MESSAGE][PASSED] - Delayed 2 second(s)

2019-07-09 15:18:20 - [TEST_STEP][NOT_RUN] - click(findTestObject("APOLLO- Desktop/Product page/number-2"), CONTINUE_ON_FAILURE): NOT_RUN: click(findTestObject("APOLLO- Desktop/Product page/number-2"), CONTINUE_ON_FAILURE)

2019-07-09 15:18:20 - [MESSAGE][NOT_RUN] - NOT_RUN: click(findTestObject("APOLLO- Desktop/Product page/number-2"), CONTINUE_ON_FAILURE)

2019-07-09 15:18:20 - [TEST_STEP][NOT_RUN] - delay(2, CONTINUE_ON_FAILURE): NOT_RUN: delay(2, CONTINUE_ON_FAILURE)

2019-07-09 15:18:20 - [MESSAGE][NOT_RUN] - NOT_RUN: delay(2, CONTINUE_ON_FAILURE)

2019-07-09 15:18:20 - [TEST_STEP][NOT_RUN] - click(findTestObject("APOLLO- Desktop/Product page/a_Next"), CONTINUE_ON_FAILURE): NOT_RUN: click(findTestObject("APOLLO- Desktop/Product page/a_Next"), CONTINUE_ON_FAILURE)

2019-07-09 15:18:20 - [MESSAGE][NOT_RUN] - NOT_RUN: click(findTestObject("APOLLO- Desktop/Product page/a_Next"), CONTINUE_ON_FAILURE)

2019-07-09 15:18:20 - [TEST_STEP][NOT_RUN] - delay(2, CONTINUE_ON_FAILURE): NOT_RUN: delay(2, CONTINUE_ON_FAILURE)

2019-07-09 15:18:20 - [MESSAGE][NOT_RUN] - NOT_RUN: delay(2, CONTINUE_ON_FAILURE)

2019-07-09 15:18:20 - [TEST_STEP][NOT_RUN] - click(findTestObject("APOLLO- Desktop/Product page/a_ Previous"), CONTINUE_ON_FAILURE): NOT_RUN: click(findTestObject("APOLLO- Desktop/Product page/a_ Previous"), CONTINUE_ON_FAILURE)

2019-07-09 15:18:20 - [MESSAGE][NOT_RUN] - NOT_RUN: click(findTestObject("APOLLO- Desktop/Product page/a_ Previous"), CONTINUE_ON_FAILURE)]]></system-out>
         <system-err><![CDATA[]]></system-err>
      </testcase>
      <testcase name="Test Cases/PRODUCT PAGE/You might also like" classname="Test Cases/PRODUCT PAGE/You might also like" status="PASSED">
         <system-out><![CDATA[2019-07-09 15:18:20 - [TEST_CASE][PASSED] - Test Cases/PRODUCT PAGE/You might also like: Test Cases/PRODUCT PAGE/You might also like

2019-07-09 15:18:21 - [TEST_STEP][PASSED] - callTestCase(findTestCase("CALL - URL"), [:], STOP_ON_FAILURE): Call Test Case 'Test Cases/CALL - URL' successfully

2019-07-09 15:18:21 - [TEST_CASE][PASSED] - Test Cases/CALL - URL: Test Cases/CALL - URL

2019-07-09 15:18:21 - [TEST_STEP][PASSED] - openBrowser(""): Browser is opened with url: ''

2019-07-09 15:18:21 - [MESSAGE][WARNING] - A browser is already opened. Closing browser and opening a new one

2019-07-09 15:18:21 - [MESSAGE][INFO] - Starting 'Chrome' driver

2019-07-09 15:18:22 - [MESSAGE][PASSED] - Browser is opened with url: ''

2019-07-09 15:18:22 - [TEST_STEP][PASSED] - navigateToUrl("https://apollo-fireball.myshopify.com/?_ab=0&_fd=0&_sc=1&key=96c2edace7b9967f3a77c2e2b131937136039831e9ec35f31598610005fa8795&preview_theme_id=46803124304"): Navigate to 'https://apollo-fireball.myshopify.com/?_ab=0&_fd=0&_sc=1&key=96c2edace7b9967f3a77c2e2b131937136039831e9ec35f31598610005fa8795&preview_theme_id=46803124304' successfully

2019-07-09 15:18:26 - [MESSAGE][PASSED] - Navigate to 'https://apollo-fireball.myshopify.com/?_ab=0&_fd=0&_sc=1&key=96c2edace7b9967f3a77c2e2b131937136039831e9ec35f31598610005fa8795&preview_theme_id=46803124304' successfully

2019-07-09 15:18:26 - [TEST_STEP][PASSED] - executeJavaScript("var previewBar = document.getElementById("preview-bar-iframe"); previewBar.style.display = "none";", []): Execute JavaScript 'var previewBar = document.getElementById("preview-bar-iframe"); previewBar.style.display = "none";' successfully

2019-07-09 15:18:26 - [MESSAGE][PASSED] - Execute JavaScript 'var previewBar = document.getElementById("preview-bar-iframe"); previewBar.style.display = "none";' successfully

2019-07-09 15:18:26 - [TEST_STEP][PASSED] - maximizeWindow(): Current window maximized

2019-07-09 15:18:26 - [MESSAGE][PASSED] - Current window maximized

2019-07-09 15:18:26 - [MESSAGE][PASSED] - Call Test Case 'Test Cases/CALL - URL' successfully

2019-07-09 15:18:26 - [TEST_STEP][PASSED] - delay(2): Delayed 2 second(s)

2019-07-09 15:18:28 - [MESSAGE][PASSED] - Delayed 2 second(s)

2019-07-09 15:18:28 - [TEST_STEP][PASSED] - click(findTestObject("APOLLO- Desktop/Burger Menu/Burgermenu")): Object: 'Object Repository/APOLLO- Desktop/Burger Menu/Burgermenu' is clicked on

2019-07-09 15:18:28 - [MESSAGE][PASSED] - Object: 'Object Repository/APOLLO- Desktop/Burger Menu/Burgermenu' is clicked on

2019-07-09 15:18:28 - [TEST_STEP][PASSED] - delay(2): Delayed 2 second(s)

2019-07-09 15:18:30 - [MESSAGE][PASSED] - Delayed 2 second(s)

2019-07-09 15:18:30 - [TEST_STEP][PASSED] - click(findTestObject("APOLLO- Desktop/Burger Menu/Shop food")): Object: 'Object Repository/APOLLO- Desktop/Burger Menu/Shop food' is clicked on

2019-07-09 15:18:30 - [MESSAGE][PASSED] - Object: 'Object Repository/APOLLO- Desktop/Burger Menu/Shop food' is clicked on

2019-07-09 15:18:30 - [TEST_STEP][PASSED] - delay(2): Delayed 2 second(s)

2019-07-09 15:18:32 - [MESSAGE][PASSED] - Delayed 2 second(s)

2019-07-09 15:18:32 - [TEST_STEP][PASSED] - click(findTestObject("APOLLO- Desktop/Burger Menu/Beef")): Object: 'Object Repository/APOLLO- Desktop/Burger Menu/Beef' is clicked on

2019-07-09 15:18:35 - [MESSAGE][PASSED] - Object: 'Object Repository/APOLLO- Desktop/Burger Menu/Beef' is clicked on

2019-07-09 15:18:35 - [TEST_STEP][PASSED] - delay(2): Delayed 2 second(s)

2019-07-09 15:18:37 - [MESSAGE][PASSED] - Delayed 2 second(s)

2019-07-09 15:18:37 - [TEST_STEP][PASSED] - executeJavaScript("var previewBar = document.getElementById("preview-bar-iframe"); previewBar.style.display = "none";", []): Execute JavaScript 'var previewBar = document.getElementById("preview-bar-iframe"); previewBar.style.display = "none";' successfully

2019-07-09 15:18:37 - [MESSAGE][PASSED] - Execute JavaScript 'var previewBar = document.getElementById("preview-bar-iframe"); previewBar.style.display = "none";' successfully

2019-07-09 15:18:37 - [TEST_STEP][PASSED] - delay(2): Delayed 2 second(s)

2019-07-09 15:18:39 - [MESSAGE][PASSED] - Delayed 2 second(s)

2019-07-09 15:18:39 - [TEST_STEP][PASSED] - click(findTestObject("APOLLO- Desktop/Collection page/Beef skewers")): Object: 'Object Repository/APOLLO- Desktop/Collection page/Beef skewers' is clicked on

2019-07-09 15:18:45 - [MESSAGE][PASSED] - Object: 'Object Repository/APOLLO- Desktop/Collection page/Beef skewers' is clicked on

2019-07-09 15:18:45 - [TEST_STEP][PASSED] - executeJavaScript("var previewBar = document.getElementById("preview-bar-iframe"); previewBar.style.display = "none";", []): Execute JavaScript 'var previewBar = document.getElementById("preview-bar-iframe"); previewBar.style.display = "none";' successfully

2019-07-09 15:18:45 - [MESSAGE][PASSED] - Execute JavaScript 'var previewBar = document.getElementById("preview-bar-iframe"); previewBar.style.display = "none";' successfully

2019-07-09 15:18:45 - [TEST_STEP][PASSED] - delay(2): Delayed 2 second(s)

2019-07-09 15:18:47 - [MESSAGE][PASSED] - Delayed 2 second(s)

2019-07-09 15:18:47 - [TEST_STEP][PASSED] - click(findTestObject("APOLLO- Desktop/Product page/You might alos like/you might also like")): Object: 'Object Repository/APOLLO- Desktop/Product page/You might alos like/you might also like' is clicked on

2019-07-09 15:18:47 - [MESSAGE][PASSED] - Object: 'Object Repository/APOLLO- Desktop/Product page/You might alos like/you might also like' is clicked on

2019-07-09 15:18:47 - [TEST_STEP][PASSED] - delay(2): Delayed 2 second(s)

2019-07-09 15:18:49 - [MESSAGE][PASSED] - Delayed 2 second(s)

2019-07-09 15:18:49 - [TEST_STEP][PASSED] - click(findTestObject("APOLLO- Desktop/Product page/You might alos like/Next button")): Object: 'Object Repository/APOLLO- Desktop/Product page/You might alos like/Next button' is clicked on

2019-07-09 15:18:49 - [MESSAGE][PASSED] - Object: 'Object Repository/APOLLO- Desktop/Product page/You might alos like/Next button' is clicked on

2019-07-09 15:18:49 - [TEST_STEP][PASSED] - delay(2): Delayed 2 second(s)

2019-07-09 15:18:51 - [MESSAGE][PASSED] - Delayed 2 second(s)

2019-07-09 15:18:51 - [TEST_STEP][PASSED] - click(findTestObject("APOLLO- Desktop/Product page/You might alos like/Previous button")): Object: 'Object Repository/APOLLO- Desktop/Product page/You might alos like/Previous button' is clicked on

2019-07-09 15:18:51 - [MESSAGE][PASSED] - Object: 'Object Repository/APOLLO- Desktop/Product page/You might alos like/Previous button' is clicked on

2019-07-09 15:18:51 - [TEST_STEP][PASSED] - delay(2): Delayed 2 second(s)

2019-07-09 15:18:53 - [MESSAGE][PASSED] - Delayed 2 second(s)

2019-07-09 15:18:53 - [TEST_STEP][PASSED] - click(findTestObject("APOLLO- Desktop/Product page/You might alos like/Product tile")): Object: 'Object Repository/APOLLO- Desktop/Product page/You might alos like/Product tile' is clicked on

2019-07-09 15:18:58 - [MESSAGE][PASSED] - Object: 'Object Repository/APOLLO- Desktop/Product page/You might alos like/Product tile' is clicked on

2019-07-09 15:18:58 - [TEST_STEP][PASSED] - delay(2): Delayed 2 second(s)

2019-07-09 15:19:00 - [MESSAGE][PASSED] - Delayed 2 second(s)

2019-07-09 15:19:00 - [TEST_STEP][PASSED] - click(findTestObject("APOLLO- Desktop/Product page/Add to bag")): Object: 'Object Repository/APOLLO- Desktop/Product page/Add to bag' is clicked on

2019-07-09 15:19:00 - [MESSAGE][PASSED] - Object: 'Object Repository/APOLLO- Desktop/Product page/Add to bag' is clicked on

2019-07-09 15:19:00 - [TEST_STEP][PASSED] - delay(2): Delayed 2 second(s)

2019-07-09 15:19:02 - [MESSAGE][PASSED] - Delayed 2 second(s)

2019-07-09 15:19:02 - [TEST_STEP][PASSED] - executeJavaScript("var previewBar = document.getElementById("preview-bar-iframe"); previewBar.style.display = "none";", []): Execute JavaScript 'var previewBar = document.getElementById("preview-bar-iframe"); previewBar.style.display = "none";' successfully

2019-07-09 15:19:02 - [MESSAGE][PASSED] - Execute JavaScript 'var previewBar = document.getElementById("preview-bar-iframe"); previewBar.style.display = "none";' successfully

2019-07-09 15:19:02 - [TEST_STEP][PASSED] - click(findTestObject("APOLLO- Desktop/Cart flyout/Checkout")): Object: 'Object Repository/APOLLO- Desktop/Cart flyout/Checkout' is clicked on

2019-07-09 15:19:12 - [MESSAGE][PASSED] - Object: 'Object Repository/APOLLO- Desktop/Cart flyout/Checkout' is clicked on

2019-07-09 15:19:12 - [TEST_STEP][PASSED] - callTestCase(findTestCase("CALL- CUSTOMER INFO PAGE"), [:], STOP_ON_FAILURE): Call Test Case 'Test Cases/CALL- CUSTOMER INFO PAGE' successfully

2019-07-09 15:19:12 - [TEST_CASE][PASSED] - Test Cases/CALL- CUSTOMER INFO PAGE: Test Cases/CALL- CUSTOMER INFO PAGE

2019-07-09 15:19:12 - [TEST_STEP][PASSED] - delay(2): Delayed 2 second(s)

2019-07-09 15:19:14 - [MESSAGE][PASSED] - Delayed 2 second(s)

2019-07-09 15:19:14 - [TEST_STEP][PASSED] - executeJavaScript("var previewBar = document.getElementById("preview-bar-iframe"); previewBar.style.display = "none";", []): Execute JavaScript 'var previewBar = document.getElementById("preview-bar-iframe"); previewBar.style.display = "none";' successfully

2019-07-09 15:19:14 - [MESSAGE][PASSED] - Execute JavaScript 'var previewBar = document.getElementById("preview-bar-iframe"); previewBar.style.display = "none";' successfully

2019-07-09 15:19:14 - [TEST_STEP][PASSED] - setText(findTestObject("APOLLO- Desktop/Customer Information page/Email"), "suman@gmail.com"): Text 'suman@gmail.com' is set on object 'Object Repository/APOLLO- Desktop/Customer Information page/Email'

2019-07-09 15:19:14 - [MESSAGE][PASSED] - Text 'suman@gmail.com' is set on object 'Object Repository/APOLLO- Desktop/Customer Information page/Email'

2019-07-09 15:19:14 - [TEST_STEP][PASSED] - delay(2): Delayed 2 second(s)

2019-07-09 15:19:16 - [MESSAGE][PASSED] - Delayed 2 second(s)

2019-07-09 15:19:16 - [TEST_STEP][PASSED] - setText(findTestObject("APOLLO- Desktop/Customer Information page/First name"), "suman"): Text 'suman' is set on object 'Object Repository/APOLLO- Desktop/Customer Information page/First name'

2019-07-09 15:19:17 - [MESSAGE][PASSED] - Text 'suman' is set on object 'Object Repository/APOLLO- Desktop/Customer Information page/First name'

2019-07-09 15:19:17 - [TEST_STEP][PASSED] - delay(2): Delayed 2 second(s)

2019-07-09 15:19:19 - [MESSAGE][PASSED] - Delayed 2 second(s)

2019-07-09 15:19:19 - [TEST_STEP][PASSED] - setText(findTestObject("APOLLO- Desktop/Customer Information page/Last name"), "kompelly"): Text 'kompelly' is set on object 'Object Repository/APOLLO- Desktop/Customer Information page/Last name'

2019-07-09 15:19:19 - [MESSAGE][PASSED] - Text 'kompelly' is set on object 'Object Repository/APOLLO- Desktop/Customer Information page/Last name'

2019-07-09 15:19:19 - [TEST_STEP][PASSED] - delay(2): Delayed 2 second(s)

2019-07-09 15:19:21 - [MESSAGE][PASSED] - Delayed 2 second(s)

2019-07-09 15:19:21 - [TEST_STEP][PASSED] - setText(findTestObject("APOLLO- Desktop/Customer Information page/Address"), "1435 st alxendre"): Text '1435 st alxendre' is set on object 'Object Repository/APOLLO- Desktop/Customer Information page/Address'

2019-07-09 15:19:21 - [MESSAGE][PASSED] - Text '1435 st alxendre' is set on object 'Object Repository/APOLLO- Desktop/Customer Information page/Address'

2019-07-09 15:19:21 - [TEST_STEP][PASSED] - setText(findTestObject("APOLLO- Desktop/Customer Information page/Apartment"), "220"): Text '220' is set on object 'Object Repository/APOLLO- Desktop/Customer Information page/Apartment'

2019-07-09 15:19:21 - [MESSAGE][PASSED] - Text '220' is set on object 'Object Repository/APOLLO- Desktop/Customer Information page/Apartment'

2019-07-09 15:19:21 - [TEST_STEP][PASSED] - setText(findTestObject("APOLLO- Desktop/Customer Information page/City"), "montreal"): Text 'montreal' is set on object 'Object Repository/APOLLO- Desktop/Customer Information page/City'

2019-07-09 15:19:21 - [MESSAGE][PASSED] - Text 'montreal' is set on object 'Object Repository/APOLLO- Desktop/Customer Information page/City'

2019-07-09 15:19:21 - [TEST_STEP][PASSED] - selectOptionByValue(findTestObject("APOLLO- Desktop/Customer Information page/Country dropdown"), "United States", true): All options with value 'United States' are selected in object 'Object Repository/APOLLO- Desktop/Customer Information page/Country dropdown'  using regular expression

2019-07-09 15:19:25 - [MESSAGE][PASSED] - All options with value 'United States' are selected in object 'Object Repository/APOLLO- Desktop/Customer Information page/Country dropdown'  using regular expression

2019-07-09 15:19:25 - [TEST_STEP][PASSED] - selectOptionByValue(findTestObject("APOLLO- Desktop/Customer Information page/states dropdown"), "NJ", true): All options with value 'NJ' are selected in object 'Object Repository/APOLLO- Desktop/Customer Information page/states dropdown'  using regular expression

2019-07-09 15:19:26 - [MESSAGE][PASSED] - All options with value 'NJ' are selected in object 'Object Repository/APOLLO- Desktop/Customer Information page/states dropdown'  using regular expression

2019-07-09 15:19:26 - [TEST_STEP][PASSED] - setText(findTestObject("APOLLO- Desktop/Customer Information page/ZIP code"), "07057"): Text '07057' is set on object 'Object Repository/APOLLO- Desktop/Customer Information page/ZIP code'

2019-07-09 15:19:26 - [MESSAGE][PASSED] - Text '07057' is set on object 'Object Repository/APOLLO- Desktop/Customer Information page/ZIP code'

2019-07-09 15:19:26 - [MESSAGE][PASSED] - Call Test Case 'Test Cases/CALL- CUSTOMER INFO PAGE' successfully

2019-07-09 15:19:26 - [TEST_STEP][PASSED] - delay(2): Delayed 2 second(s)

2019-07-09 15:19:28 - [MESSAGE][PASSED] - Delayed 2 second(s)

2019-07-09 15:19:28 - [TEST_STEP][PASSED] - callTestCase(findTestCase("CALL - SHIPPING TO PAYMENT"), [:], STOP_ON_FAILURE): Call Test Case 'Test Cases/CALL - SHIPPING TO PAYMENT' successfully

2019-07-09 15:19:28 - [TEST_CASE][PASSED] - Test Cases/CALL - SHIPPING TO PAYMENT: Test Cases/CALL - SHIPPING TO PAYMENT

2019-07-09 15:19:28 - [TEST_STEP][PASSED] - click(findTestObject("APOLLO- Desktop/Customer Information page/Continue to shipping")): Object: 'Object Repository/APOLLO- Desktop/Customer Information page/Continue to shipping' is clicked on

2019-07-09 15:19:29 - [MESSAGE][PASSED] - Object: 'Object Repository/APOLLO- Desktop/Customer Information page/Continue to shipping' is clicked on

2019-07-09 15:19:29 - [TEST_STEP][PASSED] - executeJavaScript("var previewBar = document.getElementById("preview-bar-iframe"); previewBar.style.display = "none";", []): Execute JavaScript 'var previewBar = document.getElementById("preview-bar-iframe"); previewBar.style.display = "none";' successfully

2019-07-09 15:19:30 - [MESSAGE][PASSED] - Execute JavaScript 'var previewBar = document.getElementById("preview-bar-iframe"); previewBar.style.display = "none";' successfully

2019-07-09 15:19:30 - [TEST_STEP][PASSED] - click(findTestObject("APOLLO- Desktop/Shipping page/Radio button check")): Object: 'Object Repository/APOLLO- Desktop/Shipping page/Radio button check' is clicked on

2019-07-09 15:19:31 - [MESSAGE][PASSED] - Object: 'Object Repository/APOLLO- Desktop/Shipping page/Radio button check' is clicked on

2019-07-09 15:19:31 - [TEST_STEP][PASSED] - executeJavaScript("var previewBar = document.getElementById("preview-bar-iframe"); previewBar.style.display = "none";", []): Execute JavaScript 'var previewBar = document.getElementById("preview-bar-iframe"); previewBar.style.display = "none";' successfully

2019-07-09 15:19:31 - [MESSAGE][PASSED] - Execute JavaScript 'var previewBar = document.getElementById("preview-bar-iframe"); previewBar.style.display = "none";' successfully

2019-07-09 15:19:31 - [TEST_STEP][PASSED] - click(findTestObject("APOLLO- Desktop/Shipping page/Continue to payment")): Object: 'Object Repository/APOLLO- Desktop/Shipping page/Continue to payment' is clicked on

2019-07-09 15:19:33 - [MESSAGE][PASSED] - Object: 'Object Repository/APOLLO- Desktop/Shipping page/Continue to payment' is clicked on

2019-07-09 15:19:33 - [TEST_STEP][PASSED] - executeJavaScript("var previewBar = document.getElementById("preview-bar-iframe"); previewBar.style.display = "none";", []): Execute JavaScript 'var previewBar = document.getElementById("preview-bar-iframe"); previewBar.style.display = "none";' successfully

2019-07-09 15:19:33 - [MESSAGE][PASSED] - Execute JavaScript 'var previewBar = document.getElementById("preview-bar-iframe"); previewBar.style.display = "none";' successfully

2019-07-09 15:19:33 - [TEST_STEP][PASSED] - verifyTextPresent("Payment", false): Text 'Payment' is present on page 

2019-07-09 15:19:33 - [MESSAGE][PASSED] - Text 'Payment' is present on page 

2019-07-09 15:19:33 - [MESSAGE][PASSED] - Call Test Case 'Test Cases/CALL - SHIPPING TO PAYMENT' successfully]]></system-out>
         <system-err><![CDATA[]]></system-err>
      </testcase>
      <testcase name="Test Cases/PRODUCT PAGE/Shop all products CTA" classname="Test Cases/PRODUCT PAGE/Shop all products CTA" status="PASSED">
         <system-out><![CDATA[2019-07-09 15:19:33 - [TEST_CASE][PASSED] - Test Cases/PRODUCT PAGE/Shop all products CTA: Test Cases/PRODUCT PAGE/Shop all products CTA

2019-07-09 15:19:33 - [TEST_STEP][PASSED] - callTestCase(findTestCase("CALL - URL"), [:], STOP_ON_FAILURE): Call Test Case 'Test Cases/CALL - URL' successfully

2019-07-09 15:19:34 - [TEST_CASE][PASSED] - Test Cases/CALL - URL: Test Cases/CALL - URL

2019-07-09 15:19:34 - [TEST_STEP][PASSED] - openBrowser(""): Browser is opened with url: ''

2019-07-09 15:19:34 - [MESSAGE][WARNING] - A browser is already opened. Closing browser and opening a new one

2019-07-09 15:19:34 - [MESSAGE][INFO] - Starting 'Chrome' driver

2019-07-09 15:19:35 - [MESSAGE][PASSED] - Browser is opened with url: ''

2019-07-09 15:19:35 - [TEST_STEP][PASSED] - navigateToUrl("https://apollo-fireball.myshopify.com/?_ab=0&_fd=0&_sc=1&key=96c2edace7b9967f3a77c2e2b131937136039831e9ec35f31598610005fa8795&preview_theme_id=46803124304"): Navigate to 'https://apollo-fireball.myshopify.com/?_ab=0&_fd=0&_sc=1&key=96c2edace7b9967f3a77c2e2b131937136039831e9ec35f31598610005fa8795&preview_theme_id=46803124304' successfully

2019-07-09 15:19:38 - [MESSAGE][PASSED] - Navigate to 'https://apollo-fireball.myshopify.com/?_ab=0&_fd=0&_sc=1&key=96c2edace7b9967f3a77c2e2b131937136039831e9ec35f31598610005fa8795&preview_theme_id=46803124304' successfully

2019-07-09 15:19:38 - [TEST_STEP][PASSED] - executeJavaScript("var previewBar = document.getElementById("preview-bar-iframe"); previewBar.style.display = "none";", []): Execute JavaScript 'var previewBar = document.getElementById("preview-bar-iframe"); previewBar.style.display = "none";' successfully

2019-07-09 15:19:38 - [MESSAGE][PASSED] - Execute JavaScript 'var previewBar = document.getElementById("preview-bar-iframe"); previewBar.style.display = "none";' successfully

2019-07-09 15:19:38 - [TEST_STEP][PASSED] - maximizeWindow(): Current window maximized

2019-07-09 15:19:39 - [MESSAGE][PASSED] - Current window maximized

2019-07-09 15:19:39 - [MESSAGE][PASSED] - Call Test Case 'Test Cases/CALL - URL' successfully

2019-07-09 15:19:39 - [TEST_STEP][PASSED] - delay(2): Delayed 2 second(s)

2019-07-09 15:19:41 - [MESSAGE][PASSED] - Delayed 2 second(s)

2019-07-09 15:19:41 - [TEST_STEP][PASSED] - click(findTestObject("APOLLO- Desktop/Burger Menu/Burgermenu")): Object: 'Object Repository/APOLLO- Desktop/Burger Menu/Burgermenu' is clicked on

2019-07-09 15:19:41 - [MESSAGE][PASSED] - Object: 'Object Repository/APOLLO- Desktop/Burger Menu/Burgermenu' is clicked on

2019-07-09 15:19:41 - [TEST_STEP][PASSED] - delay(2): Delayed 2 second(s)

2019-07-09 15:19:43 - [MESSAGE][PASSED] - Delayed 2 second(s)

2019-07-09 15:19:43 - [TEST_STEP][PASSED] - click(findTestObject("APOLLO- Desktop/Burger Menu/Shop food")): Object: 'Object Repository/APOLLO- Desktop/Burger Menu/Shop food' is clicked on

2019-07-09 15:19:43 - [MESSAGE][PASSED] - Object: 'Object Repository/APOLLO- Desktop/Burger Menu/Shop food' is clicked on

2019-07-09 15:19:43 - [TEST_STEP][PASSED] - delay(2): Delayed 2 second(s)

2019-07-09 15:19:45 - [MESSAGE][PASSED] - Delayed 2 second(s)

2019-07-09 15:19:45 - [TEST_STEP][PASSED] - click(findTestObject("APOLLO- Desktop/Burger Menu/Beef")): Object: 'Object Repository/APOLLO- Desktop/Burger Menu/Beef' is clicked on

2019-07-09 15:19:49 - [MESSAGE][PASSED] - Object: 'Object Repository/APOLLO- Desktop/Burger Menu/Beef' is clicked on

2019-07-09 15:19:49 - [TEST_STEP][PASSED] - delay(2): Delayed 2 second(s)

2019-07-09 15:19:51 - [MESSAGE][PASSED] - Delayed 2 second(s)

2019-07-09 15:19:51 - [TEST_STEP][PASSED] - executeJavaScript("var previewBar = document.getElementById("preview-bar-iframe"); previewBar.style.display = "none";", []): Execute JavaScript 'var previewBar = document.getElementById("preview-bar-iframe"); previewBar.style.display = "none";' successfully

2019-07-09 15:19:51 - [MESSAGE][PASSED] - Execute JavaScript 'var previewBar = document.getElementById("preview-bar-iframe"); previewBar.style.display = "none";' successfully

2019-07-09 15:19:51 - [TEST_STEP][PASSED] - delay(2): Delayed 2 second(s)

2019-07-09 15:19:53 - [MESSAGE][PASSED] - Delayed 2 second(s)

2019-07-09 15:19:53 - [TEST_STEP][PASSED] - click(findTestObject("APOLLO- Desktop/Collection page/Beef skewers")): Object: 'Object Repository/APOLLO- Desktop/Collection page/Beef skewers' is clicked on

2019-07-09 15:19:57 - [MESSAGE][PASSED] - Object: 'Object Repository/APOLLO- Desktop/Collection page/Beef skewers' is clicked on

2019-07-09 15:19:57 - [TEST_STEP][PASSED] - executeJavaScript("var previewBar = document.getElementById("preview-bar-iframe"); previewBar.style.display = "none";", []): Execute JavaScript 'var previewBar = document.getElementById("preview-bar-iframe"); previewBar.style.display = "none";' successfully

2019-07-09 15:19:57 - [MESSAGE][PASSED] - Execute JavaScript 'var previewBar = document.getElementById("preview-bar-iframe"); previewBar.style.display = "none";' successfully

2019-07-09 15:19:57 - [TEST_STEP][PASSED] - delay(2): Delayed 2 second(s)

2019-07-09 15:19:59 - [MESSAGE][PASSED] - Delayed 2 second(s)

2019-07-09 15:19:59 - [TEST_STEP][PASSED] - click(findTestObject("APOLLO- Desktop/Product page/a_Shop all products")): Object: 'Object Repository/APOLLO- Desktop/Product page/a_Shop all products' is clicked on

2019-07-09 15:20:00 - [MESSAGE][PASSED] - Object: 'Object Repository/APOLLO- Desktop/Product page/a_Shop all products' is clicked on

2019-07-09 15:20:00 - [TEST_STEP][PASSED] - a = getWindowTitle(): Current window's title is: 'Products – Apollo Fireball'

2019-07-09 15:20:00 - [MESSAGE][PASSED] - Current window's title is: 'Products – Apollo Fireball'

2019-07-09 15:20:00 - [TEST_STEP][PASSED] - comment(" a=" + a):  a=Products – Apollo Fireball

2019-07-09 15:20:00 - [MESSAGE][INFO] -  a=Products – Apollo Fireball

2019-07-09 15:20:00 - [TEST_STEP][PASSED] - b = "Products – Diff Apollo": null

2019-07-09 15:20:00 - [TEST_STEP][PASSED] - if (a == b): null

2019-07-09 15:20:00 - [TEST_STEP][PASSED] - else: wrong page

2019-07-09 15:20:00 - [TEST_STEP][PASSED] - comment("wrong page"): wrong page

2019-07-09 15:20:00 - [MESSAGE][INFO] - wrong page]]></system-out>
         <system-err><![CDATA[]]></system-err>
      </testcase>
      <testcase name="Test Cases/CRITICAL PATH/Home page - add to bag CTA" classname="Test Cases/CRITICAL PATH/Home page - add to bag CTA" status="FAILED">
         <failure type="FAILED" message="Test Cases/CRITICAL PATH/Home page - add to bag CTA FAILED.
Reason:
com.kms.katalon.core.exception.StepFailedException: Unable to click on object 'Object Repository/APOLLO- Desktop/Cart flyout/Cart collapse' (Root cause: org.openqa.selenium.ElementNotVisibleException: element not interactable
  (Session info: chrome=75.0.3770.100)
  (Driver info: chromedriver=2.43.600229 (3fae4d0cda5334b4f533bede5a4787f7b832d052),platform=Mac OS X 10.13.6 x86_64) (WARNING: The server did not provide any stacktrace information)
Command duration or timeout: 0 milliseconds
Build info: version: '3.7.1', revision: '8a0099a', time: '2017-11-06T21:07:36.161Z'
System info: host: 'sumans-MacBook-Pro.local', ip: 'fe80:0:0:0:47c:ca88:4245:b7a7%en0', os.name: 'Mac OS X', os.arch: 'x86_64', os.version: '10.13.6', java.version: '1.8.0_181'
Driver info: com.kms.katalon.selenium.driver.CChromeDriver
Capabilities {acceptInsecureCerts: false, acceptSslCerts: false, applicationCacheEnabled: false, browserConnectionEnabled: false, browserName: chrome, chrome: {chromedriverVersion: 2.43.600229 (3fae4d0cda5334..., userDataDir: /var/folders/1t/c55l8xzs6gq...}, cssSelectorsEnabled: true, databaseEnabled: false, goog:chromeOptions: {debuggerAddress: localhost:64934}, handlesAlerts: true, hasTouchScreen: false, javascriptEnabled: true, locationContextEnabled: true, mobileEmulationEnabled: false, nativeEvents: true, networkConnectionEnabled: false, pageLoadStrategy: normal, platform: MAC, platformName: MAC, rotatable: false, setWindowRect: true, takesHeapSnapshot: true, takesScreenshot: true, unexpectedAlertBehaviour: , unhandledPromptBehavior: , version: 75.0.3770.100, webStorageEnabled: true}
Session ID: 812fa2f5caf4af8aa492b6695d91c883)
	at com.kms.katalon.core.keyword.internal.KeywordMain.stepFailed(KeywordMain.groovy:36)
	at com.kms.katalon.core.webui.keyword.internal.WebUIKeywordMain.stepFailed(WebUIKeywordMain.groovy:65)
	at com.kms.katalon.core.webui.keyword.internal.WebUIKeywordMain.runKeyword(WebUIKeywordMain.groovy:27)
	at com.kms.katalon.core.webui.keyword.builtin.ClickKeyword.click(ClickKeyword.groovy:86)
	at com.kms.katalon.core.webui.keyword.builtin.ClickKeyword.execute(ClickKeyword.groovy:67)
	at com.kms.katalon.core.keyword.internal.KeywordExecutor.executeKeywordForPlatform(KeywordExecutor.groovy:53)
	at com.kms.katalon.core.webui.keyword.WebUiBuiltInKeywords.click(WebUiBuiltInKeywords.groovy:616)
	at com.kms.katalon.core.webui.keyword.WebUiBuiltInKeywords$click$3.call(Unknown Source)
	at Home page - add to bag CTA.run(Home page - add to bag CTA:102)
	at com.kms.katalon.core.main.ScriptEngine.run(ScriptEngine.java:194)
	at com.kms.katalon.core.main.ScriptEngine.runScriptAsRawText(ScriptEngine.java:119)
	at com.kms.katalon.core.main.TestCaseExecutor.runScript(TestCaseExecutor.java:328)
	at com.kms.katalon.core.main.TestCaseExecutor.doExecute(TestCaseExecutor.java:319)
	at com.kms.katalon.core.main.TestCaseExecutor.processExecutionPhase(TestCaseExecutor.java:298)
	at com.kms.katalon.core.main.TestCaseExecutor.accessMainPhase(TestCaseExecutor.java:290)
	at com.kms.katalon.core.main.TestCaseExecutor.execute(TestCaseExecutor.java:224)
	at com.kms.katalon.core.main.TestSuiteExecutor.accessTestCaseMainPhase(TestSuiteExecutor.java:129)
	at com.kms.katalon.core.main.TestSuiteExecutor.accessTestSuiteMainPhase(TestSuiteExecutor.java:112)
	at com.kms.katalon.core.main.TestSuiteExecutor.execute(TestSuiteExecutor.java:81)
	at com.kms.katalon.core.main.TestCaseMain.startTestSuite(TestCaseMain.java:149)
	at com.kms.katalon.core.main.TestCaseMain$startTestSuite$0.call(Unknown Source)
	at TempTestSuite1562698926915.run(TempTestSuite1562698926915.groovy:36)
"/>
         <system-out><![CDATA[2019-07-09 15:20:00 - [TEST_CASE][FAILED] - Test Cases/CRITICAL PATH/Home page - add to bag CTA: Test Cases/CRITICAL PATH/Home page - add to bag CTA FAILED.
Reason:
com.kms.katalon.core.exception.StepFailedException: Unable to click on object 'Object Repository/APOLLO- Desktop/Cart flyout/Cart collapse' (Root cause: org.openqa.selenium.ElementNotVisibleException: element not interactable
  (Session info: chrome=75.0.3770.100)
  (Driver info: chromedriver=2.43.600229 (3fae4d0cda5334b4f533bede5a4787f7b832d052),platform=Mac OS X 10.13.6 x86_64) (WARNING: The server did not provide any stacktrace information)
Command duration or timeout: 0 milliseconds
Build info: version: '3.7.1', revision: '8a0099a', time: '2017-11-06T21:07:36.161Z'
System info: host: 'sumans-MacBook-Pro.local', ip: 'fe80:0:0:0:47c:ca88:4245:b7a7%en0', os.name: 'Mac OS X', os.arch: 'x86_64', os.version: '10.13.6', java.version: '1.8.0_181'
Driver info: com.kms.katalon.selenium.driver.CChromeDriver
Capabilities {acceptInsecureCerts: false, acceptSslCerts: false, applicationCacheEnabled: false, browserConnectionEnabled: false, browserName: chrome, chrome: {chromedriverVersion: 2.43.600229 (3fae4d0cda5334..., userDataDir: /var/folders/1t/c55l8xzs6gq...}, cssSelectorsEnabled: true, databaseEnabled: false, goog:chromeOptions: {debuggerAddress: localhost:64934}, handlesAlerts: true, hasTouchScreen: false, javascriptEnabled: true, locationContextEnabled: true, mobileEmulationEnabled: false, nativeEvents: true, networkConnectionEnabled: false, pageLoadStrategy: normal, platform: MAC, platformName: MAC, rotatable: false, setWindowRect: true, takesHeapSnapshot: true, takesScreenshot: true, unexpectedAlertBehaviour: , unhandledPromptBehavior: , version: 75.0.3770.100, webStorageEnabled: true}
Session ID: 812fa2f5caf4af8aa492b6695d91c883)
	at com.kms.katalon.core.keyword.internal.KeywordMain.stepFailed(KeywordMain.groovy:36)
	at com.kms.katalon.core.webui.keyword.internal.WebUIKeywordMain.stepFailed(WebUIKeywordMain.groovy:65)
	at com.kms.katalon.core.webui.keyword.internal.WebUIKeywordMain.runKeyword(WebUIKeywordMain.groovy:27)
	at com.kms.katalon.core.webui.keyword.builtin.ClickKeyword.click(ClickKeyword.groovy:86)
	at com.kms.katalon.core.webui.keyword.builtin.ClickKeyword.execute(ClickKeyword.groovy:67)
	at com.kms.katalon.core.keyword.internal.KeywordExecutor.executeKeywordForPlatform(KeywordExecutor.groovy:53)
	at com.kms.katalon.core.webui.keyword.WebUiBuiltInKeywords.click(WebUiBuiltInKeywords.groovy:616)
	at com.kms.katalon.core.webui.keyword.WebUiBuiltInKeywords$click$3.call(Unknown Source)
	at Home page - add to bag CTA.run(Home page - add to bag CTA:102)
	at com.kms.katalon.core.main.ScriptEngine.run(ScriptEngine.java:194)
	at com.kms.katalon.core.main.ScriptEngine.runScriptAsRawText(ScriptEngine.java:119)
	at com.kms.katalon.core.main.TestCaseExecutor.runScript(TestCaseExecutor.java:328)
	at com.kms.katalon.core.main.TestCaseExecutor.doExecute(TestCaseExecutor.java:319)
	at com.kms.katalon.core.main.TestCaseExecutor.processExecutionPhase(TestCaseExecutor.java:298)
	at com.kms.katalon.core.main.TestCaseExecutor.accessMainPhase(TestCaseExecutor.java:290)
	at com.kms.katalon.core.main.TestCaseExecutor.execute(TestCaseExecutor.java:224)
	at com.kms.katalon.core.main.TestSuiteExecutor.accessTestCaseMainPhase(TestSuiteExecutor.java:129)
	at com.kms.katalon.core.main.TestSuiteExecutor.accessTestSuiteMainPhase(TestSuiteExecutor.java:112)
	at com.kms.katalon.core.main.TestSuiteExecutor.execute(TestSuiteExecutor.java:81)
	at com.kms.katalon.core.main.TestCaseMain.startTestSuite(TestCaseMain.java:149)
	at com.kms.katalon.core.main.TestCaseMain$startTestSuite$0.call(Unknown Source)
	at TempTestSuite1562698926915.run(TempTestSuite1562698926915.groovy:36)


2019-07-09 15:20:00 - [TEST_STEP][PASSED] - callTestCase(findTestCase("CALL - URL"), [:], STOP_ON_FAILURE): Call Test Case 'Test Cases/CALL - URL' successfully

2019-07-09 15:20:01 - [TEST_CASE][PASSED] - Test Cases/CALL - URL: Test Cases/CALL - URL

2019-07-09 15:20:01 - [TEST_STEP][PASSED] - openBrowser(""): Browser is opened with url: ''

2019-07-09 15:20:01 - [MESSAGE][WARNING] - A browser is already opened. Closing browser and opening a new one

2019-07-09 15:20:01 - [MESSAGE][INFO] - Starting 'Chrome' driver

2019-07-09 15:20:02 - [MESSAGE][PASSED] - Browser is opened with url: ''

2019-07-09 15:20:02 - [TEST_STEP][PASSED] - navigateToUrl("https://apollo-fireball.myshopify.com/?_ab=0&_fd=0&_sc=1&key=96c2edace7b9967f3a77c2e2b131937136039831e9ec35f31598610005fa8795&preview_theme_id=46803124304"): Navigate to 'https://apollo-fireball.myshopify.com/?_ab=0&_fd=0&_sc=1&key=96c2edace7b9967f3a77c2e2b131937136039831e9ec35f31598610005fa8795&preview_theme_id=46803124304' successfully

2019-07-09 15:20:06 - [MESSAGE][PASSED] - Navigate to 'https://apollo-fireball.myshopify.com/?_ab=0&_fd=0&_sc=1&key=96c2edace7b9967f3a77c2e2b131937136039831e9ec35f31598610005fa8795&preview_theme_id=46803124304' successfully

2019-07-09 15:20:06 - [TEST_STEP][PASSED] - executeJavaScript("var previewBar = document.getElementById("preview-bar-iframe"); previewBar.style.display = "none";", []): Execute JavaScript 'var previewBar = document.getElementById("preview-bar-iframe"); previewBar.style.display = "none";' successfully

2019-07-09 15:20:06 - [MESSAGE][PASSED] - Execute JavaScript 'var previewBar = document.getElementById("preview-bar-iframe"); previewBar.style.display = "none";' successfully

2019-07-09 15:20:06 - [TEST_STEP][PASSED] - maximizeWindow(): Current window maximized

2019-07-09 15:20:07 - [MESSAGE][PASSED] - Current window maximized

2019-07-09 15:20:07 - [MESSAGE][PASSED] - Call Test Case 'Test Cases/CALL - URL' successfully

2019-07-09 15:20:07 - [TEST_STEP][PASSED] - flag = verifyElementClickable(findTestObject("APOLLO- Desktop/Product page/0.5 lb")): Object 'Object Repository/APOLLO- Desktop/Product page/0.5 lb' is clickable

2019-07-09 15:20:07 - [MESSAGE][PASSED] - Object 'Object Repository/APOLLO- Desktop/Product page/0.5 lb' is clickable

2019-07-09 15:20:07 - [TEST_STEP][PASSED] - comment("flag=" + flag): flag=true

2019-07-09 15:20:07 - [MESSAGE][INFO] - flag=true

2019-07-09 15:20:07 - [TEST_STEP][PASSED] - if (flag == true): Object: 'Object Repository/APOLLO- Desktop/Product page/Add to bag' is clicked on

2019-07-09 15:20:07 - [TEST_STEP][PASSED] - click(findTestObject("APOLLO- Desktop/Product page/0.5 lb")): Object: 'Object Repository/APOLLO- Desktop/Product page/0.5 lb' is clicked on

2019-07-09 15:20:07 - [MESSAGE][PASSED] - Object: 'Object Repository/APOLLO- Desktop/Product page/0.5 lb' is clicked on

2019-07-09 15:20:07 - [TEST_STEP][PASSED] - delay(1): Delayed 1 second(s)

2019-07-09 15:20:08 - [MESSAGE][PASSED] - Delayed 1 second(s)

2019-07-09 15:20:08 - [TEST_STEP][PASSED] - a = verifyElementClickable(findTestObject("APOLLO- Desktop/Product page/Add to bag"), CONTINUE_ON_FAILURE): Object 'Object Repository/APOLLO- Desktop/Product page/Add to bag' is clickable

2019-07-09 15:20:08 - [MESSAGE][PASSED] - Object 'Object Repository/APOLLO- Desktop/Product page/Add to bag' is clickable

2019-07-09 15:20:08 - [TEST_STEP][PASSED] - comment("a=" + a): a=true

2019-07-09 15:20:08 - [MESSAGE][INFO] - a=true

2019-07-09 15:20:08 - [TEST_STEP][PASSED] - if (a == true): Object: 'Object Repository/APOLLO- Desktop/Product page/Add to bag' is clicked on

2019-07-09 15:20:08 - [TEST_STEP][PASSED] - click(findTestObject("APOLLO- Desktop/Product page/Add to bag")): Object: 'Object Repository/APOLLO- Desktop/Product page/Add to bag' is clicked on

2019-07-09 15:20:08 - [MESSAGE][PASSED] - Object: 'Object Repository/APOLLO- Desktop/Product page/Add to bag' is clicked on

2019-07-09 15:20:08 - [TEST_STEP][PASSED] - delay(2): Delayed 2 second(s)

2019-07-09 15:20:10 - [MESSAGE][PASSED] - Delayed 2 second(s)

2019-07-09 15:20:10 - [TEST_STEP][PASSED] - click(findTestObject("APOLLO- Desktop/Cart flyout/Cart collapse")): Object: 'Object Repository/APOLLO- Desktop/Cart flyout/Cart collapse' is clicked on

2019-07-09 15:20:10 - [MESSAGE][PASSED] - Object: 'Object Repository/APOLLO- Desktop/Cart flyout/Cart collapse' is clicked on

2019-07-09 15:20:10 - [TEST_STEP][PASSED] - delay(1): Delayed 1 second(s)

2019-07-09 15:20:11 - [MESSAGE][PASSED] - Delayed 1 second(s)

2019-07-09 15:20:11 - [TEST_STEP][PASSED] - flag1 = verifyElementClickable(findTestObject("APOLLO- Desktop/Product page/1 lb")): Object 'Object Repository/APOLLO- Desktop/Product page/1 lb' is clickable

2019-07-09 15:20:11 - [MESSAGE][PASSED] - Object 'Object Repository/APOLLO- Desktop/Product page/1 lb' is clickable

2019-07-09 15:20:11 - [TEST_STEP][PASSED] - comment("flag1=" + flag1): flag1=true

2019-07-09 15:20:11 - [MESSAGE][INFO] - flag1=true

2019-07-09 15:20:11 - [TEST_STEP][PASSED] - if (flag1 == true): Object: 'Object Repository/APOLLO- Desktop/Product page/Add to bag' is clicked on

2019-07-09 15:20:11 - [TEST_STEP][PASSED] - click(findTestObject("APOLLO- Desktop/Product page/1 lb")): Object: 'Object Repository/APOLLO- Desktop/Product page/1 lb' is clicked on

2019-07-09 15:20:11 - [MESSAGE][PASSED] - Object: 'Object Repository/APOLLO- Desktop/Product page/1 lb' is clicked on

2019-07-09 15:20:11 - [TEST_STEP][PASSED] - delay(1): Delayed 1 second(s)

2019-07-09 15:20:12 - [MESSAGE][PASSED] - Delayed 1 second(s)

2019-07-09 15:20:12 - [TEST_STEP][PASSED] - a1 = verifyElementClickable(findTestObject("APOLLO- Desktop/Product page/Add to bag"), CONTINUE_ON_FAILURE): Object 'Object Repository/APOLLO- Desktop/Product page/Add to bag' is clickable

2019-07-09 15:20:12 - [MESSAGE][PASSED] - Object 'Object Repository/APOLLO- Desktop/Product page/Add to bag' is clickable

2019-07-09 15:20:12 - [TEST_STEP][PASSED] - comment("a1=" + a1): a1=true

2019-07-09 15:20:12 - [MESSAGE][INFO] - a1=true

2019-07-09 15:20:12 - [TEST_STEP][PASSED] - if (a1 == true): Object: 'Object Repository/APOLLO- Desktop/Product page/Add to bag' is clicked on

2019-07-09 15:20:12 - [TEST_STEP][PASSED] - click(findTestObject("APOLLO- Desktop/Product page/Add to bag")): Object: 'Object Repository/APOLLO- Desktop/Product page/Add to bag' is clicked on

2019-07-09 15:20:12 - [MESSAGE][PASSED] - Object: 'Object Repository/APOLLO- Desktop/Product page/Add to bag' is clicked on

2019-07-09 15:20:12 - [TEST_STEP][PASSED] - delay(2): Delayed 2 second(s)

2019-07-09 15:20:14 - [MESSAGE][PASSED] - Delayed 2 second(s)

2019-07-09 15:20:14 - [TEST_STEP][PASSED] - click(findTestObject("APOLLO- Desktop/Cart flyout/Cart collapse")): Object: 'Object Repository/APOLLO- Desktop/Cart flyout/Cart collapse' is clicked on

2019-07-09 15:20:14 - [MESSAGE][PASSED] - Object: 'Object Repository/APOLLO- Desktop/Cart flyout/Cart collapse' is clicked on

2019-07-09 15:20:14 - [TEST_STEP][PASSED] - delay(1): Delayed 1 second(s)

2019-07-09 15:20:15 - [MESSAGE][PASSED] - Delayed 1 second(s)

2019-07-09 15:20:15 - [TEST_STEP][PASSED] - flag2 = verifyElementClickable(findTestObject("APOLLO- Desktop/Product page/2 lb")): Object 'Object Repository/APOLLO- Desktop/Product page/2 lb' is clickable

2019-07-09 15:20:15 - [MESSAGE][PASSED] - Object 'Object Repository/APOLLO- Desktop/Product page/2 lb' is clickable

2019-07-09 15:20:15 - [TEST_STEP][PASSED] - comment("flag2=" + flag2): flag2=true

2019-07-09 15:20:15 - [MESSAGE][INFO] - flag2=true

2019-07-09 15:20:15 - [TEST_STEP][PASSED] - if (flag2 == true): Object: 'Object Repository/APOLLO- Desktop/Product page/Add to bag' is clicked on

2019-07-09 15:20:15 - [TEST_STEP][PASSED] - click(findTestObject("APOLLO- Desktop/Product page/2 lb")): Object: 'Object Repository/APOLLO- Desktop/Product page/2 lb' is clicked on

2019-07-09 15:20:15 - [MESSAGE][PASSED] - Object: 'Object Repository/APOLLO- Desktop/Product page/2 lb' is clicked on

2019-07-09 15:20:15 - [TEST_STEP][PASSED] - delay(1): Delayed 1 second(s)

2019-07-09 15:20:16 - [MESSAGE][PASSED] - Delayed 1 second(s)

2019-07-09 15:20:16 - [TEST_STEP][PASSED] - a2 = verifyElementClickable(findTestObject("APOLLO- Desktop/Product page/Add to bag"), CONTINUE_ON_FAILURE): Object 'Object Repository/APOLLO- Desktop/Product page/Add to bag' is clickable

2019-07-09 15:20:16 - [MESSAGE][PASSED] - Object 'Object Repository/APOLLO- Desktop/Product page/Add to bag' is clickable

2019-07-09 15:20:16 - [TEST_STEP][PASSED] - comment("a2=" + a2): a2=true

2019-07-09 15:20:16 - [MESSAGE][INFO] - a2=true

2019-07-09 15:20:16 - [TEST_STEP][PASSED] - if (a2 == true): Object: 'Object Repository/APOLLO- Desktop/Product page/Add to bag' is clicked on

2019-07-09 15:20:16 - [TEST_STEP][PASSED] - click(findTestObject("APOLLO- Desktop/Product page/Add to bag")): Object: 'Object Repository/APOLLO- Desktop/Product page/Add to bag' is clicked on

2019-07-09 15:20:17 - [MESSAGE][PASSED] - Object: 'Object Repository/APOLLO- Desktop/Product page/Add to bag' is clicked on

2019-07-09 15:20:17 - [TEST_STEP][PASSED] - delay(2): Delayed 2 second(s)

2019-07-09 15:20:19 - [MESSAGE][PASSED] - Delayed 2 second(s)

2019-07-09 15:20:19 - [TEST_STEP][FAILED] - click(findTestObject("APOLLO- Desktop/Cart flyout/Cart collapse")): click(findTestObject("APOLLO- Desktop/Cart flyout/Cart collapse")) FAILED.
Reason:
com.kms.katalon.core.exception.StepFailedException: Unable to click on object 'Object Repository/APOLLO- Desktop/Cart flyout/Cart collapse' (Root cause: org.openqa.selenium.ElementNotVisibleException: element not interactable
  (Session info: chrome=75.0.3770.100)
  (Driver info: chromedriver=2.43.600229 (3fae4d0cda5334b4f533bede5a4787f7b832d052),platform=Mac OS X 10.13.6 x86_64) (WARNING: The server did not provide any stacktrace information)
Command duration or timeout: 0 milliseconds
Build info: version: '3.7.1', revision: '8a0099a', time: '2017-11-06T21:07:36.161Z'
System info: host: 'sumans-MacBook-Pro.local', ip: 'fe80:0:0:0:47c:ca88:4245:b7a7%en0', os.name: 'Mac OS X', os.arch: 'x86_64', os.version: '10.13.6', java.version: '1.8.0_181'
Driver info: com.kms.katalon.selenium.driver.CChromeDriver
Capabilities {acceptInsecureCerts: false, acceptSslCerts: false, applicationCacheEnabled: false, browserConnectionEnabled: false, browserName: chrome, chrome: {chromedriverVersion: 2.43.600229 (3fae4d0cda5334..., userDataDir: /var/folders/1t/c55l8xzs6gq...}, cssSelectorsEnabled: true, databaseEnabled: false, goog:chromeOptions: {debuggerAddress: localhost:64934}, handlesAlerts: true, hasTouchScreen: false, javascriptEnabled: true, locationContextEnabled: true, mobileEmulationEnabled: false, nativeEvents: true, networkConnectionEnabled: false, pageLoadStrategy: normal, platform: MAC, platformName: MAC, rotatable: false, setWindowRect: true, takesHeapSnapshot: true, takesScreenshot: true, unexpectedAlertBehaviour: , unhandledPromptBehavior: , version: 75.0.3770.100, webStorageEnabled: true}
Session ID: 812fa2f5caf4af8aa492b6695d91c883)
	at com.kms.katalon.core.keyword.internal.KeywordMain.stepFailed(KeywordMain.groovy:36)
	at com.kms.katalon.core.webui.keyword.internal.WebUIKeywordMain.stepFailed(WebUIKeywordMain.groovy:65)
	at com.kms.katalon.core.webui.keyword.internal.WebUIKeywordMain.runKeyword(WebUIKeywordMain.groovy:27)
	at com.kms.katalon.core.webui.keyword.builtin.ClickKeyword.click(ClickKeyword.groovy:86)
	at com.kms.katalon.core.webui.keyword.builtin.ClickKeyword.execute(ClickKeyword.groovy:67)
	at com.kms.katalon.core.keyword.internal.KeywordExecutor.executeKeywordForPlatform(KeywordExecutor.groovy:53)
	at com.kms.katalon.core.webui.keyword.WebUiBuiltInKeywords.click(WebUiBuiltInKeywords.groovy:616)
	at com.kms.katalon.core.webui.keyword.WebUiBuiltInKeywords$click$3.call(Unknown Source)
	at Home page - add to bag CTA.run(Home page - add to bag CTA:102)
	at com.kms.katalon.core.main.ScriptEngine.run(ScriptEngine.java:194)
	at com.kms.katalon.core.main.ScriptEngine.runScriptAsRawText(ScriptEngine.java:119)
	at com.kms.katalon.core.main.TestCaseExecutor.runScript(TestCaseExecutor.java:328)
	at com.kms.katalon.core.main.TestCaseExecutor.doExecute(TestCaseExecutor.java:319)
	at com.kms.katalon.core.main.TestCaseExecutor.processExecutionPhase(TestCaseExecutor.java:298)
	at com.kms.katalon.core.main.TestCaseExecutor.accessMainPhase(TestCaseExecutor.java:290)
	at com.kms.katalon.core.main.TestCaseExecutor.execute(TestCaseExecutor.java:224)
	at com.kms.katalon.core.main.TestSuiteExecutor.accessTestCaseMainPhase(TestSuiteExecutor.java:129)
	at com.kms.katalon.core.main.TestSuiteExecutor.accessTestSuiteMainPhase(TestSuiteExecutor.java:112)
	at com.kms.katalon.core.main.TestSuiteExecutor.execute(TestSuiteExecutor.java:81)
	at com.kms.katalon.core.main.TestCaseMain.startTestSuite(TestCaseMain.java:149)
	at com.kms.katalon.core.main.TestCaseMain$startTestSuite$0.call(Unknown Source)
	at TempTestSuite1562698926915.run(TempTestSuite1562698926915.groovy:36)


2019-07-09 15:20:19 - [MESSAGE][FAILED] - Unable to click on object 'Object Repository/APOLLO- Desktop/Cart flyout/Cart collapse' (Root cause: org.openqa.selenium.ElementNotVisibleException: element not interactable
  (Session info: chrome=75.0.3770.100)
  (Driver info: chromedriver=2.43.600229 (3fae4d0cda5334b4f533bede5a4787f7b832d052),platform=Mac OS X 10.13.6 x86_64) (WARNING: The server did not provide any stacktrace information)
Command duration or timeout: 0 milliseconds
Build info: version: '3.7.1', revision: '8a0099a', time: '2017-11-06T21:07:36.161Z'
System info: host: 'sumans-MacBook-Pro.local', ip: 'fe80:0:0:0:47c:ca88:4245:b7a7%en0', os.name: 'Mac OS X', os.arch: 'x86_64', os.version: '10.13.6', java.version: '1.8.0_181'
Driver info: com.kms.katalon.selenium.driver.CChromeDriver
Capabilities {acceptInsecureCerts: false, acceptSslCerts: false, applicationCacheEnabled: false, browserConnectionEnabled: false, browserName: chrome, chrome: {chromedriverVersion: 2.43.600229 (3fae4d0cda5334..., userDataDir: /var/folders/1t/c55l8xzs6gq...}, cssSelectorsEnabled: true, databaseEnabled: false, goog:chromeOptions: {debuggerAddress: localhost:64934}, handlesAlerts: true, hasTouchScreen: false, javascriptEnabled: true, locationContextEnabled: true, mobileEmulationEnabled: false, nativeEvents: true, networkConnectionEnabled: false, pageLoadStrategy: normal, platform: MAC, platformName: MAC, rotatable: false, setWindowRect: true, takesHeapSnapshot: true, takesScreenshot: true, unexpectedAlertBehaviour: , unhandledPromptBehavior: , version: 75.0.3770.100, webStorageEnabled: true}
Session ID: 812fa2f5caf4af8aa492b6695d91c883)
[[ATTACHMENT|/Users/sumankompelly/Katalon Studio/APOLLO - FIRE/APOLLO - FIRE- DESKTOP/Reports/0.5.5/20190709_150206/1562700019062.png]]

2019-07-09 15:20:19 - [MESSAGE][FAILED] - click(findTestObject("APOLLO- Desktop/Cart flyout/Cart collapse")) FAILED.
Reason:
com.kms.katalon.core.exception.StepFailedException: Unable to click on object 'Object Repository/APOLLO- Desktop/Cart flyout/Cart collapse' (Root cause: org.openqa.selenium.ElementNotVisibleException: element not interactable
  (Session info: chrome=75.0.3770.100)
  (Driver info: chromedriver=2.43.600229 (3fae4d0cda5334b4f533bede5a4787f7b832d052),platform=Mac OS X 10.13.6 x86_64) (WARNING: The server did not provide any stacktrace information)
Command duration or timeout: 0 milliseconds
Build info: version: '3.7.1', revision: '8a0099a', time: '2017-11-06T21:07:36.161Z'
System info: host: 'sumans-MacBook-Pro.local', ip: 'fe80:0:0:0:47c:ca88:4245:b7a7%en0', os.name: 'Mac OS X', os.arch: 'x86_64', os.version: '10.13.6', java.version: '1.8.0_181'
Driver info: com.kms.katalon.selenium.driver.CChromeDriver
Capabilities {acceptInsecureCerts: false, acceptSslCerts: false, applicationCacheEnabled: false, browserConnectionEnabled: false, browserName: chrome, chrome: {chromedriverVersion: 2.43.600229 (3fae4d0cda5334..., userDataDir: /var/folders/1t/c55l8xzs6gq...}, cssSelectorsEnabled: true, databaseEnabled: false, goog:chromeOptions: {debuggerAddress: localhost:64934}, handlesAlerts: true, hasTouchScreen: false, javascriptEnabled: true, locationContextEnabled: true, mobileEmulationEnabled: false, nativeEvents: true, networkConnectionEnabled: false, pageLoadStrategy: normal, platform: MAC, platformName: MAC, rotatable: false, setWindowRect: true, takesHeapSnapshot: true, takesScreenshot: true, unexpectedAlertBehaviour: , unhandledPromptBehavior: , version: 75.0.3770.100, webStorageEnabled: true}
Session ID: 812fa2f5caf4af8aa492b6695d91c883)
	at com.kms.katalon.core.keyword.internal.KeywordMain.stepFailed(KeywordMain.groovy:36)
	at com.kms.katalon.core.webui.keyword.internal.WebUIKeywordMain.stepFailed(WebUIKeywordMain.groovy:65)
	at com.kms.katalon.core.webui.keyword.internal.WebUIKeywordMain.runKeyword(WebUIKeywordMain.groovy:27)
	at com.kms.katalon.core.webui.keyword.builtin.ClickKeyword.click(ClickKeyword.groovy:86)
	at com.kms.katalon.core.webui.keyword.builtin.ClickKeyword.execute(ClickKeyword.groovy:67)
	at com.kms.katalon.core.keyword.internal.KeywordExecutor.executeKeywordForPlatform(KeywordExecutor.groovy:53)
	at com.kms.katalon.core.webui.keyword.WebUiBuiltInKeywords.click(WebUiBuiltInKeywords.groovy:616)
	at com.kms.katalon.core.webui.keyword.WebUiBuiltInKeywords$click$3.call(Unknown Source)
	at Home page - add to bag CTA.run(Home page - add to bag CTA:102)
	at com.kms.katalon.core.main.ScriptEngine.run(ScriptEngine.java:194)
	at com.kms.katalon.core.main.ScriptEngine.runScriptAsRawText(ScriptEngine.java:119)
	at com.kms.katalon.core.main.TestCaseExecutor.runScript(TestCaseExecutor.java:328)
	at com.kms.katalon.core.main.TestCaseExecutor.doExecute(TestCaseExecutor.java:319)
	at com.kms.katalon.core.main.TestCaseExecutor.processExecutionPhase(TestCaseExecutor.java:298)
	at com.kms.katalon.core.main.TestCaseExecutor.accessMainPhase(TestCaseExecutor.java:290)
	at com.kms.katalon.core.main.TestCaseExecutor.execute(TestCaseExecutor.java:224)
	at com.kms.katalon.core.main.TestSuiteExecutor.accessTestCaseMainPhase(TestSuiteExecutor.java:129)
	at com.kms.katalon.core.main.TestSuiteExecutor.accessTestSuiteMainPhase(TestSuiteExecutor.java:112)
	at com.kms.katalon.core.main.TestSuiteExecutor.execute(TestSuiteExecutor.java:81)
	at com.kms.katalon.core.main.TestCaseMain.startTestSuite(TestCaseMain.java:149)
	at com.kms.katalon.core.main.TestCaseMain$startTestSuite$0.call(Unknown Source)
	at TempTestSuite1562698926915.run(TempTestSuite1562698926915.groovy:36)]]></system-out>
         <system-err><![CDATA[2019-07-09 15:20:00 - [TEST_CASE][FAILED] - Test Cases/CRITICAL PATH/Home page - add to bag CTA: Test Cases/CRITICAL PATH/Home page - add to bag CTA FAILED.
Reason:
com.kms.katalon.core.exception.StepFailedException: Unable to click on object 'Object Repository/APOLLO- Desktop/Cart flyout/Cart collapse' (Root cause: org.openqa.selenium.ElementNotVisibleException: element not interactable
  (Session info: chrome=75.0.3770.100)
  (Driver info: chromedriver=2.43.600229 (3fae4d0cda5334b4f533bede5a4787f7b832d052),platform=Mac OS X 10.13.6 x86_64) (WARNING: The server did not provide any stacktrace information)
Command duration or timeout: 0 milliseconds
Build info: version: '3.7.1', revision: '8a0099a', time: '2017-11-06T21:07:36.161Z'
System info: host: 'sumans-MacBook-Pro.local', ip: 'fe80:0:0:0:47c:ca88:4245:b7a7%en0', os.name: 'Mac OS X', os.arch: 'x86_64', os.version: '10.13.6', java.version: '1.8.0_181'
Driver info: com.kms.katalon.selenium.driver.CChromeDriver
Capabilities {acceptInsecureCerts: false, acceptSslCerts: false, applicationCacheEnabled: false, browserConnectionEnabled: false, browserName: chrome, chrome: {chromedriverVersion: 2.43.600229 (3fae4d0cda5334..., userDataDir: /var/folders/1t/c55l8xzs6gq...}, cssSelectorsEnabled: true, databaseEnabled: false, goog:chromeOptions: {debuggerAddress: localhost:64934}, handlesAlerts: true, hasTouchScreen: false, javascriptEnabled: true, locationContextEnabled: true, mobileEmulationEnabled: false, nativeEvents: true, networkConnectionEnabled: false, pageLoadStrategy: normal, platform: MAC, platformName: MAC, rotatable: false, setWindowRect: true, takesHeapSnapshot: true, takesScreenshot: true, unexpectedAlertBehaviour: , unhandledPromptBehavior: , version: 75.0.3770.100, webStorageEnabled: true}
Session ID: 812fa2f5caf4af8aa492b6695d91c883)
	at com.kms.katalon.core.keyword.internal.KeywordMain.stepFailed(KeywordMain.groovy:36)
	at com.kms.katalon.core.webui.keyword.internal.WebUIKeywordMain.stepFailed(WebUIKeywordMain.groovy:65)
	at com.kms.katalon.core.webui.keyword.internal.WebUIKeywordMain.runKeyword(WebUIKeywordMain.groovy:27)
	at com.kms.katalon.core.webui.keyword.builtin.ClickKeyword.click(ClickKeyword.groovy:86)
	at com.kms.katalon.core.webui.keyword.builtin.ClickKeyword.execute(ClickKeyword.groovy:67)
	at com.kms.katalon.core.keyword.internal.KeywordExecutor.executeKeywordForPlatform(KeywordExecutor.groovy:53)
	at com.kms.katalon.core.webui.keyword.WebUiBuiltInKeywords.click(WebUiBuiltInKeywords.groovy:616)
	at com.kms.katalon.core.webui.keyword.WebUiBuiltInKeywords$click$3.call(Unknown Source)
	at Home page - add to bag CTA.run(Home page - add to bag CTA:102)
	at com.kms.katalon.core.main.ScriptEngine.run(ScriptEngine.java:194)
	at com.kms.katalon.core.main.ScriptEngine.runScriptAsRawText(ScriptEngine.java:119)
	at com.kms.katalon.core.main.TestCaseExecutor.runScript(TestCaseExecutor.java:328)
	at com.kms.katalon.core.main.TestCaseExecutor.doExecute(TestCaseExecutor.java:319)
	at com.kms.katalon.core.main.TestCaseExecutor.processExecutionPhase(TestCaseExecutor.java:298)
	at com.kms.katalon.core.main.TestCaseExecutor.accessMainPhase(TestCaseExecutor.java:290)
	at com.kms.katalon.core.main.TestCaseExecutor.execute(TestCaseExecutor.java:224)
	at com.kms.katalon.core.main.TestSuiteExecutor.accessTestCaseMainPhase(TestSuiteExecutor.java:129)
	at com.kms.katalon.core.main.TestSuiteExecutor.accessTestSuiteMainPhase(TestSuiteExecutor.java:112)
	at com.kms.katalon.core.main.TestSuiteExecutor.execute(TestSuiteExecutor.java:81)
	at com.kms.katalon.core.main.TestCaseMain.startTestSuite(TestCaseMain.java:149)
	at com.kms.katalon.core.main.TestCaseMain$startTestSuite$0.call(Unknown Source)
	at TempTestSuite1562698926915.run(TempTestSuite1562698926915.groovy:36)]]></system-err>
      </testcase>
      <testcase name="Test Cases/CRITICAL PATH/Increase quantity - cart page" classname="Test Cases/CRITICAL PATH/Increase quantity - cart page" status="FAILED">
         <failure type="FAILED" message="Test Cases/CRITICAL PATH/Increase quantity - cart page FAILED.
Reason:
com.kms.katalon.core.exception.StepFailedException: Unable to click on object 'Object Repository/APOLLO- Desktop/payment page/Payment section' (Root cause: com.kms.katalon.core.webui.exception.WebElementNotFoundException: Web element with id: 'Object Repository/APOLLO- Desktop/payment page/Payment section' located by 'By.xpath: (.//*[normalize-space(text()) and normalize-space(.)='Apply Discount Code'])[1]/following::div[1]' not found)
	at com.kms.katalon.core.keyword.internal.KeywordMain.stepFailed(KeywordMain.groovy:36)
	at com.kms.katalon.core.webui.keyword.internal.WebUIKeywordMain.stepFailed(WebUIKeywordMain.groovy:65)
	at com.kms.katalon.core.webui.keyword.internal.WebUIKeywordMain.runKeyword(WebUIKeywordMain.groovy:27)
	at com.kms.katalon.core.webui.keyword.builtin.ClickKeyword.click(ClickKeyword.groovy:86)
	at com.kms.katalon.core.webui.keyword.builtin.ClickKeyword.execute(ClickKeyword.groovy:67)
	at com.kms.katalon.core.keyword.internal.KeywordExecutor.executeKeywordForPlatform(KeywordExecutor.groovy:53)
	at com.kms.katalon.core.webui.keyword.WebUiBuiltInKeywords.click(WebUiBuiltInKeywords.groovy:616)
	at com.kms.katalon.core.webui.keyword.WebUiBuiltInKeywords$click$3.call(Unknown Source)
	at Increase quantity - cart page.run(Increase quantity - cart page:152)
	at com.kms.katalon.core.main.ScriptEngine.run(ScriptEngine.java:194)
	at com.kms.katalon.core.main.ScriptEngine.runScriptAsRawText(ScriptEngine.java:119)
	at com.kms.katalon.core.main.TestCaseExecutor.runScript(TestCaseExecutor.java:328)
	at com.kms.katalon.core.main.TestCaseExecutor.doExecute(TestCaseExecutor.java:319)
	at com.kms.katalon.core.main.TestCaseExecutor.processExecutionPhase(TestCaseExecutor.java:298)
	at com.kms.katalon.core.main.TestCaseExecutor.accessMainPhase(TestCaseExecutor.java:290)
	at com.kms.katalon.core.main.TestCaseExecutor.execute(TestCaseExecutor.java:224)
	at com.kms.katalon.core.main.TestSuiteExecutor.accessTestCaseMainPhase(TestSuiteExecutor.java:129)
	at com.kms.katalon.core.main.TestSuiteExecutor.accessTestSuiteMainPhase(TestSuiteExecutor.java:112)
	at com.kms.katalon.core.main.TestSuiteExecutor.execute(TestSuiteExecutor.java:81)
	at com.kms.katalon.core.main.TestCaseMain.startTestSuite(TestCaseMain.java:149)
	at com.kms.katalon.core.main.TestCaseMain$startTestSuite$0.call(Unknown Source)
	at TempTestSuite1562698926915.run(TempTestSuite1562698926915.groovy:36)
"/>
         <system-out><![CDATA[2019-07-09 15:20:19 - [TEST_CASE][FAILED] - Test Cases/CRITICAL PATH/Increase quantity - cart page: Test Cases/CRITICAL PATH/Increase quantity - cart page FAILED.
Reason:
com.kms.katalon.core.exception.StepFailedException: Unable to click on object 'Object Repository/APOLLO- Desktop/payment page/Payment section' (Root cause: com.kms.katalon.core.webui.exception.WebElementNotFoundException: Web element with id: 'Object Repository/APOLLO- Desktop/payment page/Payment section' located by 'By.xpath: (.//*[normalize-space(text()) and normalize-space(.)='Apply Discount Code'])[1]/following::div[1]' not found)
	at com.kms.katalon.core.keyword.internal.KeywordMain.stepFailed(KeywordMain.groovy:36)
	at com.kms.katalon.core.webui.keyword.internal.WebUIKeywordMain.stepFailed(WebUIKeywordMain.groovy:65)
	at com.kms.katalon.core.webui.keyword.internal.WebUIKeywordMain.runKeyword(WebUIKeywordMain.groovy:27)
	at com.kms.katalon.core.webui.keyword.builtin.ClickKeyword.click(ClickKeyword.groovy:86)
	at com.kms.katalon.core.webui.keyword.builtin.ClickKeyword.execute(ClickKeyword.groovy:67)
	at com.kms.katalon.core.keyword.internal.KeywordExecutor.executeKeywordForPlatform(KeywordExecutor.groovy:53)
	at com.kms.katalon.core.webui.keyword.WebUiBuiltInKeywords.click(WebUiBuiltInKeywords.groovy:616)
	at com.kms.katalon.core.webui.keyword.WebUiBuiltInKeywords$click$3.call(Unknown Source)
	at Increase quantity - cart page.run(Increase quantity - cart page:152)
	at com.kms.katalon.core.main.ScriptEngine.run(ScriptEngine.java:194)
	at com.kms.katalon.core.main.ScriptEngine.runScriptAsRawText(ScriptEngine.java:119)
	at com.kms.katalon.core.main.TestCaseExecutor.runScript(TestCaseExecutor.java:328)
	at com.kms.katalon.core.main.TestCaseExecutor.doExecute(TestCaseExecutor.java:319)
	at com.kms.katalon.core.main.TestCaseExecutor.processExecutionPhase(TestCaseExecutor.java:298)
	at com.kms.katalon.core.main.TestCaseExecutor.accessMainPhase(TestCaseExecutor.java:290)
	at com.kms.katalon.core.main.TestCaseExecutor.execute(TestCaseExecutor.java:224)
	at com.kms.katalon.core.main.TestSuiteExecutor.accessTestCaseMainPhase(TestSuiteExecutor.java:129)
	at com.kms.katalon.core.main.TestSuiteExecutor.accessTestSuiteMainPhase(TestSuiteExecutor.java:112)
	at com.kms.katalon.core.main.TestSuiteExecutor.execute(TestSuiteExecutor.java:81)
	at com.kms.katalon.core.main.TestCaseMain.startTestSuite(TestCaseMain.java:149)
	at com.kms.katalon.core.main.TestCaseMain$startTestSuite$0.call(Unknown Source)
	at TempTestSuite1562698926915.run(TempTestSuite1562698926915.groovy:36)


2019-07-09 15:20:20 - [TEST_STEP][PASSED] - callTestCase(findTestCase("CALL - URL"), [:], STOP_ON_FAILURE): Call Test Case 'Test Cases/CALL - URL' successfully

2019-07-09 15:20:20 - [TEST_CASE][PASSED] - Test Cases/CALL - URL: Test Cases/CALL - URL

2019-07-09 15:20:20 - [TEST_STEP][PASSED] - openBrowser(""): Browser is opened with url: ''

2019-07-09 15:20:20 - [MESSAGE][WARNING] - A browser is already opened. Closing browser and opening a new one

2019-07-09 15:20:20 - [MESSAGE][INFO] - Starting 'Chrome' driver

2019-07-09 15:20:21 - [MESSAGE][PASSED] - Browser is opened with url: ''

2019-07-09 15:20:21 - [TEST_STEP][PASSED] - navigateToUrl("https://apollo-fireball.myshopify.com/?_ab=0&_fd=0&_sc=1&key=96c2edace7b9967f3a77c2e2b131937136039831e9ec35f31598610005fa8795&preview_theme_id=46803124304"): Navigate to 'https://apollo-fireball.myshopify.com/?_ab=0&_fd=0&_sc=1&key=96c2edace7b9967f3a77c2e2b131937136039831e9ec35f31598610005fa8795&preview_theme_id=46803124304' successfully

2019-07-09 15:20:24 - [MESSAGE][PASSED] - Navigate to 'https://apollo-fireball.myshopify.com/?_ab=0&_fd=0&_sc=1&key=96c2edace7b9967f3a77c2e2b131937136039831e9ec35f31598610005fa8795&preview_theme_id=46803124304' successfully

2019-07-09 15:20:24 - [TEST_STEP][PASSED] - executeJavaScript("var previewBar = document.getElementById("preview-bar-iframe"); previewBar.style.display = "none";", []): Execute JavaScript 'var previewBar = document.getElementById("preview-bar-iframe"); previewBar.style.display = "none";' successfully

2019-07-09 15:20:24 - [MESSAGE][PASSED] - Execute JavaScript 'var previewBar = document.getElementById("preview-bar-iframe"); previewBar.style.display = "none";' successfully

2019-07-09 15:20:24 - [TEST_STEP][PASSED] - maximizeWindow(): Current window maximized

2019-07-09 15:20:25 - [MESSAGE][PASSED] - Current window maximized

2019-07-09 15:20:25 - [MESSAGE][PASSED] - Call Test Case 'Test Cases/CALL - URL' successfully

2019-07-09 15:20:25 - [TEST_STEP][PASSED] - delay(1): Delayed 1 second(s)

2019-07-09 15:20:26 - [MESSAGE][PASSED] - Delayed 1 second(s)

2019-07-09 15:20:26 - [TEST_STEP][PASSED] - click(findTestObject("APOLLO- Desktop/Burger Menu/Burgermenu")): Object: 'Object Repository/APOLLO- Desktop/Burger Menu/Burgermenu' is clicked on

2019-07-09 15:20:26 - [MESSAGE][PASSED] - Object: 'Object Repository/APOLLO- Desktop/Burger Menu/Burgermenu' is clicked on

2019-07-09 15:20:26 - [TEST_STEP][PASSED] - delay(2): Delayed 2 second(s)

2019-07-09 15:20:28 - [MESSAGE][PASSED] - Delayed 2 second(s)

2019-07-09 15:20:28 - [TEST_STEP][PASSED] - click(findTestObject("APOLLO- Desktop/Burger Menu/Shop food")): Object: 'Object Repository/APOLLO- Desktop/Burger Menu/Shop food' is clicked on

2019-07-09 15:20:28 - [MESSAGE][PASSED] - Object: 'Object Repository/APOLLO- Desktop/Burger Menu/Shop food' is clicked on

2019-07-09 15:20:28 - [TEST_STEP][PASSED] - delay(2): Delayed 2 second(s)

2019-07-09 15:20:30 - [MESSAGE][PASSED] - Delayed 2 second(s)

2019-07-09 15:20:30 - [TEST_STEP][PASSED] - click(findTestObject("APOLLO- Desktop/Burger Menu/Beef")): Object: 'Object Repository/APOLLO- Desktop/Burger Menu/Beef' is clicked on

2019-07-09 15:20:34 - [MESSAGE][PASSED] - Object: 'Object Repository/APOLLO- Desktop/Burger Menu/Beef' is clicked on

2019-07-09 15:20:34 - [TEST_STEP][PASSED] - delay(2): Delayed 2 second(s)

2019-07-09 15:20:36 - [MESSAGE][PASSED] - Delayed 2 second(s)

2019-07-09 15:20:36 - [TEST_STEP][PASSED] - executeJavaScript("var previewBar = document.getElementById("preview-bar-iframe"); previewBar.style.display = "none";", []): Execute JavaScript 'var previewBar = document.getElementById("preview-bar-iframe"); previewBar.style.display = "none";' successfully

2019-07-09 15:20:36 - [MESSAGE][PASSED] - Execute JavaScript 'var previewBar = document.getElementById("preview-bar-iframe"); previewBar.style.display = "none";' successfully

2019-07-09 15:20:36 - [TEST_STEP][PASSED] - delay(2): Delayed 2 second(s)

2019-07-09 15:20:38 - [MESSAGE][PASSED] - Delayed 2 second(s)

2019-07-09 15:20:38 - [TEST_STEP][PASSED] - click(findTestObject("APOLLO- Desktop/Collection page/Beef skewers")): Object: 'Object Repository/APOLLO- Desktop/Collection page/Beef skewers' is clicked on

2019-07-09 15:20:42 - [MESSAGE][PASSED] - Object: 'Object Repository/APOLLO- Desktop/Collection page/Beef skewers' is clicked on

2019-07-09 15:20:42 - [TEST_STEP][PASSED] - executeJavaScript("var previewBar = document.getElementById("preview-bar-iframe"); previewBar.style.display = "none";", []): Execute JavaScript 'var previewBar = document.getElementById("preview-bar-iframe"); previewBar.style.display = "none";' successfully

2019-07-09 15:20:42 - [MESSAGE][PASSED] - Execute JavaScript 'var previewBar = document.getElementById("preview-bar-iframe"); previewBar.style.display = "none";' successfully

2019-07-09 15:20:42 - [TEST_STEP][PASSED] - delay(2): Delayed 2 second(s)

2019-07-09 15:20:45 - [MESSAGE][PASSED] - Delayed 2 second(s)

2019-07-09 15:20:45 - [TEST_STEP][PASSED] - click(findTestObject("APOLLO- Desktop/Product page/1 piece")): Object: 'Object Repository/APOLLO- Desktop/Product page/1 piece' is clicked on

2019-07-09 15:20:45 - [MESSAGE][PASSED] - Object: 'Object Repository/APOLLO- Desktop/Product page/1 piece' is clicked on

2019-07-09 15:20:45 - [TEST_STEP][PASSED] - delay(2): Delayed 2 second(s)

2019-07-09 15:20:47 - [MESSAGE][PASSED] - Delayed 2 second(s)

2019-07-09 15:20:47 - [TEST_STEP][NOT_RUN] - delay(2): NOT_RUN: delay(2)

2019-07-09 15:20:47 - [MESSAGE][NOT_RUN] - NOT_RUN: delay(2)

2019-07-09 15:20:47 - [TEST_STEP][NOT_RUN] - click(findTestObject("APOLLO- Desktop/Burger Menu/Shop food")): NOT_RUN: click(findTestObject("APOLLO- Desktop/Burger Menu/Shop food"))

2019-07-09 15:20:47 - [MESSAGE][NOT_RUN] - NOT_RUN: click(findTestObject("APOLLO- Desktop/Burger Menu/Shop food"))

2019-07-09 15:20:47 - [TEST_STEP][NOT_RUN] - delay(2): NOT_RUN: delay(2)

2019-07-09 15:20:47 - [MESSAGE][NOT_RUN] - NOT_RUN: delay(2)

2019-07-09 15:20:47 - [TEST_STEP][NOT_RUN] - click(findTestObject("APOLLO- Desktop/Burger Menu/Beef")): NOT_RUN: click(findTestObject("APOLLO- Desktop/Burger Menu/Beef"))

2019-07-09 15:20:47 - [MESSAGE][NOT_RUN] - NOT_RUN: click(findTestObject("APOLLO- Desktop/Burger Menu/Beef"))

2019-07-09 15:20:47 - [TEST_STEP][NOT_RUN] - delay(2): NOT_RUN: delay(2)

2019-07-09 15:20:47 - [MESSAGE][NOT_RUN] - NOT_RUN: delay(2)

2019-07-09 15:20:47 - [TEST_STEP][NOT_RUN] - click(findTestObject("APOLLO- Desktop/Burger Menu/Shirts link")): NOT_RUN: click(findTestObject("APOLLO- Desktop/Burger Menu/Shirts link"))

2019-07-09 15:20:47 - [MESSAGE][NOT_RUN] - NOT_RUN: click(findTestObject("APOLLO- Desktop/Burger Menu/Shirts link"))

2019-07-09 15:20:47 - [TEST_STEP][NOT_RUN] - executeJavaScript("var previewBar = document.getElementById("preview-bar-iframe"); previewBar.style.display = "none";", []): NOT_RUN: executeJavaScript("var previewBar = document.getElementById("preview-bar-iframe"); previewBar.style.display = "none";", [])

2019-07-09 15:20:47 - [MESSAGE][NOT_RUN] - NOT_RUN: executeJavaScript("var previewBar = document.getElementById("preview-bar-iframe"); previewBar.style.display = "none";", [])

2019-07-09 15:20:47 - [TEST_STEP][NOT_RUN] - delay(2): NOT_RUN: delay(2)

2019-07-09 15:20:47 - [MESSAGE][NOT_RUN] - NOT_RUN: delay(2)

2019-07-09 15:20:47 - [TEST_STEP][NOT_RUN] - click(findTestObject("APOLLO- Desktop/Collection page/Beef skewers")): NOT_RUN: click(findTestObject("APOLLO- Desktop/Collection page/Beef skewers"))

2019-07-09 15:20:47 - [MESSAGE][NOT_RUN] - NOT_RUN: click(findTestObject("APOLLO- Desktop/Collection page/Beef skewers"))

2019-07-09 15:20:47 - [TEST_STEP][NOT_RUN] - delay(2): NOT_RUN: delay(2)

2019-07-09 15:20:47 - [MESSAGE][NOT_RUN] - NOT_RUN: delay(2)

2019-07-09 15:20:47 - [TEST_STEP][NOT_RUN] - selectOptionByValue(findTestObject("APOLLO- Desktop/Product page/1 piece"), "Medium", true): NOT_RUN: selectOptionByValue(findTestObject("APOLLO- Desktop/Product page/1 piece"), "Medium", true)

2019-07-09 15:20:47 - [MESSAGE][NOT_RUN] - NOT_RUN: selectOptionByValue(findTestObject("APOLLO- Desktop/Product page/1 piece"), "Medium", true)

2019-07-09 15:20:47 - [TEST_STEP][NOT_RUN] - delay(2): NOT_RUN: delay(2)

2019-07-09 15:20:47 - [MESSAGE][NOT_RUN] - NOT_RUN: delay(2)

2019-07-09 15:20:47 - [TEST_STEP][PASSED] - click(findTestObject("APOLLO- Desktop/Product page/Add to bag")): Object: 'Object Repository/APOLLO- Desktop/Product page/Add to bag' is clicked on

2019-07-09 15:20:47 - [MESSAGE][PASSED] - Object: 'Object Repository/APOLLO- Desktop/Product page/Add to bag' is clicked on

2019-07-09 15:20:47 - [TEST_STEP][PASSED] - delay(2): Delayed 2 second(s)

2019-07-09 15:20:49 - [MESSAGE][PASSED] - Delayed 2 second(s)

2019-07-09 15:20:49 - [TEST_STEP][PASSED] - click(findTestObject("APOLLO- Desktop/Cart flyout/Checkout")): Object: 'Object Repository/APOLLO- Desktop/Cart flyout/Checkout' is clicked on

2019-07-09 15:20:53 - [MESSAGE][PASSED] - Object: 'Object Repository/APOLLO- Desktop/Cart flyout/Checkout' is clicked on

2019-07-09 15:20:53 - [TEST_STEP][PASSED] - delay(2): Delayed 2 second(s)

2019-07-09 15:20:55 - [MESSAGE][PASSED] - Delayed 2 second(s)

2019-07-09 15:20:55 - [TEST_STEP][PASSED] - click(findTestObject("APOLLO- Desktop/Customer Information page/Cart page breadcrumb")): Object: 'Object Repository/APOLLO- Desktop/Customer Information page/Cart page breadcrumb' is clicked on

2019-07-09 15:20:57 - [MESSAGE][PASSED] - Object: 'Object Repository/APOLLO- Desktop/Customer Information page/Cart page breadcrumb' is clicked on

2019-07-09 15:20:57 - [TEST_STEP][PASSED] - delay(2): Delayed 2 second(s)

2019-07-09 15:20:59 - [MESSAGE][PASSED] - Delayed 2 second(s)

2019-07-09 15:20:59 - [TEST_STEP][PASSED] - a = getText(findTestObject("APOLLO- Desktop/Cart page/Subtotal in cart page")): Text of object 'Object Repository/APOLLO- Desktop/Cart page/Subtotal in cart page' is: '$8.50'

2019-07-09 15:20:59 - [MESSAGE][PASSED] - Text of object 'Object Repository/APOLLO- Desktop/Cart page/Subtotal in cart page' is: '$8.50'

2019-07-09 15:20:59 - [TEST_STEP][PASSED] - comment("a=" + a): a=$8.50

2019-07-09 15:20:59 - [MESSAGE][INFO] - a=$8.50

2019-07-09 15:20:59 - [TEST_STEP][PASSED] - delay(2): Delayed 2 second(s)

2019-07-09 15:21:01 - [MESSAGE][PASSED] - Delayed 2 second(s)

2019-07-09 15:21:01 - [TEST_STEP][PASSED] - click(findTestObject("APOLLO- Desktop/Cart page/Increase quantity - cart page")): Object: 'Object Repository/APOLLO- Desktop/Cart page/Increase quantity - cart page' is clicked on

2019-07-09 15:21:01 - [MESSAGE][PASSED] - Object: 'Object Repository/APOLLO- Desktop/Cart page/Increase quantity - cart page' is clicked on

2019-07-09 15:21:01 - [TEST_STEP][PASSED] - delay(2): Delayed 2 second(s)

2019-07-09 15:21:03 - [MESSAGE][PASSED] - Delayed 2 second(s)

2019-07-09 15:21:03 - [TEST_STEP][PASSED] - click(findTestObject("APOLLO- Desktop/Cart page/Increase quantity - cart page")): Object: 'Object Repository/APOLLO- Desktop/Cart page/Increase quantity - cart page' is clicked on

2019-07-09 15:21:03 - [MESSAGE][PASSED] - Object: 'Object Repository/APOLLO- Desktop/Cart page/Increase quantity - cart page' is clicked on

2019-07-09 15:21:03 - [TEST_STEP][PASSED] - delay(2): Delayed 2 second(s)

2019-07-09 15:21:05 - [MESSAGE][PASSED] - Delayed 2 second(s)

2019-07-09 15:21:05 - [TEST_STEP][PASSED] - setText(findTestObject("APOLLO- Desktop/Cart flyout/CArt quanty update"), "3"): Text '3' is set on object 'Object Repository/APOLLO- Desktop/Cart flyout/CArt quanty update'

2019-07-09 15:21:05 - [MESSAGE][PASSED] - Text '3' is set on object 'Object Repository/APOLLO- Desktop/Cart flyout/CArt quanty update'

2019-07-09 15:21:05 - [TEST_STEP][PASSED] - delay(2): Delayed 2 second(s)

2019-07-09 15:21:07 - [MESSAGE][PASSED] - Delayed 2 second(s)

2019-07-09 15:21:07 - [TEST_STEP][PASSED] - click(findTestObject("APOLLO- Desktop/Cart page/Click outside the page")): Object: 'Object Repository/APOLLO- Desktop/Cart page/Click outside the page' is clicked on

2019-07-09 15:21:07 - [MESSAGE][PASSED] - Object: 'Object Repository/APOLLO- Desktop/Cart page/Click outside the page' is clicked on

2019-07-09 15:21:07 - [TEST_STEP][PASSED] - delay(2): Delayed 2 second(s)

2019-07-09 15:21:09 - [MESSAGE][PASSED] - Delayed 2 second(s)

2019-07-09 15:21:09 - [TEST_STEP][PASSED] - b = getText(findTestObject("APOLLO- Desktop/Cart page/Subtotal in cart page")): Text of object 'Object Repository/APOLLO- Desktop/Cart page/Subtotal in cart page' is: '$25.50'

2019-07-09 15:21:09 - [MESSAGE][PASSED] - Text of object 'Object Repository/APOLLO- Desktop/Cart page/Subtotal in cart page' is: '$25.50'

2019-07-09 15:21:09 - [TEST_STEP][PASSED] - comment("b=" + b): b=$25.50

2019-07-09 15:21:09 - [MESSAGE][INFO] - b=$25.50

2019-07-09 15:21:09 - [TEST_STEP][PASSED] - flag = verifyNotEqual("a", "b"): Actual object 'a' and expected object 'b' are not equal

2019-07-09 15:21:09 - [MESSAGE][PASSED] - Actual object 'a' and expected object 'b' are not equal

2019-07-09 15:21:09 - [TEST_STEP][PASSED] - if (flag == true): Quantity selector working

2019-07-09 15:21:09 - [TEST_STEP][PASSED] - comment("Quantity selector working"): Quantity selector working

2019-07-09 15:21:09 - [MESSAGE][INFO] - Quantity selector working

2019-07-09 15:21:09 - [TEST_STEP][PASSED] - delay(2): Delayed 2 second(s)

2019-07-09 15:21:11 - [MESSAGE][PASSED] - Delayed 2 second(s)

2019-07-09 15:21:11 - [TEST_STEP][NOT_RUN] - executeJavaScript("var previewBar = document.getElementById("preview-bar-iframe"); previewBar.style.display = "none";", []): NOT_RUN: executeJavaScript("var previewBar = document.getElementById("preview-bar-iframe"); previewBar.style.display = "none";", [])

2019-07-09 15:21:11 - [MESSAGE][NOT_RUN] - NOT_RUN: executeJavaScript("var previewBar = document.getElementById("preview-bar-iframe"); previewBar.style.display = "none";", [])

2019-07-09 15:21:11 - [TEST_STEP][PASSED] - delay(2): Delayed 2 second(s)

2019-07-09 15:21:13 - [MESSAGE][PASSED] - Delayed 2 second(s)

2019-07-09 15:21:13 - [TEST_STEP][PASSED] - click(findTestObject("APOLLO- Desktop/Cart flyout/Checkout")): Object: 'Object Repository/APOLLO- Desktop/Cart flyout/Checkout' is clicked on

2019-07-09 15:21:15 - [MESSAGE][PASSED] - Object: 'Object Repository/APOLLO- Desktop/Cart flyout/Checkout' is clicked on

2019-07-09 15:21:15 - [TEST_STEP][PASSED] - delay(2): Delayed 2 second(s)

2019-07-09 15:21:17 - [MESSAGE][PASSED] - Delayed 2 second(s)

2019-07-09 15:21:17 - [TEST_STEP][PASSED] - callTestCase(findTestCase("CALL- CUSTOMER INFO PAGE"), [:], STOP_ON_FAILURE): Call Test Case 'Test Cases/CALL- CUSTOMER INFO PAGE' successfully

2019-07-09 15:21:17 - [TEST_CASE][PASSED] - Test Cases/CALL- CUSTOMER INFO PAGE: Test Cases/CALL- CUSTOMER INFO PAGE

2019-07-09 15:21:17 - [TEST_STEP][PASSED] - delay(2): Delayed 2 second(s)

2019-07-09 15:21:19 - [MESSAGE][PASSED] - Delayed 2 second(s)

2019-07-09 15:21:19 - [TEST_STEP][PASSED] - executeJavaScript("var previewBar = document.getElementById("preview-bar-iframe"); previewBar.style.display = "none";", []): Execute JavaScript 'var previewBar = document.getElementById("preview-bar-iframe"); previewBar.style.display = "none";' successfully

2019-07-09 15:21:19 - [MESSAGE][PASSED] - Execute JavaScript 'var previewBar = document.getElementById("preview-bar-iframe"); previewBar.style.display = "none";' successfully

2019-07-09 15:21:19 - [TEST_STEP][PASSED] - setText(findTestObject("APOLLO- Desktop/Customer Information page/Email"), "suman@gmail.com"): Text 'suman@gmail.com' is set on object 'Object Repository/APOLLO- Desktop/Customer Information page/Email'

2019-07-09 15:21:20 - [MESSAGE][PASSED] - Text 'suman@gmail.com' is set on object 'Object Repository/APOLLO- Desktop/Customer Information page/Email'

2019-07-09 15:21:20 - [TEST_STEP][PASSED] - delay(2): Delayed 2 second(s)

2019-07-09 15:21:22 - [MESSAGE][PASSED] - Delayed 2 second(s)

2019-07-09 15:21:22 - [TEST_STEP][PASSED] - setText(findTestObject("APOLLO- Desktop/Customer Information page/First name"), "suman"): Text 'suman' is set on object 'Object Repository/APOLLO- Desktop/Customer Information page/First name'

2019-07-09 15:21:22 - [MESSAGE][PASSED] - Text 'suman' is set on object 'Object Repository/APOLLO- Desktop/Customer Information page/First name'

2019-07-09 15:21:22 - [TEST_STEP][PASSED] - delay(2): Delayed 2 second(s)

2019-07-09 15:21:24 - [MESSAGE][PASSED] - Delayed 2 second(s)

2019-07-09 15:21:24 - [TEST_STEP][PASSED] - setText(findTestObject("APOLLO- Desktop/Customer Information page/Last name"), "kompelly"): Text 'kompelly' is set on object 'Object Repository/APOLLO- Desktop/Customer Information page/Last name'

2019-07-09 15:21:24 - [MESSAGE][PASSED] - Text 'kompelly' is set on object 'Object Repository/APOLLO- Desktop/Customer Information page/Last name'

2019-07-09 15:21:24 - [TEST_STEP][PASSED] - delay(2): Delayed 2 second(s)

2019-07-09 15:21:26 - [MESSAGE][PASSED] - Delayed 2 second(s)

2019-07-09 15:21:26 - [TEST_STEP][PASSED] - setText(findTestObject("APOLLO- Desktop/Customer Information page/Address"), "1435 st alxendre"): Text '1435 st alxendre' is set on object 'Object Repository/APOLLO- Desktop/Customer Information page/Address'

2019-07-09 15:21:26 - [MESSAGE][PASSED] - Text '1435 st alxendre' is set on object 'Object Repository/APOLLO- Desktop/Customer Information page/Address'

2019-07-09 15:21:26 - [TEST_STEP][PASSED] - setText(findTestObject("APOLLO- Desktop/Customer Information page/Apartment"), "220"): Text '220' is set on object 'Object Repository/APOLLO- Desktop/Customer Information page/Apartment'

2019-07-09 15:21:26 - [MESSAGE][PASSED] - Text '220' is set on object 'Object Repository/APOLLO- Desktop/Customer Information page/Apartment'

2019-07-09 15:21:26 - [TEST_STEP][PASSED] - setText(findTestObject("APOLLO- Desktop/Customer Information page/City"), "montreal"): Text 'montreal' is set on object 'Object Repository/APOLLO- Desktop/Customer Information page/City'

2019-07-09 15:21:26 - [MESSAGE][PASSED] - Text 'montreal' is set on object 'Object Repository/APOLLO- Desktop/Customer Information page/City'

2019-07-09 15:21:26 - [TEST_STEP][PASSED] - selectOptionByValue(findTestObject("APOLLO- Desktop/Customer Information page/Country dropdown"), "United States", true): All options with value 'United States' are selected in object 'Object Repository/APOLLO- Desktop/Customer Information page/Country dropdown'  using regular expression

2019-07-09 15:21:30 - [MESSAGE][PASSED] - All options with value 'United States' are selected in object 'Object Repository/APOLLO- Desktop/Customer Information page/Country dropdown'  using regular expression

2019-07-09 15:21:30 - [TEST_STEP][PASSED] - selectOptionByValue(findTestObject("APOLLO- Desktop/Customer Information page/states dropdown"), "NJ", true): All options with value 'NJ' are selected in object 'Object Repository/APOLLO- Desktop/Customer Information page/states dropdown'  using regular expression

2019-07-09 15:21:31 - [MESSAGE][PASSED] - All options with value 'NJ' are selected in object 'Object Repository/APOLLO- Desktop/Customer Information page/states dropdown'  using regular expression

2019-07-09 15:21:31 - [TEST_STEP][PASSED] - setText(findTestObject("APOLLO- Desktop/Customer Information page/ZIP code"), "07057"): Text '07057' is set on object 'Object Repository/APOLLO- Desktop/Customer Information page/ZIP code'

2019-07-09 15:21:31 - [MESSAGE][PASSED] - Text '07057' is set on object 'Object Repository/APOLLO- Desktop/Customer Information page/ZIP code'

2019-07-09 15:21:31 - [MESSAGE][PASSED] - Call Test Case 'Test Cases/CALL- CUSTOMER INFO PAGE' successfully

2019-07-09 15:21:31 - [TEST_STEP][PASSED] - delay(2): Delayed 2 second(s)

2019-07-09 15:21:33 - [MESSAGE][PASSED] - Delayed 2 second(s)

2019-07-09 15:21:33 - [TEST_STEP][NOT_RUN] - executeJavaScript("var previewBar = document.getElementById("preview-bar-iframe"); previewBar.style.display = "none";", []): NOT_RUN: executeJavaScript("var previewBar = document.getElementById("preview-bar-iframe"); previewBar.style.display = "none";", [])

2019-07-09 15:21:33 - [MESSAGE][NOT_RUN] - NOT_RUN: executeJavaScript("var previewBar = document.getElementById("preview-bar-iframe"); previewBar.style.display = "none";", [])

2019-07-09 15:21:33 - [TEST_STEP][PASSED] - click(findTestObject("APOLLO- Desktop/Customer Information page/Continue to shipping")): Object: 'Object Repository/APOLLO- Desktop/Customer Information page/Continue to shipping' is clicked on

2019-07-09 15:21:34 - [MESSAGE][PASSED] - Object: 'Object Repository/APOLLO- Desktop/Customer Information page/Continue to shipping' is clicked on

2019-07-09 15:21:34 - [TEST_STEP][PASSED] - delay(1): Delayed 1 second(s)

2019-07-09 15:21:35 - [MESSAGE][PASSED] - Delayed 1 second(s)

2019-07-09 15:21:35 - [TEST_STEP][PASSED] - click(findTestObject("APOLLO- Desktop/Shipping page/Radio button check")): Object: 'Object Repository/APOLLO- Desktop/Shipping page/Radio button check' is clicked on

2019-07-09 15:21:35 - [MESSAGE][PASSED] - Object: 'Object Repository/APOLLO- Desktop/Shipping page/Radio button check' is clicked on

2019-07-09 15:21:35 - [TEST_STEP][NOT_RUN] - executeJavaScript("var previewBar = document.getElementById("preview-bar-iframe"); previewBar.style.display = "none";", []): NOT_RUN: executeJavaScript("var previewBar = document.getElementById("preview-bar-iframe"); previewBar.style.display = "none";", [])

2019-07-09 15:21:35 - [MESSAGE][NOT_RUN] - NOT_RUN: executeJavaScript("var previewBar = document.getElementById("preview-bar-iframe"); previewBar.style.display = "none";", [])

2019-07-09 15:21:35 - [TEST_STEP][PASSED] - delay(1): Delayed 1 second(s)

2019-07-09 15:21:36 - [MESSAGE][PASSED] - Delayed 1 second(s)

2019-07-09 15:21:36 - [TEST_STEP][PASSED] - click(findTestObject("APOLLO- Desktop/Shipping page/Continue to payment")): Object: 'Object Repository/APOLLO- Desktop/Shipping page/Continue to payment' is clicked on

2019-07-09 15:21:38 - [MESSAGE][PASSED] - Object: 'Object Repository/APOLLO- Desktop/Shipping page/Continue to payment' is clicked on

2019-07-09 15:21:38 - [TEST_STEP][PASSED] - delay(1): Delayed 1 second(s)

2019-07-09 15:21:39 - [MESSAGE][PASSED] - Delayed 1 second(s)

2019-07-09 15:21:39 - [TEST_STEP][FAILED] - click(findTestObject("APOLLO- Desktop/payment page/Payment section")): click(findTestObject("APOLLO- Desktop/payment page/Payment section")) FAILED.
Reason:
com.kms.katalon.core.exception.StepFailedException: Unable to click on object 'Object Repository/APOLLO- Desktop/payment page/Payment section' (Root cause: com.kms.katalon.core.webui.exception.WebElementNotFoundException: Web element with id: 'Object Repository/APOLLO- Desktop/payment page/Payment section' located by 'By.xpath: (.//*[normalize-space(text()) and normalize-space(.)='Apply Discount Code'])[1]/following::div[1]' not found)
	at com.kms.katalon.core.keyword.internal.KeywordMain.stepFailed(KeywordMain.groovy:36)
	at com.kms.katalon.core.webui.keyword.internal.WebUIKeywordMain.stepFailed(WebUIKeywordMain.groovy:65)
	at com.kms.katalon.core.webui.keyword.internal.WebUIKeywordMain.runKeyword(WebUIKeywordMain.groovy:27)
	at com.kms.katalon.core.webui.keyword.builtin.ClickKeyword.click(ClickKeyword.groovy:86)
	at com.kms.katalon.core.webui.keyword.builtin.ClickKeyword.execute(ClickKeyword.groovy:67)
	at com.kms.katalon.core.keyword.internal.KeywordExecutor.executeKeywordForPlatform(KeywordExecutor.groovy:53)
	at com.kms.katalon.core.webui.keyword.WebUiBuiltInKeywords.click(WebUiBuiltInKeywords.groovy:616)
	at com.kms.katalon.core.webui.keyword.WebUiBuiltInKeywords$click$3.call(Unknown Source)
	at Increase quantity - cart page.run(Increase quantity - cart page:152)
	at com.kms.katalon.core.main.ScriptEngine.run(ScriptEngine.java:194)
	at com.kms.katalon.core.main.ScriptEngine.runScriptAsRawText(ScriptEngine.java:119)
	at com.kms.katalon.core.main.TestCaseExecutor.runScript(TestCaseExecutor.java:328)
	at com.kms.katalon.core.main.TestCaseExecutor.doExecute(TestCaseExecutor.java:319)
	at com.kms.katalon.core.main.TestCaseExecutor.processExecutionPhase(TestCaseExecutor.java:298)
	at com.kms.katalon.core.main.TestCaseExecutor.accessMainPhase(TestCaseExecutor.java:290)
	at com.kms.katalon.core.main.TestCaseExecutor.execute(TestCaseExecutor.java:224)
	at com.kms.katalon.core.main.TestSuiteExecutor.accessTestCaseMainPhase(TestSuiteExecutor.java:129)
	at com.kms.katalon.core.main.TestSuiteExecutor.accessTestSuiteMainPhase(TestSuiteExecutor.java:112)
	at com.kms.katalon.core.main.TestSuiteExecutor.execute(TestSuiteExecutor.java:81)
	at com.kms.katalon.core.main.TestCaseMain.startTestSuite(TestCaseMain.java:149)
	at com.kms.katalon.core.main.TestCaseMain$startTestSuite$0.call(Unknown Source)
	at TempTestSuite1562698926915.run(TempTestSuite1562698926915.groovy:36)


2019-07-09 15:22:10 - [MESSAGE][INFO] - Unable to find the element located by 'By.xpath: (.//*[normalize-space(text()) and normalize-space(.)='Apply Discount Code'])[1]/following::div[1]'. Please recheck the objects properties to make sure the desired element is located. 

2019-07-09 15:22:10 - [MESSAGE][FAILED] - Unable to click on object 'Object Repository/APOLLO- Desktop/payment page/Payment section' (Root cause: com.kms.katalon.core.webui.exception.WebElementNotFoundException: Web element with id: 'Object Repository/APOLLO- Desktop/payment page/Payment section' located by 'By.xpath: (.//*[normalize-space(text()) and normalize-space(.)='Apply Discount Code'])[1]/following::div[1]' not found)
[[ATTACHMENT|/Users/sumankompelly/Katalon Studio/APOLLO - FIRE/APOLLO - FIRE- DESKTOP/Reports/0.5.5/20190709_150206/1562700130396.png]]

2019-07-09 15:22:10 - [MESSAGE][FAILED] - click(findTestObject("APOLLO- Desktop/payment page/Payment section")) FAILED.
Reason:
com.kms.katalon.core.exception.StepFailedException: Unable to click on object 'Object Repository/APOLLO- Desktop/payment page/Payment section' (Root cause: com.kms.katalon.core.webui.exception.WebElementNotFoundException: Web element with id: 'Object Repository/APOLLO- Desktop/payment page/Payment section' located by 'By.xpath: (.//*[normalize-space(text()) and normalize-space(.)='Apply Discount Code'])[1]/following::div[1]' not found)
	at com.kms.katalon.core.keyword.internal.KeywordMain.stepFailed(KeywordMain.groovy:36)
	at com.kms.katalon.core.webui.keyword.internal.WebUIKeywordMain.stepFailed(WebUIKeywordMain.groovy:65)
	at com.kms.katalon.core.webui.keyword.internal.WebUIKeywordMain.runKeyword(WebUIKeywordMain.groovy:27)
	at com.kms.katalon.core.webui.keyword.builtin.ClickKeyword.click(ClickKeyword.groovy:86)
	at com.kms.katalon.core.webui.keyword.builtin.ClickKeyword.execute(ClickKeyword.groovy:67)
	at com.kms.katalon.core.keyword.internal.KeywordExecutor.executeKeywordForPlatform(KeywordExecutor.groovy:53)
	at com.kms.katalon.core.webui.keyword.WebUiBuiltInKeywords.click(WebUiBuiltInKeywords.groovy:616)
	at com.kms.katalon.core.webui.keyword.WebUiBuiltInKeywords$click$3.call(Unknown Source)
	at Increase quantity - cart page.run(Increase quantity - cart page:152)
	at com.kms.katalon.core.main.ScriptEngine.run(ScriptEngine.java:194)
	at com.kms.katalon.core.main.ScriptEngine.runScriptAsRawText(ScriptEngine.java:119)
	at com.kms.katalon.core.main.TestCaseExecutor.runScript(TestCaseExecutor.java:328)
	at com.kms.katalon.core.main.TestCaseExecutor.doExecute(TestCaseExecutor.java:319)
	at com.kms.katalon.core.main.TestCaseExecutor.processExecutionPhase(TestCaseExecutor.java:298)
	at com.kms.katalon.core.main.TestCaseExecutor.accessMainPhase(TestCaseExecutor.java:290)
	at com.kms.katalon.core.main.TestCaseExecutor.execute(TestCaseExecutor.java:224)
	at com.kms.katalon.core.main.TestSuiteExecutor.accessTestCaseMainPhase(TestSuiteExecutor.java:129)
	at com.kms.katalon.core.main.TestSuiteExecutor.accessTestSuiteMainPhase(TestSuiteExecutor.java:112)
	at com.kms.katalon.core.main.TestSuiteExecutor.execute(TestSuiteExecutor.java:81)
	at com.kms.katalon.core.main.TestCaseMain.startTestSuite(TestCaseMain.java:149)
	at com.kms.katalon.core.main.TestCaseMain$startTestSuite$0.call(Unknown Source)
	at TempTestSuite1562698926915.run(TempTestSuite1562698926915.groovy:36)]]></system-out>
         <system-err><![CDATA[2019-07-09 15:20:19 - [TEST_CASE][FAILED] - Test Cases/CRITICAL PATH/Increase quantity - cart page: Test Cases/CRITICAL PATH/Increase quantity - cart page FAILED.
Reason:
com.kms.katalon.core.exception.StepFailedException: Unable to click on object 'Object Repository/APOLLO- Desktop/payment page/Payment section' (Root cause: com.kms.katalon.core.webui.exception.WebElementNotFoundException: Web element with id: 'Object Repository/APOLLO- Desktop/payment page/Payment section' located by 'By.xpath: (.//*[normalize-space(text()) and normalize-space(.)='Apply Discount Code'])[1]/following::div[1]' not found)
	at com.kms.katalon.core.keyword.internal.KeywordMain.stepFailed(KeywordMain.groovy:36)
	at com.kms.katalon.core.webui.keyword.internal.WebUIKeywordMain.stepFailed(WebUIKeywordMain.groovy:65)
	at com.kms.katalon.core.webui.keyword.internal.WebUIKeywordMain.runKeyword(WebUIKeywordMain.groovy:27)
	at com.kms.katalon.core.webui.keyword.builtin.ClickKeyword.click(ClickKeyword.groovy:86)
	at com.kms.katalon.core.webui.keyword.builtin.ClickKeyword.execute(ClickKeyword.groovy:67)
	at com.kms.katalon.core.keyword.internal.KeywordExecutor.executeKeywordForPlatform(KeywordExecutor.groovy:53)
	at com.kms.katalon.core.webui.keyword.WebUiBuiltInKeywords.click(WebUiBuiltInKeywords.groovy:616)
	at com.kms.katalon.core.webui.keyword.WebUiBuiltInKeywords$click$3.call(Unknown Source)
	at Increase quantity - cart page.run(Increase quantity - cart page:152)
	at com.kms.katalon.core.main.ScriptEngine.run(ScriptEngine.java:194)
	at com.kms.katalon.core.main.ScriptEngine.runScriptAsRawText(ScriptEngine.java:119)
	at com.kms.katalon.core.main.TestCaseExecutor.runScript(TestCaseExecutor.java:328)
	at com.kms.katalon.core.main.TestCaseExecutor.doExecute(TestCaseExecutor.java:319)
	at com.kms.katalon.core.main.TestCaseExecutor.processExecutionPhase(TestCaseExecutor.java:298)
	at com.kms.katalon.core.main.TestCaseExecutor.accessMainPhase(TestCaseExecutor.java:290)
	at com.kms.katalon.core.main.TestCaseExecutor.execute(TestCaseExecutor.java:224)
	at com.kms.katalon.core.main.TestSuiteExecutor.accessTestCaseMainPhase(TestSuiteExecutor.java:129)
	at com.kms.katalon.core.main.TestSuiteExecutor.accessTestSuiteMainPhase(TestSuiteExecutor.java:112)
	at com.kms.katalon.core.main.TestSuiteExecutor.execute(TestSuiteExecutor.java:81)
	at com.kms.katalon.core.main.TestCaseMain.startTestSuite(TestCaseMain.java:149)
	at com.kms.katalon.core.main.TestCaseMain$startTestSuite$0.call(Unknown Source)
	at TempTestSuite1562698926915.run(TempTestSuite1562698926915.groovy:36)]]></system-err>
      </testcase>
      <testcase name="Test Cases/CRITICAL PATH/Increase quantity - Cart flyout" classname="Test Cases/CRITICAL PATH/Increase quantity - Cart flyout" status="PASSED">
         <system-out><![CDATA[2019-07-09 15:22:10 - [TEST_CASE][PASSED] - Test Cases/CRITICAL PATH/Increase quantity - Cart flyout: Test Cases/CRITICAL PATH/Increase quantity - Cart flyout

2019-07-09 15:22:10 - [TEST_STEP][PASSED] - callTestCase(findTestCase("CALL - URL"), [:], STOP_ON_FAILURE): Call Test Case 'Test Cases/CALL - URL' successfully

2019-07-09 15:22:11 - [TEST_CASE][PASSED] - Test Cases/CALL - URL: Test Cases/CALL - URL

2019-07-09 15:22:11 - [TEST_STEP][PASSED] - openBrowser(""): Browser is opened with url: ''

2019-07-09 15:22:11 - [MESSAGE][WARNING] - A browser is already opened. Closing browser and opening a new one

2019-07-09 15:22:11 - [MESSAGE][INFO] - Starting 'Chrome' driver

2019-07-09 15:22:12 - [MESSAGE][PASSED] - Browser is opened with url: ''

2019-07-09 15:22:12 - [TEST_STEP][PASSED] - navigateToUrl("https://apollo-fireball.myshopify.com/?_ab=0&_fd=0&_sc=1&key=96c2edace7b9967f3a77c2e2b131937136039831e9ec35f31598610005fa8795&preview_theme_id=46803124304"): Navigate to 'https://apollo-fireball.myshopify.com/?_ab=0&_fd=0&_sc=1&key=96c2edace7b9967f3a77c2e2b131937136039831e9ec35f31598610005fa8795&preview_theme_id=46803124304' successfully

2019-07-09 15:22:16 - [MESSAGE][PASSED] - Navigate to 'https://apollo-fireball.myshopify.com/?_ab=0&_fd=0&_sc=1&key=96c2edace7b9967f3a77c2e2b131937136039831e9ec35f31598610005fa8795&preview_theme_id=46803124304' successfully

2019-07-09 15:22:16 - [TEST_STEP][PASSED] - executeJavaScript("var previewBar = document.getElementById("preview-bar-iframe"); previewBar.style.display = "none";", []): Execute JavaScript 'var previewBar = document.getElementById("preview-bar-iframe"); previewBar.style.display = "none";' successfully

2019-07-09 15:22:16 - [MESSAGE][PASSED] - Execute JavaScript 'var previewBar = document.getElementById("preview-bar-iframe"); previewBar.style.display = "none";' successfully

2019-07-09 15:22:16 - [TEST_STEP][PASSED] - maximizeWindow(): Current window maximized

2019-07-09 15:22:16 - [MESSAGE][PASSED] - Current window maximized

2019-07-09 15:22:16 - [MESSAGE][PASSED] - Call Test Case 'Test Cases/CALL - URL' successfully

2019-07-09 15:22:16 - [TEST_STEP][PASSED] - delay(1): Delayed 1 second(s)

2019-07-09 15:22:17 - [MESSAGE][PASSED] - Delayed 1 second(s)

2019-07-09 15:22:17 - [TEST_STEP][PASSED] - click(findTestObject("APOLLO- Desktop/Burger Menu/Burgermenu")): Object: 'Object Repository/APOLLO- Desktop/Burger Menu/Burgermenu' is clicked on

2019-07-09 15:22:17 - [MESSAGE][PASSED] - Object: 'Object Repository/APOLLO- Desktop/Burger Menu/Burgermenu' is clicked on

2019-07-09 15:22:17 - [TEST_STEP][PASSED] - delay(2): Delayed 2 second(s)

2019-07-09 15:22:19 - [MESSAGE][PASSED] - Delayed 2 second(s)

2019-07-09 15:22:19 - [TEST_STEP][PASSED] - click(findTestObject("APOLLO- Desktop/Burger Menu/Shop food")): Object: 'Object Repository/APOLLO- Desktop/Burger Menu/Shop food' is clicked on

2019-07-09 15:22:19 - [MESSAGE][PASSED] - Object: 'Object Repository/APOLLO- Desktop/Burger Menu/Shop food' is clicked on

2019-07-09 15:22:19 - [TEST_STEP][PASSED] - delay(2): Delayed 2 second(s)

2019-07-09 15:22:21 - [MESSAGE][PASSED] - Delayed 2 second(s)

2019-07-09 15:22:21 - [TEST_STEP][PASSED] - click(findTestObject("APOLLO- Desktop/Burger Menu/Beef")): Object: 'Object Repository/APOLLO- Desktop/Burger Menu/Beef' is clicked on

2019-07-09 15:22:26 - [MESSAGE][PASSED] - Object: 'Object Repository/APOLLO- Desktop/Burger Menu/Beef' is clicked on

2019-07-09 15:22:26 - [TEST_STEP][PASSED] - delay(2): Delayed 2 second(s)

2019-07-09 15:22:28 - [MESSAGE][PASSED] - Delayed 2 second(s)

2019-07-09 15:22:28 - [TEST_STEP][PASSED] - executeJavaScript("var previewBar = document.getElementById("preview-bar-iframe"); previewBar.style.display = "none";", []): Execute JavaScript 'var previewBar = document.getElementById("preview-bar-iframe"); previewBar.style.display = "none";' successfully

2019-07-09 15:22:28 - [MESSAGE][PASSED] - Execute JavaScript 'var previewBar = document.getElementById("preview-bar-iframe"); previewBar.style.display = "none";' successfully

2019-07-09 15:22:28 - [TEST_STEP][PASSED] - delay(2): Delayed 2 second(s)

2019-07-09 15:22:30 - [MESSAGE][PASSED] - Delayed 2 second(s)

2019-07-09 15:22:30 - [TEST_STEP][PASSED] - click(findTestObject("APOLLO- Desktop/Collection page/Beef skewers")): Object: 'Object Repository/APOLLO- Desktop/Collection page/Beef skewers' is clicked on

2019-07-09 15:22:34 - [MESSAGE][PASSED] - Object: 'Object Repository/APOLLO- Desktop/Collection page/Beef skewers' is clicked on

2019-07-09 15:22:34 - [TEST_STEP][PASSED] - executeJavaScript("var previewBar = document.getElementById("preview-bar-iframe"); previewBar.style.display = "none";", []): Execute JavaScript 'var previewBar = document.getElementById("preview-bar-iframe"); previewBar.style.display = "none";' successfully

2019-07-09 15:22:34 - [MESSAGE][PASSED] - Execute JavaScript 'var previewBar = document.getElementById("preview-bar-iframe"); previewBar.style.display = "none";' successfully

2019-07-09 15:22:34 - [TEST_STEP][PASSED] - delay(2): Delayed 2 second(s)

2019-07-09 15:22:36 - [MESSAGE][PASSED] - Delayed 2 second(s)

2019-07-09 15:22:36 - [TEST_STEP][PASSED] - click(findTestObject("APOLLO- Desktop/Product page/1 piece")): Object: 'Object Repository/APOLLO- Desktop/Product page/1 piece' is clicked on

2019-07-09 15:22:36 - [MESSAGE][PASSED] - Object: 'Object Repository/APOLLO- Desktop/Product page/1 piece' is clicked on

2019-07-09 15:22:36 - [TEST_STEP][PASSED] - delay(2): Delayed 2 second(s)

2019-07-09 15:22:38 - [MESSAGE][PASSED] - Delayed 2 second(s)

2019-07-09 15:22:38 - [TEST_STEP][PASSED] - click(findTestObject("APOLLO- Desktop/Product page/Add to bag")): Object: 'Object Repository/APOLLO- Desktop/Product page/Add to bag' is clicked on

2019-07-09 15:22:38 - [MESSAGE][PASSED] - Object: 'Object Repository/APOLLO- Desktop/Product page/Add to bag' is clicked on

2019-07-09 15:22:38 - [TEST_STEP][PASSED] - delay(2): Delayed 2 second(s)

2019-07-09 15:22:40 - [MESSAGE][PASSED] - Delayed 2 second(s)

2019-07-09 15:22:40 - [TEST_STEP][PASSED] - a = getText(findTestObject("APOLLO- Desktop/Cart flyout/Subtotal in cart flyout")): Text of object 'Object Repository/APOLLO- Desktop/Cart flyout/Subtotal in cart flyout' is: '$8.50'

2019-07-09 15:22:40 - [MESSAGE][PASSED] - Text of object 'Object Repository/APOLLO- Desktop/Cart flyout/Subtotal in cart flyout' is: '$8.50'

2019-07-09 15:22:40 - [TEST_STEP][PASSED] - comment("a=" + a): a=$8.50

2019-07-09 15:22:40 - [MESSAGE][INFO] - a=$8.50

2019-07-09 15:22:40 - [TEST_STEP][PASSED] - delay(2): Delayed 2 second(s)

2019-07-09 15:22:42 - [MESSAGE][PASSED] - Delayed 2 second(s)

2019-07-09 15:22:42 - [TEST_STEP][PASSED] - click(findTestObject("APOLLO- Desktop/Cart flyout/Increase quantity - cart flyout")): Object: 'Object Repository/APOLLO- Desktop/Cart flyout/Increase quantity - cart flyout' is clicked on

2019-07-09 15:22:42 - [MESSAGE][PASSED] - Object: 'Object Repository/APOLLO- Desktop/Cart flyout/Increase quantity - cart flyout' is clicked on

2019-07-09 15:22:42 - [TEST_STEP][PASSED] - delay(2): Delayed 2 second(s)

2019-07-09 15:22:44 - [MESSAGE][PASSED] - Delayed 2 second(s)

2019-07-09 15:22:44 - [TEST_STEP][PASSED] - click(findTestObject("APOLLO- Desktop/Cart flyout/Increase quantity - cart flyout")): Object: 'Object Repository/APOLLO- Desktop/Cart flyout/Increase quantity - cart flyout' is clicked on

2019-07-09 15:22:44 - [MESSAGE][PASSED] - Object: 'Object Repository/APOLLO- Desktop/Cart flyout/Increase quantity - cart flyout' is clicked on

2019-07-09 15:22:44 - [TEST_STEP][PASSED] - delay(2): Delayed 2 second(s)

2019-07-09 15:22:46 - [MESSAGE][PASSED] - Delayed 2 second(s)

2019-07-09 15:22:46 - [TEST_STEP][PASSED] - click(findTestObject("APOLLO- Desktop/random/Page_Apollo - Dark  Diff Apollo/CArt quanty update")): Object: 'Object Repository/APOLLO- Desktop/random/Page_Apollo - Dark  Diff Apollo/CArt quanty update' is clicked on

2019-07-09 15:22:46 - [MESSAGE][PASSED] - Object: 'Object Repository/APOLLO- Desktop/random/Page_Apollo - Dark  Diff Apollo/CArt quanty update' is clicked on

2019-07-09 15:22:46 - [TEST_STEP][PASSED] - delay(2): Delayed 2 second(s)

2019-07-09 15:22:48 - [MESSAGE][PASSED] - Delayed 2 second(s)

2019-07-09 15:22:48 - [TEST_STEP][PASSED] - click(findTestObject("APOLLO- Desktop/random/Page_Apollo - Dark  Diff Apollo/td_Wool Sweater")): Object: 'Object Repository/APOLLO- Desktop/random/Page_Apollo - Dark  Diff Apollo/td_Wool Sweater' is clicked on

2019-07-09 15:22:48 - [MESSAGE][PASSED] - Object: 'Object Repository/APOLLO- Desktop/random/Page_Apollo - Dark  Diff Apollo/td_Wool Sweater' is clicked on

2019-07-09 15:22:48 - [TEST_STEP][PASSED] - delay(2): Delayed 2 second(s)

2019-07-09 15:22:50 - [MESSAGE][PASSED] - Delayed 2 second(s)

2019-07-09 15:22:50 - [TEST_STEP][PASSED] - b = getText(findTestObject("APOLLO- Desktop/Cart flyout/Subtotal in cart flyout")): Text of object 'Object Repository/APOLLO- Desktop/Cart flyout/Subtotal in cart flyout' is: '$34.00'

2019-07-09 15:22:50 - [MESSAGE][PASSED] - Text of object 'Object Repository/APOLLO- Desktop/Cart flyout/Subtotal in cart flyout' is: '$34.00'

2019-07-09 15:22:50 - [TEST_STEP][PASSED] - comment("b=" + b): b=$34.00

2019-07-09 15:22:50 - [MESSAGE][INFO] - b=$34.00

2019-07-09 15:22:50 - [TEST_STEP][PASSED] - flag = verifyNotEqual("a", "b"): Actual object 'a' and expected object 'b' are not equal

2019-07-09 15:22:50 - [MESSAGE][PASSED] - Actual object 'a' and expected object 'b' are not equal

2019-07-09 15:22:50 - [TEST_STEP][PASSED] - if (flag == true): Quantity selector working

2019-07-09 15:22:50 - [TEST_STEP][PASSED] - comment("Quantity selector working"): Quantity selector working

2019-07-09 15:22:50 - [MESSAGE][INFO] - Quantity selector working

2019-07-09 15:22:50 - [TEST_STEP][PASSED] - delay(2): Delayed 2 second(s)

2019-07-09 15:22:52 - [MESSAGE][PASSED] - Delayed 2 second(s)

2019-07-09 15:22:52 - [TEST_STEP][PASSED] - click(findTestObject("APOLLO- Desktop/Cart flyout/Checkout")): Object: 'Object Repository/APOLLO- Desktop/Cart flyout/Checkout' is clicked on

2019-07-09 15:22:54 - [MESSAGE][PASSED] - Object: 'Object Repository/APOLLO- Desktop/Cart flyout/Checkout' is clicked on

2019-07-09 15:22:54 - [TEST_STEP][PASSED] - delay(2): Delayed 2 second(s)

2019-07-09 15:22:56 - [MESSAGE][PASSED] - Delayed 2 second(s)

2019-07-09 15:22:56 - [TEST_STEP][PASSED] - callTestCase(findTestCase("CALL- CUSTOMER INFO PAGE"), [:], STOP_ON_FAILURE): Call Test Case 'Test Cases/CALL- CUSTOMER INFO PAGE' successfully

2019-07-09 15:22:56 - [TEST_CASE][PASSED] - Test Cases/CALL- CUSTOMER INFO PAGE: Test Cases/CALL- CUSTOMER INFO PAGE

2019-07-09 15:22:56 - [TEST_STEP][PASSED] - delay(2): Delayed 2 second(s)

2019-07-09 15:22:58 - [MESSAGE][PASSED] - Delayed 2 second(s)

2019-07-09 15:22:58 - [TEST_STEP][PASSED] - executeJavaScript("var previewBar = document.getElementById("preview-bar-iframe"); previewBar.style.display = "none";", []): Execute JavaScript 'var previewBar = document.getElementById("preview-bar-iframe"); previewBar.style.display = "none";' successfully

2019-07-09 15:22:58 - [MESSAGE][PASSED] - Execute JavaScript 'var previewBar = document.getElementById("preview-bar-iframe"); previewBar.style.display = "none";' successfully

2019-07-09 15:22:58 - [TEST_STEP][PASSED] - setText(findTestObject("APOLLO- Desktop/Customer Information page/Email"), "suman@gmail.com"): Text 'suman@gmail.com' is set on object 'Object Repository/APOLLO- Desktop/Customer Information page/Email'

2019-07-09 15:22:58 - [MESSAGE][PASSED] - Text 'suman@gmail.com' is set on object 'Object Repository/APOLLO- Desktop/Customer Information page/Email'

2019-07-09 15:22:58 - [TEST_STEP][PASSED] - delay(2): Delayed 2 second(s)

2019-07-09 15:23:00 - [MESSAGE][PASSED] - Delayed 2 second(s)

2019-07-09 15:23:00 - [TEST_STEP][PASSED] - setText(findTestObject("APOLLO- Desktop/Customer Information page/First name"), "suman"): Text 'suman' is set on object 'Object Repository/APOLLO- Desktop/Customer Information page/First name'

2019-07-09 15:23:00 - [MESSAGE][PASSED] - Text 'suman' is set on object 'Object Repository/APOLLO- Desktop/Customer Information page/First name'

2019-07-09 15:23:00 - [TEST_STEP][PASSED] - delay(2): Delayed 2 second(s)

2019-07-09 15:23:02 - [MESSAGE][PASSED] - Delayed 2 second(s)

2019-07-09 15:23:02 - [TEST_STEP][PASSED] - setText(findTestObject("APOLLO- Desktop/Customer Information page/Last name"), "kompelly"): Text 'kompelly' is set on object 'Object Repository/APOLLO- Desktop/Customer Information page/Last name'

2019-07-09 15:23:03 - [MESSAGE][PASSED] - Text 'kompelly' is set on object 'Object Repository/APOLLO- Desktop/Customer Information page/Last name'

2019-07-09 15:23:03 - [TEST_STEP][PASSED] - delay(2): Delayed 2 second(s)

2019-07-09 15:23:05 - [MESSAGE][PASSED] - Delayed 2 second(s)

2019-07-09 15:23:05 - [TEST_STEP][PASSED] - setText(findTestObject("APOLLO- Desktop/Customer Information page/Address"), "1435 st alxendre"): Text '1435 st alxendre' is set on object 'Object Repository/APOLLO- Desktop/Customer Information page/Address'

2019-07-09 15:23:05 - [MESSAGE][PASSED] - Text '1435 st alxendre' is set on object 'Object Repository/APOLLO- Desktop/Customer Information page/Address'

2019-07-09 15:23:05 - [TEST_STEP][PASSED] - setText(findTestObject("APOLLO- Desktop/Customer Information page/Apartment"), "220"): Text '220' is set on object 'Object Repository/APOLLO- Desktop/Customer Information page/Apartment'

2019-07-09 15:23:05 - [MESSAGE][PASSED] - Text '220' is set on object 'Object Repository/APOLLO- Desktop/Customer Information page/Apartment'

2019-07-09 15:23:05 - [TEST_STEP][PASSED] - setText(findTestObject("APOLLO- Desktop/Customer Information page/City"), "montreal"): Text 'montreal' is set on object 'Object Repository/APOLLO- Desktop/Customer Information page/City'

2019-07-09 15:23:05 - [MESSAGE][PASSED] - Text 'montreal' is set on object 'Object Repository/APOLLO- Desktop/Customer Information page/City'

2019-07-09 15:23:05 - [TEST_STEP][PASSED] - selectOptionByValue(findTestObject("APOLLO- Desktop/Customer Information page/Country dropdown"), "United States", true): All options with value 'United States' are selected in object 'Object Repository/APOLLO- Desktop/Customer Information page/Country dropdown'  using regular expression

2019-07-09 15:23:08 - [MESSAGE][PASSED] - All options with value 'United States' are selected in object 'Object Repository/APOLLO- Desktop/Customer Information page/Country dropdown'  using regular expression

2019-07-09 15:23:08 - [TEST_STEP][PASSED] - selectOptionByValue(findTestObject("APOLLO- Desktop/Customer Information page/states dropdown"), "NJ", true): All options with value 'NJ' are selected in object 'Object Repository/APOLLO- Desktop/Customer Information page/states dropdown'  using regular expression

2019-07-09 15:23:09 - [MESSAGE][PASSED] - All options with value 'NJ' are selected in object 'Object Repository/APOLLO- Desktop/Customer Information page/states dropdown'  using regular expression

2019-07-09 15:23:09 - [TEST_STEP][PASSED] - setText(findTestObject("APOLLO- Desktop/Customer Information page/ZIP code"), "07057"): Text '07057' is set on object 'Object Repository/APOLLO- Desktop/Customer Information page/ZIP code'

2019-07-09 15:23:09 - [MESSAGE][PASSED] - Text '07057' is set on object 'Object Repository/APOLLO- Desktop/Customer Information page/ZIP code'

2019-07-09 15:23:09 - [MESSAGE][PASSED] - Call Test Case 'Test Cases/CALL- CUSTOMER INFO PAGE' successfully

2019-07-09 15:23:09 - [TEST_STEP][PASSED] - delay(2): Delayed 2 second(s)

2019-07-09 15:23:11 - [MESSAGE][PASSED] - Delayed 2 second(s)

2019-07-09 15:23:11 - [TEST_STEP][PASSED] - callTestCase(findTestCase("CALL - SHIPPING TO PAYMENT"), [:], STOP_ON_FAILURE): Call Test Case 'Test Cases/CALL - SHIPPING TO PAYMENT' successfully

2019-07-09 15:23:11 - [TEST_CASE][PASSED] - Test Cases/CALL - SHIPPING TO PAYMENT: Test Cases/CALL - SHIPPING TO PAYMENT

2019-07-09 15:23:11 - [TEST_STEP][PASSED] - click(findTestObject("APOLLO- Desktop/Customer Information page/Continue to shipping")): Object: 'Object Repository/APOLLO- Desktop/Customer Information page/Continue to shipping' is clicked on

2019-07-09 15:23:13 - [MESSAGE][PASSED] - Object: 'Object Repository/APOLLO- Desktop/Customer Information page/Continue to shipping' is clicked on

2019-07-09 15:23:13 - [TEST_STEP][PASSED] - executeJavaScript("var previewBar = document.getElementById("preview-bar-iframe"); previewBar.style.display = "none";", []): Execute JavaScript 'var previewBar = document.getElementById("preview-bar-iframe"); previewBar.style.display = "none";' successfully

2019-07-09 15:23:13 - [MESSAGE][PASSED] - Execute JavaScript 'var previewBar = document.getElementById("preview-bar-iframe"); previewBar.style.display = "none";' successfully

2019-07-09 15:23:13 - [TEST_STEP][PASSED] - click(findTestObject("APOLLO- Desktop/Shipping page/Radio button check")): Object: 'Object Repository/APOLLO- Desktop/Shipping page/Radio button check' is clicked on

2019-07-09 15:23:14 - [MESSAGE][PASSED] - Object: 'Object Repository/APOLLO- Desktop/Shipping page/Radio button check' is clicked on

2019-07-09 15:23:14 - [TEST_STEP][PASSED] - executeJavaScript("var previewBar = document.getElementById("preview-bar-iframe"); previewBar.style.display = "none";", []): Execute JavaScript 'var previewBar = document.getElementById("preview-bar-iframe"); previewBar.style.display = "none";' successfully

2019-07-09 15:23:14 - [MESSAGE][PASSED] - Execute JavaScript 'var previewBar = document.getElementById("preview-bar-iframe"); previewBar.style.display = "none";' successfully

2019-07-09 15:23:14 - [TEST_STEP][PASSED] - click(findTestObject("APOLLO- Desktop/Shipping page/Continue to payment")): Object: 'Object Repository/APOLLO- Desktop/Shipping page/Continue to payment' is clicked on

2019-07-09 15:23:18 - [MESSAGE][PASSED] - Object: 'Object Repository/APOLLO- Desktop/Shipping page/Continue to payment' is clicked on

2019-07-09 15:23:18 - [TEST_STEP][PASSED] - executeJavaScript("var previewBar = document.getElementById("preview-bar-iframe"); previewBar.style.display = "none";", []): Execute JavaScript 'var previewBar = document.getElementById("preview-bar-iframe"); previewBar.style.display = "none";' successfully

2019-07-09 15:23:18 - [MESSAGE][PASSED] - Execute JavaScript 'var previewBar = document.getElementById("preview-bar-iframe"); previewBar.style.display = "none";' successfully

2019-07-09 15:23:18 - [TEST_STEP][PASSED] - verifyTextPresent("Payment", false): Text 'Payment' is present on page 

2019-07-09 15:23:18 - [MESSAGE][PASSED] - Text 'Payment' is present on page 

2019-07-09 15:23:18 - [MESSAGE][PASSED] - Call Test Case 'Test Cases/CALL - SHIPPING TO PAYMENT' successfully]]></system-out>
         <system-err><![CDATA[]]></system-err>
      </testcase>
      <testcase name="Test Cases/CRITICAL PATH/Adding diff prods to cart" classname="Test Cases/CRITICAL PATH/Adding diff prods to cart" status="FAILED">
         <failure type="FAILED" message="Test Cases/CRITICAL PATH/Adding diff prods to cart FAILED.
Reason:
com.kms.katalon.core.exception.StepFailedException: Unable to click on object 'Object Repository/APOLLO- Desktop/Cart flyout/Cart collapse' (Root cause: org.openqa.selenium.ElementNotVisibleException: element not interactable
  (Session info: chrome=75.0.3770.100)
  (Driver info: chromedriver=2.43.600229 (3fae4d0cda5334b4f533bede5a4787f7b832d052),platform=Mac OS X 10.13.6 x86_64) (WARNING: The server did not provide any stacktrace information)
Command duration or timeout: 0 milliseconds
Build info: version: '3.7.1', revision: '8a0099a', time: '2017-11-06T21:07:36.161Z'
System info: host: 'sumans-MacBook-Pro.local', ip: 'fe80:0:0:0:47c:ca88:4245:b7a7%en0', os.name: 'Mac OS X', os.arch: 'x86_64', os.version: '10.13.6', java.version: '1.8.0_181'
Driver info: com.kms.katalon.selenium.driver.CChromeDriver
Capabilities {acceptInsecureCerts: false, acceptSslCerts: false, applicationCacheEnabled: false, browserConnectionEnabled: false, browserName: chrome, chrome: {chromedriverVersion: 2.43.600229 (3fae4d0cda5334..., userDataDir: /var/folders/1t/c55l8xzs6gq...}, cssSelectorsEnabled: true, databaseEnabled: false, goog:chromeOptions: {debuggerAddress: localhost:65074}, handlesAlerts: true, hasTouchScreen: false, javascriptEnabled: true, locationContextEnabled: true, mobileEmulationEnabled: false, nativeEvents: true, networkConnectionEnabled: false, pageLoadStrategy: normal, platform: MAC, platformName: MAC, rotatable: false, setWindowRect: true, takesHeapSnapshot: true, takesScreenshot: true, unexpectedAlertBehaviour: , unhandledPromptBehavior: , version: 75.0.3770.100, webStorageEnabled: true}
Session ID: cff4b741cdb8cfc15bc327aa9260b7cd)
	at com.kms.katalon.core.keyword.internal.KeywordMain.stepFailed(KeywordMain.groovy:36)
	at com.kms.katalon.core.webui.keyword.internal.WebUIKeywordMain.stepFailed(WebUIKeywordMain.groovy:65)
	at com.kms.katalon.core.webui.keyword.internal.WebUIKeywordMain.runKeyword(WebUIKeywordMain.groovy:27)
	at com.kms.katalon.core.webui.keyword.builtin.ClickKeyword.click(ClickKeyword.groovy:86)
	at com.kms.katalon.core.webui.keyword.builtin.ClickKeyword.execute(ClickKeyword.groovy:67)
	at com.kms.katalon.core.keyword.internal.KeywordExecutor.executeKeywordForPlatform(KeywordExecutor.groovy:53)
	at com.kms.katalon.core.webui.keyword.WebUiBuiltInKeywords.click(WebUiBuiltInKeywords.groovy:616)
	at com.kms.katalon.core.webui.keyword.WebUiBuiltInKeywords$click$3.call(Unknown Source)
	at Adding diff prods to cart.run(Adding diff prods to cart:102)
	at com.kms.katalon.core.main.ScriptEngine.run(ScriptEngine.java:194)
	at com.kms.katalon.core.main.ScriptEngine.runScriptAsRawText(ScriptEngine.java:119)
	at com.kms.katalon.core.main.TestCaseExecutor.runScript(TestCaseExecutor.java:328)
	at com.kms.katalon.core.main.TestCaseExecutor.doExecute(TestCaseExecutor.java:319)
	at com.kms.katalon.core.main.TestCaseExecutor.processExecutionPhase(TestCaseExecutor.java:298)
	at com.kms.katalon.core.main.TestCaseExecutor.accessMainPhase(TestCaseExecutor.java:290)
	at com.kms.katalon.core.main.TestCaseExecutor.execute(TestCaseExecutor.java:224)
	at com.kms.katalon.core.main.TestSuiteExecutor.accessTestCaseMainPhase(TestSuiteExecutor.java:129)
	at com.kms.katalon.core.main.TestSuiteExecutor.accessTestSuiteMainPhase(TestSuiteExecutor.java:112)
	at com.kms.katalon.core.main.TestSuiteExecutor.execute(TestSuiteExecutor.java:81)
	at com.kms.katalon.core.main.TestCaseMain.startTestSuite(TestCaseMain.java:149)
	at com.kms.katalon.core.main.TestCaseMain$startTestSuite$0.call(Unknown Source)
	at TempTestSuite1562698926915.run(TempTestSuite1562698926915.groovy:36)
"/>
         <system-out><![CDATA[2019-07-09 15:23:18 - [TEST_CASE][FAILED] - Test Cases/CRITICAL PATH/Adding diff prods to cart: Test Cases/CRITICAL PATH/Adding diff prods to cart FAILED.
Reason:
com.kms.katalon.core.exception.StepFailedException: Unable to click on object 'Object Repository/APOLLO- Desktop/Cart flyout/Cart collapse' (Root cause: org.openqa.selenium.ElementNotVisibleException: element not interactable
  (Session info: chrome=75.0.3770.100)
  (Driver info: chromedriver=2.43.600229 (3fae4d0cda5334b4f533bede5a4787f7b832d052),platform=Mac OS X 10.13.6 x86_64) (WARNING: The server did not provide any stacktrace information)
Command duration or timeout: 0 milliseconds
Build info: version: '3.7.1', revision: '8a0099a', time: '2017-11-06T21:07:36.161Z'
System info: host: 'sumans-MacBook-Pro.local', ip: 'fe80:0:0:0:47c:ca88:4245:b7a7%en0', os.name: 'Mac OS X', os.arch: 'x86_64', os.version: '10.13.6', java.version: '1.8.0_181'
Driver info: com.kms.katalon.selenium.driver.CChromeDriver
Capabilities {acceptInsecureCerts: false, acceptSslCerts: false, applicationCacheEnabled: false, browserConnectionEnabled: false, browserName: chrome, chrome: {chromedriverVersion: 2.43.600229 (3fae4d0cda5334..., userDataDir: /var/folders/1t/c55l8xzs6gq...}, cssSelectorsEnabled: true, databaseEnabled: false, goog:chromeOptions: {debuggerAddress: localhost:65074}, handlesAlerts: true, hasTouchScreen: false, javascriptEnabled: true, locationContextEnabled: true, mobileEmulationEnabled: false, nativeEvents: true, networkConnectionEnabled: false, pageLoadStrategy: normal, platform: MAC, platformName: MAC, rotatable: false, setWindowRect: true, takesHeapSnapshot: true, takesScreenshot: true, unexpectedAlertBehaviour: , unhandledPromptBehavior: , version: 75.0.3770.100, webStorageEnabled: true}
Session ID: cff4b741cdb8cfc15bc327aa9260b7cd)
	at com.kms.katalon.core.keyword.internal.KeywordMain.stepFailed(KeywordMain.groovy:36)
	at com.kms.katalon.core.webui.keyword.internal.WebUIKeywordMain.stepFailed(WebUIKeywordMain.groovy:65)
	at com.kms.katalon.core.webui.keyword.internal.WebUIKeywordMain.runKeyword(WebUIKeywordMain.groovy:27)
	at com.kms.katalon.core.webui.keyword.builtin.ClickKeyword.click(ClickKeyword.groovy:86)
	at com.kms.katalon.core.webui.keyword.builtin.ClickKeyword.execute(ClickKeyword.groovy:67)
	at com.kms.katalon.core.keyword.internal.KeywordExecutor.executeKeywordForPlatform(KeywordExecutor.groovy:53)
	at com.kms.katalon.core.webui.keyword.WebUiBuiltInKeywords.click(WebUiBuiltInKeywords.groovy:616)
	at com.kms.katalon.core.webui.keyword.WebUiBuiltInKeywords$click$3.call(Unknown Source)
	at Adding diff prods to cart.run(Adding diff prods to cart:102)
	at com.kms.katalon.core.main.ScriptEngine.run(ScriptEngine.java:194)
	at com.kms.katalon.core.main.ScriptEngine.runScriptAsRawText(ScriptEngine.java:119)
	at com.kms.katalon.core.main.TestCaseExecutor.runScript(TestCaseExecutor.java:328)
	at com.kms.katalon.core.main.TestCaseExecutor.doExecute(TestCaseExecutor.java:319)
	at com.kms.katalon.core.main.TestCaseExecutor.processExecutionPhase(TestCaseExecutor.java:298)
	at com.kms.katalon.core.main.TestCaseExecutor.accessMainPhase(TestCaseExecutor.java:290)
	at com.kms.katalon.core.main.TestCaseExecutor.execute(TestCaseExecutor.java:224)
	at com.kms.katalon.core.main.TestSuiteExecutor.accessTestCaseMainPhase(TestSuiteExecutor.java:129)
	at com.kms.katalon.core.main.TestSuiteExecutor.accessTestSuiteMainPhase(TestSuiteExecutor.java:112)
	at com.kms.katalon.core.main.TestSuiteExecutor.execute(TestSuiteExecutor.java:81)
	at com.kms.katalon.core.main.TestCaseMain.startTestSuite(TestCaseMain.java:149)
	at com.kms.katalon.core.main.TestCaseMain$startTestSuite$0.call(Unknown Source)
	at TempTestSuite1562698926915.run(TempTestSuite1562698926915.groovy:36)


2019-07-09 15:23:18 - [TEST_STEP][PASSED] - callTestCase(findTestCase("CALL - URL"), [:], STOP_ON_FAILURE): Call Test Case 'Test Cases/CALL - URL' successfully

2019-07-09 15:23:18 - [TEST_CASE][PASSED] - Test Cases/CALL - URL: Test Cases/CALL - URL

2019-07-09 15:23:18 - [TEST_STEP][PASSED] - openBrowser(""): Browser is opened with url: ''

2019-07-09 15:23:18 - [MESSAGE][WARNING] - A browser is already opened. Closing browser and opening a new one

2019-07-09 15:23:18 - [MESSAGE][INFO] - Starting 'Chrome' driver

2019-07-09 15:23:20 - [MESSAGE][PASSED] - Browser is opened with url: ''

2019-07-09 15:23:20 - [TEST_STEP][PASSED] - navigateToUrl("https://apollo-fireball.myshopify.com/?_ab=0&_fd=0&_sc=1&key=96c2edace7b9967f3a77c2e2b131937136039831e9ec35f31598610005fa8795&preview_theme_id=46803124304"): Navigate to 'https://apollo-fireball.myshopify.com/?_ab=0&_fd=0&_sc=1&key=96c2edace7b9967f3a77c2e2b131937136039831e9ec35f31598610005fa8795&preview_theme_id=46803124304' successfully

2019-07-09 15:23:24 - [MESSAGE][PASSED] - Navigate to 'https://apollo-fireball.myshopify.com/?_ab=0&_fd=0&_sc=1&key=96c2edace7b9967f3a77c2e2b131937136039831e9ec35f31598610005fa8795&preview_theme_id=46803124304' successfully

2019-07-09 15:23:24 - [TEST_STEP][PASSED] - executeJavaScript("var previewBar = document.getElementById("preview-bar-iframe"); previewBar.style.display = "none";", []): Execute JavaScript 'var previewBar = document.getElementById("preview-bar-iframe"); previewBar.style.display = "none";' successfully

2019-07-09 15:23:24 - [MESSAGE][PASSED] - Execute JavaScript 'var previewBar = document.getElementById("preview-bar-iframe"); previewBar.style.display = "none";' successfully

2019-07-09 15:23:24 - [TEST_STEP][PASSED] - maximizeWindow(): Current window maximized

2019-07-09 15:23:25 - [MESSAGE][PASSED] - Current window maximized

2019-07-09 15:23:25 - [MESSAGE][PASSED] - Call Test Case 'Test Cases/CALL - URL' successfully

2019-07-09 15:23:25 - [TEST_STEP][PASSED] - click(findTestObject("APOLLO- Desktop/Burger Menu/Burgermenu")): Object: 'Object Repository/APOLLO- Desktop/Burger Menu/Burgermenu' is clicked on

2019-07-09 15:23:25 - [MESSAGE][PASSED] - Object: 'Object Repository/APOLLO- Desktop/Burger Menu/Burgermenu' is clicked on

2019-07-09 15:23:25 - [TEST_STEP][PASSED] - delay(2): Delayed 2 second(s)

2019-07-09 15:23:27 - [MESSAGE][PASSED] - Delayed 2 second(s)

2019-07-09 15:23:27 - [TEST_STEP][PASSED] - click(findTestObject("APOLLO- Desktop/Burger Menu/Shop food")): Object: 'Object Repository/APOLLO- Desktop/Burger Menu/Shop food' is clicked on

2019-07-09 15:23:27 - [MESSAGE][PASSED] - Object: 'Object Repository/APOLLO- Desktop/Burger Menu/Shop food' is clicked on

2019-07-09 15:23:27 - [TEST_STEP][PASSED] - delay(2): Delayed 2 second(s)

2019-07-09 15:23:29 - [MESSAGE][PASSED] - Delayed 2 second(s)

2019-07-09 15:23:29 - [TEST_STEP][PASSED] - click(findTestObject("APOLLO- Desktop/Burger Menu/Beef")): Object: 'Object Repository/APOLLO- Desktop/Burger Menu/Beef' is clicked on

2019-07-09 15:23:33 - [MESSAGE][PASSED] - Object: 'Object Repository/APOLLO- Desktop/Burger Menu/Beef' is clicked on

2019-07-09 15:23:33 - [TEST_STEP][PASSED] - delay(2): Delayed 2 second(s)

2019-07-09 15:23:35 - [MESSAGE][PASSED] - Delayed 2 second(s)

2019-07-09 15:23:35 - [TEST_STEP][PASSED] - executeJavaScript("var previewBar = document.getElementById("preview-bar-iframe"); previewBar.style.display = "none";", []): Execute JavaScript 'var previewBar = document.getElementById("preview-bar-iframe"); previewBar.style.display = "none";' successfully

2019-07-09 15:23:35 - [MESSAGE][PASSED] - Execute JavaScript 'var previewBar = document.getElementById("preview-bar-iframe"); previewBar.style.display = "none";' successfully

2019-07-09 15:23:35 - [TEST_STEP][PASSED] - delay(2): Delayed 2 second(s)

2019-07-09 15:23:37 - [MESSAGE][PASSED] - Delayed 2 second(s)

2019-07-09 15:23:37 - [TEST_STEP][PASSED] - click(findTestObject("APOLLO- Desktop/Collection page/Beef skewers")): Object: 'Object Repository/APOLLO- Desktop/Collection page/Beef skewers' is clicked on

2019-07-09 15:23:43 - [MESSAGE][PASSED] - Object: 'Object Repository/APOLLO- Desktop/Collection page/Beef skewers' is clicked on

2019-07-09 15:23:43 - [TEST_STEP][PASSED] - executeJavaScript("var previewBar = document.getElementById("preview-bar-iframe"); previewBar.style.display = "none";", []): Execute JavaScript 'var previewBar = document.getElementById("preview-bar-iframe"); previewBar.style.display = "none";' successfully

2019-07-09 15:23:43 - [MESSAGE][PASSED] - Execute JavaScript 'var previewBar = document.getElementById("preview-bar-iframe"); previewBar.style.display = "none";' successfully

2019-07-09 15:23:43 - [TEST_STEP][PASSED] - delay(2): Delayed 2 second(s)

2019-07-09 15:23:45 - [MESSAGE][PASSED] - Delayed 2 second(s)

2019-07-09 15:23:45 - [TEST_STEP][PASSED] - click(findTestObject("APOLLO- Desktop/Product page/1 piece")): Object: 'Object Repository/APOLLO- Desktop/Product page/1 piece' is clicked on

2019-07-09 15:23:45 - [MESSAGE][PASSED] - Object: 'Object Repository/APOLLO- Desktop/Product page/1 piece' is clicked on

2019-07-09 15:23:45 - [TEST_STEP][PASSED] - delay(2): Delayed 2 second(s)

2019-07-09 15:23:47 - [MESSAGE][PASSED] - Delayed 2 second(s)

2019-07-09 15:23:47 - [TEST_STEP][PASSED] - click(findTestObject("APOLLO- Desktop/Product page/Add to bag")): Object: 'Object Repository/APOLLO- Desktop/Product page/Add to bag' is clicked on

2019-07-09 15:23:47 - [MESSAGE][PASSED] - Object: 'Object Repository/APOLLO- Desktop/Product page/Add to bag' is clicked on

2019-07-09 15:23:47 - [TEST_STEP][PASSED] - delay(2): Delayed 2 second(s)

2019-07-09 15:23:49 - [MESSAGE][PASSED] - Delayed 2 second(s)

2019-07-09 15:23:49 - [TEST_STEP][PASSED] - click(findTestObject("APOLLO- Desktop/Cart flyout/Cart collapse")): Object: 'Object Repository/APOLLO- Desktop/Cart flyout/Cart collapse' is clicked on

2019-07-09 15:23:49 - [MESSAGE][PASSED] - Object: 'Object Repository/APOLLO- Desktop/Cart flyout/Cart collapse' is clicked on

2019-07-09 15:23:49 - [TEST_STEP][PASSED] - delay(2): Delayed 2 second(s)

2019-07-09 15:23:51 - [MESSAGE][PASSED] - Delayed 2 second(s)

2019-07-09 15:23:51 - [TEST_STEP][PASSED] - click(findTestObject("APOLLO- Desktop/Product page/2 piece")): Object: 'Object Repository/APOLLO- Desktop/Product page/2 piece' is clicked on

2019-07-09 15:23:51 - [MESSAGE][PASSED] - Object: 'Object Repository/APOLLO- Desktop/Product page/2 piece' is clicked on

2019-07-09 15:23:51 - [TEST_STEP][PASSED] - delay(2): Delayed 2 second(s)

2019-07-09 15:23:53 - [MESSAGE][PASSED] - Delayed 2 second(s)

2019-07-09 15:23:53 - [TEST_STEP][PASSED] - click(findTestObject("APOLLO- Desktop/Product page/Add to bag")): Object: 'Object Repository/APOLLO- Desktop/Product page/Add to bag' is clicked on

2019-07-09 15:23:53 - [MESSAGE][PASSED] - Object: 'Object Repository/APOLLO- Desktop/Product page/Add to bag' is clicked on

2019-07-09 15:23:53 - [TEST_STEP][PASSED] - delay(2): Delayed 2 second(s)

2019-07-09 15:23:55 - [MESSAGE][PASSED] - Delayed 2 second(s)

2019-07-09 15:23:55 - [TEST_STEP][PASSED] - click(findTestObject("APOLLO- Desktop/Cart flyout/Cart collapse")): Object: 'Object Repository/APOLLO- Desktop/Cart flyout/Cart collapse' is clicked on

2019-07-09 15:23:55 - [MESSAGE][PASSED] - Object: 'Object Repository/APOLLO- Desktop/Cart flyout/Cart collapse' is clicked on

2019-07-09 15:23:55 - [TEST_STEP][PASSED] - delay(2): Delayed 2 second(s)

2019-07-09 15:23:57 - [MESSAGE][PASSED] - Delayed 2 second(s)

2019-07-09 15:23:57 - [TEST_STEP][PASSED] - click(findTestObject("APOLLO- Desktop/Product page/3 piece")): Object: 'Object Repository/APOLLO- Desktop/Product page/3 piece' is clicked on

2019-07-09 15:23:58 - [MESSAGE][PASSED] - Object: 'Object Repository/APOLLO- Desktop/Product page/3 piece' is clicked on

2019-07-09 15:23:58 - [TEST_STEP][PASSED] - delay(2): Delayed 2 second(s)

2019-07-09 15:24:00 - [MESSAGE][PASSED] - Delayed 2 second(s)

2019-07-09 15:24:00 - [TEST_STEP][PASSED] - click(findTestObject("APOLLO- Desktop/Product page/Add to bag")): Object: 'Object Repository/APOLLO- Desktop/Product page/Add to bag' is clicked on

2019-07-09 15:24:00 - [MESSAGE][PASSED] - Object: 'Object Repository/APOLLO- Desktop/Product page/Add to bag' is clicked on

2019-07-09 15:24:00 - [TEST_STEP][PASSED] - delay(2): Delayed 2 second(s)

2019-07-09 15:24:02 - [MESSAGE][PASSED] - Delayed 2 second(s)

2019-07-09 15:24:02 - [TEST_STEP][PASSED] - click(findTestObject("APOLLO- Desktop/Cart flyout/Cart collapse")): Object: 'Object Repository/APOLLO- Desktop/Cart flyout/Cart collapse' is clicked on

2019-07-09 15:24:02 - [MESSAGE][PASSED] - Object: 'Object Repository/APOLLO- Desktop/Cart flyout/Cart collapse' is clicked on

2019-07-09 15:24:02 - [TEST_STEP][PASSED] - delay(2): Delayed 2 second(s)

2019-07-09 15:24:04 - [MESSAGE][PASSED] - Delayed 2 second(s)

2019-07-09 15:24:04 - [TEST_STEP][PASSED] - click(findTestObject("APOLLO- Desktop/Burger Menu/Burgermenu")): Object: 'Object Repository/APOLLO- Desktop/Burger Menu/Burgermenu' is clicked on

2019-07-09 15:24:04 - [MESSAGE][PASSED] - Object: 'Object Repository/APOLLO- Desktop/Burger Menu/Burgermenu' is clicked on

2019-07-09 15:24:04 - [TEST_STEP][PASSED] - delay(2): Delayed 2 second(s)

2019-07-09 15:24:06 - [MESSAGE][PASSED] - Delayed 2 second(s)

2019-07-09 15:24:06 - [TEST_STEP][PASSED] - click(findTestObject("APOLLO- Desktop/Burger Menu/Shop food")): Object: 'Object Repository/APOLLO- Desktop/Burger Menu/Shop food' is clicked on

2019-07-09 15:24:06 - [MESSAGE][PASSED] - Object: 'Object Repository/APOLLO- Desktop/Burger Menu/Shop food' is clicked on

2019-07-09 15:24:06 - [TEST_STEP][PASSED] - delay(2): Delayed 2 second(s)

2019-07-09 15:24:08 - [MESSAGE][PASSED] - Delayed 2 second(s)

2019-07-09 15:24:08 - [TEST_STEP][PASSED] - click(findTestObject("APOLLO- Desktop/Burger Menu/Chicken")): Object: 'Object Repository/APOLLO- Desktop/Burger Menu/Chicken' is clicked on

2019-07-09 15:24:12 - [MESSAGE][PASSED] - Object: 'Object Repository/APOLLO- Desktop/Burger Menu/Chicken' is clicked on

2019-07-09 15:24:12 - [TEST_STEP][PASSED] - delay(2): Delayed 2 second(s)

2019-07-09 15:24:14 - [MESSAGE][PASSED] - Delayed 2 second(s)

2019-07-09 15:24:14 - [TEST_STEP][PASSED] - click(findTestObject("APOLLO- Desktop/Collection page/Grilled lemon chicken")): Object: 'Object Repository/APOLLO- Desktop/Collection page/Grilled lemon chicken' is clicked on

2019-07-09 15:24:19 - [MESSAGE][PASSED] - Object: 'Object Repository/APOLLO- Desktop/Collection page/Grilled lemon chicken' is clicked on

2019-07-09 15:24:19 - [TEST_STEP][PASSED] - delay(2): Delayed 2 second(s)

2019-07-09 15:24:21 - [MESSAGE][PASSED] - Delayed 2 second(s)

2019-07-09 15:24:21 - [TEST_STEP][PASSED] - click(findTestObject("APOLLO- Desktop/Product page/1 piece")): Object: 'Object Repository/APOLLO- Desktop/Product page/1 piece' is clicked on

2019-07-09 15:24:21 - [MESSAGE][PASSED] - Object: 'Object Repository/APOLLO- Desktop/Product page/1 piece' is clicked on

2019-07-09 15:24:21 - [TEST_STEP][PASSED] - delay(2): Delayed 2 second(s)

2019-07-09 15:24:23 - [MESSAGE][PASSED] - Delayed 2 second(s)

2019-07-09 15:24:23 - [TEST_STEP][PASSED] - click(findTestObject("APOLLO- Desktop/Product page/Add to bag")): Object: 'Object Repository/APOLLO- Desktop/Product page/Add to bag' is clicked on

2019-07-09 15:24:23 - [MESSAGE][PASSED] - Object: 'Object Repository/APOLLO- Desktop/Product page/Add to bag' is clicked on

2019-07-09 15:24:23 - [TEST_STEP][PASSED] - delay(2): Delayed 2 second(s)

2019-07-09 15:24:25 - [MESSAGE][PASSED] - Delayed 2 second(s)

2019-07-09 15:24:25 - [TEST_STEP][FAILED] - click(findTestObject("APOLLO- Desktop/Cart flyout/Cart collapse")): click(findTestObject("APOLLO- Desktop/Cart flyout/Cart collapse")) FAILED.
Reason:
com.kms.katalon.core.exception.StepFailedException: Unable to click on object 'Object Repository/APOLLO- Desktop/Cart flyout/Cart collapse' (Root cause: org.openqa.selenium.ElementNotVisibleException: element not interactable
  (Session info: chrome=75.0.3770.100)
  (Driver info: chromedriver=2.43.600229 (3fae4d0cda5334b4f533bede5a4787f7b832d052),platform=Mac OS X 10.13.6 x86_64) (WARNING: The server did not provide any stacktrace information)
Command duration or timeout: 0 milliseconds
Build info: version: '3.7.1', revision: '8a0099a', time: '2017-11-06T21:07:36.161Z'
System info: host: 'sumans-MacBook-Pro.local', ip: 'fe80:0:0:0:47c:ca88:4245:b7a7%en0', os.name: 'Mac OS X', os.arch: 'x86_64', os.version: '10.13.6', java.version: '1.8.0_181'
Driver info: com.kms.katalon.selenium.driver.CChromeDriver
Capabilities {acceptInsecureCerts: false, acceptSslCerts: false, applicationCacheEnabled: false, browserConnectionEnabled: false, browserName: chrome, chrome: {chromedriverVersion: 2.43.600229 (3fae4d0cda5334..., userDataDir: /var/folders/1t/c55l8xzs6gq...}, cssSelectorsEnabled: true, databaseEnabled: false, goog:chromeOptions: {debuggerAddress: localhost:65074}, handlesAlerts: true, hasTouchScreen: false, javascriptEnabled: true, locationContextEnabled: true, mobileEmulationEnabled: false, nativeEvents: true, networkConnectionEnabled: false, pageLoadStrategy: normal, platform: MAC, platformName: MAC, rotatable: false, setWindowRect: true, takesHeapSnapshot: true, takesScreenshot: true, unexpectedAlertBehaviour: , unhandledPromptBehavior: , version: 75.0.3770.100, webStorageEnabled: true}
Session ID: cff4b741cdb8cfc15bc327aa9260b7cd)
	at com.kms.katalon.core.keyword.internal.KeywordMain.stepFailed(KeywordMain.groovy:36)
	at com.kms.katalon.core.webui.keyword.internal.WebUIKeywordMain.stepFailed(WebUIKeywordMain.groovy:65)
	at com.kms.katalon.core.webui.keyword.internal.WebUIKeywordMain.runKeyword(WebUIKeywordMain.groovy:27)
	at com.kms.katalon.core.webui.keyword.builtin.ClickKeyword.click(ClickKeyword.groovy:86)
	at com.kms.katalon.core.webui.keyword.builtin.ClickKeyword.execute(ClickKeyword.groovy:67)
	at com.kms.katalon.core.keyword.internal.KeywordExecutor.executeKeywordForPlatform(KeywordExecutor.groovy:53)
	at com.kms.katalon.core.webui.keyword.WebUiBuiltInKeywords.click(WebUiBuiltInKeywords.groovy:616)
	at com.kms.katalon.core.webui.keyword.WebUiBuiltInKeywords$click$3.call(Unknown Source)
	at Adding diff prods to cart.run(Adding diff prods to cart:102)
	at com.kms.katalon.core.main.ScriptEngine.run(ScriptEngine.java:194)
	at com.kms.katalon.core.main.ScriptEngine.runScriptAsRawText(ScriptEngine.java:119)
	at com.kms.katalon.core.main.TestCaseExecutor.runScript(TestCaseExecutor.java:328)
	at com.kms.katalon.core.main.TestCaseExecutor.doExecute(TestCaseExecutor.java:319)
	at com.kms.katalon.core.main.TestCaseExecutor.processExecutionPhase(TestCaseExecutor.java:298)
	at com.kms.katalon.core.main.TestCaseExecutor.accessMainPhase(TestCaseExecutor.java:290)
	at com.kms.katalon.core.main.TestCaseExecutor.execute(TestCaseExecutor.java:224)
	at com.kms.katalon.core.main.TestSuiteExecutor.accessTestCaseMainPhase(TestSuiteExecutor.java:129)
	at com.kms.katalon.core.main.TestSuiteExecutor.accessTestSuiteMainPhase(TestSuiteExecutor.java:112)
	at com.kms.katalon.core.main.TestSuiteExecutor.execute(TestSuiteExecutor.java:81)
	at com.kms.katalon.core.main.TestCaseMain.startTestSuite(TestCaseMain.java:149)
	at com.kms.katalon.core.main.TestCaseMain$startTestSuite$0.call(Unknown Source)
	at TempTestSuite1562698926915.run(TempTestSuite1562698926915.groovy:36)


2019-07-09 15:24:27 - [MESSAGE][FAILED] - Unable to click on object 'Object Repository/APOLLO- Desktop/Cart flyout/Cart collapse' (Root cause: org.openqa.selenium.ElementNotVisibleException: element not interactable
  (Session info: chrome=75.0.3770.100)
  (Driver info: chromedriver=2.43.600229 (3fae4d0cda5334b4f533bede5a4787f7b832d052),platform=Mac OS X 10.13.6 x86_64) (WARNING: The server did not provide any stacktrace information)
Command duration or timeout: 0 milliseconds
Build info: version: '3.7.1', revision: '8a0099a', time: '2017-11-06T21:07:36.161Z'
System info: host: 'sumans-MacBook-Pro.local', ip: 'fe80:0:0:0:47c:ca88:4245:b7a7%en0', os.name: 'Mac OS X', os.arch: 'x86_64', os.version: '10.13.6', java.version: '1.8.0_181'
Driver info: com.kms.katalon.selenium.driver.CChromeDriver
Capabilities {acceptInsecureCerts: false, acceptSslCerts: false, applicationCacheEnabled: false, browserConnectionEnabled: false, browserName: chrome, chrome: {chromedriverVersion: 2.43.600229 (3fae4d0cda5334..., userDataDir: /var/folders/1t/c55l8xzs6gq...}, cssSelectorsEnabled: true, databaseEnabled: false, goog:chromeOptions: {debuggerAddress: localhost:65074}, handlesAlerts: true, hasTouchScreen: false, javascriptEnabled: true, locationContextEnabled: true, mobileEmulationEnabled: false, nativeEvents: true, networkConnectionEnabled: false, pageLoadStrategy: normal, platform: MAC, platformName: MAC, rotatable: false, setWindowRect: true, takesHeapSnapshot: true, takesScreenshot: true, unexpectedAlertBehaviour: , unhandledPromptBehavior: , version: 75.0.3770.100, webStorageEnabled: true}
Session ID: cff4b741cdb8cfc15bc327aa9260b7cd)
[[ATTACHMENT|/Users/sumankompelly/Katalon Studio/APOLLO - FIRE/APOLLO - FIRE- DESKTOP/Reports/0.5.5/20190709_150206/1562700265741.png]]

2019-07-09 15:24:27 - [MESSAGE][FAILED] - click(findTestObject("APOLLO- Desktop/Cart flyout/Cart collapse")) FAILED.
Reason:
com.kms.katalon.core.exception.StepFailedException: Unable to click on object 'Object Repository/APOLLO- Desktop/Cart flyout/Cart collapse' (Root cause: org.openqa.selenium.ElementNotVisibleException: element not interactable
  (Session info: chrome=75.0.3770.100)
  (Driver info: chromedriver=2.43.600229 (3fae4d0cda5334b4f533bede5a4787f7b832d052),platform=Mac OS X 10.13.6 x86_64) (WARNING: The server did not provide any stacktrace information)
Command duration or timeout: 0 milliseconds
Build info: version: '3.7.1', revision: '8a0099a', time: '2017-11-06T21:07:36.161Z'
System info: host: 'sumans-MacBook-Pro.local', ip: 'fe80:0:0:0:47c:ca88:4245:b7a7%en0', os.name: 'Mac OS X', os.arch: 'x86_64', os.version: '10.13.6', java.version: '1.8.0_181'
Driver info: com.kms.katalon.selenium.driver.CChromeDriver
Capabilities {acceptInsecureCerts: false, acceptSslCerts: false, applicationCacheEnabled: false, browserConnectionEnabled: false, browserName: chrome, chrome: {chromedriverVersion: 2.43.600229 (3fae4d0cda5334..., userDataDir: /var/folders/1t/c55l8xzs6gq...}, cssSelectorsEnabled: true, databaseEnabled: false, goog:chromeOptions: {debuggerAddress: localhost:65074}, handlesAlerts: true, hasTouchScreen: false, javascriptEnabled: true, locationContextEnabled: true, mobileEmulationEnabled: false, nativeEvents: true, networkConnectionEnabled: false, pageLoadStrategy: normal, platform: MAC, platformName: MAC, rotatable: false, setWindowRect: true, takesHeapSnapshot: true, takesScreenshot: true, unexpectedAlertBehaviour: , unhandledPromptBehavior: , version: 75.0.3770.100, webStorageEnabled: true}
Session ID: cff4b741cdb8cfc15bc327aa9260b7cd)
	at com.kms.katalon.core.keyword.internal.KeywordMain.stepFailed(KeywordMain.groovy:36)
	at com.kms.katalon.core.webui.keyword.internal.WebUIKeywordMain.stepFailed(WebUIKeywordMain.groovy:65)
	at com.kms.katalon.core.webui.keyword.internal.WebUIKeywordMain.runKeyword(WebUIKeywordMain.groovy:27)
	at com.kms.katalon.core.webui.keyword.builtin.ClickKeyword.click(ClickKeyword.groovy:86)
	at com.kms.katalon.core.webui.keyword.builtin.ClickKeyword.execute(ClickKeyword.groovy:67)
	at com.kms.katalon.core.keyword.internal.KeywordExecutor.executeKeywordForPlatform(KeywordExecutor.groovy:53)
	at com.kms.katalon.core.webui.keyword.WebUiBuiltInKeywords.click(WebUiBuiltInKeywords.groovy:616)
	at com.kms.katalon.core.webui.keyword.WebUiBuiltInKeywords$click$3.call(Unknown Source)
	at Adding diff prods to cart.run(Adding diff prods to cart:102)
	at com.kms.katalon.core.main.ScriptEngine.run(ScriptEngine.java:194)
	at com.kms.katalon.core.main.ScriptEngine.runScriptAsRawText(ScriptEngine.java:119)
	at com.kms.katalon.core.main.TestCaseExecutor.runScript(TestCaseExecutor.java:328)
	at com.kms.katalon.core.main.TestCaseExecutor.doExecute(TestCaseExecutor.java:319)
	at com.kms.katalon.core.main.TestCaseExecutor.processExecutionPhase(TestCaseExecutor.java:298)
	at com.kms.katalon.core.main.TestCaseExecutor.accessMainPhase(TestCaseExecutor.java:290)
	at com.kms.katalon.core.main.TestCaseExecutor.execute(TestCaseExecutor.java:224)
	at com.kms.katalon.core.main.TestSuiteExecutor.accessTestCaseMainPhase(TestSuiteExecutor.java:129)
	at com.kms.katalon.core.main.TestSuiteExecutor.accessTestSuiteMainPhase(TestSuiteExecutor.java:112)
	at com.kms.katalon.core.main.TestSuiteExecutor.execute(TestSuiteExecutor.java:81)
	at com.kms.katalon.core.main.TestCaseMain.startTestSuite(TestCaseMain.java:149)
	at com.kms.katalon.core.main.TestCaseMain$startTestSuite$0.call(Unknown Source)
	at TempTestSuite1562698926915.run(TempTestSuite1562698926915.groovy:36)]]></system-out>
         <system-err><![CDATA[2019-07-09 15:23:18 - [TEST_CASE][FAILED] - Test Cases/CRITICAL PATH/Adding diff prods to cart: Test Cases/CRITICAL PATH/Adding diff prods to cart FAILED.
Reason:
com.kms.katalon.core.exception.StepFailedException: Unable to click on object 'Object Repository/APOLLO- Desktop/Cart flyout/Cart collapse' (Root cause: org.openqa.selenium.ElementNotVisibleException: element not interactable
  (Session info: chrome=75.0.3770.100)
  (Driver info: chromedriver=2.43.600229 (3fae4d0cda5334b4f533bede5a4787f7b832d052),platform=Mac OS X 10.13.6 x86_64) (WARNING: The server did not provide any stacktrace information)
Command duration or timeout: 0 milliseconds
Build info: version: '3.7.1', revision: '8a0099a', time: '2017-11-06T21:07:36.161Z'
System info: host: 'sumans-MacBook-Pro.local', ip: 'fe80:0:0:0:47c:ca88:4245:b7a7%en0', os.name: 'Mac OS X', os.arch: 'x86_64', os.version: '10.13.6', java.version: '1.8.0_181'
Driver info: com.kms.katalon.selenium.driver.CChromeDriver
Capabilities {acceptInsecureCerts: false, acceptSslCerts: false, applicationCacheEnabled: false, browserConnectionEnabled: false, browserName: chrome, chrome: {chromedriverVersion: 2.43.600229 (3fae4d0cda5334..., userDataDir: /var/folders/1t/c55l8xzs6gq...}, cssSelectorsEnabled: true, databaseEnabled: false, goog:chromeOptions: {debuggerAddress: localhost:65074}, handlesAlerts: true, hasTouchScreen: false, javascriptEnabled: true, locationContextEnabled: true, mobileEmulationEnabled: false, nativeEvents: true, networkConnectionEnabled: false, pageLoadStrategy: normal, platform: MAC, platformName: MAC, rotatable: false, setWindowRect: true, takesHeapSnapshot: true, takesScreenshot: true, unexpectedAlertBehaviour: , unhandledPromptBehavior: , version: 75.0.3770.100, webStorageEnabled: true}
Session ID: cff4b741cdb8cfc15bc327aa9260b7cd)
	at com.kms.katalon.core.keyword.internal.KeywordMain.stepFailed(KeywordMain.groovy:36)
	at com.kms.katalon.core.webui.keyword.internal.WebUIKeywordMain.stepFailed(WebUIKeywordMain.groovy:65)
	at com.kms.katalon.core.webui.keyword.internal.WebUIKeywordMain.runKeyword(WebUIKeywordMain.groovy:27)
	at com.kms.katalon.core.webui.keyword.builtin.ClickKeyword.click(ClickKeyword.groovy:86)
	at com.kms.katalon.core.webui.keyword.builtin.ClickKeyword.execute(ClickKeyword.groovy:67)
	at com.kms.katalon.core.keyword.internal.KeywordExecutor.executeKeywordForPlatform(KeywordExecutor.groovy:53)
	at com.kms.katalon.core.webui.keyword.WebUiBuiltInKeywords.click(WebUiBuiltInKeywords.groovy:616)
	at com.kms.katalon.core.webui.keyword.WebUiBuiltInKeywords$click$3.call(Unknown Source)
	at Adding diff prods to cart.run(Adding diff prods to cart:102)
	at com.kms.katalon.core.main.ScriptEngine.run(ScriptEngine.java:194)
	at com.kms.katalon.core.main.ScriptEngine.runScriptAsRawText(ScriptEngine.java:119)
	at com.kms.katalon.core.main.TestCaseExecutor.runScript(TestCaseExecutor.java:328)
	at com.kms.katalon.core.main.TestCaseExecutor.doExecute(TestCaseExecutor.java:319)
	at com.kms.katalon.core.main.TestCaseExecutor.processExecutionPhase(TestCaseExecutor.java:298)
	at com.kms.katalon.core.main.TestCaseExecutor.accessMainPhase(TestCaseExecutor.java:290)
	at com.kms.katalon.core.main.TestCaseExecutor.execute(TestCaseExecutor.java:224)
	at com.kms.katalon.core.main.TestSuiteExecutor.accessTestCaseMainPhase(TestSuiteExecutor.java:129)
	at com.kms.katalon.core.main.TestSuiteExecutor.accessTestSuiteMainPhase(TestSuiteExecutor.java:112)
	at com.kms.katalon.core.main.TestSuiteExecutor.execute(TestSuiteExecutor.java:81)
	at com.kms.katalon.core.main.TestCaseMain.startTestSuite(TestCaseMain.java:149)
	at com.kms.katalon.core.main.TestCaseMain$startTestSuite$0.call(Unknown Source)
	at TempTestSuite1562698926915.run(TempTestSuite1562698926915.groovy:36)]]></system-err>
      </testcase>
      <testcase name="Test Cases/CRITICAL PATH/Price comparison - cart page" classname="Test Cases/CRITICAL PATH/Price comparison - cart page" status="PASSED">
         <system-out><![CDATA[2019-07-09 15:24:27 - [TEST_CASE][PASSED] - Test Cases/CRITICAL PATH/Price comparison - cart page: Test Cases/CRITICAL PATH/Price comparison - cart page

2019-07-09 15:24:27 - [TEST_STEP][PASSED] - callTestCase(findTestCase("CALL - URL"), [:], STOP_ON_FAILURE): Call Test Case 'Test Cases/CALL - URL' successfully

2019-07-09 15:24:27 - [TEST_CASE][PASSED] - Test Cases/CALL - URL: Test Cases/CALL - URL

2019-07-09 15:24:27 - [TEST_STEP][PASSED] - openBrowser(""): Browser is opened with url: ''

2019-07-09 15:24:27 - [MESSAGE][WARNING] - A browser is already opened. Closing browser and opening a new one

2019-07-09 15:24:27 - [MESSAGE][INFO] - Starting 'Chrome' driver

2019-07-09 15:24:28 - [MESSAGE][PASSED] - Browser is opened with url: ''

2019-07-09 15:24:28 - [TEST_STEP][PASSED] - navigateToUrl("https://apollo-fireball.myshopify.com/?_ab=0&_fd=0&_sc=1&key=96c2edace7b9967f3a77c2e2b131937136039831e9ec35f31598610005fa8795&preview_theme_id=46803124304"): Navigate to 'https://apollo-fireball.myshopify.com/?_ab=0&_fd=0&_sc=1&key=96c2edace7b9967f3a77c2e2b131937136039831e9ec35f31598610005fa8795&preview_theme_id=46803124304' successfully

2019-07-09 15:24:35 - [MESSAGE][PASSED] - Navigate to 'https://apollo-fireball.myshopify.com/?_ab=0&_fd=0&_sc=1&key=96c2edace7b9967f3a77c2e2b131937136039831e9ec35f31598610005fa8795&preview_theme_id=46803124304' successfully

2019-07-09 15:24:35 - [TEST_STEP][PASSED] - executeJavaScript("var previewBar = document.getElementById("preview-bar-iframe"); previewBar.style.display = "none";", []): Execute JavaScript 'var previewBar = document.getElementById("preview-bar-iframe"); previewBar.style.display = "none";' successfully

2019-07-09 15:24:35 - [MESSAGE][PASSED] - Execute JavaScript 'var previewBar = document.getElementById("preview-bar-iframe"); previewBar.style.display = "none";' successfully

2019-07-09 15:24:35 - [TEST_STEP][PASSED] - maximizeWindow(): Current window maximized

2019-07-09 15:24:35 - [MESSAGE][PASSED] - Current window maximized

2019-07-09 15:24:35 - [MESSAGE][PASSED] - Call Test Case 'Test Cases/CALL - URL' successfully

2019-07-09 15:24:35 - [TEST_STEP][PASSED] - click(findTestObject("APOLLO- Desktop/Burger Menu/Burgermenu")): Object: 'Object Repository/APOLLO- Desktop/Burger Menu/Burgermenu' is clicked on

2019-07-09 15:24:35 - [MESSAGE][PASSED] - Object: 'Object Repository/APOLLO- Desktop/Burger Menu/Burgermenu' is clicked on

2019-07-09 15:24:35 - [TEST_STEP][PASSED] - delay(2): Delayed 2 second(s)

2019-07-09 15:24:37 - [MESSAGE][PASSED] - Delayed 2 second(s)

2019-07-09 15:24:37 - [TEST_STEP][PASSED] - click(findTestObject("APOLLO- Desktop/Burger Menu/Shop food")): Object: 'Object Repository/APOLLO- Desktop/Burger Menu/Shop food' is clicked on

2019-07-09 15:24:37 - [MESSAGE][PASSED] - Object: 'Object Repository/APOLLO- Desktop/Burger Menu/Shop food' is clicked on

2019-07-09 15:24:37 - [TEST_STEP][PASSED] - delay(2): Delayed 2 second(s)

2019-07-09 15:24:39 - [MESSAGE][PASSED] - Delayed 2 second(s)

2019-07-09 15:24:39 - [TEST_STEP][PASSED] - click(findTestObject("APOLLO- Desktop/Burger Menu/Beef")): Object: 'Object Repository/APOLLO- Desktop/Burger Menu/Beef' is clicked on

2019-07-09 15:24:47 - [MESSAGE][PASSED] - Object: 'Object Repository/APOLLO- Desktop/Burger Menu/Beef' is clicked on

2019-07-09 15:24:47 - [TEST_STEP][PASSED] - delay(2): Delayed 2 second(s)

2019-07-09 15:24:49 - [MESSAGE][PASSED] - Delayed 2 second(s)

2019-07-09 15:24:49 - [TEST_STEP][PASSED] - executeJavaScript("var previewBar = document.getElementById("preview-bar-iframe"); previewBar.style.display = "none";", []): Execute JavaScript 'var previewBar = document.getElementById("preview-bar-iframe"); previewBar.style.display = "none";' successfully

2019-07-09 15:24:49 - [MESSAGE][PASSED] - Execute JavaScript 'var previewBar = document.getElementById("preview-bar-iframe"); previewBar.style.display = "none";' successfully

2019-07-09 15:24:49 - [TEST_STEP][PASSED] - delay(2): Delayed 2 second(s)

2019-07-09 15:24:51 - [MESSAGE][PASSED] - Delayed 2 second(s)

2019-07-09 15:24:51 - [TEST_STEP][PASSED] - click(findTestObject("APOLLO- Desktop/Collection page/Beef skewers")): Object: 'Object Repository/APOLLO- Desktop/Collection page/Beef skewers' is clicked on

2019-07-09 15:24:55 - [MESSAGE][PASSED] - Object: 'Object Repository/APOLLO- Desktop/Collection page/Beef skewers' is clicked on

2019-07-09 15:24:55 - [TEST_STEP][PASSED] - executeJavaScript("var previewBar = document.getElementById("preview-bar-iframe"); previewBar.style.display = "none";", []): Execute JavaScript 'var previewBar = document.getElementById("preview-bar-iframe"); previewBar.style.display = "none";' successfully

2019-07-09 15:24:55 - [MESSAGE][PASSED] - Execute JavaScript 'var previewBar = document.getElementById("preview-bar-iframe"); previewBar.style.display = "none";' successfully

2019-07-09 15:24:55 - [TEST_STEP][PASSED] - delay(2): Delayed 2 second(s)

2019-07-09 15:24:57 - [MESSAGE][PASSED] - Delayed 2 second(s)

2019-07-09 15:24:57 - [TEST_STEP][PASSED] - click(findTestObject("APOLLO- Desktop/Product page/1 piece")): Object: 'Object Repository/APOLLO- Desktop/Product page/1 piece' is clicked on

2019-07-09 15:24:57 - [MESSAGE][PASSED] - Object: 'Object Repository/APOLLO- Desktop/Product page/1 piece' is clicked on

2019-07-09 15:24:57 - [TEST_STEP][PASSED] - delay(2): Delayed 2 second(s)

2019-07-09 15:24:59 - [MESSAGE][PASSED] - Delayed 2 second(s)

2019-07-09 15:24:59 - [TEST_STEP][PASSED] - click(findTestObject("APOLLO- Desktop/Product page/Add to bag")): Object: 'Object Repository/APOLLO- Desktop/Product page/Add to bag' is clicked on

2019-07-09 15:24:59 - [MESSAGE][PASSED] - Object: 'Object Repository/APOLLO- Desktop/Product page/Add to bag' is clicked on

2019-07-09 15:24:59 - [TEST_STEP][PASSED] - delay(2): Delayed 2 second(s)

2019-07-09 15:25:01 - [MESSAGE][PASSED] - Delayed 2 second(s)

2019-07-09 15:25:01 - [TEST_STEP][PASSED] - click(findTestObject("APOLLO- Desktop/Cart flyout/Cart collapse")): Object: 'Object Repository/APOLLO- Desktop/Cart flyout/Cart collapse' is clicked on

2019-07-09 15:25:01 - [MESSAGE][PASSED] - Object: 'Object Repository/APOLLO- Desktop/Cart flyout/Cart collapse' is clicked on

2019-07-09 15:25:01 - [TEST_STEP][PASSED] - delay(2): Delayed 2 second(s)

2019-07-09 15:25:03 - [MESSAGE][PASSED] - Delayed 2 second(s)

2019-07-09 15:25:03 - [TEST_STEP][PASSED] - delay(2): Delayed 2 second(s)

2019-07-09 15:25:05 - [MESSAGE][PASSED] - Delayed 2 second(s)

2019-07-09 15:25:05 - [TEST_STEP][PASSED] - click(findTestObject("APOLLO- Desktop/Burger Menu/Burgermenu")): Object: 'Object Repository/APOLLO- Desktop/Burger Menu/Burgermenu' is clicked on

2019-07-09 15:25:05 - [MESSAGE][PASSED] - Object: 'Object Repository/APOLLO- Desktop/Burger Menu/Burgermenu' is clicked on

2019-07-09 15:25:05 - [TEST_STEP][PASSED] - delay(2): Delayed 2 second(s)

2019-07-09 15:25:07 - [MESSAGE][PASSED] - Delayed 2 second(s)

2019-07-09 15:25:07 - [TEST_STEP][PASSED] - click(findTestObject("APOLLO- Desktop/Burger Menu/Shop food")): Object: 'Object Repository/APOLLO- Desktop/Burger Menu/Shop food' is clicked on

2019-07-09 15:25:07 - [MESSAGE][PASSED] - Object: 'Object Repository/APOLLO- Desktop/Burger Menu/Shop food' is clicked on

2019-07-09 15:25:07 - [TEST_STEP][PASSED] - delay(2): Delayed 2 second(s)

2019-07-09 15:25:09 - [MESSAGE][PASSED] - Delayed 2 second(s)

2019-07-09 15:25:09 - [TEST_STEP][PASSED] - click(findTestObject("APOLLO- Desktop/Burger Menu/Chicken")): Object: 'Object Repository/APOLLO- Desktop/Burger Menu/Chicken' is clicked on

2019-07-09 15:25:14 - [MESSAGE][PASSED] - Object: 'Object Repository/APOLLO- Desktop/Burger Menu/Chicken' is clicked on

2019-07-09 15:25:14 - [TEST_STEP][PASSED] - delay(2): Delayed 2 second(s)

2019-07-09 15:25:16 - [MESSAGE][PASSED] - Delayed 2 second(s)

2019-07-09 15:25:16 - [TEST_STEP][PASSED] - click(findTestObject("APOLLO- Desktop/Collection page/Grilled lemon chicken")): Object: 'Object Repository/APOLLO- Desktop/Collection page/Grilled lemon chicken' is clicked on

2019-07-09 15:25:22 - [MESSAGE][PASSED] - Object: 'Object Repository/APOLLO- Desktop/Collection page/Grilled lemon chicken' is clicked on

2019-07-09 15:25:22 - [TEST_STEP][PASSED] - delay(2): Delayed 2 second(s)

2019-07-09 15:25:24 - [MESSAGE][PASSED] - Delayed 2 second(s)

2019-07-09 15:25:24 - [TEST_STEP][PASSED] - click(findTestObject("APOLLO- Desktop/Product page/1 piece")): Object: 'Object Repository/APOLLO- Desktop/Product page/1 piece' is clicked on

2019-07-09 15:25:25 - [MESSAGE][PASSED] - Object: 'Object Repository/APOLLO- Desktop/Product page/1 piece' is clicked on

2019-07-09 15:25:25 - [TEST_STEP][PASSED] - delay(2): Delayed 2 second(s)

2019-07-09 15:25:27 - [MESSAGE][PASSED] - Delayed 2 second(s)

2019-07-09 15:25:27 - [TEST_STEP][PASSED] - click(findTestObject("APOLLO- Desktop/Product page/Add to bag")): Object: 'Object Repository/APOLLO- Desktop/Product page/Add to bag' is clicked on

2019-07-09 15:25:27 - [MESSAGE][PASSED] - Object: 'Object Repository/APOLLO- Desktop/Product page/Add to bag' is clicked on

2019-07-09 15:25:27 - [TEST_STEP][PASSED] - delay(2): Delayed 2 second(s)

2019-07-09 15:25:29 - [MESSAGE][PASSED] - Delayed 2 second(s)

2019-07-09 15:25:29 - [TEST_STEP][NOT_RUN] - delay(2): NOT_RUN: delay(2)

2019-07-09 15:25:29 - [MESSAGE][NOT_RUN] - NOT_RUN: delay(2)

2019-07-09 15:25:29 - [TEST_STEP][NOT_RUN] - click(findTestObject("APOLLO- Desktop/Burger Menu/Shop food")): NOT_RUN: click(findTestObject("APOLLO- Desktop/Burger Menu/Shop food"))

2019-07-09 15:25:29 - [MESSAGE][NOT_RUN] - NOT_RUN: click(findTestObject("APOLLO- Desktop/Burger Menu/Shop food"))

2019-07-09 15:25:29 - [TEST_STEP][NOT_RUN] - delay(2): NOT_RUN: delay(2)

2019-07-09 15:25:29 - [MESSAGE][NOT_RUN] - NOT_RUN: delay(2)

2019-07-09 15:25:29 - [TEST_STEP][NOT_RUN] - click(findTestObject("APOLLO- Desktop/Burger Menu/Beef")): NOT_RUN: click(findTestObject("APOLLO- Desktop/Burger Menu/Beef"))

2019-07-09 15:25:29 - [MESSAGE][NOT_RUN] - NOT_RUN: click(findTestObject("APOLLO- Desktop/Burger Menu/Beef"))

2019-07-09 15:25:29 - [TEST_STEP][NOT_RUN] - delay(2): NOT_RUN: delay(2)

2019-07-09 15:25:29 - [MESSAGE][NOT_RUN] - NOT_RUN: delay(2)

2019-07-09 15:25:29 - [TEST_STEP][NOT_RUN] - click(findTestObject("APOLLO- Desktop/Burger Menu/Shirts link")): NOT_RUN: click(findTestObject("APOLLO- Desktop/Burger Menu/Shirts link"))

2019-07-09 15:25:29 - [MESSAGE][NOT_RUN] - NOT_RUN: click(findTestObject("APOLLO- Desktop/Burger Menu/Shirts link"))

2019-07-09 15:25:29 - [TEST_STEP][NOT_RUN] - delay(2): NOT_RUN: delay(2)

2019-07-09 15:25:29 - [MESSAGE][NOT_RUN] - NOT_RUN: delay(2)

2019-07-09 15:25:29 - [TEST_STEP][NOT_RUN] - click(findTestObject("APOLLO- Desktop/Collection page/Beef skewers")): NOT_RUN: click(findTestObject("APOLLO- Desktop/Collection page/Beef skewers"))

2019-07-09 15:25:29 - [MESSAGE][NOT_RUN] - NOT_RUN: click(findTestObject("APOLLO- Desktop/Collection page/Beef skewers"))

2019-07-09 15:25:29 - [TEST_STEP][NOT_RUN] - delay(2): NOT_RUN: delay(2)

2019-07-09 15:25:29 - [MESSAGE][NOT_RUN] - NOT_RUN: delay(2)

2019-07-09 15:25:29 - [TEST_STEP][NOT_RUN] - selectOptionByValue(findTestObject("APOLLO- Desktop/Product page/1 piece"), "Medium", true): NOT_RUN: selectOptionByValue(findTestObject("APOLLO- Desktop/Product page/1 piece"), "Medium", true)

2019-07-09 15:25:29 - [MESSAGE][NOT_RUN] - NOT_RUN: selectOptionByValue(findTestObject("APOLLO- Desktop/Product page/1 piece"), "Medium", true)

2019-07-09 15:25:29 - [TEST_STEP][NOT_RUN] - delay(2): NOT_RUN: delay(2)

2019-07-09 15:25:29 - [MESSAGE][NOT_RUN] - NOT_RUN: delay(2)

2019-07-09 15:25:29 - [TEST_STEP][NOT_RUN] - click(findTestObject("APOLLO- Desktop/Product page/Add to bag")): NOT_RUN: click(findTestObject("APOLLO- Desktop/Product page/Add to bag"))

2019-07-09 15:25:29 - [MESSAGE][NOT_RUN] - NOT_RUN: click(findTestObject("APOLLO- Desktop/Product page/Add to bag"))

2019-07-09 15:25:29 - [TEST_STEP][NOT_RUN] - delay(2): NOT_RUN: delay(2)

2019-07-09 15:25:29 - [MESSAGE][NOT_RUN] - NOT_RUN: delay(2)

2019-07-09 15:25:29 - [TEST_STEP][NOT_RUN] - click(findTestObject("APOLLO- Desktop/Burger Menu/Burgermenu")): NOT_RUN: click(findTestObject("APOLLO- Desktop/Burger Menu/Burgermenu"))

2019-07-09 15:25:29 - [MESSAGE][NOT_RUN] - NOT_RUN: click(findTestObject("APOLLO- Desktop/Burger Menu/Burgermenu"))

2019-07-09 15:25:29 - [TEST_STEP][NOT_RUN] - delay(2): NOT_RUN: delay(2)

2019-07-09 15:25:29 - [MESSAGE][NOT_RUN] - NOT_RUN: delay(2)

2019-07-09 15:25:29 - [TEST_STEP][NOT_RUN] - click(findTestObject("APOLLO- Desktop/Burger Menu/KIds link")): NOT_RUN: click(findTestObject("APOLLO- Desktop/Burger Menu/KIds link"))

2019-07-09 15:25:29 - [MESSAGE][NOT_RUN] - NOT_RUN: click(findTestObject("APOLLO- Desktop/Burger Menu/KIds link"))

2019-07-09 15:25:29 - [TEST_STEP][NOT_RUN] - delay(2): NOT_RUN: delay(2)

2019-07-09 15:25:29 - [MESSAGE][NOT_RUN] - NOT_RUN: delay(2)

2019-07-09 15:25:29 - [TEST_STEP][NOT_RUN] - click(findTestObject("APOLLO- Desktop/Collection page/Grilled lemon chicken")): NOT_RUN: click(findTestObject("APOLLO- Desktop/Collection page/Grilled lemon chicken"))

2019-07-09 15:25:29 - [MESSAGE][NOT_RUN] - NOT_RUN: click(findTestObject("APOLLO- Desktop/Collection page/Grilled lemon chicken"))

2019-07-09 15:25:29 - [TEST_STEP][NOT_RUN] - delay(2): NOT_RUN: delay(2)

2019-07-09 15:25:29 - [MESSAGE][NOT_RUN] - NOT_RUN: delay(2)

2019-07-09 15:25:29 - [TEST_STEP][PASSED] - delay(2): Delayed 2 second(s)

2019-07-09 15:25:31 - [MESSAGE][PASSED] - Delayed 2 second(s)

2019-07-09 15:25:31 - [TEST_STEP][PASSED] - click(findTestObject("APOLLO- Desktop/Cart flyout/Checkout")): Object: 'Object Repository/APOLLO- Desktop/Cart flyout/Checkout' is clicked on

2019-07-09 15:25:33 - [MESSAGE][PASSED] - Object: 'Object Repository/APOLLO- Desktop/Cart flyout/Checkout' is clicked on

2019-07-09 15:25:33 - [TEST_STEP][PASSED] - delay(2): Delayed 2 second(s)

2019-07-09 15:25:35 - [MESSAGE][PASSED] - Delayed 2 second(s)

2019-07-09 15:25:35 - [TEST_STEP][PASSED] - click(findTestObject("APOLLO- Desktop/Customer Information page/Cart page breadcrumb")): Object: 'Object Repository/APOLLO- Desktop/Customer Information page/Cart page breadcrumb' is clicked on

2019-07-09 15:25:37 - [MESSAGE][PASSED] - Object: 'Object Repository/APOLLO- Desktop/Customer Information page/Cart page breadcrumb' is clicked on

2019-07-09 15:25:37 - [TEST_STEP][PASSED] - delay(2): Delayed 2 second(s)

2019-07-09 15:25:39 - [MESSAGE][PASSED] - Delayed 2 second(s)

2019-07-09 15:25:39 - [TEST_STEP][PASSED] - executeJavaScript("var previewBar = document.getElementById("preview-bar-iframe"); previewBar.style.display = "none";", []): Execute JavaScript 'var previewBar = document.getElementById("preview-bar-iframe"); previewBar.style.display = "none";' successfully

2019-07-09 15:25:39 - [MESSAGE][PASSED] - Execute JavaScript 'var previewBar = document.getElementById("preview-bar-iframe"); previewBar.style.display = "none";' successfully

2019-07-09 15:25:39 - [TEST_STEP][PASSED] - a = getText(findTestObject("APOLLO- Desktop/Cart page/Unit price - 1st product")): Text of object 'Object Repository/APOLLO- Desktop/Cart page/Unit price - 1st product' is: '$6.25'

2019-07-09 15:25:39 - [MESSAGE][PASSED] - Text of object 'Object Repository/APOLLO- Desktop/Cart page/Unit price - 1st product' is: '$6.25'

2019-07-09 15:25:39 - [TEST_STEP][PASSED] - comment("a=" + a): a=$6.25

2019-07-09 15:25:39 - [MESSAGE][INFO] - a=$6.25

2019-07-09 15:25:39 - [TEST_STEP][PASSED] - a1 = a.substring(1): null

2019-07-09 15:25:39 - [TEST_STEP][PASSED] - comment("a1=" + a1): a1=6.25

2019-07-09 15:25:39 - [MESSAGE][INFO] - a1=6.25

2019-07-09 15:25:39 - [TEST_STEP][PASSED] - b = getText(findTestObject("APOLLO- Desktop/Cart page/Unit price - 2nd product")): Text of object 'Object Repository/APOLLO- Desktop/Cart page/Unit price - 2nd product' is: '$8.50'

2019-07-09 15:25:39 - [MESSAGE][PASSED] - Text of object 'Object Repository/APOLLO- Desktop/Cart page/Unit price - 2nd product' is: '$8.50'

2019-07-09 15:25:39 - [TEST_STEP][PASSED] - comment("b=" + b): b=$8.50

2019-07-09 15:25:39 - [MESSAGE][INFO] - b=$8.50

2019-07-09 15:25:39 - [TEST_STEP][PASSED] - b1 = b.substring(1): null

2019-07-09 15:25:39 - [TEST_STEP][PASSED] - comment("b1=" + b1): b1=8.50

2019-07-09 15:25:39 - [MESSAGE][INFO] - b1=8.50

2019-07-09 15:25:39 - [TEST_STEP][PASSED] - p1 = <not implemented yet for class: org.codehaus.groovy.ast.expr.EmptyExpression>: null

2019-07-09 15:25:39 - [TEST_STEP][PASSED] - p2 = <not implemented yet for class: org.codehaus.groovy.ast.expr.EmptyExpression>: null

2019-07-09 15:25:39 - [TEST_STEP][PASSED] - try: p1=6.25

2019-07-09 15:25:39 - [TEST_STEP][PASSED] - str = a1: null

2019-07-09 15:25:39 - [TEST_STEP][PASSED] - comment("str=" + str): str=6.25

2019-07-09 15:25:39 - [MESSAGE][INFO] - str=6.25

2019-07-09 15:25:39 - [TEST_STEP][PASSED] - p1 = Double.valueOf(str): null

2019-07-09 15:25:39 - [TEST_STEP][PASSED] - comment("p1=" + p1): p1=6.25

2019-07-09 15:25:39 - [MESSAGE][INFO] - p1=6.25

2019-07-09 15:25:39 - [TEST_STEP][PASSED] - try: p2=8.5

2019-07-09 15:25:39 - [TEST_STEP][PASSED] - str5 = b1: null

2019-07-09 15:25:39 - [TEST_STEP][PASSED] - comment("str5=" + str5): str5=8.50

2019-07-09 15:25:39 - [MESSAGE][INFO] - str5=8.50

2019-07-09 15:25:39 - [TEST_STEP][PASSED] - p2 = Double.valueOf(str5): null

2019-07-09 15:25:39 - [TEST_STEP][PASSED] - comment("p2=" + p2): p2=8.5

2019-07-09 15:25:39 - [MESSAGE][INFO] - p2=8.5

2019-07-09 15:25:39 - [TEST_STEP][PASSED] - total = p1 + p2: null

2019-07-09 15:25:39 - [TEST_STEP][PASSED] - comment("total=" + total): total=14.75

2019-07-09 15:25:39 - [MESSAGE][INFO] - total=14.75

2019-07-09 15:25:39 - [TEST_STEP][PASSED] - c = getText(findTestObject("APOLLO- Desktop/Cart page/Subtotal in cart page")): Text of object 'Object Repository/APOLLO- Desktop/Cart page/Subtotal in cart page' is: '$14.75'

2019-07-09 15:25:39 - [MESSAGE][PASSED] - Text of object 'Object Repository/APOLLO- Desktop/Cart page/Subtotal in cart page' is: '$14.75'

2019-07-09 15:25:39 - [TEST_STEP][PASSED] - comment("c=" + c): c=$14.75

2019-07-09 15:25:39 - [MESSAGE][INFO] - c=$14.75

2019-07-09 15:25:39 - [TEST_STEP][PASSED] - c1 = c.substring(1): null

2019-07-09 15:25:39 - [TEST_STEP][PASSED] - comment("c1=" + c1): c1=14.75

2019-07-09 15:25:39 - [MESSAGE][INFO] - c1=14.75

2019-07-09 15:25:39 - [TEST_STEP][PASSED] - p3 = <not implemented yet for class: org.codehaus.groovy.ast.expr.EmptyExpression>: null

2019-07-09 15:25:39 - [TEST_STEP][PASSED] - try: p3=14.75

2019-07-09 15:25:39 - [TEST_STEP][PASSED] - str = c1: null

2019-07-09 15:25:39 - [TEST_STEP][PASSED] - comment("str=" + str): str=14.75

2019-07-09 15:25:39 - [MESSAGE][INFO] - str=14.75

2019-07-09 15:25:39 - [TEST_STEP][PASSED] - p3 = Double.valueOf(str): null

2019-07-09 15:25:39 - [TEST_STEP][PASSED] - comment("p3=" + p3): p3=14.75

2019-07-09 15:25:39 - [MESSAGE][INFO] - p3=14.75

2019-07-09 15:25:39 - [TEST_STEP][PASSED] - verifyEqual(total, p3): Actual object '14.75' and expected object '14.75' are equal

2019-07-09 15:25:39 - [MESSAGE][PASSED] - Actual object '14.75' and expected object '14.75' are equal

2019-07-09 15:25:39 - [TEST_STEP][PASSED] - click(findTestObject("APOLLO- Desktop/Cart flyout/Checkout")): Object: 'Object Repository/APOLLO- Desktop/Cart flyout/Checkout' is clicked on

2019-07-09 15:25:41 - [MESSAGE][PASSED] - Object: 'Object Repository/APOLLO- Desktop/Cart flyout/Checkout' is clicked on

2019-07-09 15:25:41 - [TEST_STEP][PASSED] - callTestCase(findTestCase("CALL- CUSTOMER INFO PAGE"), [:], STOP_ON_FAILURE): Call Test Case 'Test Cases/CALL- CUSTOMER INFO PAGE' successfully

2019-07-09 15:25:41 - [TEST_CASE][PASSED] - Test Cases/CALL- CUSTOMER INFO PAGE: Test Cases/CALL- CUSTOMER INFO PAGE

2019-07-09 15:25:41 - [TEST_STEP][PASSED] - delay(2): Delayed 2 second(s)

2019-07-09 15:25:43 - [MESSAGE][PASSED] - Delayed 2 second(s)

2019-07-09 15:25:43 - [TEST_STEP][PASSED] - executeJavaScript("var previewBar = document.getElementById("preview-bar-iframe"); previewBar.style.display = "none";", []): Execute JavaScript 'var previewBar = document.getElementById("preview-bar-iframe"); previewBar.style.display = "none";' successfully

2019-07-09 15:25:43 - [MESSAGE][PASSED] - Execute JavaScript 'var previewBar = document.getElementById("preview-bar-iframe"); previewBar.style.display = "none";' successfully

2019-07-09 15:25:43 - [TEST_STEP][PASSED] - setText(findTestObject("APOLLO- Desktop/Customer Information page/Email"), "suman@gmail.com"): Text 'suman@gmail.com' is set on object 'Object Repository/APOLLO- Desktop/Customer Information page/Email'

2019-07-09 15:25:43 - [MESSAGE][PASSED] - Text 'suman@gmail.com' is set on object 'Object Repository/APOLLO- Desktop/Customer Information page/Email'

2019-07-09 15:25:43 - [TEST_STEP][PASSED] - delay(2): Delayed 2 second(s)

2019-07-09 15:25:45 - [MESSAGE][PASSED] - Delayed 2 second(s)

2019-07-09 15:25:45 - [TEST_STEP][PASSED] - setText(findTestObject("APOLLO- Desktop/Customer Information page/First name"), "suman"): Text 'suman' is set on object 'Object Repository/APOLLO- Desktop/Customer Information page/First name'

2019-07-09 15:25:45 - [MESSAGE][PASSED] - Text 'suman' is set on object 'Object Repository/APOLLO- Desktop/Customer Information page/First name'

2019-07-09 15:25:45 - [TEST_STEP][PASSED] - delay(2): Delayed 2 second(s)

2019-07-09 15:25:47 - [MESSAGE][PASSED] - Delayed 2 second(s)

2019-07-09 15:25:47 - [TEST_STEP][PASSED] - setText(findTestObject("APOLLO- Desktop/Customer Information page/Last name"), "kompelly"): Text 'kompelly' is set on object 'Object Repository/APOLLO- Desktop/Customer Information page/Last name'

2019-07-09 15:25:47 - [MESSAGE][PASSED] - Text 'kompelly' is set on object 'Object Repository/APOLLO- Desktop/Customer Information page/Last name'

2019-07-09 15:25:47 - [TEST_STEP][PASSED] - delay(2): Delayed 2 second(s)

2019-07-09 15:25:49 - [MESSAGE][PASSED] - Delayed 2 second(s)

2019-07-09 15:25:49 - [TEST_STEP][PASSED] - setText(findTestObject("APOLLO- Desktop/Customer Information page/Address"), "1435 st alxendre"): Text '1435 st alxendre' is set on object 'Object Repository/APOLLO- Desktop/Customer Information page/Address'

2019-07-09 15:25:50 - [MESSAGE][PASSED] - Text '1435 st alxendre' is set on object 'Object Repository/APOLLO- Desktop/Customer Information page/Address'

2019-07-09 15:25:50 - [TEST_STEP][PASSED] - setText(findTestObject("APOLLO- Desktop/Customer Information page/Apartment"), "220"): Text '220' is set on object 'Object Repository/APOLLO- Desktop/Customer Information page/Apartment'

2019-07-09 15:25:50 - [MESSAGE][PASSED] - Text '220' is set on object 'Object Repository/APOLLO- Desktop/Customer Information page/Apartment'

2019-07-09 15:25:50 - [TEST_STEP][PASSED] - setText(findTestObject("APOLLO- Desktop/Customer Information page/City"), "montreal"): Text 'montreal' is set on object 'Object Repository/APOLLO- Desktop/Customer Information page/City'

2019-07-09 15:25:50 - [MESSAGE][PASSED] - Text 'montreal' is set on object 'Object Repository/APOLLO- Desktop/Customer Information page/City'

2019-07-09 15:25:50 - [TEST_STEP][PASSED] - selectOptionByValue(findTestObject("APOLLO- Desktop/Customer Information page/Country dropdown"), "United States", true): All options with value 'United States' are selected in object 'Object Repository/APOLLO- Desktop/Customer Information page/Country dropdown'  using regular expression

2019-07-09 15:25:53 - [MESSAGE][PASSED] - All options with value 'United States' are selected in object 'Object Repository/APOLLO- Desktop/Customer Information page/Country dropdown'  using regular expression

2019-07-09 15:25:53 - [TEST_STEP][PASSED] - selectOptionByValue(findTestObject("APOLLO- Desktop/Customer Information page/states dropdown"), "NJ", true): All options with value 'NJ' are selected in object 'Object Repository/APOLLO- Desktop/Customer Information page/states dropdown'  using regular expression

2019-07-09 15:25:54 - [MESSAGE][PASSED] - All options with value 'NJ' are selected in object 'Object Repository/APOLLO- Desktop/Customer Information page/states dropdown'  using regular expression

2019-07-09 15:25:54 - [TEST_STEP][PASSED] - setText(findTestObject("APOLLO- Desktop/Customer Information page/ZIP code"), "07057"): Text '07057' is set on object 'Object Repository/APOLLO- Desktop/Customer Information page/ZIP code'

2019-07-09 15:25:54 - [MESSAGE][PASSED] - Text '07057' is set on object 'Object Repository/APOLLO- Desktop/Customer Information page/ZIP code'

2019-07-09 15:25:54 - [MESSAGE][PASSED] - Call Test Case 'Test Cases/CALL- CUSTOMER INFO PAGE' successfully

2019-07-09 15:25:54 - [TEST_STEP][PASSED] - callTestCase(findTestCase("CALL - SHIPPING TO PAYMENT"), [:], STOP_ON_FAILURE): Call Test Case 'Test Cases/CALL - SHIPPING TO PAYMENT' successfully

2019-07-09 15:25:54 - [TEST_CASE][PASSED] - Test Cases/CALL - SHIPPING TO PAYMENT: Test Cases/CALL - SHIPPING TO PAYMENT

2019-07-09 15:25:54 - [TEST_STEP][PASSED] - click(findTestObject("APOLLO- Desktop/Customer Information page/Continue to shipping")): Object: 'Object Repository/APOLLO- Desktop/Customer Information page/Continue to shipping' is clicked on

2019-07-09 15:25:56 - [MESSAGE][PASSED] - Object: 'Object Repository/APOLLO- Desktop/Customer Information page/Continue to shipping' is clicked on

2019-07-09 15:25:56 - [TEST_STEP][PASSED] - executeJavaScript("var previewBar = document.getElementById("preview-bar-iframe"); previewBar.style.display = "none";", []): Execute JavaScript 'var previewBar = document.getElementById("preview-bar-iframe"); previewBar.style.display = "none";' successfully

2019-07-09 15:25:56 - [MESSAGE][PASSED] - Execute JavaScript 'var previewBar = document.getElementById("preview-bar-iframe"); previewBar.style.display = "none";' successfully

2019-07-09 15:25:56 - [TEST_STEP][PASSED] - click(findTestObject("APOLLO- Desktop/Shipping page/Radio button check")): Object: 'Object Repository/APOLLO- Desktop/Shipping page/Radio button check' is clicked on

2019-07-09 15:25:57 - [MESSAGE][PASSED] - Object: 'Object Repository/APOLLO- Desktop/Shipping page/Radio button check' is clicked on

2019-07-09 15:25:57 - [TEST_STEP][PASSED] - executeJavaScript("var previewBar = document.getElementById("preview-bar-iframe"); previewBar.style.display = "none";", []): Execute JavaScript 'var previewBar = document.getElementById("preview-bar-iframe"); previewBar.style.display = "none";' successfully

2019-07-09 15:25:57 - [MESSAGE][PASSED] - Execute JavaScript 'var previewBar = document.getElementById("preview-bar-iframe"); previewBar.style.display = "none";' successfully

2019-07-09 15:25:57 - [TEST_STEP][PASSED] - click(findTestObject("APOLLO- Desktop/Shipping page/Continue to payment")): Object: 'Object Repository/APOLLO- Desktop/Shipping page/Continue to payment' is clicked on

2019-07-09 15:26:00 - [MESSAGE][PASSED] - Object: 'Object Repository/APOLLO- Desktop/Shipping page/Continue to payment' is clicked on

2019-07-09 15:26:00 - [TEST_STEP][PASSED] - executeJavaScript("var previewBar = document.getElementById("preview-bar-iframe"); previewBar.style.display = "none";", []): Execute JavaScript 'var previewBar = document.getElementById("preview-bar-iframe"); previewBar.style.display = "none";' successfully

2019-07-09 15:26:00 - [MESSAGE][PASSED] - Execute JavaScript 'var previewBar = document.getElementById("preview-bar-iframe"); previewBar.style.display = "none";' successfully

2019-07-09 15:26:00 - [TEST_STEP][PASSED] - verifyTextPresent("Payment", false): Text 'Payment' is present on page 

2019-07-09 15:26:00 - [MESSAGE][PASSED] - Text 'Payment' is present on page 

2019-07-09 15:26:00 - [MESSAGE][PASSED] - Call Test Case 'Test Cases/CALL - SHIPPING TO PAYMENT' successfully]]></system-out>
         <system-err><![CDATA[]]></system-err>
      </testcase>
      <testcase name="Test Cases/CRITICAL PATH/Decrease quantity - cart page" classname="Test Cases/CRITICAL PATH/Decrease quantity - cart page" status="FAILED">
         <failure type="FAILED" message="Test Cases/CRITICAL PATH/Decrease quantity - cart page FAILED.
Reason:
com.kms.katalon.core.exception.StepFailedException: Unable to click on object 'Object Repository/APOLLO- Desktop/payment page/Payment section' (Root cause: com.kms.katalon.core.webui.exception.WebElementNotFoundException: Web element with id: 'Object Repository/APOLLO- Desktop/payment page/Payment section' located by 'By.xpath: (.//*[normalize-space(text()) and normalize-space(.)='Apply Discount Code'])[1]/following::div[1]' not found)
	at com.kms.katalon.core.keyword.internal.KeywordMain.stepFailed(KeywordMain.groovy:36)
	at com.kms.katalon.core.webui.keyword.internal.WebUIKeywordMain.stepFailed(WebUIKeywordMain.groovy:65)
	at com.kms.katalon.core.webui.keyword.internal.WebUIKeywordMain.runKeyword(WebUIKeywordMain.groovy:27)
	at com.kms.katalon.core.webui.keyword.builtin.ClickKeyword.click(ClickKeyword.groovy:86)
	at com.kms.katalon.core.webui.keyword.builtin.ClickKeyword.execute(ClickKeyword.groovy:67)
	at com.kms.katalon.core.keyword.internal.KeywordExecutor.executeKeywordForPlatform(KeywordExecutor.groovy:53)
	at com.kms.katalon.core.webui.keyword.WebUiBuiltInKeywords.click(WebUiBuiltInKeywords.groovy:616)
	at com.kms.katalon.core.webui.keyword.WebUiBuiltInKeywords$click$3.call(Unknown Source)
	at Decrease quantity - cart page.run(Decrease quantity - cart page:147)
	at com.kms.katalon.core.main.ScriptEngine.run(ScriptEngine.java:194)
	at com.kms.katalon.core.main.ScriptEngine.runScriptAsRawText(ScriptEngine.java:119)
	at com.kms.katalon.core.main.TestCaseExecutor.runScript(TestCaseExecutor.java:328)
	at com.kms.katalon.core.main.TestCaseExecutor.doExecute(TestCaseExecutor.java:319)
	at com.kms.katalon.core.main.TestCaseExecutor.processExecutionPhase(TestCaseExecutor.java:298)
	at com.kms.katalon.core.main.TestCaseExecutor.accessMainPhase(TestCaseExecutor.java:290)
	at com.kms.katalon.core.main.TestCaseExecutor.execute(TestCaseExecutor.java:224)
	at com.kms.katalon.core.main.TestSuiteExecutor.accessTestCaseMainPhase(TestSuiteExecutor.java:129)
	at com.kms.katalon.core.main.TestSuiteExecutor.accessTestSuiteMainPhase(TestSuiteExecutor.java:112)
	at com.kms.katalon.core.main.TestSuiteExecutor.execute(TestSuiteExecutor.java:81)
	at com.kms.katalon.core.main.TestCaseMain.startTestSuite(TestCaseMain.java:149)
	at com.kms.katalon.core.main.TestCaseMain$startTestSuite$0.call(Unknown Source)
	at TempTestSuite1562698926915.run(TempTestSuite1562698926915.groovy:36)
"/>
         <system-out><![CDATA[2019-07-09 15:26:00 - [TEST_CASE][FAILED] - Test Cases/CRITICAL PATH/Decrease quantity - cart page: Test Cases/CRITICAL PATH/Decrease quantity - cart page FAILED.
Reason:
com.kms.katalon.core.exception.StepFailedException: Unable to click on object 'Object Repository/APOLLO- Desktop/payment page/Payment section' (Root cause: com.kms.katalon.core.webui.exception.WebElementNotFoundException: Web element with id: 'Object Repository/APOLLO- Desktop/payment page/Payment section' located by 'By.xpath: (.//*[normalize-space(text()) and normalize-space(.)='Apply Discount Code'])[1]/following::div[1]' not found)
	at com.kms.katalon.core.keyword.internal.KeywordMain.stepFailed(KeywordMain.groovy:36)
	at com.kms.katalon.core.webui.keyword.internal.WebUIKeywordMain.stepFailed(WebUIKeywordMain.groovy:65)
	at com.kms.katalon.core.webui.keyword.internal.WebUIKeywordMain.runKeyword(WebUIKeywordMain.groovy:27)
	at com.kms.katalon.core.webui.keyword.builtin.ClickKeyword.click(ClickKeyword.groovy:86)
	at com.kms.katalon.core.webui.keyword.builtin.ClickKeyword.execute(ClickKeyword.groovy:67)
	at com.kms.katalon.core.keyword.internal.KeywordExecutor.executeKeywordForPlatform(KeywordExecutor.groovy:53)
	at com.kms.katalon.core.webui.keyword.WebUiBuiltInKeywords.click(WebUiBuiltInKeywords.groovy:616)
	at com.kms.katalon.core.webui.keyword.WebUiBuiltInKeywords$click$3.call(Unknown Source)
	at Decrease quantity - cart page.run(Decrease quantity - cart page:147)
	at com.kms.katalon.core.main.ScriptEngine.run(ScriptEngine.java:194)
	at com.kms.katalon.core.main.ScriptEngine.runScriptAsRawText(ScriptEngine.java:119)
	at com.kms.katalon.core.main.TestCaseExecutor.runScript(TestCaseExecutor.java:328)
	at com.kms.katalon.core.main.TestCaseExecutor.doExecute(TestCaseExecutor.java:319)
	at com.kms.katalon.core.main.TestCaseExecutor.processExecutionPhase(TestCaseExecutor.java:298)
	at com.kms.katalon.core.main.TestCaseExecutor.accessMainPhase(TestCaseExecutor.java:290)
	at com.kms.katalon.core.main.TestCaseExecutor.execute(TestCaseExecutor.java:224)
	at com.kms.katalon.core.main.TestSuiteExecutor.accessTestCaseMainPhase(TestSuiteExecutor.java:129)
	at com.kms.katalon.core.main.TestSuiteExecutor.accessTestSuiteMainPhase(TestSuiteExecutor.java:112)
	at com.kms.katalon.core.main.TestSuiteExecutor.execute(TestSuiteExecutor.java:81)
	at com.kms.katalon.core.main.TestCaseMain.startTestSuite(TestCaseMain.java:149)
	at com.kms.katalon.core.main.TestCaseMain$startTestSuite$0.call(Unknown Source)
	at TempTestSuite1562698926915.run(TempTestSuite1562698926915.groovy:36)


2019-07-09 15:26:00 - [TEST_STEP][PASSED] - callTestCase(findTestCase("CALL - URL"), [:], STOP_ON_FAILURE): Call Test Case 'Test Cases/CALL - URL' successfully

2019-07-09 15:26:00 - [TEST_CASE][PASSED] - Test Cases/CALL - URL: Test Cases/CALL - URL

2019-07-09 15:26:00 - [TEST_STEP][PASSED] - openBrowser(""): Browser is opened with url: ''

2019-07-09 15:26:00 - [MESSAGE][WARNING] - A browser is already opened. Closing browser and opening a new one

2019-07-09 15:26:00 - [MESSAGE][INFO] - Starting 'Chrome' driver

2019-07-09 15:26:02 - [MESSAGE][PASSED] - Browser is opened with url: ''

2019-07-09 15:26:02 - [TEST_STEP][PASSED] - navigateToUrl("https://apollo-fireball.myshopify.com/?_ab=0&_fd=0&_sc=1&key=96c2edace7b9967f3a77c2e2b131937136039831e9ec35f31598610005fa8795&preview_theme_id=46803124304"): Navigate to 'https://apollo-fireball.myshopify.com/?_ab=0&_fd=0&_sc=1&key=96c2edace7b9967f3a77c2e2b131937136039831e9ec35f31598610005fa8795&preview_theme_id=46803124304' successfully

2019-07-09 15:26:14 - [MESSAGE][PASSED] - Navigate to 'https://apollo-fireball.myshopify.com/?_ab=0&_fd=0&_sc=1&key=96c2edace7b9967f3a77c2e2b131937136039831e9ec35f31598610005fa8795&preview_theme_id=46803124304' successfully

2019-07-09 15:26:14 - [TEST_STEP][PASSED] - executeJavaScript("var previewBar = document.getElementById("preview-bar-iframe"); previewBar.style.display = "none";", []): Execute JavaScript 'var previewBar = document.getElementById("preview-bar-iframe"); previewBar.style.display = "none";' successfully

2019-07-09 15:26:14 - [MESSAGE][PASSED] - Execute JavaScript 'var previewBar = document.getElementById("preview-bar-iframe"); previewBar.style.display = "none";' successfully

2019-07-09 15:26:14 - [TEST_STEP][PASSED] - maximizeWindow(): Current window maximized

2019-07-09 15:26:14 - [MESSAGE][PASSED] - Current window maximized

2019-07-09 15:26:14 - [MESSAGE][PASSED] - Call Test Case 'Test Cases/CALL - URL' successfully

2019-07-09 15:26:14 - [TEST_STEP][PASSED] - delay(1): Delayed 1 second(s)

2019-07-09 15:26:15 - [MESSAGE][PASSED] - Delayed 1 second(s)

2019-07-09 15:26:15 - [TEST_STEP][PASSED] - click(findTestObject("APOLLO- Desktop/Burger Menu/Burgermenu")): Object: 'Object Repository/APOLLO- Desktop/Burger Menu/Burgermenu' is clicked on

2019-07-09 15:26:15 - [MESSAGE][PASSED] - Object: 'Object Repository/APOLLO- Desktop/Burger Menu/Burgermenu' is clicked on

2019-07-09 15:26:15 - [TEST_STEP][PASSED] - delay(2): Delayed 2 second(s)

2019-07-09 15:26:17 - [MESSAGE][PASSED] - Delayed 2 second(s)

2019-07-09 15:26:17 - [TEST_STEP][PASSED] - click(findTestObject("APOLLO- Desktop/Burger Menu/Shop food")): Object: 'Object Repository/APOLLO- Desktop/Burger Menu/Shop food' is clicked on

2019-07-09 15:26:17 - [MESSAGE][PASSED] - Object: 'Object Repository/APOLLO- Desktop/Burger Menu/Shop food' is clicked on

2019-07-09 15:26:17 - [TEST_STEP][PASSED] - delay(2): Delayed 2 second(s)

2019-07-09 15:26:19 - [MESSAGE][PASSED] - Delayed 2 second(s)

2019-07-09 15:26:19 - [TEST_STEP][PASSED] - click(findTestObject("APOLLO- Desktop/Burger Menu/Beef")): Object: 'Object Repository/APOLLO- Desktop/Burger Menu/Beef' is clicked on

2019-07-09 15:26:34 - [MESSAGE][PASSED] - Object: 'Object Repository/APOLLO- Desktop/Burger Menu/Beef' is clicked on

2019-07-09 15:26:34 - [TEST_STEP][PASSED] - delay(2): Delayed 2 second(s)

2019-07-09 15:26:36 - [MESSAGE][PASSED] - Delayed 2 second(s)

2019-07-09 15:26:36 - [TEST_STEP][PASSED] - executeJavaScript("var previewBar = document.getElementById("preview-bar-iframe"); previewBar.style.display = "none";", []): Execute JavaScript 'var previewBar = document.getElementById("preview-bar-iframe"); previewBar.style.display = "none";' successfully

2019-07-09 15:26:36 - [MESSAGE][PASSED] - Execute JavaScript 'var previewBar = document.getElementById("preview-bar-iframe"); previewBar.style.display = "none";' successfully

2019-07-09 15:26:36 - [TEST_STEP][PASSED] - delay(2): Delayed 2 second(s)

2019-07-09 15:26:38 - [MESSAGE][PASSED] - Delayed 2 second(s)

2019-07-09 15:26:38 - [TEST_STEP][PASSED] - click(findTestObject("APOLLO- Desktop/Collection page/Beef skewers")): Object: 'Object Repository/APOLLO- Desktop/Collection page/Beef skewers' is clicked on

2019-07-09 15:26:52 - [MESSAGE][PASSED] - Object: 'Object Repository/APOLLO- Desktop/Collection page/Beef skewers' is clicked on

2019-07-09 15:26:52 - [TEST_STEP][PASSED] - executeJavaScript("var previewBar = document.getElementById("preview-bar-iframe"); previewBar.style.display = "none";", []): Execute JavaScript 'var previewBar = document.getElementById("preview-bar-iframe"); previewBar.style.display = "none";' successfully

2019-07-09 15:26:52 - [MESSAGE][PASSED] - Execute JavaScript 'var previewBar = document.getElementById("preview-bar-iframe"); previewBar.style.display = "none";' successfully

2019-07-09 15:26:52 - [TEST_STEP][PASSED] - delay(2): Delayed 2 second(s)

2019-07-09 15:26:54 - [MESSAGE][PASSED] - Delayed 2 second(s)

2019-07-09 15:26:54 - [TEST_STEP][PASSED] - click(findTestObject("APOLLO- Desktop/Product page/1 piece")): Object: 'Object Repository/APOLLO- Desktop/Product page/1 piece' is clicked on

2019-07-09 15:26:54 - [MESSAGE][PASSED] - Object: 'Object Repository/APOLLO- Desktop/Product page/1 piece' is clicked on

2019-07-09 15:26:54 - [TEST_STEP][PASSED] - delay(2): Delayed 2 second(s)

2019-07-09 15:26:56 - [MESSAGE][PASSED] - Delayed 2 second(s)

2019-07-09 15:26:56 - [TEST_STEP][PASSED] - delay(2): Delayed 2 second(s)

2019-07-09 15:26:58 - [MESSAGE][PASSED] - Delayed 2 second(s)

2019-07-09 15:26:58 - [TEST_STEP][PASSED] - click(findTestObject("APOLLO- Desktop/Product page/Increase qunatity - prod page")): Object: 'Object Repository/APOLLO- Desktop/Product page/Increase qunatity - prod page' is clicked on

2019-07-09 15:26:59 - [MESSAGE][PASSED] - Object: 'Object Repository/APOLLO- Desktop/Product page/Increase qunatity - prod page' is clicked on

2019-07-09 15:26:59 - [TEST_STEP][PASSED] - delay(2): Delayed 2 second(s)

2019-07-09 15:27:01 - [MESSAGE][PASSED] - Delayed 2 second(s)

2019-07-09 15:27:01 - [TEST_STEP][PASSED] - click(findTestObject("APOLLO- Desktop/Product page/Increase qunatity - prod page")): Object: 'Object Repository/APOLLO- Desktop/Product page/Increase qunatity - prod page' is clicked on

2019-07-09 15:27:01 - [MESSAGE][PASSED] - Object: 'Object Repository/APOLLO- Desktop/Product page/Increase qunatity - prod page' is clicked on

2019-07-09 15:27:01 - [TEST_STEP][PASSED] - delay(2): Delayed 2 second(s)

2019-07-09 15:27:03 - [MESSAGE][PASSED] - Delayed 2 second(s)

2019-07-09 15:27:03 - [TEST_STEP][PASSED] - click(findTestObject("APOLLO- Desktop/Product page/Increase qunatity - prod page")): Object: 'Object Repository/APOLLO- Desktop/Product page/Increase qunatity - prod page' is clicked on

2019-07-09 15:27:03 - [MESSAGE][PASSED] - Object: 'Object Repository/APOLLO- Desktop/Product page/Increase qunatity - prod page' is clicked on

2019-07-09 15:27:03 - [TEST_STEP][PASSED] - delay(2): Delayed 2 second(s)

2019-07-09 15:27:05 - [MESSAGE][PASSED] - Delayed 2 second(s)

2019-07-09 15:27:05 - [TEST_STEP][PASSED] - click(findTestObject("APOLLO- Desktop/Product page/Increase qunatity - prod page")): Object: 'Object Repository/APOLLO- Desktop/Product page/Increase qunatity - prod page' is clicked on

2019-07-09 15:27:05 - [MESSAGE][PASSED] - Object: 'Object Repository/APOLLO- Desktop/Product page/Increase qunatity - prod page' is clicked on

2019-07-09 15:27:05 - [TEST_STEP][PASSED] - delay(2): Delayed 2 second(s)

2019-07-09 15:27:07 - [MESSAGE][PASSED] - Delayed 2 second(s)

2019-07-09 15:27:07 - [TEST_STEP][PASSED] - click(findTestObject("APOLLO- Desktop/Product page/Increase qunatity - prod page")): Object: 'Object Repository/APOLLO- Desktop/Product page/Increase qunatity - prod page' is clicked on

2019-07-09 15:27:07 - [MESSAGE][PASSED] - Object: 'Object Repository/APOLLO- Desktop/Product page/Increase qunatity - prod page' is clicked on

2019-07-09 15:27:07 - [TEST_STEP][PASSED] - delay(2): Delayed 2 second(s)

2019-07-09 15:27:09 - [MESSAGE][PASSED] - Delayed 2 second(s)

2019-07-09 15:27:09 - [TEST_STEP][PASSED] - click(findTestObject("APOLLO- Desktop/Product page/Add to bag")): Object: 'Object Repository/APOLLO- Desktop/Product page/Add to bag' is clicked on

2019-07-09 15:27:09 - [MESSAGE][PASSED] - Object: 'Object Repository/APOLLO- Desktop/Product page/Add to bag' is clicked on

2019-07-09 15:27:09 - [TEST_STEP][PASSED] - delay(2): Delayed 2 second(s)

2019-07-09 15:27:11 - [MESSAGE][PASSED] - Delayed 2 second(s)

2019-07-09 15:27:11 - [TEST_STEP][PASSED] - delay(2): Delayed 2 second(s)

2019-07-09 15:27:13 - [MESSAGE][PASSED] - Delayed 2 second(s)

2019-07-09 15:27:13 - [TEST_STEP][PASSED] - click(findTestObject("APOLLO- Desktop/Cart flyout/Checkout")): Object: 'Object Repository/APOLLO- Desktop/Cart flyout/Checkout' is clicked on

2019-07-09 15:27:20 - [MESSAGE][PASSED] - Object: 'Object Repository/APOLLO- Desktop/Cart flyout/Checkout' is clicked on

2019-07-09 15:27:20 - [TEST_STEP][PASSED] - delay(2): Delayed 2 second(s)

2019-07-09 15:27:22 - [MESSAGE][PASSED] - Delayed 2 second(s)

2019-07-09 15:27:22 - [TEST_STEP][PASSED] - click(findTestObject("APOLLO- Desktop/Customer Information page/Cart page breadcrumb")): Object: 'Object Repository/APOLLO- Desktop/Customer Information page/Cart page breadcrumb' is clicked on

2019-07-09 15:27:26 - [MESSAGE][PASSED] - Object: 'Object Repository/APOLLO- Desktop/Customer Information page/Cart page breadcrumb' is clicked on

2019-07-09 15:27:26 - [TEST_STEP][PASSED] - executeJavaScript("var previewBar = document.getElementById("preview-bar-iframe"); previewBar.style.display = "none";", []): Execute JavaScript 'var previewBar = document.getElementById("preview-bar-iframe"); previewBar.style.display = "none";' successfully

2019-07-09 15:27:26 - [MESSAGE][PASSED] - Execute JavaScript 'var previewBar = document.getElementById("preview-bar-iframe"); previewBar.style.display = "none";' successfully

2019-07-09 15:27:26 - [TEST_STEP][PASSED] - delay(2): Delayed 2 second(s)

2019-07-09 15:27:28 - [MESSAGE][PASSED] - Delayed 2 second(s)

2019-07-09 15:27:28 - [TEST_STEP][PASSED] - a = getText(findTestObject("APOLLO- Desktop/Cart page/Subtotal in cart page")): Text of object 'Object Repository/APOLLO- Desktop/Cart page/Subtotal in cart page' is: '$51.00'

2019-07-09 15:27:28 - [MESSAGE][PASSED] - Text of object 'Object Repository/APOLLO- Desktop/Cart page/Subtotal in cart page' is: '$51.00'

2019-07-09 15:27:28 - [TEST_STEP][PASSED] - comment("a=" + a): a=$51.00

2019-07-09 15:27:28 - [MESSAGE][INFO] - a=$51.00

2019-07-09 15:27:28 - [TEST_STEP][PASSED] - delay(2): Delayed 2 second(s)

2019-07-09 15:27:30 - [MESSAGE][PASSED] - Delayed 2 second(s)

2019-07-09 15:27:30 - [TEST_STEP][PASSED] - click(findTestObject("APOLLO- Desktop/Cart page/Decrease quantity - cart page")): Object: 'Object Repository/APOLLO- Desktop/Cart page/Decrease quantity - cart page' is clicked on

2019-07-09 15:27:30 - [MESSAGE][PASSED] - Object: 'Object Repository/APOLLO- Desktop/Cart page/Decrease quantity - cart page' is clicked on

2019-07-09 15:27:30 - [TEST_STEP][PASSED] - delay(2): Delayed 2 second(s)

2019-07-09 15:27:32 - [MESSAGE][PASSED] - Delayed 2 second(s)

2019-07-09 15:27:32 - [TEST_STEP][PASSED] - click(findTestObject("APOLLO- Desktop/Cart page/Decrease quantity - cart page")): Object: 'Object Repository/APOLLO- Desktop/Cart page/Decrease quantity - cart page' is clicked on

2019-07-09 15:27:32 - [MESSAGE][PASSED] - Object: 'Object Repository/APOLLO- Desktop/Cart page/Decrease quantity - cart page' is clicked on

2019-07-09 15:27:32 - [TEST_STEP][PASSED] - delay(2): Delayed 2 second(s)

2019-07-09 15:27:34 - [MESSAGE][PASSED] - Delayed 2 second(s)

2019-07-09 15:27:34 - [TEST_STEP][PASSED] - click(findTestObject("APOLLO- Desktop/Cart page/Decrease quantity - cart page")): Object: 'Object Repository/APOLLO- Desktop/Cart page/Decrease quantity - cart page' is clicked on

2019-07-09 15:27:34 - [MESSAGE][PASSED] - Object: 'Object Repository/APOLLO- Desktop/Cart page/Decrease quantity - cart page' is clicked on

2019-07-09 15:27:34 - [TEST_STEP][PASSED] - delay(2): Delayed 2 second(s)

2019-07-09 15:27:36 - [MESSAGE][PASSED] - Delayed 2 second(s)

2019-07-09 15:27:36 - [TEST_STEP][PASSED] - setText(findTestObject("APOLLO- Desktop/Cart flyout/CArt quanty update"), "1"): Text '1' is set on object 'Object Repository/APOLLO- Desktop/Cart flyout/CArt quanty update'

2019-07-09 15:27:37 - [MESSAGE][PASSED] - Text '1' is set on object 'Object Repository/APOLLO- Desktop/Cart flyout/CArt quanty update'

2019-07-09 15:27:37 - [TEST_STEP][PASSED] - delay(2): Delayed 2 second(s)

2019-07-09 15:27:39 - [MESSAGE][PASSED] - Delayed 2 second(s)

2019-07-09 15:27:39 - [TEST_STEP][PASSED] - click(findTestObject("APOLLO- Desktop/Cart page/Click outside the page")): Object: 'Object Repository/APOLLO- Desktop/Cart page/Click outside the page' is clicked on

2019-07-09 15:27:39 - [MESSAGE][PASSED] - Object: 'Object Repository/APOLLO- Desktop/Cart page/Click outside the page' is clicked on

2019-07-09 15:27:39 - [TEST_STEP][PASSED] - delay(2): Delayed 2 second(s)

2019-07-09 15:27:41 - [MESSAGE][PASSED] - Delayed 2 second(s)

2019-07-09 15:27:41 - [TEST_STEP][PASSED] - b = getText(findTestObject("APOLLO- Desktop/Cart page/Subtotal in cart page")): Text of object 'Object Repository/APOLLO- Desktop/Cart page/Subtotal in cart page' is: '$8.50'

2019-07-09 15:27:41 - [MESSAGE][PASSED] - Text of object 'Object Repository/APOLLO- Desktop/Cart page/Subtotal in cart page' is: '$8.50'

2019-07-09 15:27:41 - [TEST_STEP][PASSED] - comment("b=" + b): b=$8.50

2019-07-09 15:27:41 - [MESSAGE][INFO] - b=$8.50

2019-07-09 15:27:41 - [TEST_STEP][PASSED] - verifyNotEqual("a", "b"): Actual object 'a' and expected object 'b' are not equal

2019-07-09 15:27:41 - [MESSAGE][PASSED] - Actual object 'a' and expected object 'b' are not equal

2019-07-09 15:27:41 - [TEST_STEP][PASSED] - delay(2): Delayed 2 second(s)

2019-07-09 15:27:43 - [MESSAGE][PASSED] - Delayed 2 second(s)

2019-07-09 15:27:43 - [TEST_STEP][PASSED] - click(findTestObject("APOLLO- Desktop/Cart flyout/Checkout")): Object: 'Object Repository/APOLLO- Desktop/Cart flyout/Checkout' is clicked on

2019-07-09 15:27:45 - [MESSAGE][PASSED] - Object: 'Object Repository/APOLLO- Desktop/Cart flyout/Checkout' is clicked on

2019-07-09 15:27:45 - [TEST_STEP][PASSED] - delay(2): Delayed 2 second(s)

2019-07-09 15:27:47 - [MESSAGE][PASSED] - Delayed 2 second(s)

2019-07-09 15:27:47 - [TEST_STEP][PASSED] - callTestCase(findTestCase("CALL- CUSTOMER INFO PAGE"), [:], STOP_ON_FAILURE): Call Test Case 'Test Cases/CALL- CUSTOMER INFO PAGE' successfully

2019-07-09 15:27:47 - [TEST_CASE][PASSED] - Test Cases/CALL- CUSTOMER INFO PAGE: Test Cases/CALL- CUSTOMER INFO PAGE

2019-07-09 15:27:47 - [TEST_STEP][PASSED] - delay(2): Delayed 2 second(s)

2019-07-09 15:27:49 - [MESSAGE][PASSED] - Delayed 2 second(s)

2019-07-09 15:27:49 - [TEST_STEP][PASSED] - executeJavaScript("var previewBar = document.getElementById("preview-bar-iframe"); previewBar.style.display = "none";", []): Execute JavaScript 'var previewBar = document.getElementById("preview-bar-iframe"); previewBar.style.display = "none";' successfully

2019-07-09 15:27:49 - [MESSAGE][PASSED] - Execute JavaScript 'var previewBar = document.getElementById("preview-bar-iframe"); previewBar.style.display = "none";' successfully

2019-07-09 15:27:49 - [TEST_STEP][PASSED] - setText(findTestObject("APOLLO- Desktop/Customer Information page/Email"), "suman@gmail.com"): Text 'suman@gmail.com' is set on object 'Object Repository/APOLLO- Desktop/Customer Information page/Email'

2019-07-09 15:27:50 - [MESSAGE][PASSED] - Text 'suman@gmail.com' is set on object 'Object Repository/APOLLO- Desktop/Customer Information page/Email'

2019-07-09 15:27:50 - [TEST_STEP][PASSED] - delay(2): Delayed 2 second(s)

2019-07-09 15:27:52 - [MESSAGE][PASSED] - Delayed 2 second(s)

2019-07-09 15:27:52 - [TEST_STEP][PASSED] - setText(findTestObject("APOLLO- Desktop/Customer Information page/First name"), "suman"): Text 'suman' is set on object 'Object Repository/APOLLO- Desktop/Customer Information page/First name'

2019-07-09 15:27:52 - [MESSAGE][PASSED] - Text 'suman' is set on object 'Object Repository/APOLLO- Desktop/Customer Information page/First name'

2019-07-09 15:27:52 - [TEST_STEP][PASSED] - delay(2): Delayed 2 second(s)

2019-07-09 15:27:54 - [MESSAGE][PASSED] - Delayed 2 second(s)

2019-07-09 15:27:54 - [TEST_STEP][PASSED] - setText(findTestObject("APOLLO- Desktop/Customer Information page/Last name"), "kompelly"): Text 'kompelly' is set on object 'Object Repository/APOLLO- Desktop/Customer Information page/Last name'

2019-07-09 15:27:54 - [MESSAGE][PASSED] - Text 'kompelly' is set on object 'Object Repository/APOLLO- Desktop/Customer Information page/Last name'

2019-07-09 15:27:54 - [TEST_STEP][PASSED] - delay(2): Delayed 2 second(s)

2019-07-09 15:27:56 - [MESSAGE][PASSED] - Delayed 2 second(s)

2019-07-09 15:27:56 - [TEST_STEP][PASSED] - setText(findTestObject("APOLLO- Desktop/Customer Information page/Address"), "1435 st alxendre"): Text '1435 st alxendre' is set on object 'Object Repository/APOLLO- Desktop/Customer Information page/Address'

2019-07-09 15:27:56 - [MESSAGE][PASSED] - Text '1435 st alxendre' is set on object 'Object Repository/APOLLO- Desktop/Customer Information page/Address'

2019-07-09 15:27:56 - [TEST_STEP][PASSED] - setText(findTestObject("APOLLO- Desktop/Customer Information page/Apartment"), "220"): Text '220' is set on object 'Object Repository/APOLLO- Desktop/Customer Information page/Apartment'

2019-07-09 15:27:56 - [MESSAGE][PASSED] - Text '220' is set on object 'Object Repository/APOLLO- Desktop/Customer Information page/Apartment'

2019-07-09 15:27:56 - [TEST_STEP][PASSED] - setText(findTestObject("APOLLO- Desktop/Customer Information page/City"), "montreal"): Text 'montreal' is set on object 'Object Repository/APOLLO- Desktop/Customer Information page/City'

2019-07-09 15:27:56 - [MESSAGE][PASSED] - Text 'montreal' is set on object 'Object Repository/APOLLO- Desktop/Customer Information page/City'

2019-07-09 15:27:56 - [TEST_STEP][PASSED] - selectOptionByValue(findTestObject("APOLLO- Desktop/Customer Information page/Country dropdown"), "United States", true): All options with value 'United States' are selected in object 'Object Repository/APOLLO- Desktop/Customer Information page/Country dropdown'  using regular expression

2019-07-09 15:28:00 - [MESSAGE][PASSED] - All options with value 'United States' are selected in object 'Object Repository/APOLLO- Desktop/Customer Information page/Country dropdown'  using regular expression

2019-07-09 15:28:00 - [TEST_STEP][PASSED] - selectOptionByValue(findTestObject("APOLLO- Desktop/Customer Information page/states dropdown"), "NJ", true): All options with value 'NJ' are selected in object 'Object Repository/APOLLO- Desktop/Customer Information page/states dropdown'  using regular expression

2019-07-09 15:28:01 - [MESSAGE][PASSED] - All options with value 'NJ' are selected in object 'Object Repository/APOLLO- Desktop/Customer Information page/states dropdown'  using regular expression

2019-07-09 15:28:01 - [TEST_STEP][PASSED] - setText(findTestObject("APOLLO- Desktop/Customer Information page/ZIP code"), "07057"): Text '07057' is set on object 'Object Repository/APOLLO- Desktop/Customer Information page/ZIP code'

2019-07-09 15:28:01 - [MESSAGE][PASSED] - Text '07057' is set on object 'Object Repository/APOLLO- Desktop/Customer Information page/ZIP code'

2019-07-09 15:28:01 - [MESSAGE][PASSED] - Call Test Case 'Test Cases/CALL- CUSTOMER INFO PAGE' successfully

2019-07-09 15:28:01 - [TEST_STEP][PASSED] - delay(2): Delayed 2 second(s)

2019-07-09 15:28:03 - [MESSAGE][PASSED] - Delayed 2 second(s)

2019-07-09 15:28:03 - [TEST_STEP][PASSED] - executeJavaScript("var previewBar = document.getElementById("preview-bar-iframe"); previewBar.style.display = "none";", []): Execute JavaScript 'var previewBar = document.getElementById("preview-bar-iframe"); previewBar.style.display = "none";' successfully

2019-07-09 15:28:03 - [MESSAGE][PASSED] - Execute JavaScript 'var previewBar = document.getElementById("preview-bar-iframe"); previewBar.style.display = "none";' successfully

2019-07-09 15:28:03 - [TEST_STEP][PASSED] - click(findTestObject("APOLLO- Desktop/Customer Information page/Continue to shipping")): Object: 'Object Repository/APOLLO- Desktop/Customer Information page/Continue to shipping' is clicked on

2019-07-09 15:28:05 - [MESSAGE][PASSED] - Object: 'Object Repository/APOLLO- Desktop/Customer Information page/Continue to shipping' is clicked on

2019-07-09 15:28:05 - [TEST_STEP][PASSED] - delay(1): Delayed 1 second(s)

2019-07-09 15:28:06 - [MESSAGE][PASSED] - Delayed 1 second(s)

2019-07-09 15:28:06 - [TEST_STEP][PASSED] - click(findTestObject("APOLLO- Desktop/Shipping page/Radio button check")): Object: 'Object Repository/APOLLO- Desktop/Shipping page/Radio button check' is clicked on

2019-07-09 15:28:07 - [MESSAGE][PASSED] - Object: 'Object Repository/APOLLO- Desktop/Shipping page/Radio button check' is clicked on

2019-07-09 15:28:07 - [TEST_STEP][PASSED] - executeJavaScript("var previewBar = document.getElementById("preview-bar-iframe"); previewBar.style.display = "none";", []): Execute JavaScript 'var previewBar = document.getElementById("preview-bar-iframe"); previewBar.style.display = "none";' successfully

2019-07-09 15:28:07 - [MESSAGE][PASSED] - Execute JavaScript 'var previewBar = document.getElementById("preview-bar-iframe"); previewBar.style.display = "none";' successfully

2019-07-09 15:28:07 - [TEST_STEP][PASSED] - delay(1): Delayed 1 second(s)

2019-07-09 15:28:08 - [MESSAGE][PASSED] - Delayed 1 second(s)

2019-07-09 15:28:08 - [TEST_STEP][PASSED] - click(findTestObject("APOLLO- Desktop/Shipping page/Continue to payment")): Object: 'Object Repository/APOLLO- Desktop/Shipping page/Continue to payment' is clicked on

2019-07-09 15:28:09 - [MESSAGE][PASSED] - Object: 'Object Repository/APOLLO- Desktop/Shipping page/Continue to payment' is clicked on

2019-07-09 15:28:09 - [TEST_STEP][PASSED] - delay(1): Delayed 1 second(s)

2019-07-09 15:28:10 - [MESSAGE][PASSED] - Delayed 1 second(s)

2019-07-09 15:28:10 - [TEST_STEP][FAILED] - click(findTestObject("APOLLO- Desktop/payment page/Payment section")): click(findTestObject("APOLLO- Desktop/payment page/Payment section")) FAILED.
Reason:
com.kms.katalon.core.exception.StepFailedException: Unable to click on object 'Object Repository/APOLLO- Desktop/payment page/Payment section' (Root cause: com.kms.katalon.core.webui.exception.WebElementNotFoundException: Web element with id: 'Object Repository/APOLLO- Desktop/payment page/Payment section' located by 'By.xpath: (.//*[normalize-space(text()) and normalize-space(.)='Apply Discount Code'])[1]/following::div[1]' not found)
	at com.kms.katalon.core.keyword.internal.KeywordMain.stepFailed(KeywordMain.groovy:36)
	at com.kms.katalon.core.webui.keyword.internal.WebUIKeywordMain.stepFailed(WebUIKeywordMain.groovy:65)
	at com.kms.katalon.core.webui.keyword.internal.WebUIKeywordMain.runKeyword(WebUIKeywordMain.groovy:27)
	at com.kms.katalon.core.webui.keyword.builtin.ClickKeyword.click(ClickKeyword.groovy:86)
	at com.kms.katalon.core.webui.keyword.builtin.ClickKeyword.execute(ClickKeyword.groovy:67)
	at com.kms.katalon.core.keyword.internal.KeywordExecutor.executeKeywordForPlatform(KeywordExecutor.groovy:53)
	at com.kms.katalon.core.webui.keyword.WebUiBuiltInKeywords.click(WebUiBuiltInKeywords.groovy:616)
	at com.kms.katalon.core.webui.keyword.WebUiBuiltInKeywords$click$3.call(Unknown Source)
	at Decrease quantity - cart page.run(Decrease quantity - cart page:147)
	at com.kms.katalon.core.main.ScriptEngine.run(ScriptEngine.java:194)
	at com.kms.katalon.core.main.ScriptEngine.runScriptAsRawText(ScriptEngine.java:119)
	at com.kms.katalon.core.main.TestCaseExecutor.runScript(TestCaseExecutor.java:328)
	at com.kms.katalon.core.main.TestCaseExecutor.doExecute(TestCaseExecutor.java:319)
	at com.kms.katalon.core.main.TestCaseExecutor.processExecutionPhase(TestCaseExecutor.java:298)
	at com.kms.katalon.core.main.TestCaseExecutor.accessMainPhase(TestCaseExecutor.java:290)
	at com.kms.katalon.core.main.TestCaseExecutor.execute(TestCaseExecutor.java:224)
	at com.kms.katalon.core.main.TestSuiteExecutor.accessTestCaseMainPhase(TestSuiteExecutor.java:129)
	at com.kms.katalon.core.main.TestSuiteExecutor.accessTestSuiteMainPhase(TestSuiteExecutor.java:112)
	at com.kms.katalon.core.main.TestSuiteExecutor.execute(TestSuiteExecutor.java:81)
	at com.kms.katalon.core.main.TestCaseMain.startTestSuite(TestCaseMain.java:149)
	at com.kms.katalon.core.main.TestCaseMain$startTestSuite$0.call(Unknown Source)
	at TempTestSuite1562698926915.run(TempTestSuite1562698926915.groovy:36)


2019-07-09 15:28:41 - [MESSAGE][INFO] - Unable to find the element located by 'By.xpath: (.//*[normalize-space(text()) and normalize-space(.)='Apply Discount Code'])[1]/following::div[1]'. Please recheck the objects properties to make sure the desired element is located. 

2019-07-09 15:28:42 - [MESSAGE][FAILED] - Unable to click on object 'Object Repository/APOLLO- Desktop/payment page/Payment section' (Root cause: com.kms.katalon.core.webui.exception.WebElementNotFoundException: Web element with id: 'Object Repository/APOLLO- Desktop/payment page/Payment section' located by 'By.xpath: (.//*[normalize-space(text()) and normalize-space(.)='Apply Discount Code'])[1]/following::div[1]' not found)
[[ATTACHMENT|/Users/sumankompelly/Katalon Studio/APOLLO - FIRE/APOLLO - FIRE- DESKTOP/Reports/0.5.5/20190709_150206/1562700521709.png]]

2019-07-09 15:28:42 - [MESSAGE][FAILED] - click(findTestObject("APOLLO- Desktop/payment page/Payment section")) FAILED.
Reason:
com.kms.katalon.core.exception.StepFailedException: Unable to click on object 'Object Repository/APOLLO- Desktop/payment page/Payment section' (Root cause: com.kms.katalon.core.webui.exception.WebElementNotFoundException: Web element with id: 'Object Repository/APOLLO- Desktop/payment page/Payment section' located by 'By.xpath: (.//*[normalize-space(text()) and normalize-space(.)='Apply Discount Code'])[1]/following::div[1]' not found)
	at com.kms.katalon.core.keyword.internal.KeywordMain.stepFailed(KeywordMain.groovy:36)
	at com.kms.katalon.core.webui.keyword.internal.WebUIKeywordMain.stepFailed(WebUIKeywordMain.groovy:65)
	at com.kms.katalon.core.webui.keyword.internal.WebUIKeywordMain.runKeyword(WebUIKeywordMain.groovy:27)
	at com.kms.katalon.core.webui.keyword.builtin.ClickKeyword.click(ClickKeyword.groovy:86)
	at com.kms.katalon.core.webui.keyword.builtin.ClickKeyword.execute(ClickKeyword.groovy:67)
	at com.kms.katalon.core.keyword.internal.KeywordExecutor.executeKeywordForPlatform(KeywordExecutor.groovy:53)
	at com.kms.katalon.core.webui.keyword.WebUiBuiltInKeywords.click(WebUiBuiltInKeywords.groovy:616)
	at com.kms.katalon.core.webui.keyword.WebUiBuiltInKeywords$click$3.call(Unknown Source)
	at Decrease quantity - cart page.run(Decrease quantity - cart page:147)
	at com.kms.katalon.core.main.ScriptEngine.run(ScriptEngine.java:194)
	at com.kms.katalon.core.main.ScriptEngine.runScriptAsRawText(ScriptEngine.java:119)
	at com.kms.katalon.core.main.TestCaseExecutor.runScript(TestCaseExecutor.java:328)
	at com.kms.katalon.core.main.TestCaseExecutor.doExecute(TestCaseExecutor.java:319)
	at com.kms.katalon.core.main.TestCaseExecutor.processExecutionPhase(TestCaseExecutor.java:298)
	at com.kms.katalon.core.main.TestCaseExecutor.accessMainPhase(TestCaseExecutor.java:290)
	at com.kms.katalon.core.main.TestCaseExecutor.execute(TestCaseExecutor.java:224)
	at com.kms.katalon.core.main.TestSuiteExecutor.accessTestCaseMainPhase(TestSuiteExecutor.java:129)
	at com.kms.katalon.core.main.TestSuiteExecutor.accessTestSuiteMainPhase(TestSuiteExecutor.java:112)
	at com.kms.katalon.core.main.TestSuiteExecutor.execute(TestSuiteExecutor.java:81)
	at com.kms.katalon.core.main.TestCaseMain.startTestSuite(TestCaseMain.java:149)
	at com.kms.katalon.core.main.TestCaseMain$startTestSuite$0.call(Unknown Source)
	at TempTestSuite1562698926915.run(TempTestSuite1562698926915.groovy:36)]]></system-out>
         <system-err><![CDATA[2019-07-09 15:26:00 - [TEST_CASE][FAILED] - Test Cases/CRITICAL PATH/Decrease quantity - cart page: Test Cases/CRITICAL PATH/Decrease quantity - cart page FAILED.
Reason:
com.kms.katalon.core.exception.StepFailedException: Unable to click on object 'Object Repository/APOLLO- Desktop/payment page/Payment section' (Root cause: com.kms.katalon.core.webui.exception.WebElementNotFoundException: Web element with id: 'Object Repository/APOLLO- Desktop/payment page/Payment section' located by 'By.xpath: (.//*[normalize-space(text()) and normalize-space(.)='Apply Discount Code'])[1]/following::div[1]' not found)
	at com.kms.katalon.core.keyword.internal.KeywordMain.stepFailed(KeywordMain.groovy:36)
	at com.kms.katalon.core.webui.keyword.internal.WebUIKeywordMain.stepFailed(WebUIKeywordMain.groovy:65)
	at com.kms.katalon.core.webui.keyword.internal.WebUIKeywordMain.runKeyword(WebUIKeywordMain.groovy:27)
	at com.kms.katalon.core.webui.keyword.builtin.ClickKeyword.click(ClickKeyword.groovy:86)
	at com.kms.katalon.core.webui.keyword.builtin.ClickKeyword.execute(ClickKeyword.groovy:67)
	at com.kms.katalon.core.keyword.internal.KeywordExecutor.executeKeywordForPlatform(KeywordExecutor.groovy:53)
	at com.kms.katalon.core.webui.keyword.WebUiBuiltInKeywords.click(WebUiBuiltInKeywords.groovy:616)
	at com.kms.katalon.core.webui.keyword.WebUiBuiltInKeywords$click$3.call(Unknown Source)
	at Decrease quantity - cart page.run(Decrease quantity - cart page:147)
	at com.kms.katalon.core.main.ScriptEngine.run(ScriptEngine.java:194)
	at com.kms.katalon.core.main.ScriptEngine.runScriptAsRawText(ScriptEngine.java:119)
	at com.kms.katalon.core.main.TestCaseExecutor.runScript(TestCaseExecutor.java:328)
	at com.kms.katalon.core.main.TestCaseExecutor.doExecute(TestCaseExecutor.java:319)
	at com.kms.katalon.core.main.TestCaseExecutor.processExecutionPhase(TestCaseExecutor.java:298)
	at com.kms.katalon.core.main.TestCaseExecutor.accessMainPhase(TestCaseExecutor.java:290)
	at com.kms.katalon.core.main.TestCaseExecutor.execute(TestCaseExecutor.java:224)
	at com.kms.katalon.core.main.TestSuiteExecutor.accessTestCaseMainPhase(TestSuiteExecutor.java:129)
	at com.kms.katalon.core.main.TestSuiteExecutor.accessTestSuiteMainPhase(TestSuiteExecutor.java:112)
	at com.kms.katalon.core.main.TestSuiteExecutor.execute(TestSuiteExecutor.java:81)
	at com.kms.katalon.core.main.TestCaseMain.startTestSuite(TestCaseMain.java:149)
	at com.kms.katalon.core.main.TestCaseMain$startTestSuite$0.call(Unknown Source)
	at TempTestSuite1562698926915.run(TempTestSuite1562698926915.groovy:36)]]></system-err>
      </testcase>
      <testcase name="Test Cases/CRITICAL PATH/Adding product - Search flyout" classname="Test Cases/CRITICAL PATH/Adding product - Search flyout" status="FAILED">
         <failure type="FAILED" message="Test Cases/CRITICAL PATH/Adding product - Search flyout FAILED.
Reason:
com.kms.katalon.core.exception.StepFailedException: Unable to click on object 'Object Repository/APOLLO- Desktop/Product page/Add to bag - Copy' (Root cause: com.kms.katalon.core.webui.exception.WebElementNotFoundException: Web element with id: 'Object Repository/APOLLO- Desktop/Product page/Add to bag - Copy' located by 'By.xpath: //button[@class='o-btn o-btn--large o-btn--secondary js-product-atc'][count(. | //button[(text() = 'Add to bag' or . = 'Add to bag')]) = count(//button[(text() = 'Add to bag' or . = 'Add to bag')])]' not found)
	at com.kms.katalon.core.keyword.internal.KeywordMain.stepFailed(KeywordMain.groovy:32)
	at com.kms.katalon.core.webui.keyword.internal.WebUIKeywordMain.stepFailed(WebUIKeywordMain.groovy:65)
	at com.kms.katalon.core.webui.keyword.internal.WebUIKeywordMain.runKeyword(WebUIKeywordMain.groovy:27)
	at com.kms.katalon.core.webui.keyword.builtin.ClickKeyword.click(ClickKeyword.groovy:86)
	at com.kms.katalon.core.webui.keyword.builtin.ClickKeyword.execute(ClickKeyword.groovy:67)
	at com.kms.katalon.core.keyword.internal.KeywordExecutor.executeKeywordForPlatform(KeywordExecutor.groovy:53)
	at com.kms.katalon.core.webui.keyword.WebUiBuiltInKeywords.click(WebUiBuiltInKeywords.groovy:604)
	at com.kms.katalon.core.webui.keyword.WebUiBuiltInKeywords$click$18.call(Unknown Source)
	at Adding product - Search flyout.run(Adding product - Search flyout:72)
	at com.kms.katalon.core.main.ScriptEngine.run(ScriptEngine.java:194)
	at com.kms.katalon.core.main.ScriptEngine.runScriptAsRawText(ScriptEngine.java:119)
	at com.kms.katalon.core.main.TestCaseExecutor.runScript(TestCaseExecutor.java:328)
	at com.kms.katalon.core.main.TestCaseExecutor.doExecute(TestCaseExecutor.java:319)
	at com.kms.katalon.core.main.TestCaseExecutor.processExecutionPhase(TestCaseExecutor.java:298)
	at com.kms.katalon.core.main.TestCaseExecutor.accessMainPhase(TestCaseExecutor.java:290)
	at com.kms.katalon.core.main.TestCaseExecutor.execute(TestCaseExecutor.java:224)
	at com.kms.katalon.core.main.TestSuiteExecutor.accessTestCaseMainPhase(TestSuiteExecutor.java:129)
	at com.kms.katalon.core.main.TestSuiteExecutor.accessTestSuiteMainPhase(TestSuiteExecutor.java:112)
	at com.kms.katalon.core.main.TestSuiteExecutor.execute(TestSuiteExecutor.java:81)
	at com.kms.katalon.core.main.TestCaseMain.startTestSuite(TestCaseMain.java:149)
	at com.kms.katalon.core.main.TestCaseMain$startTestSuite$0.call(Unknown Source)
	at TempTestSuite1562698926915.run(TempTestSuite1562698926915.groovy:36)
"/>
         <system-out><![CDATA[2019-07-09 15:28:42 - [TEST_CASE][FAILED] - Test Cases/CRITICAL PATH/Adding product - Search flyout: Test Cases/CRITICAL PATH/Adding product - Search flyout FAILED.
Reason:
com.kms.katalon.core.exception.StepFailedException: Unable to click on object 'Object Repository/APOLLO- Desktop/Product page/Add to bag - Copy' (Root cause: com.kms.katalon.core.webui.exception.WebElementNotFoundException: Web element with id: 'Object Repository/APOLLO- Desktop/Product page/Add to bag - Copy' located by 'By.xpath: //button[@class='o-btn o-btn--large o-btn--secondary js-product-atc'][count(. | //button[(text() = 'Add to bag' or . = 'Add to bag')]) = count(//button[(text() = 'Add to bag' or . = 'Add to bag')])]' not found)
	at com.kms.katalon.core.keyword.internal.KeywordMain.stepFailed(KeywordMain.groovy:32)
	at com.kms.katalon.core.webui.keyword.internal.WebUIKeywordMain.stepFailed(WebUIKeywordMain.groovy:65)
	at com.kms.katalon.core.webui.keyword.internal.WebUIKeywordMain.runKeyword(WebUIKeywordMain.groovy:27)
	at com.kms.katalon.core.webui.keyword.builtin.ClickKeyword.click(ClickKeyword.groovy:86)
	at com.kms.katalon.core.webui.keyword.builtin.ClickKeyword.execute(ClickKeyword.groovy:67)
	at com.kms.katalon.core.keyword.internal.KeywordExecutor.executeKeywordForPlatform(KeywordExecutor.groovy:53)
	at com.kms.katalon.core.webui.keyword.WebUiBuiltInKeywords.click(WebUiBuiltInKeywords.groovy:604)
	at com.kms.katalon.core.webui.keyword.WebUiBuiltInKeywords$click$18.call(Unknown Source)
	at Adding product - Search flyout.run(Adding product - Search flyout:72)
	at com.kms.katalon.core.main.ScriptEngine.run(ScriptEngine.java:194)
	at com.kms.katalon.core.main.ScriptEngine.runScriptAsRawText(ScriptEngine.java:119)
	at com.kms.katalon.core.main.TestCaseExecutor.runScript(TestCaseExecutor.java:328)
	at com.kms.katalon.core.main.TestCaseExecutor.doExecute(TestCaseExecutor.java:319)
	at com.kms.katalon.core.main.TestCaseExecutor.processExecutionPhase(TestCaseExecutor.java:298)
	at com.kms.katalon.core.main.TestCaseExecutor.accessMainPhase(TestCaseExecutor.java:290)
	at com.kms.katalon.core.main.TestCaseExecutor.execute(TestCaseExecutor.java:224)
	at com.kms.katalon.core.main.TestSuiteExecutor.accessTestCaseMainPhase(TestSuiteExecutor.java:129)
	at com.kms.katalon.core.main.TestSuiteExecutor.accessTestSuiteMainPhase(TestSuiteExecutor.java:112)
	at com.kms.katalon.core.main.TestSuiteExecutor.execute(TestSuiteExecutor.java:81)
	at com.kms.katalon.core.main.TestCaseMain.startTestSuite(TestCaseMain.java:149)
	at com.kms.katalon.core.main.TestCaseMain$startTestSuite$0.call(Unknown Source)
	at TempTestSuite1562698926915.run(TempTestSuite1562698926915.groovy:36)


2019-07-09 15:28:42 - [TEST_STEP][PASSED] - callTestCase(findTestCase("CALL - URL"), [:], STOP_ON_FAILURE): Call Test Case 'Test Cases/CALL - URL' successfully

2019-07-09 15:28:42 - [TEST_CASE][PASSED] - Test Cases/CALL - URL: Test Cases/CALL - URL

2019-07-09 15:28:42 - [TEST_STEP][PASSED] - openBrowser(""): Browser is opened with url: ''

2019-07-09 15:28:42 - [MESSAGE][WARNING] - A browser is already opened. Closing browser and opening a new one

2019-07-09 15:28:42 - [MESSAGE][INFO] - Starting 'Chrome' driver

2019-07-09 15:28:43 - [MESSAGE][PASSED] - Browser is opened with url: ''

2019-07-09 15:28:43 - [TEST_STEP][PASSED] - navigateToUrl("https://apollo-fireball.myshopify.com/?_ab=0&_fd=0&_sc=1&key=96c2edace7b9967f3a77c2e2b131937136039831e9ec35f31598610005fa8795&preview_theme_id=46803124304"): Navigate to 'https://apollo-fireball.myshopify.com/?_ab=0&_fd=0&_sc=1&key=96c2edace7b9967f3a77c2e2b131937136039831e9ec35f31598610005fa8795&preview_theme_id=46803124304' successfully

2019-07-09 15:28:49 - [MESSAGE][PASSED] - Navigate to 'https://apollo-fireball.myshopify.com/?_ab=0&_fd=0&_sc=1&key=96c2edace7b9967f3a77c2e2b131937136039831e9ec35f31598610005fa8795&preview_theme_id=46803124304' successfully

2019-07-09 15:28:49 - [TEST_STEP][PASSED] - executeJavaScript("var previewBar = document.getElementById("preview-bar-iframe"); previewBar.style.display = "none";", []): Execute JavaScript 'var previewBar = document.getElementById("preview-bar-iframe"); previewBar.style.display = "none";' successfully

2019-07-09 15:28:49 - [MESSAGE][PASSED] - Execute JavaScript 'var previewBar = document.getElementById("preview-bar-iframe"); previewBar.style.display = "none";' successfully

2019-07-09 15:28:49 - [TEST_STEP][PASSED] - maximizeWindow(): Current window maximized

2019-07-09 15:28:49 - [MESSAGE][PASSED] - Current window maximized

2019-07-09 15:28:49 - [MESSAGE][PASSED] - Call Test Case 'Test Cases/CALL - URL' successfully

2019-07-09 15:28:49 - [TEST_STEP][PASSED] - delay(2): Delayed 2 second(s)

2019-07-09 15:28:51 - [MESSAGE][PASSED] - Delayed 2 second(s)

2019-07-09 15:28:51 - [TEST_STEP][PASSED] - click(findTestObject("APOLLO- Desktop/Home page/Search input")): Object: 'Object Repository/APOLLO- Desktop/Home page/Search input' is clicked on

2019-07-09 15:28:51 - [MESSAGE][PASSED] - Object: 'Object Repository/APOLLO- Desktop/Home page/Search input' is clicked on

2019-07-09 15:28:51 - [TEST_STEP][PASSED] - delay(1): Delayed 1 second(s)

2019-07-09 15:28:52 - [MESSAGE][PASSED] - Delayed 1 second(s)

2019-07-09 15:28:52 - [TEST_STEP][PASSED] - setText(findTestObject("APOLLO- Desktop/Home page/Search input box to enter"), "Chicken"): Text 'Chicken' is set on object 'Object Repository/APOLLO- Desktop/Home page/Search input box to enter'

2019-07-09 15:28:52 - [MESSAGE][PASSED] - Text 'Chicken' is set on object 'Object Repository/APOLLO- Desktop/Home page/Search input box to enter'

2019-07-09 15:28:52 - [TEST_STEP][PASSED] - delay(1): Delayed 1 second(s)

2019-07-09 15:28:53 - [MESSAGE][PASSED] - Delayed 1 second(s)

2019-07-09 15:28:53 - [TEST_STEP][PASSED] - click(findTestObject("APOLLO- Desktop/Home page/2nd product - search flyout")): Object: 'Object Repository/APOLLO- Desktop/Home page/2nd product - search flyout' is clicked on

2019-07-09 15:28:59 - [MESSAGE][PASSED] - Object: 'Object Repository/APOLLO- Desktop/Home page/2nd product - search flyout' is clicked on

2019-07-09 15:28:59 - [TEST_STEP][PASSED] - delay(2): Delayed 2 second(s)

2019-07-09 15:29:01 - [MESSAGE][PASSED] - Delayed 2 second(s)

2019-07-09 15:29:01 - [TEST_STEP][PASSED] - click(findTestObject("APOLLO- Desktop/Product page/1 piece"), CONTINUE_ON_FAILURE): Object: 'Object Repository/APOLLO- Desktop/Product page/1 piece' is clicked on

2019-07-09 15:29:01 - [MESSAGE][PASSED] - Object: 'Object Repository/APOLLO- Desktop/Product page/1 piece' is clicked on

2019-07-09 15:29:01 - [TEST_STEP][PASSED] - delay(2): Delayed 2 second(s)

2019-07-09 15:29:03 - [MESSAGE][PASSED] - Delayed 2 second(s)

2019-07-09 15:29:03 - [TEST_STEP][PASSED] - click(findTestObject("APOLLO- Desktop/Product page/Add to bag")): Object: 'Object Repository/APOLLO- Desktop/Product page/Add to bag' is clicked on

2019-07-09 15:29:03 - [MESSAGE][PASSED] - Object: 'Object Repository/APOLLO- Desktop/Product page/Add to bag' is clicked on

2019-07-09 15:29:03 - [TEST_STEP][PASSED] - delay(2): Delayed 2 second(s)

2019-07-09 15:29:05 - [MESSAGE][PASSED] - Delayed 2 second(s)

2019-07-09 15:29:05 - [TEST_STEP][PASSED] - click(findTestObject("APOLLO- Desktop/Cart flyout/Cart collapse")): Object: 'Object Repository/APOLLO- Desktop/Cart flyout/Cart collapse' is clicked on

2019-07-09 15:29:05 - [MESSAGE][PASSED] - Object: 'Object Repository/APOLLO- Desktop/Cart flyout/Cart collapse' is clicked on

2019-07-09 15:29:05 - [TEST_STEP][PASSED] - delay(2): Delayed 2 second(s)

2019-07-09 15:29:07 - [MESSAGE][PASSED] - Delayed 2 second(s)

2019-07-09 15:29:07 - [TEST_STEP][PASSED] - click(findTestObject("APOLLO- Desktop/Product page/2 piece"), CONTINUE_ON_FAILURE): Object: 'Object Repository/APOLLO- Desktop/Product page/2 piece' is clicked on

2019-07-09 15:29:07 - [MESSAGE][PASSED] - Object: 'Object Repository/APOLLO- Desktop/Product page/2 piece' is clicked on

2019-07-09 15:29:07 - [TEST_STEP][PASSED] - delay(2): Delayed 2 second(s)

2019-07-09 15:29:09 - [MESSAGE][PASSED] - Delayed 2 second(s)

2019-07-09 15:29:09 - [TEST_STEP][PASSED] - click(findTestObject("APOLLO- Desktop/Product page/Add to bag")): Object: 'Object Repository/APOLLO- Desktop/Product page/Add to bag' is clicked on

2019-07-09 15:29:09 - [MESSAGE][PASSED] - Object: 'Object Repository/APOLLO- Desktop/Product page/Add to bag' is clicked on

2019-07-09 15:29:09 - [TEST_STEP][PASSED] - delay(2): Delayed 2 second(s)

2019-07-09 15:29:11 - [MESSAGE][PASSED] - Delayed 2 second(s)

2019-07-09 15:29:11 - [TEST_STEP][PASSED] - click(findTestObject("APOLLO- Desktop/Cart flyout/Cart collapse")): Object: 'Object Repository/APOLLO- Desktop/Cart flyout/Cart collapse' is clicked on

2019-07-09 15:29:11 - [MESSAGE][PASSED] - Object: 'Object Repository/APOLLO- Desktop/Cart flyout/Cart collapse' is clicked on

2019-07-09 15:29:11 - [TEST_STEP][PASSED] - delay(2): Delayed 2 second(s)

2019-07-09 15:29:13 - [MESSAGE][PASSED] - Delayed 2 second(s)

2019-07-09 15:29:13 - [TEST_STEP][PASSED] - click(findTestObject("APOLLO- Desktop/Product page/3 piece"), CONTINUE_ON_FAILURE): Object: 'Object Repository/APOLLO- Desktop/Product page/3 piece' is clicked on

2019-07-09 15:29:14 - [MESSAGE][PASSED] - Object: 'Object Repository/APOLLO- Desktop/Product page/3 piece' is clicked on

2019-07-09 15:29:14 - [TEST_STEP][PASSED] - delay(2): Delayed 2 second(s)

2019-07-09 15:29:16 - [MESSAGE][PASSED] - Delayed 2 second(s)

2019-07-09 15:29:16 - [TEST_STEP][PASSED] - click(findTestObject("APOLLO- Desktop/Product page/Add to bag - Copy")): Object: 'Object Repository/APOLLO- Desktop/Product page/Add to bag - Copy' is clicked on

2019-07-09 15:29:16 - [MESSAGE][PASSED] - Object: 'Object Repository/APOLLO- Desktop/Product page/Add to bag - Copy' is clicked on

2019-07-09 15:29:16 - [TEST_STEP][PASSED] - delay(2): Delayed 2 second(s)

2019-07-09 15:29:18 - [MESSAGE][PASSED] - Delayed 2 second(s)

2019-07-09 15:29:18 - [TEST_STEP][PASSED] - click(findTestObject("APOLLO- Desktop/Cart flyout/Cart collapse")): Object: 'Object Repository/APOLLO- Desktop/Cart flyout/Cart collapse' is clicked on

2019-07-09 15:29:18 - [MESSAGE][PASSED] - Object: 'Object Repository/APOLLO- Desktop/Cart flyout/Cart collapse' is clicked on

2019-07-09 15:29:18 - [TEST_STEP][PASSED] - delay(2): Delayed 2 second(s)

2019-07-09 15:29:20 - [MESSAGE][PASSED] - Delayed 2 second(s)

2019-07-09 15:29:20 - [TEST_STEP][PASSED] - click(findTestObject("APOLLO- Desktop/Product page/4 piece"), CONTINUE_ON_FAILURE): Object: 'Object Repository/APOLLO- Desktop/Product page/4 piece' is clicked on

2019-07-09 15:29:20 - [MESSAGE][PASSED] - Object: 'Object Repository/APOLLO- Desktop/Product page/4 piece' is clicked on

2019-07-09 15:29:20 - [TEST_STEP][PASSED] - delay(2): Delayed 2 second(s)

2019-07-09 15:29:22 - [MESSAGE][PASSED] - Delayed 2 second(s)

2019-07-09 15:29:22 - [TEST_STEP][FAILED] - click(findTestObject("APOLLO- Desktop/Product page/Add to bag - Copy"), CONTINUE_ON_FAILURE): Unable to click on object 'Object Repository/APOLLO- Desktop/Product page/Add to bag - Copy' (Root cause: com.kms.katalon.core.webui.exception.WebElementNotFoundException: Web element with id: 'Object Repository/APOLLO- Desktop/Product page/Add to bag - Copy' located by 'By.xpath: //button[@class='o-btn o-btn--large o-btn--secondary js-product-atc'][count(. | //button[(text() = 'Add to bag' or . = 'Add to bag')]) = count(//button[(text() = 'Add to bag' or . = 'Add to bag')])]' not found)

2019-07-09 15:29:53 - [MESSAGE][INFO] - Unable to find the element located by 'By.xpath: //button[@class='o-btn o-btn--large o-btn--secondary js-product-atc'][count(. | //button[(text() = 'Add to bag' or . = 'Add to bag')]) = count(//button[(text() = 'Add to bag' or . = 'Add to bag')])]'. Please recheck the objects properties to make sure the desired element is located. 

2019-07-09 15:29:54 - [MESSAGE][FAILED] - Unable to click on object 'Object Repository/APOLLO- Desktop/Product page/Add to bag - Copy' (Root cause: com.kms.katalon.core.webui.exception.WebElementNotFoundException: Web element with id: 'Object Repository/APOLLO- Desktop/Product page/Add to bag - Copy' located by 'By.xpath: //button[@class='o-btn o-btn--large o-btn--secondary js-product-atc'][count(. | //button[(text() = 'Add to bag' or . = 'Add to bag')]) = count(//button[(text() = 'Add to bag' or . = 'Add to bag')])]' not found)
[[ATTACHMENT|/Users/sumankompelly/Katalon Studio/APOLLO - FIRE/APOLLO - FIRE- DESKTOP/Reports/0.5.5/20190709_150206/1562700593146.png]]

2019-07-09 15:29:54 - [TEST_STEP][PASSED] - delay(2): Delayed 2 second(s)

2019-07-09 15:29:56 - [MESSAGE][PASSED] - Delayed 2 second(s)

2019-07-09 15:29:56 - [TEST_STEP][PASSED] - executeJavaScript("var previewBar = document.getElementById("preview-bar-iframe"); previewBar.style.display = "none";", []): Execute JavaScript 'var previewBar = document.getElementById("preview-bar-iframe"); previewBar.style.display = "none";' successfully

2019-07-09 15:29:56 - [MESSAGE][PASSED] - Execute JavaScript 'var previewBar = document.getElementById("preview-bar-iframe"); previewBar.style.display = "none";' successfully

2019-07-09 15:29:56 - [TEST_STEP][PASSED] - click(findTestObject("APOLLO- Desktop/Home page/cart icon open")): Object: 'Object Repository/APOLLO- Desktop/Home page/cart icon open' is clicked on

2019-07-09 15:29:56 - [MESSAGE][PASSED] - Object: 'Object Repository/APOLLO- Desktop/Home page/cart icon open' is clicked on

2019-07-09 15:29:56 - [TEST_STEP][PASSED] - delay(2): Delayed 2 second(s)

2019-07-09 15:29:58 - [MESSAGE][PASSED] - Delayed 2 second(s)

2019-07-09 15:29:58 - [TEST_STEP][PASSED] - click(findTestObject("APOLLO- Desktop/Cart flyout/Checkout")): Object: 'Object Repository/APOLLO- Desktop/Cart flyout/Checkout' is clicked on

2019-07-09 15:30:00 - [MESSAGE][PASSED] - Object: 'Object Repository/APOLLO- Desktop/Cart flyout/Checkout' is clicked on

2019-07-09 15:30:00 - [TEST_STEP][PASSED] - delay(1): Delayed 1 second(s)

2019-07-09 15:30:01 - [MESSAGE][PASSED] - Delayed 1 second(s)

2019-07-09 15:30:01 - [TEST_STEP][PASSED] - callTestCase(findTestCase("CALL- CUSTOMER INFO PAGE"), [:], STOP_ON_FAILURE): Call Test Case 'Test Cases/CALL- CUSTOMER INFO PAGE' successfully

2019-07-09 15:30:01 - [TEST_CASE][PASSED] - Test Cases/CALL- CUSTOMER INFO PAGE: Test Cases/CALL- CUSTOMER INFO PAGE

2019-07-09 15:30:01 - [TEST_STEP][PASSED] - delay(2): Delayed 2 second(s)

2019-07-09 15:30:03 - [MESSAGE][PASSED] - Delayed 2 second(s)

2019-07-09 15:30:03 - [TEST_STEP][PASSED] - executeJavaScript("var previewBar = document.getElementById("preview-bar-iframe"); previewBar.style.display = "none";", []): Execute JavaScript 'var previewBar = document.getElementById("preview-bar-iframe"); previewBar.style.display = "none";' successfully

2019-07-09 15:30:03 - [MESSAGE][PASSED] - Execute JavaScript 'var previewBar = document.getElementById("preview-bar-iframe"); previewBar.style.display = "none";' successfully

2019-07-09 15:30:03 - [TEST_STEP][PASSED] - setText(findTestObject("APOLLO- Desktop/Customer Information page/Email"), "suman@gmail.com"): Text 'suman@gmail.com' is set on object 'Object Repository/APOLLO- Desktop/Customer Information page/Email'

2019-07-09 15:30:04 - [MESSAGE][PASSED] - Text 'suman@gmail.com' is set on object 'Object Repository/APOLLO- Desktop/Customer Information page/Email'

2019-07-09 15:30:04 - [TEST_STEP][PASSED] - delay(2): Delayed 2 second(s)

2019-07-09 15:30:06 - [MESSAGE][PASSED] - Delayed 2 second(s)

2019-07-09 15:30:06 - [TEST_STEP][PASSED] - setText(findTestObject("APOLLO- Desktop/Customer Information page/First name"), "suman"): Text 'suman' is set on object 'Object Repository/APOLLO- Desktop/Customer Information page/First name'

2019-07-09 15:30:06 - [MESSAGE][PASSED] - Text 'suman' is set on object 'Object Repository/APOLLO- Desktop/Customer Information page/First name'

2019-07-09 15:30:06 - [TEST_STEP][PASSED] - delay(2): Delayed 2 second(s)

2019-07-09 15:30:08 - [MESSAGE][PASSED] - Delayed 2 second(s)

2019-07-09 15:30:08 - [TEST_STEP][PASSED] - setText(findTestObject("APOLLO- Desktop/Customer Information page/Last name"), "kompelly"): Text 'kompelly' is set on object 'Object Repository/APOLLO- Desktop/Customer Information page/Last name'

2019-07-09 15:30:08 - [MESSAGE][PASSED] - Text 'kompelly' is set on object 'Object Repository/APOLLO- Desktop/Customer Information page/Last name'

2019-07-09 15:30:08 - [TEST_STEP][PASSED] - delay(2): Delayed 2 second(s)

2019-07-09 15:30:10 - [MESSAGE][PASSED] - Delayed 2 second(s)

2019-07-09 15:30:10 - [TEST_STEP][PASSED] - setText(findTestObject("APOLLO- Desktop/Customer Information page/Address"), "1435 st alxendre"): Text '1435 st alxendre' is set on object 'Object Repository/APOLLO- Desktop/Customer Information page/Address'

2019-07-09 15:30:10 - [MESSAGE][PASSED] - Text '1435 st alxendre' is set on object 'Object Repository/APOLLO- Desktop/Customer Information page/Address'

2019-07-09 15:30:10 - [TEST_STEP][PASSED] - setText(findTestObject("APOLLO- Desktop/Customer Information page/Apartment"), "220"): Text '220' is set on object 'Object Repository/APOLLO- Desktop/Customer Information page/Apartment'

2019-07-09 15:30:10 - [MESSAGE][PASSED] - Text '220' is set on object 'Object Repository/APOLLO- Desktop/Customer Information page/Apartment'

2019-07-09 15:30:10 - [TEST_STEP][PASSED] - setText(findTestObject("APOLLO- Desktop/Customer Information page/City"), "montreal"): Text 'montreal' is set on object 'Object Repository/APOLLO- Desktop/Customer Information page/City'

2019-07-09 15:30:11 - [MESSAGE][PASSED] - Text 'montreal' is set on object 'Object Repository/APOLLO- Desktop/Customer Information page/City'

2019-07-09 15:30:11 - [TEST_STEP][PASSED] - selectOptionByValue(findTestObject("APOLLO- Desktop/Customer Information page/Country dropdown"), "United States", true): All options with value 'United States' are selected in object 'Object Repository/APOLLO- Desktop/Customer Information page/Country dropdown'  using regular expression

2019-07-09 15:30:14 - [MESSAGE][PASSED] - All options with value 'United States' are selected in object 'Object Repository/APOLLO- Desktop/Customer Information page/Country dropdown'  using regular expression

2019-07-09 15:30:14 - [TEST_STEP][PASSED] - selectOptionByValue(findTestObject("APOLLO- Desktop/Customer Information page/states dropdown"), "NJ", true): All options with value 'NJ' are selected in object 'Object Repository/APOLLO- Desktop/Customer Information page/states dropdown'  using regular expression

2019-07-09 15:30:15 - [MESSAGE][PASSED] - All options with value 'NJ' are selected in object 'Object Repository/APOLLO- Desktop/Customer Information page/states dropdown'  using regular expression

2019-07-09 15:30:15 - [TEST_STEP][PASSED] - setText(findTestObject("APOLLO- Desktop/Customer Information page/ZIP code"), "07057"): Text '07057' is set on object 'Object Repository/APOLLO- Desktop/Customer Information page/ZIP code'

2019-07-09 15:30:15 - [MESSAGE][PASSED] - Text '07057' is set on object 'Object Repository/APOLLO- Desktop/Customer Information page/ZIP code'

2019-07-09 15:30:15 - [MESSAGE][PASSED] - Call Test Case 'Test Cases/CALL- CUSTOMER INFO PAGE' successfully

2019-07-09 15:30:15 - [TEST_STEP][FAILED] - callTestCase(findTestCase("CALL - SHIPPING TO PAYMENT"), [:], STOP_ON_FAILURE): callTestCase(findTestCase("CALL - SHIPPING TO PAYMENT"), [:], STOP_ON_FAILURE) FAILED.
Reason:
com.kms.katalon.core.exception.StepFailedException: Unable to click on object 'Object Repository/APOLLO- Desktop/Product page/Add to bag - Copy' (Root cause: com.kms.katalon.core.webui.exception.WebElementNotFoundException: Web element with id: 'Object Repository/APOLLO- Desktop/Product page/Add to bag - Copy' located by 'By.xpath: //button[@class='o-btn o-btn--large o-btn--secondary js-product-atc'][count(. | //button[(text() = 'Add to bag' or . = 'Add to bag')]) = count(//button[(text() = 'Add to bag' or . = 'Add to bag')])]' not found)
	at com.kms.katalon.core.keyword.internal.KeywordMain.stepFailed(KeywordMain.groovy:32)
	at com.kms.katalon.core.webui.keyword.internal.WebUIKeywordMain.stepFailed(WebUIKeywordMain.groovy:65)
	at com.kms.katalon.core.webui.keyword.internal.WebUIKeywordMain.runKeyword(WebUIKeywordMain.groovy:27)
	at com.kms.katalon.core.webui.keyword.builtin.ClickKeyword.click(ClickKeyword.groovy:86)
	at com.kms.katalon.core.webui.keyword.builtin.ClickKeyword.execute(ClickKeyword.groovy:67)
	at com.kms.katalon.core.keyword.internal.KeywordExecutor.executeKeywordForPlatform(KeywordExecutor.groovy:53)
	at com.kms.katalon.core.webui.keyword.WebUiBuiltInKeywords.click(WebUiBuiltInKeywords.groovy:604)
	at com.kms.katalon.core.webui.keyword.WebUiBuiltInKeywords$click$18.call(Unknown Source)
	at Adding product - Search flyout.run(Adding product - Search flyout:72)
	at com.kms.katalon.core.main.ScriptEngine.run(ScriptEngine.java:194)
	at com.kms.katalon.core.main.ScriptEngine.runScriptAsRawText(ScriptEngine.java:119)
	at com.kms.katalon.core.main.TestCaseExecutor.runScript(TestCaseExecutor.java:328)
	at com.kms.katalon.core.main.TestCaseExecutor.doExecute(TestCaseExecutor.java:319)
	at com.kms.katalon.core.main.TestCaseExecutor.processExecutionPhase(TestCaseExecutor.java:298)
	at com.kms.katalon.core.main.TestCaseExecutor.accessMainPhase(TestCaseExecutor.java:290)
	at com.kms.katalon.core.main.TestCaseExecutor.execute(TestCaseExecutor.java:224)
	at com.kms.katalon.core.main.TestSuiteExecutor.accessTestCaseMainPhase(TestSuiteExecutor.java:129)
	at com.kms.katalon.core.main.TestSuiteExecutor.accessTestSuiteMainPhase(TestSuiteExecutor.java:112)
	at com.kms.katalon.core.main.TestSuiteExecutor.execute(TestSuiteExecutor.java:81)
	at com.kms.katalon.core.main.TestCaseMain.startTestSuite(TestCaseMain.java:149)
	at com.kms.katalon.core.main.TestCaseMain$startTestSuite$0.call(Unknown Source)
	at TempTestSuite1562698926915.run(TempTestSuite1562698926915.groovy:36)


2019-07-09 15:30:15 - [TEST_CASE][PASSED] - Test Cases/CALL - SHIPPING TO PAYMENT: Test Cases/CALL - SHIPPING TO PAYMENT

2019-07-09 15:30:15 - [TEST_STEP][PASSED] - click(findTestObject("APOLLO- Desktop/Customer Information page/Continue to shipping")): Object: 'Object Repository/APOLLO- Desktop/Customer Information page/Continue to shipping' is clicked on

2019-07-09 15:30:17 - [MESSAGE][PASSED] - Object: 'Object Repository/APOLLO- Desktop/Customer Information page/Continue to shipping' is clicked on

2019-07-09 15:30:17 - [TEST_STEP][PASSED] - executeJavaScript("var previewBar = document.getElementById("preview-bar-iframe"); previewBar.style.display = "none";", []): Execute JavaScript 'var previewBar = document.getElementById("preview-bar-iframe"); previewBar.style.display = "none";' successfully

2019-07-09 15:30:17 - [MESSAGE][PASSED] - Execute JavaScript 'var previewBar = document.getElementById("preview-bar-iframe"); previewBar.style.display = "none";' successfully

2019-07-09 15:30:17 - [TEST_STEP][PASSED] - click(findTestObject("APOLLO- Desktop/Shipping page/Radio button check")): Object: 'Object Repository/APOLLO- Desktop/Shipping page/Radio button check' is clicked on

2019-07-09 15:30:19 - [MESSAGE][PASSED] - Object: 'Object Repository/APOLLO- Desktop/Shipping page/Radio button check' is clicked on

2019-07-09 15:30:19 - [TEST_STEP][PASSED] - executeJavaScript("var previewBar = document.getElementById("preview-bar-iframe"); previewBar.style.display = "none";", []): Execute JavaScript 'var previewBar = document.getElementById("preview-bar-iframe"); previewBar.style.display = "none";' successfully

2019-07-09 15:30:19 - [MESSAGE][PASSED] - Execute JavaScript 'var previewBar = document.getElementById("preview-bar-iframe"); previewBar.style.display = "none";' successfully

2019-07-09 15:30:19 - [TEST_STEP][PASSED] - click(findTestObject("APOLLO- Desktop/Shipping page/Continue to payment")): Object: 'Object Repository/APOLLO- Desktop/Shipping page/Continue to payment' is clicked on

2019-07-09 15:30:23 - [MESSAGE][PASSED] - Object: 'Object Repository/APOLLO- Desktop/Shipping page/Continue to payment' is clicked on

2019-07-09 15:30:23 - [TEST_STEP][PASSED] - executeJavaScript("var previewBar = document.getElementById("preview-bar-iframe"); previewBar.style.display = "none";", []): Execute JavaScript 'var previewBar = document.getElementById("preview-bar-iframe"); previewBar.style.display = "none";' successfully

2019-07-09 15:30:23 - [MESSAGE][PASSED] - Execute JavaScript 'var previewBar = document.getElementById("preview-bar-iframe"); previewBar.style.display = "none";' successfully

2019-07-09 15:30:23 - [TEST_STEP][PASSED] - verifyTextPresent("Payment", false): Text 'Payment' is present on page 

2019-07-09 15:30:23 - [MESSAGE][PASSED] - Text 'Payment' is present on page 

2019-07-09 15:30:23 - [MESSAGE][PASSED] - Call Test Case 'Test Cases/CALL - SHIPPING TO PAYMENT' successfully

2019-07-09 15:30:23 - [MESSAGE][FAILED] - callTestCase(findTestCase("CALL - SHIPPING TO PAYMENT"), [:], STOP_ON_FAILURE) FAILED.
Reason:
com.kms.katalon.core.exception.StepFailedException: Unable to click on object 'Object Repository/APOLLO- Desktop/Product page/Add to bag - Copy' (Root cause: com.kms.katalon.core.webui.exception.WebElementNotFoundException: Web element with id: 'Object Repository/APOLLO- Desktop/Product page/Add to bag - Copy' located by 'By.xpath: //button[@class='o-btn o-btn--large o-btn--secondary js-product-atc'][count(. | //button[(text() = 'Add to bag' or . = 'Add to bag')]) = count(//button[(text() = 'Add to bag' or . = 'Add to bag')])]' not found)
	at com.kms.katalon.core.keyword.internal.KeywordMain.stepFailed(KeywordMain.groovy:32)
	at com.kms.katalon.core.webui.keyword.internal.WebUIKeywordMain.stepFailed(WebUIKeywordMain.groovy:65)
	at com.kms.katalon.core.webui.keyword.internal.WebUIKeywordMain.runKeyword(WebUIKeywordMain.groovy:27)
	at com.kms.katalon.core.webui.keyword.builtin.ClickKeyword.click(ClickKeyword.groovy:86)
	at com.kms.katalon.core.webui.keyword.builtin.ClickKeyword.execute(ClickKeyword.groovy:67)
	at com.kms.katalon.core.keyword.internal.KeywordExecutor.executeKeywordForPlatform(KeywordExecutor.groovy:53)
	at com.kms.katalon.core.webui.keyword.WebUiBuiltInKeywords.click(WebUiBuiltInKeywords.groovy:604)
	at com.kms.katalon.core.webui.keyword.WebUiBuiltInKeywords$click$18.call(Unknown Source)
	at Adding product - Search flyout.run(Adding product - Search flyout:72)
	at com.kms.katalon.core.main.ScriptEngine.run(ScriptEngine.java:194)
	at com.kms.katalon.core.main.ScriptEngine.runScriptAsRawText(ScriptEngine.java:119)
	at com.kms.katalon.core.main.TestCaseExecutor.runScript(TestCaseExecutor.java:328)
	at com.kms.katalon.core.main.TestCaseExecutor.doExecute(TestCaseExecutor.java:319)
	at com.kms.katalon.core.main.TestCaseExecutor.processExecutionPhase(TestCaseExecutor.java:298)
	at com.kms.katalon.core.main.TestCaseExecutor.accessMainPhase(TestCaseExecutor.java:290)
	at com.kms.katalon.core.main.TestCaseExecutor.execute(TestCaseExecutor.java:224)
	at com.kms.katalon.core.main.TestSuiteExecutor.accessTestCaseMainPhase(TestSuiteExecutor.java:129)
	at com.kms.katalon.core.main.TestSuiteExecutor.accessTestSuiteMainPhase(TestSuiteExecutor.java:112)
	at com.kms.katalon.core.main.TestSuiteExecutor.execute(TestSuiteExecutor.java:81)
	at com.kms.katalon.core.main.TestCaseMain.startTestSuite(TestCaseMain.java:149)
	at com.kms.katalon.core.main.TestCaseMain$startTestSuite$0.call(Unknown Source)
	at TempTestSuite1562698926915.run(TempTestSuite1562698926915.groovy:36)]]></system-out>
         <system-err><![CDATA[2019-07-09 15:28:42 - [TEST_CASE][FAILED] - Test Cases/CRITICAL PATH/Adding product - Search flyout: Test Cases/CRITICAL PATH/Adding product - Search flyout FAILED.
Reason:
com.kms.katalon.core.exception.StepFailedException: Unable to click on object 'Object Repository/APOLLO- Desktop/Product page/Add to bag - Copy' (Root cause: com.kms.katalon.core.webui.exception.WebElementNotFoundException: Web element with id: 'Object Repository/APOLLO- Desktop/Product page/Add to bag - Copy' located by 'By.xpath: //button[@class='o-btn o-btn--large o-btn--secondary js-product-atc'][count(. | //button[(text() = 'Add to bag' or . = 'Add to bag')]) = count(//button[(text() = 'Add to bag' or . = 'Add to bag')])]' not found)
	at com.kms.katalon.core.keyword.internal.KeywordMain.stepFailed(KeywordMain.groovy:32)
	at com.kms.katalon.core.webui.keyword.internal.WebUIKeywordMain.stepFailed(WebUIKeywordMain.groovy:65)
	at com.kms.katalon.core.webui.keyword.internal.WebUIKeywordMain.runKeyword(WebUIKeywordMain.groovy:27)
	at com.kms.katalon.core.webui.keyword.builtin.ClickKeyword.click(ClickKeyword.groovy:86)
	at com.kms.katalon.core.webui.keyword.builtin.ClickKeyword.execute(ClickKeyword.groovy:67)
	at com.kms.katalon.core.keyword.internal.KeywordExecutor.executeKeywordForPlatform(KeywordExecutor.groovy:53)
	at com.kms.katalon.core.webui.keyword.WebUiBuiltInKeywords.click(WebUiBuiltInKeywords.groovy:604)
	at com.kms.katalon.core.webui.keyword.WebUiBuiltInKeywords$click$18.call(Unknown Source)
	at Adding product - Search flyout.run(Adding product - Search flyout:72)
	at com.kms.katalon.core.main.ScriptEngine.run(ScriptEngine.java:194)
	at com.kms.katalon.core.main.ScriptEngine.runScriptAsRawText(ScriptEngine.java:119)
	at com.kms.katalon.core.main.TestCaseExecutor.runScript(TestCaseExecutor.java:328)
	at com.kms.katalon.core.main.TestCaseExecutor.doExecute(TestCaseExecutor.java:319)
	at com.kms.katalon.core.main.TestCaseExecutor.processExecutionPhase(TestCaseExecutor.java:298)
	at com.kms.katalon.core.main.TestCaseExecutor.accessMainPhase(TestCaseExecutor.java:290)
	at com.kms.katalon.core.main.TestCaseExecutor.execute(TestCaseExecutor.java:224)
	at com.kms.katalon.core.main.TestSuiteExecutor.accessTestCaseMainPhase(TestSuiteExecutor.java:129)
	at com.kms.katalon.core.main.TestSuiteExecutor.accessTestSuiteMainPhase(TestSuiteExecutor.java:112)
	at com.kms.katalon.core.main.TestSuiteExecutor.execute(TestSuiteExecutor.java:81)
	at com.kms.katalon.core.main.TestCaseMain.startTestSuite(TestCaseMain.java:149)
	at com.kms.katalon.core.main.TestCaseMain$startTestSuite$0.call(Unknown Source)
	at TempTestSuite1562698926915.run(TempTestSuite1562698926915.groovy:36)]]></system-err>
      </testcase>
      <testcase name="Test Cases/CRITICAL PATH/Adding product - home page" classname="Test Cases/CRITICAL PATH/Adding product - home page" status="PASSED">
         <system-out><![CDATA[2019-07-09 15:30:23 - [TEST_CASE][PASSED] - Test Cases/CRITICAL PATH/Adding product - home page: Test Cases/CRITICAL PATH/Adding product - home page

2019-07-09 15:30:23 - [TEST_STEP][PASSED] - callTestCase(findTestCase("CALL - URL"), [:], STOP_ON_FAILURE): Call Test Case 'Test Cases/CALL - URL' successfully

2019-07-09 15:30:23 - [TEST_CASE][PASSED] - Test Cases/CALL - URL: Test Cases/CALL - URL

2019-07-09 15:30:23 - [TEST_STEP][PASSED] - openBrowser(""): Browser is opened with url: ''

2019-07-09 15:30:23 - [MESSAGE][WARNING] - A browser is already opened. Closing browser and opening a new one

2019-07-09 15:30:23 - [MESSAGE][INFO] - Starting 'Chrome' driver

2019-07-09 15:30:25 - [MESSAGE][PASSED] - Browser is opened with url: ''

2019-07-09 15:30:25 - [TEST_STEP][PASSED] - navigateToUrl("https://apollo-fireball.myshopify.com/?_ab=0&_fd=0&_sc=1&key=96c2edace7b9967f3a77c2e2b131937136039831e9ec35f31598610005fa8795&preview_theme_id=46803124304"): Navigate to 'https://apollo-fireball.myshopify.com/?_ab=0&_fd=0&_sc=1&key=96c2edace7b9967f3a77c2e2b131937136039831e9ec35f31598610005fa8795&preview_theme_id=46803124304' successfully

2019-07-09 15:30:28 - [MESSAGE][PASSED] - Navigate to 'https://apollo-fireball.myshopify.com/?_ab=0&_fd=0&_sc=1&key=96c2edace7b9967f3a77c2e2b131937136039831e9ec35f31598610005fa8795&preview_theme_id=46803124304' successfully

2019-07-09 15:30:28 - [TEST_STEP][PASSED] - executeJavaScript("var previewBar = document.getElementById("preview-bar-iframe"); previewBar.style.display = "none";", []): Execute JavaScript 'var previewBar = document.getElementById("preview-bar-iframe"); previewBar.style.display = "none";' successfully

2019-07-09 15:30:28 - [MESSAGE][PASSED] - Execute JavaScript 'var previewBar = document.getElementById("preview-bar-iframe"); previewBar.style.display = "none";' successfully

2019-07-09 15:30:28 - [TEST_STEP][PASSED] - maximizeWindow(): Current window maximized

2019-07-09 15:30:28 - [MESSAGE][PASSED] - Current window maximized

2019-07-09 15:30:28 - [MESSAGE][PASSED] - Call Test Case 'Test Cases/CALL - URL' successfully

2019-07-09 15:30:28 - [TEST_STEP][PASSED] - scrollToElement(findTestObject("APOLLO- Desktop/Home page/Collection - sides"), 0): Scroll to object 'Object Repository/APOLLO- Desktop/Home page/Collection - sides' successfully

2019-07-09 15:30:28 - [MESSAGE][WARNING] - Timeout '0' is invalid. Using default page load timeout: '30'

2019-07-09 15:30:28 - [MESSAGE][PASSED] - Scroll to object 'Object Repository/APOLLO- Desktop/Home page/Collection - sides' successfully

2019-07-09 15:30:28 - [TEST_STEP][PASSED] - delay(4): Delayed 4 second(s)

2019-07-09 15:30:32 - [MESSAGE][PASSED] - Delayed 4 second(s)

2019-07-09 15:30:32 - [TEST_STEP][PASSED] - mouseOver(findTestObject("APOLLO- Desktop/Home page/Collection - sides")): Object: 'Object Repository/APOLLO- Desktop/Home page/Collection - sides' is hovered

2019-07-09 15:30:32 - [MESSAGE][PASSED] - Object: 'Object Repository/APOLLO- Desktop/Home page/Collection - sides' is hovered

2019-07-09 15:30:32 - [TEST_STEP][PASSED] - delay(1): Delayed 1 second(s)

2019-07-09 15:30:33 - [MESSAGE][PASSED] - Delayed 1 second(s)

2019-07-09 15:30:33 - [TEST_STEP][PASSED] - click(findTestObject("APOLLO- Desktop/Home page/Sides - shop collection")): Object: 'Object Repository/APOLLO- Desktop/Home page/Sides - shop collection' is clicked on

2019-07-09 15:30:37 - [MESSAGE][PASSED] - Object: 'Object Repository/APOLLO- Desktop/Home page/Sides - shop collection' is clicked on

2019-07-09 15:30:37 - [TEST_STEP][PASSED] - delay(1): Delayed 1 second(s)

2019-07-09 15:30:38 - [MESSAGE][PASSED] - Delayed 1 second(s)

2019-07-09 15:30:38 - [TEST_STEP][PASSED] - click(findTestObject("APOLLO- Desktop/Collection page/Asparagus salad")): Object: 'Object Repository/APOLLO- Desktop/Collection page/Asparagus salad' is clicked on

2019-07-09 15:30:40 - [MESSAGE][PASSED] - Object: 'Object Repository/APOLLO- Desktop/Collection page/Asparagus salad' is clicked on

2019-07-09 15:30:40 - [TEST_STEP][PASSED] - delay(2): Delayed 2 second(s)

2019-07-09 15:30:42 - [MESSAGE][PASSED] - Delayed 2 second(s)

2019-07-09 15:30:42 - [TEST_STEP][PASSED] - click(findTestObject("APOLLO- Desktop/Adding product - home page/Personal")): Object: 'Object Repository/APOLLO- Desktop/Adding product - home page/Personal' is clicked on

2019-07-09 15:30:42 - [MESSAGE][PASSED] - Object: 'Object Repository/APOLLO- Desktop/Adding product - home page/Personal' is clicked on

2019-07-09 15:30:42 - [TEST_STEP][PASSED] - delay(2): Delayed 2 second(s)

2019-07-09 15:30:44 - [MESSAGE][PASSED] - Delayed 2 second(s)

2019-07-09 15:30:44 - [TEST_STEP][PASSED] - click(findTestObject("APOLLO- Desktop/Product page/Add to bag")): Object: 'Object Repository/APOLLO- Desktop/Product page/Add to bag' is clicked on

2019-07-09 15:30:44 - [MESSAGE][PASSED] - Object: 'Object Repository/APOLLO- Desktop/Product page/Add to bag' is clicked on

2019-07-09 15:30:44 - [TEST_STEP][PASSED] - delay(1): Delayed 1 second(s)

2019-07-09 15:30:45 - [MESSAGE][PASSED] - Delayed 1 second(s)

2019-07-09 15:30:45 - [TEST_STEP][PASSED] - click(findTestObject("APOLLO- Desktop/Cart flyout/Cart collapse")): Object: 'Object Repository/APOLLO- Desktop/Cart flyout/Cart collapse' is clicked on

2019-07-09 15:30:45 - [MESSAGE][PASSED] - Object: 'Object Repository/APOLLO- Desktop/Cart flyout/Cart collapse' is clicked on

2019-07-09 15:30:45 - [TEST_STEP][PASSED] - delay(2): Delayed 2 second(s)

2019-07-09 15:30:47 - [MESSAGE][PASSED] - Delayed 2 second(s)

2019-07-09 15:30:47 - [TEST_STEP][PASSED] - click(findTestObject("APOLLO- Desktop/Adding product - home page/Small")): Object: 'Object Repository/APOLLO- Desktop/Adding product - home page/Small' is clicked on

2019-07-09 15:30:47 - [MESSAGE][PASSED] - Object: 'Object Repository/APOLLO- Desktop/Adding product - home page/Small' is clicked on

2019-07-09 15:30:47 - [TEST_STEP][PASSED] - delay(2): Delayed 2 second(s)

2019-07-09 15:30:49 - [MESSAGE][PASSED] - Delayed 2 second(s)

2019-07-09 15:30:49 - [TEST_STEP][PASSED] - click(findTestObject("APOLLO- Desktop/Product page/Add to bag")): Object: 'Object Repository/APOLLO- Desktop/Product page/Add to bag' is clicked on

2019-07-09 15:30:50 - [MESSAGE][PASSED] - Object: 'Object Repository/APOLLO- Desktop/Product page/Add to bag' is clicked on

2019-07-09 15:30:50 - [TEST_STEP][PASSED] - delay(1): Delayed 1 second(s)

2019-07-09 15:30:51 - [MESSAGE][PASSED] - Delayed 1 second(s)

2019-07-09 15:30:51 - [TEST_STEP][PASSED] - click(findTestObject("APOLLO- Desktop/Cart flyout/Cart collapse")): Object: 'Object Repository/APOLLO- Desktop/Cart flyout/Cart collapse' is clicked on

2019-07-09 15:30:51 - [MESSAGE][PASSED] - Object: 'Object Repository/APOLLO- Desktop/Cart flyout/Cart collapse' is clicked on

2019-07-09 15:30:51 - [TEST_STEP][PASSED] - delay(2): Delayed 2 second(s)

2019-07-09 15:30:53 - [MESSAGE][PASSED] - Delayed 2 second(s)

2019-07-09 15:30:53 - [TEST_STEP][PASSED] - click(findTestObject("APOLLO- Desktop/Adding product - home page/Medium")): Object: 'Object Repository/APOLLO- Desktop/Adding product - home page/Medium' is clicked on

2019-07-09 15:30:53 - [MESSAGE][PASSED] - Object: 'Object Repository/APOLLO- Desktop/Adding product - home page/Medium' is clicked on

2019-07-09 15:30:53 - [TEST_STEP][PASSED] - delay(2): Delayed 2 second(s)

2019-07-09 15:30:55 - [MESSAGE][PASSED] - Delayed 2 second(s)

2019-07-09 15:30:55 - [TEST_STEP][PASSED] - click(findTestObject("APOLLO- Desktop/Product page/Add to bag")): Object: 'Object Repository/APOLLO- Desktop/Product page/Add to bag' is clicked on

2019-07-09 15:30:55 - [MESSAGE][PASSED] - Object: 'Object Repository/APOLLO- Desktop/Product page/Add to bag' is clicked on

2019-07-09 15:30:55 - [TEST_STEP][PASSED] - delay(1): Delayed 1 second(s)

2019-07-09 15:30:56 - [MESSAGE][PASSED] - Delayed 1 second(s)

2019-07-09 15:30:56 - [TEST_STEP][PASSED] - click(findTestObject("APOLLO- Desktop/Cart flyout/Cart collapse")): Object: 'Object Repository/APOLLO- Desktop/Cart flyout/Cart collapse' is clicked on

2019-07-09 15:30:56 - [MESSAGE][PASSED] - Object: 'Object Repository/APOLLO- Desktop/Cart flyout/Cart collapse' is clicked on

2019-07-09 15:30:56 - [TEST_STEP][PASSED] - delay(2): Delayed 2 second(s)

2019-07-09 15:30:58 - [MESSAGE][PASSED] - Delayed 2 second(s)

2019-07-09 15:30:58 - [TEST_STEP][PASSED] - click(findTestObject("APOLLO- Desktop/Adding product - home page/Large")): Object: 'Object Repository/APOLLO- Desktop/Adding product - home page/Large' is clicked on

2019-07-09 15:30:58 - [MESSAGE][PASSED] - Object: 'Object Repository/APOLLO- Desktop/Adding product - home page/Large' is clicked on

2019-07-09 15:30:58 - [TEST_STEP][PASSED] - delay(2): Delayed 2 second(s)

2019-07-09 15:31:00 - [MESSAGE][PASSED] - Delayed 2 second(s)

2019-07-09 15:31:00 - [TEST_STEP][PASSED] - click(findTestObject("APOLLO- Desktop/Product page/Add to bag")): Object: 'Object Repository/APOLLO- Desktop/Product page/Add to bag' is clicked on

2019-07-09 15:31:00 - [MESSAGE][PASSED] - Object: 'Object Repository/APOLLO- Desktop/Product page/Add to bag' is clicked on

2019-07-09 15:31:00 - [TEST_STEP][PASSED] - delay(1): Delayed 1 second(s)

2019-07-09 15:31:01 - [MESSAGE][PASSED] - Delayed 1 second(s)

2019-07-09 15:31:01 - [TEST_STEP][PASSED] - click(findTestObject("APOLLO- Desktop/Cart flyout/Cart collapse")): Object: 'Object Repository/APOLLO- Desktop/Cart flyout/Cart collapse' is clicked on

2019-07-09 15:31:01 - [MESSAGE][PASSED] - Object: 'Object Repository/APOLLO- Desktop/Cart flyout/Cart collapse' is clicked on

2019-07-09 15:31:01 - [TEST_STEP][PASSED] - delay(2): Delayed 2 second(s)

2019-07-09 15:31:03 - [MESSAGE][PASSED] - Delayed 2 second(s)

2019-07-09 15:31:03 - [TEST_STEP][PASSED] - click(findTestObject("APOLLO- Desktop/Adding product - home page/Family")): Object: 'Object Repository/APOLLO- Desktop/Adding product - home page/Family' is clicked on

2019-07-09 15:31:03 - [MESSAGE][PASSED] - Object: 'Object Repository/APOLLO- Desktop/Adding product - home page/Family' is clicked on

2019-07-09 15:31:03 - [TEST_STEP][PASSED] - delay(2): Delayed 2 second(s)

2019-07-09 15:31:05 - [MESSAGE][PASSED] - Delayed 2 second(s)

2019-07-09 15:31:05 - [TEST_STEP][PASSED] - click(findTestObject("APOLLO- Desktop/Product page/Add to bag")): Object: 'Object Repository/APOLLO- Desktop/Product page/Add to bag' is clicked on

2019-07-09 15:31:05 - [MESSAGE][PASSED] - Object: 'Object Repository/APOLLO- Desktop/Product page/Add to bag' is clicked on

2019-07-09 15:31:05 - [TEST_STEP][PASSED] - delay(1): Delayed 1 second(s)

2019-07-09 15:31:06 - [MESSAGE][PASSED] - Delayed 1 second(s)

2019-07-09 15:31:06 - [TEST_STEP][PASSED] - executeJavaScript("var previewBar = document.getElementById("preview-bar-iframe"); previewBar.style.display = "none";", []): Execute JavaScript 'var previewBar = document.getElementById("preview-bar-iframe"); previewBar.style.display = "none";' successfully

2019-07-09 15:31:06 - [MESSAGE][PASSED] - Execute JavaScript 'var previewBar = document.getElementById("preview-bar-iframe"); previewBar.style.display = "none";' successfully

2019-07-09 15:31:06 - [TEST_STEP][PASSED] - click(findTestObject("APOLLO- Desktop/Cart flyout/Checkout")): Object: 'Object Repository/APOLLO- Desktop/Cart flyout/Checkout' is clicked on

2019-07-09 15:31:08 - [MESSAGE][PASSED] - Object: 'Object Repository/APOLLO- Desktop/Cart flyout/Checkout' is clicked on

2019-07-09 15:31:08 - [TEST_STEP][PASSED] - delay(1): Delayed 1 second(s)

2019-07-09 15:31:09 - [MESSAGE][PASSED] - Delayed 1 second(s)

2019-07-09 15:31:09 - [TEST_STEP][PASSED] - callTestCase(findTestCase("CALL- CUSTOMER INFO PAGE"), [:], STOP_ON_FAILURE): Call Test Case 'Test Cases/CALL- CUSTOMER INFO PAGE' successfully

2019-07-09 15:31:09 - [TEST_CASE][PASSED] - Test Cases/CALL- CUSTOMER INFO PAGE: Test Cases/CALL- CUSTOMER INFO PAGE

2019-07-09 15:31:09 - [TEST_STEP][PASSED] - delay(2): Delayed 2 second(s)

2019-07-09 15:31:11 - [MESSAGE][PASSED] - Delayed 2 second(s)

2019-07-09 15:31:11 - [TEST_STEP][PASSED] - executeJavaScript("var previewBar = document.getElementById("preview-bar-iframe"); previewBar.style.display = "none";", []): Execute JavaScript 'var previewBar = document.getElementById("preview-bar-iframe"); previewBar.style.display = "none";' successfully

2019-07-09 15:31:11 - [MESSAGE][PASSED] - Execute JavaScript 'var previewBar = document.getElementById("preview-bar-iframe"); previewBar.style.display = "none";' successfully

2019-07-09 15:31:12 - [TEST_STEP][PASSED] - setText(findTestObject("APOLLO- Desktop/Customer Information page/Email"), "suman@gmail.com"): Text 'suman@gmail.com' is set on object 'Object Repository/APOLLO- Desktop/Customer Information page/Email'

2019-07-09 15:31:12 - [MESSAGE][PASSED] - Text 'suman@gmail.com' is set on object 'Object Repository/APOLLO- Desktop/Customer Information page/Email'

2019-07-09 15:31:12 - [TEST_STEP][PASSED] - delay(2): Delayed 2 second(s)

2019-07-09 15:31:14 - [MESSAGE][PASSED] - Delayed 2 second(s)

2019-07-09 15:31:14 - [TEST_STEP][PASSED] - setText(findTestObject("APOLLO- Desktop/Customer Information page/First name"), "suman"): Text 'suman' is set on object 'Object Repository/APOLLO- Desktop/Customer Information page/First name'

2019-07-09 15:31:14 - [MESSAGE][PASSED] - Text 'suman' is set on object 'Object Repository/APOLLO- Desktop/Customer Information page/First name'

2019-07-09 15:31:14 - [TEST_STEP][PASSED] - delay(2): Delayed 2 second(s)

2019-07-09 15:31:16 - [MESSAGE][PASSED] - Delayed 2 second(s)

2019-07-09 15:31:16 - [TEST_STEP][PASSED] - setText(findTestObject("APOLLO- Desktop/Customer Information page/Last name"), "kompelly"): Text 'kompelly' is set on object 'Object Repository/APOLLO- Desktop/Customer Information page/Last name'

2019-07-09 15:31:16 - [MESSAGE][PASSED] - Text 'kompelly' is set on object 'Object Repository/APOLLO- Desktop/Customer Information page/Last name'

2019-07-09 15:31:16 - [TEST_STEP][PASSED] - delay(2): Delayed 2 second(s)

2019-07-09 15:31:18 - [MESSAGE][PASSED] - Delayed 2 second(s)

2019-07-09 15:31:18 - [TEST_STEP][PASSED] - setText(findTestObject("APOLLO- Desktop/Customer Information page/Address"), "1435 st alxendre"): Text '1435 st alxendre' is set on object 'Object Repository/APOLLO- Desktop/Customer Information page/Address'

2019-07-09 15:31:18 - [MESSAGE][PASSED] - Text '1435 st alxendre' is set on object 'Object Repository/APOLLO- Desktop/Customer Information page/Address'

2019-07-09 15:31:18 - [TEST_STEP][PASSED] - setText(findTestObject("APOLLO- Desktop/Customer Information page/Apartment"), "220"): Text '220' is set on object 'Object Repository/APOLLO- Desktop/Customer Information page/Apartment'

2019-07-09 15:31:18 - [MESSAGE][PASSED] - Text '220' is set on object 'Object Repository/APOLLO- Desktop/Customer Information page/Apartment'

2019-07-09 15:31:18 - [TEST_STEP][PASSED] - setText(findTestObject("APOLLO- Desktop/Customer Information page/City"), "montreal"): Text 'montreal' is set on object 'Object Repository/APOLLO- Desktop/Customer Information page/City'

2019-07-09 15:31:19 - [MESSAGE][PASSED] - Text 'montreal' is set on object 'Object Repository/APOLLO- Desktop/Customer Information page/City'

2019-07-09 15:31:19 - [TEST_STEP][PASSED] - selectOptionByValue(findTestObject("APOLLO- Desktop/Customer Information page/Country dropdown"), "United States", true): All options with value 'United States' are selected in object 'Object Repository/APOLLO- Desktop/Customer Information page/Country dropdown'  using regular expression

2019-07-09 15:31:22 - [MESSAGE][PASSED] - All options with value 'United States' are selected in object 'Object Repository/APOLLO- Desktop/Customer Information page/Country dropdown'  using regular expression

2019-07-09 15:31:22 - [TEST_STEP][PASSED] - selectOptionByValue(findTestObject("APOLLO- Desktop/Customer Information page/states dropdown"), "NJ", true): All options with value 'NJ' are selected in object 'Object Repository/APOLLO- Desktop/Customer Information page/states dropdown'  using regular expression

2019-07-09 15:31:23 - [MESSAGE][PASSED] - All options with value 'NJ' are selected in object 'Object Repository/APOLLO- Desktop/Customer Information page/states dropdown'  using regular expression

2019-07-09 15:31:23 - [TEST_STEP][PASSED] - setText(findTestObject("APOLLO- Desktop/Customer Information page/ZIP code"), "07057"): Text '07057' is set on object 'Object Repository/APOLLO- Desktop/Customer Information page/ZIP code'

2019-07-09 15:31:23 - [MESSAGE][PASSED] - Text '07057' is set on object 'Object Repository/APOLLO- Desktop/Customer Information page/ZIP code'

2019-07-09 15:31:23 - [MESSAGE][PASSED] - Call Test Case 'Test Cases/CALL- CUSTOMER INFO PAGE' successfully

2019-07-09 15:31:23 - [TEST_STEP][PASSED] - callTestCase(findTestCase("CALL - SHIPPING TO PAYMENT"), [:], STOP_ON_FAILURE): Call Test Case 'Test Cases/CALL - SHIPPING TO PAYMENT' successfully

2019-07-09 15:31:23 - [TEST_CASE][PASSED] - Test Cases/CALL - SHIPPING TO PAYMENT: Test Cases/CALL - SHIPPING TO PAYMENT

2019-07-09 15:31:23 - [TEST_STEP][PASSED] - click(findTestObject("APOLLO- Desktop/Customer Information page/Continue to shipping")): Object: 'Object Repository/APOLLO- Desktop/Customer Information page/Continue to shipping' is clicked on

2019-07-09 15:31:25 - [MESSAGE][PASSED] - Object: 'Object Repository/APOLLO- Desktop/Customer Information page/Continue to shipping' is clicked on

2019-07-09 15:31:25 - [TEST_STEP][PASSED] - executeJavaScript("var previewBar = document.getElementById("preview-bar-iframe"); previewBar.style.display = "none";", []): Execute JavaScript 'var previewBar = document.getElementById("preview-bar-iframe"); previewBar.style.display = "none";' successfully

2019-07-09 15:31:25 - [MESSAGE][PASSED] - Execute JavaScript 'var previewBar = document.getElementById("preview-bar-iframe"); previewBar.style.display = "none";' successfully

2019-07-09 15:31:25 - [TEST_STEP][PASSED] - click(findTestObject("APOLLO- Desktop/Shipping page/Radio button check")): Object: 'Object Repository/APOLLO- Desktop/Shipping page/Radio button check' is clicked on

2019-07-09 15:31:26 - [MESSAGE][PASSED] - Object: 'Object Repository/APOLLO- Desktop/Shipping page/Radio button check' is clicked on

2019-07-09 15:31:26 - [TEST_STEP][PASSED] - executeJavaScript("var previewBar = document.getElementById("preview-bar-iframe"); previewBar.style.display = "none";", []): Execute JavaScript 'var previewBar = document.getElementById("preview-bar-iframe"); previewBar.style.display = "none";' successfully

2019-07-09 15:31:26 - [MESSAGE][PASSED] - Execute JavaScript 'var previewBar = document.getElementById("preview-bar-iframe"); previewBar.style.display = "none";' successfully

2019-07-09 15:31:26 - [TEST_STEP][PASSED] - click(findTestObject("APOLLO- Desktop/Shipping page/Continue to payment")): Object: 'Object Repository/APOLLO- Desktop/Shipping page/Continue to payment' is clicked on

2019-07-09 15:31:29 - [MESSAGE][PASSED] - Object: 'Object Repository/APOLLO- Desktop/Shipping page/Continue to payment' is clicked on

2019-07-09 15:31:29 - [TEST_STEP][PASSED] - executeJavaScript("var previewBar = document.getElementById("preview-bar-iframe"); previewBar.style.display = "none";", []): Execute JavaScript 'var previewBar = document.getElementById("preview-bar-iframe"); previewBar.style.display = "none";' successfully

2019-07-09 15:31:29 - [MESSAGE][PASSED] - Execute JavaScript 'var previewBar = document.getElementById("preview-bar-iframe"); previewBar.style.display = "none";' successfully

2019-07-09 15:31:29 - [TEST_STEP][PASSED] - verifyTextPresent("Payment", false): Text 'Payment' is present on page 

2019-07-09 15:31:29 - [MESSAGE][PASSED] - Text 'Payment' is present on page 

2019-07-09 15:31:29 - [MESSAGE][PASSED] - Call Test Case 'Test Cases/CALL - SHIPPING TO PAYMENT' successfully]]></system-out>
         <system-err><![CDATA[]]></system-err>
      </testcase>
      <testcase name="Test Cases/CRITICAL PATH/Login and logout" classname="Test Cases/CRITICAL PATH/Login and logout" status="PASSED">
         <system-out><![CDATA[2019-07-09 15:31:29 - [TEST_CASE][PASSED] - Test Cases/CRITICAL PATH/Login and logout: Test Cases/CRITICAL PATH/Login and logout

2019-07-09 15:31:29 - [TEST_STEP][PASSED] - callTestCase(findTestCase("CALL - URL"), [:], STOP_ON_FAILURE): Call Test Case 'Test Cases/CALL - URL' successfully

2019-07-09 15:31:29 - [TEST_CASE][PASSED] - Test Cases/CALL - URL: Test Cases/CALL - URL

2019-07-09 15:31:29 - [TEST_STEP][PASSED] - openBrowser(""): Browser is opened with url: ''

2019-07-09 15:31:29 - [MESSAGE][WARNING] - A browser is already opened. Closing browser and opening a new one

2019-07-09 15:31:30 - [MESSAGE][INFO] - Starting 'Chrome' driver

2019-07-09 15:31:31 - [MESSAGE][PASSED] - Browser is opened with url: ''

2019-07-09 15:31:31 - [TEST_STEP][PASSED] - navigateToUrl("https://apollo-fireball.myshopify.com/?_ab=0&_fd=0&_sc=1&key=96c2edace7b9967f3a77c2e2b131937136039831e9ec35f31598610005fa8795&preview_theme_id=46803124304"): Navigate to 'https://apollo-fireball.myshopify.com/?_ab=0&_fd=0&_sc=1&key=96c2edace7b9967f3a77c2e2b131937136039831e9ec35f31598610005fa8795&preview_theme_id=46803124304' successfully

2019-07-09 15:31:34 - [MESSAGE][PASSED] - Navigate to 'https://apollo-fireball.myshopify.com/?_ab=0&_fd=0&_sc=1&key=96c2edace7b9967f3a77c2e2b131937136039831e9ec35f31598610005fa8795&preview_theme_id=46803124304' successfully

2019-07-09 15:31:34 - [TEST_STEP][PASSED] - executeJavaScript("var previewBar = document.getElementById("preview-bar-iframe"); previewBar.style.display = "none";", []): Execute JavaScript 'var previewBar = document.getElementById("preview-bar-iframe"); previewBar.style.display = "none";' successfully

2019-07-09 15:31:34 - [MESSAGE][PASSED] - Execute JavaScript 'var previewBar = document.getElementById("preview-bar-iframe"); previewBar.style.display = "none";' successfully

2019-07-09 15:31:34 - [TEST_STEP][PASSED] - maximizeWindow(): Current window maximized

2019-07-09 15:31:34 - [MESSAGE][PASSED] - Current window maximized

2019-07-09 15:31:34 - [MESSAGE][PASSED] - Call Test Case 'Test Cases/CALL - URL' successfully

2019-07-09 15:31:34 - [TEST_STEP][PASSED] - delay(1): Delayed 1 second(s)

2019-07-09 15:31:35 - [MESSAGE][PASSED] - Delayed 1 second(s)

2019-07-09 15:31:35 - [TEST_STEP][PASSED] - click(findTestObject("APOLLO- Desktop/Home page/Account icon")): Object: 'Object Repository/APOLLO- Desktop/Home page/Account icon' is clicked on

2019-07-09 15:31:36 - [MESSAGE][PASSED] - Object: 'Object Repository/APOLLO- Desktop/Home page/Account icon' is clicked on

2019-07-09 15:31:36 - [TEST_STEP][PASSED] - delay(1): Delayed 1 second(s)

2019-07-09 15:31:38 - [MESSAGE][PASSED] - Delayed 1 second(s)

2019-07-09 15:31:38 - [TEST_STEP][PASSED] - setText(findTestObject("APOLLO- Desktop/Home page/Email address"), "suman.kompelly@diffagency.com"): Text 'suman.kompelly@diffagency.com' is set on object 'Object Repository/APOLLO- Desktop/Home page/Email address'

2019-07-09 15:31:38 - [MESSAGE][PASSED] - Text 'suman.kompelly@diffagency.com' is set on object 'Object Repository/APOLLO- Desktop/Home page/Email address'

2019-07-09 15:31:38 - [TEST_STEP][PASSED] - delay(1): Delayed 1 second(s)

2019-07-09 15:31:39 - [MESSAGE][PASSED] - Delayed 1 second(s)

2019-07-09 15:31:39 - [TEST_STEP][PASSED] - setEncryptedText(findTestObject("APOLLO- Desktop/Home page/Password"), "5xx1bkCcAlw="): Text ****** has been set on object 'Object Repository/APOLLO- Desktop/Home page/Password'

2019-07-09 15:31:39 - [MESSAGE][PASSED] - Text ****** has been set on object 'Object Repository/APOLLO- Desktop/Home page/Password'

2019-07-09 15:31:39 - [TEST_STEP][PASSED] - delay(1): Delayed 1 second(s)

2019-07-09 15:31:40 - [MESSAGE][PASSED] - Delayed 1 second(s)

2019-07-09 15:31:40 - [TEST_STEP][PASSED] - click(findTestObject("APOLLO- Desktop/Home page/Sign in button")): Object: 'Object Repository/APOLLO- Desktop/Home page/Sign in button' is clicked on

2019-07-09 15:31:41 - [MESSAGE][PASSED] - Object: 'Object Repository/APOLLO- Desktop/Home page/Sign in button' is clicked on

2019-07-09 15:31:41 - [TEST_STEP][PASSED] - delay(1): Delayed 1 second(s)

2019-07-09 15:31:42 - [MESSAGE][PASSED] - Delayed 1 second(s)

2019-07-09 15:31:42 - [TEST_STEP][PASSED] - click(findTestObject("APOLLO- Desktop/Home page/address page")): Object: 'Object Repository/APOLLO- Desktop/Home page/address page' is clicked on

2019-07-09 15:31:43 - [MESSAGE][PASSED] - Object: 'Object Repository/APOLLO- Desktop/Home page/address page' is clicked on

2019-07-09 15:31:43 - [TEST_STEP][PASSED] - delay(1): Delayed 1 second(s)

2019-07-09 15:31:44 - [MESSAGE][PASSED] - Delayed 1 second(s)

2019-07-09 15:31:44 - [TEST_STEP][PASSED] - click(findTestObject("APOLLO- Desktop/Home page/orders page")): Object: 'Object Repository/APOLLO- Desktop/Home page/orders page' is clicked on

2019-07-09 15:31:45 - [MESSAGE][PASSED] - Object: 'Object Repository/APOLLO- Desktop/Home page/orders page' is clicked on

2019-07-09 15:31:45 - [TEST_STEP][PASSED] - delay(1): Delayed 1 second(s)

2019-07-09 15:31:46 - [MESSAGE][PASSED] - Delayed 1 second(s)

2019-07-09 15:31:46 - [TEST_STEP][PASSED] - click(findTestObject("APOLLO- Desktop/Home page/Details page")): Object: 'Object Repository/APOLLO- Desktop/Home page/Details page' is clicked on

2019-07-09 15:31:47 - [MESSAGE][PASSED] - Object: 'Object Repository/APOLLO- Desktop/Home page/Details page' is clicked on

2019-07-09 15:31:47 - [TEST_STEP][PASSED] - delay(1): Delayed 1 second(s)

2019-07-09 15:31:48 - [MESSAGE][PASSED] - Delayed 1 second(s)

2019-07-09 15:31:48 - [TEST_STEP][PASSED] - click(findTestObject("APOLLO- Desktop/Home page/Logout")): Object: 'Object Repository/APOLLO- Desktop/Home page/Logout' is clicked on

2019-07-09 15:31:51 - [MESSAGE][PASSED] - Object: 'Object Repository/APOLLO- Desktop/Home page/Logout' is clicked on]]></system-out>
         <system-err><![CDATA[]]></system-err>
      </testcase>
      <testcase name="Test Cases/CRITICAL PATH/Decrease quantity - Cart flyout" classname="Test Cases/CRITICAL PATH/Decrease quantity - Cart flyout" status="PASSED">
         <system-out><![CDATA[2019-07-09 15:31:51 - [TEST_CASE][PASSED] - Test Cases/CRITICAL PATH/Decrease quantity - Cart flyout: Test Cases/CRITICAL PATH/Decrease quantity - Cart flyout

2019-07-09 15:31:51 - [TEST_STEP][PASSED] - callTestCase(findTestCase("CALL - URL"), [:], STOP_ON_FAILURE): Call Test Case 'Test Cases/CALL - URL' successfully

2019-07-09 15:31:51 - [TEST_CASE][PASSED] - Test Cases/CALL - URL: Test Cases/CALL - URL

2019-07-09 15:31:51 - [TEST_STEP][PASSED] - openBrowser(""): Browser is opened with url: ''

2019-07-09 15:31:51 - [MESSAGE][WARNING] - A browser is already opened. Closing browser and opening a new one

2019-07-09 15:31:51 - [MESSAGE][INFO] - Starting 'Chrome' driver

2019-07-09 15:31:52 - [MESSAGE][PASSED] - Browser is opened with url: ''

2019-07-09 15:31:52 - [TEST_STEP][PASSED] - navigateToUrl("https://apollo-fireball.myshopify.com/?_ab=0&_fd=0&_sc=1&key=96c2edace7b9967f3a77c2e2b131937136039831e9ec35f31598610005fa8795&preview_theme_id=46803124304"): Navigate to 'https://apollo-fireball.myshopify.com/?_ab=0&_fd=0&_sc=1&key=96c2edace7b9967f3a77c2e2b131937136039831e9ec35f31598610005fa8795&preview_theme_id=46803124304' successfully

2019-07-09 15:31:56 - [MESSAGE][PASSED] - Navigate to 'https://apollo-fireball.myshopify.com/?_ab=0&_fd=0&_sc=1&key=96c2edace7b9967f3a77c2e2b131937136039831e9ec35f31598610005fa8795&preview_theme_id=46803124304' successfully

2019-07-09 15:31:56 - [TEST_STEP][PASSED] - executeJavaScript("var previewBar = document.getElementById("preview-bar-iframe"); previewBar.style.display = "none";", []): Execute JavaScript 'var previewBar = document.getElementById("preview-bar-iframe"); previewBar.style.display = "none";' successfully

2019-07-09 15:31:56 - [MESSAGE][PASSED] - Execute JavaScript 'var previewBar = document.getElementById("preview-bar-iframe"); previewBar.style.display = "none";' successfully

2019-07-09 15:31:56 - [TEST_STEP][PASSED] - maximizeWindow(): Current window maximized

2019-07-09 15:31:56 - [MESSAGE][PASSED] - Current window maximized

2019-07-09 15:31:56 - [MESSAGE][PASSED] - Call Test Case 'Test Cases/CALL - URL' successfully

2019-07-09 15:31:56 - [TEST_STEP][PASSED] - click(findTestObject("APOLLO- Desktop/Burger Menu/Burgermenu")): Object: 'Object Repository/APOLLO- Desktop/Burger Menu/Burgermenu' is clicked on

2019-07-09 15:31:56 - [MESSAGE][PASSED] - Object: 'Object Repository/APOLLO- Desktop/Burger Menu/Burgermenu' is clicked on

2019-07-09 15:31:56 - [TEST_STEP][PASSED] - delay(2): Delayed 2 second(s)

2019-07-09 15:31:58 - [MESSAGE][PASSED] - Delayed 2 second(s)

2019-07-09 15:31:58 - [TEST_STEP][PASSED] - click(findTestObject("APOLLO- Desktop/Burger Menu/Shop food")): Object: 'Object Repository/APOLLO- Desktop/Burger Menu/Shop food' is clicked on

2019-07-09 15:31:58 - [MESSAGE][PASSED] - Object: 'Object Repository/APOLLO- Desktop/Burger Menu/Shop food' is clicked on

2019-07-09 15:31:58 - [TEST_STEP][PASSED] - delay(2): Delayed 2 second(s)

2019-07-09 15:32:00 - [MESSAGE][PASSED] - Delayed 2 second(s)

2019-07-09 15:32:00 - [TEST_STEP][PASSED] - click(findTestObject("APOLLO- Desktop/Burger Menu/Beef")): Object: 'Object Repository/APOLLO- Desktop/Burger Menu/Beef' is clicked on

2019-07-09 15:32:10 - [MESSAGE][PASSED] - Object: 'Object Repository/APOLLO- Desktop/Burger Menu/Beef' is clicked on

2019-07-09 15:32:10 - [TEST_STEP][PASSED] - delay(2): Delayed 2 second(s)

2019-07-09 15:32:12 - [MESSAGE][PASSED] - Delayed 2 second(s)

2019-07-09 15:32:12 - [TEST_STEP][PASSED] - executeJavaScript("var previewBar = document.getElementById("preview-bar-iframe"); previewBar.style.display = "none";", []): Execute JavaScript 'var previewBar = document.getElementById("preview-bar-iframe"); previewBar.style.display = "none";' successfully

2019-07-09 15:32:12 - [MESSAGE][PASSED] - Execute JavaScript 'var previewBar = document.getElementById("preview-bar-iframe"); previewBar.style.display = "none";' successfully

2019-07-09 15:32:12 - [TEST_STEP][PASSED] - delay(2): Delayed 2 second(s)

2019-07-09 15:32:14 - [MESSAGE][PASSED] - Delayed 2 second(s)

2019-07-09 15:32:14 - [TEST_STEP][PASSED] - click(findTestObject("APOLLO- Desktop/Collection page/Beef skewers")): Object: 'Object Repository/APOLLO- Desktop/Collection page/Beef skewers' is clicked on

2019-07-09 15:32:29 - [MESSAGE][PASSED] - Object: 'Object Repository/APOLLO- Desktop/Collection page/Beef skewers' is clicked on

2019-07-09 15:32:29 - [TEST_STEP][PASSED] - executeJavaScript("var previewBar = document.getElementById("preview-bar-iframe"); previewBar.style.display = "none";", []): Execute JavaScript 'var previewBar = document.getElementById("preview-bar-iframe"); previewBar.style.display = "none";' successfully

2019-07-09 15:32:29 - [MESSAGE][PASSED] - Execute JavaScript 'var previewBar = document.getElementById("preview-bar-iframe"); previewBar.style.display = "none";' successfully

2019-07-09 15:32:29 - [TEST_STEP][PASSED] - delay(2): Delayed 2 second(s)

2019-07-09 15:32:31 - [MESSAGE][PASSED] - Delayed 2 second(s)

2019-07-09 15:32:31 - [TEST_STEP][PASSED] - click(findTestObject("APOLLO- Desktop/Product page/1 piece")): Object: 'Object Repository/APOLLO- Desktop/Product page/1 piece' is clicked on

2019-07-09 15:32:31 - [MESSAGE][PASSED] - Object: 'Object Repository/APOLLO- Desktop/Product page/1 piece' is clicked on

2019-07-09 15:32:31 - [TEST_STEP][PASSED] - delay(2): Delayed 2 second(s)

2019-07-09 15:32:33 - [MESSAGE][PASSED] - Delayed 2 second(s)

2019-07-09 15:32:33 - [TEST_STEP][PASSED] - delay(2): Delayed 2 second(s)

2019-07-09 15:32:35 - [MESSAGE][PASSED] - Delayed 2 second(s)

2019-07-09 15:32:35 - [TEST_STEP][PASSED] - click(findTestObject("APOLLO- Desktop/Product page/Increase qunatity - prod page")): Object: 'Object Repository/APOLLO- Desktop/Product page/Increase qunatity - prod page' is clicked on

2019-07-09 15:32:35 - [MESSAGE][PASSED] - Object: 'Object Repository/APOLLO- Desktop/Product page/Increase qunatity - prod page' is clicked on

2019-07-09 15:32:35 - [TEST_STEP][PASSED] - delay(2): Delayed 2 second(s)

2019-07-09 15:32:37 - [MESSAGE][PASSED] - Delayed 2 second(s)

2019-07-09 15:32:37 - [TEST_STEP][PASSED] - click(findTestObject("APOLLO- Desktop/Product page/Increase qunatity - prod page")): Object: 'Object Repository/APOLLO- Desktop/Product page/Increase qunatity - prod page' is clicked on

2019-07-09 15:32:37 - [MESSAGE][PASSED] - Object: 'Object Repository/APOLLO- Desktop/Product page/Increase qunatity - prod page' is clicked on

2019-07-09 15:32:37 - [TEST_STEP][PASSED] - delay(2): Delayed 2 second(s)

2019-07-09 15:32:39 - [MESSAGE][PASSED] - Delayed 2 second(s)

2019-07-09 15:32:39 - [TEST_STEP][PASSED] - click(findTestObject("APOLLO- Desktop/Product page/Increase qunatity - prod page")): Object: 'Object Repository/APOLLO- Desktop/Product page/Increase qunatity - prod page' is clicked on

2019-07-09 15:32:39 - [MESSAGE][PASSED] - Object: 'Object Repository/APOLLO- Desktop/Product page/Increase qunatity - prod page' is clicked on

2019-07-09 15:32:39 - [TEST_STEP][PASSED] - delay(2): Delayed 2 second(s)

2019-07-09 15:32:41 - [MESSAGE][PASSED] - Delayed 2 second(s)

2019-07-09 15:32:41 - [TEST_STEP][PASSED] - click(findTestObject("APOLLO- Desktop/Product page/Increase qunatity - prod page")): Object: 'Object Repository/APOLLO- Desktop/Product page/Increase qunatity - prod page' is clicked on

2019-07-09 15:32:41 - [MESSAGE][PASSED] - Object: 'Object Repository/APOLLO- Desktop/Product page/Increase qunatity - prod page' is clicked on

2019-07-09 15:32:41 - [TEST_STEP][PASSED] - delay(2): Delayed 2 second(s)

2019-07-09 15:32:43 - [MESSAGE][PASSED] - Delayed 2 second(s)

2019-07-09 15:32:43 - [TEST_STEP][PASSED] - click(findTestObject("APOLLO- Desktop/Product page/Increase qunatity - prod page")): Object: 'Object Repository/APOLLO- Desktop/Product page/Increase qunatity - prod page' is clicked on

2019-07-09 15:32:44 - [MESSAGE][PASSED] - Object: 'Object Repository/APOLLO- Desktop/Product page/Increase qunatity - prod page' is clicked on

2019-07-09 15:32:44 - [TEST_STEP][PASSED] - delay(2): Delayed 2 second(s)

2019-07-09 15:32:46 - [MESSAGE][PASSED] - Delayed 2 second(s)

2019-07-09 15:32:46 - [TEST_STEP][PASSED] - click(findTestObject("APOLLO- Desktop/Product page/Add to bag")): Object: 'Object Repository/APOLLO- Desktop/Product page/Add to bag' is clicked on

2019-07-09 15:32:46 - [MESSAGE][PASSED] - Object: 'Object Repository/APOLLO- Desktop/Product page/Add to bag' is clicked on

2019-07-09 15:32:46 - [TEST_STEP][PASSED] - delay(2): Delayed 2 second(s)

2019-07-09 15:32:48 - [MESSAGE][PASSED] - Delayed 2 second(s)

2019-07-09 15:32:48 - [TEST_STEP][PASSED] - a = getText(findTestObject("APOLLO- Desktop/Cart flyout/Subtotal in cart flyout")): Text of object 'Object Repository/APOLLO- Desktop/Cart flyout/Subtotal in cart flyout' is: '$51.00'

2019-07-09 15:32:48 - [MESSAGE][PASSED] - Text of object 'Object Repository/APOLLO- Desktop/Cart flyout/Subtotal in cart flyout' is: '$51.00'

2019-07-09 15:32:48 - [TEST_STEP][PASSED] - comment("a=" + a): a=$51.00

2019-07-09 15:32:48 - [MESSAGE][INFO] - a=$51.00

2019-07-09 15:32:48 - [TEST_STEP][PASSED] - delay(2): Delayed 2 second(s)

2019-07-09 15:32:50 - [MESSAGE][PASSED] - Delayed 2 second(s)

2019-07-09 15:32:50 - [TEST_STEP][PASSED] - click(findTestObject("APOLLO- Desktop/Cart flyout/Decrease quantity - cart flyout")): Object: 'Object Repository/APOLLO- Desktop/Cart flyout/Decrease quantity - cart flyout' is clicked on

2019-07-09 15:32:50 - [MESSAGE][PASSED] - Object: 'Object Repository/APOLLO- Desktop/Cart flyout/Decrease quantity - cart flyout' is clicked on

2019-07-09 15:32:50 - [TEST_STEP][PASSED] - delay(2): Delayed 2 second(s)

2019-07-09 15:32:52 - [MESSAGE][PASSED] - Delayed 2 second(s)

2019-07-09 15:32:52 - [TEST_STEP][PASSED] - click(findTestObject("APOLLO- Desktop/Cart flyout/Decrease quantity - cart flyout")): Object: 'Object Repository/APOLLO- Desktop/Cart flyout/Decrease quantity - cart flyout' is clicked on

2019-07-09 15:32:52 - [MESSAGE][PASSED] - Object: 'Object Repository/APOLLO- Desktop/Cart flyout/Decrease quantity - cart flyout' is clicked on

2019-07-09 15:32:52 - [TEST_STEP][PASSED] - delay(2): Delayed 2 second(s)

2019-07-09 15:32:54 - [MESSAGE][PASSED] - Delayed 2 second(s)

2019-07-09 15:32:54 - [TEST_STEP][PASSED] - setText(findTestObject("APOLLO- Desktop/Cart flyout/CArt quanty update"), "3"): Text '3' is set on object 'Object Repository/APOLLO- Desktop/Cart flyout/CArt quanty update'

2019-07-09 15:32:54 - [MESSAGE][PASSED] - Text '3' is set on object 'Object Repository/APOLLO- Desktop/Cart flyout/CArt quanty update'

2019-07-09 15:32:54 - [TEST_STEP][PASSED] - delay(2): Delayed 2 second(s)

2019-07-09 15:32:56 - [MESSAGE][PASSED] - Delayed 2 second(s)

2019-07-09 15:32:56 - [TEST_STEP][PASSED] - click(findTestObject("APOLLO- Desktop/Cart flyout/Decrease quantity - cart flyout")): Object: 'Object Repository/APOLLO- Desktop/Cart flyout/Decrease quantity - cart flyout' is clicked on

2019-07-09 15:32:56 - [MESSAGE][PASSED] - Object: 'Object Repository/APOLLO- Desktop/Cart flyout/Decrease quantity - cart flyout' is clicked on

2019-07-09 15:32:56 - [TEST_STEP][PASSED] - delay(2): Delayed 2 second(s)

2019-07-09 15:32:58 - [MESSAGE][PASSED] - Delayed 2 second(s)

2019-07-09 15:32:58 - [TEST_STEP][PASSED] - b = getText(findTestObject("APOLLO- Desktop/Cart flyout/Subtotal in cart flyout")): Text of object 'Object Repository/APOLLO- Desktop/Cart flyout/Subtotal in cart flyout' is: '$17.00'

2019-07-09 15:32:58 - [MESSAGE][PASSED] - Text of object 'Object Repository/APOLLO- Desktop/Cart flyout/Subtotal in cart flyout' is: '$17.00'

2019-07-09 15:32:58 - [TEST_STEP][PASSED] - comment("b=" + b): b=$17.00

2019-07-09 15:32:58 - [MESSAGE][INFO] - b=$17.00

2019-07-09 15:32:58 - [TEST_STEP][PASSED] - verifyNotEqual("a", "b"): Actual object 'a' and expected object 'b' are not equal

2019-07-09 15:32:58 - [MESSAGE][PASSED] - Actual object 'a' and expected object 'b' are not equal

2019-07-09 15:32:58 - [TEST_STEP][PASSED] - delay(2): Delayed 2 second(s)

2019-07-09 15:33:00 - [MESSAGE][PASSED] - Delayed 2 second(s)

2019-07-09 15:33:00 - [TEST_STEP][PASSED] - click(findTestObject("APOLLO- Desktop/Cart flyout/Checkout")): Object: 'Object Repository/APOLLO- Desktop/Cart flyout/Checkout' is clicked on

2019-07-09 15:33:04 - [MESSAGE][PASSED] - Object: 'Object Repository/APOLLO- Desktop/Cart flyout/Checkout' is clicked on

2019-07-09 15:33:04 - [TEST_STEP][PASSED] - delay(2): Delayed 2 second(s)

2019-07-09 15:33:06 - [MESSAGE][PASSED] - Delayed 2 second(s)

2019-07-09 15:33:06 - [TEST_STEP][PASSED] - callTestCase(findTestCase("CALL- CUSTOMER INFO PAGE"), [:], STOP_ON_FAILURE): Call Test Case 'Test Cases/CALL- CUSTOMER INFO PAGE' successfully

2019-07-09 15:33:06 - [TEST_CASE][PASSED] - Test Cases/CALL- CUSTOMER INFO PAGE: Test Cases/CALL- CUSTOMER INFO PAGE

2019-07-09 15:33:06 - [TEST_STEP][PASSED] - delay(2): Delayed 2 second(s)

2019-07-09 15:33:08 - [MESSAGE][PASSED] - Delayed 2 second(s)

2019-07-09 15:33:08 - [TEST_STEP][PASSED] - executeJavaScript("var previewBar = document.getElementById("preview-bar-iframe"); previewBar.style.display = "none";", []): Execute JavaScript 'var previewBar = document.getElementById("preview-bar-iframe"); previewBar.style.display = "none";' successfully

2019-07-09 15:33:08 - [MESSAGE][PASSED] - Execute JavaScript 'var previewBar = document.getElementById("preview-bar-iframe"); previewBar.style.display = "none";' successfully

2019-07-09 15:33:08 - [TEST_STEP][PASSED] - setText(findTestObject("APOLLO- Desktop/Customer Information page/Email"), "suman@gmail.com"): Text 'suman@gmail.com' is set on object 'Object Repository/APOLLO- Desktop/Customer Information page/Email'

2019-07-09 15:33:08 - [MESSAGE][PASSED] - Text 'suman@gmail.com' is set on object 'Object Repository/APOLLO- Desktop/Customer Information page/Email'

2019-07-09 15:33:08 - [TEST_STEP][PASSED] - delay(2): Delayed 2 second(s)

2019-07-09 15:33:10 - [MESSAGE][PASSED] - Delayed 2 second(s)

2019-07-09 15:33:10 - [TEST_STEP][PASSED] - setText(findTestObject("APOLLO- Desktop/Customer Information page/First name"), "suman"): Text 'suman' is set on object 'Object Repository/APOLLO- Desktop/Customer Information page/First name'

2019-07-09 15:33:10 - [MESSAGE][PASSED] - Text 'suman' is set on object 'Object Repository/APOLLO- Desktop/Customer Information page/First name'

2019-07-09 15:33:10 - [TEST_STEP][PASSED] - delay(2): Delayed 2 second(s)

2019-07-09 15:33:12 - [MESSAGE][PASSED] - Delayed 2 second(s)

2019-07-09 15:33:12 - [TEST_STEP][PASSED] - setText(findTestObject("APOLLO- Desktop/Customer Information page/Last name"), "kompelly"): Text 'kompelly' is set on object 'Object Repository/APOLLO- Desktop/Customer Information page/Last name'

2019-07-09 15:33:12 - [MESSAGE][PASSED] - Text 'kompelly' is set on object 'Object Repository/APOLLO- Desktop/Customer Information page/Last name'

2019-07-09 15:33:12 - [TEST_STEP][PASSED] - delay(2): Delayed 2 second(s)

2019-07-09 15:33:14 - [MESSAGE][PASSED] - Delayed 2 second(s)

2019-07-09 15:33:14 - [TEST_STEP][PASSED] - setText(findTestObject("APOLLO- Desktop/Customer Information page/Address"), "1435 st alxendre"): Text '1435 st alxendre' is set on object 'Object Repository/APOLLO- Desktop/Customer Information page/Address'

2019-07-09 15:33:14 - [MESSAGE][PASSED] - Text '1435 st alxendre' is set on object 'Object Repository/APOLLO- Desktop/Customer Information page/Address'

2019-07-09 15:33:14 - [TEST_STEP][PASSED] - setText(findTestObject("APOLLO- Desktop/Customer Information page/Apartment"), "220"): Text '220' is set on object 'Object Repository/APOLLO- Desktop/Customer Information page/Apartment'

2019-07-09 15:33:15 - [MESSAGE][PASSED] - Text '220' is set on object 'Object Repository/APOLLO- Desktop/Customer Information page/Apartment'

2019-07-09 15:33:15 - [TEST_STEP][PASSED] - setText(findTestObject("APOLLO- Desktop/Customer Information page/City"), "montreal"): Text 'montreal' is set on object 'Object Repository/APOLLO- Desktop/Customer Information page/City'

2019-07-09 15:33:15 - [MESSAGE][PASSED] - Text 'montreal' is set on object 'Object Repository/APOLLO- Desktop/Customer Information page/City'

2019-07-09 15:33:15 - [TEST_STEP][PASSED] - selectOptionByValue(findTestObject("APOLLO- Desktop/Customer Information page/Country dropdown"), "United States", true): All options with value 'United States' are selected in object 'Object Repository/APOLLO- Desktop/Customer Information page/Country dropdown'  using regular expression

2019-07-09 15:33:18 - [MESSAGE][PASSED] - All options with value 'United States' are selected in object 'Object Repository/APOLLO- Desktop/Customer Information page/Country dropdown'  using regular expression

2019-07-09 15:33:18 - [TEST_STEP][PASSED] - selectOptionByValue(findTestObject("APOLLO- Desktop/Customer Information page/states dropdown"), "NJ", true): All options with value 'NJ' are selected in object 'Object Repository/APOLLO- Desktop/Customer Information page/states dropdown'  using regular expression

2019-07-09 15:33:19 - [MESSAGE][PASSED] - All options with value 'NJ' are selected in object 'Object Repository/APOLLO- Desktop/Customer Information page/states dropdown'  using regular expression

2019-07-09 15:33:19 - [TEST_STEP][PASSED] - setText(findTestObject("APOLLO- Desktop/Customer Information page/ZIP code"), "07057"): Text '07057' is set on object 'Object Repository/APOLLO- Desktop/Customer Information page/ZIP code'

2019-07-09 15:33:19 - [MESSAGE][PASSED] - Text '07057' is set on object 'Object Repository/APOLLO- Desktop/Customer Information page/ZIP code'

2019-07-09 15:33:19 - [MESSAGE][PASSED] - Call Test Case 'Test Cases/CALL- CUSTOMER INFO PAGE' successfully

2019-07-09 15:33:19 - [TEST_STEP][PASSED] - delay(2): Delayed 2 second(s)

2019-07-09 15:33:21 - [MESSAGE][PASSED] - Delayed 2 second(s)

2019-07-09 15:33:21 - [TEST_STEP][PASSED] - callTestCase(findTestCase("CALL - SHIPPING TO PAYMENT"), [:], STOP_ON_FAILURE): Call Test Case 'Test Cases/CALL - SHIPPING TO PAYMENT' successfully

2019-07-09 15:33:21 - [TEST_CASE][PASSED] - Test Cases/CALL - SHIPPING TO PAYMENT: Test Cases/CALL - SHIPPING TO PAYMENT

2019-07-09 15:33:21 - [TEST_STEP][PASSED] - click(findTestObject("APOLLO- Desktop/Customer Information page/Continue to shipping")): Object: 'Object Repository/APOLLO- Desktop/Customer Information page/Continue to shipping' is clicked on

2019-07-09 15:33:23 - [MESSAGE][PASSED] - Object: 'Object Repository/APOLLO- Desktop/Customer Information page/Continue to shipping' is clicked on

2019-07-09 15:33:23 - [TEST_STEP][PASSED] - executeJavaScript("var previewBar = document.getElementById("preview-bar-iframe"); previewBar.style.display = "none";", []): Execute JavaScript 'var previewBar = document.getElementById("preview-bar-iframe"); previewBar.style.display = "none";' successfully

2019-07-09 15:33:23 - [MESSAGE][PASSED] - Execute JavaScript 'var previewBar = document.getElementById("preview-bar-iframe"); previewBar.style.display = "none";' successfully

2019-07-09 15:33:23 - [TEST_STEP][PASSED] - click(findTestObject("APOLLO- Desktop/Shipping page/Radio button check")): Object: 'Object Repository/APOLLO- Desktop/Shipping page/Radio button check' is clicked on

2019-07-09 15:33:24 - [MESSAGE][PASSED] - Object: 'Object Repository/APOLLO- Desktop/Shipping page/Radio button check' is clicked on

2019-07-09 15:33:24 - [TEST_STEP][PASSED] - executeJavaScript("var previewBar = document.getElementById("preview-bar-iframe"); previewBar.style.display = "none";", []): Execute JavaScript 'var previewBar = document.getElementById("preview-bar-iframe"); previewBar.style.display = "none";' successfully

2019-07-09 15:33:24 - [MESSAGE][PASSED] - Execute JavaScript 'var previewBar = document.getElementById("preview-bar-iframe"); previewBar.style.display = "none";' successfully

2019-07-09 15:33:24 - [TEST_STEP][PASSED] - click(findTestObject("APOLLO- Desktop/Shipping page/Continue to payment")): Object: 'Object Repository/APOLLO- Desktop/Shipping page/Continue to payment' is clicked on

2019-07-09 15:33:27 - [MESSAGE][PASSED] - Object: 'Object Repository/APOLLO- Desktop/Shipping page/Continue to payment' is clicked on

2019-07-09 15:33:27 - [TEST_STEP][PASSED] - executeJavaScript("var previewBar = document.getElementById("preview-bar-iframe"); previewBar.style.display = "none";", []): Execute JavaScript 'var previewBar = document.getElementById("preview-bar-iframe"); previewBar.style.display = "none";' successfully

2019-07-09 15:33:27 - [MESSAGE][PASSED] - Execute JavaScript 'var previewBar = document.getElementById("preview-bar-iframe"); previewBar.style.display = "none";' successfully

2019-07-09 15:33:27 - [TEST_STEP][PASSED] - verifyTextPresent("Payment", false): Text 'Payment' is present on page 

2019-07-09 15:33:27 - [MESSAGE][PASSED] - Text 'Payment' is present on page 

2019-07-09 15:33:27 - [MESSAGE][PASSED] - Call Test Case 'Test Cases/CALL - SHIPPING TO PAYMENT' successfully]]></system-out>
         <system-err><![CDATA[]]></system-err>
      </testcase>
      <testcase name="Test Cases/CRITICAL PATH/Price comparison - Cart flyout" classname="Test Cases/CRITICAL PATH/Price comparison - Cart flyout" status="FAILED">
         <failure type="FAILED" message="Test Cases/CRITICAL PATH/Price comparison - Cart flyout FAILED.
Reason:
com.kms.katalon.core.exception.StepFailedException: Unable to click on object 'Object Repository/APOLLO- Desktop/payment page/Payment section' (Root cause: com.kms.katalon.core.webui.exception.WebElementNotFoundException: Web element with id: 'Object Repository/APOLLO- Desktop/payment page/Payment section' located by 'By.xpath: (.//*[normalize-space(text()) and normalize-space(.)='Apply Discount Code'])[1]/following::div[1]' not found)
	at com.kms.katalon.core.keyword.internal.KeywordMain.stepFailed(KeywordMain.groovy:36)
	at com.kms.katalon.core.webui.keyword.internal.WebUIKeywordMain.stepFailed(WebUIKeywordMain.groovy:65)
	at com.kms.katalon.core.webui.keyword.internal.WebUIKeywordMain.runKeyword(WebUIKeywordMain.groovy:27)
	at com.kms.katalon.core.webui.keyword.builtin.ClickKeyword.click(ClickKeyword.groovy:86)
	at com.kms.katalon.core.webui.keyword.builtin.ClickKeyword.execute(ClickKeyword.groovy:67)
	at com.kms.katalon.core.keyword.internal.KeywordExecutor.executeKeywordForPlatform(KeywordExecutor.groovy:53)
	at com.kms.katalon.core.webui.keyword.WebUiBuiltInKeywords.click(WebUiBuiltInKeywords.groovy:616)
	at com.kms.katalon.core.webui.keyword.WebUiBuiltInKeywords$click$3.call(Unknown Source)
	at Price comparison - Cart flyout.run(Price comparison - Cart flyout:207)
	at com.kms.katalon.core.main.ScriptEngine.run(ScriptEngine.java:194)
	at com.kms.katalon.core.main.ScriptEngine.runScriptAsRawText(ScriptEngine.java:119)
	at com.kms.katalon.core.main.TestCaseExecutor.runScript(TestCaseExecutor.java:328)
	at com.kms.katalon.core.main.TestCaseExecutor.doExecute(TestCaseExecutor.java:319)
	at com.kms.katalon.core.main.TestCaseExecutor.processExecutionPhase(TestCaseExecutor.java:298)
	at com.kms.katalon.core.main.TestCaseExecutor.accessMainPhase(TestCaseExecutor.java:290)
	at com.kms.katalon.core.main.TestCaseExecutor.execute(TestCaseExecutor.java:224)
	at com.kms.katalon.core.main.TestSuiteExecutor.accessTestCaseMainPhase(TestSuiteExecutor.java:129)
	at com.kms.katalon.core.main.TestSuiteExecutor.accessTestSuiteMainPhase(TestSuiteExecutor.java:112)
	at com.kms.katalon.core.main.TestSuiteExecutor.execute(TestSuiteExecutor.java:81)
	at com.kms.katalon.core.main.TestCaseMain.startTestSuite(TestCaseMain.java:149)
	at com.kms.katalon.core.main.TestCaseMain$startTestSuite$0.call(Unknown Source)
	at TempTestSuite1562698926915.run(TempTestSuite1562698926915.groovy:36)
"/>
         <system-out><![CDATA[2019-07-09 15:33:27 - [TEST_CASE][FAILED] - Test Cases/CRITICAL PATH/Price comparison - Cart flyout: Test Cases/CRITICAL PATH/Price comparison - Cart flyout FAILED.
Reason:
com.kms.katalon.core.exception.StepFailedException: Unable to click on object 'Object Repository/APOLLO- Desktop/payment page/Payment section' (Root cause: com.kms.katalon.core.webui.exception.WebElementNotFoundException: Web element with id: 'Object Repository/APOLLO- Desktop/payment page/Payment section' located by 'By.xpath: (.//*[normalize-space(text()) and normalize-space(.)='Apply Discount Code'])[1]/following::div[1]' not found)
	at com.kms.katalon.core.keyword.internal.KeywordMain.stepFailed(KeywordMain.groovy:36)
	at com.kms.katalon.core.webui.keyword.internal.WebUIKeywordMain.stepFailed(WebUIKeywordMain.groovy:65)
	at com.kms.katalon.core.webui.keyword.internal.WebUIKeywordMain.runKeyword(WebUIKeywordMain.groovy:27)
	at com.kms.katalon.core.webui.keyword.builtin.ClickKeyword.click(ClickKeyword.groovy:86)
	at com.kms.katalon.core.webui.keyword.builtin.ClickKeyword.execute(ClickKeyword.groovy:67)
	at com.kms.katalon.core.keyword.internal.KeywordExecutor.executeKeywordForPlatform(KeywordExecutor.groovy:53)
	at com.kms.katalon.core.webui.keyword.WebUiBuiltInKeywords.click(WebUiBuiltInKeywords.groovy:616)
	at com.kms.katalon.core.webui.keyword.WebUiBuiltInKeywords$click$3.call(Unknown Source)
	at Price comparison - Cart flyout.run(Price comparison - Cart flyout:207)
	at com.kms.katalon.core.main.ScriptEngine.run(ScriptEngine.java:194)
	at com.kms.katalon.core.main.ScriptEngine.runScriptAsRawText(ScriptEngine.java:119)
	at com.kms.katalon.core.main.TestCaseExecutor.runScript(TestCaseExecutor.java:328)
	at com.kms.katalon.core.main.TestCaseExecutor.doExecute(TestCaseExecutor.java:319)
	at com.kms.katalon.core.main.TestCaseExecutor.processExecutionPhase(TestCaseExecutor.java:298)
	at com.kms.katalon.core.main.TestCaseExecutor.accessMainPhase(TestCaseExecutor.java:290)
	at com.kms.katalon.core.main.TestCaseExecutor.execute(TestCaseExecutor.java:224)
	at com.kms.katalon.core.main.TestSuiteExecutor.accessTestCaseMainPhase(TestSuiteExecutor.java:129)
	at com.kms.katalon.core.main.TestSuiteExecutor.accessTestSuiteMainPhase(TestSuiteExecutor.java:112)
	at com.kms.katalon.core.main.TestSuiteExecutor.execute(TestSuiteExecutor.java:81)
	at com.kms.katalon.core.main.TestCaseMain.startTestSuite(TestCaseMain.java:149)
	at com.kms.katalon.core.main.TestCaseMain$startTestSuite$0.call(Unknown Source)
	at TempTestSuite1562698926915.run(TempTestSuite1562698926915.groovy:36)


2019-07-09 15:33:27 - [TEST_STEP][PASSED] - callTestCase(findTestCase("CALL - URL"), [:], STOP_ON_FAILURE): Call Test Case 'Test Cases/CALL - URL' successfully

2019-07-09 15:33:27 - [TEST_CASE][PASSED] - Test Cases/CALL - URL: Test Cases/CALL - URL

2019-07-09 15:33:27 - [TEST_STEP][PASSED] - openBrowser(""): Browser is opened with url: ''

2019-07-09 15:33:27 - [MESSAGE][WARNING] - A browser is already opened. Closing browser and opening a new one

2019-07-09 15:33:27 - [MESSAGE][INFO] - Starting 'Chrome' driver

2019-07-09 15:33:28 - [MESSAGE][PASSED] - Browser is opened with url: ''

2019-07-09 15:33:28 - [TEST_STEP][PASSED] - navigateToUrl("https://apollo-fireball.myshopify.com/?_ab=0&_fd=0&_sc=1&key=96c2edace7b9967f3a77c2e2b131937136039831e9ec35f31598610005fa8795&preview_theme_id=46803124304"): Navigate to 'https://apollo-fireball.myshopify.com/?_ab=0&_fd=0&_sc=1&key=96c2edace7b9967f3a77c2e2b131937136039831e9ec35f31598610005fa8795&preview_theme_id=46803124304' successfully

2019-07-09 15:33:32 - [MESSAGE][PASSED] - Navigate to 'https://apollo-fireball.myshopify.com/?_ab=0&_fd=0&_sc=1&key=96c2edace7b9967f3a77c2e2b131937136039831e9ec35f31598610005fa8795&preview_theme_id=46803124304' successfully

2019-07-09 15:33:32 - [TEST_STEP][PASSED] - executeJavaScript("var previewBar = document.getElementById("preview-bar-iframe"); previewBar.style.display = "none";", []): Execute JavaScript 'var previewBar = document.getElementById("preview-bar-iframe"); previewBar.style.display = "none";' successfully

2019-07-09 15:33:32 - [MESSAGE][PASSED] - Execute JavaScript 'var previewBar = document.getElementById("preview-bar-iframe"); previewBar.style.display = "none";' successfully

2019-07-09 15:33:32 - [TEST_STEP][PASSED] - maximizeWindow(): Current window maximized

2019-07-09 15:33:32 - [MESSAGE][PASSED] - Current window maximized

2019-07-09 15:33:32 - [MESSAGE][PASSED] - Call Test Case 'Test Cases/CALL - URL' successfully

2019-07-09 15:33:32 - [TEST_STEP][PASSED] - click(findTestObject("APOLLO- Desktop/Burger Menu/Burgermenu")): Object: 'Object Repository/APOLLO- Desktop/Burger Menu/Burgermenu' is clicked on

2019-07-09 15:33:33 - [MESSAGE][PASSED] - Object: 'Object Repository/APOLLO- Desktop/Burger Menu/Burgermenu' is clicked on

2019-07-09 15:33:33 - [TEST_STEP][PASSED] - delay(2): Delayed 2 second(s)

2019-07-09 15:33:35 - [MESSAGE][PASSED] - Delayed 2 second(s)

2019-07-09 15:33:35 - [TEST_STEP][PASSED] - click(findTestObject("APOLLO- Desktop/Burger Menu/Shop food")): Object: 'Object Repository/APOLLO- Desktop/Burger Menu/Shop food' is clicked on

2019-07-09 15:33:35 - [MESSAGE][PASSED] - Object: 'Object Repository/APOLLO- Desktop/Burger Menu/Shop food' is clicked on

2019-07-09 15:33:35 - [TEST_STEP][PASSED] - delay(2): Delayed 2 second(s)

2019-07-09 15:33:37 - [MESSAGE][PASSED] - Delayed 2 second(s)

2019-07-09 15:33:37 - [TEST_STEP][PASSED] - click(findTestObject("APOLLO- Desktop/Burger Menu/Beef")): Object: 'Object Repository/APOLLO- Desktop/Burger Menu/Beef' is clicked on

2019-07-09 15:33:56 - [MESSAGE][PASSED] - Object: 'Object Repository/APOLLO- Desktop/Burger Menu/Beef' is clicked on

2019-07-09 15:33:56 - [TEST_STEP][PASSED] - delay(2): Delayed 2 second(s)

2019-07-09 15:33:58 - [MESSAGE][PASSED] - Delayed 2 second(s)

2019-07-09 15:33:58 - [TEST_STEP][PASSED] - executeJavaScript("var previewBar = document.getElementById("preview-bar-iframe"); previewBar.style.display = "none";", []): Execute JavaScript 'var previewBar = document.getElementById("preview-bar-iframe"); previewBar.style.display = "none";' successfully

2019-07-09 15:33:58 - [MESSAGE][PASSED] - Execute JavaScript 'var previewBar = document.getElementById("preview-bar-iframe"); previewBar.style.display = "none";' successfully

2019-07-09 15:33:58 - [TEST_STEP][PASSED] - delay(2): Delayed 2 second(s)

2019-07-09 15:34:00 - [MESSAGE][PASSED] - Delayed 2 second(s)

2019-07-09 15:34:00 - [TEST_STEP][PASSED] - click(findTestObject("APOLLO- Desktop/Collection page/Beef skewers")): Object: 'Object Repository/APOLLO- Desktop/Collection page/Beef skewers' is clicked on

2019-07-09 15:34:12 - [MESSAGE][PASSED] - Object: 'Object Repository/APOLLO- Desktop/Collection page/Beef skewers' is clicked on

2019-07-09 15:34:12 - [TEST_STEP][PASSED] - executeJavaScript("var previewBar = document.getElementById("preview-bar-iframe"); previewBar.style.display = "none";", []): Execute JavaScript 'var previewBar = document.getElementById("preview-bar-iframe"); previewBar.style.display = "none";' successfully

2019-07-09 15:34:12 - [MESSAGE][PASSED] - Execute JavaScript 'var previewBar = document.getElementById("preview-bar-iframe"); previewBar.style.display = "none";' successfully

2019-07-09 15:34:12 - [TEST_STEP][PASSED] - delay(2): Delayed 2 second(s)

2019-07-09 15:34:14 - [MESSAGE][PASSED] - Delayed 2 second(s)

2019-07-09 15:34:14 - [TEST_STEP][PASSED] - click(findTestObject("APOLLO- Desktop/Product page/1 piece")): Object: 'Object Repository/APOLLO- Desktop/Product page/1 piece' is clicked on

2019-07-09 15:34:14 - [MESSAGE][PASSED] - Object: 'Object Repository/APOLLO- Desktop/Product page/1 piece' is clicked on

2019-07-09 15:34:14 - [TEST_STEP][PASSED] - delay(2): Delayed 2 second(s)

2019-07-09 15:34:16 - [MESSAGE][PASSED] - Delayed 2 second(s)

2019-07-09 15:34:16 - [TEST_STEP][PASSED] - click(findTestObject("APOLLO- Desktop/Product page/Add to bag")): Object: 'Object Repository/APOLLO- Desktop/Product page/Add to bag' is clicked on

2019-07-09 15:34:16 - [MESSAGE][PASSED] - Object: 'Object Repository/APOLLO- Desktop/Product page/Add to bag' is clicked on

2019-07-09 15:34:16 - [TEST_STEP][PASSED] - delay(2): Delayed 2 second(s)

2019-07-09 15:34:18 - [MESSAGE][PASSED] - Delayed 2 second(s)

2019-07-09 15:34:18 - [TEST_STEP][PASSED] - click(findTestObject("APOLLO- Desktop/Cart flyout/Cart collapse")): Object: 'Object Repository/APOLLO- Desktop/Cart flyout/Cart collapse' is clicked on

2019-07-09 15:34:18 - [MESSAGE][PASSED] - Object: 'Object Repository/APOLLO- Desktop/Cart flyout/Cart collapse' is clicked on

2019-07-09 15:34:18 - [TEST_STEP][PASSED] - delay(2): Delayed 2 second(s)

2019-07-09 15:34:20 - [MESSAGE][PASSED] - Delayed 2 second(s)

2019-07-09 15:34:20 - [TEST_STEP][PASSED] - delay(2): Delayed 2 second(s)

2019-07-09 15:34:22 - [MESSAGE][PASSED] - Delayed 2 second(s)

2019-07-09 15:34:22 - [TEST_STEP][PASSED] - click(findTestObject("APOLLO- Desktop/Burger Menu/Burgermenu")): Object: 'Object Repository/APOLLO- Desktop/Burger Menu/Burgermenu' is clicked on

2019-07-09 15:34:22 - [MESSAGE][PASSED] - Object: 'Object Repository/APOLLO- Desktop/Burger Menu/Burgermenu' is clicked on

2019-07-09 15:34:22 - [TEST_STEP][PASSED] - delay(2): Delayed 2 second(s)

2019-07-09 15:34:24 - [MESSAGE][PASSED] - Delayed 2 second(s)

2019-07-09 15:34:24 - [TEST_STEP][PASSED] - click(findTestObject("APOLLO- Desktop/Burger Menu/Shop food")): Object: 'Object Repository/APOLLO- Desktop/Burger Menu/Shop food' is clicked on

2019-07-09 15:34:24 - [MESSAGE][PASSED] - Object: 'Object Repository/APOLLO- Desktop/Burger Menu/Shop food' is clicked on

2019-07-09 15:34:24 - [TEST_STEP][PASSED] - delay(2): Delayed 2 second(s)

2019-07-09 15:34:26 - [MESSAGE][PASSED] - Delayed 2 second(s)

2019-07-09 15:34:26 - [TEST_STEP][PASSED] - click(findTestObject("APOLLO- Desktop/Burger Menu/Chicken")): Object: 'Object Repository/APOLLO- Desktop/Burger Menu/Chicken' is clicked on

2019-07-09 15:34:28 - [MESSAGE][PASSED] - Object: 'Object Repository/APOLLO- Desktop/Burger Menu/Chicken' is clicked on

2019-07-09 15:34:28 - [TEST_STEP][PASSED] - delay(2): Delayed 2 second(s)

2019-07-09 15:34:30 - [MESSAGE][PASSED] - Delayed 2 second(s)

2019-07-09 15:34:30 - [TEST_STEP][PASSED] - click(findTestObject("APOLLO- Desktop/Collection page/Grilled lemon chicken")): Object: 'Object Repository/APOLLO- Desktop/Collection page/Grilled lemon chicken' is clicked on

2019-07-09 15:34:42 - [MESSAGE][PASSED] - Object: 'Object Repository/APOLLO- Desktop/Collection page/Grilled lemon chicken' is clicked on

2019-07-09 15:34:42 - [TEST_STEP][PASSED] - delay(2): Delayed 2 second(s)

2019-07-09 15:34:44 - [MESSAGE][PASSED] - Delayed 2 second(s)

2019-07-09 15:34:44 - [TEST_STEP][PASSED] - click(findTestObject("APOLLO- Desktop/Product page/1 piece")): Object: 'Object Repository/APOLLO- Desktop/Product page/1 piece' is clicked on

2019-07-09 15:34:44 - [MESSAGE][PASSED] - Object: 'Object Repository/APOLLO- Desktop/Product page/1 piece' is clicked on

2019-07-09 15:34:44 - [TEST_STEP][PASSED] - delay(2): Delayed 2 second(s)

2019-07-09 15:34:46 - [MESSAGE][PASSED] - Delayed 2 second(s)

2019-07-09 15:34:46 - [TEST_STEP][PASSED] - click(findTestObject("APOLLO- Desktop/Product page/Add to bag")): Object: 'Object Repository/APOLLO- Desktop/Product page/Add to bag' is clicked on

2019-07-09 15:34:46 - [MESSAGE][PASSED] - Object: 'Object Repository/APOLLO- Desktop/Product page/Add to bag' is clicked on

2019-07-09 15:34:46 - [TEST_STEP][PASSED] - delay(2): Delayed 2 second(s)

2019-07-09 15:34:48 - [MESSAGE][PASSED] - Delayed 2 second(s)

2019-07-09 15:34:48 - [TEST_STEP][NOT_RUN] - delay(2): NOT_RUN: delay(2)

2019-07-09 15:34:48 - [MESSAGE][NOT_RUN] - NOT_RUN: delay(2)

2019-07-09 15:34:48 - [TEST_STEP][NOT_RUN] - click(findTestObject("APOLLO- Desktop/Burger Menu/Shop food")): NOT_RUN: click(findTestObject("APOLLO- Desktop/Burger Menu/Shop food"))

2019-07-09 15:34:48 - [MESSAGE][NOT_RUN] - NOT_RUN: click(findTestObject("APOLLO- Desktop/Burger Menu/Shop food"))

2019-07-09 15:34:48 - [TEST_STEP][NOT_RUN] - delay(2): NOT_RUN: delay(2)

2019-07-09 15:34:48 - [MESSAGE][NOT_RUN] - NOT_RUN: delay(2)

2019-07-09 15:34:48 - [TEST_STEP][NOT_RUN] - click(findTestObject("APOLLO- Desktop/Burger Menu/Beef")): NOT_RUN: click(findTestObject("APOLLO- Desktop/Burger Menu/Beef"))

2019-07-09 15:34:48 - [MESSAGE][NOT_RUN] - NOT_RUN: click(findTestObject("APOLLO- Desktop/Burger Menu/Beef"))

2019-07-09 15:34:48 - [TEST_STEP][NOT_RUN] - delay(2): NOT_RUN: delay(2)

2019-07-09 15:34:48 - [MESSAGE][NOT_RUN] - NOT_RUN: delay(2)

2019-07-09 15:34:48 - [TEST_STEP][NOT_RUN] - click(findTestObject("APOLLO- Desktop/Burger Menu/Shirts link")): NOT_RUN: click(findTestObject("APOLLO- Desktop/Burger Menu/Shirts link"))

2019-07-09 15:34:48 - [MESSAGE][NOT_RUN] - NOT_RUN: click(findTestObject("APOLLO- Desktop/Burger Menu/Shirts link"))

2019-07-09 15:34:48 - [TEST_STEP][NOT_RUN] - delay(2): NOT_RUN: delay(2)

2019-07-09 15:34:48 - [MESSAGE][NOT_RUN] - NOT_RUN: delay(2)

2019-07-09 15:34:48 - [TEST_STEP][NOT_RUN] - click(findTestObject("APOLLO- Desktop/Collection page/Beef skewers")): NOT_RUN: click(findTestObject("APOLLO- Desktop/Collection page/Beef skewers"))

2019-07-09 15:34:48 - [MESSAGE][NOT_RUN] - NOT_RUN: click(findTestObject("APOLLO- Desktop/Collection page/Beef skewers"))

2019-07-09 15:34:48 - [TEST_STEP][NOT_RUN] - delay(2): NOT_RUN: delay(2)

2019-07-09 15:34:48 - [MESSAGE][NOT_RUN] - NOT_RUN: delay(2)

2019-07-09 15:34:48 - [TEST_STEP][NOT_RUN] - selectOptionByValue(findTestObject("APOLLO- Desktop/Product page/1 piece"), "Medium", true): NOT_RUN: selectOptionByValue(findTestObject("APOLLO- Desktop/Product page/1 piece"), "Medium", true)

2019-07-09 15:34:48 - [MESSAGE][NOT_RUN] - NOT_RUN: selectOptionByValue(findTestObject("APOLLO- Desktop/Product page/1 piece"), "Medium", true)

2019-07-09 15:34:48 - [TEST_STEP][NOT_RUN] - delay(2): NOT_RUN: delay(2)

2019-07-09 15:34:48 - [MESSAGE][NOT_RUN] - NOT_RUN: delay(2)

2019-07-09 15:34:48 - [TEST_STEP][NOT_RUN] - click(findTestObject("APOLLO- Desktop/Product page/Add to bag")): NOT_RUN: click(findTestObject("APOLLO- Desktop/Product page/Add to bag"))

2019-07-09 15:34:48 - [MESSAGE][NOT_RUN] - NOT_RUN: click(findTestObject("APOLLO- Desktop/Product page/Add to bag"))

2019-07-09 15:34:48 - [TEST_STEP][NOT_RUN] - delay(2): NOT_RUN: delay(2)

2019-07-09 15:34:48 - [MESSAGE][NOT_RUN] - NOT_RUN: delay(2)

2019-07-09 15:34:48 - [TEST_STEP][NOT_RUN] - click(findTestObject("APOLLO- Desktop/Burger Menu/Burgermenu")): NOT_RUN: click(findTestObject("APOLLO- Desktop/Burger Menu/Burgermenu"))

2019-07-09 15:34:48 - [MESSAGE][NOT_RUN] - NOT_RUN: click(findTestObject("APOLLO- Desktop/Burger Menu/Burgermenu"))

2019-07-09 15:34:48 - [TEST_STEP][NOT_RUN] - delay(2): NOT_RUN: delay(2)

2019-07-09 15:34:48 - [MESSAGE][NOT_RUN] - NOT_RUN: delay(2)

2019-07-09 15:34:48 - [TEST_STEP][NOT_RUN] - click(findTestObject("APOLLO- Desktop/Burger Menu/KIds link")): NOT_RUN: click(findTestObject("APOLLO- Desktop/Burger Menu/KIds link"))

2019-07-09 15:34:48 - [MESSAGE][NOT_RUN] - NOT_RUN: click(findTestObject("APOLLO- Desktop/Burger Menu/KIds link"))

2019-07-09 15:34:48 - [TEST_STEP][NOT_RUN] - delay(2): NOT_RUN: delay(2)

2019-07-09 15:34:48 - [MESSAGE][NOT_RUN] - NOT_RUN: delay(2)

2019-07-09 15:34:48 - [TEST_STEP][NOT_RUN] - click(findTestObject("APOLLO- Desktop/Collection page/Grilled lemon chicken")): NOT_RUN: click(findTestObject("APOLLO- Desktop/Collection page/Grilled lemon chicken"))

2019-07-09 15:34:48 - [MESSAGE][NOT_RUN] - NOT_RUN: click(findTestObject("APOLLO- Desktop/Collection page/Grilled lemon chicken"))

2019-07-09 15:34:48 - [TEST_STEP][NOT_RUN] - delay(2): NOT_RUN: delay(2)

2019-07-09 15:34:48 - [MESSAGE][NOT_RUN] - NOT_RUN: delay(2)

2019-07-09 15:34:48 - [TEST_STEP][PASSED] - delay(2): Delayed 2 second(s)

2019-07-09 15:34:50 - [MESSAGE][PASSED] - Delayed 2 second(s)

2019-07-09 15:34:50 - [TEST_STEP][NOT_RUN] - executeJavaScript("var previewBar = document.getElementById("preview-bar-iframe"); previewBar.style.display = "none";", []): NOT_RUN: executeJavaScript("var previewBar = document.getElementById("preview-bar-iframe"); previewBar.style.display = "none";", [])

2019-07-09 15:34:50 - [MESSAGE][NOT_RUN] - NOT_RUN: executeJavaScript("var previewBar = document.getElementById("preview-bar-iframe"); previewBar.style.display = "none";", [])

2019-07-09 15:34:50 - [TEST_STEP][PASSED] - a = getText(findTestObject("APOLLO- Desktop/Cart flyout/Unit price - first product")): Text of object 'Object Repository/APOLLO- Desktop/Cart flyout/Unit price - first product' is: '$6.25'

2019-07-09 15:34:50 - [MESSAGE][PASSED] - Text of object 'Object Repository/APOLLO- Desktop/Cart flyout/Unit price - first product' is: '$6.25'

2019-07-09 15:34:50 - [TEST_STEP][PASSED] - comment("a=" + a): a=$6.25

2019-07-09 15:34:50 - [MESSAGE][INFO] - a=$6.25

2019-07-09 15:34:50 - [TEST_STEP][PASSED] - a1 = a.substring(1): null

2019-07-09 15:34:50 - [TEST_STEP][PASSED] - comment("a1=" + a1): a1=6.25

2019-07-09 15:34:50 - [MESSAGE][INFO] - a1=6.25

2019-07-09 15:34:50 - [TEST_STEP][PASSED] - b = getText(findTestObject("APOLLO- Desktop/Cart flyout/Unit price - second product")): Text of object 'Object Repository/APOLLO- Desktop/Cart flyout/Unit price - second product' is: '$8.50'

2019-07-09 15:34:50 - [MESSAGE][PASSED] - Text of object 'Object Repository/APOLLO- Desktop/Cart flyout/Unit price - second product' is: '$8.50'

2019-07-09 15:34:50 - [TEST_STEP][PASSED] - comment("b=" + b): b=$8.50

2019-07-09 15:34:50 - [MESSAGE][INFO] - b=$8.50

2019-07-09 15:34:50 - [TEST_STEP][PASSED] - b1 = b.substring(1): null

2019-07-09 15:34:50 - [TEST_STEP][PASSED] - comment("b1=" + b1): b1=8.50

2019-07-09 15:34:50 - [MESSAGE][INFO] - b1=8.50

2019-07-09 15:34:50 - [TEST_STEP][PASSED] - p1 = <not implemented yet for class: org.codehaus.groovy.ast.expr.EmptyExpression>: null

2019-07-09 15:34:50 - [TEST_STEP][PASSED] - p2 = <not implemented yet for class: org.codehaus.groovy.ast.expr.EmptyExpression>: null

2019-07-09 15:34:50 - [TEST_STEP][PASSED] - try: p1=6.25

2019-07-09 15:34:50 - [TEST_STEP][PASSED] - str = a1: null

2019-07-09 15:34:50 - [TEST_STEP][PASSED] - comment("str=" + str): str=6.25

2019-07-09 15:34:50 - [MESSAGE][INFO] - str=6.25

2019-07-09 15:34:50 - [TEST_STEP][PASSED] - p1 = Double.valueOf(str): null

2019-07-09 15:34:50 - [TEST_STEP][PASSED] - comment("p1=" + p1): p1=6.25

2019-07-09 15:34:50 - [MESSAGE][INFO] - p1=6.25

2019-07-09 15:34:50 - [TEST_STEP][PASSED] - try: p2=8.5

2019-07-09 15:34:50 - [TEST_STEP][PASSED] - str5 = b1: null

2019-07-09 15:34:50 - [TEST_STEP][PASSED] - comment("str5=" + str5): str5=8.50

2019-07-09 15:34:50 - [MESSAGE][INFO] - str5=8.50

2019-07-09 15:34:50 - [TEST_STEP][PASSED] - p2 = Double.valueOf(str5): null

2019-07-09 15:34:50 - [TEST_STEP][PASSED] - comment("p2=" + p2): p2=8.5

2019-07-09 15:34:50 - [MESSAGE][INFO] - p2=8.5

2019-07-09 15:34:50 - [TEST_STEP][PASSED] - total = p1 + p2: null

2019-07-09 15:34:50 - [TEST_STEP][PASSED] - comment("total=" + total): total=14.75

2019-07-09 15:34:50 - [MESSAGE][INFO] - total=14.75

2019-07-09 15:34:50 - [TEST_STEP][PASSED] - c = getText(findTestObject("APOLLO- Desktop/Cart flyout/Subtotal in cart flyout")): Text of object 'Object Repository/APOLLO- Desktop/Cart flyout/Subtotal in cart flyout' is: '$14.75'

2019-07-09 15:34:50 - [MESSAGE][PASSED] - Text of object 'Object Repository/APOLLO- Desktop/Cart flyout/Subtotal in cart flyout' is: '$14.75'

2019-07-09 15:34:50 - [TEST_STEP][PASSED] - comment("c=" + c): c=$14.75

2019-07-09 15:34:50 - [MESSAGE][INFO] - c=$14.75

2019-07-09 15:34:50 - [TEST_STEP][PASSED] - c1 = c.substring(1): null

2019-07-09 15:34:50 - [TEST_STEP][PASSED] - comment("c1=" + c1): c1=14.75

2019-07-09 15:34:50 - [MESSAGE][INFO] - c1=14.75

2019-07-09 15:34:50 - [TEST_STEP][PASSED] - p3 = <not implemented yet for class: org.codehaus.groovy.ast.expr.EmptyExpression>: null

2019-07-09 15:34:50 - [TEST_STEP][PASSED] - try: p3=14.75

2019-07-09 15:34:50 - [TEST_STEP][PASSED] - str = c1: null

2019-07-09 15:34:50 - [TEST_STEP][PASSED] - comment("str=" + str): str=14.75

2019-07-09 15:34:50 - [MESSAGE][INFO] - str=14.75

2019-07-09 15:34:50 - [TEST_STEP][PASSED] - p3 = Double.valueOf(str): null

2019-07-09 15:34:50 - [TEST_STEP][PASSED] - comment("p3=" + p3): p3=14.75

2019-07-09 15:34:50 - [MESSAGE][INFO] - p3=14.75

2019-07-09 15:34:50 - [TEST_STEP][PASSED] - verifyEqual(total, p3): Actual object '14.75' and expected object '14.75' are equal

2019-07-09 15:34:50 - [MESSAGE][PASSED] - Actual object '14.75' and expected object '14.75' are equal

2019-07-09 15:34:50 - [TEST_STEP][PASSED] - click(findTestObject("APOLLO- Desktop/Cart flyout/Checkout")): Object: 'Object Repository/APOLLO- Desktop/Cart flyout/Checkout' is clicked on

2019-07-09 15:34:53 - [MESSAGE][PASSED] - Object: 'Object Repository/APOLLO- Desktop/Cart flyout/Checkout' is clicked on

2019-07-09 15:34:53 - [TEST_STEP][PASSED] - callTestCase(findTestCase("CALL- CUSTOMER INFO PAGE"), [:], STOP_ON_FAILURE): Call Test Case 'Test Cases/CALL- CUSTOMER INFO PAGE' successfully

2019-07-09 15:34:53 - [TEST_CASE][PASSED] - Test Cases/CALL- CUSTOMER INFO PAGE: Test Cases/CALL- CUSTOMER INFO PAGE

2019-07-09 15:34:53 - [TEST_STEP][PASSED] - delay(2): Delayed 2 second(s)

2019-07-09 15:34:55 - [MESSAGE][PASSED] - Delayed 2 second(s)

2019-07-09 15:34:55 - [TEST_STEP][PASSED] - executeJavaScript("var previewBar = document.getElementById("preview-bar-iframe"); previewBar.style.display = "none";", []): Execute JavaScript 'var previewBar = document.getElementById("preview-bar-iframe"); previewBar.style.display = "none";' successfully

2019-07-09 15:34:55 - [MESSAGE][PASSED] - Execute JavaScript 'var previewBar = document.getElementById("preview-bar-iframe"); previewBar.style.display = "none";' successfully

2019-07-09 15:34:55 - [TEST_STEP][PASSED] - setText(findTestObject("APOLLO- Desktop/Customer Information page/Email"), "suman@gmail.com"): Text 'suman@gmail.com' is set on object 'Object Repository/APOLLO- Desktop/Customer Information page/Email'

2019-07-09 15:34:55 - [MESSAGE][PASSED] - Text 'suman@gmail.com' is set on object 'Object Repository/APOLLO- Desktop/Customer Information page/Email'

2019-07-09 15:34:55 - [TEST_STEP][PASSED] - delay(2): Delayed 2 second(s)

2019-07-09 15:34:57 - [MESSAGE][PASSED] - Delayed 2 second(s)

2019-07-09 15:34:57 - [TEST_STEP][PASSED] - setText(findTestObject("APOLLO- Desktop/Customer Information page/First name"), "suman"): Text 'suman' is set on object 'Object Repository/APOLLO- Desktop/Customer Information page/First name'

2019-07-09 15:34:57 - [MESSAGE][PASSED] - Text 'suman' is set on object 'Object Repository/APOLLO- Desktop/Customer Information page/First name'

2019-07-09 15:34:57 - [TEST_STEP][PASSED] - delay(2): Delayed 2 second(s)

2019-07-09 15:34:59 - [MESSAGE][PASSED] - Delayed 2 second(s)

2019-07-09 15:34:59 - [TEST_STEP][PASSED] - setText(findTestObject("APOLLO- Desktop/Customer Information page/Last name"), "kompelly"): Text 'kompelly' is set on object 'Object Repository/APOLLO- Desktop/Customer Information page/Last name'

2019-07-09 15:34:59 - [MESSAGE][PASSED] - Text 'kompelly' is set on object 'Object Repository/APOLLO- Desktop/Customer Information page/Last name'

2019-07-09 15:34:59 - [TEST_STEP][PASSED] - delay(2): Delayed 2 second(s)

2019-07-09 15:35:01 - [MESSAGE][PASSED] - Delayed 2 second(s)

2019-07-09 15:35:01 - [TEST_STEP][PASSED] - setText(findTestObject("APOLLO- Desktop/Customer Information page/Address"), "1435 st alxendre"): Text '1435 st alxendre' is set on object 'Object Repository/APOLLO- Desktop/Customer Information page/Address'

2019-07-09 15:35:01 - [MESSAGE][PASSED] - Text '1435 st alxendre' is set on object 'Object Repository/APOLLO- Desktop/Customer Information page/Address'

2019-07-09 15:35:01 - [TEST_STEP][PASSED] - setText(findTestObject("APOLLO- Desktop/Customer Information page/Apartment"), "220"): Text '220' is set on object 'Object Repository/APOLLO- Desktop/Customer Information page/Apartment'

2019-07-09 15:35:02 - [MESSAGE][PASSED] - Text '220' is set on object 'Object Repository/APOLLO- Desktop/Customer Information page/Apartment'

2019-07-09 15:35:02 - [TEST_STEP][PASSED] - setText(findTestObject("APOLLO- Desktop/Customer Information page/City"), "montreal"): Text 'montreal' is set on object 'Object Repository/APOLLO- Desktop/Customer Information page/City'

2019-07-09 15:35:02 - [MESSAGE][PASSED] - Text 'montreal' is set on object 'Object Repository/APOLLO- Desktop/Customer Information page/City'

2019-07-09 15:35:02 - [TEST_STEP][PASSED] - selectOptionByValue(findTestObject("APOLLO- Desktop/Customer Information page/Country dropdown"), "United States", true): All options with value 'United States' are selected in object 'Object Repository/APOLLO- Desktop/Customer Information page/Country dropdown'  using regular expression

2019-07-09 15:35:05 - [MESSAGE][PASSED] - All options with value 'United States' are selected in object 'Object Repository/APOLLO- Desktop/Customer Information page/Country dropdown'  using regular expression

2019-07-09 15:35:05 - [TEST_STEP][PASSED] - selectOptionByValue(findTestObject("APOLLO- Desktop/Customer Information page/states dropdown"), "NJ", true): All options with value 'NJ' are selected in object 'Object Repository/APOLLO- Desktop/Customer Information page/states dropdown'  using regular expression

2019-07-09 15:35:06 - [MESSAGE][PASSED] - All options with value 'NJ' are selected in object 'Object Repository/APOLLO- Desktop/Customer Information page/states dropdown'  using regular expression

2019-07-09 15:35:06 - [TEST_STEP][PASSED] - setText(findTestObject("APOLLO- Desktop/Customer Information page/ZIP code"), "07057"): Text '07057' is set on object 'Object Repository/APOLLO- Desktop/Customer Information page/ZIP code'

2019-07-09 15:35:06 - [MESSAGE][PASSED] - Text '07057' is set on object 'Object Repository/APOLLO- Desktop/Customer Information page/ZIP code'

2019-07-09 15:35:06 - [MESSAGE][PASSED] - Call Test Case 'Test Cases/CALL- CUSTOMER INFO PAGE' successfully

2019-07-09 15:35:06 - [TEST_STEP][PASSED] - click(findTestObject("APOLLO- Desktop/Customer Information page/Continue to shipping")): Object: 'Object Repository/APOLLO- Desktop/Customer Information page/Continue to shipping' is clicked on

2019-07-09 15:35:08 - [MESSAGE][PASSED] - Object: 'Object Repository/APOLLO- Desktop/Customer Information page/Continue to shipping' is clicked on

2019-07-09 15:35:08 - [TEST_STEP][PASSED] - click(findTestObject("APOLLO- Desktop/Shipping page/Radio button check")): Object: 'Object Repository/APOLLO- Desktop/Shipping page/Radio button check' is clicked on

2019-07-09 15:35:09 - [MESSAGE][PASSED] - Object: 'Object Repository/APOLLO- Desktop/Shipping page/Radio button check' is clicked on

2019-07-09 15:35:09 - [TEST_STEP][PASSED] - click(findTestObject("APOLLO- Desktop/Shipping page/Continue to payment")): Object: 'Object Repository/APOLLO- Desktop/Shipping page/Continue to payment' is clicked on

2019-07-09 15:35:11 - [MESSAGE][PASSED] - Object: 'Object Repository/APOLLO- Desktop/Shipping page/Continue to payment' is clicked on

2019-07-09 15:35:11 - [TEST_STEP][FAILED] - click(findTestObject("APOLLO- Desktop/payment page/Payment section")): click(findTestObject("APOLLO- Desktop/payment page/Payment section")) FAILED.
Reason:
com.kms.katalon.core.exception.StepFailedException: Unable to click on object 'Object Repository/APOLLO- Desktop/payment page/Payment section' (Root cause: com.kms.katalon.core.webui.exception.WebElementNotFoundException: Web element with id: 'Object Repository/APOLLO- Desktop/payment page/Payment section' located by 'By.xpath: (.//*[normalize-space(text()) and normalize-space(.)='Apply Discount Code'])[1]/following::div[1]' not found)
	at com.kms.katalon.core.keyword.internal.KeywordMain.stepFailed(KeywordMain.groovy:36)
	at com.kms.katalon.core.webui.keyword.internal.WebUIKeywordMain.stepFailed(WebUIKeywordMain.groovy:65)
	at com.kms.katalon.core.webui.keyword.internal.WebUIKeywordMain.runKeyword(WebUIKeywordMain.groovy:27)
	at com.kms.katalon.core.webui.keyword.builtin.ClickKeyword.click(ClickKeyword.groovy:86)
	at com.kms.katalon.core.webui.keyword.builtin.ClickKeyword.execute(ClickKeyword.groovy:67)
	at com.kms.katalon.core.keyword.internal.KeywordExecutor.executeKeywordForPlatform(KeywordExecutor.groovy:53)
	at com.kms.katalon.core.webui.keyword.WebUiBuiltInKeywords.click(WebUiBuiltInKeywords.groovy:616)
	at com.kms.katalon.core.webui.keyword.WebUiBuiltInKeywords$click$3.call(Unknown Source)
	at Price comparison - Cart flyout.run(Price comparison - Cart flyout:207)
	at com.kms.katalon.core.main.ScriptEngine.run(ScriptEngine.java:194)
	at com.kms.katalon.core.main.ScriptEngine.runScriptAsRawText(ScriptEngine.java:119)
	at com.kms.katalon.core.main.TestCaseExecutor.runScript(TestCaseExecutor.java:328)
	at com.kms.katalon.core.main.TestCaseExecutor.doExecute(TestCaseExecutor.java:319)
	at com.kms.katalon.core.main.TestCaseExecutor.processExecutionPhase(TestCaseExecutor.java:298)
	at com.kms.katalon.core.main.TestCaseExecutor.accessMainPhase(TestCaseExecutor.java:290)
	at com.kms.katalon.core.main.TestCaseExecutor.execute(TestCaseExecutor.java:224)
	at com.kms.katalon.core.main.TestSuiteExecutor.accessTestCaseMainPhase(TestSuiteExecutor.java:129)
	at com.kms.katalon.core.main.TestSuiteExecutor.accessTestSuiteMainPhase(TestSuiteExecutor.java:112)
	at com.kms.katalon.core.main.TestSuiteExecutor.execute(TestSuiteExecutor.java:81)
	at com.kms.katalon.core.main.TestCaseMain.startTestSuite(TestCaseMain.java:149)
	at com.kms.katalon.core.main.TestCaseMain$startTestSuite$0.call(Unknown Source)
	at TempTestSuite1562698926915.run(TempTestSuite1562698926915.groovy:36)


2019-07-09 15:35:42 - [MESSAGE][INFO] - Unable to find the element located by 'By.xpath: (.//*[normalize-space(text()) and normalize-space(.)='Apply Discount Code'])[1]/following::div[1]'. Please recheck the objects properties to make sure the desired element is located. 

2019-07-09 15:35:43 - [MESSAGE][FAILED] - Unable to click on object 'Object Repository/APOLLO- Desktop/payment page/Payment section' (Root cause: com.kms.katalon.core.webui.exception.WebElementNotFoundException: Web element with id: 'Object Repository/APOLLO- Desktop/payment page/Payment section' located by 'By.xpath: (.//*[normalize-space(text()) and normalize-space(.)='Apply Discount Code'])[1]/following::div[1]' not found)
[[ATTACHMENT|/Users/sumankompelly/Katalon Studio/APOLLO - FIRE/APOLLO - FIRE- DESKTOP/Reports/0.5.5/20190709_150206/1562700942818.png]]

2019-07-09 15:35:43 - [MESSAGE][FAILED] - click(findTestObject("APOLLO- Desktop/payment page/Payment section")) FAILED.
Reason:
com.kms.katalon.core.exception.StepFailedException: Unable to click on object 'Object Repository/APOLLO- Desktop/payment page/Payment section' (Root cause: com.kms.katalon.core.webui.exception.WebElementNotFoundException: Web element with id: 'Object Repository/APOLLO- Desktop/payment page/Payment section' located by 'By.xpath: (.//*[normalize-space(text()) and normalize-space(.)='Apply Discount Code'])[1]/following::div[1]' not found)
	at com.kms.katalon.core.keyword.internal.KeywordMain.stepFailed(KeywordMain.groovy:36)
	at com.kms.katalon.core.webui.keyword.internal.WebUIKeywordMain.stepFailed(WebUIKeywordMain.groovy:65)
	at com.kms.katalon.core.webui.keyword.internal.WebUIKeywordMain.runKeyword(WebUIKeywordMain.groovy:27)
	at com.kms.katalon.core.webui.keyword.builtin.ClickKeyword.click(ClickKeyword.groovy:86)
	at com.kms.katalon.core.webui.keyword.builtin.ClickKeyword.execute(ClickKeyword.groovy:67)
	at com.kms.katalon.core.keyword.internal.KeywordExecutor.executeKeywordForPlatform(KeywordExecutor.groovy:53)
	at com.kms.katalon.core.webui.keyword.WebUiBuiltInKeywords.click(WebUiBuiltInKeywords.groovy:616)
	at com.kms.katalon.core.webui.keyword.WebUiBuiltInKeywords$click$3.call(Unknown Source)
	at Price comparison - Cart flyout.run(Price comparison - Cart flyout:207)
	at com.kms.katalon.core.main.ScriptEngine.run(ScriptEngine.java:194)
	at com.kms.katalon.core.main.ScriptEngine.runScriptAsRawText(ScriptEngine.java:119)
	at com.kms.katalon.core.main.TestCaseExecutor.runScript(TestCaseExecutor.java:328)
	at com.kms.katalon.core.main.TestCaseExecutor.doExecute(TestCaseExecutor.java:319)
	at com.kms.katalon.core.main.TestCaseExecutor.processExecutionPhase(TestCaseExecutor.java:298)
	at com.kms.katalon.core.main.TestCaseExecutor.accessMainPhase(TestCaseExecutor.java:290)
	at com.kms.katalon.core.main.TestCaseExecutor.execute(TestCaseExecutor.java:224)
	at com.kms.katalon.core.main.TestSuiteExecutor.accessTestCaseMainPhase(TestSuiteExecutor.java:129)
	at com.kms.katalon.core.main.TestSuiteExecutor.accessTestSuiteMainPhase(TestSuiteExecutor.java:112)
	at com.kms.katalon.core.main.TestSuiteExecutor.execute(TestSuiteExecutor.java:81)
	at com.kms.katalon.core.main.TestCaseMain.startTestSuite(TestCaseMain.java:149)
	at com.kms.katalon.core.main.TestCaseMain$startTestSuite$0.call(Unknown Source)
	at TempTestSuite1562698926915.run(TempTestSuite1562698926915.groovy:36)]]></system-out>
         <system-err><![CDATA[2019-07-09 15:33:27 - [TEST_CASE][FAILED] - Test Cases/CRITICAL PATH/Price comparison - Cart flyout: Test Cases/CRITICAL PATH/Price comparison - Cart flyout FAILED.
Reason:
com.kms.katalon.core.exception.StepFailedException: Unable to click on object 'Object Repository/APOLLO- Desktop/payment page/Payment section' (Root cause: com.kms.katalon.core.webui.exception.WebElementNotFoundException: Web element with id: 'Object Repository/APOLLO- Desktop/payment page/Payment section' located by 'By.xpath: (.//*[normalize-space(text()) and normalize-space(.)='Apply Discount Code'])[1]/following::div[1]' not found)
	at com.kms.katalon.core.keyword.internal.KeywordMain.stepFailed(KeywordMain.groovy:36)
	at com.kms.katalon.core.webui.keyword.internal.WebUIKeywordMain.stepFailed(WebUIKeywordMain.groovy:65)
	at com.kms.katalon.core.webui.keyword.internal.WebUIKeywordMain.runKeyword(WebUIKeywordMain.groovy:27)
	at com.kms.katalon.core.webui.keyword.builtin.ClickKeyword.click(ClickKeyword.groovy:86)
	at com.kms.katalon.core.webui.keyword.builtin.ClickKeyword.execute(ClickKeyword.groovy:67)
	at com.kms.katalon.core.keyword.internal.KeywordExecutor.executeKeywordForPlatform(KeywordExecutor.groovy:53)
	at com.kms.katalon.core.webui.keyword.WebUiBuiltInKeywords.click(WebUiBuiltInKeywords.groovy:616)
	at com.kms.katalon.core.webui.keyword.WebUiBuiltInKeywords$click$3.call(Unknown Source)
	at Price comparison - Cart flyout.run(Price comparison - Cart flyout:207)
	at com.kms.katalon.core.main.ScriptEngine.run(ScriptEngine.java:194)
	at com.kms.katalon.core.main.ScriptEngine.runScriptAsRawText(ScriptEngine.java:119)
	at com.kms.katalon.core.main.TestCaseExecutor.runScript(TestCaseExecutor.java:328)
	at com.kms.katalon.core.main.TestCaseExecutor.doExecute(TestCaseExecutor.java:319)
	at com.kms.katalon.core.main.TestCaseExecutor.processExecutionPhase(TestCaseExecutor.java:298)
	at com.kms.katalon.core.main.TestCaseExecutor.accessMainPhase(TestCaseExecutor.java:290)
	at com.kms.katalon.core.main.TestCaseExecutor.execute(TestCaseExecutor.java:224)
	at com.kms.katalon.core.main.TestSuiteExecutor.accessTestCaseMainPhase(TestSuiteExecutor.java:129)
	at com.kms.katalon.core.main.TestSuiteExecutor.accessTestSuiteMainPhase(TestSuiteExecutor.java:112)
	at com.kms.katalon.core.main.TestSuiteExecutor.execute(TestSuiteExecutor.java:81)
	at com.kms.katalon.core.main.TestCaseMain.startTestSuite(TestCaseMain.java:149)
	at com.kms.katalon.core.main.TestCaseMain$startTestSuite$0.call(Unknown Source)
	at TempTestSuite1562698926915.run(TempTestSuite1562698926915.groovy:36)]]></system-err>
      </testcase>
      <system-out><![CDATA[2019-07-09 15:02:09 - [TEST_SUITE][FAILED] - 0.5.5: Test Cases/HOME PAGE/Follow us FAILED.
Reason:
com.kms.katalon.core.exception.StepFailedException: Unable to click on object 'Object Repository/APOLLO- Desktop/Home page/Follow us/button-previous' (Root cause: org.openqa.selenium.ElementNotVisibleException: element not interactable
  (Session info: chrome=75.0.3770.100)
  (Driver info: chromedriver=2.43.600229 (3fae4d0cda5334b4f533bede5a4787f7b832d052),platform=Mac OS X 10.13.6 x86_64) (WARNING: The server did not provide any stacktrace information)
Command duration or timeout: 0 milliseconds
Build info: version: '3.7.1', revision: '8a0099a', time: '2017-11-06T21:07:36.161Z'
System info: host: 'sumans-MacBook-Pro.local', ip: 'fe80:0:0:0:47c:ca88:4245:b7a7%en0', os.name: 'Mac OS X', os.arch: 'x86_64', os.version: '10.13.6', java.version: '1.8.0_181'
Driver info: com.kms.katalon.selenium.driver.CChromeDriver
Capabilities {acceptInsecureCerts: false, acceptSslCerts: false, applicationCacheEnabled: false, browserConnectionEnabled: false, browserName: chrome, chrome: {chromedriverVersion: 2.43.600229 (3fae4d0cda5334..., userDataDir: /var/folders/1t/c55l8xzs6gq...}, cssSelectorsEnabled: true, databaseEnabled: false, goog:chromeOptions: {debuggerAddress: localhost:64720}, handlesAlerts: true, hasTouchScreen: false, javascriptEnabled: true, locationContextEnabled: true, mobileEmulationEnabled: false, nativeEvents: true, networkConnectionEnabled: false, pageLoadStrategy: normal, platform: MAC, platformName: MAC, rotatable: false, setWindowRect: true, takesHeapSnapshot: true, takesScreenshot: true, unexpectedAlertBehaviour: , unhandledPromptBehavior: , version: 75.0.3770.100, webStorageEnabled: true}
Session ID: f0b71754b6ba10a84ebf7a171c39fb9d)
	at com.kms.katalon.core.keyword.internal.KeywordMain.stepFailed(KeywordMain.groovy:36)
	at com.kms.katalon.core.webui.keyword.internal.WebUIKeywordMain.stepFailed(WebUIKeywordMain.groovy:65)
	at com.kms.katalon.core.webui.keyword.internal.WebUIKeywordMain.runKeyword(WebUIKeywordMain.groovy:27)
	at com.kms.katalon.core.webui.keyword.builtin.ClickKeyword.click(ClickKeyword.groovy:86)
	at com.kms.katalon.core.webui.keyword.builtin.ClickKeyword.execute(ClickKeyword.groovy:67)
	at com.kms.katalon.core.keyword.internal.KeywordExecutor.executeKeywordForPlatform(KeywordExecutor.groovy:53)
	at com.kms.katalon.core.webui.keyword.WebUiBuiltInKeywords.click(WebUiBuiltInKeywords.groovy:616)
	at com.kms.katalon.core.webui.keyword.WebUiBuiltInKeywords$click$3.call(Unknown Source)
	at Follow us.run(Follow us:40)
	at com.kms.katalon.core.main.ScriptEngine.run(ScriptEngine.java:194)
	at com.kms.katalon.core.main.ScriptEngine.runScriptAsRawText(ScriptEngine.java:119)
	at com.kms.katalon.core.main.TestCaseExecutor.runScript(TestCaseExecutor.java:328)
	at com.kms.katalon.core.main.TestCaseExecutor.doExecute(TestCaseExecutor.java:319)
	at com.kms.katalon.core.main.TestCaseExecutor.processExecutionPhase(TestCaseExecutor.java:298)
	at com.kms.katalon.core.main.TestCaseExecutor.accessMainPhase(TestCaseExecutor.java:290)
	at com.kms.katalon.core.main.TestCaseExecutor.execute(TestCaseExecutor.java:224)
	at com.kms.katalon.core.main.TestSuiteExecutor.accessTestCaseMainPhase(TestSuiteExecutor.java:129)
	at com.kms.katalon.core.main.TestSuiteExecutor.accessTestSuiteMainPhase(TestSuiteExecutor.java:112)
	at com.kms.katalon.core.main.TestSuiteExecutor.execute(TestSuiteExecutor.java:81)
	at com.kms.katalon.core.main.TestCaseMain.startTestSuite(TestCaseMain.java:149)
	at com.kms.katalon.core.main.TestCaseMain$startTestSuite$0.call(Unknown Source)
	at TempTestSuite1562698926915.run(TempTestSuite1562698926915.groovy:36)]]></system-out>
      <system-err><![CDATA[2019-07-09 15:02:09 - [TEST_SUITE][FAILED] - 0.5.5: Test Cases/HOME PAGE/Follow us FAILED.
Reason:
com.kms.katalon.core.exception.StepFailedException: Unable to click on object 'Object Repository/APOLLO- Desktop/Home page/Follow us/button-previous' (Root cause: org.openqa.selenium.ElementNotVisibleException: element not interactable
  (Session info: chrome=75.0.3770.100)
  (Driver info: chromedriver=2.43.600229 (3fae4d0cda5334b4f533bede5a4787f7b832d052),platform=Mac OS X 10.13.6 x86_64) (WARNING: The server did not provide any stacktrace information)
Command duration or timeout: 0 milliseconds
Build info: version: '3.7.1', revision: '8a0099a', time: '2017-11-06T21:07:36.161Z'
System info: host: 'sumans-MacBook-Pro.local', ip: 'fe80:0:0:0:47c:ca88:4245:b7a7%en0', os.name: 'Mac OS X', os.arch: 'x86_64', os.version: '10.13.6', java.version: '1.8.0_181'
Driver info: com.kms.katalon.selenium.driver.CChromeDriver
Capabilities {acceptInsecureCerts: false, acceptSslCerts: false, applicationCacheEnabled: false, browserConnectionEnabled: false, browserName: chrome, chrome: {chromedriverVersion: 2.43.600229 (3fae4d0cda5334..., userDataDir: /var/folders/1t/c55l8xzs6gq...}, cssSelectorsEnabled: true, databaseEnabled: false, goog:chromeOptions: {debuggerAddress: localhost:64720}, handlesAlerts: true, hasTouchScreen: false, javascriptEnabled: true, locationContextEnabled: true, mobileEmulationEnabled: false, nativeEvents: true, networkConnectionEnabled: false, pageLoadStrategy: normal, platform: MAC, platformName: MAC, rotatable: false, setWindowRect: true, takesHeapSnapshot: true, takesScreenshot: true, unexpectedAlertBehaviour: , unhandledPromptBehavior: , version: 75.0.3770.100, webStorageEnabled: true}
Session ID: f0b71754b6ba10a84ebf7a171c39fb9d)
	at com.kms.katalon.core.keyword.internal.KeywordMain.stepFailed(KeywordMain.groovy:36)
	at com.kms.katalon.core.webui.keyword.internal.WebUIKeywordMain.stepFailed(WebUIKeywordMain.groovy:65)
	at com.kms.katalon.core.webui.keyword.internal.WebUIKeywordMain.runKeyword(WebUIKeywordMain.groovy:27)
	at com.kms.katalon.core.webui.keyword.builtin.ClickKeyword.click(ClickKeyword.groovy:86)
	at com.kms.katalon.core.webui.keyword.builtin.ClickKeyword.execute(ClickKeyword.groovy:67)
	at com.kms.katalon.core.keyword.internal.KeywordExecutor.executeKeywordForPlatform(KeywordExecutor.groovy:53)
	at com.kms.katalon.core.webui.keyword.WebUiBuiltInKeywords.click(WebUiBuiltInKeywords.groovy:616)
	at com.kms.katalon.core.webui.keyword.WebUiBuiltInKeywords$click$3.call(Unknown Source)
	at Follow us.run(Follow us:40)
	at com.kms.katalon.core.main.ScriptEngine.run(ScriptEngine.java:194)
	at com.kms.katalon.core.main.ScriptEngine.runScriptAsRawText(ScriptEngine.java:119)
	at com.kms.katalon.core.main.TestCaseExecutor.runScript(TestCaseExecutor.java:328)
	at com.kms.katalon.core.main.TestCaseExecutor.doExecute(TestCaseExecutor.java:319)
	at com.kms.katalon.core.main.TestCaseExecutor.processExecutionPhase(TestCaseExecutor.java:298)
	at com.kms.katalon.core.main.TestCaseExecutor.accessMainPhase(TestCaseExecutor.java:290)
	at com.kms.katalon.core.main.TestCaseExecutor.execute(TestCaseExecutor.java:224)
	at com.kms.katalon.core.main.TestSuiteExecutor.accessTestCaseMainPhase(TestSuiteExecutor.java:129)
	at com.kms.katalon.core.main.TestSuiteExecutor.accessTestSuiteMainPhase(TestSuiteExecutor.java:112)
	at com.kms.katalon.core.main.TestSuiteExecutor.execute(TestSuiteExecutor.java:81)
	at com.kms.katalon.core.main.TestCaseMain.startTestSuite(TestCaseMain.java:149)
	at com.kms.katalon.core.main.TestCaseMain$startTestSuite$0.call(Unknown Source)
	at TempTestSuite1562698926915.run(TempTestSuite1562698926915.groovy:36)]]></system-err>
   </testsuite>
</testsuites>
