<?xml version="1.0" encoding="UTF-8"?>
<testsuites name="0.5.5" time="2871" tests="24" failures="3" errors="0">
   <testsuite name="0.5.5" tests="24" failures="3" errors="0" time="2871" timestamp="2019-07-09 17:52:16" hostname="sumankompelly - 10.0.126.233" id="Test Suites/0.5.5">
      <properties>
         <property name="deviceName" value=""/>
         <property name="devicePlatform" value=""/>
         <property name="logFolder" value="/Users/sumankompelly/Katalon Studio/APOLLO - FIRE/APOLLO - FIRE- DESKTOP/Reports/0.5.5/20190709_175214"/>
         <property name="logFiles" value="/Users/sumankompelly/Katalon Studio/APOLLO - FIRE/APOLLO - FIRE- DESKTOP/Reports/0.5.5/20190709_175214/execution0.log"/>
         <property name="attachments" value="/Users/sumankompelly/Katalon Studio/APOLLO - FIRE/APOLLO - FIRE- DESKTOP/Reports/0.5.5/20190709_175214/1562709181194.png, /Users/sumankompelly/Katalon Studio/APOLLO - FIRE/APOLLO - FIRE- DESKTOP/Reports/0.5.5/20190709_175214/1562709192609.png, /Users/sumankompelly/Katalon Studio/APOLLO - FIRE/APOLLO - FIRE- DESKTOP/Reports/0.5.5/20190709_175214/1562709204233.png, /Users/sumankompelly/Katalon Studio/APOLLO - FIRE/APOLLO - FIRE- DESKTOP/Reports/0.5.5/20190709_175214/1562709215446.png, /Users/sumankompelly/Katalon Studio/APOLLO - FIRE/APOLLO - FIRE- DESKTOP/Reports/0.5.5/20190709_175214/1562709226701.png, /Users/sumankompelly/Katalon Studio/APOLLO - FIRE/APOLLO - FIRE- DESKTOP/Reports/0.5.5/20190709_175214/1562709237759.png, /Users/sumankompelly/Katalon Studio/APOLLO - FIRE/APOLLO - FIRE- DESKTOP/Reports/0.5.5/20190709_175214/1562709250057.png, /Users/sumankompelly/Katalon Studio/APOLLO - FIRE/APOLLO - FIRE- DESKTOP/Reports/0.5.5/20190709_175214/1562709259305.png, /Users/sumankompelly/Katalon Studio/APOLLO - FIRE/APOLLO - FIRE- DESKTOP/Reports/0.5.5/20190709_175214/1562710051352.png, /Users/sumankompelly/Katalon Studio/APOLLO - FIRE/APOLLO - FIRE- DESKTOP/Reports/0.5.5/20190709_175214/1562710469494.png, /Users/sumankompelly/Katalon Studio/APOLLO - FIRE/APOLLO - FIRE- DESKTOP/Reports/0.5.5/20190709_175214/1562711409566.png"/>
         <property name="hostName" value="sumankompelly - 10.0.126.233"/>
         <property name="os" value="Mac OS X 64bit"/>
         <property name="katalonVersion" value="5.10.1.1"/>
         <property name="browser" value="Chrome 75.0.3770.80"/>
         <property name="hostAddress" value="10.0.126.233"/>
         <property name="sessionId" value="07edc92a9712221b19103d936379baf6f81d9a66"/>
         <property name="seleniumVersion" value="3.7.1"/>
         <property name="proxyInformation" value="ProxyInformation{proxyOption=NO_PROXY, proxyServerType=HTTP, password=, proxyServerAddress=, proxyServerPort=0}"/>
         <property name="platform" value="Mac OS X"/>
      </properties>
      <testcase name="Test Cases/COLLECTION PAGE/Sort" classname="Test Cases/COLLECTION PAGE/Sort" status="PASSED">
         <system-out><![CDATA[2019-07-09 17:52:16 - [TEST_CASE][PASSED] - Test Cases/COLLECTION PAGE/Sort: Test Cases/COLLECTION PAGE/Sort

2019-07-09 17:52:17 - [TEST_STEP][PASSED] - callTestCase(findTestCase("CALL - URL"), [:], STOP_ON_FAILURE): Call Test Case 'Test Cases/CALL - URL' successfully

2019-07-09 17:52:17 - [TEST_CASE][PASSED] - Test Cases/CALL - URL: Test Cases/CALL - URL

2019-07-09 17:52:17 - [TEST_STEP][PASSED] - openBrowser(""): Browser is opened with url: ''

2019-07-09 17:52:18 - [MESSAGE][INFO] - Starting 'Remote' driver

2019-07-09 17:52:18 - [MESSAGE][INFO] - User set preference: ['os', 'Windows']

2019-07-09 17:52:18 - [MESSAGE][INFO] - User set preference: ['os_version', '10']

2019-07-09 17:52:18 - [MESSAGE][INFO] - User set preference: ['browser', 'Chrome']

2019-07-09 17:52:18 - [MESSAGE][INFO] - User set preference: ['browser_version', '75.0']

2019-07-09 17:52:18 - [MESSAGE][INFO] - User set preference: ['resolution', '1280x1024']

2019-07-09 17:52:18 - [MESSAGE][INFO] - User set preference: ['browserstack.local', 'false']

2019-07-09 17:52:18 - [MESSAGE][INFO] - Connecting to remote web server 'https://dianatest3:Z3oqw9ysqTeRQJq5wFCp@hub-cloud.browserstack.com/wd/hub' with type 'Selenium'

2019-07-09 17:52:18 - [MESSAGE][INFO] - Action delay is set to 0 seconds

2019-07-09 17:52:26 - [MESSAGE][PASSED] - Browser is opened with url: ''

2019-07-09 17:52:26 - [TEST_STEP][PASSED] - navigateToUrl("https://apollo-fireball.myshopify.com/?_ab=0&_fd=0&_sc=1&key=96c2edace7b9967f3a77c2e2b131937136039831e9ec35f31598610005fa8795&preview_theme_id=46803124304"): Navigate to 'https://apollo-fireball.myshopify.com/?_ab=0&_fd=0&_sc=1&key=96c2edace7b9967f3a77c2e2b131937136039831e9ec35f31598610005fa8795&preview_theme_id=46803124304' successfully

2019-07-09 17:52:33 - [MESSAGE][PASSED] - Navigate to 'https://apollo-fireball.myshopify.com/?_ab=0&_fd=0&_sc=1&key=96c2edace7b9967f3a77c2e2b131937136039831e9ec35f31598610005fa8795&preview_theme_id=46803124304' successfully

2019-07-09 17:52:33 - [TEST_STEP][PASSED] - executeJavaScript("var previewBar = document.getElementById("preview-bar-iframe"); previewBar.style.display = "none";", []): Execute JavaScript 'var previewBar = document.getElementById("preview-bar-iframe"); previewBar.style.display = "none";' successfully

2019-07-09 17:52:34 - [MESSAGE][PASSED] - Execute JavaScript 'var previewBar = document.getElementById("preview-bar-iframe"); previewBar.style.display = "none";' successfully

2019-07-09 17:52:34 - [TEST_STEP][PASSED] - maximizeWindow(): Current window maximized

2019-07-09 17:52:36 - [MESSAGE][PASSED] - Current window maximized

2019-07-09 17:52:36 - [MESSAGE][PASSED] - Call Test Case 'Test Cases/CALL - URL' successfully

2019-07-09 17:52:36 - [TEST_STEP][PASSED] - delay(2): Delayed 2 second(s)

2019-07-09 17:52:38 - [MESSAGE][PASSED] - Delayed 2 second(s)

2019-07-09 17:52:38 - [TEST_STEP][PASSED] - click(findTestObject("APOLLO- Desktop/Burger Menu/Burgermenu")): Object: 'Object Repository/APOLLO- Desktop/Burger Menu/Burgermenu' is clicked on

2019-07-09 17:52:38 - [MESSAGE][PASSED] - Object: 'Object Repository/APOLLO- Desktop/Burger Menu/Burgermenu' is clicked on

2019-07-09 17:52:38 - [TEST_STEP][PASSED] - delay(2): Delayed 2 second(s)

2019-07-09 17:52:40 - [MESSAGE][PASSED] - Delayed 2 second(s)

2019-07-09 17:52:40 - [TEST_STEP][PASSED] - click(findTestObject("APOLLO- Desktop/Burger Menu/Shop food")): Object: 'Object Repository/APOLLO- Desktop/Burger Menu/Shop food' is clicked on

2019-07-09 17:52:42 - [MESSAGE][PASSED] - Object: 'Object Repository/APOLLO- Desktop/Burger Menu/Shop food' is clicked on

2019-07-09 17:52:42 - [TEST_STEP][PASSED] - delay(2): Delayed 2 second(s)

2019-07-09 17:52:44 - [MESSAGE][PASSED] - Delayed 2 second(s)

2019-07-09 17:52:44 - [TEST_STEP][PASSED] - click(findTestObject("APOLLO- Desktop/Burger Menu/Beef")): Object: 'Object Repository/APOLLO- Desktop/Burger Menu/Beef' is clicked on

2019-07-09 17:52:48 - [MESSAGE][PASSED] - Object: 'Object Repository/APOLLO- Desktop/Burger Menu/Beef' is clicked on

2019-07-09 17:52:48 - [TEST_STEP][PASSED] - delay(2): Delayed 2 second(s)

2019-07-09 17:52:50 - [MESSAGE][PASSED] - Delayed 2 second(s)

2019-07-09 17:52:50 - [TEST_STEP][PASSED] - executeJavaScript("var previewBar = document.getElementById("preview-bar-iframe"); previewBar.style.display = "none";", []): Execute JavaScript 'var previewBar = document.getElementById("preview-bar-iframe"); previewBar.style.display = "none";' successfully

2019-07-09 17:52:52 - [MESSAGE][PASSED] - Execute JavaScript 'var previewBar = document.getElementById("preview-bar-iframe"); previewBar.style.display = "none";' successfully

2019-07-09 17:52:52 - [TEST_STEP][PASSED] - delay(2): Delayed 2 second(s)

2019-07-09 17:52:54 - [MESSAGE][PASSED] - Delayed 2 second(s)

2019-07-09 17:52:54 - [TEST_STEP][NOT_RUN] - click(findTestObject("APOLLO- Desktop/Collection page/Beef skewers")): NOT_RUN: click(findTestObject("APOLLO- Desktop/Collection page/Beef skewers"))

2019-07-09 17:52:54 - [MESSAGE][NOT_RUN] - NOT_RUN: click(findTestObject("APOLLO- Desktop/Collection page/Beef skewers"))

2019-07-09 17:52:54 - [TEST_STEP][NOT_RUN] - executeJavaScript("var previewBar = document.getElementById("preview-bar-iframe"); previewBar.style.display = "none";", []): NOT_RUN: executeJavaScript("var previewBar = document.getElementById("preview-bar-iframe"); previewBar.style.display = "none";", [])

2019-07-09 17:52:54 - [MESSAGE][NOT_RUN] - NOT_RUN: executeJavaScript("var previewBar = document.getElementById("preview-bar-iframe"); previewBar.style.display = "none";", [])

2019-07-09 17:52:54 - [TEST_STEP][NOT_RUN] - delay(2): NOT_RUN: delay(2)

2019-07-09 17:52:54 - [MESSAGE][NOT_RUN] - NOT_RUN: delay(2)

2019-07-09 17:52:54 - [TEST_STEP][NOT_RUN] - delay(2): NOT_RUN: delay(2)

2019-07-09 17:52:54 - [MESSAGE][NOT_RUN] - NOT_RUN: delay(2)

2019-07-09 17:52:54 - [TEST_STEP][NOT_RUN] - click(findTestObject("APOLLO- Desktop/Burger Menu/Shop food")): NOT_RUN: click(findTestObject("APOLLO- Desktop/Burger Menu/Shop food"))

2019-07-09 17:52:54 - [MESSAGE][NOT_RUN] - NOT_RUN: click(findTestObject("APOLLO- Desktop/Burger Menu/Shop food"))

2019-07-09 17:52:54 - [TEST_STEP][NOT_RUN] - delay(2): NOT_RUN: delay(2)

2019-07-09 17:52:54 - [MESSAGE][NOT_RUN] - NOT_RUN: delay(2)

2019-07-09 17:52:54 - [TEST_STEP][NOT_RUN] - click(findTestObject("APOLLO- Desktop/Burger Menu/Beef")): NOT_RUN: click(findTestObject("APOLLO- Desktop/Burger Menu/Beef"))

2019-07-09 17:52:54 - [MESSAGE][NOT_RUN] - NOT_RUN: click(findTestObject("APOLLO- Desktop/Burger Menu/Beef"))

2019-07-09 17:52:54 - [TEST_STEP][NOT_RUN] - delay(2): NOT_RUN: delay(2)

2019-07-09 17:52:54 - [MESSAGE][NOT_RUN] - NOT_RUN: delay(2)

2019-07-09 17:52:54 - [TEST_STEP][NOT_RUN] - click(findTestObject("APOLLO- Desktop/Burger Menu/Shirts link")): NOT_RUN: click(findTestObject("APOLLO- Desktop/Burger Menu/Shirts link"))

2019-07-09 17:52:54 - [MESSAGE][NOT_RUN] - NOT_RUN: click(findTestObject("APOLLO- Desktop/Burger Menu/Shirts link"))

2019-07-09 17:52:54 - [TEST_STEP][NOT_RUN] - executeJavaScript("var previewBar = document.getElementById("preview-bar-iframe"); previewBar.style.display = "none";", []): NOT_RUN: executeJavaScript("var previewBar = document.getElementById("preview-bar-iframe"); previewBar.style.display = "none";", [])

2019-07-09 17:52:54 - [MESSAGE][NOT_RUN] - NOT_RUN: executeJavaScript("var previewBar = document.getElementById("preview-bar-iframe"); previewBar.style.display = "none";", [])

2019-07-09 17:52:54 - [TEST_STEP][NOT_RUN] - delay(2): NOT_RUN: delay(2)

2019-07-09 17:52:54 - [MESSAGE][NOT_RUN] - NOT_RUN: delay(2)

2019-07-09 17:52:54 - [TEST_STEP][NOT_RUN] - executeJavaScript("var previewBar = document.getElementById("preview-bar-iframe"); previewBar.style.display = "none";", []): NOT_RUN: executeJavaScript("var previewBar = document.getElementById("preview-bar-iframe"); previewBar.style.display = "none";", [])

2019-07-09 17:52:54 - [MESSAGE][NOT_RUN] - NOT_RUN: executeJavaScript("var previewBar = document.getElementById("preview-bar-iframe"); previewBar.style.display = "none";", [])

2019-07-09 17:52:54 - [TEST_STEP][NOT_RUN] - delay(2): NOT_RUN: delay(2)

2019-07-09 17:52:54 - [MESSAGE][NOT_RUN] - NOT_RUN: delay(2)

2019-07-09 17:52:54 - [TEST_STEP][PASSED] - click(findTestObject("APOLLO- Desktop/Collection page/sort/Filter dropdown")): Object: 'Object Repository/APOLLO- Desktop/Collection page/sort/Filter dropdown' is clicked on

2019-07-09 17:52:54 - [MESSAGE][PASSED] - Object: 'Object Repository/APOLLO- Desktop/Collection page/sort/Filter dropdown' is clicked on

2019-07-09 17:52:54 - [TEST_STEP][PASSED] - delay(2): Delayed 2 second(s)

2019-07-09 17:52:56 - [MESSAGE][PASSED] - Delayed 2 second(s)

2019-07-09 17:52:56 - [TEST_STEP][PASSED] - click(findTestObject("APOLLO- Desktop/Collection page/sort/Featured")): Object: 'Object Repository/APOLLO- Desktop/Collection page/sort/Featured' is clicked on

2019-07-09 17:52:56 - [MESSAGE][PASSED] - Object: 'Object Repository/APOLLO- Desktop/Collection page/sort/Featured' is clicked on

2019-07-09 17:52:56 - [TEST_STEP][PASSED] - delay(2): Delayed 2 second(s)

2019-07-09 17:52:58 - [MESSAGE][PASSED] - Delayed 2 second(s)

2019-07-09 17:52:58 - [TEST_STEP][PASSED] - click(findTestObject("APOLLO- Desktop/Collection page/sort/Filter dropdown")): Object: 'Object Repository/APOLLO- Desktop/Collection page/sort/Filter dropdown' is clicked on

2019-07-09 17:52:59 - [MESSAGE][PASSED] - Object: 'Object Repository/APOLLO- Desktop/Collection page/sort/Filter dropdown' is clicked on

2019-07-09 17:52:59 - [TEST_STEP][PASSED] - delay(2): Delayed 2 second(s)

2019-07-09 17:53:01 - [MESSAGE][PASSED] - Delayed 2 second(s)

2019-07-09 17:53:01 - [TEST_STEP][PASSED] - takeScreenshot(): Taking screenshot successfully

2019-07-09 17:53:03 - [MESSAGE][PASSED] - Taking screenshot successfully
[[ATTACHMENT|/Users/sumankompelly/Katalon Studio/APOLLO - FIRE/APOLLO - FIRE- DESKTOP/Reports/0.5.5/20190709_175214/1562709181194.png]]

2019-07-09 17:53:03 - [TEST_STEP][PASSED] - delay(2): Delayed 2 second(s)

2019-07-09 17:53:05 - [MESSAGE][PASSED] - Delayed 2 second(s)

2019-07-09 17:53:05 - [TEST_STEP][PASSED] - click(findTestObject("APOLLO- Desktop/Collection page/sort/Filter dropdown")): Object: 'Object Repository/APOLLO- Desktop/Collection page/sort/Filter dropdown' is clicked on

2019-07-09 17:53:05 - [MESSAGE][PASSED] - Object: 'Object Repository/APOLLO- Desktop/Collection page/sort/Filter dropdown' is clicked on

2019-07-09 17:53:05 - [TEST_STEP][PASSED] - delay(2): Delayed 2 second(s)

2019-07-09 17:53:07 - [MESSAGE][PASSED] - Delayed 2 second(s)

2019-07-09 17:53:07 - [TEST_STEP][PASSED] - click(findTestObject("APOLLO- Desktop/Collection page/sort/Best selling")): Object: 'Object Repository/APOLLO- Desktop/Collection page/sort/Best selling' is clicked on

2019-07-09 17:53:08 - [MESSAGE][PASSED] - Object: 'Object Repository/APOLLO- Desktop/Collection page/sort/Best selling' is clicked on

2019-07-09 17:53:08 - [TEST_STEP][PASSED] - delay(2): Delayed 2 second(s)

2019-07-09 17:53:10 - [MESSAGE][PASSED] - Delayed 2 second(s)

2019-07-09 17:53:10 - [TEST_STEP][PASSED] - click(findTestObject("APOLLO- Desktop/Collection page/sort/Filter dropdown")): Object: 'Object Repository/APOLLO- Desktop/Collection page/sort/Filter dropdown' is clicked on

2019-07-09 17:53:10 - [MESSAGE][PASSED] - Object: 'Object Repository/APOLLO- Desktop/Collection page/sort/Filter dropdown' is clicked on

2019-07-09 17:53:10 - [TEST_STEP][PASSED] - delay(2): Delayed 2 second(s)

2019-07-09 17:53:12 - [MESSAGE][PASSED] - Delayed 2 second(s)

2019-07-09 17:53:12 - [TEST_STEP][PASSED] - takeScreenshot(): Taking screenshot successfully

2019-07-09 17:53:14 - [MESSAGE][PASSED] - Taking screenshot successfully
[[ATTACHMENT|/Users/sumankompelly/Katalon Studio/APOLLO - FIRE/APOLLO - FIRE- DESKTOP/Reports/0.5.5/20190709_175214/1562709192609.png]]

2019-07-09 17:53:14 - [TEST_STEP][PASSED] - delay(2): Delayed 2 second(s)

2019-07-09 17:53:16 - [MESSAGE][PASSED] - Delayed 2 second(s)

2019-07-09 17:53:16 - [TEST_STEP][PASSED] - click(findTestObject("APOLLO- Desktop/Collection page/sort/Filter dropdown")): Object: 'Object Repository/APOLLO- Desktop/Collection page/sort/Filter dropdown' is clicked on

2019-07-09 17:53:17 - [MESSAGE][PASSED] - Object: 'Object Repository/APOLLO- Desktop/Collection page/sort/Filter dropdown' is clicked on

2019-07-09 17:53:17 - [TEST_STEP][PASSED] - delay(2): Delayed 2 second(s)

2019-07-09 17:53:19 - [MESSAGE][PASSED] - Delayed 2 second(s)

2019-07-09 17:53:19 - [TEST_STEP][PASSED] - click(findTestObject("APOLLO- Desktop/Collection page/sort/Alphabetically A-Z")): Object: 'Object Repository/APOLLO- Desktop/Collection page/sort/Alphabetically A-Z' is clicked on

2019-07-09 17:53:19 - [MESSAGE][PASSED] - Object: 'Object Repository/APOLLO- Desktop/Collection page/sort/Alphabetically A-Z' is clicked on

2019-07-09 17:53:19 - [TEST_STEP][PASSED] - delay(2): Delayed 2 second(s)

2019-07-09 17:53:21 - [MESSAGE][PASSED] - Delayed 2 second(s)

2019-07-09 17:53:21 - [TEST_STEP][PASSED] - click(findTestObject("APOLLO- Desktop/Collection page/sort/Filter dropdown")): Object: 'Object Repository/APOLLO- Desktop/Collection page/sort/Filter dropdown' is clicked on

2019-07-09 17:53:22 - [MESSAGE][PASSED] - Object: 'Object Repository/APOLLO- Desktop/Collection page/sort/Filter dropdown' is clicked on

2019-07-09 17:53:22 - [TEST_STEP][PASSED] - delay(2): Delayed 2 second(s)

2019-07-09 17:53:24 - [MESSAGE][PASSED] - Delayed 2 second(s)

2019-07-09 17:53:24 - [TEST_STEP][PASSED] - takeScreenshot(): Taking screenshot successfully

2019-07-09 17:53:26 - [MESSAGE][PASSED] - Taking screenshot successfully
[[ATTACHMENT|/Users/sumankompelly/Katalon Studio/APOLLO - FIRE/APOLLO - FIRE- DESKTOP/Reports/0.5.5/20190709_175214/1562709204233.png]]

2019-07-09 17:53:26 - [TEST_STEP][PASSED] - delay(2): Delayed 2 second(s)

2019-07-09 17:53:28 - [MESSAGE][PASSED] - Delayed 2 second(s)

2019-07-09 17:53:28 - [TEST_STEP][PASSED] - click(findTestObject("APOLLO- Desktop/Collection page/sort/Filter dropdown")): Object: 'Object Repository/APOLLO- Desktop/Collection page/sort/Filter dropdown' is clicked on

2019-07-09 17:53:28 - [MESSAGE][PASSED] - Object: 'Object Repository/APOLLO- Desktop/Collection page/sort/Filter dropdown' is clicked on

2019-07-09 17:53:28 - [TEST_STEP][PASSED] - delay(2): Delayed 2 second(s)

2019-07-09 17:53:30 - [MESSAGE][PASSED] - Delayed 2 second(s)

2019-07-09 17:53:30 - [TEST_STEP][PASSED] - click(findTestObject("APOLLO- Desktop/Collection page/sort/Alphabetically Z-A")): Object: 'Object Repository/APOLLO- Desktop/Collection page/sort/Alphabetically Z-A' is clicked on

2019-07-09 17:53:31 - [MESSAGE][PASSED] - Object: 'Object Repository/APOLLO- Desktop/Collection page/sort/Alphabetically Z-A' is clicked on

2019-07-09 17:53:31 - [TEST_STEP][PASSED] - delay(2): Delayed 2 second(s)

2019-07-09 17:53:33 - [MESSAGE][PASSED] - Delayed 2 second(s)

2019-07-09 17:53:33 - [TEST_STEP][PASSED] - click(findTestObject("APOLLO- Desktop/Collection page/sort/Filter dropdown")): Object: 'Object Repository/APOLLO- Desktop/Collection page/sort/Filter dropdown' is clicked on

2019-07-09 17:53:33 - [MESSAGE][PASSED] - Object: 'Object Repository/APOLLO- Desktop/Collection page/sort/Filter dropdown' is clicked on

2019-07-09 17:53:33 - [TEST_STEP][PASSED] - delay(2): Delayed 2 second(s)

2019-07-09 17:53:35 - [MESSAGE][PASSED] - Delayed 2 second(s)

2019-07-09 17:53:35 - [TEST_STEP][PASSED] - takeScreenshot(): Taking screenshot successfully

2019-07-09 17:53:37 - [MESSAGE][PASSED] - Taking screenshot successfully
[[ATTACHMENT|/Users/sumankompelly/Katalon Studio/APOLLO - FIRE/APOLLO - FIRE- DESKTOP/Reports/0.5.5/20190709_175214/1562709215446.png]]

2019-07-09 17:53:37 - [TEST_STEP][PASSED] - delay(2): Delayed 2 second(s)

2019-07-09 17:53:39 - [MESSAGE][PASSED] - Delayed 2 second(s)

2019-07-09 17:53:39 - [TEST_STEP][PASSED] - click(findTestObject("APOLLO- Desktop/Collection page/sort/Filter dropdown")): Object: 'Object Repository/APOLLO- Desktop/Collection page/sort/Filter dropdown' is clicked on

2019-07-09 17:53:39 - [MESSAGE][PASSED] - Object: 'Object Repository/APOLLO- Desktop/Collection page/sort/Filter dropdown' is clicked on

2019-07-09 17:53:39 - [TEST_STEP][PASSED] - delay(2): Delayed 2 second(s)

2019-07-09 17:53:41 - [MESSAGE][PASSED] - Delayed 2 second(s)

2019-07-09 17:53:41 - [TEST_STEP][PASSED] - click(findTestObject("APOLLO- Desktop/Collection page/sort/Price-Low to high")): Object: 'Object Repository/APOLLO- Desktop/Collection page/sort/Price-Low to high' is clicked on

2019-07-09 17:53:42 - [MESSAGE][PASSED] - Object: 'Object Repository/APOLLO- Desktop/Collection page/sort/Price-Low to high' is clicked on

2019-07-09 17:53:42 - [TEST_STEP][PASSED] - delay(2): Delayed 2 second(s)

2019-07-09 17:53:44 - [MESSAGE][PASSED] - Delayed 2 second(s)

2019-07-09 17:53:44 - [TEST_STEP][PASSED] - click(findTestObject("APOLLO- Desktop/Collection page/sort/Filter dropdown")): Object: 'Object Repository/APOLLO- Desktop/Collection page/sort/Filter dropdown' is clicked on

2019-07-09 17:53:44 - [MESSAGE][PASSED] - Object: 'Object Repository/APOLLO- Desktop/Collection page/sort/Filter dropdown' is clicked on

2019-07-09 17:53:44 - [TEST_STEP][PASSED] - delay(2): Delayed 2 second(s)

2019-07-09 17:53:46 - [MESSAGE][PASSED] - Delayed 2 second(s)

2019-07-09 17:53:46 - [TEST_STEP][PASSED] - takeScreenshot(): Taking screenshot successfully

2019-07-09 17:53:48 - [MESSAGE][PASSED] - Taking screenshot successfully
[[ATTACHMENT|/Users/sumankompelly/Katalon Studio/APOLLO - FIRE/APOLLO - FIRE- DESKTOP/Reports/0.5.5/20190709_175214/1562709226701.png]]

2019-07-09 17:53:48 - [TEST_STEP][PASSED] - delay(2): Delayed 2 second(s)

2019-07-09 17:53:50 - [MESSAGE][PASSED] - Delayed 2 second(s)

2019-07-09 17:53:50 - [TEST_STEP][PASSED] - click(findTestObject("APOLLO- Desktop/Collection page/sort/Filter dropdown")): Object: 'Object Repository/APOLLO- Desktop/Collection page/sort/Filter dropdown' is clicked on

2019-07-09 17:53:51 - [MESSAGE][PASSED] - Object: 'Object Repository/APOLLO- Desktop/Collection page/sort/Filter dropdown' is clicked on

2019-07-09 17:53:51 - [TEST_STEP][PASSED] - delay(2): Delayed 2 second(s)

2019-07-09 17:53:53 - [MESSAGE][PASSED] - Delayed 2 second(s)

2019-07-09 17:53:53 - [TEST_STEP][PASSED] - click(findTestObject("APOLLO- Desktop/Collection page/sort/price-High to low")): Object: 'Object Repository/APOLLO- Desktop/Collection page/sort/price-High to low' is clicked on

2019-07-09 17:53:53 - [MESSAGE][PASSED] - Object: 'Object Repository/APOLLO- Desktop/Collection page/sort/price-High to low' is clicked on

2019-07-09 17:53:53 - [TEST_STEP][PASSED] - delay(2): Delayed 2 second(s)

2019-07-09 17:53:55 - [MESSAGE][PASSED] - Delayed 2 second(s)

2019-07-09 17:53:55 - [TEST_STEP][PASSED] - click(findTestObject("APOLLO- Desktop/Collection page/sort/Filter dropdown")): Object: 'Object Repository/APOLLO- Desktop/Collection page/sort/Filter dropdown' is clicked on

2019-07-09 17:53:55 - [MESSAGE][PASSED] - Object: 'Object Repository/APOLLO- Desktop/Collection page/sort/Filter dropdown' is clicked on

2019-07-09 17:53:55 - [TEST_STEP][PASSED] - delay(2): Delayed 2 second(s)

2019-07-09 17:53:57 - [MESSAGE][PASSED] - Delayed 2 second(s)

2019-07-09 17:53:57 - [TEST_STEP][PASSED] - takeScreenshot(): Taking screenshot successfully

2019-07-09 17:54:00 - [MESSAGE][PASSED] - Taking screenshot successfully
[[ATTACHMENT|/Users/sumankompelly/Katalon Studio/APOLLO - FIRE/APOLLO - FIRE- DESKTOP/Reports/0.5.5/20190709_175214/1562709237759.png]]

2019-07-09 17:54:00 - [TEST_STEP][PASSED] - delay(2): Delayed 2 second(s)

2019-07-09 17:54:02 - [MESSAGE][PASSED] - Delayed 2 second(s)

2019-07-09 17:54:02 - [TEST_STEP][PASSED] - click(findTestObject("APOLLO- Desktop/Collection page/sort/Filter dropdown")): Object: 'Object Repository/APOLLO- Desktop/Collection page/sort/Filter dropdown' is clicked on

2019-07-09 17:54:02 - [MESSAGE][PASSED] - Object: 'Object Repository/APOLLO- Desktop/Collection page/sort/Filter dropdown' is clicked on

2019-07-09 17:54:02 - [TEST_STEP][PASSED] - delay(2): Delayed 2 second(s)

2019-07-09 17:54:04 - [MESSAGE][PASSED] - Delayed 2 second(s)

2019-07-09 17:54:04 - [TEST_STEP][PASSED] - click(findTestObject("APOLLO- Desktop/Collection page/sort/Date - old to new")): Object: 'Object Repository/APOLLO- Desktop/Collection page/sort/Date - old to new' is clicked on

2019-07-09 17:54:04 - [MESSAGE][PASSED] - Object: 'Object Repository/APOLLO- Desktop/Collection page/sort/Date - old to new' is clicked on

2019-07-09 17:54:04 - [TEST_STEP][PASSED] - delay(3): Delayed 3 second(s)

2019-07-09 17:54:07 - [MESSAGE][PASSED] - Delayed 3 second(s)

2019-07-09 17:54:07 - [TEST_STEP][PASSED] - click(findTestObject("APOLLO- Desktop/Collection page/sort/Filter dropdown")): Object: 'Object Repository/APOLLO- Desktop/Collection page/sort/Filter dropdown' is clicked on

2019-07-09 17:54:08 - [MESSAGE][PASSED] - Object: 'Object Repository/APOLLO- Desktop/Collection page/sort/Filter dropdown' is clicked on

2019-07-09 17:54:08 - [TEST_STEP][PASSED] - delay(2): Delayed 2 second(s)

2019-07-09 17:54:10 - [MESSAGE][PASSED] - Delayed 2 second(s)

2019-07-09 17:54:10 - [TEST_STEP][PASSED] - takeScreenshot(): Taking screenshot successfully

2019-07-09 17:54:12 - [MESSAGE][PASSED] - Taking screenshot successfully
[[ATTACHMENT|/Users/sumankompelly/Katalon Studio/APOLLO - FIRE/APOLLO - FIRE- DESKTOP/Reports/0.5.5/20190709_175214/1562709250057.png]]

2019-07-09 17:54:12 - [TEST_STEP][PASSED] - delay(2): Delayed 2 second(s)

2019-07-09 17:54:14 - [MESSAGE][PASSED] - Delayed 2 second(s)

2019-07-09 17:54:14 - [TEST_STEP][PASSED] - click(findTestObject("APOLLO- Desktop/Collection page/sort/Filter dropdown")): Object: 'Object Repository/APOLLO- Desktop/Collection page/sort/Filter dropdown' is clicked on

2019-07-09 17:54:14 - [MESSAGE][PASSED] - Object: 'Object Repository/APOLLO- Desktop/Collection page/sort/Filter dropdown' is clicked on

2019-07-09 17:54:14 - [TEST_STEP][PASSED] - delay(2): Delayed 2 second(s)

2019-07-09 17:54:16 - [MESSAGE][PASSED] - Delayed 2 second(s)

2019-07-09 17:54:16 - [TEST_STEP][PASSED] - click(findTestObject("APOLLO- Desktop/Collection page/sort/Date- new to old")): Object: 'Object Repository/APOLLO- Desktop/Collection page/sort/Date- new to old' is clicked on

2019-07-09 17:54:17 - [MESSAGE][PASSED] - Object: 'Object Repository/APOLLO- Desktop/Collection page/sort/Date- new to old' is clicked on

2019-07-09 17:54:17 - [TEST_STEP][PASSED] - delay(2): Delayed 2 second(s)

2019-07-09 17:54:19 - [MESSAGE][PASSED] - Delayed 2 second(s)

2019-07-09 17:54:19 - [TEST_STEP][PASSED] - click(findTestObject("APOLLO- Desktop/Collection page/sort/Filter dropdown")): Object: 'Object Repository/APOLLO- Desktop/Collection page/sort/Filter dropdown' is clicked on

2019-07-09 17:54:19 - [MESSAGE][PASSED] - Object: 'Object Repository/APOLLO- Desktop/Collection page/sort/Filter dropdown' is clicked on

2019-07-09 17:54:19 - [TEST_STEP][PASSED] - takeScreenshot(): Taking screenshot successfully

2019-07-09 17:54:22 - [MESSAGE][PASSED] - Taking screenshot successfully
[[ATTACHMENT|/Users/sumankompelly/Katalon Studio/APOLLO - FIRE/APOLLO - FIRE- DESKTOP/Reports/0.5.5/20190709_175214/1562709259305.png]]

2019-07-09 17:54:22 - [TEST_STEP][PASSED] - delay(2): Delayed 2 second(s)

2019-07-09 17:54:24 - [MESSAGE][PASSED] - Delayed 2 second(s)]]></system-out>
         <system-err><![CDATA[]]></system-err>
      </testcase>
      <testcase name="Test Cases/COLLECTION PAGE/Prouducts layout style" classname="Test Cases/COLLECTION PAGE/Prouducts layout style" status="PASSED">
         <system-out><![CDATA[2019-07-09 17:54:24 - [TEST_CASE][PASSED] - Test Cases/COLLECTION PAGE/Prouducts layout style: Test Cases/COLLECTION PAGE/Prouducts layout style

2019-07-09 17:54:24 - [TEST_STEP][PASSED] - callTestCase(findTestCase("CALL - URL"), [:], STOP_ON_FAILURE): Call Test Case 'Test Cases/CALL - URL' successfully

2019-07-09 17:54:24 - [TEST_CASE][PASSED] - Test Cases/CALL - URL: Test Cases/CALL - URL

2019-07-09 17:54:24 - [TEST_STEP][PASSED] - openBrowser(""): Browser is opened with url: ''

2019-07-09 17:54:24 - [MESSAGE][WARNING] - A browser is already opened. Closing browser and opening a new one

2019-07-09 17:54:27 - [MESSAGE][INFO] - Starting 'Remote' driver

2019-07-09 17:54:27 - [MESSAGE][INFO] - User set preference: ['os', 'Windows']

2019-07-09 17:54:27 - [MESSAGE][INFO] - User set preference: ['os_version', '10']

2019-07-09 17:54:27 - [MESSAGE][INFO] - User set preference: ['browser', 'Chrome']

2019-07-09 17:54:27 - [MESSAGE][INFO] - User set preference: ['browser_version', '75.0']

2019-07-09 17:54:27 - [MESSAGE][INFO] - User set preference: ['resolution', '1280x1024']

2019-07-09 17:54:27 - [MESSAGE][INFO] - User set preference: ['browserstack.local', 'false']

2019-07-09 17:54:27 - [MESSAGE][INFO] - Connecting to remote web server 'https://dianatest3:Z3oqw9ysqTeRQJq5wFCp@hub-cloud.browserstack.com/wd/hub' with type 'Selenium'

2019-07-09 17:54:35 - [MESSAGE][PASSED] - Browser is opened with url: ''

2019-07-09 17:54:35 - [TEST_STEP][PASSED] - navigateToUrl("https://apollo-fireball.myshopify.com/?_ab=0&_fd=0&_sc=1&key=96c2edace7b9967f3a77c2e2b131937136039831e9ec35f31598610005fa8795&preview_theme_id=46803124304"): Navigate to 'https://apollo-fireball.myshopify.com/?_ab=0&_fd=0&_sc=1&key=96c2edace7b9967f3a77c2e2b131937136039831e9ec35f31598610005fa8795&preview_theme_id=46803124304' successfully

2019-07-09 17:54:40 - [MESSAGE][PASSED] - Navigate to 'https://apollo-fireball.myshopify.com/?_ab=0&_fd=0&_sc=1&key=96c2edace7b9967f3a77c2e2b131937136039831e9ec35f31598610005fa8795&preview_theme_id=46803124304' successfully

2019-07-09 17:54:40 - [TEST_STEP][PASSED] - executeJavaScript("var previewBar = document.getElementById("preview-bar-iframe"); previewBar.style.display = "none";", []): Execute JavaScript 'var previewBar = document.getElementById("preview-bar-iframe"); previewBar.style.display = "none";' successfully

2019-07-09 17:54:41 - [MESSAGE][PASSED] - Execute JavaScript 'var previewBar = document.getElementById("preview-bar-iframe"); previewBar.style.display = "none";' successfully

2019-07-09 17:54:41 - [TEST_STEP][PASSED] - maximizeWindow(): Current window maximized

2019-07-09 17:54:42 - [MESSAGE][PASSED] - Current window maximized

2019-07-09 17:54:42 - [MESSAGE][PASSED] - Call Test Case 'Test Cases/CALL - URL' successfully

2019-07-09 17:54:42 - [TEST_STEP][PASSED] - delay(2): Delayed 2 second(s)

2019-07-09 17:54:44 - [MESSAGE][PASSED] - Delayed 2 second(s)

2019-07-09 17:54:44 - [TEST_STEP][PASSED] - click(findTestObject("APOLLO- Desktop/Burger Menu/Burgermenu")): Object: 'Object Repository/APOLLO- Desktop/Burger Menu/Burgermenu' is clicked on

2019-07-09 17:54:45 - [MESSAGE][PASSED] - Object: 'Object Repository/APOLLO- Desktop/Burger Menu/Burgermenu' is clicked on

2019-07-09 17:54:45 - [TEST_STEP][PASSED] - delay(2): Delayed 2 second(s)

2019-07-09 17:54:47 - [MESSAGE][PASSED] - Delayed 2 second(s)

2019-07-09 17:54:47 - [TEST_STEP][PASSED] - click(findTestObject("APOLLO- Desktop/Burger Menu/Shop food")): Object: 'Object Repository/APOLLO- Desktop/Burger Menu/Shop food' is clicked on

2019-07-09 17:54:47 - [MESSAGE][PASSED] - Object: 'Object Repository/APOLLO- Desktop/Burger Menu/Shop food' is clicked on

2019-07-09 17:54:47 - [TEST_STEP][PASSED] - delay(2): Delayed 2 second(s)

2019-07-09 17:54:49 - [MESSAGE][PASSED] - Delayed 2 second(s)

2019-07-09 17:54:49 - [TEST_STEP][PASSED] - click(findTestObject("APOLLO- Desktop/Burger Menu/Beef")): Object: 'Object Repository/APOLLO- Desktop/Burger Menu/Beef' is clicked on

2019-07-09 17:54:51 - [MESSAGE][PASSED] - Object: 'Object Repository/APOLLO- Desktop/Burger Menu/Beef' is clicked on

2019-07-09 17:54:51 - [TEST_STEP][PASSED] - delay(2): Delayed 2 second(s)

2019-07-09 17:54:53 - [MESSAGE][PASSED] - Delayed 2 second(s)

2019-07-09 17:54:53 - [TEST_STEP][PASSED] - executeJavaScript("var previewBar = document.getElementById("preview-bar-iframe"); previewBar.style.display = "none";", []): Execute JavaScript 'var previewBar = document.getElementById("preview-bar-iframe"); previewBar.style.display = "none";' successfully

2019-07-09 17:54:54 - [MESSAGE][PASSED] - Execute JavaScript 'var previewBar = document.getElementById("preview-bar-iframe"); previewBar.style.display = "none";' successfully

2019-07-09 17:54:54 - [TEST_STEP][PASSED] - delay(2): Delayed 2 second(s)

2019-07-09 17:54:56 - [MESSAGE][PASSED] - Delayed 2 second(s)

2019-07-09 17:54:56 - [TEST_STEP][PASSED] - click(findTestObject("APOLLO- Desktop/Collection page/layout less")): Object: 'Object Repository/APOLLO- Desktop/Collection page/layout less' is clicked on

2019-07-09 17:55:01 - [MESSAGE][PASSED] - Object: 'Object Repository/APOLLO- Desktop/Collection page/layout less' is clicked on

2019-07-09 17:55:01 - [TEST_STEP][PASSED] - delay(2): Delayed 2 second(s)

2019-07-09 17:55:04 - [MESSAGE][PASSED] - Delayed 2 second(s)

2019-07-09 17:55:04 - [TEST_STEP][PASSED] - a = getPageHeight(): Current page's height is 3409

2019-07-09 17:55:04 - [MESSAGE][PASSED] - Current page's height is 3409

2019-07-09 17:55:04 - [TEST_STEP][PASSED] - comment("a=" + a): a=3409

2019-07-09 17:55:04 - [MESSAGE][INFO] - a=3409

2019-07-09 17:55:04 - [TEST_STEP][PASSED] - delay(2): Delayed 2 second(s)

2019-07-09 17:55:06 - [MESSAGE][PASSED] - Delayed 2 second(s)

2019-07-09 17:55:06 - [TEST_STEP][PASSED] - click(findTestObject("APOLLO- Desktop/Collection page/layout more")): Object: 'Object Repository/APOLLO- Desktop/Collection page/layout more' is clicked on

2019-07-09 17:55:08 - [MESSAGE][PASSED] - Object: 'Object Repository/APOLLO- Desktop/Collection page/layout more' is clicked on

2019-07-09 17:55:08 - [TEST_STEP][PASSED] - delay(2): Delayed 2 second(s)

2019-07-09 17:55:10 - [MESSAGE][PASSED] - Delayed 2 second(s)

2019-07-09 17:55:10 - [TEST_STEP][PASSED] - b = getPageHeight(): Current page's height is 1985

2019-07-09 17:55:11 - [MESSAGE][PASSED] - Current page's height is 1985

2019-07-09 17:55:11 - [TEST_STEP][PASSED] - comment("b=" + b): b=1985

2019-07-09 17:55:11 - [MESSAGE][INFO] - b=1985

2019-07-09 17:55:11 - [TEST_STEP][PASSED] - verifyLessThan(b, a): Actual number '1,985' is less than expected number '3,409'

2019-07-09 17:55:11 - [MESSAGE][PASSED] - Actual number '1,985' is less than expected number '3,409']]></system-out>
         <system-err><![CDATA[]]></system-err>
      </testcase>
      <testcase name="Test Cases/COLLECTION PAGE/Filter" classname="Test Cases/COLLECTION PAGE/Filter" status="PASSED">
         <system-out><![CDATA[2019-07-09 17:55:11 - [TEST_CASE][PASSED] - Test Cases/COLLECTION PAGE/Filter: Test Cases/COLLECTION PAGE/Filter

2019-07-09 17:55:11 - [TEST_STEP][PASSED] - callTestCase(findTestCase("CALL - URL"), [:], STOP_ON_FAILURE): Call Test Case 'Test Cases/CALL - URL' successfully

2019-07-09 17:55:11 - [TEST_CASE][PASSED] - Test Cases/CALL - URL: Test Cases/CALL - URL

2019-07-09 17:55:11 - [TEST_STEP][PASSED] - openBrowser(""): Browser is opened with url: ''

2019-07-09 17:55:11 - [MESSAGE][WARNING] - A browser is already opened. Closing browser and opening a new one

2019-07-09 17:55:13 - [MESSAGE][INFO] - Starting 'Remote' driver

2019-07-09 17:55:13 - [MESSAGE][INFO] - User set preference: ['os', 'Windows']

2019-07-09 17:55:13 - [MESSAGE][INFO] - User set preference: ['os_version', '10']

2019-07-09 17:55:13 - [MESSAGE][INFO] - User set preference: ['browser', 'Chrome']

2019-07-09 17:55:13 - [MESSAGE][INFO] - User set preference: ['browser_version', '75.0']

2019-07-09 17:55:13 - [MESSAGE][INFO] - User set preference: ['resolution', '1280x1024']

2019-07-09 17:55:13 - [MESSAGE][INFO] - User set preference: ['browserstack.local', 'false']

2019-07-09 17:55:13 - [MESSAGE][INFO] - Connecting to remote web server 'https://dianatest3:Z3oqw9ysqTeRQJq5wFCp@hub-cloud.browserstack.com/wd/hub' with type 'Selenium'

2019-07-09 17:55:27 - [MESSAGE][PASSED] - Browser is opened with url: ''

2019-07-09 17:55:27 - [TEST_STEP][PASSED] - navigateToUrl("https://apollo-fireball.myshopify.com/?_ab=0&_fd=0&_sc=1&key=96c2edace7b9967f3a77c2e2b131937136039831e9ec35f31598610005fa8795&preview_theme_id=46803124304"): Navigate to 'https://apollo-fireball.myshopify.com/?_ab=0&_fd=0&_sc=1&key=96c2edace7b9967f3a77c2e2b131937136039831e9ec35f31598610005fa8795&preview_theme_id=46803124304' successfully

2019-07-09 17:55:34 - [MESSAGE][PASSED] - Navigate to 'https://apollo-fireball.myshopify.com/?_ab=0&_fd=0&_sc=1&key=96c2edace7b9967f3a77c2e2b131937136039831e9ec35f31598610005fa8795&preview_theme_id=46803124304' successfully

2019-07-09 17:55:34 - [TEST_STEP][PASSED] - executeJavaScript("var previewBar = document.getElementById("preview-bar-iframe"); previewBar.style.display = "none";", []): Execute JavaScript 'var previewBar = document.getElementById("preview-bar-iframe"); previewBar.style.display = "none";' successfully

2019-07-09 17:55:34 - [MESSAGE][PASSED] - Execute JavaScript 'var previewBar = document.getElementById("preview-bar-iframe"); previewBar.style.display = "none";' successfully

2019-07-09 17:55:34 - [TEST_STEP][PASSED] - maximizeWindow(): Current window maximized

2019-07-09 17:55:36 - [MESSAGE][PASSED] - Current window maximized

2019-07-09 17:55:36 - [MESSAGE][PASSED] - Call Test Case 'Test Cases/CALL - URL' successfully

2019-07-09 17:55:36 - [TEST_STEP][PASSED] - delay(2): Delayed 2 second(s)

2019-07-09 17:55:38 - [MESSAGE][PASSED] - Delayed 2 second(s)

2019-07-09 17:55:38 - [TEST_STEP][PASSED] - click(findTestObject("APOLLO- Desktop/Burger Menu/Burgermenu")): Object: 'Object Repository/APOLLO- Desktop/Burger Menu/Burgermenu' is clicked on

2019-07-09 17:55:39 - [MESSAGE][PASSED] - Object: 'Object Repository/APOLLO- Desktop/Burger Menu/Burgermenu' is clicked on

2019-07-09 17:55:39 - [TEST_STEP][PASSED] - delay(2): Delayed 2 second(s)

2019-07-09 17:55:41 - [MESSAGE][PASSED] - Delayed 2 second(s)

2019-07-09 17:55:41 - [TEST_STEP][PASSED] - click(findTestObject("APOLLO- Desktop/Burger Menu/Shop food")): Object: 'Object Repository/APOLLO- Desktop/Burger Menu/Shop food' is clicked on

2019-07-09 17:55:42 - [MESSAGE][PASSED] - Object: 'Object Repository/APOLLO- Desktop/Burger Menu/Shop food' is clicked on

2019-07-09 17:55:42 - [TEST_STEP][PASSED] - delay(2): Delayed 2 second(s)

2019-07-09 17:55:44 - [MESSAGE][PASSED] - Delayed 2 second(s)

2019-07-09 17:55:44 - [TEST_STEP][PASSED] - click(findTestObject("APOLLO- Desktop/Burger Menu/Sides")): Object: 'Object Repository/APOLLO- Desktop/Burger Menu/Sides' is clicked on

2019-07-09 17:55:52 - [MESSAGE][PASSED] - Object: 'Object Repository/APOLLO- Desktop/Burger Menu/Sides' is clicked on

2019-07-09 17:55:52 - [TEST_STEP][PASSED] - delay(2): Delayed 2 second(s)

2019-07-09 17:55:54 - [MESSAGE][PASSED] - Delayed 2 second(s)

2019-07-09 17:55:54 - [TEST_STEP][PASSED] - executeJavaScript("var previewBar = document.getElementById("preview-bar-iframe"); previewBar.style.display = "none";", []): Execute JavaScript 'var previewBar = document.getElementById("preview-bar-iframe"); previewBar.style.display = "none";' successfully

2019-07-09 17:55:54 - [MESSAGE][PASSED] - Execute JavaScript 'var previewBar = document.getElementById("preview-bar-iframe"); previewBar.style.display = "none";' successfully

2019-07-09 17:55:54 - [TEST_STEP][PASSED] - delay(2): Delayed 2 second(s)

2019-07-09 17:55:56 - [MESSAGE][PASSED] - Delayed 2 second(s)

2019-07-09 17:55:56 - [TEST_STEP][PASSED] - click(findTestObject("APOLLO- Desktop/Collection page/Filter/Filter dropdown")): Object: 'Object Repository/APOLLO- Desktop/Collection page/Filter/Filter dropdown' is clicked on

2019-07-09 17:55:56 - [MESSAGE][PASSED] - Object: 'Object Repository/APOLLO- Desktop/Collection page/Filter/Filter dropdown' is clicked on

2019-07-09 17:55:56 - [TEST_STEP][PASSED] - delay(2): Delayed 2 second(s)

2019-07-09 17:55:58 - [MESSAGE][PASSED] - Delayed 2 second(s)

2019-07-09 17:55:58 - [TEST_STEP][PASSED] - click(findTestObject("APOLLO- Desktop/Collection page/Filter/Pork")): Object: 'Object Repository/APOLLO- Desktop/Collection page/Filter/Pork' is clicked on

2019-07-09 17:55:59 - [MESSAGE][PASSED] - Object: 'Object Repository/APOLLO- Desktop/Collection page/Filter/Pork' is clicked on

2019-07-09 17:55:59 - [TEST_STEP][PASSED] - delay(2): Delayed 2 second(s)

2019-07-09 17:56:01 - [MESSAGE][PASSED] - Delayed 2 second(s)

2019-07-09 17:56:01 - [TEST_STEP][PASSED] - click(findTestObject("APOLLO- Desktop/Collection page/Filter/Filter dropdown")): Object: 'Object Repository/APOLLO- Desktop/Collection page/Filter/Filter dropdown' is clicked on

2019-07-09 17:56:01 - [MESSAGE][PASSED] - Object: 'Object Repository/APOLLO- Desktop/Collection page/Filter/Filter dropdown' is clicked on

2019-07-09 17:56:01 - [TEST_STEP][PASSED] - delay(2): Delayed 2 second(s)

2019-07-09 17:56:03 - [MESSAGE][PASSED] - Delayed 2 second(s)

2019-07-09 17:56:03 - [TEST_STEP][PASSED] - a = getText(findTestObject("APOLLO- Desktop/Collection page/Filter/Filtered count")): Text of object 'Object Repository/APOLLO- Desktop/Collection page/Filter/Filtered count' is: '1'

2019-07-09 17:56:03 - [MESSAGE][PASSED] - Text of object 'Object Repository/APOLLO- Desktop/Collection page/Filter/Filtered count' is: '1'

2019-07-09 17:56:03 - [TEST_STEP][PASSED] - delay(2): Delayed 2 second(s)

2019-07-09 17:56:05 - [MESSAGE][PASSED] - Delayed 2 second(s)

2019-07-09 17:56:05 - [TEST_STEP][PASSED] - comment("a=" + a): a=1

2019-07-09 17:56:05 - [MESSAGE][INFO] - a=1

2019-07-09 17:56:05 - [TEST_STEP][PASSED] - b = 0: null

2019-07-09 17:56:05 - [TEST_STEP][PASSED] - verifyNotEqual("a", "b"): Actual object 'a' and expected object 'b' are not equal

2019-07-09 17:56:05 - [MESSAGE][PASSED] - Actual object 'a' and expected object 'b' are not equal

2019-07-09 17:56:05 - [TEST_STEP][PASSED] - delay(2): Delayed 2 second(s)

2019-07-09 17:56:07 - [MESSAGE][PASSED] - Delayed 2 second(s)

2019-07-09 17:56:07 - [TEST_STEP][PASSED] - click(findTestObject("APOLLO- Desktop/Collection page/Filter/Filter dropdown")): Object: 'Object Repository/APOLLO- Desktop/Collection page/Filter/Filter dropdown' is clicked on

2019-07-09 17:56:08 - [MESSAGE][PASSED] - Object: 'Object Repository/APOLLO- Desktop/Collection page/Filter/Filter dropdown' is clicked on

2019-07-09 17:56:08 - [TEST_STEP][PASSED] - delay(2): Delayed 2 second(s)

2019-07-09 17:56:10 - [MESSAGE][PASSED] - Delayed 2 second(s)

2019-07-09 17:56:10 - [TEST_STEP][PASSED] - click(findTestObject("APOLLO- Desktop/Collection page/Filter/Sides")): Object: 'Object Repository/APOLLO- Desktop/Collection page/Filter/Sides' is clicked on

2019-07-09 17:56:10 - [MESSAGE][PASSED] - Object: 'Object Repository/APOLLO- Desktop/Collection page/Filter/Sides' is clicked on

2019-07-09 17:56:10 - [TEST_STEP][PASSED] - delay(2): Delayed 2 second(s)

2019-07-09 17:56:12 - [MESSAGE][PASSED] - Delayed 2 second(s)

2019-07-09 17:56:12 - [TEST_STEP][PASSED] - click(findTestObject("APOLLO- Desktop/Collection page/Filter/Filter dropdown")): Object: 'Object Repository/APOLLO- Desktop/Collection page/Filter/Filter dropdown' is clicked on

2019-07-09 17:56:12 - [MESSAGE][PASSED] - Object: 'Object Repository/APOLLO- Desktop/Collection page/Filter/Filter dropdown' is clicked on

2019-07-09 17:56:12 - [TEST_STEP][PASSED] - delay(2): Delayed 2 second(s)

2019-07-09 17:56:14 - [MESSAGE][PASSED] - Delayed 2 second(s)

2019-07-09 17:56:14 - [TEST_STEP][PASSED] - a4 = getText(findTestObject("APOLLO- Desktop/Collection page/Filter/Filtered count")): Text of object 'Object Repository/APOLLO- Desktop/Collection page/Filter/Filtered count' is: '6'

2019-07-09 17:56:15 - [MESSAGE][PASSED] - Text of object 'Object Repository/APOLLO- Desktop/Collection page/Filter/Filtered count' is: '6'

2019-07-09 17:56:15 - [TEST_STEP][PASSED] - comment("a4=" + a4): a4=6

2019-07-09 17:56:15 - [MESSAGE][INFO] - a4=6

2019-07-09 17:56:15 - [TEST_STEP][PASSED] - verifyNotEqual("a4", "b"): Actual object 'a4' and expected object 'b' are not equal

2019-07-09 17:56:15 - [MESSAGE][PASSED] - Actual object 'a4' and expected object 'b' are not equal

2019-07-09 17:56:15 - [TEST_STEP][PASSED] - delay(4): Delayed 4 second(s)

2019-07-09 17:56:19 - [MESSAGE][PASSED] - Delayed 4 second(s)

2019-07-09 17:56:19 - [TEST_STEP][PASSED] - delay(2): Delayed 2 second(s)

2019-07-09 17:56:21 - [MESSAGE][PASSED] - Delayed 2 second(s)

2019-07-09 17:56:21 - [TEST_STEP][PASSED] - click(findTestObject("APOLLO- Desktop/Collection page/Filter/a_Clear all filters")): Object: 'Object Repository/APOLLO- Desktop/Collection page/Filter/a_Clear all filters' is clicked on

2019-07-09 17:56:21 - [MESSAGE][PASSED] - Object: 'Object Repository/APOLLO- Desktop/Collection page/Filter/a_Clear all filters' is clicked on

2019-07-09 17:56:21 - [TEST_STEP][PASSED] - delay(2): Delayed 2 second(s)

2019-07-09 17:56:23 - [MESSAGE][PASSED] - Delayed 2 second(s)

2019-07-09 17:56:23 - [TEST_STEP][PASSED] - a12 = getText(findTestObject("APOLLO- Desktop/Collection page/Filter/Filtered count")): Text of object 'Object Repository/APOLLO- Desktop/Collection page/Filter/Filtered count' is: '6'

2019-07-09 17:56:23 - [MESSAGE][PASSED] - Text of object 'Object Repository/APOLLO- Desktop/Collection page/Filter/Filtered count' is: '6'

2019-07-09 17:56:23 - [TEST_STEP][PASSED] - delay(2): Delayed 2 second(s)

2019-07-09 17:56:25 - [MESSAGE][PASSED] - Delayed 2 second(s)

2019-07-09 17:56:25 - [TEST_STEP][PASSED] - comment("a12=" + a12): a12=6

2019-07-09 17:56:25 - [MESSAGE][INFO] - a12=6

2019-07-09 17:56:25 - [TEST_STEP][PASSED] - verifyNotEqual("a12", "b"): Actual object 'a12' and expected object 'b' are not equal

2019-07-09 17:56:25 - [MESSAGE][PASSED] - Actual object 'a12' and expected object 'b' are not equal]]></system-out>
         <system-err><![CDATA[]]></system-err>
      </testcase>
      <testcase name="Test Cases/HOME PAGE/Welcome to ur store and gettting hungry" classname="Test Cases/HOME PAGE/Welcome to ur store and gettting hungry" status="PASSED">
         <system-out><![CDATA[2019-07-09 17:56:25 - [TEST_CASE][PASSED] - Test Cases/HOME PAGE/Welcome to ur store and gettting hungry: Test Cases/HOME PAGE/Welcome to ur store and gettting hungry

2019-07-09 17:56:25 - [TEST_STEP][PASSED] - callTestCase(findTestCase("CALL - URL"), [:], STOP_ON_FAILURE): Call Test Case 'Test Cases/CALL - URL' successfully

2019-07-09 17:56:25 - [TEST_CASE][PASSED] - Test Cases/CALL - URL: Test Cases/CALL - URL

2019-07-09 17:56:25 - [TEST_STEP][PASSED] - openBrowser(""): Browser is opened with url: ''

2019-07-09 17:56:25 - [MESSAGE][WARNING] - A browser is already opened. Closing browser and opening a new one

2019-07-09 17:56:28 - [MESSAGE][INFO] - Starting 'Remote' driver

2019-07-09 17:56:28 - [MESSAGE][INFO] - User set preference: ['os', 'Windows']

2019-07-09 17:56:28 - [MESSAGE][INFO] - User set preference: ['os_version', '10']

2019-07-09 17:56:28 - [MESSAGE][INFO] - User set preference: ['browser', 'Chrome']

2019-07-09 17:56:28 - [MESSAGE][INFO] - User set preference: ['browser_version', '75.0']

2019-07-09 17:56:28 - [MESSAGE][INFO] - User set preference: ['resolution', '1280x1024']

2019-07-09 17:56:28 - [MESSAGE][INFO] - User set preference: ['browserstack.local', 'false']

2019-07-09 17:56:28 - [MESSAGE][INFO] - Connecting to remote web server 'https://dianatest3:Z3oqw9ysqTeRQJq5wFCp@hub-cloud.browserstack.com/wd/hub' with type 'Selenium'

2019-07-09 17:56:39 - [MESSAGE][PASSED] - Browser is opened with url: ''

2019-07-09 17:56:39 - [TEST_STEP][PASSED] - navigateToUrl("https://apollo-fireball.myshopify.com/?_ab=0&_fd=0&_sc=1&key=96c2edace7b9967f3a77c2e2b131937136039831e9ec35f31598610005fa8795&preview_theme_id=46803124304"): Navigate to 'https://apollo-fireball.myshopify.com/?_ab=0&_fd=0&_sc=1&key=96c2edace7b9967f3a77c2e2b131937136039831e9ec35f31598610005fa8795&preview_theme_id=46803124304' successfully

2019-07-09 17:56:46 - [MESSAGE][PASSED] - Navigate to 'https://apollo-fireball.myshopify.com/?_ab=0&_fd=0&_sc=1&key=96c2edace7b9967f3a77c2e2b131937136039831e9ec35f31598610005fa8795&preview_theme_id=46803124304' successfully

2019-07-09 17:56:46 - [TEST_STEP][PASSED] - executeJavaScript("var previewBar = document.getElementById("preview-bar-iframe"); previewBar.style.display = "none";", []): Execute JavaScript 'var previewBar = document.getElementById("preview-bar-iframe"); previewBar.style.display = "none";' successfully

2019-07-09 17:56:46 - [MESSAGE][PASSED] - Execute JavaScript 'var previewBar = document.getElementById("preview-bar-iframe"); previewBar.style.display = "none";' successfully

2019-07-09 17:56:46 - [TEST_STEP][PASSED] - maximizeWindow(): Current window maximized

2019-07-09 17:56:49 - [MESSAGE][PASSED] - Current window maximized

2019-07-09 17:56:49 - [MESSAGE][PASSED] - Call Test Case 'Test Cases/CALL - URL' successfully

2019-07-09 17:56:49 - [TEST_STEP][PASSED] - delay(2): Delayed 2 second(s)

2019-07-09 17:56:51 - [MESSAGE][PASSED] - Delayed 2 second(s)

2019-07-09 17:56:51 - [TEST_STEP][PASSED] - scrollToElement(findTestObject("APOLLO- Desktop/Home page/Welcome to our store/Welcome to ur stire"), 0): Scroll to object 'Object Repository/APOLLO- Desktop/Home page/Welcome to our store/Welcome to ur stire' successfully

2019-07-09 17:56:51 - [MESSAGE][WARNING] - Timeout '0' is invalid. Using default page load timeout: '30'

2019-07-09 17:56:51 - [MESSAGE][PASSED] - Scroll to object 'Object Repository/APOLLO- Desktop/Home page/Welcome to our store/Welcome to ur stire' successfully

2019-07-09 17:56:51 - [TEST_STEP][PASSED] - delay(2): Delayed 2 second(s)

2019-07-09 17:56:53 - [MESSAGE][PASSED] - Delayed 2 second(s)

2019-07-09 17:56:53 - [TEST_STEP][PASSED] - click(findTestObject("APOLLO- Desktop/Home page/Welcome to our store/About Us")): Object: 'Object Repository/APOLLO- Desktop/Home page/Welcome to our store/About Us' is clicked on

2019-07-09 17:56:54 - [MESSAGE][PASSED] - Object: 'Object Repository/APOLLO- Desktop/Home page/Welcome to our store/About Us' is clicked on

2019-07-09 17:56:54 - [TEST_STEP][PASSED] - back(): Navigate back successfully

2019-07-09 17:56:59 - [MESSAGE][PASSED] - Navigate back successfully

2019-07-09 17:56:59 - [TEST_STEP][PASSED] - executeJavaScript("var previewBar = document.getElementById("preview-bar-iframe"); previewBar.style.display = "none";", []): Execute JavaScript 'var previewBar = document.getElementById("preview-bar-iframe"); previewBar.style.display = "none";' successfully

2019-07-09 17:56:59 - [MESSAGE][PASSED] - Execute JavaScript 'var previewBar = document.getElementById("preview-bar-iframe"); previewBar.style.display = "none";' successfully

2019-07-09 17:56:59 - [TEST_STEP][PASSED] - click(findTestObject("APOLLO- Desktop/Home page/Welcome to our store/Shop collection")): Object: 'Object Repository/APOLLO- Desktop/Home page/Welcome to our store/Shop collection' is clicked on

2019-07-09 17:57:01 - [MESSAGE][PASSED] - Object: 'Object Repository/APOLLO- Desktop/Home page/Welcome to our store/Shop collection' is clicked on

2019-07-09 17:57:01 - [TEST_STEP][PASSED] - back(): Navigate back successfully

2019-07-09 17:57:05 - [MESSAGE][PASSED] - Navigate back successfully

2019-07-09 17:57:05 - [TEST_STEP][PASSED] - executeJavaScript("var previewBar = document.getElementById("preview-bar-iframe"); previewBar.style.display = "none";", []): Execute JavaScript 'var previewBar = document.getElementById("preview-bar-iframe"); previewBar.style.display = "none";' successfully

2019-07-09 17:57:05 - [MESSAGE][PASSED] - Execute JavaScript 'var previewBar = document.getElementById("preview-bar-iframe"); previewBar.style.display = "none";' successfully

2019-07-09 17:57:05 - [TEST_STEP][PASSED] - click(findTestObject("APOLLO- Desktop/Home page/Welcome to our store/learn more about us")): Object: 'Object Repository/APOLLO- Desktop/Home page/Welcome to our store/learn more about us' is clicked on

2019-07-09 17:57:08 - [MESSAGE][PASSED] - Object: 'Object Repository/APOLLO- Desktop/Home page/Welcome to our store/learn more about us' is clicked on

2019-07-09 17:57:08 - [TEST_STEP][PASSED] - back(): Navigate back successfully

2019-07-09 17:57:11 - [MESSAGE][PASSED] - Navigate back successfully

2019-07-09 17:57:11 - [TEST_STEP][PASSED] - executeJavaScript("var previewBar = document.getElementById("preview-bar-iframe"); previewBar.style.display = "none";", []): Execute JavaScript 'var previewBar = document.getElementById("preview-bar-iframe"); previewBar.style.display = "none";' successfully

2019-07-09 17:57:11 - [MESSAGE][PASSED] - Execute JavaScript 'var previewBar = document.getElementById("preview-bar-iframe"); previewBar.style.display = "none";' successfully

2019-07-09 17:57:11 - [TEST_STEP][PASSED] - scrollToElement(findTestObject("APOLLO- Desktop/Home page/Welcome to our store/Getting hungry"), 0): Scroll to object 'Object Repository/APOLLO- Desktop/Home page/Welcome to our store/Getting hungry' successfully

2019-07-09 17:57:11 - [MESSAGE][WARNING] - Timeout '0' is invalid. Using default page load timeout: '30'

2019-07-09 17:57:11 - [MESSAGE][PASSED] - Scroll to object 'Object Repository/APOLLO- Desktop/Home page/Welcome to our store/Getting hungry' successfully

2019-07-09 17:57:11 - [TEST_STEP][PASSED] - delay(2): Delayed 2 second(s)

2019-07-09 17:57:14 - [MESSAGE][PASSED] - Delayed 2 second(s)

2019-07-09 17:57:14 - [TEST_STEP][PASSED] - click(findTestObject("APOLLO- Desktop/Home page/Welcome to our store/COntact us")): Object: 'Object Repository/APOLLO- Desktop/Home page/Welcome to our store/COntact us' is clicked on

2019-07-09 17:57:14 - [MESSAGE][PASSED] - Object: 'Object Repository/APOLLO- Desktop/Home page/Welcome to our store/COntact us' is clicked on]]></system-out>
         <system-err><![CDATA[]]></system-err>
      </testcase>
      <testcase name="Test Cases/HOME PAGE/Hero banner - CTA" classname="Test Cases/HOME PAGE/Hero banner - CTA" status="PASSED">
         <system-out><![CDATA[2019-07-09 17:57:14 - [TEST_CASE][PASSED] - Test Cases/HOME PAGE/Hero banner - CTA: Test Cases/HOME PAGE/Hero banner - CTA

2019-07-09 17:57:14 - [TEST_STEP][PASSED] - callTestCase(findTestCase("CALL - URL"), [:], STOP_ON_FAILURE): Call Test Case 'Test Cases/CALL - URL' successfully

2019-07-09 17:57:14 - [TEST_CASE][PASSED] - Test Cases/CALL - URL: Test Cases/CALL - URL

2019-07-09 17:57:14 - [TEST_STEP][PASSED] - openBrowser(""): Browser is opened with url: ''

2019-07-09 17:57:14 - [MESSAGE][WARNING] - A browser is already opened. Closing browser and opening a new one

2019-07-09 17:57:17 - [MESSAGE][INFO] - Starting 'Remote' driver

2019-07-09 17:57:17 - [MESSAGE][INFO] - User set preference: ['os', 'Windows']

2019-07-09 17:57:17 - [MESSAGE][INFO] - User set preference: ['os_version', '10']

2019-07-09 17:57:17 - [MESSAGE][INFO] - User set preference: ['browser', 'Chrome']

2019-07-09 17:57:17 - [MESSAGE][INFO] - User set preference: ['browser_version', '75.0']

2019-07-09 17:57:17 - [MESSAGE][INFO] - User set preference: ['resolution', '1280x1024']

2019-07-09 17:57:17 - [MESSAGE][INFO] - User set preference: ['browserstack.local', 'false']

2019-07-09 17:57:17 - [MESSAGE][INFO] - Connecting to remote web server 'https://dianatest3:Z3oqw9ysqTeRQJq5wFCp@hub-cloud.browserstack.com/wd/hub' with type 'Selenium'

2019-07-09 17:57:23 - [MESSAGE][PASSED] - Browser is opened with url: ''

2019-07-09 17:57:23 - [TEST_STEP][PASSED] - navigateToUrl("https://apollo-fireball.myshopify.com/?_ab=0&_fd=0&_sc=1&key=96c2edace7b9967f3a77c2e2b131937136039831e9ec35f31598610005fa8795&preview_theme_id=46803124304"): Navigate to 'https://apollo-fireball.myshopify.com/?_ab=0&_fd=0&_sc=1&key=96c2edace7b9967f3a77c2e2b131937136039831e9ec35f31598610005fa8795&preview_theme_id=46803124304' successfully

2019-07-09 17:57:29 - [MESSAGE][PASSED] - Navigate to 'https://apollo-fireball.myshopify.com/?_ab=0&_fd=0&_sc=1&key=96c2edace7b9967f3a77c2e2b131937136039831e9ec35f31598610005fa8795&preview_theme_id=46803124304' successfully

2019-07-09 17:57:29 - [TEST_STEP][PASSED] - executeJavaScript("var previewBar = document.getElementById("preview-bar-iframe"); previewBar.style.display = "none";", []): Execute JavaScript 'var previewBar = document.getElementById("preview-bar-iframe"); previewBar.style.display = "none";' successfully

2019-07-09 17:57:29 - [MESSAGE][PASSED] - Execute JavaScript 'var previewBar = document.getElementById("preview-bar-iframe"); previewBar.style.display = "none";' successfully

2019-07-09 17:57:29 - [TEST_STEP][PASSED] - maximizeWindow(): Current window maximized

2019-07-09 17:57:31 - [MESSAGE][PASSED] - Current window maximized

2019-07-09 17:57:31 - [MESSAGE][PASSED] - Call Test Case 'Test Cases/CALL - URL' successfully

2019-07-09 17:57:31 - [TEST_STEP][PASSED] - delay(2): Delayed 2 second(s)

2019-07-09 17:57:33 - [MESSAGE][PASSED] - Delayed 2 second(s)

2019-07-09 17:57:33 - [TEST_STEP][PASSED] - click(findTestObject("APOLLO- Desktop/Home page/Hero banner - CTA/First slick slide")): Object: 'Object Repository/APOLLO- Desktop/Home page/Hero banner - CTA/First slick slide' is clicked on

2019-07-09 17:57:33 - [MESSAGE][PASSED] - Object: 'Object Repository/APOLLO- Desktop/Home page/Hero banner - CTA/First slick slide' is clicked on

2019-07-09 17:57:33 - [TEST_STEP][PASSED] - delay(2): Delayed 2 second(s)

2019-07-09 17:57:35 - [MESSAGE][PASSED] - Delayed 2 second(s)

2019-07-09 17:57:35 - [TEST_STEP][PASSED] - click(findTestObject("APOLLO- Desktop/Home page/Hero banner - CTA/Shop healthy meals")): Object: 'Object Repository/APOLLO- Desktop/Home page/Hero banner - CTA/Shop healthy meals' is clicked on

2019-07-09 17:57:37 - [MESSAGE][PASSED] - Object: 'Object Repository/APOLLO- Desktop/Home page/Hero banner - CTA/Shop healthy meals' is clicked on

2019-07-09 17:57:37 - [TEST_STEP][PASSED] - delay(2): Delayed 2 second(s)

2019-07-09 17:57:39 - [MESSAGE][PASSED] - Delayed 2 second(s)

2019-07-09 17:57:39 - [TEST_STEP][PASSED] - click(findTestObject("APOLLO- Desktop/Home page/Hero banner - CTA/Apollo icon")): Object: 'Object Repository/APOLLO- Desktop/Home page/Hero banner - CTA/Apollo icon' is clicked on

2019-07-09 17:57:43 - [MESSAGE][PASSED] - Object: 'Object Repository/APOLLO- Desktop/Home page/Hero banner - CTA/Apollo icon' is clicked on

2019-07-09 17:57:43 - [TEST_STEP][PASSED] - delay(2): Delayed 2 second(s)

2019-07-09 17:57:45 - [MESSAGE][PASSED] - Delayed 2 second(s)

2019-07-09 17:57:45 - [TEST_STEP][PASSED] - click(findTestObject("APOLLO- Desktop/Home page/Hero banner - CTA/second slick slide")): Object: 'Object Repository/APOLLO- Desktop/Home page/Hero banner - CTA/second slick slide' is clicked on

2019-07-09 17:57:46 - [MESSAGE][PASSED] - Object: 'Object Repository/APOLLO- Desktop/Home page/Hero banner - CTA/second slick slide' is clicked on

2019-07-09 17:57:46 - [TEST_STEP][PASSED] - delay(2): Delayed 2 second(s)

2019-07-09 17:57:48 - [MESSAGE][PASSED] - Delayed 2 second(s)

2019-07-09 17:57:48 - [TEST_STEP][PASSED] - click(findTestObject("APOLLO- Desktop/Home page/Hero banner - CTA/Shop sides")): Object: 'Object Repository/APOLLO- Desktop/Home page/Hero banner - CTA/Shop sides' is clicked on

2019-07-09 17:57:54 - [MESSAGE][PASSED] - Object: 'Object Repository/APOLLO- Desktop/Home page/Hero banner - CTA/Shop sides' is clicked on

2019-07-09 17:57:54 - [TEST_STEP][PASSED] - delay(2): Delayed 2 second(s)

2019-07-09 17:57:56 - [MESSAGE][PASSED] - Delayed 2 second(s)

2019-07-09 17:57:56 - [TEST_STEP][PASSED] - click(findTestObject("APOLLO- Desktop/Home page/Hero banner - CTA/Apollo icon")): Object: 'Object Repository/APOLLO- Desktop/Home page/Hero banner - CTA/Apollo icon' is clicked on

2019-07-09 17:57:59 - [MESSAGE][PASSED] - Object: 'Object Repository/APOLLO- Desktop/Home page/Hero banner - CTA/Apollo icon' is clicked on

2019-07-09 17:57:59 - [TEST_STEP][PASSED] - delay(2): Delayed 2 second(s)

2019-07-09 17:58:01 - [MESSAGE][PASSED] - Delayed 2 second(s)

2019-07-09 17:58:01 - [TEST_STEP][PASSED] - click(findTestObject("APOLLO- Desktop/Home page/Hero banner - CTA/First slick slide")): Object: 'Object Repository/APOLLO- Desktop/Home page/Hero banner - CTA/First slick slide' is clicked on

2019-07-09 17:58:01 - [MESSAGE][PASSED] - Object: 'Object Repository/APOLLO- Desktop/Home page/Hero banner - CTA/First slick slide' is clicked on

2019-07-09 17:58:01 - [TEST_STEP][PASSED] - delay(2): Delayed 2 second(s)

2019-07-09 17:58:03 - [MESSAGE][PASSED] - Delayed 2 second(s)

2019-07-09 17:58:03 - [TEST_STEP][PASSED] - mouseOver(findTestObject("APOLLO- Desktop/Home page/Hero banner - CTA/Next button chevron")): Object: 'Object Repository/APOLLO- Desktop/Home page/Hero banner - CTA/Next button chevron' is hovered

2019-07-09 17:58:04 - [MESSAGE][PASSED] - Object: 'Object Repository/APOLLO- Desktop/Home page/Hero banner - CTA/Next button chevron' is hovered

2019-07-09 17:58:04 - [TEST_STEP][PASSED] - delay(2): Delayed 2 second(s)

2019-07-09 17:58:06 - [MESSAGE][PASSED] - Delayed 2 second(s)

2019-07-09 17:58:06 - [TEST_STEP][PASSED] - click(findTestObject("APOLLO- Desktop/Home page/Hero banner - CTA/Next button chevron")): Object: 'Object Repository/APOLLO- Desktop/Home page/Hero banner - CTA/Next button chevron' is clicked on

2019-07-09 17:58:06 - [MESSAGE][PASSED] - Object: 'Object Repository/APOLLO- Desktop/Home page/Hero banner - CTA/Next button chevron' is clicked on

2019-07-09 17:58:06 - [TEST_STEP][PASSED] - delay(2): Delayed 2 second(s)

2019-07-09 17:58:08 - [MESSAGE][PASSED] - Delayed 2 second(s)

2019-07-09 17:58:08 - [TEST_STEP][PASSED] - click(findTestObject("APOLLO- Desktop/Home page/Hero banner - CTA/Previous button chevron")): Object: 'Object Repository/APOLLO- Desktop/Home page/Hero banner - CTA/Previous button chevron' is clicked on

2019-07-09 17:58:09 - [MESSAGE][PASSED] - Object: 'Object Repository/APOLLO- Desktop/Home page/Hero banner - CTA/Previous button chevron' is clicked on

2019-07-09 17:58:09 - [TEST_STEP][PASSED] - delay(2): Delayed 2 second(s)

2019-07-09 17:58:11 - [MESSAGE][PASSED] - Delayed 2 second(s)

2019-07-09 17:58:11 - [TEST_STEP][PASSED] - click(findTestObject("APOLLO- Desktop/Home page/Hero banner - CTA/button_Next section")): Object: 'Object Repository/APOLLO- Desktop/Home page/Hero banner - CTA/button_Next section' is clicked on

2019-07-09 17:58:11 - [MESSAGE][PASSED] - Object: 'Object Repository/APOLLO- Desktop/Home page/Hero banner - CTA/button_Next section' is clicked on

2019-07-09 17:58:11 - [TEST_STEP][PASSED] - delay(2): Delayed 2 second(s)

2019-07-09 17:58:13 - [MESSAGE][PASSED] - Delayed 2 second(s)

2019-07-09 17:58:13 - [TEST_STEP][PASSED] - verifyTextPresent("Chicken Wings", false): Text 'Chicken Wings' is present on page 

2019-07-09 17:58:14 - [MESSAGE][PASSED] - Text 'Chicken Wings' is present on page]]></system-out>
         <system-err><![CDATA[]]></system-err>
      </testcase>
      <testcase name="Test Cases/HOME PAGE/Burger menu - navigation links" classname="Test Cases/HOME PAGE/Burger menu - navigation links" status="PASSED">
         <system-out><![CDATA[2019-07-09 17:58:14 - [TEST_CASE][PASSED] - Test Cases/HOME PAGE/Burger menu - navigation links: Test Cases/HOME PAGE/Burger menu - navigation links

2019-07-09 17:58:14 - [TEST_STEP][PASSED] - callTestCase(findTestCase("CALL - URL"), [:], STOP_ON_FAILURE): Call Test Case 'Test Cases/CALL - URL' successfully

2019-07-09 17:58:14 - [TEST_CASE][PASSED] - Test Cases/CALL - URL: Test Cases/CALL - URL

2019-07-09 17:58:14 - [TEST_STEP][PASSED] - openBrowser(""): Browser is opened with url: ''

2019-07-09 17:58:14 - [MESSAGE][WARNING] - A browser is already opened. Closing browser and opening a new one

2019-07-09 17:58:17 - [MESSAGE][INFO] - Starting 'Remote' driver

2019-07-09 17:58:17 - [MESSAGE][INFO] - User set preference: ['os', 'Windows']

2019-07-09 17:58:17 - [MESSAGE][INFO] - User set preference: ['os_version', '10']

2019-07-09 17:58:17 - [MESSAGE][INFO] - User set preference: ['browser', 'Chrome']

2019-07-09 17:58:17 - [MESSAGE][INFO] - User set preference: ['browser_version', '75.0']

2019-07-09 17:58:17 - [MESSAGE][INFO] - User set preference: ['resolution', '1280x1024']

2019-07-09 17:58:17 - [MESSAGE][INFO] - User set preference: ['browserstack.local', 'false']

2019-07-09 17:58:17 - [MESSAGE][INFO] - Connecting to remote web server 'https://dianatest3:Z3oqw9ysqTeRQJq5wFCp@hub-cloud.browserstack.com/wd/hub' with type 'Selenium'

2019-07-09 17:58:22 - [MESSAGE][PASSED] - Browser is opened with url: ''

2019-07-09 17:58:22 - [TEST_STEP][PASSED] - navigateToUrl("https://apollo-fireball.myshopify.com/?_ab=0&_fd=0&_sc=1&key=96c2edace7b9967f3a77c2e2b131937136039831e9ec35f31598610005fa8795&preview_theme_id=46803124304"): Navigate to 'https://apollo-fireball.myshopify.com/?_ab=0&_fd=0&_sc=1&key=96c2edace7b9967f3a77c2e2b131937136039831e9ec35f31598610005fa8795&preview_theme_id=46803124304' successfully

2019-07-09 17:58:29 - [MESSAGE][PASSED] - Navigate to 'https://apollo-fireball.myshopify.com/?_ab=0&_fd=0&_sc=1&key=96c2edace7b9967f3a77c2e2b131937136039831e9ec35f31598610005fa8795&preview_theme_id=46803124304' successfully

2019-07-09 17:58:29 - [TEST_STEP][PASSED] - executeJavaScript("var previewBar = document.getElementById("preview-bar-iframe"); previewBar.style.display = "none";", []): Execute JavaScript 'var previewBar = document.getElementById("preview-bar-iframe"); previewBar.style.display = "none";' successfully

2019-07-09 17:58:29 - [MESSAGE][PASSED] - Execute JavaScript 'var previewBar = document.getElementById("preview-bar-iframe"); previewBar.style.display = "none";' successfully

2019-07-09 17:58:29 - [TEST_STEP][PASSED] - maximizeWindow(): Current window maximized

2019-07-09 17:58:31 - [MESSAGE][PASSED] - Current window maximized

2019-07-09 17:58:31 - [MESSAGE][PASSED] - Call Test Case 'Test Cases/CALL - URL' successfully

2019-07-09 17:58:31 - [TEST_STEP][PASSED] - delay(2): Delayed 2 second(s)

2019-07-09 17:58:33 - [MESSAGE][PASSED] - Delayed 2 second(s)

2019-07-09 17:58:33 - [TEST_STEP][PASSED] - click(findTestObject("APOLLO- Desktop/Burger Menu/Burgermenu")): Object: 'Object Repository/APOLLO- Desktop/Burger Menu/Burgermenu' is clicked on

2019-07-09 17:58:34 - [MESSAGE][PASSED] - Object: 'Object Repository/APOLLO- Desktop/Burger Menu/Burgermenu' is clicked on

2019-07-09 17:58:34 - [TEST_STEP][PASSED] - delay(2): Delayed 2 second(s)

2019-07-09 17:58:36 - [MESSAGE][PASSED] - Delayed 2 second(s)

2019-07-09 17:58:36 - [TEST_STEP][PASSED] - click(findTestObject("APOLLO- Desktop/Burger Menu/Shop food")): Object: 'Object Repository/APOLLO- Desktop/Burger Menu/Shop food' is clicked on

2019-07-09 17:58:37 - [MESSAGE][PASSED] - Object: 'Object Repository/APOLLO- Desktop/Burger Menu/Shop food' is clicked on

2019-07-09 17:58:37 - [TEST_STEP][PASSED] - delay(2): Delayed 2 second(s)

2019-07-09 17:58:39 - [MESSAGE][PASSED] - Delayed 2 second(s)

2019-07-09 17:58:39 - [TEST_STEP][PASSED] - click(findTestObject("APOLLO- Desktop/Burger Menu/Beef")): Object: 'Object Repository/APOLLO- Desktop/Burger Menu/Beef' is clicked on

2019-07-09 17:58:41 - [MESSAGE][PASSED] - Object: 'Object Repository/APOLLO- Desktop/Burger Menu/Beef' is clicked on

2019-07-09 17:58:41 - [TEST_STEP][PASSED] - delay(2): Delayed 2 second(s)

2019-07-09 17:58:43 - [MESSAGE][PASSED] - Delayed 2 second(s)

2019-07-09 17:58:43 - [TEST_STEP][PASSED] - delay(2): Delayed 2 second(s)

2019-07-09 17:58:45 - [MESSAGE][PASSED] - Delayed 2 second(s)

2019-07-09 17:58:45 - [TEST_STEP][PASSED] - click(findTestObject("APOLLO- Desktop/Burger Menu/Burgermenu")): Object: 'Object Repository/APOLLO- Desktop/Burger Menu/Burgermenu' is clicked on

2019-07-09 17:58:45 - [MESSAGE][PASSED] - Object: 'Object Repository/APOLLO- Desktop/Burger Menu/Burgermenu' is clicked on

2019-07-09 17:58:45 - [TEST_STEP][PASSED] - delay(2): Delayed 2 second(s)

2019-07-09 17:58:47 - [MESSAGE][PASSED] - Delayed 2 second(s)

2019-07-09 17:58:47 - [TEST_STEP][PASSED] - click(findTestObject("APOLLO- Desktop/Burger Menu/Shop food")): Object: 'Object Repository/APOLLO- Desktop/Burger Menu/Shop food' is clicked on

2019-07-09 17:58:48 - [MESSAGE][PASSED] - Object: 'Object Repository/APOLLO- Desktop/Burger Menu/Shop food' is clicked on

2019-07-09 17:58:48 - [TEST_STEP][PASSED] - delay(2): Delayed 2 second(s)

2019-07-09 17:58:50 - [MESSAGE][PASSED] - Delayed 2 second(s)

2019-07-09 17:58:50 - [TEST_STEP][PASSED] - click(findTestObject("APOLLO- Desktop/Burger Menu/Chicken")): Object: 'Object Repository/APOLLO- Desktop/Burger Menu/Chicken' is clicked on

2019-07-09 17:58:56 - [MESSAGE][PASSED] - Object: 'Object Repository/APOLLO- Desktop/Burger Menu/Chicken' is clicked on

2019-07-09 17:58:56 - [TEST_STEP][PASSED] - delay(2): Delayed 2 second(s)

2019-07-09 17:58:58 - [MESSAGE][PASSED] - Delayed 2 second(s)

2019-07-09 17:58:58 - [TEST_STEP][PASSED] - delay(2): Delayed 2 second(s)

2019-07-09 17:59:00 - [MESSAGE][PASSED] - Delayed 2 second(s)

2019-07-09 17:59:00 - [TEST_STEP][PASSED] - click(findTestObject("APOLLO- Desktop/Burger Menu/Burgermenu")): Object: 'Object Repository/APOLLO- Desktop/Burger Menu/Burgermenu' is clicked on

2019-07-09 17:59:01 - [MESSAGE][PASSED] - Object: 'Object Repository/APOLLO- Desktop/Burger Menu/Burgermenu' is clicked on

2019-07-09 17:59:01 - [TEST_STEP][PASSED] - delay(2): Delayed 2 second(s)

2019-07-09 17:59:03 - [MESSAGE][PASSED] - Delayed 2 second(s)

2019-07-09 17:59:03 - [TEST_STEP][PASSED] - click(findTestObject("APOLLO- Desktop/Burger Menu/Shop food")): Object: 'Object Repository/APOLLO- Desktop/Burger Menu/Shop food' is clicked on

2019-07-09 17:59:03 - [MESSAGE][PASSED] - Object: 'Object Repository/APOLLO- Desktop/Burger Menu/Shop food' is clicked on

2019-07-09 17:59:03 - [TEST_STEP][PASSED] - delay(2): Delayed 2 second(s)

2019-07-09 17:59:05 - [MESSAGE][PASSED] - Delayed 2 second(s)

2019-07-09 17:59:05 - [TEST_STEP][PASSED] - click(findTestObject("APOLLO- Desktop/Burger Menu/Pork")): Object: 'Object Repository/APOLLO- Desktop/Burger Menu/Pork' is clicked on

2019-07-09 17:59:10 - [MESSAGE][PASSED] - Object: 'Object Repository/APOLLO- Desktop/Burger Menu/Pork' is clicked on

2019-07-09 17:59:10 - [TEST_STEP][PASSED] - delay(2): Delayed 2 second(s)

2019-07-09 17:59:12 - [MESSAGE][PASSED] - Delayed 2 second(s)

2019-07-09 17:59:12 - [TEST_STEP][PASSED] - delay(2): Delayed 2 second(s)

2019-07-09 17:59:14 - [MESSAGE][PASSED] - Delayed 2 second(s)

2019-07-09 17:59:14 - [TEST_STEP][PASSED] - click(findTestObject("APOLLO- Desktop/Burger Menu/Burgermenu")): Object: 'Object Repository/APOLLO- Desktop/Burger Menu/Burgermenu' is clicked on

2019-07-09 17:59:14 - [MESSAGE][PASSED] - Object: 'Object Repository/APOLLO- Desktop/Burger Menu/Burgermenu' is clicked on

2019-07-09 17:59:14 - [TEST_STEP][PASSED] - delay(2): Delayed 2 second(s)

2019-07-09 17:59:16 - [MESSAGE][PASSED] - Delayed 2 second(s)

2019-07-09 17:59:16 - [TEST_STEP][PASSED] - click(findTestObject("APOLLO- Desktop/Burger Menu/Shop food")): Object: 'Object Repository/APOLLO- Desktop/Burger Menu/Shop food' is clicked on

2019-07-09 17:59:16 - [MESSAGE][PASSED] - Object: 'Object Repository/APOLLO- Desktop/Burger Menu/Shop food' is clicked on

2019-07-09 17:59:16 - [TEST_STEP][PASSED] - delay(2): Delayed 2 second(s)

2019-07-09 17:59:18 - [MESSAGE][PASSED] - Delayed 2 second(s)

2019-07-09 17:59:18 - [TEST_STEP][PASSED] - click(findTestObject("APOLLO- Desktop/Burger Menu/lamb")): Object: 'Object Repository/APOLLO- Desktop/Burger Menu/lamb' is clicked on

2019-07-09 17:59:22 - [MESSAGE][PASSED] - Object: 'Object Repository/APOLLO- Desktop/Burger Menu/lamb' is clicked on

2019-07-09 17:59:22 - [TEST_STEP][PASSED] - delay(2): Delayed 2 second(s)

2019-07-09 17:59:24 - [MESSAGE][PASSED] - Delayed 2 second(s)

2019-07-09 17:59:24 - [TEST_STEP][PASSED] - delay(2): Delayed 2 second(s)

2019-07-09 17:59:26 - [MESSAGE][PASSED] - Delayed 2 second(s)

2019-07-09 17:59:26 - [TEST_STEP][PASSED] - click(findTestObject("APOLLO- Desktop/Burger Menu/Burgermenu")): Object: 'Object Repository/APOLLO- Desktop/Burger Menu/Burgermenu' is clicked on

2019-07-09 17:59:26 - [MESSAGE][PASSED] - Object: 'Object Repository/APOLLO- Desktop/Burger Menu/Burgermenu' is clicked on

2019-07-09 17:59:26 - [TEST_STEP][PASSED] - delay(2): Delayed 2 second(s)

2019-07-09 17:59:28 - [MESSAGE][PASSED] - Delayed 2 second(s)

2019-07-09 17:59:28 - [TEST_STEP][PASSED] - click(findTestObject("APOLLO- Desktop/Burger Menu/Shop food")): Object: 'Object Repository/APOLLO- Desktop/Burger Menu/Shop food' is clicked on

2019-07-09 17:59:29 - [MESSAGE][PASSED] - Object: 'Object Repository/APOLLO- Desktop/Burger Menu/Shop food' is clicked on

2019-07-09 17:59:29 - [TEST_STEP][PASSED] - delay(2): Delayed 2 second(s)

2019-07-09 17:59:31 - [MESSAGE][PASSED] - Delayed 2 second(s)

2019-07-09 17:59:31 - [TEST_STEP][PASSED] - click(findTestObject("APOLLO- Desktop/Burger Menu/Sides")): Object: 'Object Repository/APOLLO- Desktop/Burger Menu/Sides' is clicked on

2019-07-09 17:59:33 - [MESSAGE][PASSED] - Object: 'Object Repository/APOLLO- Desktop/Burger Menu/Sides' is clicked on

2019-07-09 17:59:33 - [TEST_STEP][PASSED] - delay(2): Delayed 2 second(s)

2019-07-09 17:59:35 - [MESSAGE][PASSED] - Delayed 2 second(s)

2019-07-09 17:59:35 - [TEST_STEP][PASSED] - delay(2): Delayed 2 second(s)

2019-07-09 17:59:37 - [MESSAGE][PASSED] - Delayed 2 second(s)

2019-07-09 17:59:37 - [TEST_STEP][PASSED] - click(findTestObject("APOLLO- Desktop/Burger Menu/Burgermenu")): Object: 'Object Repository/APOLLO- Desktop/Burger Menu/Burgermenu' is clicked on

2019-07-09 17:59:37 - [MESSAGE][PASSED] - Object: 'Object Repository/APOLLO- Desktop/Burger Menu/Burgermenu' is clicked on

2019-07-09 17:59:37 - [TEST_STEP][PASSED] - delay(2): Delayed 2 second(s)

2019-07-09 17:59:39 - [MESSAGE][PASSED] - Delayed 2 second(s)

2019-07-09 17:59:39 - [TEST_STEP][PASSED] - click(findTestObject("APOLLO- Desktop/Burger Menu/Shop food")): Object: 'Object Repository/APOLLO- Desktop/Burger Menu/Shop food' is clicked on

2019-07-09 17:59:40 - [MESSAGE][PASSED] - Object: 'Object Repository/APOLLO- Desktop/Burger Menu/Shop food' is clicked on

2019-07-09 17:59:40 - [TEST_STEP][PASSED] - delay(2): Delayed 2 second(s)

2019-07-09 17:59:42 - [MESSAGE][PASSED] - Delayed 2 second(s)

2019-07-09 17:59:42 - [TEST_STEP][PASSED] - click(findTestObject("APOLLO- Desktop/Burger Menu/Burger menu - Shop All")): Object: 'Object Repository/APOLLO- Desktop/Burger Menu/Burger menu - Shop All' is clicked on

2019-07-09 17:59:48 - [MESSAGE][PASSED] - Object: 'Object Repository/APOLLO- Desktop/Burger Menu/Burger menu - Shop All' is clicked on

2019-07-09 17:59:48 - [TEST_STEP][PASSED] - delay(2): Delayed 2 second(s)

2019-07-09 17:59:50 - [MESSAGE][PASSED] - Delayed 2 second(s)

2019-07-09 17:59:50 - [TEST_STEP][PASSED] - delay(2): Delayed 2 second(s)

2019-07-09 17:59:52 - [MESSAGE][PASSED] - Delayed 2 second(s)

2019-07-09 17:59:52 - [TEST_STEP][PASSED] - click(findTestObject("APOLLO- Desktop/Burger Menu/Burgermenu")): Object: 'Object Repository/APOLLO- Desktop/Burger Menu/Burgermenu' is clicked on

2019-07-09 17:59:53 - [MESSAGE][PASSED] - Object: 'Object Repository/APOLLO- Desktop/Burger Menu/Burgermenu' is clicked on

2019-07-09 17:59:53 - [TEST_STEP][PASSED] - delay(2): Delayed 2 second(s)

2019-07-09 17:59:55 - [MESSAGE][PASSED] - Delayed 2 second(s)

2019-07-09 17:59:55 - [TEST_STEP][PASSED] - click(findTestObject("APOLLO- Desktop/Burger Menu/collections")): Object: 'Object Repository/APOLLO- Desktop/Burger Menu/collections' is clicked on

2019-07-09 17:59:56 - [MESSAGE][PASSED] - Object: 'Object Repository/APOLLO- Desktop/Burger Menu/collections' is clicked on

2019-07-09 17:59:56 - [TEST_STEP][PASSED] - delay(2): Delayed 2 second(s)

2019-07-09 17:59:58 - [MESSAGE][PASSED] - Delayed 2 second(s)

2019-07-09 17:59:58 - [TEST_STEP][PASSED] - delay(2): Delayed 2 second(s)

2019-07-09 18:00:00 - [MESSAGE][PASSED] - Delayed 2 second(s)

2019-07-09 18:00:00 - [TEST_STEP][PASSED] - delay(2): Delayed 2 second(s)

2019-07-09 18:00:02 - [MESSAGE][PASSED] - Delayed 2 second(s)

2019-07-09 18:00:02 - [TEST_STEP][PASSED] - click(findTestObject("APOLLO- Desktop/Burger Menu/Burgermenu")): Object: 'Object Repository/APOLLO- Desktop/Burger Menu/Burgermenu' is clicked on

2019-07-09 18:00:03 - [MESSAGE][PASSED] - Object: 'Object Repository/APOLLO- Desktop/Burger Menu/Burgermenu' is clicked on

2019-07-09 18:00:03 - [TEST_STEP][PASSED] - delay(2): Delayed 2 second(s)

2019-07-09 18:00:05 - [MESSAGE][PASSED] - Delayed 2 second(s)

2019-07-09 18:00:05 - [TEST_STEP][PASSED] - click(findTestObject("APOLLO- Desktop/Burger Menu/About")): Object: 'Object Repository/APOLLO- Desktop/Burger Menu/About' is clicked on

2019-07-09 18:00:06 - [MESSAGE][PASSED] - Object: 'Object Repository/APOLLO- Desktop/Burger Menu/About' is clicked on

2019-07-09 18:00:06 - [TEST_STEP][PASSED] - delay(2): Delayed 2 second(s)

2019-07-09 18:00:08 - [MESSAGE][PASSED] - Delayed 2 second(s)

2019-07-09 18:00:08 - [TEST_STEP][PASSED] - delay(2): Delayed 2 second(s)

2019-07-09 18:00:10 - [MESSAGE][PASSED] - Delayed 2 second(s)

2019-07-09 18:00:10 - [TEST_STEP][PASSED] - delay(2): Delayed 2 second(s)

2019-07-09 18:00:12 - [MESSAGE][PASSED] - Delayed 2 second(s)

2019-07-09 18:00:12 - [TEST_STEP][PASSED] - click(findTestObject("APOLLO- Desktop/Burger Menu/Burgermenu")): Object: 'Object Repository/APOLLO- Desktop/Burger Menu/Burgermenu' is clicked on

2019-07-09 18:00:12 - [MESSAGE][PASSED] - Object: 'Object Repository/APOLLO- Desktop/Burger Menu/Burgermenu' is clicked on

2019-07-09 18:00:12 - [TEST_STEP][PASSED] - delay(2): Delayed 2 second(s)

2019-07-09 18:00:14 - [MESSAGE][PASSED] - Delayed 2 second(s)

2019-07-09 18:00:14 - [TEST_STEP][PASSED] - click(findTestObject("APOLLO- Desktop/Burger Menu/Blog")): Object: 'Object Repository/APOLLO- Desktop/Burger Menu/Blog' is clicked on

2019-07-09 18:00:16 - [MESSAGE][PASSED] - Object: 'Object Repository/APOLLO- Desktop/Burger Menu/Blog' is clicked on

2019-07-09 18:00:16 - [TEST_STEP][PASSED] - delay(2): Delayed 2 second(s)

2019-07-09 18:00:18 - [MESSAGE][PASSED] - Delayed 2 second(s)

2019-07-09 18:00:18 - [TEST_STEP][PASSED] - click(findTestObject("APOLLO- Desktop/Burger Menu/Burgermenu")): Object: 'Object Repository/APOLLO- Desktop/Burger Menu/Burgermenu' is clicked on

2019-07-09 18:00:19 - [MESSAGE][PASSED] - Object: 'Object Repository/APOLLO- Desktop/Burger Menu/Burgermenu' is clicked on

2019-07-09 18:00:19 - [TEST_STEP][PASSED] - delay(2): Delayed 2 second(s)

2019-07-09 18:00:21 - [MESSAGE][PASSED] - Delayed 2 second(s)

2019-07-09 18:00:21 - [TEST_STEP][PASSED] - click(findTestObject("APOLLO- Desktop/Burger Menu/Contact us")): Object: 'Object Repository/APOLLO- Desktop/Burger Menu/Contact us' is clicked on

2019-07-09 18:00:22 - [MESSAGE][PASSED] - Object: 'Object Repository/APOLLO- Desktop/Burger Menu/Contact us' is clicked on

2019-07-09 18:00:22 - [TEST_STEP][PASSED] - delay(2): Delayed 2 second(s)

2019-07-09 18:00:24 - [MESSAGE][PASSED] - Delayed 2 second(s)]]></system-out>
         <system-err><![CDATA[]]></system-err>
      </testcase>
      <testcase name="Test Cases/HOME PAGE/Featured blog posts" classname="Test Cases/HOME PAGE/Featured blog posts" status="PASSED">
         <system-out><![CDATA[2019-07-09 18:00:24 - [TEST_CASE][PASSED] - Test Cases/HOME PAGE/Featured blog posts: Test Cases/HOME PAGE/Featured blog posts

2019-07-09 18:00:24 - [TEST_STEP][PASSED] - callTestCase(findTestCase("CALL - URL"), [:], STOP_ON_FAILURE): Call Test Case 'Test Cases/CALL - URL' successfully

2019-07-09 18:00:25 - [TEST_CASE][PASSED] - Test Cases/CALL - URL: Test Cases/CALL - URL

2019-07-09 18:00:25 - [TEST_STEP][PASSED] - openBrowser(""): Browser is opened with url: ''

2019-07-09 18:00:25 - [MESSAGE][WARNING] - A browser is already opened. Closing browser and opening a new one

2019-07-09 18:00:26 - [MESSAGE][INFO] - Starting 'Remote' driver

2019-07-09 18:00:26 - [MESSAGE][INFO] - User set preference: ['os', 'Windows']

2019-07-09 18:00:26 - [MESSAGE][INFO] - User set preference: ['os_version', '10']

2019-07-09 18:00:26 - [MESSAGE][INFO] - User set preference: ['browser', 'Chrome']

2019-07-09 18:00:26 - [MESSAGE][INFO] - User set preference: ['browser_version', '75.0']

2019-07-09 18:00:26 - [MESSAGE][INFO] - User set preference: ['resolution', '1280x1024']

2019-07-09 18:00:26 - [MESSAGE][INFO] - User set preference: ['browserstack.local', 'false']

2019-07-09 18:00:26 - [MESSAGE][INFO] - Connecting to remote web server 'https://dianatest3:Z3oqw9ysqTeRQJq5wFCp@hub-cloud.browserstack.com/wd/hub' with type 'Selenium'

2019-07-09 18:00:39 - [MESSAGE][PASSED] - Browser is opened with url: ''

2019-07-09 18:00:39 - [TEST_STEP][PASSED] - navigateToUrl("https://apollo-fireball.myshopify.com/?_ab=0&_fd=0&_sc=1&key=96c2edace7b9967f3a77c2e2b131937136039831e9ec35f31598610005fa8795&preview_theme_id=46803124304"): Navigate to 'https://apollo-fireball.myshopify.com/?_ab=0&_fd=0&_sc=1&key=96c2edace7b9967f3a77c2e2b131937136039831e9ec35f31598610005fa8795&preview_theme_id=46803124304' successfully

2019-07-09 18:00:45 - [MESSAGE][PASSED] - Navigate to 'https://apollo-fireball.myshopify.com/?_ab=0&_fd=0&_sc=1&key=96c2edace7b9967f3a77c2e2b131937136039831e9ec35f31598610005fa8795&preview_theme_id=46803124304' successfully

2019-07-09 18:00:45 - [TEST_STEP][PASSED] - executeJavaScript("var previewBar = document.getElementById("preview-bar-iframe"); previewBar.style.display = "none";", []): Execute JavaScript 'var previewBar = document.getElementById("preview-bar-iframe"); previewBar.style.display = "none";' successfully

2019-07-09 18:00:45 - [MESSAGE][PASSED] - Execute JavaScript 'var previewBar = document.getElementById("preview-bar-iframe"); previewBar.style.display = "none";' successfully

2019-07-09 18:00:45 - [TEST_STEP][PASSED] - maximizeWindow(): Current window maximized

2019-07-09 18:00:50 - [MESSAGE][PASSED] - Current window maximized

2019-07-09 18:00:50 - [MESSAGE][PASSED] - Call Test Case 'Test Cases/CALL - URL' successfully

2019-07-09 18:00:50 - [TEST_STEP][PASSED] - delay(2): Delayed 2 second(s)

2019-07-09 18:00:52 - [MESSAGE][PASSED] - Delayed 2 second(s)

2019-07-09 18:00:52 - [TEST_STEP][PASSED] - scrollToElement(findTestObject("APOLLO- Desktop/Home page/Featured blog posts/Featured Blog posts"), 0): Scroll to object 'Object Repository/APOLLO- Desktop/Home page/Featured blog posts/Featured Blog posts' successfully

2019-07-09 18:00:52 - [MESSAGE][WARNING] - Timeout '0' is invalid. Using default page load timeout: '30'

2019-07-09 18:00:52 - [MESSAGE][PASSED] - Scroll to object 'Object Repository/APOLLO- Desktop/Home page/Featured blog posts/Featured Blog posts' successfully

2019-07-09 18:00:52 - [TEST_STEP][PASSED] - delay(2): Delayed 2 second(s)

2019-07-09 18:00:54 - [MESSAGE][PASSED] - Delayed 2 second(s)

2019-07-09 18:00:54 - [TEST_STEP][PASSED] - click(findTestObject("APOLLO- Desktop/Home page/Featured blog posts/second slider")): Object: 'Object Repository/APOLLO- Desktop/Home page/Featured blog posts/second slider' is clicked on

2019-07-09 18:00:55 - [MESSAGE][PASSED] - Object: 'Object Repository/APOLLO- Desktop/Home page/Featured blog posts/second slider' is clicked on

2019-07-09 18:00:55 - [TEST_STEP][PASSED] - delay(2): Delayed 2 second(s)

2019-07-09 18:00:57 - [MESSAGE][PASSED] - Delayed 2 second(s)

2019-07-09 18:00:57 - [TEST_STEP][PASSED] - click(findTestObject("APOLLO- Desktop/Home page/Featured blog posts/third slider")): Object: 'Object Repository/APOLLO- Desktop/Home page/Featured blog posts/third slider' is clicked on

2019-07-09 18:00:57 - [MESSAGE][PASSED] - Object: 'Object Repository/APOLLO- Desktop/Home page/Featured blog posts/third slider' is clicked on

2019-07-09 18:00:57 - [TEST_STEP][PASSED] - delay(2): Delayed 2 second(s)

2019-07-09 18:00:59 - [MESSAGE][PASSED] - Delayed 2 second(s)

2019-07-09 18:00:59 - [TEST_STEP][PASSED] - click(findTestObject("APOLLO- Desktop/Home page/Featured blog posts/first slider")): Object: 'Object Repository/APOLLO- Desktop/Home page/Featured blog posts/first slider' is clicked on

2019-07-09 18:01:00 - [MESSAGE][PASSED] - Object: 'Object Repository/APOLLO- Desktop/Home page/Featured blog posts/first slider' is clicked on

2019-07-09 18:01:00 - [TEST_STEP][PASSED] - delay(2): Delayed 2 second(s)

2019-07-09 18:01:02 - [MESSAGE][PASSED] - Delayed 2 second(s)

2019-07-09 18:01:02 - [TEST_STEP][PASSED] - click(findTestObject("APOLLO- Desktop/Home page/Featured blog posts/Visit Blog")): Object: 'Object Repository/APOLLO- Desktop/Home page/Featured blog posts/Visit Blog' is clicked on

2019-07-09 18:01:04 - [MESSAGE][PASSED] - Object: 'Object Repository/APOLLO- Desktop/Home page/Featured blog posts/Visit Blog' is clicked on

2019-07-09 18:01:04 - [TEST_STEP][PASSED] - delay(2): Delayed 2 second(s)

2019-07-09 18:01:06 - [MESSAGE][PASSED] - Delayed 2 second(s)

2019-07-09 18:01:06 - [TEST_STEP][PASSED] - click(findTestObject("APOLLO- Desktop/Home page/Hero banner - CTA/Apollo icon")): Object: 'Object Repository/APOLLO- Desktop/Home page/Hero banner - CTA/Apollo icon' is clicked on

2019-07-09 18:01:11 - [MESSAGE][PASSED] - Object: 'Object Repository/APOLLO- Desktop/Home page/Hero banner - CTA/Apollo icon' is clicked on

2019-07-09 18:01:11 - [TEST_STEP][PASSED] - executeJavaScript("var previewBar = document.getElementById("preview-bar-iframe"); previewBar.style.display = "none";", []): Execute JavaScript 'var previewBar = document.getElementById("preview-bar-iframe"); previewBar.style.display = "none";' successfully

2019-07-09 18:01:11 - [MESSAGE][PASSED] - Execute JavaScript 'var previewBar = document.getElementById("preview-bar-iframe"); previewBar.style.display = "none";' successfully

2019-07-09 18:01:11 - [TEST_STEP][PASSED] - delay(2): Delayed 2 second(s)

2019-07-09 18:01:13 - [MESSAGE][PASSED] - Delayed 2 second(s)

2019-07-09 18:01:13 - [TEST_STEP][PASSED] - scrollToElement(findTestObject("APOLLO- Desktop/Home page/Featured blog posts/Featured Blog posts"), 0): Scroll to object 'Object Repository/APOLLO- Desktop/Home page/Featured blog posts/Featured Blog posts' successfully

2019-07-09 18:01:13 - [MESSAGE][WARNING] - Timeout '0' is invalid. Using default page load timeout: '30'

2019-07-09 18:01:13 - [MESSAGE][PASSED] - Scroll to object 'Object Repository/APOLLO- Desktop/Home page/Featured blog posts/Featured Blog posts' successfully

2019-07-09 18:01:13 - [TEST_STEP][PASSED] - delay(2): Delayed 2 second(s)

2019-07-09 18:01:15 - [MESSAGE][PASSED] - Delayed 2 second(s)

2019-07-09 18:01:15 - [TEST_STEP][PASSED] - click(findTestObject("APOLLO- Desktop/Home page/Featured blog posts/Read more link")): Object: 'Object Repository/APOLLO- Desktop/Home page/Featured blog posts/Read more link' is clicked on

2019-07-09 18:01:17 - [MESSAGE][PASSED] - Object: 'Object Repository/APOLLO- Desktop/Home page/Featured blog posts/Read more link' is clicked on

2019-07-09 18:01:17 - [TEST_STEP][PASSED] - delay(2): Delayed 2 second(s)

2019-07-09 18:01:19 - [MESSAGE][PASSED] - Delayed 2 second(s)

2019-07-09 18:01:19 - [TEST_STEP][PASSED] - click(findTestObject("APOLLO- Desktop/Home page/Hero banner - CTA/Apollo icon")): Object: 'Object Repository/APOLLO- Desktop/Home page/Hero banner - CTA/Apollo icon' is clicked on

2019-07-09 18:01:23 - [MESSAGE][PASSED] - Object: 'Object Repository/APOLLO- Desktop/Home page/Hero banner - CTA/Apollo icon' is clicked on

2019-07-09 18:01:23 - [TEST_STEP][PASSED] - executeJavaScript("var previewBar = document.getElementById("preview-bar-iframe"); previewBar.style.display = "none";", []): Execute JavaScript 'var previewBar = document.getElementById("preview-bar-iframe"); previewBar.style.display = "none";' successfully

2019-07-09 18:01:24 - [MESSAGE][PASSED] - Execute JavaScript 'var previewBar = document.getElementById("preview-bar-iframe"); previewBar.style.display = "none";' successfully

2019-07-09 18:01:24 - [TEST_STEP][PASSED] - delay(2): Delayed 2 second(s)

2019-07-09 18:01:26 - [MESSAGE][PASSED] - Delayed 2 second(s)

2019-07-09 18:01:26 - [TEST_STEP][PASSED] - scrollToElement(findTestObject("APOLLO- Desktop/Home page/Featured blog posts/Featured Blog posts"), 0): Scroll to object 'Object Repository/APOLLO- Desktop/Home page/Featured blog posts/Featured Blog posts' successfully

2019-07-09 18:01:26 - [MESSAGE][WARNING] - Timeout '0' is invalid. Using default page load timeout: '30'

2019-07-09 18:01:26 - [MESSAGE][PASSED] - Scroll to object 'Object Repository/APOLLO- Desktop/Home page/Featured blog posts/Featured Blog posts' successfully

2019-07-09 18:01:26 - [TEST_STEP][PASSED] - delay(2): Delayed 2 second(s)

2019-07-09 18:01:28 - [MESSAGE][PASSED] - Delayed 2 second(s)

2019-07-09 18:01:28 - [TEST_STEP][PASSED] - mouseOver(findTestObject("APOLLO- Desktop/Home page/Featured blog posts/button_Next")): Object: 'Object Repository/APOLLO- Desktop/Home page/Featured blog posts/button_Next' is hovered

2019-07-09 18:01:28 - [MESSAGE][PASSED] - Object: 'Object Repository/APOLLO- Desktop/Home page/Featured blog posts/button_Next' is hovered

2019-07-09 18:01:28 - [TEST_STEP][PASSED] - delay(2): Delayed 2 second(s)

2019-07-09 18:01:30 - [MESSAGE][PASSED] - Delayed 2 second(s)

2019-07-09 18:01:30 - [TEST_STEP][PASSED] - click(findTestObject("APOLLO- Desktop/Home page/Featured blog posts/button_Next")): Object: 'Object Repository/APOLLO- Desktop/Home page/Featured blog posts/button_Next' is clicked on

2019-07-09 18:01:31 - [MESSAGE][PASSED] - Object: 'Object Repository/APOLLO- Desktop/Home page/Featured blog posts/button_Next' is clicked on

2019-07-09 18:01:31 - [TEST_STEP][PASSED] - delay(2): Delayed 2 second(s)

2019-07-09 18:01:33 - [MESSAGE][PASSED] - Delayed 2 second(s)

2019-07-09 18:01:33 - [TEST_STEP][PASSED] - click(findTestObject("APOLLO- Desktop/Home page/Featured blog posts/button_Previous")): Object: 'Object Repository/APOLLO- Desktop/Home page/Featured blog posts/button_Previous' is clicked on

2019-07-09 18:01:34 - [MESSAGE][PASSED] - Object: 'Object Repository/APOLLO- Desktop/Home page/Featured blog posts/button_Previous' is clicked on]]></system-out>
         <system-err><![CDATA[]]></system-err>
      </testcase>
      <testcase name="Test Cases/HOME PAGE/Featured collection" classname="Test Cases/HOME PAGE/Featured collection" status="PASSED">
         <system-out><![CDATA[2019-07-09 18:01:34 - [TEST_CASE][PASSED] - Test Cases/HOME PAGE/Featured collection: Test Cases/HOME PAGE/Featured collection

2019-07-09 18:01:34 - [TEST_STEP][PASSED] - callTestCase(findTestCase("CALL - URL"), [:], STOP_ON_FAILURE): Call Test Case 'Test Cases/CALL - URL' successfully

2019-07-09 18:01:34 - [TEST_CASE][PASSED] - Test Cases/CALL - URL: Test Cases/CALL - URL

2019-07-09 18:01:34 - [TEST_STEP][PASSED] - openBrowser(""): Browser is opened with url: ''

2019-07-09 18:01:34 - [MESSAGE][WARNING] - A browser is already opened. Closing browser and opening a new one

2019-07-09 18:01:36 - [MESSAGE][INFO] - Starting 'Remote' driver

2019-07-09 18:01:36 - [MESSAGE][INFO] - User set preference: ['os', 'Windows']

2019-07-09 18:01:36 - [MESSAGE][INFO] - User set preference: ['os_version', '10']

2019-07-09 18:01:36 - [MESSAGE][INFO] - User set preference: ['browser', 'Chrome']

2019-07-09 18:01:36 - [MESSAGE][INFO] - User set preference: ['browser_version', '75.0']

2019-07-09 18:01:36 - [MESSAGE][INFO] - User set preference: ['resolution', '1280x1024']

2019-07-09 18:01:36 - [MESSAGE][INFO] - User set preference: ['browserstack.local', 'false']

2019-07-09 18:01:36 - [MESSAGE][INFO] - Connecting to remote web server 'https://dianatest3:Z3oqw9ysqTeRQJq5wFCp@hub-cloud.browserstack.com/wd/hub' with type 'Selenium'

2019-07-09 18:01:49 - [MESSAGE][PASSED] - Browser is opened with url: ''

2019-07-09 18:01:49 - [TEST_STEP][PASSED] - navigateToUrl("https://apollo-fireball.myshopify.com/?_ab=0&_fd=0&_sc=1&key=96c2edace7b9967f3a77c2e2b131937136039831e9ec35f31598610005fa8795&preview_theme_id=46803124304"): Navigate to 'https://apollo-fireball.myshopify.com/?_ab=0&_fd=0&_sc=1&key=96c2edace7b9967f3a77c2e2b131937136039831e9ec35f31598610005fa8795&preview_theme_id=46803124304' successfully

2019-07-09 18:01:56 - [MESSAGE][PASSED] - Navigate to 'https://apollo-fireball.myshopify.com/?_ab=0&_fd=0&_sc=1&key=96c2edace7b9967f3a77c2e2b131937136039831e9ec35f31598610005fa8795&preview_theme_id=46803124304' successfully

2019-07-09 18:01:56 - [TEST_STEP][PASSED] - executeJavaScript("var previewBar = document.getElementById("preview-bar-iframe"); previewBar.style.display = "none";", []): Execute JavaScript 'var previewBar = document.getElementById("preview-bar-iframe"); previewBar.style.display = "none";' successfully

2019-07-09 18:01:56 - [MESSAGE][PASSED] - Execute JavaScript 'var previewBar = document.getElementById("preview-bar-iframe"); previewBar.style.display = "none";' successfully

2019-07-09 18:01:56 - [TEST_STEP][PASSED] - maximizeWindow(): Current window maximized

2019-07-09 18:01:58 - [MESSAGE][PASSED] - Current window maximized

2019-07-09 18:01:58 - [MESSAGE][PASSED] - Call Test Case 'Test Cases/CALL - URL' successfully

2019-07-09 18:01:58 - [TEST_STEP][PASSED] - delay(1): Delayed 1 second(s)

2019-07-09 18:01:59 - [MESSAGE][PASSED] - Delayed 1 second(s)

2019-07-09 18:01:59 - [TEST_STEP][PASSED] - scrollToElement(findTestObject("APOLLO- Desktop/Home page/Featured collection/Chicken"), 0): Scroll to object 'Object Repository/APOLLO- Desktop/Home page/Featured collection/Chicken' successfully

2019-07-09 18:01:59 - [MESSAGE][WARNING] - Timeout '0' is invalid. Using default page load timeout: '30'

2019-07-09 18:02:00 - [MESSAGE][PASSED] - Scroll to object 'Object Repository/APOLLO- Desktop/Home page/Featured collection/Chicken' successfully

2019-07-09 18:02:00 - [TEST_STEP][PASSED] - delay(1): Delayed 1 second(s)

2019-07-09 18:02:01 - [MESSAGE][PASSED] - Delayed 1 second(s)

2019-07-09 18:02:01 - [TEST_STEP][PASSED] - mouseOver(findTestObject("APOLLO- Desktop/Home page/Featured collection/Chicken")): Object: 'Object Repository/APOLLO- Desktop/Home page/Featured collection/Chicken' is hovered

2019-07-09 18:02:01 - [MESSAGE][PASSED] - Object: 'Object Repository/APOLLO- Desktop/Home page/Featured collection/Chicken' is hovered

2019-07-09 18:02:01 - [TEST_STEP][PASSED] - delay(1): Delayed 1 second(s)

2019-07-09 18:02:02 - [MESSAGE][PASSED] - Delayed 1 second(s)

2019-07-09 18:02:02 - [TEST_STEP][PASSED] - click(findTestObject("APOLLO- Desktop/Home page/Featured collection/Chicken - Shop collection")): Object: 'Object Repository/APOLLO- Desktop/Home page/Featured collection/Chicken - Shop collection' is clicked on

2019-07-09 18:02:04 - [MESSAGE][PASSED] - Object: 'Object Repository/APOLLO- Desktop/Home page/Featured collection/Chicken - Shop collection' is clicked on

2019-07-09 18:02:04 - [TEST_STEP][PASSED] - delay(1): Delayed 1 second(s)

2019-07-09 18:02:05 - [MESSAGE][PASSED] - Delayed 1 second(s)

2019-07-09 18:02:05 - [TEST_STEP][PASSED] - click(findTestObject("APOLLO- Desktop/Home page/Hero banner - CTA/Apollo icon")): Object: 'Object Repository/APOLLO- Desktop/Home page/Hero banner - CTA/Apollo icon' is clicked on

2019-07-09 18:02:09 - [MESSAGE][PASSED] - Object: 'Object Repository/APOLLO- Desktop/Home page/Hero banner - CTA/Apollo icon' is clicked on

2019-07-09 18:02:09 - [TEST_STEP][NOT_RUN] - executeJavaScript("var previewBar = document.getElementById("preview-bar-iframe"); previewBar.style.display = "none";", []): NOT_RUN: executeJavaScript("var previewBar = document.getElementById("preview-bar-iframe"); previewBar.style.display = "none";", [])

2019-07-09 18:02:09 - [MESSAGE][NOT_RUN] - NOT_RUN: executeJavaScript("var previewBar = document.getElementById("preview-bar-iframe"); previewBar.style.display = "none";", [])

2019-07-09 18:02:09 - [TEST_STEP][PASSED] - delay(1): Delayed 1 second(s)

2019-07-09 18:02:10 - [MESSAGE][PASSED] - Delayed 1 second(s)

2019-07-09 18:02:10 - [TEST_STEP][PASSED] - scrollToElement(findTestObject("APOLLO- Desktop/Home page/Featured collection/Salads"), 0): Scroll to object 'Object Repository/APOLLO- Desktop/Home page/Featured collection/Salads' successfully

2019-07-09 18:02:10 - [MESSAGE][WARNING] - Timeout '0' is invalid. Using default page load timeout: '30'

2019-07-09 18:02:10 - [MESSAGE][PASSED] - Scroll to object 'Object Repository/APOLLO- Desktop/Home page/Featured collection/Salads' successfully

2019-07-09 18:02:10 - [TEST_STEP][PASSED] - delay(1): Delayed 1 second(s)

2019-07-09 18:02:11 - [MESSAGE][PASSED] - Delayed 1 second(s)

2019-07-09 18:02:11 - [TEST_STEP][PASSED] - mouseOver(findTestObject("APOLLO- Desktop/Home page/Featured collection/Salads")): Object: 'Object Repository/APOLLO- Desktop/Home page/Featured collection/Salads' is hovered

2019-07-09 18:02:12 - [MESSAGE][PASSED] - Object: 'Object Repository/APOLLO- Desktop/Home page/Featured collection/Salads' is hovered

2019-07-09 18:02:12 - [TEST_STEP][PASSED] - delay(1): Delayed 1 second(s)

2019-07-09 18:02:13 - [MESSAGE][PASSED] - Delayed 1 second(s)

2019-07-09 18:02:13 - [TEST_STEP][PASSED] - click(findTestObject("APOLLO- Desktop/Home page/Featured collection/Salads - Shop collection")): Object: 'Object Repository/APOLLO- Desktop/Home page/Featured collection/Salads - Shop collection' is clicked on

2019-07-09 18:02:14 - [MESSAGE][PASSED] - Object: 'Object Repository/APOLLO- Desktop/Home page/Featured collection/Salads - Shop collection' is clicked on

2019-07-09 18:02:14 - [TEST_STEP][PASSED] - delay(1): Delayed 1 second(s)

2019-07-09 18:02:15 - [MESSAGE][PASSED] - Delayed 1 second(s)

2019-07-09 18:02:15 - [TEST_STEP][PASSED] - click(findTestObject("APOLLO- Desktop/Home page/Hero banner - CTA/Apollo icon")): Object: 'Object Repository/APOLLO- Desktop/Home page/Hero banner - CTA/Apollo icon' is clicked on

2019-07-09 18:02:19 - [MESSAGE][PASSED] - Object: 'Object Repository/APOLLO- Desktop/Home page/Hero banner - CTA/Apollo icon' is clicked on

2019-07-09 18:02:19 - [TEST_STEP][NOT_RUN] - executeJavaScript("var previewBar = document.getElementById("preview-bar-iframe"); previewBar.style.display = "none";", []): NOT_RUN: executeJavaScript("var previewBar = document.getElementById("preview-bar-iframe"); previewBar.style.display = "none";", [])

2019-07-09 18:02:19 - [MESSAGE][NOT_RUN] - NOT_RUN: executeJavaScript("var previewBar = document.getElementById("preview-bar-iframe"); previewBar.style.display = "none";", [])

2019-07-09 18:02:19 - [TEST_STEP][PASSED] - delay(1): Delayed 1 second(s)

2019-07-09 18:02:20 - [MESSAGE][PASSED] - Delayed 1 second(s)

2019-07-09 18:02:20 - [TEST_STEP][PASSED] - scrollToElement(findTestObject("APOLLO- Desktop/Home page/Collection - sides"), 0): Scroll to object 'Object Repository/APOLLO- Desktop/Home page/Collection - sides' successfully

2019-07-09 18:02:20 - [MESSAGE][WARNING] - Timeout '0' is invalid. Using default page load timeout: '30'

2019-07-09 18:02:21 - [MESSAGE][PASSED] - Scroll to object 'Object Repository/APOLLO- Desktop/Home page/Collection - sides' successfully

2019-07-09 18:02:21 - [TEST_STEP][PASSED] - delay(1): Delayed 1 second(s)

2019-07-09 18:02:22 - [MESSAGE][PASSED] - Delayed 1 second(s)

2019-07-09 18:02:22 - [TEST_STEP][PASSED] - mouseOver(findTestObject("APOLLO- Desktop/Home page/Collection - sides")): Object: 'Object Repository/APOLLO- Desktop/Home page/Collection - sides' is hovered

2019-07-09 18:02:22 - [MESSAGE][PASSED] - Object: 'Object Repository/APOLLO- Desktop/Home page/Collection - sides' is hovered

2019-07-09 18:02:22 - [TEST_STEP][PASSED] - delay(1): Delayed 1 second(s)

2019-07-09 18:02:23 - [MESSAGE][PASSED] - Delayed 1 second(s)

2019-07-09 18:02:23 - [TEST_STEP][PASSED] - click(findTestObject("APOLLO- Desktop/Home page/Sides - shop collection")): Object: 'Object Repository/APOLLO- Desktop/Home page/Sides - shop collection' is clicked on

2019-07-09 18:02:26 - [MESSAGE][PASSED] - Object: 'Object Repository/APOLLO- Desktop/Home page/Sides - shop collection' is clicked on

2019-07-09 18:02:26 - [TEST_STEP][PASSED] - delay(1): Delayed 1 second(s)

2019-07-09 18:02:27 - [MESSAGE][PASSED] - Delayed 1 second(s)

2019-07-09 18:02:27 - [TEST_STEP][PASSED] - click(findTestObject("APOLLO- Desktop/Home page/Hero banner - CTA/Apollo icon")): Object: 'Object Repository/APOLLO- Desktop/Home page/Hero banner - CTA/Apollo icon' is clicked on

2019-07-09 18:02:31 - [MESSAGE][PASSED] - Object: 'Object Repository/APOLLO- Desktop/Home page/Hero banner - CTA/Apollo icon' is clicked on

2019-07-09 18:02:31 - [TEST_STEP][NOT_RUN] - executeJavaScript("var previewBar = document.getElementById("preview-bar-iframe"); previewBar.style.display = "none";", []): NOT_RUN: executeJavaScript("var previewBar = document.getElementById("preview-bar-iframe"); previewBar.style.display = "none";", [])

2019-07-09 18:02:31 - [MESSAGE][NOT_RUN] - NOT_RUN: executeJavaScript("var previewBar = document.getElementById("preview-bar-iframe"); previewBar.style.display = "none";", [])

2019-07-09 18:02:31 - [TEST_STEP][PASSED] - delay(1): Delayed 1 second(s)

2019-07-09 18:02:32 - [MESSAGE][PASSED] - Delayed 1 second(s)

2019-07-09 18:02:32 - [TEST_STEP][PASSED] - scrollToElement(findTestObject("APOLLO- Desktop/Home page/Featured collection/Meals"), 0): Scroll to object 'Object Repository/APOLLO- Desktop/Home page/Featured collection/Meals' successfully

2019-07-09 18:02:32 - [MESSAGE][WARNING] - Timeout '0' is invalid. Using default page load timeout: '30'

2019-07-09 18:02:33 - [MESSAGE][PASSED] - Scroll to object 'Object Repository/APOLLO- Desktop/Home page/Featured collection/Meals' successfully

2019-07-09 18:02:33 - [TEST_STEP][PASSED] - delay(1): Delayed 1 second(s)

2019-07-09 18:02:34 - [MESSAGE][PASSED] - Delayed 1 second(s)

2019-07-09 18:02:34 - [TEST_STEP][PASSED] - mouseOver(findTestObject("APOLLO- Desktop/Home page/Featured collection/Meals")): Object: 'Object Repository/APOLLO- Desktop/Home page/Featured collection/Meals' is hovered

2019-07-09 18:02:34 - [MESSAGE][PASSED] - Object: 'Object Repository/APOLLO- Desktop/Home page/Featured collection/Meals' is hovered

2019-07-09 18:02:34 - [TEST_STEP][PASSED] - delay(1): Delayed 1 second(s)

2019-07-09 18:02:35 - [MESSAGE][PASSED] - Delayed 1 second(s)

2019-07-09 18:02:35 - [TEST_STEP][PASSED] - click(findTestObject("APOLLO- Desktop/Home page/Featured collection/Meals - Shop collection")): Object: 'Object Repository/APOLLO- Desktop/Home page/Featured collection/Meals - Shop collection' is clicked on

2019-07-09 18:02:38 - [MESSAGE][PASSED] - Object: 'Object Repository/APOLLO- Desktop/Home page/Featured collection/Meals - Shop collection' is clicked on

2019-07-09 18:02:38 - [TEST_STEP][PASSED] - delay(1): Delayed 1 second(s)

2019-07-09 18:02:39 - [MESSAGE][PASSED] - Delayed 1 second(s)

2019-07-09 18:02:39 - [TEST_STEP][PASSED] - click(findTestObject("APOLLO- Desktop/Home page/Hero banner - CTA/Apollo icon")): Object: 'Object Repository/APOLLO- Desktop/Home page/Hero banner - CTA/Apollo icon' is clicked on

2019-07-09 18:02:42 - [MESSAGE][PASSED] - Object: 'Object Repository/APOLLO- Desktop/Home page/Hero banner - CTA/Apollo icon' is clicked on

2019-07-09 18:02:42 - [TEST_STEP][NOT_RUN] - executeJavaScript("var previewBar = document.getElementById("preview-bar-iframe"); previewBar.style.display = "none";", []): NOT_RUN: executeJavaScript("var previewBar = document.getElementById("preview-bar-iframe"); previewBar.style.display = "none";", [])

2019-07-09 18:02:42 - [MESSAGE][NOT_RUN] - NOT_RUN: executeJavaScript("var previewBar = document.getElementById("preview-bar-iframe"); previewBar.style.display = "none";", [])

2019-07-09 18:02:42 - [TEST_STEP][PASSED] - delay(1): Delayed 1 second(s)

2019-07-09 18:02:43 - [MESSAGE][PASSED] - Delayed 1 second(s)

2019-07-09 18:02:43 - [TEST_STEP][PASSED] - scrollToElement(findTestObject("APOLLO- Desktop/Home page/Featured collection/healthy"), 0): Scroll to object 'Object Repository/APOLLO- Desktop/Home page/Featured collection/healthy' successfully

2019-07-09 18:02:43 - [MESSAGE][WARNING] - Timeout '0' is invalid. Using default page load timeout: '30'

2019-07-09 18:02:43 - [MESSAGE][PASSED] - Scroll to object 'Object Repository/APOLLO- Desktop/Home page/Featured collection/healthy' successfully

2019-07-09 18:02:43 - [TEST_STEP][PASSED] - delay(1): Delayed 1 second(s)

2019-07-09 18:02:44 - [MESSAGE][PASSED] - Delayed 1 second(s)

2019-07-09 18:02:44 - [TEST_STEP][PASSED] - mouseOver(findTestObject("APOLLO- Desktop/Home page/Featured collection/healthy")): Object: 'Object Repository/APOLLO- Desktop/Home page/Featured collection/healthy' is hovered

2019-07-09 18:02:45 - [MESSAGE][PASSED] - Object: 'Object Repository/APOLLO- Desktop/Home page/Featured collection/healthy' is hovered

2019-07-09 18:02:45 - [TEST_STEP][PASSED] - delay(1): Delayed 1 second(s)

2019-07-09 18:02:46 - [MESSAGE][PASSED] - Delayed 1 second(s)

2019-07-09 18:02:46 - [TEST_STEP][PASSED] - click(findTestObject("APOLLO- Desktop/Home page/Featured collection/Healthy - shop collection")): Object: 'Object Repository/APOLLO- Desktop/Home page/Featured collection/Healthy - shop collection' is clicked on

2019-07-09 18:02:47 - [MESSAGE][PASSED] - Object: 'Object Repository/APOLLO- Desktop/Home page/Featured collection/Healthy - shop collection' is clicked on

2019-07-09 18:02:47 - [TEST_STEP][PASSED] - delay(1): Delayed 1 second(s)

2019-07-09 18:02:48 - [MESSAGE][PASSED] - Delayed 1 second(s)

2019-07-09 18:02:48 - [TEST_STEP][PASSED] - click(findTestObject("APOLLO- Desktop/Home page/Hero banner - CTA/Apollo icon")): Object: 'Object Repository/APOLLO- Desktop/Home page/Hero banner - CTA/Apollo icon' is clicked on

2019-07-09 18:02:52 - [MESSAGE][PASSED] - Object: 'Object Repository/APOLLO- Desktop/Home page/Hero banner - CTA/Apollo icon' is clicked on

2019-07-09 18:02:52 - [TEST_STEP][PASSED] - delay(1): Delayed 1 second(s)

2019-07-09 18:02:53 - [MESSAGE][PASSED] - Delayed 1 second(s)

2019-07-09 18:02:53 - [TEST_STEP][PASSED] - scrollToElement(findTestObject("APOLLO- Desktop/Home page/Featured collection/Lamb"), 0): Scroll to object 'Object Repository/APOLLO- Desktop/Home page/Featured collection/Lamb' successfully

2019-07-09 18:02:53 - [MESSAGE][WARNING] - Timeout '0' is invalid. Using default page load timeout: '30'

2019-07-09 18:02:53 - [MESSAGE][PASSED] - Scroll to object 'Object Repository/APOLLO- Desktop/Home page/Featured collection/Lamb' successfully

2019-07-09 18:02:53 - [TEST_STEP][PASSED] - delay(1): Delayed 1 second(s)

2019-07-09 18:02:54 - [MESSAGE][PASSED] - Delayed 1 second(s)

2019-07-09 18:02:54 - [TEST_STEP][PASSED] - mouseOver(findTestObject("APOLLO- Desktop/Home page/Featured collection/Lamb")): Object: 'Object Repository/APOLLO- Desktop/Home page/Featured collection/Lamb' is hovered

2019-07-09 18:02:54 - [MESSAGE][PASSED] - Object: 'Object Repository/APOLLO- Desktop/Home page/Featured collection/Lamb' is hovered

2019-07-09 18:02:54 - [TEST_STEP][PASSED] - delay(1): Delayed 1 second(s)

2019-07-09 18:02:55 - [MESSAGE][PASSED] - Delayed 1 second(s)

2019-07-09 18:02:55 - [TEST_STEP][PASSED] - click(findTestObject("APOLLO- Desktop/Home page/Featured collection/Lamb - shop collection")): Object: 'Object Repository/APOLLO- Desktop/Home page/Featured collection/Lamb - shop collection' is clicked on

2019-07-09 18:02:57 - [MESSAGE][PASSED] - Object: 'Object Repository/APOLLO- Desktop/Home page/Featured collection/Lamb - shop collection' is clicked on

2019-07-09 18:02:57 - [TEST_STEP][PASSED] - delay(1): Delayed 1 second(s)

2019-07-09 18:02:58 - [MESSAGE][PASSED] - Delayed 1 second(s)]]></system-out>
         <system-err><![CDATA[]]></system-err>
      </testcase>
      <testcase name="Test Cases/HOME PAGE/Footer" classname="Test Cases/HOME PAGE/Footer" status="PASSED">
         <system-out><![CDATA[2019-07-09 18:02:58 - [TEST_CASE][PASSED] - Test Cases/HOME PAGE/Footer: Test Cases/HOME PAGE/Footer

2019-07-09 18:02:59 - [TEST_STEP][PASSED] - callTestCase(findTestCase("CALL - URL"), [:], STOP_ON_FAILURE): Call Test Case 'Test Cases/CALL - URL' successfully

2019-07-09 18:02:59 - [TEST_CASE][PASSED] - Test Cases/CALL - URL: Test Cases/CALL - URL

2019-07-09 18:02:59 - [TEST_STEP][PASSED] - openBrowser(""): Browser is opened with url: ''

2019-07-09 18:02:59 - [MESSAGE][WARNING] - A browser is already opened. Closing browser and opening a new one

2019-07-09 18:03:00 - [MESSAGE][INFO] - Starting 'Remote' driver

2019-07-09 18:03:00 - [MESSAGE][INFO] - User set preference: ['os', 'Windows']

2019-07-09 18:03:00 - [MESSAGE][INFO] - User set preference: ['os_version', '10']

2019-07-09 18:03:00 - [MESSAGE][INFO] - User set preference: ['browser', 'Chrome']

2019-07-09 18:03:00 - [MESSAGE][INFO] - User set preference: ['browser_version', '75.0']

2019-07-09 18:03:00 - [MESSAGE][INFO] - User set preference: ['resolution', '1280x1024']

2019-07-09 18:03:00 - [MESSAGE][INFO] - User set preference: ['browserstack.local', 'false']

2019-07-09 18:03:00 - [MESSAGE][INFO] - Connecting to remote web server 'https://dianatest3:Z3oqw9ysqTeRQJq5wFCp@hub-cloud.browserstack.com/wd/hub' with type 'Selenium'

2019-07-09 18:03:11 - [MESSAGE][PASSED] - Browser is opened with url: ''

2019-07-09 18:03:11 - [TEST_STEP][PASSED] - navigateToUrl("https://apollo-fireball.myshopify.com/?_ab=0&_fd=0&_sc=1&key=96c2edace7b9967f3a77c2e2b131937136039831e9ec35f31598610005fa8795&preview_theme_id=46803124304"): Navigate to 'https://apollo-fireball.myshopify.com/?_ab=0&_fd=0&_sc=1&key=96c2edace7b9967f3a77c2e2b131937136039831e9ec35f31598610005fa8795&preview_theme_id=46803124304' successfully

2019-07-09 18:03:17 - [MESSAGE][PASSED] - Navigate to 'https://apollo-fireball.myshopify.com/?_ab=0&_fd=0&_sc=1&key=96c2edace7b9967f3a77c2e2b131937136039831e9ec35f31598610005fa8795&preview_theme_id=46803124304' successfully

2019-07-09 18:03:17 - [TEST_STEP][PASSED] - executeJavaScript("var previewBar = document.getElementById("preview-bar-iframe"); previewBar.style.display = "none";", []): Execute JavaScript 'var previewBar = document.getElementById("preview-bar-iframe"); previewBar.style.display = "none";' successfully

2019-07-09 18:03:17 - [MESSAGE][PASSED] - Execute JavaScript 'var previewBar = document.getElementById("preview-bar-iframe"); previewBar.style.display = "none";' successfully

2019-07-09 18:03:17 - [TEST_STEP][PASSED] - maximizeWindow(): Current window maximized

2019-07-09 18:03:19 - [MESSAGE][PASSED] - Current window maximized

2019-07-09 18:03:19 - [MESSAGE][PASSED] - Call Test Case 'Test Cases/CALL - URL' successfully

2019-07-09 18:03:19 - [TEST_STEP][PASSED] - delay(2): Delayed 2 second(s)

2019-07-09 18:03:21 - [MESSAGE][PASSED] - Delayed 2 second(s)

2019-07-09 18:03:21 - [TEST_STEP][PASSED] - scrollToElement(findTestObject("APOLLO- Desktop/Home page/Footer/Social icons position"), 0): Scroll to object 'Object Repository/APOLLO- Desktop/Home page/Footer/Social icons position' successfully

2019-07-09 18:03:21 - [MESSAGE][WARNING] - Timeout '0' is invalid. Using default page load timeout: '30'

2019-07-09 18:03:21 - [MESSAGE][PASSED] - Scroll to object 'Object Repository/APOLLO- Desktop/Home page/Footer/Social icons position' successfully

2019-07-09 18:03:21 - [TEST_STEP][PASSED] - delay(2): Delayed 2 second(s)

2019-07-09 18:03:23 - [MESSAGE][PASSED] - Delayed 2 second(s)

2019-07-09 18:03:23 - [TEST_STEP][PASSED] - click(findTestObject("APOLLO- Desktop/Home page/Footer/facebook icon")): Object: 'Object Repository/APOLLO- Desktop/Home page/Footer/facebook icon' is clicked on

2019-07-09 18:03:24 - [MESSAGE][PASSED] - Object: 'Object Repository/APOLLO- Desktop/Home page/Footer/facebook icon' is clicked on

2019-07-09 18:03:24 - [TEST_STEP][PASSED] - delay(2): Delayed 2 second(s)

2019-07-09 18:03:26 - [MESSAGE][PASSED] - Delayed 2 second(s)

2019-07-09 18:03:26 - [TEST_STEP][PASSED] - click(findTestObject("APOLLO- Desktop/Home page/Footer/Twitter icon")): Object: 'Object Repository/APOLLO- Desktop/Home page/Footer/Twitter icon' is clicked on

2019-07-09 18:03:38 - [MESSAGE][PASSED] - Object: 'Object Repository/APOLLO- Desktop/Home page/Footer/Twitter icon' is clicked on

2019-07-09 18:03:38 - [TEST_STEP][PASSED] - delay(2): Delayed 2 second(s)

2019-07-09 18:03:40 - [MESSAGE][PASSED] - Delayed 2 second(s)

2019-07-09 18:03:40 - [TEST_STEP][PASSED] - click(findTestObject("APOLLO- Desktop/Home page/Footer/Instagram icon")): Object: 'Object Repository/APOLLO- Desktop/Home page/Footer/Instagram icon' is clicked on

2019-07-09 18:03:46 - [MESSAGE][PASSED] - Object: 'Object Repository/APOLLO- Desktop/Home page/Footer/Instagram icon' is clicked on

2019-07-09 18:03:46 - [TEST_STEP][PASSED] - delay(2): Delayed 2 second(s)

2019-07-09 18:03:48 - [MESSAGE][PASSED] - Delayed 2 second(s)

2019-07-09 18:03:48 - [TEST_STEP][PASSED] - click(findTestObject("APOLLO- Desktop/Home page/Footer/Pintrest")): Object: 'Object Repository/APOLLO- Desktop/Home page/Footer/Pintrest' is clicked on

2019-07-09 18:03:54 - [MESSAGE][PASSED] - Object: 'Object Repository/APOLLO- Desktop/Home page/Footer/Pintrest' is clicked on

2019-07-09 18:03:54 - [TEST_STEP][PASSED] - delay(2): Delayed 2 second(s)

2019-07-09 18:03:56 - [MESSAGE][PASSED] - Delayed 2 second(s)

2019-07-09 18:03:56 - [TEST_STEP][PASSED] - click(findTestObject("APOLLO- Desktop/Home page/Footer/div_Shop")): Object: 'Object Repository/APOLLO- Desktop/Home page/Footer/div_Shop' is clicked on

2019-07-09 18:04:02 - [MESSAGE][PASSED] - Object: 'Object Repository/APOLLO- Desktop/Home page/Footer/div_Shop' is clicked on

2019-07-09 18:04:02 - [TEST_STEP][PASSED] - executeJavaScript("var previewBar = document.getElementById("preview-bar-iframe"); previewBar.style.display = "none";", []): Execute JavaScript 'var previewBar = document.getElementById("preview-bar-iframe"); previewBar.style.display = "none";' successfully

2019-07-09 18:04:02 - [MESSAGE][PASSED] - Execute JavaScript 'var previewBar = document.getElementById("preview-bar-iframe"); previewBar.style.display = "none";' successfully

2019-07-09 18:04:02 - [TEST_STEP][PASSED] - click(findTestObject("APOLLO- Desktop/Home page/Footer/About us")): Object: 'Object Repository/APOLLO- Desktop/Home page/Footer/About us' is clicked on

2019-07-09 18:04:09 - [MESSAGE][PASSED] - Object: 'Object Repository/APOLLO- Desktop/Home page/Footer/About us' is clicked on

2019-07-09 18:04:09 - [TEST_STEP][PASSED] - delay(2): Delayed 2 second(s)

2019-07-09 18:04:11 - [MESSAGE][PASSED] - Delayed 2 second(s)

2019-07-09 18:04:11 - [TEST_STEP][PASSED] - executeJavaScript("var previewBar = document.getElementById("preview-bar-iframe"); previewBar.style.display = "none";", []): Execute JavaScript 'var previewBar = document.getElementById("preview-bar-iframe"); previewBar.style.display = "none";' successfully

2019-07-09 18:04:11 - [MESSAGE][PASSED] - Execute JavaScript 'var previewBar = document.getElementById("preview-bar-iframe"); previewBar.style.display = "none";' successfully

2019-07-09 18:04:11 - [TEST_STEP][PASSED] - delay(2): Delayed 2 second(s)

2019-07-09 18:04:13 - [MESSAGE][PASSED] - Delayed 2 second(s)

2019-07-09 18:04:13 - [TEST_STEP][PASSED] - click(findTestObject("APOLLO- Desktop/Home page/Footer/Blog")): Object: 'Object Repository/APOLLO- Desktop/Home page/Footer/Blog' is clicked on

2019-07-09 18:04:20 - [MESSAGE][PASSED] - Object: 'Object Repository/APOLLO- Desktop/Home page/Footer/Blog' is clicked on

2019-07-09 18:04:20 - [TEST_STEP][PASSED] - delay(2): Delayed 2 second(s)

2019-07-09 18:04:22 - [MESSAGE][PASSED] - Delayed 2 second(s)

2019-07-09 18:04:22 - [TEST_STEP][PASSED] - executeJavaScript("var previewBar = document.getElementById("preview-bar-iframe"); previewBar.style.display = "none";", []): Execute JavaScript 'var previewBar = document.getElementById("preview-bar-iframe"); previewBar.style.display = "none";' successfully

2019-07-09 18:04:22 - [MESSAGE][PASSED] - Execute JavaScript 'var previewBar = document.getElementById("preview-bar-iframe"); previewBar.style.display = "none";' successfully

2019-07-09 18:04:22 - [TEST_STEP][PASSED] - delay(2): Delayed 2 second(s)

2019-07-09 18:04:24 - [MESSAGE][PASSED] - Delayed 2 second(s)

2019-07-09 18:04:24 - [TEST_STEP][PASSED] - click(findTestObject("APOLLO- Desktop/Home page/Footer/Support")): Object: 'Object Repository/APOLLO- Desktop/Home page/Footer/Support' is clicked on

2019-07-09 18:04:31 - [MESSAGE][PASSED] - Object: 'Object Repository/APOLLO- Desktop/Home page/Footer/Support' is clicked on

2019-07-09 18:04:31 - [TEST_STEP][PASSED] - delay(2): Delayed 2 second(s)

2019-07-09 18:04:33 - [MESSAGE][PASSED] - Delayed 2 second(s)

2019-07-09 18:04:33 - [TEST_STEP][PASSED] - executeJavaScript("var previewBar = document.getElementById("preview-bar-iframe"); previewBar.style.display = "none";", []): Execute JavaScript 'var previewBar = document.getElementById("preview-bar-iframe"); previewBar.style.display = "none";' successfully

2019-07-09 18:04:33 - [MESSAGE][PASSED] - Execute JavaScript 'var previewBar = document.getElementById("preview-bar-iframe"); previewBar.style.display = "none";' successfully

2019-07-09 18:04:33 - [TEST_STEP][PASSED] - delay(2): Delayed 2 second(s)

2019-07-09 18:04:35 - [MESSAGE][PASSED] - Delayed 2 second(s)

2019-07-09 18:04:35 - [TEST_STEP][PASSED] - click(findTestObject("APOLLO- Desktop/Home page/Footer/a_Contact Us")): Object: 'Object Repository/APOLLO- Desktop/Home page/Footer/a_Contact Us' is clicked on

2019-07-09 18:04:41 - [MESSAGE][PASSED] - Object: 'Object Repository/APOLLO- Desktop/Home page/Footer/a_Contact Us' is clicked on]]></system-out>
         <system-err><![CDATA[]]></system-err>
      </testcase>
      <testcase name="Test Cases/HOME PAGE/Cart flyout opening" classname="Test Cases/HOME PAGE/Cart flyout opening" status="PASSED">
         <system-out><![CDATA[2019-07-09 18:04:41 - [TEST_CASE][PASSED] - Test Cases/HOME PAGE/Cart flyout opening: Test Cases/HOME PAGE/Cart flyout opening

2019-07-09 18:04:41 - [TEST_STEP][PASSED] - callTestCase(findTestCase("CALL - URL"), [:], STOP_ON_FAILURE): Call Test Case 'Test Cases/CALL - URL' successfully

2019-07-09 18:04:41 - [TEST_CASE][PASSED] - Test Cases/CALL - URL: Test Cases/CALL - URL

2019-07-09 18:04:41 - [TEST_STEP][PASSED] - openBrowser(""): Browser is opened with url: ''

2019-07-09 18:04:41 - [MESSAGE][WARNING] - A browser is already opened. Closing browser and opening a new one

2019-07-09 18:04:43 - [MESSAGE][INFO] - Starting 'Remote' driver

2019-07-09 18:04:43 - [MESSAGE][INFO] - User set preference: ['os', 'Windows']

2019-07-09 18:04:43 - [MESSAGE][INFO] - User set preference: ['os_version', '10']

2019-07-09 18:04:43 - [MESSAGE][INFO] - User set preference: ['browser', 'Chrome']

2019-07-09 18:04:43 - [MESSAGE][INFO] - User set preference: ['browser_version', '75.0']

2019-07-09 18:04:43 - [MESSAGE][INFO] - User set preference: ['resolution', '1280x1024']

2019-07-09 18:04:43 - [MESSAGE][INFO] - User set preference: ['browserstack.local', 'false']

2019-07-09 18:04:43 - [MESSAGE][INFO] - Connecting to remote web server 'https://dianatest3:Z3oqw9ysqTeRQJq5wFCp@hub-cloud.browserstack.com/wd/hub' with type 'Selenium'

2019-07-09 18:04:50 - [MESSAGE][PASSED] - Browser is opened with url: ''

2019-07-09 18:04:50 - [TEST_STEP][PASSED] - navigateToUrl("https://apollo-fireball.myshopify.com/?_ab=0&_fd=0&_sc=1&key=96c2edace7b9967f3a77c2e2b131937136039831e9ec35f31598610005fa8795&preview_theme_id=46803124304"): Navigate to 'https://apollo-fireball.myshopify.com/?_ab=0&_fd=0&_sc=1&key=96c2edace7b9967f3a77c2e2b131937136039831e9ec35f31598610005fa8795&preview_theme_id=46803124304' successfully

2019-07-09 18:05:01 - [MESSAGE][PASSED] - Navigate to 'https://apollo-fireball.myshopify.com/?_ab=0&_fd=0&_sc=1&key=96c2edace7b9967f3a77c2e2b131937136039831e9ec35f31598610005fa8795&preview_theme_id=46803124304' successfully

2019-07-09 18:05:01 - [TEST_STEP][PASSED] - executeJavaScript("var previewBar = document.getElementById("preview-bar-iframe"); previewBar.style.display = "none";", []): Execute JavaScript 'var previewBar = document.getElementById("preview-bar-iframe"); previewBar.style.display = "none";' successfully

2019-07-09 18:05:01 - [MESSAGE][PASSED] - Execute JavaScript 'var previewBar = document.getElementById("preview-bar-iframe"); previewBar.style.display = "none";' successfully

2019-07-09 18:05:01 - [TEST_STEP][PASSED] - maximizeWindow(): Current window maximized

2019-07-09 18:05:03 - [MESSAGE][PASSED] - Current window maximized

2019-07-09 18:05:03 - [MESSAGE][PASSED] - Call Test Case 'Test Cases/CALL - URL' successfully

2019-07-09 18:05:03 - [TEST_STEP][PASSED] - delay(2): Delayed 2 second(s)

2019-07-09 18:05:05 - [MESSAGE][PASSED] - Delayed 2 second(s)

2019-07-09 18:05:05 - [TEST_STEP][PASSED] - click(findTestObject("APOLLO- Desktop/Home page/cart icon open")): Object: 'Object Repository/APOLLO- Desktop/Home page/cart icon open' is clicked on

2019-07-09 18:05:06 - [MESSAGE][PASSED] - Object: 'Object Repository/APOLLO- Desktop/Home page/cart icon open' is clicked on

2019-07-09 18:05:06 - [TEST_STEP][PASSED] - flag = verifyTextPresent("Your bag", false): Text 'Your bag' is present on page 

2019-07-09 18:05:08 - [MESSAGE][PASSED] - Text 'Your bag' is present on page 

2019-07-09 18:05:08 - [TEST_STEP][PASSED] - delay(2): Delayed 2 second(s)

2019-07-09 18:05:10 - [MESSAGE][PASSED] - Delayed 2 second(s)

2019-07-09 18:05:10 - [TEST_STEP][PASSED] - comment("flag=" + flag): flag=true

2019-07-09 18:05:10 - [MESSAGE][INFO] - flag=true

2019-07-09 18:05:10 - [TEST_STEP][PASSED] - if (flag == true): Delayed 2 second(s)

2019-07-09 18:05:10 - [TEST_STEP][PASSED] - comment(" cart flyout opened"):  cart flyout opened

2019-07-09 18:05:10 - [MESSAGE][INFO] -  cart flyout opened

2019-07-09 18:05:10 - [TEST_STEP][PASSED] - delay(2): Delayed 2 second(s)

2019-07-09 18:05:12 - [MESSAGE][PASSED] - Delayed 2 second(s)

2019-07-09 18:05:12 - [TEST_STEP][PASSED] - click(findTestObject("APOLLO- Desktop/Cart flyout/Cart collapse")): Object: 'Object Repository/APOLLO- Desktop/Cart flyout/Cart collapse' is clicked on

2019-07-09 18:05:13 - [MESSAGE][PASSED] - Object: 'Object Repository/APOLLO- Desktop/Cart flyout/Cart collapse' is clicked on

2019-07-09 18:05:13 - [TEST_STEP][PASSED] - delay(2): Delayed 2 second(s)

2019-07-09 18:05:15 - [MESSAGE][PASSED] - Delayed 2 second(s)

2019-07-09 18:05:15 - [TEST_STEP][PASSED] - flag1 = verifyTextNotPresent("Your bag", false): Text 'Your bag' is not present on page

2019-07-09 18:05:16 - [MESSAGE][PASSED] - Text 'Your bag' is not present on page

2019-07-09 18:05:16 - [TEST_STEP][PASSED] - comment("flag1=" + flag1): flag1=true

2019-07-09 18:05:16 - [MESSAGE][INFO] - flag1=true

2019-07-09 18:05:16 - [TEST_STEP][PASSED] - if (flag1 == true):  cart flyout closed

2019-07-09 18:05:16 - [TEST_STEP][PASSED] - comment(" cart flyout closed"):  cart flyout closed

2019-07-09 18:05:16 - [MESSAGE][INFO] -  cart flyout closed]]></system-out>
         <system-err><![CDATA[]]></system-err>
      </testcase>
      <testcase name="Test Cases/HOME PAGE/Popular products" classname="Test Cases/HOME PAGE/Popular products" status="PASSED">
         <system-out><![CDATA[2019-07-09 18:05:16 - [TEST_CASE][PASSED] - Test Cases/HOME PAGE/Popular products: Test Cases/HOME PAGE/Popular products

2019-07-09 18:05:16 - [TEST_STEP][PASSED] - callTestCase(findTestCase("CALL - URL"), [:], STOP_ON_FAILURE): Call Test Case 'Test Cases/CALL - URL' successfully

2019-07-09 18:05:16 - [TEST_CASE][PASSED] - Test Cases/CALL - URL: Test Cases/CALL - URL

2019-07-09 18:05:16 - [TEST_STEP][PASSED] - openBrowser(""): Browser is opened with url: ''

2019-07-09 18:05:16 - [MESSAGE][WARNING] - A browser is already opened. Closing browser and opening a new one

2019-07-09 18:05:18 - [MESSAGE][INFO] - Starting 'Remote' driver

2019-07-09 18:05:18 - [MESSAGE][INFO] - User set preference: ['os', 'Windows']

2019-07-09 18:05:18 - [MESSAGE][INFO] - User set preference: ['os_version', '10']

2019-07-09 18:05:18 - [MESSAGE][INFO] - User set preference: ['browser', 'Chrome']

2019-07-09 18:05:18 - [MESSAGE][INFO] - User set preference: ['browser_version', '75.0']

2019-07-09 18:05:18 - [MESSAGE][INFO] - User set preference: ['resolution', '1280x1024']

2019-07-09 18:05:18 - [MESSAGE][INFO] - User set preference: ['browserstack.local', 'false']

2019-07-09 18:05:18 - [MESSAGE][INFO] - Connecting to remote web server 'https://dianatest3:Z3oqw9ysqTeRQJq5wFCp@hub-cloud.browserstack.com/wd/hub' with type 'Selenium'

2019-07-09 18:05:30 - [MESSAGE][PASSED] - Browser is opened with url: ''

2019-07-09 18:05:30 - [TEST_STEP][PASSED] - navigateToUrl("https://apollo-fireball.myshopify.com/?_ab=0&_fd=0&_sc=1&key=96c2edace7b9967f3a77c2e2b131937136039831e9ec35f31598610005fa8795&preview_theme_id=46803124304"): Navigate to 'https://apollo-fireball.myshopify.com/?_ab=0&_fd=0&_sc=1&key=96c2edace7b9967f3a77c2e2b131937136039831e9ec35f31598610005fa8795&preview_theme_id=46803124304' successfully

2019-07-09 18:05:36 - [MESSAGE][PASSED] - Navigate to 'https://apollo-fireball.myshopify.com/?_ab=0&_fd=0&_sc=1&key=96c2edace7b9967f3a77c2e2b131937136039831e9ec35f31598610005fa8795&preview_theme_id=46803124304' successfully

2019-07-09 18:05:36 - [TEST_STEP][PASSED] - executeJavaScript("var previewBar = document.getElementById("preview-bar-iframe"); previewBar.style.display = "none";", []): Execute JavaScript 'var previewBar = document.getElementById("preview-bar-iframe"); previewBar.style.display = "none";' successfully

2019-07-09 18:05:37 - [MESSAGE][PASSED] - Execute JavaScript 'var previewBar = document.getElementById("preview-bar-iframe"); previewBar.style.display = "none";' successfully

2019-07-09 18:05:37 - [TEST_STEP][PASSED] - maximizeWindow(): Current window maximized

2019-07-09 18:05:39 - [MESSAGE][PASSED] - Current window maximized

2019-07-09 18:05:39 - [MESSAGE][PASSED] - Call Test Case 'Test Cases/CALL - URL' successfully

2019-07-09 18:05:39 - [TEST_STEP][PASSED] - delay(2): Delayed 2 second(s)

2019-07-09 18:05:41 - [MESSAGE][PASSED] - Delayed 2 second(s)

2019-07-09 18:05:41 - [TEST_STEP][PASSED] - scrollToElement(findTestObject("APOLLO- Desktop/Home page/Popular products/Popular products tile"), 0): Scroll to object 'Object Repository/APOLLO- Desktop/Home page/Popular products/Popular products tile' successfully

2019-07-09 18:05:41 - [MESSAGE][WARNING] - Timeout '0' is invalid. Using default page load timeout: '30'

2019-07-09 18:05:41 - [MESSAGE][PASSED] - Scroll to object 'Object Repository/APOLLO- Desktop/Home page/Popular products/Popular products tile' successfully

2019-07-09 18:05:41 - [TEST_STEP][PASSED] - delay(2): Delayed 2 second(s)

2019-07-09 18:05:43 - [MESSAGE][PASSED] - Delayed 2 second(s)

2019-07-09 18:05:43 - [TEST_STEP][PASSED] - click(findTestObject("APOLLO- Desktop/Home page/Popular products/Popular products tile - chicken slider")): Object: 'Object Repository/APOLLO- Desktop/Home page/Popular products/Popular products tile - chicken slider' is clicked on

2019-07-09 18:05:46 - [MESSAGE][PASSED] - Object: 'Object Repository/APOLLO- Desktop/Home page/Popular products/Popular products tile - chicken slider' is clicked on

2019-07-09 18:05:46 - [TEST_STEP][PASSED] - delay(2): Delayed 2 second(s)

2019-07-09 18:05:48 - [MESSAGE][PASSED] - Delayed 2 second(s)

2019-07-09 18:05:48 - [TEST_STEP][PASSED] - click(findTestObject("APOLLO- Desktop/Home page/Popular products/first product- women")): Object: 'Object Repository/APOLLO- Desktop/Home page/Popular products/first product- women' is clicked on

2019-07-09 18:05:51 - [MESSAGE][PASSED] - Object: 'Object Repository/APOLLO- Desktop/Home page/Popular products/first product- women' is clicked on

2019-07-09 18:05:51 - [TEST_STEP][PASSED] - delay(2): Delayed 2 second(s)

2019-07-09 18:05:53 - [MESSAGE][PASSED] - Delayed 2 second(s)

2019-07-09 18:05:53 - [TEST_STEP][PASSED] - click(findTestObject("APOLLO- Desktop/Home page/Hero banner - CTA/Apollo icon")): Object: 'Object Repository/APOLLO- Desktop/Home page/Hero banner - CTA/Apollo icon' is clicked on

2019-07-09 18:05:58 - [MESSAGE][PASSED] - Object: 'Object Repository/APOLLO- Desktop/Home page/Hero banner - CTA/Apollo icon' is clicked on

2019-07-09 18:05:58 - [TEST_STEP][PASSED] - delay(2): Delayed 2 second(s)

2019-07-09 18:06:00 - [MESSAGE][PASSED] - Delayed 2 second(s)

2019-07-09 18:06:00 - [TEST_STEP][PASSED] - scrollToElement(findTestObject("APOLLO- Desktop/Home page/Popular products/Popular products tile"), 0): Scroll to object 'Object Repository/APOLLO- Desktop/Home page/Popular products/Popular products tile' successfully

2019-07-09 18:06:00 - [MESSAGE][WARNING] - Timeout '0' is invalid. Using default page load timeout: '30'

2019-07-09 18:06:00 - [MESSAGE][PASSED] - Scroll to object 'Object Repository/APOLLO- Desktop/Home page/Popular products/Popular products tile' successfully

2019-07-09 18:06:00 - [TEST_STEP][PASSED] - delay(2): Delayed 2 second(s)

2019-07-09 18:06:02 - [MESSAGE][PASSED] - Delayed 2 second(s)

2019-07-09 18:06:02 - [TEST_STEP][PASSED] - click(findTestObject("APOLLO- Desktop/Home page/Popular products/Popular products tile - lamb slider")): Object: 'Object Repository/APOLLO- Desktop/Home page/Popular products/Popular products tile - lamb slider' is clicked on

2019-07-09 18:06:02 - [MESSAGE][PASSED] - Object: 'Object Repository/APOLLO- Desktop/Home page/Popular products/Popular products tile - lamb slider' is clicked on

2019-07-09 18:06:02 - [TEST_STEP][PASSED] - delay(2): Delayed 2 second(s)

2019-07-09 18:06:04 - [MESSAGE][PASSED] - Delayed 2 second(s)

2019-07-09 18:06:04 - [TEST_STEP][PASSED] - click(findTestObject("APOLLO- Desktop/Home page/Popular products/first product- kids")): Object: 'Object Repository/APOLLO- Desktop/Home page/Popular products/first product- kids' is clicked on

2019-07-09 18:06:09 - [MESSAGE][PASSED] - Object: 'Object Repository/APOLLO- Desktop/Home page/Popular products/first product- kids' is clicked on

2019-07-09 18:06:09 - [TEST_STEP][PASSED] - delay(2): Delayed 2 second(s)

2019-07-09 18:06:11 - [MESSAGE][PASSED] - Delayed 2 second(s)

2019-07-09 18:06:11 - [TEST_STEP][PASSED] - click(findTestObject("APOLLO- Desktop/Home page/Hero banner - CTA/Apollo icon")): Object: 'Object Repository/APOLLO- Desktop/Home page/Hero banner - CTA/Apollo icon' is clicked on

2019-07-09 18:06:16 - [MESSAGE][PASSED] - Object: 'Object Repository/APOLLO- Desktop/Home page/Hero banner - CTA/Apollo icon' is clicked on

2019-07-09 18:06:16 - [TEST_STEP][PASSED] - delay(2): Delayed 2 second(s)

2019-07-09 18:06:18 - [MESSAGE][PASSED] - Delayed 2 second(s)

2019-07-09 18:06:18 - [TEST_STEP][PASSED] - executeJavaScript("var previewBar = document.getElementById("preview-bar-iframe"); previewBar.style.display = "none";", []): Execute JavaScript 'var previewBar = document.getElementById("preview-bar-iframe"); previewBar.style.display = "none";' successfully

2019-07-09 18:06:18 - [MESSAGE][PASSED] - Execute JavaScript 'var previewBar = document.getElementById("preview-bar-iframe"); previewBar.style.display = "none";' successfully

2019-07-09 18:06:18 - [TEST_STEP][PASSED] - click(findTestObject("APOLLO- Desktop/Home page/Popular products/Popular products tile - Beef slider")): Object: 'Object Repository/APOLLO- Desktop/Home page/Popular products/Popular products tile - Beef slider' is clicked on

2019-07-09 18:06:18 - [MESSAGE][PASSED] - Object: 'Object Repository/APOLLO- Desktop/Home page/Popular products/Popular products tile - Beef slider' is clicked on

2019-07-09 18:06:18 - [TEST_STEP][PASSED] - delay(2): Delayed 2 second(s)

2019-07-09 18:06:20 - [MESSAGE][PASSED] - Delayed 2 second(s)

2019-07-09 18:06:20 - [TEST_STEP][PASSED] - click(findTestObject("APOLLO- Desktop/Home page/Popular products/first product- men")): Object: 'Object Repository/APOLLO- Desktop/Home page/Popular products/first product- men' is clicked on

2019-07-09 18:06:24 - [MESSAGE][PASSED] - Object: 'Object Repository/APOLLO- Desktop/Home page/Popular products/first product- men' is clicked on

2019-07-09 18:06:24 - [TEST_STEP][PASSED] - delay(2): Delayed 2 second(s)

2019-07-09 18:06:26 - [MESSAGE][PASSED] - Delayed 2 second(s)

2019-07-09 18:06:26 - [TEST_STEP][PASSED] - click(findTestObject("APOLLO- Desktop/Home page/Hero banner - CTA/Apollo icon")): Object: 'Object Repository/APOLLO- Desktop/Home page/Hero banner - CTA/Apollo icon' is clicked on

2019-07-09 18:06:29 - [MESSAGE][PASSED] - Object: 'Object Repository/APOLLO- Desktop/Home page/Hero banner - CTA/Apollo icon' is clicked on

2019-07-09 18:06:29 - [TEST_STEP][PASSED] - delay(2): Delayed 2 second(s)

2019-07-09 18:06:31 - [MESSAGE][PASSED] - Delayed 2 second(s)

2019-07-09 18:06:31 - [TEST_STEP][PASSED] - executeJavaScript("var previewBar = document.getElementById("preview-bar-iframe"); previewBar.style.display = "none";", []): Execute JavaScript 'var previewBar = document.getElementById("preview-bar-iframe"); previewBar.style.display = "none";' successfully

2019-07-09 18:06:32 - [MESSAGE][PASSED] - Execute JavaScript 'var previewBar = document.getElementById("preview-bar-iframe"); previewBar.style.display = "none";' successfully

2019-07-09 18:06:32 - [TEST_STEP][PASSED] - scrollToElement(findTestObject("APOLLO- Desktop/Home page/Popular products/Popular products tile"), 0): Scroll to object 'Object Repository/APOLLO- Desktop/Home page/Popular products/Popular products tile' successfully

2019-07-09 18:06:32 - [MESSAGE][WARNING] - Timeout '0' is invalid. Using default page load timeout: '30'

2019-07-09 18:06:32 - [MESSAGE][PASSED] - Scroll to object 'Object Repository/APOLLO- Desktop/Home page/Popular products/Popular products tile' successfully

2019-07-09 18:06:32 - [TEST_STEP][PASSED] - delay(2): Delayed 2 second(s)

2019-07-09 18:06:34 - [MESSAGE][PASSED] - Delayed 2 second(s)

2019-07-09 18:06:34 - [TEST_STEP][PASSED] - mouseOver(findTestObject("APOLLO- Desktop/Home page/Popular products/Previous button chevron")): Object: 'Object Repository/APOLLO- Desktop/Home page/Popular products/Previous button chevron' is hovered

2019-07-09 18:06:34 - [MESSAGE][PASSED] - Object: 'Object Repository/APOLLO- Desktop/Home page/Popular products/Previous button chevron' is hovered

2019-07-09 18:06:34 - [TEST_STEP][PASSED] - delay(2): Delayed 2 second(s)

2019-07-09 18:06:36 - [MESSAGE][PASSED] - Delayed 2 second(s)

2019-07-09 18:06:36 - [TEST_STEP][PASSED] - click(findTestObject("APOLLO- Desktop/Home page/Popular products/Previous button chevron")): Object: 'Object Repository/APOLLO- Desktop/Home page/Popular products/Previous button chevron' is clicked on

2019-07-09 18:06:37 - [MESSAGE][PASSED] - Object: 'Object Repository/APOLLO- Desktop/Home page/Popular products/Previous button chevron' is clicked on

2019-07-09 18:06:37 - [TEST_STEP][PASSED] - delay(2): Delayed 2 second(s)

2019-07-09 18:06:39 - [MESSAGE][PASSED] - Delayed 2 second(s)

2019-07-09 18:06:39 - [TEST_STEP][PASSED] - click(findTestObject("APOLLO- Desktop/Home page/Popular products/Previous button chevron")): Object: 'Object Repository/APOLLO- Desktop/Home page/Popular products/Previous button chevron' is clicked on

2019-07-09 18:06:39 - [MESSAGE][PASSED] - Object: 'Object Repository/APOLLO- Desktop/Home page/Popular products/Previous button chevron' is clicked on

2019-07-09 18:06:39 - [TEST_STEP][PASSED] - delay(2): Delayed 2 second(s)

2019-07-09 18:06:41 - [MESSAGE][PASSED] - Delayed 2 second(s)

2019-07-09 18:06:41 - [TEST_STEP][PASSED] - click(findTestObject("APOLLO- Desktop/Home page/Popular products/Next button chevron")): Object: 'Object Repository/APOLLO- Desktop/Home page/Popular products/Next button chevron' is clicked on

2019-07-09 18:06:42 - [MESSAGE][PASSED] - Object: 'Object Repository/APOLLO- Desktop/Home page/Popular products/Next button chevron' is clicked on]]></system-out>
         <system-err><![CDATA[]]></system-err>
      </testcase>
      <testcase name="Test Cases/HOME PAGE/Follow us" classname="Test Cases/HOME PAGE/Follow us" status="FAILED">
         <failure type="FAILED" message="Test Cases/HOME PAGE/Follow us FAILED.
Reason:
com.kms.katalon.core.exception.StepFailedException: Unable to click on object 'Object Repository/APOLLO- Desktop/Home page/Follow us/button-previous' (Root cause: org.openqa.selenium.ElementNotVisibleException: element not interactable
  (Session info: chrome=75.0.3770.80)
  (Driver info: chromedriver=75.0.3770.8 (681f24ea911fe754973dda2fdc6d2a2e159dd300-refs/branch-heads/3770@{#40}),platform=Windows NT 10.0.18362 x86_64) (WARNING: The server did not provide any stacktrace information)
Command duration or timeout: 67 milliseconds
Build info: version: '2.53.0', revision: '35ae25b', time: '2016-03-15 17:00:58'
System info: host: '207-254-11-0', ip: '207.254.11.0', os.name: 'windows', os.arch: 'x86', os.version: '10.0', java.version: '1.8.0_181'
Driver info: org.openqa.selenium.chrome.ChromeDriver
Capabilities [{mobileEmulationEnabled=false, timeouts={implicit=0, pageLoad=300000, script=30000}, hasTouchScreen=false, platform=XP, acceptSslCerts=false, goog:chromeOptions={debuggerAddress=localhost:1783}, acceptInsecureCerts=false, webStorageEnabled=true, browserName=chrome, takesScreenshot=true, javascriptEnabled=true, setWindowRect=true, unexpectedAlertBehaviour=ignore, applicationCacheEnabled=false, rotatable=false, networkConnectionEnabled=false, chrome={chromedriverVersion=75.0.3770.8 (681f24ea911fe754973dda2fdc6d2a2e159dd300-refs/branch-heads/3770@{#40}), userDataDir=C:\Windows\proxy\scoped_dir9328_18684}, takesHeapSnapshot=true, pageLoadStrategy=normal, strictFileInteractability=false, databaseEnabled=false, handlesAlerts=true, version=75.0.3770.80, browserConnectionEnabled=false, proxy={}, nativeEvents=true, locationContextEnabled=true, cssSelectorsEnabled=true}]
Session ID: 8e725921466d1d6aa8f7775ad0151987
Command duration or timeout: 0 milliseconds)
	at com.kms.katalon.core.keyword.internal.KeywordMain.stepFailed(KeywordMain.groovy:36)
	at com.kms.katalon.core.webui.keyword.internal.WebUIKeywordMain.stepFailed(WebUIKeywordMain.groovy:65)
	at com.kms.katalon.core.webui.keyword.internal.WebUIKeywordMain.runKeyword(WebUIKeywordMain.groovy:27)
	at com.kms.katalon.core.webui.keyword.builtin.ClickKeyword.click(ClickKeyword.groovy:86)
	at com.kms.katalon.core.webui.keyword.builtin.ClickKeyword.execute(ClickKeyword.groovy:67)
	at com.kms.katalon.core.keyword.internal.KeywordExecutor.executeKeywordForPlatform(KeywordExecutor.groovy:53)
	at com.kms.katalon.core.webui.keyword.WebUiBuiltInKeywords.click(WebUiBuiltInKeywords.groovy:616)
	at com.kms.katalon.core.webui.keyword.WebUiBuiltInKeywords$click$3.call(Unknown Source)
	at Follow us.run(Follow us:40)
	at com.kms.katalon.core.main.ScriptEngine.run(ScriptEngine.java:194)
	at com.kms.katalon.core.main.ScriptEngine.runScriptAsRawText(ScriptEngine.java:119)
	at com.kms.katalon.core.main.TestCaseExecutor.runScript(TestCaseExecutor.java:328)
	at com.kms.katalon.core.main.TestCaseExecutor.doExecute(TestCaseExecutor.java:319)
	at com.kms.katalon.core.main.TestCaseExecutor.processExecutionPhase(TestCaseExecutor.java:298)
	at com.kms.katalon.core.main.TestCaseExecutor.accessMainPhase(TestCaseExecutor.java:290)
	at com.kms.katalon.core.main.TestCaseExecutor.execute(TestCaseExecutor.java:224)
	at com.kms.katalon.core.main.TestSuiteExecutor.accessTestCaseMainPhase(TestSuiteExecutor.java:129)
	at com.kms.katalon.core.main.TestSuiteExecutor.accessTestSuiteMainPhase(TestSuiteExecutor.java:112)
	at com.kms.katalon.core.main.TestSuiteExecutor.execute(TestSuiteExecutor.java:81)
	at com.kms.katalon.core.main.TestCaseMain.startTestSuite(TestCaseMain.java:149)
	at com.kms.katalon.core.main.TestCaseMain$startTestSuite$0.call(Unknown Source)
	at TempTestSuite1562709134358.run(TempTestSuite1562709134358.groovy:36)
"/>
         <system-out><![CDATA[2019-07-09 18:06:42 - [TEST_CASE][FAILED] - Test Cases/HOME PAGE/Follow us: Test Cases/HOME PAGE/Follow us FAILED.
Reason:
com.kms.katalon.core.exception.StepFailedException: Unable to click on object 'Object Repository/APOLLO- Desktop/Home page/Follow us/button-previous' (Root cause: org.openqa.selenium.ElementNotVisibleException: element not interactable
  (Session info: chrome=75.0.3770.80)
  (Driver info: chromedriver=75.0.3770.8 (681f24ea911fe754973dda2fdc6d2a2e159dd300-refs/branch-heads/3770@{#40}),platform=Windows NT 10.0.18362 x86_64) (WARNING: The server did not provide any stacktrace information)
Command duration or timeout: 67 milliseconds
Build info: version: '2.53.0', revision: '35ae25b', time: '2016-03-15 17:00:58'
System info: host: '207-254-11-0', ip: '207.254.11.0', os.name: 'windows', os.arch: 'x86', os.version: '10.0', java.version: '1.8.0_181'
Driver info: org.openqa.selenium.chrome.ChromeDriver
Capabilities [{mobileEmulationEnabled=false, timeouts={implicit=0, pageLoad=300000, script=30000}, hasTouchScreen=false, platform=XP, acceptSslCerts=false, goog:chromeOptions={debuggerAddress=localhost:1783}, acceptInsecureCerts=false, webStorageEnabled=true, browserName=chrome, takesScreenshot=true, javascriptEnabled=true, setWindowRect=true, unexpectedAlertBehaviour=ignore, applicationCacheEnabled=false, rotatable=false, networkConnectionEnabled=false, chrome={chromedriverVersion=75.0.3770.8 (681f24ea911fe754973dda2fdc6d2a2e159dd300-refs/branch-heads/3770@{#40}), userDataDir=C:\Windows\proxy\scoped_dir9328_18684}, takesHeapSnapshot=true, pageLoadStrategy=normal, strictFileInteractability=false, databaseEnabled=false, handlesAlerts=true, version=75.0.3770.80, browserConnectionEnabled=false, proxy={}, nativeEvents=true, locationContextEnabled=true, cssSelectorsEnabled=true}]
Session ID: 8e725921466d1d6aa8f7775ad0151987
Command duration or timeout: 0 milliseconds)
	at com.kms.katalon.core.keyword.internal.KeywordMain.stepFailed(KeywordMain.groovy:36)
	at com.kms.katalon.core.webui.keyword.internal.WebUIKeywordMain.stepFailed(WebUIKeywordMain.groovy:65)
	at com.kms.katalon.core.webui.keyword.internal.WebUIKeywordMain.runKeyword(WebUIKeywordMain.groovy:27)
	at com.kms.katalon.core.webui.keyword.builtin.ClickKeyword.click(ClickKeyword.groovy:86)
	at com.kms.katalon.core.webui.keyword.builtin.ClickKeyword.execute(ClickKeyword.groovy:67)
	at com.kms.katalon.core.keyword.internal.KeywordExecutor.executeKeywordForPlatform(KeywordExecutor.groovy:53)
	at com.kms.katalon.core.webui.keyword.WebUiBuiltInKeywords.click(WebUiBuiltInKeywords.groovy:616)
	at com.kms.katalon.core.webui.keyword.WebUiBuiltInKeywords$click$3.call(Unknown Source)
	at Follow us.run(Follow us:40)
	at com.kms.katalon.core.main.ScriptEngine.run(ScriptEngine.java:194)
	at com.kms.katalon.core.main.ScriptEngine.runScriptAsRawText(ScriptEngine.java:119)
	at com.kms.katalon.core.main.TestCaseExecutor.runScript(TestCaseExecutor.java:328)
	at com.kms.katalon.core.main.TestCaseExecutor.doExecute(TestCaseExecutor.java:319)
	at com.kms.katalon.core.main.TestCaseExecutor.processExecutionPhase(TestCaseExecutor.java:298)
	at com.kms.katalon.core.main.TestCaseExecutor.accessMainPhase(TestCaseExecutor.java:290)
	at com.kms.katalon.core.main.TestCaseExecutor.execute(TestCaseExecutor.java:224)
	at com.kms.katalon.core.main.TestSuiteExecutor.accessTestCaseMainPhase(TestSuiteExecutor.java:129)
	at com.kms.katalon.core.main.TestSuiteExecutor.accessTestSuiteMainPhase(TestSuiteExecutor.java:112)
	at com.kms.katalon.core.main.TestSuiteExecutor.execute(TestSuiteExecutor.java:81)
	at com.kms.katalon.core.main.TestCaseMain.startTestSuite(TestCaseMain.java:149)
	at com.kms.katalon.core.main.TestCaseMain$startTestSuite$0.call(Unknown Source)
	at TempTestSuite1562709134358.run(TempTestSuite1562709134358.groovy:36)


2019-07-09 18:06:42 - [TEST_STEP][PASSED] - callTestCase(findTestCase("CALL - URL"), [:], STOP_ON_FAILURE): Call Test Case 'Test Cases/CALL - URL' successfully

2019-07-09 18:06:42 - [TEST_CASE][PASSED] - Test Cases/CALL - URL: Test Cases/CALL - URL

2019-07-09 18:06:42 - [TEST_STEP][PASSED] - openBrowser(""): Browser is opened with url: ''

2019-07-09 18:06:42 - [MESSAGE][WARNING] - A browser is already opened. Closing browser and opening a new one

2019-07-09 18:06:44 - [MESSAGE][INFO] - Starting 'Remote' driver

2019-07-09 18:06:44 - [MESSAGE][INFO] - User set preference: ['os', 'Windows']

2019-07-09 18:06:44 - [MESSAGE][INFO] - User set preference: ['os_version', '10']

2019-07-09 18:06:44 - [MESSAGE][INFO] - User set preference: ['browser', 'Chrome']

2019-07-09 18:06:44 - [MESSAGE][INFO] - User set preference: ['browser_version', '75.0']

2019-07-09 18:06:44 - [MESSAGE][INFO] - User set preference: ['resolution', '1280x1024']

2019-07-09 18:06:44 - [MESSAGE][INFO] - User set preference: ['browserstack.local', 'false']

2019-07-09 18:06:44 - [MESSAGE][INFO] - Connecting to remote web server 'https://dianatest3:Z3oqw9ysqTeRQJq5wFCp@hub-cloud.browserstack.com/wd/hub' with type 'Selenium'

2019-07-09 18:06:59 - [MESSAGE][PASSED] - Browser is opened with url: ''

2019-07-09 18:06:59 - [TEST_STEP][PASSED] - navigateToUrl("https://apollo-fireball.myshopify.com/?_ab=0&_fd=0&_sc=1&key=96c2edace7b9967f3a77c2e2b131937136039831e9ec35f31598610005fa8795&preview_theme_id=46803124304"): Navigate to 'https://apollo-fireball.myshopify.com/?_ab=0&_fd=0&_sc=1&key=96c2edace7b9967f3a77c2e2b131937136039831e9ec35f31598610005fa8795&preview_theme_id=46803124304' successfully

2019-07-09 18:07:09 - [MESSAGE][PASSED] - Navigate to 'https://apollo-fireball.myshopify.com/?_ab=0&_fd=0&_sc=1&key=96c2edace7b9967f3a77c2e2b131937136039831e9ec35f31598610005fa8795&preview_theme_id=46803124304' successfully

2019-07-09 18:07:09 - [TEST_STEP][PASSED] - executeJavaScript("var previewBar = document.getElementById("preview-bar-iframe"); previewBar.style.display = "none";", []): Execute JavaScript 'var previewBar = document.getElementById("preview-bar-iframe"); previewBar.style.display = "none";' successfully

2019-07-09 18:07:09 - [MESSAGE][PASSED] - Execute JavaScript 'var previewBar = document.getElementById("preview-bar-iframe"); previewBar.style.display = "none";' successfully

2019-07-09 18:07:09 - [TEST_STEP][PASSED] - maximizeWindow(): Current window maximized

2019-07-09 18:07:15 - [MESSAGE][PASSED] - Current window maximized

2019-07-09 18:07:15 - [MESSAGE][PASSED] - Call Test Case 'Test Cases/CALL - URL' successfully

2019-07-09 18:07:15 - [TEST_STEP][PASSED] - delay(2): Delayed 2 second(s)

2019-07-09 18:07:17 - [MESSAGE][PASSED] - Delayed 2 second(s)

2019-07-09 18:07:17 - [TEST_STEP][PASSED] - scrollToElement(findTestObject("APOLLO- Desktop/Home page/Follow us/apollodarktheme"), 0): Scroll to object 'Object Repository/APOLLO- Desktop/Home page/Follow us/apollodarktheme' successfully

2019-07-09 18:07:17 - [MESSAGE][WARNING] - Timeout '0' is invalid. Using default page load timeout: '30'

2019-07-09 18:07:17 - [MESSAGE][PASSED] - Scroll to object 'Object Repository/APOLLO- Desktop/Home page/Follow us/apollodarktheme' successfully

2019-07-09 18:07:17 - [TEST_STEP][PASSED] - delay(2): Delayed 2 second(s)

2019-07-09 18:07:19 - [MESSAGE][PASSED] - Delayed 2 second(s)

2019-07-09 18:07:19 - [TEST_STEP][NOT_RUN] - scrollToElement(findTestObject("APOLLO- Desktop/Home page/Featured blog posts/Visit Blog"), 0): NOT_RUN: scrollToElement(findTestObject("APOLLO- Desktop/Home page/Featured blog posts/Visit Blog"), 0)

2019-07-09 18:07:19 - [MESSAGE][NOT_RUN] - NOT_RUN: scrollToElement(findTestObject("APOLLO- Desktop/Home page/Featured blog posts/Visit Blog"), 0)

2019-07-09 18:07:19 - [TEST_STEP][PASSED] - delay(2): Delayed 2 second(s)

2019-07-09 18:07:21 - [MESSAGE][PASSED] - Delayed 2 second(s)

2019-07-09 18:07:21 - [TEST_STEP][PASSED] - click(findTestObject("APOLLO- Desktop/Home page/Follow us/product tile")): Object: 'Object Repository/APOLLO- Desktop/Home page/Follow us/product tile' is clicked on

2019-07-09 18:07:21 - [MESSAGE][PASSED] - Object: 'Object Repository/APOLLO- Desktop/Home page/Follow us/product tile' is clicked on

2019-07-09 18:07:21 - [TEST_STEP][NOT_RUN] - back(): NOT_RUN: back()

2019-07-09 18:07:21 - [MESSAGE][NOT_RUN] - NOT_RUN: back()

2019-07-09 18:07:21 - [TEST_STEP][PASSED] - scrollToElement(findTestObject("APOLLO- Desktop/Home page/Follow us/apollodarktheme"), 0): Scroll to object 'Object Repository/APOLLO- Desktop/Home page/Follow us/apollodarktheme' successfully

2019-07-09 18:07:21 - [MESSAGE][WARNING] - Timeout '0' is invalid. Using default page load timeout: '30'

2019-07-09 18:07:22 - [MESSAGE][PASSED] - Scroll to object 'Object Repository/APOLLO- Desktop/Home page/Follow us/apollodarktheme' successfully

2019-07-09 18:07:22 - [TEST_STEP][PASSED] - delay(2): Delayed 2 second(s)

2019-07-09 18:07:24 - [MESSAGE][PASSED] - Delayed 2 second(s)

2019-07-09 18:07:24 - [TEST_STEP][PASSED] - mouseOver(findTestObject("APOLLO- Desktop/Home page/Follow us/button-previous")): Object: 'Object Repository/APOLLO- Desktop/Home page/Follow us/button-previous' is hovered

2019-07-09 18:07:27 - [MESSAGE][PASSED] - Object: 'Object Repository/APOLLO- Desktop/Home page/Follow us/button-previous' is hovered

2019-07-09 18:07:27 - [TEST_STEP][NOT_RUN] - delay(2): NOT_RUN: delay(2)

2019-07-09 18:07:27 - [MESSAGE][NOT_RUN] - NOT_RUN: delay(2)

2019-07-09 18:07:27 - [TEST_STEP][FAILED] - click(findTestObject("APOLLO- Desktop/Home page/Follow us/button-previous")): click(findTestObject("APOLLO- Desktop/Home page/Follow us/button-previous")) FAILED.
Reason:
com.kms.katalon.core.exception.StepFailedException: Unable to click on object 'Object Repository/APOLLO- Desktop/Home page/Follow us/button-previous' (Root cause: org.openqa.selenium.ElementNotVisibleException: element not interactable
  (Session info: chrome=75.0.3770.80)
  (Driver info: chromedriver=75.0.3770.8 (681f24ea911fe754973dda2fdc6d2a2e159dd300-refs/branch-heads/3770@{#40}),platform=Windows NT 10.0.18362 x86_64) (WARNING: The server did not provide any stacktrace information)
Command duration or timeout: 67 milliseconds
Build info: version: '2.53.0', revision: '35ae25b', time: '2016-03-15 17:00:58'
System info: host: '207-254-11-0', ip: '207.254.11.0', os.name: 'windows', os.arch: 'x86', os.version: '10.0', java.version: '1.8.0_181'
Driver info: org.openqa.selenium.chrome.ChromeDriver
Capabilities [{mobileEmulationEnabled=false, timeouts={implicit=0, pageLoad=300000, script=30000}, hasTouchScreen=false, platform=XP, acceptSslCerts=false, goog:chromeOptions={debuggerAddress=localhost:1783}, acceptInsecureCerts=false, webStorageEnabled=true, browserName=chrome, takesScreenshot=true, javascriptEnabled=true, setWindowRect=true, unexpectedAlertBehaviour=ignore, applicationCacheEnabled=false, rotatable=false, networkConnectionEnabled=false, chrome={chromedriverVersion=75.0.3770.8 (681f24ea911fe754973dda2fdc6d2a2e159dd300-refs/branch-heads/3770@{#40}), userDataDir=C:\Windows\proxy\scoped_dir9328_18684}, takesHeapSnapshot=true, pageLoadStrategy=normal, strictFileInteractability=false, databaseEnabled=false, handlesAlerts=true, version=75.0.3770.80, browserConnectionEnabled=false, proxy={}, nativeEvents=true, locationContextEnabled=true, cssSelectorsEnabled=true}]
Session ID: 8e725921466d1d6aa8f7775ad0151987
Command duration or timeout: 0 milliseconds)
	at com.kms.katalon.core.keyword.internal.KeywordMain.stepFailed(KeywordMain.groovy:36)
	at com.kms.katalon.core.webui.keyword.internal.WebUIKeywordMain.stepFailed(WebUIKeywordMain.groovy:65)
	at com.kms.katalon.core.webui.keyword.internal.WebUIKeywordMain.runKeyword(WebUIKeywordMain.groovy:27)
	at com.kms.katalon.core.webui.keyword.builtin.ClickKeyword.click(ClickKeyword.groovy:86)
	at com.kms.katalon.core.webui.keyword.builtin.ClickKeyword.execute(ClickKeyword.groovy:67)
	at com.kms.katalon.core.keyword.internal.KeywordExecutor.executeKeywordForPlatform(KeywordExecutor.groovy:53)
	at com.kms.katalon.core.webui.keyword.WebUiBuiltInKeywords.click(WebUiBuiltInKeywords.groovy:616)
	at com.kms.katalon.core.webui.keyword.WebUiBuiltInKeywords$click$3.call(Unknown Source)
	at Follow us.run(Follow us:40)
	at com.kms.katalon.core.main.ScriptEngine.run(ScriptEngine.java:194)
	at com.kms.katalon.core.main.ScriptEngine.runScriptAsRawText(ScriptEngine.java:119)
	at com.kms.katalon.core.main.TestCaseExecutor.runScript(TestCaseExecutor.java:328)
	at com.kms.katalon.core.main.TestCaseExecutor.doExecute(TestCaseExecutor.java:319)
	at com.kms.katalon.core.main.TestCaseExecutor.processExecutionPhase(TestCaseExecutor.java:298)
	at com.kms.katalon.core.main.TestCaseExecutor.accessMainPhase(TestCaseExecutor.java:290)
	at com.kms.katalon.core.main.TestCaseExecutor.execute(TestCaseExecutor.java:224)
	at com.kms.katalon.core.main.TestSuiteExecutor.accessTestCaseMainPhase(TestSuiteExecutor.java:129)
	at com.kms.katalon.core.main.TestSuiteExecutor.accessTestSuiteMainPhase(TestSuiteExecutor.java:112)
	at com.kms.katalon.core.main.TestSuiteExecutor.execute(TestSuiteExecutor.java:81)
	at com.kms.katalon.core.main.TestCaseMain.startTestSuite(TestCaseMain.java:149)
	at com.kms.katalon.core.main.TestCaseMain$startTestSuite$0.call(Unknown Source)
	at TempTestSuite1562709134358.run(TempTestSuite1562709134358.groovy:36)


2019-07-09 18:07:33 - [MESSAGE][FAILED] - Unable to click on object 'Object Repository/APOLLO- Desktop/Home page/Follow us/button-previous' (Root cause: org.openqa.selenium.ElementNotVisibleException: element not interactable
  (Session info: chrome=75.0.3770.80)
  (Driver info: chromedriver=75.0.3770.8 (681f24ea911fe754973dda2fdc6d2a2e159dd300-refs/branch-heads/3770@{#40}),platform=Windows NT 10.0.18362 x86_64) (WARNING: The server did not provide any stacktrace information)
Command duration or timeout: 67 milliseconds
Build info: version: '2.53.0', revision: '35ae25b', time: '2016-03-15 17:00:58'
System info: host: '207-254-11-0', ip: '207.254.11.0', os.name: 'windows', os.arch: 'x86', os.version: '10.0', java.version: '1.8.0_181'
Driver info: org.openqa.selenium.chrome.ChromeDriver
Capabilities [{mobileEmulationEnabled=false, timeouts={implicit=0, pageLoad=300000, script=30000}, hasTouchScreen=false, platform=XP, acceptSslCerts=false, goog:chromeOptions={debuggerAddress=localhost:1783}, acceptInsecureCerts=false, webStorageEnabled=true, browserName=chrome, takesScreenshot=true, javascriptEnabled=true, setWindowRect=true, unexpectedAlertBehaviour=ignore, applicationCacheEnabled=false, rotatable=false, networkConnectionEnabled=false, chrome={chromedriverVersion=75.0.3770.8 (681f24ea911fe754973dda2fdc6d2a2e159dd300-refs/branch-heads/3770@{#40}), userDataDir=C:\Windows\proxy\scoped_dir9328_18684}, takesHeapSnapshot=true, pageLoadStrategy=normal, strictFileInteractability=false, databaseEnabled=false, handlesAlerts=true, version=75.0.3770.80, browserConnectionEnabled=false, proxy={}, nativeEvents=true, locationContextEnabled=true, cssSelectorsEnabled=true}]
Session ID: 8e725921466d1d6aa8f7775ad0151987
Command duration or timeout: 0 milliseconds)
[[ATTACHMENT|/Users/sumankompelly/Katalon Studio/APOLLO - FIRE/APOLLO - FIRE- DESKTOP/Reports/0.5.5/20190709_175214/1562710051352.png]]

2019-07-09 18:07:33 - [MESSAGE][FAILED] - click(findTestObject("APOLLO- Desktop/Home page/Follow us/button-previous")) FAILED.
Reason:
com.kms.katalon.core.exception.StepFailedException: Unable to click on object 'Object Repository/APOLLO- Desktop/Home page/Follow us/button-previous' (Root cause: org.openqa.selenium.ElementNotVisibleException: element not interactable
  (Session info: chrome=75.0.3770.80)
  (Driver info: chromedriver=75.0.3770.8 (681f24ea911fe754973dda2fdc6d2a2e159dd300-refs/branch-heads/3770@{#40}),platform=Windows NT 10.0.18362 x86_64) (WARNING: The server did not provide any stacktrace information)
Command duration or timeout: 67 milliseconds
Build info: version: '2.53.0', revision: '35ae25b', time: '2016-03-15 17:00:58'
System info: host: '207-254-11-0', ip: '207.254.11.0', os.name: 'windows', os.arch: 'x86', os.version: '10.0', java.version: '1.8.0_181'
Driver info: org.openqa.selenium.chrome.ChromeDriver
Capabilities [{mobileEmulationEnabled=false, timeouts={implicit=0, pageLoad=300000, script=30000}, hasTouchScreen=false, platform=XP, acceptSslCerts=false, goog:chromeOptions={debuggerAddress=localhost:1783}, acceptInsecureCerts=false, webStorageEnabled=true, browserName=chrome, takesScreenshot=true, javascriptEnabled=true, setWindowRect=true, unexpectedAlertBehaviour=ignore, applicationCacheEnabled=false, rotatable=false, networkConnectionEnabled=false, chrome={chromedriverVersion=75.0.3770.8 (681f24ea911fe754973dda2fdc6d2a2e159dd300-refs/branch-heads/3770@{#40}), userDataDir=C:\Windows\proxy\scoped_dir9328_18684}, takesHeapSnapshot=true, pageLoadStrategy=normal, strictFileInteractability=false, databaseEnabled=false, handlesAlerts=true, version=75.0.3770.80, browserConnectionEnabled=false, proxy={}, nativeEvents=true, locationContextEnabled=true, cssSelectorsEnabled=true}]
Session ID: 8e725921466d1d6aa8f7775ad0151987
Command duration or timeout: 0 milliseconds)
	at com.kms.katalon.core.keyword.internal.KeywordMain.stepFailed(KeywordMain.groovy:36)
	at com.kms.katalon.core.webui.keyword.internal.WebUIKeywordMain.stepFailed(WebUIKeywordMain.groovy:65)
	at com.kms.katalon.core.webui.keyword.internal.WebUIKeywordMain.runKeyword(WebUIKeywordMain.groovy:27)
	at com.kms.katalon.core.webui.keyword.builtin.ClickKeyword.click(ClickKeyword.groovy:86)
	at com.kms.katalon.core.webui.keyword.builtin.ClickKeyword.execute(ClickKeyword.groovy:67)
	at com.kms.katalon.core.keyword.internal.KeywordExecutor.executeKeywordForPlatform(KeywordExecutor.groovy:53)
	at com.kms.katalon.core.webui.keyword.WebUiBuiltInKeywords.click(WebUiBuiltInKeywords.groovy:616)
	at com.kms.katalon.core.webui.keyword.WebUiBuiltInKeywords$click$3.call(Unknown Source)
	at Follow us.run(Follow us:40)
	at com.kms.katalon.core.main.ScriptEngine.run(ScriptEngine.java:194)
	at com.kms.katalon.core.main.ScriptEngine.runScriptAsRawText(ScriptEngine.java:119)
	at com.kms.katalon.core.main.TestCaseExecutor.runScript(TestCaseExecutor.java:328)
	at com.kms.katalon.core.main.TestCaseExecutor.doExecute(TestCaseExecutor.java:319)
	at com.kms.katalon.core.main.TestCaseExecutor.processExecutionPhase(TestCaseExecutor.java:298)
	at com.kms.katalon.core.main.TestCaseExecutor.accessMainPhase(TestCaseExecutor.java:290)
	at com.kms.katalon.core.main.TestCaseExecutor.execute(TestCaseExecutor.java:224)
	at com.kms.katalon.core.main.TestSuiteExecutor.accessTestCaseMainPhase(TestSuiteExecutor.java:129)
	at com.kms.katalon.core.main.TestSuiteExecutor.accessTestSuiteMainPhase(TestSuiteExecutor.java:112)
	at com.kms.katalon.core.main.TestSuiteExecutor.execute(TestSuiteExecutor.java:81)
	at com.kms.katalon.core.main.TestCaseMain.startTestSuite(TestCaseMain.java:149)
	at com.kms.katalon.core.main.TestCaseMain$startTestSuite$0.call(Unknown Source)
	at TempTestSuite1562709134358.run(TempTestSuite1562709134358.groovy:36)]]></system-out>
         <system-err><![CDATA[2019-07-09 18:06:42 - [TEST_CASE][FAILED] - Test Cases/HOME PAGE/Follow us: Test Cases/HOME PAGE/Follow us FAILED.
Reason:
com.kms.katalon.core.exception.StepFailedException: Unable to click on object 'Object Repository/APOLLO- Desktop/Home page/Follow us/button-previous' (Root cause: org.openqa.selenium.ElementNotVisibleException: element not interactable
  (Session info: chrome=75.0.3770.80)
  (Driver info: chromedriver=75.0.3770.8 (681f24ea911fe754973dda2fdc6d2a2e159dd300-refs/branch-heads/3770@{#40}),platform=Windows NT 10.0.18362 x86_64) (WARNING: The server did not provide any stacktrace information)
Command duration or timeout: 67 milliseconds
Build info: version: '2.53.0', revision: '35ae25b', time: '2016-03-15 17:00:58'
System info: host: '207-254-11-0', ip: '207.254.11.0', os.name: 'windows', os.arch: 'x86', os.version: '10.0', java.version: '1.8.0_181'
Driver info: org.openqa.selenium.chrome.ChromeDriver
Capabilities [{mobileEmulationEnabled=false, timeouts={implicit=0, pageLoad=300000, script=30000}, hasTouchScreen=false, platform=XP, acceptSslCerts=false, goog:chromeOptions={debuggerAddress=localhost:1783}, acceptInsecureCerts=false, webStorageEnabled=true, browserName=chrome, takesScreenshot=true, javascriptEnabled=true, setWindowRect=true, unexpectedAlertBehaviour=ignore, applicationCacheEnabled=false, rotatable=false, networkConnectionEnabled=false, chrome={chromedriverVersion=75.0.3770.8 (681f24ea911fe754973dda2fdc6d2a2e159dd300-refs/branch-heads/3770@{#40}), userDataDir=C:\Windows\proxy\scoped_dir9328_18684}, takesHeapSnapshot=true, pageLoadStrategy=normal, strictFileInteractability=false, databaseEnabled=false, handlesAlerts=true, version=75.0.3770.80, browserConnectionEnabled=false, proxy={}, nativeEvents=true, locationContextEnabled=true, cssSelectorsEnabled=true}]
Session ID: 8e725921466d1d6aa8f7775ad0151987
Command duration or timeout: 0 milliseconds)
	at com.kms.katalon.core.keyword.internal.KeywordMain.stepFailed(KeywordMain.groovy:36)
	at com.kms.katalon.core.webui.keyword.internal.WebUIKeywordMain.stepFailed(WebUIKeywordMain.groovy:65)
	at com.kms.katalon.core.webui.keyword.internal.WebUIKeywordMain.runKeyword(WebUIKeywordMain.groovy:27)
	at com.kms.katalon.core.webui.keyword.builtin.ClickKeyword.click(ClickKeyword.groovy:86)
	at com.kms.katalon.core.webui.keyword.builtin.ClickKeyword.execute(ClickKeyword.groovy:67)
	at com.kms.katalon.core.keyword.internal.KeywordExecutor.executeKeywordForPlatform(KeywordExecutor.groovy:53)
	at com.kms.katalon.core.webui.keyword.WebUiBuiltInKeywords.click(WebUiBuiltInKeywords.groovy:616)
	at com.kms.katalon.core.webui.keyword.WebUiBuiltInKeywords$click$3.call(Unknown Source)
	at Follow us.run(Follow us:40)
	at com.kms.katalon.core.main.ScriptEngine.run(ScriptEngine.java:194)
	at com.kms.katalon.core.main.ScriptEngine.runScriptAsRawText(ScriptEngine.java:119)
	at com.kms.katalon.core.main.TestCaseExecutor.runScript(TestCaseExecutor.java:328)
	at com.kms.katalon.core.main.TestCaseExecutor.doExecute(TestCaseExecutor.java:319)
	at com.kms.katalon.core.main.TestCaseExecutor.processExecutionPhase(TestCaseExecutor.java:298)
	at com.kms.katalon.core.main.TestCaseExecutor.accessMainPhase(TestCaseExecutor.java:290)
	at com.kms.katalon.core.main.TestCaseExecutor.execute(TestCaseExecutor.java:224)
	at com.kms.katalon.core.main.TestSuiteExecutor.accessTestCaseMainPhase(TestSuiteExecutor.java:129)
	at com.kms.katalon.core.main.TestSuiteExecutor.accessTestSuiteMainPhase(TestSuiteExecutor.java:112)
	at com.kms.katalon.core.main.TestSuiteExecutor.execute(TestSuiteExecutor.java:81)
	at com.kms.katalon.core.main.TestCaseMain.startTestSuite(TestCaseMain.java:149)
	at com.kms.katalon.core.main.TestCaseMain$startTestSuite$0.call(Unknown Source)
	at TempTestSuite1562709134358.run(TempTestSuite1562709134358.groovy:36)]]></system-err>
      </testcase>
      <testcase name="Test Cases/PRODUCT PAGE/Social media icons" classname="Test Cases/PRODUCT PAGE/Social media icons" status="PASSED">
         <system-out><![CDATA[2019-07-09 18:07:33 - [TEST_CASE][PASSED] - Test Cases/PRODUCT PAGE/Social media icons: Test Cases/PRODUCT PAGE/Social media icons

2019-07-09 18:07:33 - [TEST_STEP][PASSED] - callTestCase(findTestCase("CALL - URL"), [:], STOP_ON_FAILURE): Call Test Case 'Test Cases/CALL - URL' successfully

2019-07-09 18:07:33 - [TEST_CASE][PASSED] - Test Cases/CALL - URL: Test Cases/CALL - URL

2019-07-09 18:07:33 - [TEST_STEP][PASSED] - openBrowser(""): Browser is opened with url: ''

2019-07-09 18:07:33 - [MESSAGE][WARNING] - A browser is already opened. Closing browser and opening a new one

2019-07-09 18:07:35 - [MESSAGE][INFO] - Starting 'Remote' driver

2019-07-09 18:07:35 - [MESSAGE][INFO] - User set preference: ['os', 'Windows']

2019-07-09 18:07:35 - [MESSAGE][INFO] - User set preference: ['os_version', '10']

2019-07-09 18:07:35 - [MESSAGE][INFO] - User set preference: ['browser', 'Chrome']

2019-07-09 18:07:35 - [MESSAGE][INFO] - User set preference: ['browser_version', '75.0']

2019-07-09 18:07:35 - [MESSAGE][INFO] - User set preference: ['resolution', '1280x1024']

2019-07-09 18:07:35 - [MESSAGE][INFO] - User set preference: ['browserstack.local', 'false']

2019-07-09 18:07:35 - [MESSAGE][INFO] - Connecting to remote web server 'https://dianatest3:Z3oqw9ysqTeRQJq5wFCp@hub-cloud.browserstack.com/wd/hub' with type 'Selenium'

2019-07-09 18:07:42 - [MESSAGE][PASSED] - Browser is opened with url: ''

2019-07-09 18:07:42 - [TEST_STEP][PASSED] - navigateToUrl("https://apollo-fireball.myshopify.com/?_ab=0&_fd=0&_sc=1&key=96c2edace7b9967f3a77c2e2b131937136039831e9ec35f31598610005fa8795&preview_theme_id=46803124304"): Navigate to 'https://apollo-fireball.myshopify.com/?_ab=0&_fd=0&_sc=1&key=96c2edace7b9967f3a77c2e2b131937136039831e9ec35f31598610005fa8795&preview_theme_id=46803124304' successfully

2019-07-09 18:07:47 - [MESSAGE][PASSED] - Navigate to 'https://apollo-fireball.myshopify.com/?_ab=0&_fd=0&_sc=1&key=96c2edace7b9967f3a77c2e2b131937136039831e9ec35f31598610005fa8795&preview_theme_id=46803124304' successfully

2019-07-09 18:07:47 - [TEST_STEP][PASSED] - executeJavaScript("var previewBar = document.getElementById("preview-bar-iframe"); previewBar.style.display = "none";", []): Execute JavaScript 'var previewBar = document.getElementById("preview-bar-iframe"); previewBar.style.display = "none";' successfully

2019-07-09 18:07:47 - [MESSAGE][PASSED] - Execute JavaScript 'var previewBar = document.getElementById("preview-bar-iframe"); previewBar.style.display = "none";' successfully

2019-07-09 18:07:47 - [TEST_STEP][PASSED] - maximizeWindow(): Current window maximized

2019-07-09 18:07:49 - [MESSAGE][PASSED] - Current window maximized

2019-07-09 18:07:49 - [MESSAGE][PASSED] - Call Test Case 'Test Cases/CALL - URL' successfully

2019-07-09 18:07:49 - [TEST_STEP][PASSED] - delay(2): Delayed 2 second(s)

2019-07-09 18:07:51 - [MESSAGE][PASSED] - Delayed 2 second(s)

2019-07-09 18:07:51 - [TEST_STEP][PASSED] - click(findTestObject("APOLLO- Desktop/Burger Menu/Burgermenu")): Object: 'Object Repository/APOLLO- Desktop/Burger Menu/Burgermenu' is clicked on

2019-07-09 18:07:51 - [MESSAGE][PASSED] - Object: 'Object Repository/APOLLO- Desktop/Burger Menu/Burgermenu' is clicked on

2019-07-09 18:07:51 - [TEST_STEP][PASSED] - delay(2): Delayed 2 second(s)

2019-07-09 18:07:53 - [MESSAGE][PASSED] - Delayed 2 second(s)

2019-07-09 18:07:54 - [TEST_STEP][PASSED] - click(findTestObject("APOLLO- Desktop/Burger Menu/Shop food")): Object: 'Object Repository/APOLLO- Desktop/Burger Menu/Shop food' is clicked on

2019-07-09 18:07:54 - [MESSAGE][PASSED] - Object: 'Object Repository/APOLLO- Desktop/Burger Menu/Shop food' is clicked on

2019-07-09 18:07:54 - [TEST_STEP][PASSED] - delay(2): Delayed 2 second(s)

2019-07-09 18:07:56 - [MESSAGE][PASSED] - Delayed 2 second(s)

2019-07-09 18:07:56 - [TEST_STEP][PASSED] - click(findTestObject("APOLLO- Desktop/Burger Menu/Beef")): Object: 'Object Repository/APOLLO- Desktop/Burger Menu/Beef' is clicked on

2019-07-09 18:07:58 - [MESSAGE][PASSED] - Object: 'Object Repository/APOLLO- Desktop/Burger Menu/Beef' is clicked on

2019-07-09 18:07:58 - [TEST_STEP][PASSED] - delay(2): Delayed 2 second(s)

2019-07-09 18:08:00 - [MESSAGE][PASSED] - Delayed 2 second(s)

2019-07-09 18:08:00 - [TEST_STEP][PASSED] - executeJavaScript("var previewBar = document.getElementById("preview-bar-iframe"); previewBar.style.display = "none";", []): Execute JavaScript 'var previewBar = document.getElementById("preview-bar-iframe"); previewBar.style.display = "none";' successfully

2019-07-09 18:08:04 - [MESSAGE][PASSED] - Execute JavaScript 'var previewBar = document.getElementById("preview-bar-iframe"); previewBar.style.display = "none";' successfully

2019-07-09 18:08:04 - [TEST_STEP][PASSED] - delay(2): Delayed 2 second(s)

2019-07-09 18:08:06 - [MESSAGE][PASSED] - Delayed 2 second(s)

2019-07-09 18:08:06 - [TEST_STEP][PASSED] - click(findTestObject("APOLLO- Desktop/Collection page/Beef skewers")): Object: 'Object Repository/APOLLO- Desktop/Collection page/Beef skewers' is clicked on

2019-07-09 18:08:12 - [MESSAGE][PASSED] - Object: 'Object Repository/APOLLO- Desktop/Collection page/Beef skewers' is clicked on

2019-07-09 18:08:12 - [TEST_STEP][PASSED] - executeJavaScript("var previewBar = document.getElementById("preview-bar-iframe"); previewBar.style.display = "none";", []): Execute JavaScript 'var previewBar = document.getElementById("preview-bar-iframe"); previewBar.style.display = "none";' successfully

2019-07-09 18:08:13 - [MESSAGE][PASSED] - Execute JavaScript 'var previewBar = document.getElementById("preview-bar-iframe"); previewBar.style.display = "none";' successfully

2019-07-09 18:08:13 - [TEST_STEP][PASSED] - delay(2): Delayed 2 second(s)

2019-07-09 18:08:15 - [MESSAGE][PASSED] - Delayed 2 second(s)

2019-07-09 18:08:15 - [TEST_STEP][PASSED] - scrollToElement(findTestObject("APOLLO- Desktop/Product page/Add to bag"), 0): Scroll to object 'Object Repository/APOLLO- Desktop/Product page/Add to bag' successfully

2019-07-09 18:08:15 - [MESSAGE][WARNING] - Timeout '0' is invalid. Using default page load timeout: '30'

2019-07-09 18:08:15 - [MESSAGE][PASSED] - Scroll to object 'Object Repository/APOLLO- Desktop/Product page/Add to bag' successfully

2019-07-09 18:08:15 - [TEST_STEP][PASSED] - delay(2): Delayed 2 second(s)

2019-07-09 18:08:17 - [MESSAGE][PASSED] - Delayed 2 second(s)

2019-07-09 18:08:17 - [TEST_STEP][PASSED] - click(findTestObject("APOLLO- Desktop/Product page/facebook icon")): Object: 'Object Repository/APOLLO- Desktop/Product page/facebook icon' is clicked on

2019-07-09 18:08:18 - [MESSAGE][PASSED] - Object: 'Object Repository/APOLLO- Desktop/Product page/facebook icon' is clicked on

2019-07-09 18:08:18 - [TEST_STEP][PASSED] - delay(2): Delayed 2 second(s)

2019-07-09 18:08:20 - [MESSAGE][PASSED] - Delayed 2 second(s)

2019-07-09 18:08:20 - [TEST_STEP][PASSED] - click(findTestObject("APOLLO- Desktop/Product page/twitter icon")): Object: 'Object Repository/APOLLO- Desktop/Product page/twitter icon' is clicked on

2019-07-09 18:08:26 - [MESSAGE][PASSED] - Object: 'Object Repository/APOLLO- Desktop/Product page/twitter icon' is clicked on

2019-07-09 18:08:26 - [TEST_STEP][PASSED] - delay(2): Delayed 2 second(s)

2019-07-09 18:08:28 - [MESSAGE][PASSED] - Delayed 2 second(s)

2019-07-09 18:08:28 - [TEST_STEP][PASSED] - click(findTestObject("APOLLO- Desktop/Product page/pintrest")): Object: 'Object Repository/APOLLO- Desktop/Product page/pintrest' is clicked on

2019-07-09 18:08:34 - [MESSAGE][PASSED] - Object: 'Object Repository/APOLLO- Desktop/Product page/pintrest' is clicked on

2019-07-09 18:08:34 - [TEST_STEP][PASSED] - delay(2): Delayed 2 second(s)

2019-07-09 18:08:36 - [MESSAGE][PASSED] - Delayed 2 second(s)

2019-07-09 18:08:36 - [TEST_STEP][PASSED] - click(findTestObject("APOLLO- Desktop/Product page/mailbox")): Object: 'Object Repository/APOLLO- Desktop/Product page/mailbox' is clicked on

2019-07-09 18:08:44 - [MESSAGE][PASSED] - Object: 'Object Repository/APOLLO- Desktop/Product page/mailbox' is clicked on]]></system-out>
         <system-err><![CDATA[]]></system-err>
      </testcase>
      <testcase name="Test Cases/PRODUCT PAGE/Product chevron dropdowns" classname="Test Cases/PRODUCT PAGE/Product chevron dropdowns" status="PASSED">
         <system-out><![CDATA[2019-07-09 18:08:44 - [TEST_CASE][PASSED] - Test Cases/PRODUCT PAGE/Product chevron dropdowns: Test Cases/PRODUCT PAGE/Product chevron dropdowns

2019-07-09 18:08:44 - [TEST_STEP][PASSED] - callTestCase(findTestCase("CALL - URL"), [:], STOP_ON_FAILURE): Call Test Case 'Test Cases/CALL - URL' successfully

2019-07-09 18:08:44 - [TEST_CASE][PASSED] - Test Cases/CALL - URL: Test Cases/CALL - URL

2019-07-09 18:08:44 - [TEST_STEP][PASSED] - openBrowser(""): Browser is opened with url: ''

2019-07-09 18:08:44 - [MESSAGE][WARNING] - A browser is already opened. Closing browser and opening a new one

2019-07-09 18:08:46 - [MESSAGE][INFO] - Starting 'Remote' driver

2019-07-09 18:08:46 - [MESSAGE][INFO] - User set preference: ['os', 'Windows']

2019-07-09 18:08:46 - [MESSAGE][INFO] - User set preference: ['os_version', '10']

2019-07-09 18:08:46 - [MESSAGE][INFO] - User set preference: ['browser', 'Chrome']

2019-07-09 18:08:46 - [MESSAGE][INFO] - User set preference: ['browser_version', '75.0']

2019-07-09 18:08:46 - [MESSAGE][INFO] - User set preference: ['resolution', '1280x1024']

2019-07-09 18:08:46 - [MESSAGE][INFO] - User set preference: ['browserstack.local', 'false']

2019-07-09 18:08:46 - [MESSAGE][INFO] - Connecting to remote web server 'https://dianatest3:Z3oqw9ysqTeRQJq5wFCp@hub-cloud.browserstack.com/wd/hub' with type 'Selenium'

2019-07-09 18:08:58 - [MESSAGE][PASSED] - Browser is opened with url: ''

2019-07-09 18:08:58 - [TEST_STEP][PASSED] - navigateToUrl("https://apollo-fireball.myshopify.com/?_ab=0&_fd=0&_sc=1&key=96c2edace7b9967f3a77c2e2b131937136039831e9ec35f31598610005fa8795&preview_theme_id=46803124304"): Navigate to 'https://apollo-fireball.myshopify.com/?_ab=0&_fd=0&_sc=1&key=96c2edace7b9967f3a77c2e2b131937136039831e9ec35f31598610005fa8795&preview_theme_id=46803124304' successfully

2019-07-09 18:09:15 - [MESSAGE][PASSED] - Navigate to 'https://apollo-fireball.myshopify.com/?_ab=0&_fd=0&_sc=1&key=96c2edace7b9967f3a77c2e2b131937136039831e9ec35f31598610005fa8795&preview_theme_id=46803124304' successfully

2019-07-09 18:09:15 - [TEST_STEP][PASSED] - executeJavaScript("var previewBar = document.getElementById("preview-bar-iframe"); previewBar.style.display = "none";", []): Execute JavaScript 'var previewBar = document.getElementById("preview-bar-iframe"); previewBar.style.display = "none";' successfully

2019-07-09 18:09:16 - [MESSAGE][PASSED] - Execute JavaScript 'var previewBar = document.getElementById("preview-bar-iframe"); previewBar.style.display = "none";' successfully

2019-07-09 18:09:16 - [TEST_STEP][PASSED] - maximizeWindow(): Current window maximized

2019-07-09 18:09:21 - [MESSAGE][PASSED] - Current window maximized

2019-07-09 18:09:21 - [MESSAGE][PASSED] - Call Test Case 'Test Cases/CALL - URL' successfully

2019-07-09 18:09:21 - [TEST_STEP][PASSED] - delay(2): Delayed 2 second(s)

2019-07-09 18:09:23 - [MESSAGE][PASSED] - Delayed 2 second(s)

2019-07-09 18:09:23 - [TEST_STEP][PASSED] - click(findTestObject("APOLLO- Desktop/Burger Menu/Burgermenu")): Object: 'Object Repository/APOLLO- Desktop/Burger Menu/Burgermenu' is clicked on

2019-07-09 18:09:23 - [MESSAGE][PASSED] - Object: 'Object Repository/APOLLO- Desktop/Burger Menu/Burgermenu' is clicked on

2019-07-09 18:09:23 - [TEST_STEP][PASSED] - delay(2): Delayed 2 second(s)

2019-07-09 18:09:25 - [MESSAGE][PASSED] - Delayed 2 second(s)

2019-07-09 18:09:25 - [TEST_STEP][PASSED] - click(findTestObject("APOLLO- Desktop/Burger Menu/Shop food")): Object: 'Object Repository/APOLLO- Desktop/Burger Menu/Shop food' is clicked on

2019-07-09 18:09:26 - [MESSAGE][PASSED] - Object: 'Object Repository/APOLLO- Desktop/Burger Menu/Shop food' is clicked on

2019-07-09 18:09:26 - [TEST_STEP][PASSED] - delay(2): Delayed 2 second(s)

2019-07-09 18:09:28 - [MESSAGE][PASSED] - Delayed 2 second(s)

2019-07-09 18:09:28 - [TEST_STEP][PASSED] - click(findTestObject("APOLLO- Desktop/Burger Menu/Beef")): Object: 'Object Repository/APOLLO- Desktop/Burger Menu/Beef' is clicked on

2019-07-09 18:09:33 - [MESSAGE][PASSED] - Object: 'Object Repository/APOLLO- Desktop/Burger Menu/Beef' is clicked on

2019-07-09 18:09:33 - [TEST_STEP][PASSED] - delay(2): Delayed 2 second(s)

2019-07-09 18:09:35 - [MESSAGE][PASSED] - Delayed 2 second(s)

2019-07-09 18:09:35 - [TEST_STEP][PASSED] - executeJavaScript("var previewBar = document.getElementById("preview-bar-iframe"); previewBar.style.display = "none";", []): Execute JavaScript 'var previewBar = document.getElementById("preview-bar-iframe"); previewBar.style.display = "none";' successfully

2019-07-09 18:09:36 - [MESSAGE][PASSED] - Execute JavaScript 'var previewBar = document.getElementById("preview-bar-iframe"); previewBar.style.display = "none";' successfully

2019-07-09 18:09:36 - [TEST_STEP][PASSED] - delay(2): Delayed 2 second(s)

2019-07-09 18:09:38 - [MESSAGE][PASSED] - Delayed 2 second(s)

2019-07-09 18:09:38 - [TEST_STEP][PASSED] - click(findTestObject("APOLLO- Desktop/Collection page/Beef skewers")): Object: 'Object Repository/APOLLO- Desktop/Collection page/Beef skewers' is clicked on

2019-07-09 18:09:41 - [MESSAGE][PASSED] - Object: 'Object Repository/APOLLO- Desktop/Collection page/Beef skewers' is clicked on

2019-07-09 18:09:41 - [TEST_STEP][PASSED] - executeJavaScript("var previewBar = document.getElementById("preview-bar-iframe"); previewBar.style.display = "none";", []): Execute JavaScript 'var previewBar = document.getElementById("preview-bar-iframe"); previewBar.style.display = "none";' successfully

2019-07-09 18:09:42 - [MESSAGE][PASSED] - Execute JavaScript 'var previewBar = document.getElementById("preview-bar-iframe"); previewBar.style.display = "none";' successfully

2019-07-09 18:09:42 - [TEST_STEP][PASSED] - delay(2): Delayed 2 second(s)

2019-07-09 18:09:44 - [MESSAGE][PASSED] - Delayed 2 second(s)

2019-07-09 18:09:44 - [TEST_STEP][PASSED] - click(findTestObject("APOLLO- Desktop/Product page/Details chevron open")): Object: 'Object Repository/APOLLO- Desktop/Product page/Details chevron open' is clicked on

2019-07-09 18:09:45 - [MESSAGE][PASSED] - Object: 'Object Repository/APOLLO- Desktop/Product page/Details chevron open' is clicked on

2019-07-09 18:09:45 - [TEST_STEP][PASSED] - delay(2): Delayed 2 second(s)

2019-07-09 18:09:47 - [MESSAGE][PASSED] - Delayed 2 second(s)

2019-07-09 18:09:47 - [TEST_STEP][PASSED] - click(findTestObject("APOLLO- Desktop/Product page/Details chevron close")): Object: 'Object Repository/APOLLO- Desktop/Product page/Details chevron close' is clicked on

2019-07-09 18:09:47 - [MESSAGE][PASSED] - Object: 'Object Repository/APOLLO- Desktop/Product page/Details chevron close' is clicked on

2019-07-09 18:09:47 - [TEST_STEP][PASSED] - delay(2): Delayed 2 second(s)

2019-07-09 18:09:49 - [MESSAGE][PASSED] - Delayed 2 second(s)

2019-07-09 18:09:49 - [TEST_STEP][PASSED] - click(findTestObject("APOLLO- Desktop/Product page/Type chevron open")): Object: 'Object Repository/APOLLO- Desktop/Product page/Type chevron open' is clicked on

2019-07-09 18:09:50 - [MESSAGE][PASSED] - Object: 'Object Repository/APOLLO- Desktop/Product page/Type chevron open' is clicked on

2019-07-09 18:09:50 - [TEST_STEP][PASSED] - delay(2): Delayed 2 second(s)

2019-07-09 18:09:52 - [MESSAGE][PASSED] - Delayed 2 second(s)

2019-07-09 18:09:52 - [TEST_STEP][PASSED] - click(findTestObject("APOLLO- Desktop/Product page/Type chevron close")): Object: 'Object Repository/APOLLO- Desktop/Product page/Type chevron close' is clicked on

2019-07-09 18:09:52 - [MESSAGE][PASSED] - Object: 'Object Repository/APOLLO- Desktop/Product page/Type chevron close' is clicked on

2019-07-09 18:09:52 - [TEST_STEP][PASSED] - delay(2): Delayed 2 second(s)

2019-07-09 18:09:54 - [MESSAGE][PASSED] - Delayed 2 second(s)

2019-07-09 18:09:54 - [TEST_STEP][PASSED] - click(findTestObject("APOLLO- Desktop/Product page/Brand chevron open")): Object: 'Object Repository/APOLLO- Desktop/Product page/Brand chevron open' is clicked on

2019-07-09 18:09:55 - [MESSAGE][PASSED] - Object: 'Object Repository/APOLLO- Desktop/Product page/Brand chevron open' is clicked on

2019-07-09 18:09:55 - [TEST_STEP][PASSED] - delay(2): Delayed 2 second(s)

2019-07-09 18:09:57 - [MESSAGE][PASSED] - Delayed 2 second(s)

2019-07-09 18:09:57 - [TEST_STEP][PASSED] - click(findTestObject("APOLLO- Desktop/Product page/Brand chevron close")): Object: 'Object Repository/APOLLO- Desktop/Product page/Brand chevron close' is clicked on

2019-07-09 18:09:57 - [MESSAGE][PASSED] - Object: 'Object Repository/APOLLO- Desktop/Product page/Brand chevron close' is clicked on

2019-07-09 18:09:57 - [TEST_STEP][PASSED] - delay(2): Delayed 2 second(s)

2019-07-09 18:09:59 - [MESSAGE][PASSED] - Delayed 2 second(s)

2019-07-09 18:09:59 - [TEST_STEP][PASSED] - click(findTestObject("APOLLO- Desktop/Product page/Shipping chevron open")): Object: 'Object Repository/APOLLO- Desktop/Product page/Shipping chevron open' is clicked on

2019-07-09 18:10:00 - [MESSAGE][PASSED] - Object: 'Object Repository/APOLLO- Desktop/Product page/Shipping chevron open' is clicked on

2019-07-09 18:10:00 - [TEST_STEP][PASSED] - delay(2): Delayed 2 second(s)

2019-07-09 18:10:02 - [MESSAGE][PASSED] - Delayed 2 second(s)

2019-07-09 18:10:02 - [TEST_STEP][PASSED] - click(findTestObject("APOLLO- Desktop/Product page/Shipping chevron close")): Object: 'Object Repository/APOLLO- Desktop/Product page/Shipping chevron close' is clicked on

2019-07-09 18:10:02 - [MESSAGE][PASSED] - Object: 'Object Repository/APOLLO- Desktop/Product page/Shipping chevron close' is clicked on

2019-07-09 18:10:02 - [TEST_STEP][PASSED] - delay(2): Delayed 2 second(s)

2019-07-09 18:10:04 - [MESSAGE][PASSED] - Delayed 2 second(s)

2019-07-09 18:10:04 - [TEST_STEP][PASSED] - click(findTestObject("APOLLO- Desktop/Product page/reviews chevron open")): Object: 'Object Repository/APOLLO- Desktop/Product page/reviews chevron open' is clicked on

2019-07-09 18:10:04 - [MESSAGE][PASSED] - Object: 'Object Repository/APOLLO- Desktop/Product page/reviews chevron open' is clicked on

2019-07-09 18:10:04 - [TEST_STEP][PASSED] - delay(2): Delayed 2 second(s)

2019-07-09 18:10:06 - [MESSAGE][PASSED] - Delayed 2 second(s)

2019-07-09 18:10:06 - [TEST_STEP][PASSED] - click(findTestObject("APOLLO- Desktop/Product page/reviews chevron close")): Object: 'Object Repository/APOLLO- Desktop/Product page/reviews chevron close' is clicked on

2019-07-09 18:10:07 - [MESSAGE][PASSED] - Object: 'Object Repository/APOLLO- Desktop/Product page/reviews chevron close' is clicked on

2019-07-09 18:10:07 - [TEST_STEP][PASSED] - delay(2): Delayed 2 second(s)

2019-07-09 18:10:09 - [MESSAGE][PASSED] - Delayed 2 second(s)

2019-07-09 18:10:09 - [TEST_STEP][PASSED] - click(findTestObject("APOLLO- Desktop/Product page/reviews chevron open")): Object: 'Object Repository/APOLLO- Desktop/Product page/reviews chevron open' is clicked on

2019-07-09 18:10:09 - [MESSAGE][PASSED] - Object: 'Object Repository/APOLLO- Desktop/Product page/reviews chevron open' is clicked on

2019-07-09 18:10:09 - [TEST_STEP][PASSED] - delay(2): Delayed 2 second(s)

2019-07-09 18:10:11 - [MESSAGE][PASSED] - Delayed 2 second(s)

2019-07-09 18:10:11 - [TEST_STEP][PASSED] - click(findTestObject("APOLLO- Desktop/Product page/a_Write a review")): Object: 'Object Repository/APOLLO- Desktop/Product page/a_Write a review' is clicked on

2019-07-09 18:10:11 - [MESSAGE][PASSED] - Object: 'Object Repository/APOLLO- Desktop/Product page/a_Write a review' is clicked on

2019-07-09 18:10:11 - [TEST_STEP][PASSED] - delay(2): Delayed 2 second(s)

2019-07-09 18:10:13 - [MESSAGE][PASSED] - Delayed 2 second(s)

2019-07-09 18:10:13 - [TEST_STEP][PASSED] - setText(findTestObject("APOLLO- Desktop/Product page/input_Name_reviewauthor"), "suman"): Text 'suman' is set on object 'Object Repository/APOLLO- Desktop/Product page/input_Name_reviewauthor'

2019-07-09 18:10:14 - [MESSAGE][PASSED] - Text 'suman' is set on object 'Object Repository/APOLLO- Desktop/Product page/input_Name_reviewauthor'

2019-07-09 18:10:14 - [TEST_STEP][PASSED] - delay(2): Delayed 2 second(s)

2019-07-09 18:10:16 - [MESSAGE][PASSED] - Delayed 2 second(s)

2019-07-09 18:10:16 - [TEST_STEP][PASSED] - setText(findTestObject("APOLLO- Desktop/Product page/input_Email_reviewemail"), "`suman@gmail.com", STOP_ON_FAILURE): Text '`suman@gmail.com' is set on object 'Object Repository/APOLLO- Desktop/Product page/input_Email_reviewemail'

2019-07-09 18:10:17 - [MESSAGE][PASSED] - Text '`suman@gmail.com' is set on object 'Object Repository/APOLLO- Desktop/Product page/input_Email_reviewemail'

2019-07-09 18:10:17 - [TEST_STEP][PASSED] - delay(2): Delayed 2 second(s)

2019-07-09 18:10:19 - [MESSAGE][PASSED] - Delayed 2 second(s)

2019-07-09 18:10:19 - [TEST_STEP][PASSED] - click(findTestObject("APOLLO- Desktop/Product page/Stars review")): Object: 'Object Repository/APOLLO- Desktop/Product page/Stars review' is clicked on

2019-07-09 18:10:19 - [MESSAGE][PASSED] - Object: 'Object Repository/APOLLO- Desktop/Product page/Stars review' is clicked on

2019-07-09 18:10:19 - [TEST_STEP][PASSED] - delay(2): Delayed 2 second(s)

2019-07-09 18:10:21 - [MESSAGE][PASSED] - Delayed 2 second(s)

2019-07-09 18:10:21 - [TEST_STEP][PASSED] - setText(findTestObject("APOLLO- Desktop/Product page/input_Review Title_reviewtitle"), "Nice product"): Text 'Nice product' is set on object 'Object Repository/APOLLO- Desktop/Product page/input_Review Title_reviewtitle'

2019-07-09 18:10:22 - [MESSAGE][PASSED] - Text 'Nice product' is set on object 'Object Repository/APOLLO- Desktop/Product page/input_Review Title_reviewtitle'

2019-07-09 18:10:22 - [TEST_STEP][PASSED] - delay(2): Delayed 2 second(s)

2019-07-09 18:10:24 - [MESSAGE][PASSED] - Delayed 2 second(s)

2019-07-09 18:10:24 - [TEST_STEP][PASSED] - setText(findTestObject("APOLLO- Desktop/Product page/textarea_characters remaining_"), "Good product"): Text 'Good product' is set on object 'Object Repository/APOLLO- Desktop/Product page/textarea_characters remaining_'

2019-07-09 18:10:25 - [MESSAGE][PASSED] - Text 'Good product' is set on object 'Object Repository/APOLLO- Desktop/Product page/textarea_characters remaining_'

2019-07-09 18:10:25 - [TEST_STEP][PASSED] - delay(2): Delayed 2 second(s)

2019-07-09 18:10:27 - [MESSAGE][PASSED] - Delayed 2 second(s)

2019-07-09 18:10:27 - [TEST_STEP][PASSED] - click(findTestObject("APOLLO- Desktop/Product page/Submit review")): Object: 'Object Repository/APOLLO- Desktop/Product page/Submit review' is clicked on

2019-07-09 18:10:27 - [MESSAGE][PASSED] - Object: 'Object Repository/APOLLO- Desktop/Product page/Submit review' is clicked on

2019-07-09 18:10:27 - [TEST_STEP][PASSED] - delay(2): Delayed 2 second(s)

2019-07-09 18:10:29 - [MESSAGE][PASSED] - Delayed 2 second(s)

2019-07-09 18:10:29 - [TEST_STEP][NOT_RUN] - click(findTestObject("APOLLO- Desktop/Product page/number-2"), CONTINUE_ON_FAILURE): NOT_RUN: click(findTestObject("APOLLO- Desktop/Product page/number-2"), CONTINUE_ON_FAILURE)

2019-07-09 18:10:29 - [MESSAGE][NOT_RUN] - NOT_RUN: click(findTestObject("APOLLO- Desktop/Product page/number-2"), CONTINUE_ON_FAILURE)

2019-07-09 18:10:29 - [TEST_STEP][NOT_RUN] - delay(2, CONTINUE_ON_FAILURE): NOT_RUN: delay(2, CONTINUE_ON_FAILURE)

2019-07-09 18:10:29 - [MESSAGE][NOT_RUN] - NOT_RUN: delay(2, CONTINUE_ON_FAILURE)

2019-07-09 18:10:29 - [TEST_STEP][NOT_RUN] - click(findTestObject("APOLLO- Desktop/Product page/a_Next"), CONTINUE_ON_FAILURE): NOT_RUN: click(findTestObject("APOLLO- Desktop/Product page/a_Next"), CONTINUE_ON_FAILURE)

2019-07-09 18:10:29 - [MESSAGE][NOT_RUN] - NOT_RUN: click(findTestObject("APOLLO- Desktop/Product page/a_Next"), CONTINUE_ON_FAILURE)

2019-07-09 18:10:29 - [TEST_STEP][NOT_RUN] - delay(2, CONTINUE_ON_FAILURE): NOT_RUN: delay(2, CONTINUE_ON_FAILURE)

2019-07-09 18:10:29 - [MESSAGE][NOT_RUN] - NOT_RUN: delay(2, CONTINUE_ON_FAILURE)

2019-07-09 18:10:29 - [TEST_STEP][NOT_RUN] - click(findTestObject("APOLLO- Desktop/Product page/a_ Previous"), CONTINUE_ON_FAILURE): NOT_RUN: click(findTestObject("APOLLO- Desktop/Product page/a_ Previous"), CONTINUE_ON_FAILURE)

2019-07-09 18:10:29 - [MESSAGE][NOT_RUN] - NOT_RUN: click(findTestObject("APOLLO- Desktop/Product page/a_ Previous"), CONTINUE_ON_FAILURE)]]></system-out>
         <system-err><![CDATA[]]></system-err>
      </testcase>
      <testcase name="Test Cases/PRODUCT PAGE/You might also like" classname="Test Cases/PRODUCT PAGE/You might also like" status="PASSED">
         <system-out><![CDATA[2019-07-09 18:10:29 - [TEST_CASE][PASSED] - Test Cases/PRODUCT PAGE/You might also like: Test Cases/PRODUCT PAGE/You might also like

2019-07-09 18:10:29 - [TEST_STEP][PASSED] - callTestCase(findTestCase("CALL - URL"), [:], STOP_ON_FAILURE): Call Test Case 'Test Cases/CALL - URL' successfully

2019-07-09 18:10:29 - [TEST_CASE][PASSED] - Test Cases/CALL - URL: Test Cases/CALL - URL

2019-07-09 18:10:29 - [TEST_STEP][PASSED] - openBrowser(""): Browser is opened with url: ''

2019-07-09 18:10:29 - [MESSAGE][WARNING] - A browser is already opened. Closing browser and opening a new one

2019-07-09 18:10:31 - [MESSAGE][INFO] - Starting 'Remote' driver

2019-07-09 18:10:31 - [MESSAGE][INFO] - User set preference: ['os', 'Windows']

2019-07-09 18:10:31 - [MESSAGE][INFO] - User set preference: ['os_version', '10']

2019-07-09 18:10:31 - [MESSAGE][INFO] - User set preference: ['browser', 'Chrome']

2019-07-09 18:10:31 - [MESSAGE][INFO] - User set preference: ['browser_version', '75.0']

2019-07-09 18:10:31 - [MESSAGE][INFO] - User set preference: ['resolution', '1280x1024']

2019-07-09 18:10:31 - [MESSAGE][INFO] - User set preference: ['browserstack.local', 'false']

2019-07-09 18:10:31 - [MESSAGE][INFO] - Connecting to remote web server 'https://dianatest3:Z3oqw9ysqTeRQJq5wFCp@hub-cloud.browserstack.com/wd/hub' with type 'Selenium'

2019-07-09 18:10:37 - [MESSAGE][PASSED] - Browser is opened with url: ''

2019-07-09 18:10:37 - [TEST_STEP][PASSED] - navigateToUrl("https://apollo-fireball.myshopify.com/?_ab=0&_fd=0&_sc=1&key=96c2edace7b9967f3a77c2e2b131937136039831e9ec35f31598610005fa8795&preview_theme_id=46803124304"): Navigate to 'https://apollo-fireball.myshopify.com/?_ab=0&_fd=0&_sc=1&key=96c2edace7b9967f3a77c2e2b131937136039831e9ec35f31598610005fa8795&preview_theme_id=46803124304' successfully

2019-07-09 18:10:44 - [MESSAGE][PASSED] - Navigate to 'https://apollo-fireball.myshopify.com/?_ab=0&_fd=0&_sc=1&key=96c2edace7b9967f3a77c2e2b131937136039831e9ec35f31598610005fa8795&preview_theme_id=46803124304' successfully

2019-07-09 18:10:44 - [TEST_STEP][PASSED] - executeJavaScript("var previewBar = document.getElementById("preview-bar-iframe"); previewBar.style.display = "none";", []): Execute JavaScript 'var previewBar = document.getElementById("preview-bar-iframe"); previewBar.style.display = "none";' successfully

2019-07-09 18:10:44 - [MESSAGE][PASSED] - Execute JavaScript 'var previewBar = document.getElementById("preview-bar-iframe"); previewBar.style.display = "none";' successfully

2019-07-09 18:10:44 - [TEST_STEP][PASSED] - maximizeWindow(): Current window maximized

2019-07-09 18:10:46 - [MESSAGE][PASSED] - Current window maximized

2019-07-09 18:10:46 - [MESSAGE][PASSED] - Call Test Case 'Test Cases/CALL - URL' successfully

2019-07-09 18:10:46 - [TEST_STEP][PASSED] - delay(2): Delayed 2 second(s)

2019-07-09 18:10:48 - [MESSAGE][PASSED] - Delayed 2 second(s)

2019-07-09 18:10:48 - [TEST_STEP][PASSED] - click(findTestObject("APOLLO- Desktop/Burger Menu/Burgermenu")): Object: 'Object Repository/APOLLO- Desktop/Burger Menu/Burgermenu' is clicked on

2019-07-09 18:10:49 - [MESSAGE][PASSED] - Object: 'Object Repository/APOLLO- Desktop/Burger Menu/Burgermenu' is clicked on

2019-07-09 18:10:49 - [TEST_STEP][PASSED] - delay(2): Delayed 2 second(s)

2019-07-09 18:10:51 - [MESSAGE][PASSED] - Delayed 2 second(s)

2019-07-09 18:10:51 - [TEST_STEP][PASSED] - click(findTestObject("APOLLO- Desktop/Burger Menu/Shop food")): Object: 'Object Repository/APOLLO- Desktop/Burger Menu/Shop food' is clicked on

2019-07-09 18:10:52 - [MESSAGE][PASSED] - Object: 'Object Repository/APOLLO- Desktop/Burger Menu/Shop food' is clicked on

2019-07-09 18:10:52 - [TEST_STEP][PASSED] - delay(2): Delayed 2 second(s)

2019-07-09 18:10:54 - [MESSAGE][PASSED] - Delayed 2 second(s)

2019-07-09 18:10:54 - [TEST_STEP][PASSED] - click(findTestObject("APOLLO- Desktop/Burger Menu/Beef")): Object: 'Object Repository/APOLLO- Desktop/Burger Menu/Beef' is clicked on

2019-07-09 18:10:56 - [MESSAGE][PASSED] - Object: 'Object Repository/APOLLO- Desktop/Burger Menu/Beef' is clicked on

2019-07-09 18:10:56 - [TEST_STEP][PASSED] - delay(2): Delayed 2 second(s)

2019-07-09 18:10:58 - [MESSAGE][PASSED] - Delayed 2 second(s)

2019-07-09 18:10:58 - [TEST_STEP][PASSED] - executeJavaScript("var previewBar = document.getElementById("preview-bar-iframe"); previewBar.style.display = "none";", []): Execute JavaScript 'var previewBar = document.getElementById("preview-bar-iframe"); previewBar.style.display = "none";' successfully

2019-07-09 18:10:59 - [MESSAGE][PASSED] - Execute JavaScript 'var previewBar = document.getElementById("preview-bar-iframe"); previewBar.style.display = "none";' successfully

2019-07-09 18:10:59 - [TEST_STEP][PASSED] - delay(2): Delayed 2 second(s)

2019-07-09 18:11:01 - [MESSAGE][PASSED] - Delayed 2 second(s)

2019-07-09 18:11:01 - [TEST_STEP][PASSED] - click(findTestObject("APOLLO- Desktop/Collection page/Beef skewers")): Object: 'Object Repository/APOLLO- Desktop/Collection page/Beef skewers' is clicked on

2019-07-09 18:11:06 - [MESSAGE][PASSED] - Object: 'Object Repository/APOLLO- Desktop/Collection page/Beef skewers' is clicked on

2019-07-09 18:11:06 - [TEST_STEP][PASSED] - executeJavaScript("var previewBar = document.getElementById("preview-bar-iframe"); previewBar.style.display = "none";", []): Execute JavaScript 'var previewBar = document.getElementById("preview-bar-iframe"); previewBar.style.display = "none";' successfully

2019-07-09 18:11:06 - [MESSAGE][PASSED] - Execute JavaScript 'var previewBar = document.getElementById("preview-bar-iframe"); previewBar.style.display = "none";' successfully

2019-07-09 18:11:06 - [TEST_STEP][PASSED] - delay(2): Delayed 2 second(s)

2019-07-09 18:11:08 - [MESSAGE][PASSED] - Delayed 2 second(s)

2019-07-09 18:11:08 - [TEST_STEP][PASSED] - click(findTestObject("APOLLO- Desktop/Product page/You might alos like/you might also like")): Object: 'Object Repository/APOLLO- Desktop/Product page/You might alos like/you might also like' is clicked on

2019-07-09 18:11:08 - [MESSAGE][PASSED] - Object: 'Object Repository/APOLLO- Desktop/Product page/You might alos like/you might also like' is clicked on

2019-07-09 18:11:08 - [TEST_STEP][PASSED] - delay(2): Delayed 2 second(s)

2019-07-09 18:11:10 - [MESSAGE][PASSED] - Delayed 2 second(s)

2019-07-09 18:11:10 - [TEST_STEP][PASSED] - click(findTestObject("APOLLO- Desktop/Product page/You might alos like/Next button")): Object: 'Object Repository/APOLLO- Desktop/Product page/You might alos like/Next button' is clicked on

2019-07-09 18:11:11 - [MESSAGE][PASSED] - Object: 'Object Repository/APOLLO- Desktop/Product page/You might alos like/Next button' is clicked on

2019-07-09 18:11:11 - [TEST_STEP][PASSED] - delay(2): Delayed 2 second(s)

2019-07-09 18:11:13 - [MESSAGE][PASSED] - Delayed 2 second(s)

2019-07-09 18:11:13 - [TEST_STEP][PASSED] - click(findTestObject("APOLLO- Desktop/Product page/You might alos like/Previous button")): Object: 'Object Repository/APOLLO- Desktop/Product page/You might alos like/Previous button' is clicked on

2019-07-09 18:11:13 - [MESSAGE][PASSED] - Object: 'Object Repository/APOLLO- Desktop/Product page/You might alos like/Previous button' is clicked on

2019-07-09 18:11:13 - [TEST_STEP][PASSED] - delay(2): Delayed 2 second(s)

2019-07-09 18:11:15 - [MESSAGE][PASSED] - Delayed 2 second(s)

2019-07-09 18:11:15 - [TEST_STEP][PASSED] - click(findTestObject("APOLLO- Desktop/Product page/You might alos like/Product tile")): Object: 'Object Repository/APOLLO- Desktop/Product page/You might alos like/Product tile' is clicked on

2019-07-09 18:11:19 - [MESSAGE][PASSED] - Object: 'Object Repository/APOLLO- Desktop/Product page/You might alos like/Product tile' is clicked on

2019-07-09 18:11:19 - [TEST_STEP][PASSED] - delay(2): Delayed 2 second(s)

2019-07-09 18:11:21 - [MESSAGE][PASSED] - Delayed 2 second(s)

2019-07-09 18:11:21 - [TEST_STEP][PASSED] - click(findTestObject("APOLLO- Desktop/Product page/Add to bag")): Object: 'Object Repository/APOLLO- Desktop/Product page/Add to bag' is clicked on

2019-07-09 18:11:21 - [MESSAGE][PASSED] - Object: 'Object Repository/APOLLO- Desktop/Product page/Add to bag' is clicked on

2019-07-09 18:11:21 - [TEST_STEP][PASSED] - delay(2): Delayed 2 second(s)

2019-07-09 18:11:23 - [MESSAGE][PASSED] - Delayed 2 second(s)

2019-07-09 18:11:23 - [TEST_STEP][PASSED] - executeJavaScript("var previewBar = document.getElementById("preview-bar-iframe"); previewBar.style.display = "none";", []): Execute JavaScript 'var previewBar = document.getElementById("preview-bar-iframe"); previewBar.style.display = "none";' successfully

2019-07-09 18:11:23 - [MESSAGE][PASSED] - Execute JavaScript 'var previewBar = document.getElementById("preview-bar-iframe"); previewBar.style.display = "none";' successfully

2019-07-09 18:11:23 - [TEST_STEP][PASSED] - click(findTestObject("APOLLO- Desktop/Cart flyout/Checkout")): Object: 'Object Repository/APOLLO- Desktop/Cart flyout/Checkout' is clicked on

2019-07-09 18:11:26 - [MESSAGE][PASSED] - Object: 'Object Repository/APOLLO- Desktop/Cart flyout/Checkout' is clicked on

2019-07-09 18:11:26 - [TEST_STEP][PASSED] - callTestCase(findTestCase("CALL- CUSTOMER INFO PAGE"), [:], STOP_ON_FAILURE): Call Test Case 'Test Cases/CALL- CUSTOMER INFO PAGE' successfully

2019-07-09 18:11:26 - [TEST_CASE][PASSED] - Test Cases/CALL- CUSTOMER INFO PAGE: Test Cases/CALL- CUSTOMER INFO PAGE

2019-07-09 18:11:27 - [TEST_STEP][PASSED] - delay(2): Delayed 2 second(s)

2019-07-09 18:11:29 - [MESSAGE][PASSED] - Delayed 2 second(s)

2019-07-09 18:11:29 - [TEST_STEP][PASSED] - executeJavaScript("var previewBar = document.getElementById("preview-bar-iframe"); previewBar.style.display = "none";", []): Execute JavaScript 'var previewBar = document.getElementById("preview-bar-iframe"); previewBar.style.display = "none";' successfully

2019-07-09 18:11:29 - [MESSAGE][PASSED] - Execute JavaScript 'var previewBar = document.getElementById("preview-bar-iframe"); previewBar.style.display = "none";' successfully

2019-07-09 18:11:29 - [TEST_STEP][PASSED] - setText(findTestObject("APOLLO- Desktop/Customer Information page/Email"), "suman@gmail.com"): Text 'suman@gmail.com' is set on object 'Object Repository/APOLLO- Desktop/Customer Information page/Email'

2019-07-09 18:11:30 - [MESSAGE][PASSED] - Text 'suman@gmail.com' is set on object 'Object Repository/APOLLO- Desktop/Customer Information page/Email'

2019-07-09 18:11:30 - [TEST_STEP][PASSED] - delay(2): Delayed 2 second(s)

2019-07-09 18:11:32 - [MESSAGE][PASSED] - Delayed 2 second(s)

2019-07-09 18:11:32 - [TEST_STEP][PASSED] - setText(findTestObject("APOLLO- Desktop/Customer Information page/First name"), "suman"): Text 'suman' is set on object 'Object Repository/APOLLO- Desktop/Customer Information page/First name'

2019-07-09 18:11:32 - [MESSAGE][PASSED] - Text 'suman' is set on object 'Object Repository/APOLLO- Desktop/Customer Information page/First name'

2019-07-09 18:11:32 - [TEST_STEP][PASSED] - delay(2): Delayed 2 second(s)

2019-07-09 18:11:34 - [MESSAGE][PASSED] - Delayed 2 second(s)

2019-07-09 18:11:34 - [TEST_STEP][PASSED] - setText(findTestObject("APOLLO- Desktop/Customer Information page/Last name"), "kompelly"): Text 'kompelly' is set on object 'Object Repository/APOLLO- Desktop/Customer Information page/Last name'

2019-07-09 18:11:35 - [MESSAGE][PASSED] - Text 'kompelly' is set on object 'Object Repository/APOLLO- Desktop/Customer Information page/Last name'

2019-07-09 18:11:35 - [TEST_STEP][PASSED] - delay(2): Delayed 2 second(s)

2019-07-09 18:11:37 - [MESSAGE][PASSED] - Delayed 2 second(s)

2019-07-09 18:11:37 - [TEST_STEP][PASSED] - setText(findTestObject("APOLLO- Desktop/Customer Information page/Address"), "1435 st alxendre"): Text '1435 st alxendre' is set on object 'Object Repository/APOLLO- Desktop/Customer Information page/Address'

2019-07-09 18:11:38 - [MESSAGE][PASSED] - Text '1435 st alxendre' is set on object 'Object Repository/APOLLO- Desktop/Customer Information page/Address'

2019-07-09 18:11:38 - [TEST_STEP][PASSED] - setText(findTestObject("APOLLO- Desktop/Customer Information page/Apartment"), "220"): Text '220' is set on object 'Object Repository/APOLLO- Desktop/Customer Information page/Apartment'

2019-07-09 18:11:39 - [MESSAGE][PASSED] - Text '220' is set on object 'Object Repository/APOLLO- Desktop/Customer Information page/Apartment'

2019-07-09 18:11:39 - [TEST_STEP][PASSED] - setText(findTestObject("APOLLO- Desktop/Customer Information page/City"), "montreal"): Text 'montreal' is set on object 'Object Repository/APOLLO- Desktop/Customer Information page/City'

2019-07-09 18:11:40 - [MESSAGE][PASSED] - Text 'montreal' is set on object 'Object Repository/APOLLO- Desktop/Customer Information page/City'

2019-07-09 18:11:40 - [TEST_STEP][PASSED] - selectOptionByValue(findTestObject("APOLLO- Desktop/Customer Information page/Country dropdown"), "United States", true): All options with value 'United States' are selected in object 'Object Repository/APOLLO- Desktop/Customer Information page/Country dropdown'  using regular expression

2019-07-09 18:12:25 - [MESSAGE][PASSED] - All options with value 'United States' are selected in object 'Object Repository/APOLLO- Desktop/Customer Information page/Country dropdown'  using regular expression

2019-07-09 18:12:25 - [TEST_STEP][PASSED] - selectOptionByValue(findTestObject("APOLLO- Desktop/Customer Information page/states dropdown"), "NJ", true): All options with value 'NJ' are selected in object 'Object Repository/APOLLO- Desktop/Customer Information page/states dropdown'  using regular expression

2019-07-09 18:12:37 - [MESSAGE][PASSED] - All options with value 'NJ' are selected in object 'Object Repository/APOLLO- Desktop/Customer Information page/states dropdown'  using regular expression

2019-07-09 18:12:37 - [TEST_STEP][PASSED] - setText(findTestObject("APOLLO- Desktop/Customer Information page/ZIP code"), "07057"): Text '07057' is set on object 'Object Repository/APOLLO- Desktop/Customer Information page/ZIP code'

2019-07-09 18:12:38 - [MESSAGE][PASSED] - Text '07057' is set on object 'Object Repository/APOLLO- Desktop/Customer Information page/ZIP code'

2019-07-09 18:12:38 - [MESSAGE][PASSED] - Call Test Case 'Test Cases/CALL- CUSTOMER INFO PAGE' successfully

2019-07-09 18:12:38 - [TEST_STEP][PASSED] - delay(2): Delayed 2 second(s)

2019-07-09 18:12:40 - [MESSAGE][PASSED] - Delayed 2 second(s)

2019-07-09 18:12:40 - [TEST_STEP][PASSED] - callTestCase(findTestCase("CALL - SHIPPING TO PAYMENT"), [:], STOP_ON_FAILURE): Call Test Case 'Test Cases/CALL - SHIPPING TO PAYMENT' successfully

2019-07-09 18:12:40 - [TEST_CASE][PASSED] - Test Cases/CALL - SHIPPING TO PAYMENT: Test Cases/CALL - SHIPPING TO PAYMENT

2019-07-09 18:12:40 - [TEST_STEP][PASSED] - click(findTestObject("APOLLO- Desktop/Customer Information page/Continue to shipping")): Object: 'Object Repository/APOLLO- Desktop/Customer Information page/Continue to shipping' is clicked on

2019-07-09 18:12:43 - [MESSAGE][PASSED] - Object: 'Object Repository/APOLLO- Desktop/Customer Information page/Continue to shipping' is clicked on

2019-07-09 18:12:43 - [TEST_STEP][PASSED] - executeJavaScript("var previewBar = document.getElementById("preview-bar-iframe"); previewBar.style.display = "none";", []): Execute JavaScript 'var previewBar = document.getElementById("preview-bar-iframe"); previewBar.style.display = "none";' successfully

2019-07-09 18:12:43 - [MESSAGE][PASSED] - Execute JavaScript 'var previewBar = document.getElementById("preview-bar-iframe"); previewBar.style.display = "none";' successfully

2019-07-09 18:12:43 - [TEST_STEP][PASSED] - click(findTestObject("APOLLO- Desktop/Shipping page/Radio button check")): Object: 'Object Repository/APOLLO- Desktop/Shipping page/Radio button check' is clicked on

2019-07-09 18:12:44 - [MESSAGE][PASSED] - Object: 'Object Repository/APOLLO- Desktop/Shipping page/Radio button check' is clicked on

2019-07-09 18:12:44 - [TEST_STEP][PASSED] - executeJavaScript("var previewBar = document.getElementById("preview-bar-iframe"); previewBar.style.display = "none";", []): Execute JavaScript 'var previewBar = document.getElementById("preview-bar-iframe"); previewBar.style.display = "none";' successfully

2019-07-09 18:12:44 - [MESSAGE][PASSED] - Execute JavaScript 'var previewBar = document.getElementById("preview-bar-iframe"); previewBar.style.display = "none";' successfully

2019-07-09 18:12:44 - [TEST_STEP][PASSED] - click(findTestObject("APOLLO- Desktop/Shipping page/Continue to payment")): Object: 'Object Repository/APOLLO- Desktop/Shipping page/Continue to payment' is clicked on

2019-07-09 18:12:47 - [MESSAGE][PASSED] - Object: 'Object Repository/APOLLO- Desktop/Shipping page/Continue to payment' is clicked on

2019-07-09 18:12:47 - [TEST_STEP][PASSED] - executeJavaScript("var previewBar = document.getElementById("preview-bar-iframe"); previewBar.style.display = "none";", []): Execute JavaScript 'var previewBar = document.getElementById("preview-bar-iframe"); previewBar.style.display = "none";' successfully

2019-07-09 18:12:47 - [MESSAGE][PASSED] - Execute JavaScript 'var previewBar = document.getElementById("preview-bar-iframe"); previewBar.style.display = "none";' successfully

2019-07-09 18:12:47 - [TEST_STEP][PASSED] - verifyTextPresent("Payment", false): Text 'Payment' is present on page 

2019-07-09 18:12:48 - [MESSAGE][PASSED] - Text 'Payment' is present on page 

2019-07-09 18:12:48 - [MESSAGE][PASSED] - Call Test Case 'Test Cases/CALL - SHIPPING TO PAYMENT' successfully]]></system-out>
         <system-err><![CDATA[]]></system-err>
      </testcase>
      <testcase name="Test Cases/PRODUCT PAGE/Shop all products CTA" classname="Test Cases/PRODUCT PAGE/Shop all products CTA" status="PASSED">
         <system-out><![CDATA[2019-07-09 18:12:48 - [TEST_CASE][PASSED] - Test Cases/PRODUCT PAGE/Shop all products CTA: Test Cases/PRODUCT PAGE/Shop all products CTA

2019-07-09 18:12:48 - [TEST_STEP][PASSED] - callTestCase(findTestCase("CALL - URL"), [:], STOP_ON_FAILURE): Call Test Case 'Test Cases/CALL - URL' successfully

2019-07-09 18:12:48 - [TEST_CASE][PASSED] - Test Cases/CALL - URL: Test Cases/CALL - URL

2019-07-09 18:12:48 - [TEST_STEP][PASSED] - openBrowser(""): Browser is opened with url: ''

2019-07-09 18:12:48 - [MESSAGE][WARNING] - A browser is already opened. Closing browser and opening a new one

2019-07-09 18:12:50 - [MESSAGE][INFO] - Starting 'Remote' driver

2019-07-09 18:12:50 - [MESSAGE][INFO] - User set preference: ['os', 'Windows']

2019-07-09 18:12:50 - [MESSAGE][INFO] - User set preference: ['os_version', '10']

2019-07-09 18:12:50 - [MESSAGE][INFO] - User set preference: ['browser', 'Chrome']

2019-07-09 18:12:50 - [MESSAGE][INFO] - User set preference: ['browser_version', '75.0']

2019-07-09 18:12:50 - [MESSAGE][INFO] - User set preference: ['resolution', '1280x1024']

2019-07-09 18:12:50 - [MESSAGE][INFO] - User set preference: ['browserstack.local', 'false']

2019-07-09 18:12:50 - [MESSAGE][INFO] - Connecting to remote web server 'https://dianatest3:Z3oqw9ysqTeRQJq5wFCp@hub-cloud.browserstack.com/wd/hub' with type 'Selenium'

2019-07-09 18:12:57 - [MESSAGE][PASSED] - Browser is opened with url: ''

2019-07-09 18:12:57 - [TEST_STEP][PASSED] - navigateToUrl("https://apollo-fireball.myshopify.com/?_ab=0&_fd=0&_sc=1&key=96c2edace7b9967f3a77c2e2b131937136039831e9ec35f31598610005fa8795&preview_theme_id=46803124304"): Navigate to 'https://apollo-fireball.myshopify.com/?_ab=0&_fd=0&_sc=1&key=96c2edace7b9967f3a77c2e2b131937136039831e9ec35f31598610005fa8795&preview_theme_id=46803124304' successfully

2019-07-09 18:13:06 - [MESSAGE][PASSED] - Navigate to 'https://apollo-fireball.myshopify.com/?_ab=0&_fd=0&_sc=1&key=96c2edace7b9967f3a77c2e2b131937136039831e9ec35f31598610005fa8795&preview_theme_id=46803124304' successfully

2019-07-09 18:13:06 - [TEST_STEP][PASSED] - executeJavaScript("var previewBar = document.getElementById("preview-bar-iframe"); previewBar.style.display = "none";", []): Execute JavaScript 'var previewBar = document.getElementById("preview-bar-iframe"); previewBar.style.display = "none";' successfully

2019-07-09 18:13:07 - [MESSAGE][PASSED] - Execute JavaScript 'var previewBar = document.getElementById("preview-bar-iframe"); previewBar.style.display = "none";' successfully

2019-07-09 18:13:07 - [TEST_STEP][PASSED] - maximizeWindow(): Current window maximized

2019-07-09 18:13:09 - [MESSAGE][PASSED] - Current window maximized

2019-07-09 18:13:09 - [MESSAGE][PASSED] - Call Test Case 'Test Cases/CALL - URL' successfully

2019-07-09 18:13:09 - [TEST_STEP][PASSED] - delay(2): Delayed 2 second(s)

2019-07-09 18:13:11 - [MESSAGE][PASSED] - Delayed 2 second(s)

2019-07-09 18:13:11 - [TEST_STEP][PASSED] - click(findTestObject("APOLLO- Desktop/Burger Menu/Burgermenu")): Object: 'Object Repository/APOLLO- Desktop/Burger Menu/Burgermenu' is clicked on

2019-07-09 18:13:12 - [MESSAGE][PASSED] - Object: 'Object Repository/APOLLO- Desktop/Burger Menu/Burgermenu' is clicked on

2019-07-09 18:13:12 - [TEST_STEP][PASSED] - delay(2): Delayed 2 second(s)

2019-07-09 18:13:14 - [MESSAGE][PASSED] - Delayed 2 second(s)

2019-07-09 18:13:14 - [TEST_STEP][PASSED] - click(findTestObject("APOLLO- Desktop/Burger Menu/Shop food")): Object: 'Object Repository/APOLLO- Desktop/Burger Menu/Shop food' is clicked on

2019-07-09 18:13:14 - [MESSAGE][PASSED] - Object: 'Object Repository/APOLLO- Desktop/Burger Menu/Shop food' is clicked on

2019-07-09 18:13:14 - [TEST_STEP][PASSED] - delay(2): Delayed 2 second(s)

2019-07-09 18:13:16 - [MESSAGE][PASSED] - Delayed 2 second(s)

2019-07-09 18:13:16 - [TEST_STEP][PASSED] - click(findTestObject("APOLLO- Desktop/Burger Menu/Beef")): Object: 'Object Repository/APOLLO- Desktop/Burger Menu/Beef' is clicked on

2019-07-09 18:13:20 - [MESSAGE][PASSED] - Object: 'Object Repository/APOLLO- Desktop/Burger Menu/Beef' is clicked on

2019-07-09 18:13:20 - [TEST_STEP][PASSED] - delay(2): Delayed 2 second(s)

2019-07-09 18:13:22 - [MESSAGE][PASSED] - Delayed 2 second(s)

2019-07-09 18:13:22 - [TEST_STEP][PASSED] - executeJavaScript("var previewBar = document.getElementById("preview-bar-iframe"); previewBar.style.display = "none";", []): Execute JavaScript 'var previewBar = document.getElementById("preview-bar-iframe"); previewBar.style.display = "none";' successfully

2019-07-09 18:13:25 - [MESSAGE][PASSED] - Execute JavaScript 'var previewBar = document.getElementById("preview-bar-iframe"); previewBar.style.display = "none";' successfully

2019-07-09 18:13:25 - [TEST_STEP][PASSED] - delay(2): Delayed 2 second(s)

2019-07-09 18:13:27 - [MESSAGE][PASSED] - Delayed 2 second(s)

2019-07-09 18:13:27 - [TEST_STEP][PASSED] - click(findTestObject("APOLLO- Desktop/Collection page/Beef skewers")): Object: 'Object Repository/APOLLO- Desktop/Collection page/Beef skewers' is clicked on

2019-07-09 18:13:31 - [MESSAGE][PASSED] - Object: 'Object Repository/APOLLO- Desktop/Collection page/Beef skewers' is clicked on

2019-07-09 18:13:31 - [TEST_STEP][PASSED] - executeJavaScript("var previewBar = document.getElementById("preview-bar-iframe"); previewBar.style.display = "none";", []): Execute JavaScript 'var previewBar = document.getElementById("preview-bar-iframe"); previewBar.style.display = "none";' successfully

2019-07-09 18:13:31 - [MESSAGE][PASSED] - Execute JavaScript 'var previewBar = document.getElementById("preview-bar-iframe"); previewBar.style.display = "none";' successfully

2019-07-09 18:13:31 - [TEST_STEP][PASSED] - delay(2): Delayed 2 second(s)

2019-07-09 18:13:33 - [MESSAGE][PASSED] - Delayed 2 second(s)

2019-07-09 18:13:33 - [TEST_STEP][PASSED] - click(findTestObject("APOLLO- Desktop/Product page/a_Shop all products")): Object: 'Object Repository/APOLLO- Desktop/Product page/a_Shop all products' is clicked on

2019-07-09 18:13:36 - [MESSAGE][PASSED] - Object: 'Object Repository/APOLLO- Desktop/Product page/a_Shop all products' is clicked on

2019-07-09 18:13:36 - [TEST_STEP][PASSED] - a = getWindowTitle(): Current window's title is: 'Products – Apollo Fireball'

2019-07-09 18:13:36 - [MESSAGE][PASSED] - Current window's title is: 'Products – Apollo Fireball'

2019-07-09 18:13:36 - [TEST_STEP][PASSED] - comment(" a=" + a):  a=Products – Apollo Fireball

2019-07-09 18:13:36 - [MESSAGE][INFO] -  a=Products – Apollo Fireball

2019-07-09 18:13:36 - [TEST_STEP][PASSED] - b = "Products – Diff Apollo": null

2019-07-09 18:13:36 - [TEST_STEP][PASSED] - if (a == b): null

2019-07-09 18:13:36 - [TEST_STEP][PASSED] - else: wrong page

2019-07-09 18:13:36 - [TEST_STEP][PASSED] - comment("wrong page"): wrong page

2019-07-09 18:13:36 - [MESSAGE][INFO] - wrong page]]></system-out>
         <system-err><![CDATA[]]></system-err>
      </testcase>
      <testcase name="Test Cases/CRITICAL PATH/Home page - add to bag CTA" classname="Test Cases/CRITICAL PATH/Home page - add to bag CTA" status="FAILED">
         <failure type="FAILED" message="Test Cases/CRITICAL PATH/Home page - add to bag CTA FAILED.
Reason:
com.kms.katalon.core.exception.StepFailedException: Unable to click on object 'Object Repository/APOLLO- Desktop/Home page/cart icon open' (Root cause: org.openqa.selenium.WebDriverException: element click intercepted: Element &lt;label for=&quot;minicart&quot; class=&quot;o-flyout-trigger js-flyout-trigger--cart o-icon o-icon--header c-header-icon js-cart-count has-item&quot;>...&lt;/label> is not clickable at point (1243, 30). Other element would receive the click: &lt;div class=&quot;c-cart-flyout-header&quot;>...&lt;/div>
  (Session info: chrome=75.0.3770.80)
  (Driver info: chromedriver=75.0.3770.8 (681f24ea911fe754973dda2fdc6d2a2e159dd300-refs/branch-heads/3770@{#40}),platform=Windows NT 10.0.17134 x86_64) (WARNING: The server did not provide any stacktrace information)
Command duration or timeout: 262 milliseconds
Build info: version: '2.53.0', revision: '35ae25b', time: '2016-03-15 17:00:58'
System info: host: '207-254-76-89', ip: '207.254.76.89', os.name: 'windows', os.arch: 'x86', os.version: '10.0', java.version: '1.8.0_181'
Driver info: org.openqa.selenium.chrome.ChromeDriver
Capabilities [{mobileEmulationEnabled=false, timeouts={implicit=0, pageLoad=300000, script=30000}, hasTouchScreen=false, platform=XP, acceptSslCerts=false, goog:chromeOptions={debuggerAddress=localhost:1743}, acceptInsecureCerts=false, webStorageEnabled=true, browserName=chrome, takesScreenshot=true, javascriptEnabled=true, setWindowRect=true, unexpectedAlertBehaviour=ignore, applicationCacheEnabled=false, rotatable=false, networkConnectionEnabled=false, chrome={chromedriverVersion=75.0.3770.8 (681f24ea911fe754973dda2fdc6d2a2e159dd300-refs/branch-heads/3770@{#40}), userDataDir=C:\Windows\proxy\scoped_dir492_10854}, takesHeapSnapshot=true, pageLoadStrategy=normal, strictFileInteractability=false, databaseEnabled=false, handlesAlerts=true, version=75.0.3770.80, browserConnectionEnabled=false, proxy={}, nativeEvents=true, locationContextEnabled=true, cssSelectorsEnabled=true}]
Session ID: 9efa5cada94597c75fb32a83d097677f
Command duration or timeout: 0 milliseconds)
	at com.kms.katalon.core.keyword.internal.KeywordMain.stepFailed(KeywordMain.groovy:36)
	at com.kms.katalon.core.webui.keyword.internal.WebUIKeywordMain.stepFailed(WebUIKeywordMain.groovy:65)
	at com.kms.katalon.core.webui.keyword.internal.WebUIKeywordMain.runKeyword(WebUIKeywordMain.groovy:27)
	at com.kms.katalon.core.webui.keyword.builtin.ClickKeyword.click(ClickKeyword.groovy:86)
	at com.kms.katalon.core.webui.keyword.builtin.ClickKeyword.execute(ClickKeyword.groovy:67)
	at com.kms.katalon.core.keyword.internal.KeywordExecutor.executeKeywordForPlatform(KeywordExecutor.groovy:53)
	at com.kms.katalon.core.webui.keyword.WebUiBuiltInKeywords.click(WebUiBuiltInKeywords.groovy:616)
	at com.kms.katalon.core.webui.keyword.WebUiBuiltInKeywords$click$3.call(Unknown Source)
	at Home page - add to bag CTA.run(Home page - add to bag CTA:160)
	at com.kms.katalon.core.main.ScriptEngine.run(ScriptEngine.java:194)
	at com.kms.katalon.core.main.ScriptEngine.runScriptAsRawText(ScriptEngine.java:119)
	at com.kms.katalon.core.main.TestCaseExecutor.runScript(TestCaseExecutor.java:328)
	at com.kms.katalon.core.main.TestCaseExecutor.doExecute(TestCaseExecutor.java:319)
	at com.kms.katalon.core.main.TestCaseExecutor.processExecutionPhase(TestCaseExecutor.java:298)
	at com.kms.katalon.core.main.TestCaseExecutor.accessMainPhase(TestCaseExecutor.java:290)
	at com.kms.katalon.core.main.TestCaseExecutor.execute(TestCaseExecutor.java:224)
	at com.kms.katalon.core.main.TestSuiteExecutor.accessTestCaseMainPhase(TestSuiteExecutor.java:129)
	at com.kms.katalon.core.main.TestSuiteExecutor.accessTestSuiteMainPhase(TestSuiteExecutor.java:112)
	at com.kms.katalon.core.main.TestSuiteExecutor.execute(TestSuiteExecutor.java:81)
	at com.kms.katalon.core.main.TestCaseMain.startTestSuite(TestCaseMain.java:149)
	at com.kms.katalon.core.main.TestCaseMain$startTestSuite$0.call(Unknown Source)
	at TempTestSuite1562709134358.run(TempTestSuite1562709134358.groovy:36)
"/>
         <system-out><![CDATA[2019-07-09 18:13:36 - [TEST_CASE][FAILED] - Test Cases/CRITICAL PATH/Home page - add to bag CTA: Test Cases/CRITICAL PATH/Home page - add to bag CTA FAILED.
Reason:
com.kms.katalon.core.exception.StepFailedException: Unable to click on object 'Object Repository/APOLLO- Desktop/Home page/cart icon open' (Root cause: org.openqa.selenium.WebDriverException: element click intercepted: Element <label for="minicart" class="o-flyout-trigger js-flyout-trigger--cart o-icon o-icon--header c-header-icon js-cart-count has-item">...</label> is not clickable at point (1243, 30). Other element would receive the click: <div class="c-cart-flyout-header">...</div>
  (Session info: chrome=75.0.3770.80)
  (Driver info: chromedriver=75.0.3770.8 (681f24ea911fe754973dda2fdc6d2a2e159dd300-refs/branch-heads/3770@{#40}),platform=Windows NT 10.0.17134 x86_64) (WARNING: The server did not provide any stacktrace information)
Command duration or timeout: 262 milliseconds
Build info: version: '2.53.0', revision: '35ae25b', time: '2016-03-15 17:00:58'
System info: host: '207-254-76-89', ip: '207.254.76.89', os.name: 'windows', os.arch: 'x86', os.version: '10.0', java.version: '1.8.0_181'
Driver info: org.openqa.selenium.chrome.ChromeDriver
Capabilities [{mobileEmulationEnabled=false, timeouts={implicit=0, pageLoad=300000, script=30000}, hasTouchScreen=false, platform=XP, acceptSslCerts=false, goog:chromeOptions={debuggerAddress=localhost:1743}, acceptInsecureCerts=false, webStorageEnabled=true, browserName=chrome, takesScreenshot=true, javascriptEnabled=true, setWindowRect=true, unexpectedAlertBehaviour=ignore, applicationCacheEnabled=false, rotatable=false, networkConnectionEnabled=false, chrome={chromedriverVersion=75.0.3770.8 (681f24ea911fe754973dda2fdc6d2a2e159dd300-refs/branch-heads/3770@{#40}), userDataDir=C:\Windows\proxy\scoped_dir492_10854}, takesHeapSnapshot=true, pageLoadStrategy=normal, strictFileInteractability=false, databaseEnabled=false, handlesAlerts=true, version=75.0.3770.80, browserConnectionEnabled=false, proxy={}, nativeEvents=true, locationContextEnabled=true, cssSelectorsEnabled=true}]
Session ID: 9efa5cada94597c75fb32a83d097677f
Command duration or timeout: 0 milliseconds)
	at com.kms.katalon.core.keyword.internal.KeywordMain.stepFailed(KeywordMain.groovy:36)
	at com.kms.katalon.core.webui.keyword.internal.WebUIKeywordMain.stepFailed(WebUIKeywordMain.groovy:65)
	at com.kms.katalon.core.webui.keyword.internal.WebUIKeywordMain.runKeyword(WebUIKeywordMain.groovy:27)
	at com.kms.katalon.core.webui.keyword.builtin.ClickKeyword.click(ClickKeyword.groovy:86)
	at com.kms.katalon.core.webui.keyword.builtin.ClickKeyword.execute(ClickKeyword.groovy:67)
	at com.kms.katalon.core.keyword.internal.KeywordExecutor.executeKeywordForPlatform(KeywordExecutor.groovy:53)
	at com.kms.katalon.core.webui.keyword.WebUiBuiltInKeywords.click(WebUiBuiltInKeywords.groovy:616)
	at com.kms.katalon.core.webui.keyword.WebUiBuiltInKeywords$click$3.call(Unknown Source)
	at Home page - add to bag CTA.run(Home page - add to bag CTA:160)
	at com.kms.katalon.core.main.ScriptEngine.run(ScriptEngine.java:194)
	at com.kms.katalon.core.main.ScriptEngine.runScriptAsRawText(ScriptEngine.java:119)
	at com.kms.katalon.core.main.TestCaseExecutor.runScript(TestCaseExecutor.java:328)
	at com.kms.katalon.core.main.TestCaseExecutor.doExecute(TestCaseExecutor.java:319)
	at com.kms.katalon.core.main.TestCaseExecutor.processExecutionPhase(TestCaseExecutor.java:298)
	at com.kms.katalon.core.main.TestCaseExecutor.accessMainPhase(TestCaseExecutor.java:290)
	at com.kms.katalon.core.main.TestCaseExecutor.execute(TestCaseExecutor.java:224)
	at com.kms.katalon.core.main.TestSuiteExecutor.accessTestCaseMainPhase(TestSuiteExecutor.java:129)
	at com.kms.katalon.core.main.TestSuiteExecutor.accessTestSuiteMainPhase(TestSuiteExecutor.java:112)
	at com.kms.katalon.core.main.TestSuiteExecutor.execute(TestSuiteExecutor.java:81)
	at com.kms.katalon.core.main.TestCaseMain.startTestSuite(TestCaseMain.java:149)
	at com.kms.katalon.core.main.TestCaseMain$startTestSuite$0.call(Unknown Source)
	at TempTestSuite1562709134358.run(TempTestSuite1562709134358.groovy:36)


2019-07-09 18:13:36 - [TEST_STEP][PASSED] - callTestCase(findTestCase("CALL - URL"), [:], STOP_ON_FAILURE): Call Test Case 'Test Cases/CALL - URL' successfully

2019-07-09 18:13:36 - [TEST_CASE][PASSED] - Test Cases/CALL - URL: Test Cases/CALL - URL

2019-07-09 18:13:36 - [TEST_STEP][PASSED] - openBrowser(""): Browser is opened with url: ''

2019-07-09 18:13:36 - [MESSAGE][WARNING] - A browser is already opened. Closing browser and opening a new one

2019-07-09 18:13:38 - [MESSAGE][INFO] - Starting 'Remote' driver

2019-07-09 18:13:38 - [MESSAGE][INFO] - User set preference: ['os', 'Windows']

2019-07-09 18:13:38 - [MESSAGE][INFO] - User set preference: ['os_version', '10']

2019-07-09 18:13:38 - [MESSAGE][INFO] - User set preference: ['browser', 'Chrome']

2019-07-09 18:13:38 - [MESSAGE][INFO] - User set preference: ['browser_version', '75.0']

2019-07-09 18:13:38 - [MESSAGE][INFO] - User set preference: ['resolution', '1280x1024']

2019-07-09 18:13:38 - [MESSAGE][INFO] - User set preference: ['browserstack.local', 'false']

2019-07-09 18:13:38 - [MESSAGE][INFO] - Connecting to remote web server 'https://dianatest3:Z3oqw9ysqTeRQJq5wFCp@hub-cloud.browserstack.com/wd/hub' with type 'Selenium'

2019-07-09 18:13:45 - [MESSAGE][PASSED] - Browser is opened with url: ''

2019-07-09 18:13:45 - [TEST_STEP][PASSED] - navigateToUrl("https://apollo-fireball.myshopify.com/?_ab=0&_fd=0&_sc=1&key=96c2edace7b9967f3a77c2e2b131937136039831e9ec35f31598610005fa8795&preview_theme_id=46803124304"): Navigate to 'https://apollo-fireball.myshopify.com/?_ab=0&_fd=0&_sc=1&key=96c2edace7b9967f3a77c2e2b131937136039831e9ec35f31598610005fa8795&preview_theme_id=46803124304' successfully

2019-07-09 18:13:51 - [MESSAGE][PASSED] - Navigate to 'https://apollo-fireball.myshopify.com/?_ab=0&_fd=0&_sc=1&key=96c2edace7b9967f3a77c2e2b131937136039831e9ec35f31598610005fa8795&preview_theme_id=46803124304' successfully

2019-07-09 18:13:51 - [TEST_STEP][PASSED] - executeJavaScript("var previewBar = document.getElementById("preview-bar-iframe"); previewBar.style.display = "none";", []): Execute JavaScript 'var previewBar = document.getElementById("preview-bar-iframe"); previewBar.style.display = "none";' successfully

2019-07-09 18:13:51 - [MESSAGE][PASSED] - Execute JavaScript 'var previewBar = document.getElementById("preview-bar-iframe"); previewBar.style.display = "none";' successfully

2019-07-09 18:13:51 - [TEST_STEP][PASSED] - maximizeWindow(): Current window maximized

2019-07-09 18:13:53 - [MESSAGE][PASSED] - Current window maximized

2019-07-09 18:13:53 - [MESSAGE][PASSED] - Call Test Case 'Test Cases/CALL - URL' successfully

2019-07-09 18:13:53 - [TEST_STEP][PASSED] - flag = verifyElementClickable(findTestObject("APOLLO- Desktop/Product page/0.5 lb")): Object 'Object Repository/APOLLO- Desktop/Product page/0.5 lb' is clickable

2019-07-09 18:13:54 - [MESSAGE][PASSED] - Object 'Object Repository/APOLLO- Desktop/Product page/0.5 lb' is clickable

2019-07-09 18:13:54 - [TEST_STEP][PASSED] - comment("flag=" + flag): flag=true

2019-07-09 18:13:54 - [MESSAGE][INFO] - flag=true

2019-07-09 18:13:54 - [TEST_STEP][PASSED] - if (flag == true): Object: 'Object Repository/APOLLO- Desktop/Product page/Add to bag' is clicked on

2019-07-09 18:13:54 - [TEST_STEP][PASSED] - click(findTestObject("APOLLO- Desktop/Product page/0.5 lb")): Object: 'Object Repository/APOLLO- Desktop/Product page/0.5 lb' is clicked on

2019-07-09 18:13:54 - [MESSAGE][PASSED] - Object: 'Object Repository/APOLLO- Desktop/Product page/0.5 lb' is clicked on

2019-07-09 18:13:54 - [TEST_STEP][PASSED] - delay(1): Delayed 1 second(s)

2019-07-09 18:13:56 - [MESSAGE][PASSED] - Delayed 1 second(s)

2019-07-09 18:13:56 - [TEST_STEP][PASSED] - a = verifyElementClickable(findTestObject("APOLLO- Desktop/Product page/Add to bag"), CONTINUE_ON_FAILURE): Object 'Object Repository/APOLLO- Desktop/Product page/Add to bag' is clickable

2019-07-09 18:13:56 - [MESSAGE][PASSED] - Object 'Object Repository/APOLLO- Desktop/Product page/Add to bag' is clickable

2019-07-09 18:13:56 - [TEST_STEP][PASSED] - comment("a=" + a): a=true

2019-07-09 18:13:56 - [MESSAGE][INFO] - a=true

2019-07-09 18:13:56 - [TEST_STEP][PASSED] - if (a == true): Object: 'Object Repository/APOLLO- Desktop/Product page/Add to bag' is clicked on

2019-07-09 18:13:56 - [TEST_STEP][PASSED] - click(findTestObject("APOLLO- Desktop/Product page/Add to bag")): Object: 'Object Repository/APOLLO- Desktop/Product page/Add to bag' is clicked on

2019-07-09 18:13:57 - [MESSAGE][PASSED] - Object: 'Object Repository/APOLLO- Desktop/Product page/Add to bag' is clicked on

2019-07-09 18:13:57 - [TEST_STEP][PASSED] - delay(2): Delayed 2 second(s)

2019-07-09 18:13:59 - [MESSAGE][PASSED] - Delayed 2 second(s)

2019-07-09 18:13:59 - [TEST_STEP][PASSED] - click(findTestObject("APOLLO- Desktop/Cart flyout/Cart collapse")): Object: 'Object Repository/APOLLO- Desktop/Cart flyout/Cart collapse' is clicked on

2019-07-09 18:14:00 - [MESSAGE][PASSED] - Object: 'Object Repository/APOLLO- Desktop/Cart flyout/Cart collapse' is clicked on

2019-07-09 18:14:00 - [TEST_STEP][PASSED] - delay(1): Delayed 1 second(s)

2019-07-09 18:14:01 - [MESSAGE][PASSED] - Delayed 1 second(s)

2019-07-09 18:14:01 - [TEST_STEP][PASSED] - flag1 = verifyElementClickable(findTestObject("APOLLO- Desktop/Product page/1 lb")): Object 'Object Repository/APOLLO- Desktop/Product page/1 lb' is clickable

2019-07-09 18:14:01 - [MESSAGE][PASSED] - Object 'Object Repository/APOLLO- Desktop/Product page/1 lb' is clickable

2019-07-09 18:14:01 - [TEST_STEP][PASSED] - comment("flag1=" + flag1): flag1=true

2019-07-09 18:14:01 - [MESSAGE][INFO] - flag1=true

2019-07-09 18:14:01 - [TEST_STEP][PASSED] - if (flag1 == true): Object: 'Object Repository/APOLLO- Desktop/Product page/Add to bag' is clicked on

2019-07-09 18:14:01 - [TEST_STEP][PASSED] - click(findTestObject("APOLLO- Desktop/Product page/1 lb")): Object: 'Object Repository/APOLLO- Desktop/Product page/1 lb' is clicked on

2019-07-09 18:14:01 - [MESSAGE][PASSED] - Object: 'Object Repository/APOLLO- Desktop/Product page/1 lb' is clicked on

2019-07-09 18:14:01 - [TEST_STEP][PASSED] - delay(1): Delayed 1 second(s)

2019-07-09 18:14:02 - [MESSAGE][PASSED] - Delayed 1 second(s)

2019-07-09 18:14:02 - [TEST_STEP][PASSED] - a1 = verifyElementClickable(findTestObject("APOLLO- Desktop/Product page/Add to bag"), CONTINUE_ON_FAILURE): Object 'Object Repository/APOLLO- Desktop/Product page/Add to bag' is clickable

2019-07-09 18:14:02 - [MESSAGE][PASSED] - Object 'Object Repository/APOLLO- Desktop/Product page/Add to bag' is clickable

2019-07-09 18:14:02 - [TEST_STEP][PASSED] - comment("a1=" + a1): a1=true

2019-07-09 18:14:02 - [MESSAGE][INFO] - a1=true

2019-07-09 18:14:02 - [TEST_STEP][PASSED] - if (a1 == true): Object: 'Object Repository/APOLLO- Desktop/Product page/Add to bag' is clicked on

2019-07-09 18:14:02 - [TEST_STEP][PASSED] - click(findTestObject("APOLLO- Desktop/Product page/Add to bag")): Object: 'Object Repository/APOLLO- Desktop/Product page/Add to bag' is clicked on

2019-07-09 18:14:03 - [MESSAGE][PASSED] - Object: 'Object Repository/APOLLO- Desktop/Product page/Add to bag' is clicked on

2019-07-09 18:14:03 - [TEST_STEP][PASSED] - delay(2): Delayed 2 second(s)

2019-07-09 18:14:05 - [MESSAGE][PASSED] - Delayed 2 second(s)

2019-07-09 18:14:05 - [TEST_STEP][PASSED] - click(findTestObject("APOLLO- Desktop/Cart flyout/Cart collapse")): Object: 'Object Repository/APOLLO- Desktop/Cart flyout/Cart collapse' is clicked on

2019-07-09 18:14:05 - [MESSAGE][PASSED] - Object: 'Object Repository/APOLLO- Desktop/Cart flyout/Cart collapse' is clicked on

2019-07-09 18:14:05 - [TEST_STEP][PASSED] - delay(1): Delayed 1 second(s)

2019-07-09 18:14:06 - [MESSAGE][PASSED] - Delayed 1 second(s)

2019-07-09 18:14:06 - [TEST_STEP][PASSED] - flag2 = verifyElementClickable(findTestObject("APOLLO- Desktop/Product page/2 lb")): Object 'Object Repository/APOLLO- Desktop/Product page/2 lb' is clickable

2019-07-09 18:14:07 - [MESSAGE][PASSED] - Object 'Object Repository/APOLLO- Desktop/Product page/2 lb' is clickable

2019-07-09 18:14:07 - [TEST_STEP][PASSED] - comment("flag2=" + flag2): flag2=true

2019-07-09 18:14:07 - [MESSAGE][INFO] - flag2=true

2019-07-09 18:14:07 - [TEST_STEP][PASSED] - if (flag2 == true): Object: 'Object Repository/APOLLO- Desktop/Product page/Add to bag' is clicked on

2019-07-09 18:14:07 - [TEST_STEP][PASSED] - click(findTestObject("APOLLO- Desktop/Product page/2 lb")): Object: 'Object Repository/APOLLO- Desktop/Product page/2 lb' is clicked on

2019-07-09 18:14:07 - [MESSAGE][PASSED] - Object: 'Object Repository/APOLLO- Desktop/Product page/2 lb' is clicked on

2019-07-09 18:14:07 - [TEST_STEP][PASSED] - delay(1): Delayed 1 second(s)

2019-07-09 18:14:08 - [MESSAGE][PASSED] - Delayed 1 second(s)

2019-07-09 18:14:08 - [TEST_STEP][PASSED] - a2 = verifyElementClickable(findTestObject("APOLLO- Desktop/Product page/Add to bag"), CONTINUE_ON_FAILURE): Object 'Object Repository/APOLLO- Desktop/Product page/Add to bag' is clickable

2019-07-09 18:14:08 - [MESSAGE][PASSED] - Object 'Object Repository/APOLLO- Desktop/Product page/Add to bag' is clickable

2019-07-09 18:14:08 - [TEST_STEP][PASSED] - comment("a2=" + a2): a2=true

2019-07-09 18:14:08 - [MESSAGE][INFO] - a2=true

2019-07-09 18:14:08 - [TEST_STEP][PASSED] - if (a2 == true): Object: 'Object Repository/APOLLO- Desktop/Product page/Add to bag' is clicked on

2019-07-09 18:14:08 - [TEST_STEP][PASSED] - click(findTestObject("APOLLO- Desktop/Product page/Add to bag")): Object: 'Object Repository/APOLLO- Desktop/Product page/Add to bag' is clicked on

2019-07-09 18:14:09 - [MESSAGE][PASSED] - Object: 'Object Repository/APOLLO- Desktop/Product page/Add to bag' is clicked on

2019-07-09 18:14:09 - [TEST_STEP][PASSED] - delay(2): Delayed 2 second(s)

2019-07-09 18:14:11 - [MESSAGE][PASSED] - Delayed 2 second(s)

2019-07-09 18:14:11 - [TEST_STEP][PASSED] - click(findTestObject("APOLLO- Desktop/Cart flyout/Cart collapse")): Object: 'Object Repository/APOLLO- Desktop/Cart flyout/Cart collapse' is clicked on

2019-07-09 18:14:11 - [MESSAGE][PASSED] - Object: 'Object Repository/APOLLO- Desktop/Cart flyout/Cart collapse' is clicked on

2019-07-09 18:14:11 - [TEST_STEP][PASSED] - delay(1): Delayed 1 second(s)

2019-07-09 18:14:12 - [MESSAGE][PASSED] - Delayed 1 second(s)

2019-07-09 18:14:12 - [TEST_STEP][PASSED] - flag3 = verifyElementClickable(findTestObject("APOLLO- Desktop/Product page/3 lb")): Object 'Object Repository/APOLLO- Desktop/Product page/3 lb' is clickable

2019-07-09 18:14:13 - [MESSAGE][PASSED] - Object 'Object Repository/APOLLO- Desktop/Product page/3 lb' is clickable

2019-07-09 18:14:13 - [TEST_STEP][PASSED] - comment("flag3=" + flag3): flag3=true

2019-07-09 18:14:13 - [MESSAGE][INFO] - flag3=true

2019-07-09 18:14:13 - [TEST_STEP][PASSED] - if (flag3 == true): Object: 'Object Repository/APOLLO- Desktop/Product page/Add to bag' is clicked on

2019-07-09 18:14:13 - [TEST_STEP][PASSED] - click(findTestObject("APOLLO- Desktop/Product page/3 lb")): Object: 'Object Repository/APOLLO- Desktop/Product page/3 lb' is clicked on

2019-07-09 18:14:13 - [MESSAGE][PASSED] - Object: 'Object Repository/APOLLO- Desktop/Product page/3 lb' is clicked on

2019-07-09 18:14:13 - [TEST_STEP][PASSED] - delay(1): Delayed 1 second(s)

2019-07-09 18:14:14 - [MESSAGE][PASSED] - Delayed 1 second(s)

2019-07-09 18:14:14 - [TEST_STEP][PASSED] - a3 = verifyElementClickable(findTestObject("APOLLO- Desktop/Product page/Add to bag"), CONTINUE_ON_FAILURE): Object 'Object Repository/APOLLO- Desktop/Product page/Add to bag' is clickable

2019-07-09 18:14:14 - [MESSAGE][PASSED] - Object 'Object Repository/APOLLO- Desktop/Product page/Add to bag' is clickable

2019-07-09 18:14:14 - [TEST_STEP][PASSED] - comment("a3=" + a3): a3=true

2019-07-09 18:14:14 - [MESSAGE][INFO] - a3=true

2019-07-09 18:14:14 - [TEST_STEP][PASSED] - if (a3 == true): Object: 'Object Repository/APOLLO- Desktop/Product page/Add to bag' is clicked on

2019-07-09 18:14:14 - [TEST_STEP][PASSED] - click(findTestObject("APOLLO- Desktop/Product page/Add to bag")): Object: 'Object Repository/APOLLO- Desktop/Product page/Add to bag' is clicked on

2019-07-09 18:14:15 - [MESSAGE][PASSED] - Object: 'Object Repository/APOLLO- Desktop/Product page/Add to bag' is clicked on

2019-07-09 18:14:15 - [TEST_STEP][PASSED] - delay(2): Delayed 2 second(s)

2019-07-09 18:14:17 - [MESSAGE][PASSED] - Delayed 2 second(s)

2019-07-09 18:14:17 - [TEST_STEP][PASSED] - delay(1): Delayed 1 second(s)

2019-07-09 18:14:18 - [MESSAGE][PASSED] - Delayed 1 second(s)

2019-07-09 18:14:18 - [TEST_STEP][PASSED] - click(findTestObject("APOLLO- Desktop/Cart flyout/Cart collapse")): Object: 'Object Repository/APOLLO- Desktop/Cart flyout/Cart collapse' is clicked on

2019-07-09 18:14:18 - [MESSAGE][PASSED] - Object: 'Object Repository/APOLLO- Desktop/Cart flyout/Cart collapse' is clicked on

2019-07-09 18:14:18 - [TEST_STEP][PASSED] - delay(1): Delayed 1 second(s)

2019-07-09 18:14:19 - [MESSAGE][PASSED] - Delayed 1 second(s)

2019-07-09 18:14:19 - [TEST_STEP][PASSED] - flag4 = verifyElementClickable(findTestObject("APOLLO- Desktop/Product page/4 lbs")): Object 'Object Repository/APOLLO- Desktop/Product page/4 lbs' is clickable

2019-07-09 18:14:22 - [MESSAGE][PASSED] - Object 'Object Repository/APOLLO- Desktop/Product page/4 lbs' is clickable

2019-07-09 18:14:22 - [TEST_STEP][PASSED] - comment("flag4=" + flag4): flag4=true

2019-07-09 18:14:22 - [MESSAGE][INFO] - flag4=true

2019-07-09 18:14:22 - [TEST_STEP][PASSED] - if (flag4 == true): Object: 'Object Repository/APOLLO- Desktop/Product page/Add to bag' is clicked on

2019-07-09 18:14:22 - [TEST_STEP][PASSED] - click(findTestObject("APOLLO- Desktop/Product page/4 lbs")): Object: 'Object Repository/APOLLO- Desktop/Product page/4 lbs' is clicked on

2019-07-09 18:14:23 - [MESSAGE][PASSED] - Object: 'Object Repository/APOLLO- Desktop/Product page/4 lbs' is clicked on

2019-07-09 18:14:23 - [TEST_STEP][PASSED] - delay(1): Delayed 1 second(s)

2019-07-09 18:14:24 - [MESSAGE][PASSED] - Delayed 1 second(s)

2019-07-09 18:14:24 - [TEST_STEP][PASSED] - a4 = verifyElementClickable(findTestObject("APOLLO- Desktop/Product page/Add to bag"), CONTINUE_ON_FAILURE): Object 'Object Repository/APOLLO- Desktop/Product page/Add to bag' is clickable

2019-07-09 18:14:24 - [MESSAGE][PASSED] - Object 'Object Repository/APOLLO- Desktop/Product page/Add to bag' is clickable

2019-07-09 18:14:24 - [TEST_STEP][PASSED] - comment("a4=" + a4): a4=true

2019-07-09 18:14:24 - [MESSAGE][INFO] - a4=true

2019-07-09 18:14:24 - [TEST_STEP][PASSED] - if (a4 == true): Object: 'Object Repository/APOLLO- Desktop/Product page/Add to bag' is clicked on

2019-07-09 18:14:24 - [TEST_STEP][PASSED] - click(findTestObject("APOLLO- Desktop/Product page/Add to bag")): Object: 'Object Repository/APOLLO- Desktop/Product page/Add to bag' is clicked on

2019-07-09 18:14:25 - [MESSAGE][PASSED] - Object: 'Object Repository/APOLLO- Desktop/Product page/Add to bag' is clicked on

2019-07-09 18:14:25 - [TEST_STEP][FAILED] - click(findTestObject("APOLLO- Desktop/Home page/cart icon open")): click(findTestObject("APOLLO- Desktop/Home page/cart icon open")) FAILED.
Reason:
com.kms.katalon.core.exception.StepFailedException: Unable to click on object 'Object Repository/APOLLO- Desktop/Home page/cart icon open' (Root cause: org.openqa.selenium.WebDriverException: element click intercepted: Element <label for="minicart" class="o-flyout-trigger js-flyout-trigger--cart o-icon o-icon--header c-header-icon js-cart-count has-item">...</label> is not clickable at point (1243, 30). Other element would receive the click: <div class="c-cart-flyout-header">...</div>
  (Session info: chrome=75.0.3770.80)
  (Driver info: chromedriver=75.0.3770.8 (681f24ea911fe754973dda2fdc6d2a2e159dd300-refs/branch-heads/3770@{#40}),platform=Windows NT 10.0.17134 x86_64) (WARNING: The server did not provide any stacktrace information)
Command duration or timeout: 262 milliseconds
Build info: version: '2.53.0', revision: '35ae25b', time: '2016-03-15 17:00:58'
System info: host: '207-254-76-89', ip: '207.254.76.89', os.name: 'windows', os.arch: 'x86', os.version: '10.0', java.version: '1.8.0_181'
Driver info: org.openqa.selenium.chrome.ChromeDriver
Capabilities [{mobileEmulationEnabled=false, timeouts={implicit=0, pageLoad=300000, script=30000}, hasTouchScreen=false, platform=XP, acceptSslCerts=false, goog:chromeOptions={debuggerAddress=localhost:1743}, acceptInsecureCerts=false, webStorageEnabled=true, browserName=chrome, takesScreenshot=true, javascriptEnabled=true, setWindowRect=true, unexpectedAlertBehaviour=ignore, applicationCacheEnabled=false, rotatable=false, networkConnectionEnabled=false, chrome={chromedriverVersion=75.0.3770.8 (681f24ea911fe754973dda2fdc6d2a2e159dd300-refs/branch-heads/3770@{#40}), userDataDir=C:\Windows\proxy\scoped_dir492_10854}, takesHeapSnapshot=true, pageLoadStrategy=normal, strictFileInteractability=false, databaseEnabled=false, handlesAlerts=true, version=75.0.3770.80, browserConnectionEnabled=false, proxy={}, nativeEvents=true, locationContextEnabled=true, cssSelectorsEnabled=true}]
Session ID: 9efa5cada94597c75fb32a83d097677f
Command duration or timeout: 0 milliseconds)
	at com.kms.katalon.core.keyword.internal.KeywordMain.stepFailed(KeywordMain.groovy:36)
	at com.kms.katalon.core.webui.keyword.internal.WebUIKeywordMain.stepFailed(WebUIKeywordMain.groovy:65)
	at com.kms.katalon.core.webui.keyword.internal.WebUIKeywordMain.runKeyword(WebUIKeywordMain.groovy:27)
	at com.kms.katalon.core.webui.keyword.builtin.ClickKeyword.click(ClickKeyword.groovy:86)
	at com.kms.katalon.core.webui.keyword.builtin.ClickKeyword.execute(ClickKeyword.groovy:67)
	at com.kms.katalon.core.keyword.internal.KeywordExecutor.executeKeywordForPlatform(KeywordExecutor.groovy:53)
	at com.kms.katalon.core.webui.keyword.WebUiBuiltInKeywords.click(WebUiBuiltInKeywords.groovy:616)
	at com.kms.katalon.core.webui.keyword.WebUiBuiltInKeywords$click$3.call(Unknown Source)
	at Home page - add to bag CTA.run(Home page - add to bag CTA:160)
	at com.kms.katalon.core.main.ScriptEngine.run(ScriptEngine.java:194)
	at com.kms.katalon.core.main.ScriptEngine.runScriptAsRawText(ScriptEngine.java:119)
	at com.kms.katalon.core.main.TestCaseExecutor.runScript(TestCaseExecutor.java:328)
	at com.kms.katalon.core.main.TestCaseExecutor.doExecute(TestCaseExecutor.java:319)
	at com.kms.katalon.core.main.TestCaseExecutor.processExecutionPhase(TestCaseExecutor.java:298)
	at com.kms.katalon.core.main.TestCaseExecutor.accessMainPhase(TestCaseExecutor.java:290)
	at com.kms.katalon.core.main.TestCaseExecutor.execute(TestCaseExecutor.java:224)
	at com.kms.katalon.core.main.TestSuiteExecutor.accessTestCaseMainPhase(TestSuiteExecutor.java:129)
	at com.kms.katalon.core.main.TestSuiteExecutor.accessTestSuiteMainPhase(TestSuiteExecutor.java:112)
	at com.kms.katalon.core.main.TestSuiteExecutor.execute(TestSuiteExecutor.java:81)
	at com.kms.katalon.core.main.TestCaseMain.startTestSuite(TestCaseMain.java:149)
	at com.kms.katalon.core.main.TestCaseMain$startTestSuite$0.call(Unknown Source)
	at TempTestSuite1562709134358.run(TempTestSuite1562709134358.groovy:36)


2019-07-09 18:14:31 - [MESSAGE][FAILED] - Unable to click on object 'Object Repository/APOLLO- Desktop/Home page/cart icon open' (Root cause: org.openqa.selenium.WebDriverException: element click intercepted: Element <label for="minicart" class="o-flyout-trigger js-flyout-trigger--cart o-icon o-icon--header c-header-icon js-cart-count has-item">...</label> is not clickable at point (1243, 30). Other element would receive the click: <div class="c-cart-flyout-header">...</div>
  (Session info: chrome=75.0.3770.80)
  (Driver info: chromedriver=75.0.3770.8 (681f24ea911fe754973dda2fdc6d2a2e159dd300-refs/branch-heads/3770@{#40}),platform=Windows NT 10.0.17134 x86_64) (WARNING: The server did not provide any stacktrace information)
Command duration or timeout: 262 milliseconds
Build info: version: '2.53.0', revision: '35ae25b', time: '2016-03-15 17:00:58'
System info: host: '207-254-76-89', ip: '207.254.76.89', os.name: 'windows', os.arch: 'x86', os.version: '10.0', java.version: '1.8.0_181'
Driver info: org.openqa.selenium.chrome.ChromeDriver
Capabilities [{mobileEmulationEnabled=false, timeouts={implicit=0, pageLoad=300000, script=30000}, hasTouchScreen=false, platform=XP, acceptSslCerts=false, goog:chromeOptions={debuggerAddress=localhost:1743}, acceptInsecureCerts=false, webStorageEnabled=true, browserName=chrome, takesScreenshot=true, javascriptEnabled=true, setWindowRect=true, unexpectedAlertBehaviour=ignore, applicationCacheEnabled=false, rotatable=false, networkConnectionEnabled=false, chrome={chromedriverVersion=75.0.3770.8 (681f24ea911fe754973dda2fdc6d2a2e159dd300-refs/branch-heads/3770@{#40}), userDataDir=C:\Windows\proxy\scoped_dir492_10854}, takesHeapSnapshot=true, pageLoadStrategy=normal, strictFileInteractability=false, databaseEnabled=false, handlesAlerts=true, version=75.0.3770.80, browserConnectionEnabled=false, proxy={}, nativeEvents=true, locationContextEnabled=true, cssSelectorsEnabled=true}]
Session ID: 9efa5cada94597c75fb32a83d097677f
Command duration or timeout: 0 milliseconds)
[[ATTACHMENT|/Users/sumankompelly/Katalon Studio/APOLLO - FIRE/APOLLO - FIRE- DESKTOP/Reports/0.5.5/20190709_175214/1562710469494.png]]

2019-07-09 18:14:31 - [MESSAGE][FAILED] - click(findTestObject("APOLLO- Desktop/Home page/cart icon open")) FAILED.
Reason:
com.kms.katalon.core.exception.StepFailedException: Unable to click on object 'Object Repository/APOLLO- Desktop/Home page/cart icon open' (Root cause: org.openqa.selenium.WebDriverException: element click intercepted: Element <label for="minicart" class="o-flyout-trigger js-flyout-trigger--cart o-icon o-icon--header c-header-icon js-cart-count has-item">...</label> is not clickable at point (1243, 30). Other element would receive the click: <div class="c-cart-flyout-header">...</div>
  (Session info: chrome=75.0.3770.80)
  (Driver info: chromedriver=75.0.3770.8 (681f24ea911fe754973dda2fdc6d2a2e159dd300-refs/branch-heads/3770@{#40}),platform=Windows NT 10.0.17134 x86_64) (WARNING: The server did not provide any stacktrace information)
Command duration or timeout: 262 milliseconds
Build info: version: '2.53.0', revision: '35ae25b', time: '2016-03-15 17:00:58'
System info: host: '207-254-76-89', ip: '207.254.76.89', os.name: 'windows', os.arch: 'x86', os.version: '10.0', java.version: '1.8.0_181'
Driver info: org.openqa.selenium.chrome.ChromeDriver
Capabilities [{mobileEmulationEnabled=false, timeouts={implicit=0, pageLoad=300000, script=30000}, hasTouchScreen=false, platform=XP, acceptSslCerts=false, goog:chromeOptions={debuggerAddress=localhost:1743}, acceptInsecureCerts=false, webStorageEnabled=true, browserName=chrome, takesScreenshot=true, javascriptEnabled=true, setWindowRect=true, unexpectedAlertBehaviour=ignore, applicationCacheEnabled=false, rotatable=false, networkConnectionEnabled=false, chrome={chromedriverVersion=75.0.3770.8 (681f24ea911fe754973dda2fdc6d2a2e159dd300-refs/branch-heads/3770@{#40}), userDataDir=C:\Windows\proxy\scoped_dir492_10854}, takesHeapSnapshot=true, pageLoadStrategy=normal, strictFileInteractability=false, databaseEnabled=false, handlesAlerts=true, version=75.0.3770.80, browserConnectionEnabled=false, proxy={}, nativeEvents=true, locationContextEnabled=true, cssSelectorsEnabled=true}]
Session ID: 9efa5cada94597c75fb32a83d097677f
Command duration or timeout: 0 milliseconds)
	at com.kms.katalon.core.keyword.internal.KeywordMain.stepFailed(KeywordMain.groovy:36)
	at com.kms.katalon.core.webui.keyword.internal.WebUIKeywordMain.stepFailed(WebUIKeywordMain.groovy:65)
	at com.kms.katalon.core.webui.keyword.internal.WebUIKeywordMain.runKeyword(WebUIKeywordMain.groovy:27)
	at com.kms.katalon.core.webui.keyword.builtin.ClickKeyword.click(ClickKeyword.groovy:86)
	at com.kms.katalon.core.webui.keyword.builtin.ClickKeyword.execute(ClickKeyword.groovy:67)
	at com.kms.katalon.core.keyword.internal.KeywordExecutor.executeKeywordForPlatform(KeywordExecutor.groovy:53)
	at com.kms.katalon.core.webui.keyword.WebUiBuiltInKeywords.click(WebUiBuiltInKeywords.groovy:616)
	at com.kms.katalon.core.webui.keyword.WebUiBuiltInKeywords$click$3.call(Unknown Source)
	at Home page - add to bag CTA.run(Home page - add to bag CTA:160)
	at com.kms.katalon.core.main.ScriptEngine.run(ScriptEngine.java:194)
	at com.kms.katalon.core.main.ScriptEngine.runScriptAsRawText(ScriptEngine.java:119)
	at com.kms.katalon.core.main.TestCaseExecutor.runScript(TestCaseExecutor.java:328)
	at com.kms.katalon.core.main.TestCaseExecutor.doExecute(TestCaseExecutor.java:319)
	at com.kms.katalon.core.main.TestCaseExecutor.processExecutionPhase(TestCaseExecutor.java:298)
	at com.kms.katalon.core.main.TestCaseExecutor.accessMainPhase(TestCaseExecutor.java:290)
	at com.kms.katalon.core.main.TestCaseExecutor.execute(TestCaseExecutor.java:224)
	at com.kms.katalon.core.main.TestSuiteExecutor.accessTestCaseMainPhase(TestSuiteExecutor.java:129)
	at com.kms.katalon.core.main.TestSuiteExecutor.accessTestSuiteMainPhase(TestSuiteExecutor.java:112)
	at com.kms.katalon.core.main.TestSuiteExecutor.execute(TestSuiteExecutor.java:81)
	at com.kms.katalon.core.main.TestCaseMain.startTestSuite(TestCaseMain.java:149)
	at com.kms.katalon.core.main.TestCaseMain$startTestSuite$0.call(Unknown Source)
	at TempTestSuite1562709134358.run(TempTestSuite1562709134358.groovy:36)]]></system-out>
         <system-err><![CDATA[2019-07-09 18:13:36 - [TEST_CASE][FAILED] - Test Cases/CRITICAL PATH/Home page - add to bag CTA: Test Cases/CRITICAL PATH/Home page - add to bag CTA FAILED.
Reason:
com.kms.katalon.core.exception.StepFailedException: Unable to click on object 'Object Repository/APOLLO- Desktop/Home page/cart icon open' (Root cause: org.openqa.selenium.WebDriverException: element click intercepted: Element <label for="minicart" class="o-flyout-trigger js-flyout-trigger--cart o-icon o-icon--header c-header-icon js-cart-count has-item">...</label> is not clickable at point (1243, 30). Other element would receive the click: <div class="c-cart-flyout-header">...</div>
  (Session info: chrome=75.0.3770.80)
  (Driver info: chromedriver=75.0.3770.8 (681f24ea911fe754973dda2fdc6d2a2e159dd300-refs/branch-heads/3770@{#40}),platform=Windows NT 10.0.17134 x86_64) (WARNING: The server did not provide any stacktrace information)
Command duration or timeout: 262 milliseconds
Build info: version: '2.53.0', revision: '35ae25b', time: '2016-03-15 17:00:58'
System info: host: '207-254-76-89', ip: '207.254.76.89', os.name: 'windows', os.arch: 'x86', os.version: '10.0', java.version: '1.8.0_181'
Driver info: org.openqa.selenium.chrome.ChromeDriver
Capabilities [{mobileEmulationEnabled=false, timeouts={implicit=0, pageLoad=300000, script=30000}, hasTouchScreen=false, platform=XP, acceptSslCerts=false, goog:chromeOptions={debuggerAddress=localhost:1743}, acceptInsecureCerts=false, webStorageEnabled=true, browserName=chrome, takesScreenshot=true, javascriptEnabled=true, setWindowRect=true, unexpectedAlertBehaviour=ignore, applicationCacheEnabled=false, rotatable=false, networkConnectionEnabled=false, chrome={chromedriverVersion=75.0.3770.8 (681f24ea911fe754973dda2fdc6d2a2e159dd300-refs/branch-heads/3770@{#40}), userDataDir=C:\Windows\proxy\scoped_dir492_10854}, takesHeapSnapshot=true, pageLoadStrategy=normal, strictFileInteractability=false, databaseEnabled=false, handlesAlerts=true, version=75.0.3770.80, browserConnectionEnabled=false, proxy={}, nativeEvents=true, locationContextEnabled=true, cssSelectorsEnabled=true}]
Session ID: 9efa5cada94597c75fb32a83d097677f
Command duration or timeout: 0 milliseconds)
	at com.kms.katalon.core.keyword.internal.KeywordMain.stepFailed(KeywordMain.groovy:36)
	at com.kms.katalon.core.webui.keyword.internal.WebUIKeywordMain.stepFailed(WebUIKeywordMain.groovy:65)
	at com.kms.katalon.core.webui.keyword.internal.WebUIKeywordMain.runKeyword(WebUIKeywordMain.groovy:27)
	at com.kms.katalon.core.webui.keyword.builtin.ClickKeyword.click(ClickKeyword.groovy:86)
	at com.kms.katalon.core.webui.keyword.builtin.ClickKeyword.execute(ClickKeyword.groovy:67)
	at com.kms.katalon.core.keyword.internal.KeywordExecutor.executeKeywordForPlatform(KeywordExecutor.groovy:53)
	at com.kms.katalon.core.webui.keyword.WebUiBuiltInKeywords.click(WebUiBuiltInKeywords.groovy:616)
	at com.kms.katalon.core.webui.keyword.WebUiBuiltInKeywords$click$3.call(Unknown Source)
	at Home page - add to bag CTA.run(Home page - add to bag CTA:160)
	at com.kms.katalon.core.main.ScriptEngine.run(ScriptEngine.java:194)
	at com.kms.katalon.core.main.ScriptEngine.runScriptAsRawText(ScriptEngine.java:119)
	at com.kms.katalon.core.main.TestCaseExecutor.runScript(TestCaseExecutor.java:328)
	at com.kms.katalon.core.main.TestCaseExecutor.doExecute(TestCaseExecutor.java:319)
	at com.kms.katalon.core.main.TestCaseExecutor.processExecutionPhase(TestCaseExecutor.java:298)
	at com.kms.katalon.core.main.TestCaseExecutor.accessMainPhase(TestCaseExecutor.java:290)
	at com.kms.katalon.core.main.TestCaseExecutor.execute(TestCaseExecutor.java:224)
	at com.kms.katalon.core.main.TestSuiteExecutor.accessTestCaseMainPhase(TestSuiteExecutor.java:129)
	at com.kms.katalon.core.main.TestSuiteExecutor.accessTestSuiteMainPhase(TestSuiteExecutor.java:112)
	at com.kms.katalon.core.main.TestSuiteExecutor.execute(TestSuiteExecutor.java:81)
	at com.kms.katalon.core.main.TestCaseMain.startTestSuite(TestCaseMain.java:149)
	at com.kms.katalon.core.main.TestCaseMain$startTestSuite$0.call(Unknown Source)
	at TempTestSuite1562709134358.run(TempTestSuite1562709134358.groovy:36)]]></system-err>
      </testcase>
      <testcase name="Test Cases/CRITICAL PATH/Increase quantity - cart page" classname="Test Cases/CRITICAL PATH/Increase quantity - cart page" status="PASSED">
         <system-out><![CDATA[2019-07-09 18:14:31 - [TEST_CASE][PASSED] - Test Cases/CRITICAL PATH/Increase quantity - cart page: Test Cases/CRITICAL PATH/Increase quantity - cart page

2019-07-09 18:14:31 - [TEST_STEP][PASSED] - callTestCase(findTestCase("CALL - URL"), [:], STOP_ON_FAILURE): Call Test Case 'Test Cases/CALL - URL' successfully

2019-07-09 18:14:31 - [TEST_CASE][PASSED] - Test Cases/CALL - URL: Test Cases/CALL - URL

2019-07-09 18:14:31 - [TEST_STEP][PASSED] - openBrowser(""): Browser is opened with url: ''

2019-07-09 18:14:31 - [MESSAGE][WARNING] - A browser is already opened. Closing browser and opening a new one

2019-07-09 18:14:33 - [MESSAGE][INFO] - Starting 'Remote' driver

2019-07-09 18:14:33 - [MESSAGE][INFO] - User set preference: ['os', 'Windows']

2019-07-09 18:14:33 - [MESSAGE][INFO] - User set preference: ['os_version', '10']

2019-07-09 18:14:33 - [MESSAGE][INFO] - User set preference: ['browser', 'Chrome']

2019-07-09 18:14:33 - [MESSAGE][INFO] - User set preference: ['browser_version', '75.0']

2019-07-09 18:14:33 - [MESSAGE][INFO] - User set preference: ['resolution', '1280x1024']

2019-07-09 18:14:33 - [MESSAGE][INFO] - User set preference: ['browserstack.local', 'false']

2019-07-09 18:14:33 - [MESSAGE][INFO] - Connecting to remote web server 'https://dianatest3:Z3oqw9ysqTeRQJq5wFCp@hub-cloud.browserstack.com/wd/hub' with type 'Selenium'

2019-07-09 18:14:39 - [MESSAGE][PASSED] - Browser is opened with url: ''

2019-07-09 18:14:39 - [TEST_STEP][PASSED] - navigateToUrl("https://apollo-fireball.myshopify.com/?_ab=0&_fd=0&_sc=1&key=96c2edace7b9967f3a77c2e2b131937136039831e9ec35f31598610005fa8795&preview_theme_id=46803124304"): Navigate to 'https://apollo-fireball.myshopify.com/?_ab=0&_fd=0&_sc=1&key=96c2edace7b9967f3a77c2e2b131937136039831e9ec35f31598610005fa8795&preview_theme_id=46803124304' successfully

2019-07-09 18:14:44 - [MESSAGE][PASSED] - Navigate to 'https://apollo-fireball.myshopify.com/?_ab=0&_fd=0&_sc=1&key=96c2edace7b9967f3a77c2e2b131937136039831e9ec35f31598610005fa8795&preview_theme_id=46803124304' successfully

2019-07-09 18:14:44 - [TEST_STEP][PASSED] - executeJavaScript("var previewBar = document.getElementById("preview-bar-iframe"); previewBar.style.display = "none";", []): Execute JavaScript 'var previewBar = document.getElementById("preview-bar-iframe"); previewBar.style.display = "none";' successfully

2019-07-09 18:14:45 - [MESSAGE][PASSED] - Execute JavaScript 'var previewBar = document.getElementById("preview-bar-iframe"); previewBar.style.display = "none";' successfully

2019-07-09 18:14:45 - [TEST_STEP][PASSED] - maximizeWindow(): Current window maximized

2019-07-09 18:14:46 - [MESSAGE][PASSED] - Current window maximized

2019-07-09 18:14:46 - [MESSAGE][PASSED] - Call Test Case 'Test Cases/CALL - URL' successfully

2019-07-09 18:14:46 - [TEST_STEP][PASSED] - delay(1): Delayed 1 second(s)

2019-07-09 18:14:47 - [MESSAGE][PASSED] - Delayed 1 second(s)

2019-07-09 18:14:47 - [TEST_STEP][PASSED] - click(findTestObject("APOLLO- Desktop/Burger Menu/Burgermenu")): Object: 'Object Repository/APOLLO- Desktop/Burger Menu/Burgermenu' is clicked on

2019-07-09 18:14:48 - [MESSAGE][PASSED] - Object: 'Object Repository/APOLLO- Desktop/Burger Menu/Burgermenu' is clicked on

2019-07-09 18:14:48 - [TEST_STEP][PASSED] - delay(2): Delayed 2 second(s)

2019-07-09 18:14:50 - [MESSAGE][PASSED] - Delayed 2 second(s)

2019-07-09 18:14:50 - [TEST_STEP][PASSED] - click(findTestObject("APOLLO- Desktop/Burger Menu/Shop food")): Object: 'Object Repository/APOLLO- Desktop/Burger Menu/Shop food' is clicked on

2019-07-09 18:14:51 - [MESSAGE][PASSED] - Object: 'Object Repository/APOLLO- Desktop/Burger Menu/Shop food' is clicked on

2019-07-09 18:14:51 - [TEST_STEP][PASSED] - delay(2): Delayed 2 second(s)

2019-07-09 18:14:53 - [MESSAGE][PASSED] - Delayed 2 second(s)

2019-07-09 18:14:53 - [TEST_STEP][PASSED] - click(findTestObject("APOLLO- Desktop/Burger Menu/Beef")): Object: 'Object Repository/APOLLO- Desktop/Burger Menu/Beef' is clicked on

2019-07-09 18:14:56 - [MESSAGE][PASSED] - Object: 'Object Repository/APOLLO- Desktop/Burger Menu/Beef' is clicked on

2019-07-09 18:14:56 - [TEST_STEP][PASSED] - delay(2): Delayed 2 second(s)

2019-07-09 18:14:58 - [MESSAGE][PASSED] - Delayed 2 second(s)

2019-07-09 18:14:58 - [TEST_STEP][PASSED] - executeJavaScript("var previewBar = document.getElementById("preview-bar-iframe"); previewBar.style.display = "none";", []): Execute JavaScript 'var previewBar = document.getElementById("preview-bar-iframe"); previewBar.style.display = "none";' successfully

2019-07-09 18:14:58 - [MESSAGE][PASSED] - Execute JavaScript 'var previewBar = document.getElementById("preview-bar-iframe"); previewBar.style.display = "none";' successfully

2019-07-09 18:14:58 - [TEST_STEP][PASSED] - delay(2): Delayed 2 second(s)

2019-07-09 18:15:00 - [MESSAGE][PASSED] - Delayed 2 second(s)

2019-07-09 18:15:00 - [TEST_STEP][PASSED] - click(findTestObject("APOLLO- Desktop/Collection page/Beef skewers")): Object: 'Object Repository/APOLLO- Desktop/Collection page/Beef skewers' is clicked on

2019-07-09 18:15:04 - [MESSAGE][PASSED] - Object: 'Object Repository/APOLLO- Desktop/Collection page/Beef skewers' is clicked on

2019-07-09 18:15:04 - [TEST_STEP][PASSED] - executeJavaScript("var previewBar = document.getElementById("preview-bar-iframe"); previewBar.style.display = "none";", []): Execute JavaScript 'var previewBar = document.getElementById("preview-bar-iframe"); previewBar.style.display = "none";' successfully

2019-07-09 18:15:05 - [MESSAGE][PASSED] - Execute JavaScript 'var previewBar = document.getElementById("preview-bar-iframe"); previewBar.style.display = "none";' successfully

2019-07-09 18:15:05 - [TEST_STEP][PASSED] - delay(2): Delayed 2 second(s)

2019-07-09 18:15:07 - [MESSAGE][PASSED] - Delayed 2 second(s)

2019-07-09 18:15:07 - [TEST_STEP][PASSED] - click(findTestObject("APOLLO- Desktop/Product page/1 piece")): Object: 'Object Repository/APOLLO- Desktop/Product page/1 piece' is clicked on

2019-07-09 18:15:07 - [MESSAGE][PASSED] - Object: 'Object Repository/APOLLO- Desktop/Product page/1 piece' is clicked on

2019-07-09 18:15:07 - [TEST_STEP][PASSED] - delay(2): Delayed 2 second(s)

2019-07-09 18:15:09 - [MESSAGE][PASSED] - Delayed 2 second(s)

2019-07-09 18:15:09 - [TEST_STEP][NOT_RUN] - delay(2): NOT_RUN: delay(2)

2019-07-09 18:15:09 - [MESSAGE][NOT_RUN] - NOT_RUN: delay(2)

2019-07-09 18:15:09 - [TEST_STEP][NOT_RUN] - click(findTestObject("APOLLO- Desktop/Burger Menu/Shop food")): NOT_RUN: click(findTestObject("APOLLO- Desktop/Burger Menu/Shop food"))

2019-07-09 18:15:09 - [MESSAGE][NOT_RUN] - NOT_RUN: click(findTestObject("APOLLO- Desktop/Burger Menu/Shop food"))

2019-07-09 18:15:09 - [TEST_STEP][NOT_RUN] - delay(2): NOT_RUN: delay(2)

2019-07-09 18:15:09 - [MESSAGE][NOT_RUN] - NOT_RUN: delay(2)

2019-07-09 18:15:09 - [TEST_STEP][NOT_RUN] - click(findTestObject("APOLLO- Desktop/Burger Menu/Beef")): NOT_RUN: click(findTestObject("APOLLO- Desktop/Burger Menu/Beef"))

2019-07-09 18:15:09 - [MESSAGE][NOT_RUN] - NOT_RUN: click(findTestObject("APOLLO- Desktop/Burger Menu/Beef"))

2019-07-09 18:15:09 - [TEST_STEP][NOT_RUN] - delay(2): NOT_RUN: delay(2)

2019-07-09 18:15:09 - [MESSAGE][NOT_RUN] - NOT_RUN: delay(2)

2019-07-09 18:15:09 - [TEST_STEP][NOT_RUN] - click(findTestObject("APOLLO- Desktop/Burger Menu/Shirts link")): NOT_RUN: click(findTestObject("APOLLO- Desktop/Burger Menu/Shirts link"))

2019-07-09 18:15:09 - [MESSAGE][NOT_RUN] - NOT_RUN: click(findTestObject("APOLLO- Desktop/Burger Menu/Shirts link"))

2019-07-09 18:15:09 - [TEST_STEP][NOT_RUN] - executeJavaScript("var previewBar = document.getElementById("preview-bar-iframe"); previewBar.style.display = "none";", []): NOT_RUN: executeJavaScript("var previewBar = document.getElementById("preview-bar-iframe"); previewBar.style.display = "none";", [])

2019-07-09 18:15:09 - [MESSAGE][NOT_RUN] - NOT_RUN: executeJavaScript("var previewBar = document.getElementById("preview-bar-iframe"); previewBar.style.display = "none";", [])

2019-07-09 18:15:09 - [TEST_STEP][NOT_RUN] - delay(2): NOT_RUN: delay(2)

2019-07-09 18:15:09 - [MESSAGE][NOT_RUN] - NOT_RUN: delay(2)

2019-07-09 18:15:09 - [TEST_STEP][NOT_RUN] - click(findTestObject("APOLLO- Desktop/Collection page/Beef skewers")): NOT_RUN: click(findTestObject("APOLLO- Desktop/Collection page/Beef skewers"))

2019-07-09 18:15:09 - [MESSAGE][NOT_RUN] - NOT_RUN: click(findTestObject("APOLLO- Desktop/Collection page/Beef skewers"))

2019-07-09 18:15:09 - [TEST_STEP][NOT_RUN] - delay(2): NOT_RUN: delay(2)

2019-07-09 18:15:09 - [MESSAGE][NOT_RUN] - NOT_RUN: delay(2)

2019-07-09 18:15:09 - [TEST_STEP][NOT_RUN] - selectOptionByValue(findTestObject("APOLLO- Desktop/Product page/1 piece"), "Medium", true): NOT_RUN: selectOptionByValue(findTestObject("APOLLO- Desktop/Product page/1 piece"), "Medium", true)

2019-07-09 18:15:09 - [MESSAGE][NOT_RUN] - NOT_RUN: selectOptionByValue(findTestObject("APOLLO- Desktop/Product page/1 piece"), "Medium", true)

2019-07-09 18:15:09 - [TEST_STEP][NOT_RUN] - delay(2): NOT_RUN: delay(2)

2019-07-09 18:15:09 - [MESSAGE][NOT_RUN] - NOT_RUN: delay(2)

2019-07-09 18:15:09 - [TEST_STEP][PASSED] - click(findTestObject("APOLLO- Desktop/Product page/Add to bag")): Object: 'Object Repository/APOLLO- Desktop/Product page/Add to bag' is clicked on

2019-07-09 18:15:10 - [MESSAGE][PASSED] - Object: 'Object Repository/APOLLO- Desktop/Product page/Add to bag' is clicked on

2019-07-09 18:15:10 - [TEST_STEP][PASSED] - delay(2): Delayed 2 second(s)

2019-07-09 18:15:12 - [MESSAGE][PASSED] - Delayed 2 second(s)

2019-07-09 18:15:12 - [TEST_STEP][PASSED] - click(findTestObject("APOLLO- Desktop/Cart flyout/Checkout")): Object: 'Object Repository/APOLLO- Desktop/Cart flyout/Checkout' is clicked on

2019-07-09 18:15:16 - [MESSAGE][PASSED] - Object: 'Object Repository/APOLLO- Desktop/Cart flyout/Checkout' is clicked on

2019-07-09 18:15:16 - [TEST_STEP][PASSED] - delay(2): Delayed 2 second(s)

2019-07-09 18:15:18 - [MESSAGE][PASSED] - Delayed 2 second(s)

2019-07-09 18:15:18 - [TEST_STEP][PASSED] - click(findTestObject("APOLLO- Desktop/Customer Information page/Cart page breadcrumb")): Object: 'Object Repository/APOLLO- Desktop/Customer Information page/Cart page breadcrumb' is clicked on

2019-07-09 18:15:20 - [MESSAGE][PASSED] - Object: 'Object Repository/APOLLO- Desktop/Customer Information page/Cart page breadcrumb' is clicked on

2019-07-09 18:15:20 - [TEST_STEP][PASSED] - delay(2): Delayed 2 second(s)

2019-07-09 18:15:22 - [MESSAGE][PASSED] - Delayed 2 second(s)

2019-07-09 18:15:22 - [TEST_STEP][PASSED] - a = getText(findTestObject("APOLLO- Desktop/Cart page/Subtotal in cart page")): Text of object 'Object Repository/APOLLO- Desktop/Cart page/Subtotal in cart page' is: '$8.50'

2019-07-09 18:15:22 - [MESSAGE][PASSED] - Text of object 'Object Repository/APOLLO- Desktop/Cart page/Subtotal in cart page' is: '$8.50'

2019-07-09 18:15:22 - [TEST_STEP][PASSED] - comment("a=" + a): a=$8.50

2019-07-09 18:15:22 - [MESSAGE][INFO] - a=$8.50

2019-07-09 18:15:22 - [TEST_STEP][PASSED] - delay(2): Delayed 2 second(s)

2019-07-09 18:15:24 - [MESSAGE][PASSED] - Delayed 2 second(s)

2019-07-09 18:15:24 - [TEST_STEP][PASSED] - click(findTestObject("APOLLO- Desktop/Cart page/Increase quantity - cart page")): Object: 'Object Repository/APOLLO- Desktop/Cart page/Increase quantity - cart page' is clicked on

2019-07-09 18:15:25 - [MESSAGE][PASSED] - Object: 'Object Repository/APOLLO- Desktop/Cart page/Increase quantity - cart page' is clicked on

2019-07-09 18:15:25 - [TEST_STEP][PASSED] - delay(2): Delayed 2 second(s)

2019-07-09 18:15:27 - [MESSAGE][PASSED] - Delayed 2 second(s)

2019-07-09 18:15:27 - [TEST_STEP][PASSED] - click(findTestObject("APOLLO- Desktop/Cart page/Increase quantity - cart page")): Object: 'Object Repository/APOLLO- Desktop/Cart page/Increase quantity - cart page' is clicked on

2019-07-09 18:15:27 - [MESSAGE][PASSED] - Object: 'Object Repository/APOLLO- Desktop/Cart page/Increase quantity - cart page' is clicked on

2019-07-09 18:15:27 - [TEST_STEP][PASSED] - delay(2): Delayed 2 second(s)

2019-07-09 18:15:29 - [MESSAGE][PASSED] - Delayed 2 second(s)

2019-07-09 18:15:29 - [TEST_STEP][PASSED] - setText(findTestObject("APOLLO- Desktop/Cart flyout/CArt quanty update"), "3"): Text '3' is set on object 'Object Repository/APOLLO- Desktop/Cart flyout/CArt quanty update'

2019-07-09 18:15:30 - [MESSAGE][PASSED] - Text '3' is set on object 'Object Repository/APOLLO- Desktop/Cart flyout/CArt quanty update'

2019-07-09 18:15:30 - [TEST_STEP][PASSED] - delay(2): Delayed 2 second(s)

2019-07-09 18:15:32 - [MESSAGE][PASSED] - Delayed 2 second(s)

2019-07-09 18:15:32 - [TEST_STEP][PASSED] - click(findTestObject("APOLLO- Desktop/Cart page/Click outside the page")): Object: 'Object Repository/APOLLO- Desktop/Cart page/Click outside the page' is clicked on

2019-07-09 18:15:32 - [MESSAGE][PASSED] - Object: 'Object Repository/APOLLO- Desktop/Cart page/Click outside the page' is clicked on

2019-07-09 18:15:32 - [TEST_STEP][PASSED] - delay(2): Delayed 2 second(s)

2019-07-09 18:15:34 - [MESSAGE][PASSED] - Delayed 2 second(s)

2019-07-09 18:15:34 - [TEST_STEP][PASSED] - b = getText(findTestObject("APOLLO- Desktop/Cart page/Subtotal in cart page")): Text of object 'Object Repository/APOLLO- Desktop/Cart page/Subtotal in cart page' is: '$25.50'

2019-07-09 18:15:35 - [MESSAGE][PASSED] - Text of object 'Object Repository/APOLLO- Desktop/Cart page/Subtotal in cart page' is: '$25.50'

2019-07-09 18:15:35 - [TEST_STEP][PASSED] - comment("b=" + b): b=$25.50

2019-07-09 18:15:35 - [MESSAGE][INFO] - b=$25.50

2019-07-09 18:15:35 - [TEST_STEP][PASSED] - flag = verifyNotEqual("a", "b"): Actual object 'a' and expected object 'b' are not equal

2019-07-09 18:15:35 - [MESSAGE][PASSED] - Actual object 'a' and expected object 'b' are not equal

2019-07-09 18:15:35 - [TEST_STEP][PASSED] - if (flag == true): Quantity selector working

2019-07-09 18:15:35 - [TEST_STEP][PASSED] - comment("Quantity selector working"): Quantity selector working

2019-07-09 18:15:35 - [MESSAGE][INFO] - Quantity selector working

2019-07-09 18:15:35 - [TEST_STEP][PASSED] - delay(2): Delayed 2 second(s)

2019-07-09 18:15:37 - [MESSAGE][PASSED] - Delayed 2 second(s)

2019-07-09 18:15:37 - [TEST_STEP][NOT_RUN] - executeJavaScript("var previewBar = document.getElementById("preview-bar-iframe"); previewBar.style.display = "none";", []): NOT_RUN: executeJavaScript("var previewBar = document.getElementById("preview-bar-iframe"); previewBar.style.display = "none";", [])

2019-07-09 18:15:37 - [MESSAGE][NOT_RUN] - NOT_RUN: executeJavaScript("var previewBar = document.getElementById("preview-bar-iframe"); previewBar.style.display = "none";", [])

2019-07-09 18:15:37 - [TEST_STEP][PASSED] - delay(2): Delayed 2 second(s)

2019-07-09 18:15:39 - [MESSAGE][PASSED] - Delayed 2 second(s)

2019-07-09 18:15:39 - [TEST_STEP][PASSED] - click(findTestObject("APOLLO- Desktop/Cart flyout/Checkout")): Object: 'Object Repository/APOLLO- Desktop/Cart flyout/Checkout' is clicked on

2019-07-09 18:15:43 - [MESSAGE][PASSED] - Object: 'Object Repository/APOLLO- Desktop/Cart flyout/Checkout' is clicked on

2019-07-09 18:15:43 - [TEST_STEP][PASSED] - delay(2): Delayed 2 second(s)

2019-07-09 18:15:45 - [MESSAGE][PASSED] - Delayed 2 second(s)

2019-07-09 18:15:45 - [TEST_STEP][PASSED] - callTestCase(findTestCase("CALL- CUSTOMER INFO PAGE"), [:], STOP_ON_FAILURE): Call Test Case 'Test Cases/CALL- CUSTOMER INFO PAGE' successfully

2019-07-09 18:15:45 - [TEST_CASE][PASSED] - Test Cases/CALL- CUSTOMER INFO PAGE: Test Cases/CALL- CUSTOMER INFO PAGE

2019-07-09 18:15:45 - [TEST_STEP][PASSED] - delay(2): Delayed 2 second(s)

2019-07-09 18:15:47 - [MESSAGE][PASSED] - Delayed 2 second(s)

2019-07-09 18:15:47 - [TEST_STEP][PASSED] - executeJavaScript("var previewBar = document.getElementById("preview-bar-iframe"); previewBar.style.display = "none";", []): Execute JavaScript 'var previewBar = document.getElementById("preview-bar-iframe"); previewBar.style.display = "none";' successfully

2019-07-09 18:15:47 - [MESSAGE][PASSED] - Execute JavaScript 'var previewBar = document.getElementById("preview-bar-iframe"); previewBar.style.display = "none";' successfully

2019-07-09 18:15:47 - [TEST_STEP][PASSED] - setText(findTestObject("APOLLO- Desktop/Customer Information page/Email"), "suman@gmail.com"): Text 'suman@gmail.com' is set on object 'Object Repository/APOLLO- Desktop/Customer Information page/Email'

2019-07-09 18:15:48 - [MESSAGE][PASSED] - Text 'suman@gmail.com' is set on object 'Object Repository/APOLLO- Desktop/Customer Information page/Email'

2019-07-09 18:15:48 - [TEST_STEP][PASSED] - delay(2): Delayed 2 second(s)

2019-07-09 18:15:50 - [MESSAGE][PASSED] - Delayed 2 second(s)

2019-07-09 18:15:50 - [TEST_STEP][PASSED] - setText(findTestObject("APOLLO- Desktop/Customer Information page/First name"), "suman"): Text 'suman' is set on object 'Object Repository/APOLLO- Desktop/Customer Information page/First name'

2019-07-09 18:15:51 - [MESSAGE][PASSED] - Text 'suman' is set on object 'Object Repository/APOLLO- Desktop/Customer Information page/First name'

2019-07-09 18:15:51 - [TEST_STEP][PASSED] - delay(2): Delayed 2 second(s)

2019-07-09 18:15:53 - [MESSAGE][PASSED] - Delayed 2 second(s)

2019-07-09 18:15:53 - [TEST_STEP][PASSED] - setText(findTestObject("APOLLO- Desktop/Customer Information page/Last name"), "kompelly"): Text 'kompelly' is set on object 'Object Repository/APOLLO- Desktop/Customer Information page/Last name'

2019-07-09 18:15:54 - [MESSAGE][PASSED] - Text 'kompelly' is set on object 'Object Repository/APOLLO- Desktop/Customer Information page/Last name'

2019-07-09 18:15:54 - [TEST_STEP][PASSED] - delay(2): Delayed 2 second(s)

2019-07-09 18:15:56 - [MESSAGE][PASSED] - Delayed 2 second(s)

2019-07-09 18:15:56 - [TEST_STEP][PASSED] - setText(findTestObject("APOLLO- Desktop/Customer Information page/Address"), "1435 st alxendre"): Text '1435 st alxendre' is set on object 'Object Repository/APOLLO- Desktop/Customer Information page/Address'

2019-07-09 18:16:04 - [MESSAGE][PASSED] - Text '1435 st alxendre' is set on object 'Object Repository/APOLLO- Desktop/Customer Information page/Address'

2019-07-09 18:16:04 - [TEST_STEP][PASSED] - setText(findTestObject("APOLLO- Desktop/Customer Information page/Apartment"), "220"): Text '220' is set on object 'Object Repository/APOLLO- Desktop/Customer Information page/Apartment'

2019-07-09 18:16:05 - [MESSAGE][PASSED] - Text '220' is set on object 'Object Repository/APOLLO- Desktop/Customer Information page/Apartment'

2019-07-09 18:16:05 - [TEST_STEP][PASSED] - setText(findTestObject("APOLLO- Desktop/Customer Information page/City"), "montreal"): Text 'montreal' is set on object 'Object Repository/APOLLO- Desktop/Customer Information page/City'

2019-07-09 18:16:05 - [MESSAGE][PASSED] - Text 'montreal' is set on object 'Object Repository/APOLLO- Desktop/Customer Information page/City'

2019-07-09 18:16:05 - [TEST_STEP][PASSED] - selectOptionByValue(findTestObject("APOLLO- Desktop/Customer Information page/Country dropdown"), "United States", true): All options with value 'United States' are selected in object 'Object Repository/APOLLO- Desktop/Customer Information page/Country dropdown'  using regular expression

2019-07-09 18:16:53 - [MESSAGE][PASSED] - All options with value 'United States' are selected in object 'Object Repository/APOLLO- Desktop/Customer Information page/Country dropdown'  using regular expression

2019-07-09 18:16:53 - [TEST_STEP][PASSED] - selectOptionByValue(findTestObject("APOLLO- Desktop/Customer Information page/states dropdown"), "NJ", true): All options with value 'NJ' are selected in object 'Object Repository/APOLLO- Desktop/Customer Information page/states dropdown'  using regular expression

2019-07-09 18:17:05 - [MESSAGE][PASSED] - All options with value 'NJ' are selected in object 'Object Repository/APOLLO- Desktop/Customer Information page/states dropdown'  using regular expression

2019-07-09 18:17:05 - [TEST_STEP][PASSED] - setText(findTestObject("APOLLO- Desktop/Customer Information page/ZIP code"), "07057"): Text '07057' is set on object 'Object Repository/APOLLO- Desktop/Customer Information page/ZIP code'

2019-07-09 18:17:06 - [MESSAGE][PASSED] - Text '07057' is set on object 'Object Repository/APOLLO- Desktop/Customer Information page/ZIP code'

2019-07-09 18:17:06 - [MESSAGE][PASSED] - Call Test Case 'Test Cases/CALL- CUSTOMER INFO PAGE' successfully

2019-07-09 18:17:06 - [TEST_STEP][PASSED] - delay(2): Delayed 2 second(s)

2019-07-09 18:17:08 - [MESSAGE][PASSED] - Delayed 2 second(s)

2019-07-09 18:17:08 - [TEST_STEP][PASSED] - callTestCase(findTestCase("CALL - SHIPPING TO PAYMENT"), [:], STOP_ON_FAILURE): Call Test Case 'Test Cases/CALL - SHIPPING TO PAYMENT' successfully

2019-07-09 18:17:08 - [TEST_CASE][PASSED] - Test Cases/CALL - SHIPPING TO PAYMENT: Test Cases/CALL - SHIPPING TO PAYMENT

2019-07-09 18:17:08 - [TEST_STEP][PASSED] - click(findTestObject("APOLLO- Desktop/Customer Information page/Continue to shipping")): Object: 'Object Repository/APOLLO- Desktop/Customer Information page/Continue to shipping' is clicked on

2019-07-09 18:17:13 - [MESSAGE][PASSED] - Object: 'Object Repository/APOLLO- Desktop/Customer Information page/Continue to shipping' is clicked on

2019-07-09 18:17:13 - [TEST_STEP][PASSED] - executeJavaScript("var previewBar = document.getElementById("preview-bar-iframe"); previewBar.style.display = "none";", []): Execute JavaScript 'var previewBar = document.getElementById("preview-bar-iframe"); previewBar.style.display = "none";' successfully

2019-07-09 18:17:13 - [MESSAGE][PASSED] - Execute JavaScript 'var previewBar = document.getElementById("preview-bar-iframe"); previewBar.style.display = "none";' successfully

2019-07-09 18:17:13 - [TEST_STEP][PASSED] - click(findTestObject("APOLLO- Desktop/Shipping page/Radio button check")): Object: 'Object Repository/APOLLO- Desktop/Shipping page/Radio button check' is clicked on

2019-07-09 18:17:15 - [MESSAGE][PASSED] - Object: 'Object Repository/APOLLO- Desktop/Shipping page/Radio button check' is clicked on

2019-07-09 18:17:15 - [TEST_STEP][PASSED] - executeJavaScript("var previewBar = document.getElementById("preview-bar-iframe"); previewBar.style.display = "none";", []): Execute JavaScript 'var previewBar = document.getElementById("preview-bar-iframe"); previewBar.style.display = "none";' successfully

2019-07-09 18:17:15 - [MESSAGE][PASSED] - Execute JavaScript 'var previewBar = document.getElementById("preview-bar-iframe"); previewBar.style.display = "none";' successfully

2019-07-09 18:17:15 - [TEST_STEP][PASSED] - click(findTestObject("APOLLO- Desktop/Shipping page/Continue to payment")): Object: 'Object Repository/APOLLO- Desktop/Shipping page/Continue to payment' is clicked on

2019-07-09 18:17:18 - [MESSAGE][PASSED] - Object: 'Object Repository/APOLLO- Desktop/Shipping page/Continue to payment' is clicked on

2019-07-09 18:17:18 - [TEST_STEP][PASSED] - executeJavaScript("var previewBar = document.getElementById("preview-bar-iframe"); previewBar.style.display = "none";", []): Execute JavaScript 'var previewBar = document.getElementById("preview-bar-iframe"); previewBar.style.display = "none";' successfully

2019-07-09 18:17:18 - [MESSAGE][PASSED] - Execute JavaScript 'var previewBar = document.getElementById("preview-bar-iframe"); previewBar.style.display = "none";' successfully

2019-07-09 18:17:18 - [TEST_STEP][PASSED] - verifyTextPresent("Payment", false): Text 'Payment' is present on page 

2019-07-09 18:17:19 - [MESSAGE][PASSED] - Text 'Payment' is present on page 

2019-07-09 18:17:19 - [MESSAGE][PASSED] - Call Test Case 'Test Cases/CALL - SHIPPING TO PAYMENT' successfully]]></system-out>
         <system-err><![CDATA[]]></system-err>
      </testcase>
      <testcase name="Test Cases/CRITICAL PATH/Increase quantity - Cart flyout" classname="Test Cases/CRITICAL PATH/Increase quantity - Cart flyout" status="PASSED">
         <system-out><![CDATA[2019-07-09 18:17:19 - [TEST_CASE][PASSED] - Test Cases/CRITICAL PATH/Increase quantity - Cart flyout: Test Cases/CRITICAL PATH/Increase quantity - Cart flyout

2019-07-09 18:17:19 - [TEST_STEP][PASSED] - callTestCase(findTestCase("CALL - URL"), [:], STOP_ON_FAILURE): Call Test Case 'Test Cases/CALL - URL' successfully

2019-07-09 18:17:19 - [TEST_CASE][PASSED] - Test Cases/CALL - URL: Test Cases/CALL - URL

2019-07-09 18:17:19 - [TEST_STEP][PASSED] - openBrowser(""): Browser is opened with url: ''

2019-07-09 18:17:19 - [MESSAGE][WARNING] - A browser is already opened. Closing browser and opening a new one

2019-07-09 18:17:21 - [MESSAGE][INFO] - Starting 'Remote' driver

2019-07-09 18:17:21 - [MESSAGE][INFO] - User set preference: ['os', 'Windows']

2019-07-09 18:17:21 - [MESSAGE][INFO] - User set preference: ['os_version', '10']

2019-07-09 18:17:21 - [MESSAGE][INFO] - User set preference: ['browser', 'Chrome']

2019-07-09 18:17:21 - [MESSAGE][INFO] - User set preference: ['browser_version', '75.0']

2019-07-09 18:17:21 - [MESSAGE][INFO] - User set preference: ['resolution', '1280x1024']

2019-07-09 18:17:21 - [MESSAGE][INFO] - User set preference: ['browserstack.local', 'false']

2019-07-09 18:17:21 - [MESSAGE][INFO] - Connecting to remote web server 'https://dianatest3:Z3oqw9ysqTeRQJq5wFCp@hub-cloud.browserstack.com/wd/hub' with type 'Selenium'

2019-07-09 18:17:31 - [MESSAGE][PASSED] - Browser is opened with url: ''

2019-07-09 18:17:31 - [TEST_STEP][PASSED] - navigateToUrl("https://apollo-fireball.myshopify.com/?_ab=0&_fd=0&_sc=1&key=96c2edace7b9967f3a77c2e2b131937136039831e9ec35f31598610005fa8795&preview_theme_id=46803124304"): Navigate to 'https://apollo-fireball.myshopify.com/?_ab=0&_fd=0&_sc=1&key=96c2edace7b9967f3a77c2e2b131937136039831e9ec35f31598610005fa8795&preview_theme_id=46803124304' successfully

2019-07-09 18:17:35 - [MESSAGE][PASSED] - Navigate to 'https://apollo-fireball.myshopify.com/?_ab=0&_fd=0&_sc=1&key=96c2edace7b9967f3a77c2e2b131937136039831e9ec35f31598610005fa8795&preview_theme_id=46803124304' successfully

2019-07-09 18:17:35 - [TEST_STEP][PASSED] - executeJavaScript("var previewBar = document.getElementById("preview-bar-iframe"); previewBar.style.display = "none";", []): Execute JavaScript 'var previewBar = document.getElementById("preview-bar-iframe"); previewBar.style.display = "none";' successfully

2019-07-09 18:17:36 - [MESSAGE][PASSED] - Execute JavaScript 'var previewBar = document.getElementById("preview-bar-iframe"); previewBar.style.display = "none";' successfully

2019-07-09 18:17:36 - [TEST_STEP][PASSED] - maximizeWindow(): Current window maximized

2019-07-09 18:17:37 - [MESSAGE][PASSED] - Current window maximized

2019-07-09 18:17:37 - [MESSAGE][PASSED] - Call Test Case 'Test Cases/CALL - URL' successfully

2019-07-09 18:17:37 - [TEST_STEP][PASSED] - delay(1): Delayed 1 second(s)

2019-07-09 18:17:38 - [MESSAGE][PASSED] - Delayed 1 second(s)

2019-07-09 18:17:38 - [TEST_STEP][PASSED] - click(findTestObject("APOLLO- Desktop/Burger Menu/Burgermenu")): Object: 'Object Repository/APOLLO- Desktop/Burger Menu/Burgermenu' is clicked on

2019-07-09 18:17:39 - [MESSAGE][PASSED] - Object: 'Object Repository/APOLLO- Desktop/Burger Menu/Burgermenu' is clicked on

2019-07-09 18:17:39 - [TEST_STEP][PASSED] - delay(2): Delayed 2 second(s)

2019-07-09 18:17:41 - [MESSAGE][PASSED] - Delayed 2 second(s)

2019-07-09 18:17:41 - [TEST_STEP][PASSED] - click(findTestObject("APOLLO- Desktop/Burger Menu/Shop food")): Object: 'Object Repository/APOLLO- Desktop/Burger Menu/Shop food' is clicked on

2019-07-09 18:17:42 - [MESSAGE][PASSED] - Object: 'Object Repository/APOLLO- Desktop/Burger Menu/Shop food' is clicked on

2019-07-09 18:17:42 - [TEST_STEP][PASSED] - delay(2): Delayed 2 second(s)

2019-07-09 18:17:44 - [MESSAGE][PASSED] - Delayed 2 second(s)

2019-07-09 18:17:44 - [TEST_STEP][PASSED] - click(findTestObject("APOLLO- Desktop/Burger Menu/Beef")): Object: 'Object Repository/APOLLO- Desktop/Burger Menu/Beef' is clicked on

2019-07-09 18:17:46 - [MESSAGE][PASSED] - Object: 'Object Repository/APOLLO- Desktop/Burger Menu/Beef' is clicked on

2019-07-09 18:17:46 - [TEST_STEP][PASSED] - delay(2): Delayed 2 second(s)

2019-07-09 18:17:48 - [MESSAGE][PASSED] - Delayed 2 second(s)

2019-07-09 18:17:48 - [TEST_STEP][PASSED] - executeJavaScript("var previewBar = document.getElementById("preview-bar-iframe"); previewBar.style.display = "none";", []): Execute JavaScript 'var previewBar = document.getElementById("preview-bar-iframe"); previewBar.style.display = "none";' successfully

2019-07-09 18:17:48 - [MESSAGE][PASSED] - Execute JavaScript 'var previewBar = document.getElementById("preview-bar-iframe"); previewBar.style.display = "none";' successfully

2019-07-09 18:17:48 - [TEST_STEP][PASSED] - delay(2): Delayed 2 second(s)

2019-07-09 18:17:50 - [MESSAGE][PASSED] - Delayed 2 second(s)

2019-07-09 18:17:50 - [TEST_STEP][PASSED] - click(findTestObject("APOLLO- Desktop/Collection page/Beef skewers")): Object: 'Object Repository/APOLLO- Desktop/Collection page/Beef skewers' is clicked on

2019-07-09 18:17:54 - [MESSAGE][PASSED] - Object: 'Object Repository/APOLLO- Desktop/Collection page/Beef skewers' is clicked on

2019-07-09 18:17:54 - [TEST_STEP][PASSED] - executeJavaScript("var previewBar = document.getElementById("preview-bar-iframe"); previewBar.style.display = "none";", []): Execute JavaScript 'var previewBar = document.getElementById("preview-bar-iframe"); previewBar.style.display = "none";' successfully

2019-07-09 18:17:54 - [MESSAGE][PASSED] - Execute JavaScript 'var previewBar = document.getElementById("preview-bar-iframe"); previewBar.style.display = "none";' successfully

2019-07-09 18:17:54 - [TEST_STEP][PASSED] - delay(2): Delayed 2 second(s)

2019-07-09 18:17:56 - [MESSAGE][PASSED] - Delayed 2 second(s)

2019-07-09 18:17:56 - [TEST_STEP][PASSED] - click(findTestObject("APOLLO- Desktop/Product page/1 piece")): Object: 'Object Repository/APOLLO- Desktop/Product page/1 piece' is clicked on

2019-07-09 18:17:56 - [MESSAGE][PASSED] - Object: 'Object Repository/APOLLO- Desktop/Product page/1 piece' is clicked on

2019-07-09 18:17:56 - [TEST_STEP][PASSED] - delay(2): Delayed 2 second(s)

2019-07-09 18:17:58 - [MESSAGE][PASSED] - Delayed 2 second(s)

2019-07-09 18:17:58 - [TEST_STEP][PASSED] - click(findTestObject("APOLLO- Desktop/Product page/Add to bag")): Object: 'Object Repository/APOLLO- Desktop/Product page/Add to bag' is clicked on

2019-07-09 18:17:59 - [MESSAGE][PASSED] - Object: 'Object Repository/APOLLO- Desktop/Product page/Add to bag' is clicked on

2019-07-09 18:17:59 - [TEST_STEP][PASSED] - delay(2): Delayed 2 second(s)

2019-07-09 18:18:01 - [MESSAGE][PASSED] - Delayed 2 second(s)

2019-07-09 18:18:01 - [TEST_STEP][PASSED] - a = getText(findTestObject("APOLLO- Desktop/Cart flyout/Subtotal in cart flyout")): Text of object 'Object Repository/APOLLO- Desktop/Cart flyout/Subtotal in cart flyout' is: '$8.50'

2019-07-09 18:18:01 - [MESSAGE][PASSED] - Text of object 'Object Repository/APOLLO- Desktop/Cart flyout/Subtotal in cart flyout' is: '$8.50'

2019-07-09 18:18:01 - [TEST_STEP][PASSED] - comment("a=" + a): a=$8.50

2019-07-09 18:18:01 - [MESSAGE][INFO] - a=$8.50

2019-07-09 18:18:01 - [TEST_STEP][PASSED] - delay(2): Delayed 2 second(s)

2019-07-09 18:18:03 - [MESSAGE][PASSED] - Delayed 2 second(s)

2019-07-09 18:18:03 - [TEST_STEP][PASSED] - click(findTestObject("APOLLO- Desktop/Cart flyout/Increase quantity - cart flyout")): Object: 'Object Repository/APOLLO- Desktop/Cart flyout/Increase quantity - cart flyout' is clicked on

2019-07-09 18:18:03 - [MESSAGE][PASSED] - Object: 'Object Repository/APOLLO- Desktop/Cart flyout/Increase quantity - cart flyout' is clicked on

2019-07-09 18:18:03 - [TEST_STEP][PASSED] - delay(2): Delayed 2 second(s)

2019-07-09 18:18:05 - [MESSAGE][PASSED] - Delayed 2 second(s)

2019-07-09 18:18:05 - [TEST_STEP][PASSED] - click(findTestObject("APOLLO- Desktop/Cart flyout/Increase quantity - cart flyout")): Object: 'Object Repository/APOLLO- Desktop/Cart flyout/Increase quantity - cart flyout' is clicked on

2019-07-09 18:18:06 - [MESSAGE][PASSED] - Object: 'Object Repository/APOLLO- Desktop/Cart flyout/Increase quantity - cart flyout' is clicked on

2019-07-09 18:18:06 - [TEST_STEP][PASSED] - delay(2): Delayed 2 second(s)

2019-07-09 18:18:08 - [MESSAGE][PASSED] - Delayed 2 second(s)

2019-07-09 18:18:08 - [TEST_STEP][PASSED] - click(findTestObject("APOLLO- Desktop/random/Page_Apollo - Dark  Diff Apollo/CArt quanty update")): Object: 'Object Repository/APOLLO- Desktop/random/Page_Apollo - Dark  Diff Apollo/CArt quanty update' is clicked on

2019-07-09 18:18:08 - [MESSAGE][PASSED] - Object: 'Object Repository/APOLLO- Desktop/random/Page_Apollo - Dark  Diff Apollo/CArt quanty update' is clicked on

2019-07-09 18:18:08 - [TEST_STEP][PASSED] - delay(2): Delayed 2 second(s)

2019-07-09 18:18:10 - [MESSAGE][PASSED] - Delayed 2 second(s)

2019-07-09 18:18:10 - [TEST_STEP][PASSED] - click(findTestObject("APOLLO- Desktop/random/Page_Apollo - Dark  Diff Apollo/td_Wool Sweater")): Object: 'Object Repository/APOLLO- Desktop/random/Page_Apollo - Dark  Diff Apollo/td_Wool Sweater' is clicked on

2019-07-09 18:18:10 - [MESSAGE][PASSED] - Object: 'Object Repository/APOLLO- Desktop/random/Page_Apollo - Dark  Diff Apollo/td_Wool Sweater' is clicked on

2019-07-09 18:18:10 - [TEST_STEP][PASSED] - delay(2): Delayed 2 second(s)

2019-07-09 18:18:12 - [MESSAGE][PASSED] - Delayed 2 second(s)

2019-07-09 18:18:12 - [TEST_STEP][PASSED] - b = getText(findTestObject("APOLLO- Desktop/Cart flyout/Subtotal in cart flyout")): Text of object 'Object Repository/APOLLO- Desktop/Cart flyout/Subtotal in cart flyout' is: '$34.00'

2019-07-09 18:18:13 - [MESSAGE][PASSED] - Text of object 'Object Repository/APOLLO- Desktop/Cart flyout/Subtotal in cart flyout' is: '$34.00'

2019-07-09 18:18:13 - [TEST_STEP][PASSED] - comment("b=" + b): b=$34.00

2019-07-09 18:18:13 - [MESSAGE][INFO] - b=$34.00

2019-07-09 18:18:13 - [TEST_STEP][PASSED] - flag = verifyNotEqual("a", "b"): Actual object 'a' and expected object 'b' are not equal

2019-07-09 18:18:13 - [MESSAGE][PASSED] - Actual object 'a' and expected object 'b' are not equal

2019-07-09 18:18:13 - [TEST_STEP][PASSED] - if (flag == true): Quantity selector working

2019-07-09 18:18:13 - [TEST_STEP][PASSED] - comment("Quantity selector working"): Quantity selector working

2019-07-09 18:18:13 - [MESSAGE][INFO] - Quantity selector working

2019-07-09 18:18:13 - [TEST_STEP][PASSED] - delay(2): Delayed 2 second(s)

2019-07-09 18:18:15 - [MESSAGE][PASSED] - Delayed 2 second(s)

2019-07-09 18:18:15 - [TEST_STEP][PASSED] - click(findTestObject("APOLLO- Desktop/Cart flyout/Checkout")): Object: 'Object Repository/APOLLO- Desktop/Cart flyout/Checkout' is clicked on

2019-07-09 18:18:18 - [MESSAGE][PASSED] - Object: 'Object Repository/APOLLO- Desktop/Cart flyout/Checkout' is clicked on

2019-07-09 18:18:18 - [TEST_STEP][PASSED] - delay(2): Delayed 2 second(s)

2019-07-09 18:18:20 - [MESSAGE][PASSED] - Delayed 2 second(s)

2019-07-09 18:18:20 - [TEST_STEP][PASSED] - callTestCase(findTestCase("CALL- CUSTOMER INFO PAGE"), [:], STOP_ON_FAILURE): Call Test Case 'Test Cases/CALL- CUSTOMER INFO PAGE' successfully

2019-07-09 18:18:20 - [TEST_CASE][PASSED] - Test Cases/CALL- CUSTOMER INFO PAGE: Test Cases/CALL- CUSTOMER INFO PAGE

2019-07-09 18:18:20 - [TEST_STEP][PASSED] - delay(2): Delayed 2 second(s)

2019-07-09 18:18:22 - [MESSAGE][PASSED] - Delayed 2 second(s)

2019-07-09 18:18:22 - [TEST_STEP][PASSED] - executeJavaScript("var previewBar = document.getElementById("preview-bar-iframe"); previewBar.style.display = "none";", []): Execute JavaScript 'var previewBar = document.getElementById("preview-bar-iframe"); previewBar.style.display = "none";' successfully

2019-07-09 18:18:22 - [MESSAGE][PASSED] - Execute JavaScript 'var previewBar = document.getElementById("preview-bar-iframe"); previewBar.style.display = "none";' successfully

2019-07-09 18:18:22 - [TEST_STEP][PASSED] - setText(findTestObject("APOLLO- Desktop/Customer Information page/Email"), "suman@gmail.com"): Text 'suman@gmail.com' is set on object 'Object Repository/APOLLO- Desktop/Customer Information page/Email'

2019-07-09 18:18:23 - [MESSAGE][PASSED] - Text 'suman@gmail.com' is set on object 'Object Repository/APOLLO- Desktop/Customer Information page/Email'

2019-07-09 18:18:23 - [TEST_STEP][PASSED] - delay(2): Delayed 2 second(s)

2019-07-09 18:18:25 - [MESSAGE][PASSED] - Delayed 2 second(s)

2019-07-09 18:18:25 - [TEST_STEP][PASSED] - setText(findTestObject("APOLLO- Desktop/Customer Information page/First name"), "suman"): Text 'suman' is set on object 'Object Repository/APOLLO- Desktop/Customer Information page/First name'

2019-07-09 18:18:26 - [MESSAGE][PASSED] - Text 'suman' is set on object 'Object Repository/APOLLO- Desktop/Customer Information page/First name'

2019-07-09 18:18:26 - [TEST_STEP][PASSED] - delay(2): Delayed 2 second(s)

2019-07-09 18:18:28 - [MESSAGE][PASSED] - Delayed 2 second(s)

2019-07-09 18:18:28 - [TEST_STEP][PASSED] - setText(findTestObject("APOLLO- Desktop/Customer Information page/Last name"), "kompelly"): Text 'kompelly' is set on object 'Object Repository/APOLLO- Desktop/Customer Information page/Last name'

2019-07-09 18:18:29 - [MESSAGE][PASSED] - Text 'kompelly' is set on object 'Object Repository/APOLLO- Desktop/Customer Information page/Last name'

2019-07-09 18:18:29 - [TEST_STEP][PASSED] - delay(2): Delayed 2 second(s)

2019-07-09 18:18:31 - [MESSAGE][PASSED] - Delayed 2 second(s)

2019-07-09 18:18:31 - [TEST_STEP][PASSED] - setText(findTestObject("APOLLO- Desktop/Customer Information page/Address"), "1435 st alxendre"): Text '1435 st alxendre' is set on object 'Object Repository/APOLLO- Desktop/Customer Information page/Address'

2019-07-09 18:18:31 - [MESSAGE][PASSED] - Text '1435 st alxendre' is set on object 'Object Repository/APOLLO- Desktop/Customer Information page/Address'

2019-07-09 18:18:31 - [TEST_STEP][PASSED] - setText(findTestObject("APOLLO- Desktop/Customer Information page/Apartment"), "220"): Text '220' is set on object 'Object Repository/APOLLO- Desktop/Customer Information page/Apartment'

2019-07-09 18:18:32 - [MESSAGE][PASSED] - Text '220' is set on object 'Object Repository/APOLLO- Desktop/Customer Information page/Apartment'

2019-07-09 18:18:32 - [TEST_STEP][PASSED] - setText(findTestObject("APOLLO- Desktop/Customer Information page/City"), "montreal"): Text 'montreal' is set on object 'Object Repository/APOLLO- Desktop/Customer Information page/City'

2019-07-09 18:18:33 - [MESSAGE][PASSED] - Text 'montreal' is set on object 'Object Repository/APOLLO- Desktop/Customer Information page/City'

2019-07-09 18:18:33 - [TEST_STEP][PASSED] - selectOptionByValue(findTestObject("APOLLO- Desktop/Customer Information page/Country dropdown"), "United States", true): All options with value 'United States' are selected in object 'Object Repository/APOLLO- Desktop/Customer Information page/Country dropdown'  using regular expression

2019-07-09 18:19:14 - [MESSAGE][PASSED] - All options with value 'United States' are selected in object 'Object Repository/APOLLO- Desktop/Customer Information page/Country dropdown'  using regular expression

2019-07-09 18:19:14 - [TEST_STEP][PASSED] - selectOptionByValue(findTestObject("APOLLO- Desktop/Customer Information page/states dropdown"), "NJ", true): All options with value 'NJ' are selected in object 'Object Repository/APOLLO- Desktop/Customer Information page/states dropdown'  using regular expression

2019-07-09 18:19:24 - [MESSAGE][PASSED] - All options with value 'NJ' are selected in object 'Object Repository/APOLLO- Desktop/Customer Information page/states dropdown'  using regular expression

2019-07-09 18:19:24 - [TEST_STEP][PASSED] - setText(findTestObject("APOLLO- Desktop/Customer Information page/ZIP code"), "07057"): Text '07057' is set on object 'Object Repository/APOLLO- Desktop/Customer Information page/ZIP code'

2019-07-09 18:19:25 - [MESSAGE][PASSED] - Text '07057' is set on object 'Object Repository/APOLLO- Desktop/Customer Information page/ZIP code'

2019-07-09 18:19:25 - [MESSAGE][PASSED] - Call Test Case 'Test Cases/CALL- CUSTOMER INFO PAGE' successfully

2019-07-09 18:19:25 - [TEST_STEP][PASSED] - delay(2): Delayed 2 second(s)

2019-07-09 18:19:27 - [MESSAGE][PASSED] - Delayed 2 second(s)

2019-07-09 18:19:27 - [TEST_STEP][PASSED] - callTestCase(findTestCase("CALL - SHIPPING TO PAYMENT"), [:], STOP_ON_FAILURE): Call Test Case 'Test Cases/CALL - SHIPPING TO PAYMENT' successfully

2019-07-09 18:19:27 - [TEST_CASE][PASSED] - Test Cases/CALL - SHIPPING TO PAYMENT: Test Cases/CALL - SHIPPING TO PAYMENT

2019-07-09 18:19:27 - [TEST_STEP][PASSED] - click(findTestObject("APOLLO- Desktop/Customer Information page/Continue to shipping")): Object: 'Object Repository/APOLLO- Desktop/Customer Information page/Continue to shipping' is clicked on

2019-07-09 18:19:30 - [MESSAGE][PASSED] - Object: 'Object Repository/APOLLO- Desktop/Customer Information page/Continue to shipping' is clicked on

2019-07-09 18:19:30 - [TEST_STEP][PASSED] - executeJavaScript("var previewBar = document.getElementById("preview-bar-iframe"); previewBar.style.display = "none";", []): Execute JavaScript 'var previewBar = document.getElementById("preview-bar-iframe"); previewBar.style.display = "none";' successfully

2019-07-09 18:19:30 - [MESSAGE][PASSED] - Execute JavaScript 'var previewBar = document.getElementById("preview-bar-iframe"); previewBar.style.display = "none";' successfully

2019-07-09 18:19:30 - [TEST_STEP][PASSED] - click(findTestObject("APOLLO- Desktop/Shipping page/Radio button check")): Object: 'Object Repository/APOLLO- Desktop/Shipping page/Radio button check' is clicked on

2019-07-09 18:19:31 - [MESSAGE][PASSED] - Object: 'Object Repository/APOLLO- Desktop/Shipping page/Radio button check' is clicked on

2019-07-09 18:19:31 - [TEST_STEP][PASSED] - executeJavaScript("var previewBar = document.getElementById("preview-bar-iframe"); previewBar.style.display = "none";", []): Execute JavaScript 'var previewBar = document.getElementById("preview-bar-iframe"); previewBar.style.display = "none";' successfully

2019-07-09 18:19:31 - [MESSAGE][PASSED] - Execute JavaScript 'var previewBar = document.getElementById("preview-bar-iframe"); previewBar.style.display = "none";' successfully

2019-07-09 18:19:31 - [TEST_STEP][PASSED] - click(findTestObject("APOLLO- Desktop/Shipping page/Continue to payment")): Object: 'Object Repository/APOLLO- Desktop/Shipping page/Continue to payment' is clicked on

2019-07-09 18:19:34 - [MESSAGE][PASSED] - Object: 'Object Repository/APOLLO- Desktop/Shipping page/Continue to payment' is clicked on

2019-07-09 18:19:34 - [TEST_STEP][PASSED] - executeJavaScript("var previewBar = document.getElementById("preview-bar-iframe"); previewBar.style.display = "none";", []): Execute JavaScript 'var previewBar = document.getElementById("preview-bar-iframe"); previewBar.style.display = "none";' successfully

2019-07-09 18:19:34 - [MESSAGE][PASSED] - Execute JavaScript 'var previewBar = document.getElementById("preview-bar-iframe"); previewBar.style.display = "none";' successfully

2019-07-09 18:19:34 - [TEST_STEP][PASSED] - verifyTextPresent("Payment", false): Text 'Payment' is present on page 

2019-07-09 18:19:35 - [MESSAGE][PASSED] - Text 'Payment' is present on page 

2019-07-09 18:19:35 - [MESSAGE][PASSED] - Call Test Case 'Test Cases/CALL - SHIPPING TO PAYMENT' successfully]]></system-out>
         <system-err><![CDATA[]]></system-err>
      </testcase>
      <testcase name="Test Cases/CRITICAL PATH/Adding diff prods to cart" classname="Test Cases/CRITICAL PATH/Adding diff prods to cart" status="PASSED">
         <system-out><![CDATA[2019-07-09 18:19:35 - [TEST_CASE][PASSED] - Test Cases/CRITICAL PATH/Adding diff prods to cart: Test Cases/CRITICAL PATH/Adding diff prods to cart

2019-07-09 18:19:35 - [TEST_STEP][PASSED] - callTestCase(findTestCase("CALL - URL"), [:], STOP_ON_FAILURE): Call Test Case 'Test Cases/CALL - URL' successfully

2019-07-09 18:19:35 - [TEST_CASE][PASSED] - Test Cases/CALL - URL: Test Cases/CALL - URL

2019-07-09 18:19:35 - [TEST_STEP][PASSED] - openBrowser(""): Browser is opened with url: ''

2019-07-09 18:19:35 - [MESSAGE][WARNING] - A browser is already opened. Closing browser and opening a new one

2019-07-09 18:19:36 - [MESSAGE][INFO] - Starting 'Remote' driver

2019-07-09 18:19:36 - [MESSAGE][INFO] - User set preference: ['os', 'Windows']

2019-07-09 18:19:36 - [MESSAGE][INFO] - User set preference: ['os_version', '10']

2019-07-09 18:19:36 - [MESSAGE][INFO] - User set preference: ['browser', 'Chrome']

2019-07-09 18:19:36 - [MESSAGE][INFO] - User set preference: ['browser_version', '75.0']

2019-07-09 18:19:36 - [MESSAGE][INFO] - User set preference: ['resolution', '1280x1024']

2019-07-09 18:19:36 - [MESSAGE][INFO] - User set preference: ['browserstack.local', 'false']

2019-07-09 18:19:36 - [MESSAGE][INFO] - Connecting to remote web server 'https://dianatest3:Z3oqw9ysqTeRQJq5wFCp@hub-cloud.browserstack.com/wd/hub' with type 'Selenium'

2019-07-09 18:19:42 - [MESSAGE][PASSED] - Browser is opened with url: ''

2019-07-09 18:19:42 - [TEST_STEP][PASSED] - navigateToUrl("https://apollo-fireball.myshopify.com/?_ab=0&_fd=0&_sc=1&key=96c2edace7b9967f3a77c2e2b131937136039831e9ec35f31598610005fa8795&preview_theme_id=46803124304"): Navigate to 'https://apollo-fireball.myshopify.com/?_ab=0&_fd=0&_sc=1&key=96c2edace7b9967f3a77c2e2b131937136039831e9ec35f31598610005fa8795&preview_theme_id=46803124304' successfully

2019-07-09 18:19:46 - [MESSAGE][PASSED] - Navigate to 'https://apollo-fireball.myshopify.com/?_ab=0&_fd=0&_sc=1&key=96c2edace7b9967f3a77c2e2b131937136039831e9ec35f31598610005fa8795&preview_theme_id=46803124304' successfully

2019-07-09 18:19:46 - [TEST_STEP][PASSED] - executeJavaScript("var previewBar = document.getElementById("preview-bar-iframe"); previewBar.style.display = "none";", []): Execute JavaScript 'var previewBar = document.getElementById("preview-bar-iframe"); previewBar.style.display = "none";' successfully

2019-07-09 18:19:47 - [MESSAGE][PASSED] - Execute JavaScript 'var previewBar = document.getElementById("preview-bar-iframe"); previewBar.style.display = "none";' successfully

2019-07-09 18:19:47 - [TEST_STEP][PASSED] - maximizeWindow(): Current window maximized

2019-07-09 18:19:48 - [MESSAGE][PASSED] - Current window maximized

2019-07-09 18:19:48 - [MESSAGE][PASSED] - Call Test Case 'Test Cases/CALL - URL' successfully

2019-07-09 18:19:48 - [TEST_STEP][PASSED] - click(findTestObject("APOLLO- Desktop/Burger Menu/Burgermenu")): Object: 'Object Repository/APOLLO- Desktop/Burger Menu/Burgermenu' is clicked on

2019-07-09 18:19:49 - [MESSAGE][PASSED] - Object: 'Object Repository/APOLLO- Desktop/Burger Menu/Burgermenu' is clicked on

2019-07-09 18:19:49 - [TEST_STEP][PASSED] - delay(2): Delayed 2 second(s)

2019-07-09 18:19:51 - [MESSAGE][PASSED] - Delayed 2 second(s)

2019-07-09 18:19:51 - [TEST_STEP][PASSED] - click(findTestObject("APOLLO- Desktop/Burger Menu/Shop food")): Object: 'Object Repository/APOLLO- Desktop/Burger Menu/Shop food' is clicked on

2019-07-09 18:19:52 - [MESSAGE][PASSED] - Object: 'Object Repository/APOLLO- Desktop/Burger Menu/Shop food' is clicked on

2019-07-09 18:19:52 - [TEST_STEP][PASSED] - delay(2): Delayed 2 second(s)

2019-07-09 18:19:54 - [MESSAGE][PASSED] - Delayed 2 second(s)

2019-07-09 18:19:54 - [TEST_STEP][PASSED] - click(findTestObject("APOLLO- Desktop/Burger Menu/Beef")): Object: 'Object Repository/APOLLO- Desktop/Burger Menu/Beef' is clicked on

2019-07-09 18:19:56 - [MESSAGE][PASSED] - Object: 'Object Repository/APOLLO- Desktop/Burger Menu/Beef' is clicked on

2019-07-09 18:19:56 - [TEST_STEP][PASSED] - delay(2): Delayed 2 second(s)

2019-07-09 18:19:58 - [MESSAGE][PASSED] - Delayed 2 second(s)

2019-07-09 18:19:58 - [TEST_STEP][PASSED] - executeJavaScript("var previewBar = document.getElementById("preview-bar-iframe"); previewBar.style.display = "none";", []): Execute JavaScript 'var previewBar = document.getElementById("preview-bar-iframe"); previewBar.style.display = "none";' successfully

2019-07-09 18:19:59 - [MESSAGE][PASSED] - Execute JavaScript 'var previewBar = document.getElementById("preview-bar-iframe"); previewBar.style.display = "none";' successfully

2019-07-09 18:19:59 - [TEST_STEP][PASSED] - delay(2): Delayed 2 second(s)

2019-07-09 18:20:01 - [MESSAGE][PASSED] - Delayed 2 second(s)

2019-07-09 18:20:01 - [TEST_STEP][PASSED] - click(findTestObject("APOLLO- Desktop/Collection page/Beef skewers")): Object: 'Object Repository/APOLLO- Desktop/Collection page/Beef skewers' is clicked on

2019-07-09 18:20:04 - [MESSAGE][PASSED] - Object: 'Object Repository/APOLLO- Desktop/Collection page/Beef skewers' is clicked on

2019-07-09 18:20:04 - [TEST_STEP][PASSED] - executeJavaScript("var previewBar = document.getElementById("preview-bar-iframe"); previewBar.style.display = "none";", []): Execute JavaScript 'var previewBar = document.getElementById("preview-bar-iframe"); previewBar.style.display = "none";' successfully

2019-07-09 18:20:05 - [MESSAGE][PASSED] - Execute JavaScript 'var previewBar = document.getElementById("preview-bar-iframe"); previewBar.style.display = "none";' successfully

2019-07-09 18:20:05 - [TEST_STEP][PASSED] - delay(2): Delayed 2 second(s)

2019-07-09 18:20:07 - [MESSAGE][PASSED] - Delayed 2 second(s)

2019-07-09 18:20:07 - [TEST_STEP][PASSED] - click(findTestObject("APOLLO- Desktop/Product page/1 piece")): Object: 'Object Repository/APOLLO- Desktop/Product page/1 piece' is clicked on

2019-07-09 18:20:08 - [MESSAGE][PASSED] - Object: 'Object Repository/APOLLO- Desktop/Product page/1 piece' is clicked on

2019-07-09 18:20:08 - [TEST_STEP][PASSED] - delay(2): Delayed 2 second(s)

2019-07-09 18:20:10 - [MESSAGE][PASSED] - Delayed 2 second(s)

2019-07-09 18:20:10 - [TEST_STEP][PASSED] - click(findTestObject("APOLLO- Desktop/Product page/Add to bag")): Object: 'Object Repository/APOLLO- Desktop/Product page/Add to bag' is clicked on

2019-07-09 18:20:10 - [MESSAGE][PASSED] - Object: 'Object Repository/APOLLO- Desktop/Product page/Add to bag' is clicked on

2019-07-09 18:20:10 - [TEST_STEP][PASSED] - delay(2): Delayed 2 second(s)

2019-07-09 18:20:12 - [MESSAGE][PASSED] - Delayed 2 second(s)

2019-07-09 18:20:12 - [TEST_STEP][PASSED] - click(findTestObject("APOLLO- Desktop/Cart flyout/Cart collapse")): Object: 'Object Repository/APOLLO- Desktop/Cart flyout/Cart collapse' is clicked on

2019-07-09 18:20:12 - [MESSAGE][PASSED] - Object: 'Object Repository/APOLLO- Desktop/Cart flyout/Cart collapse' is clicked on

2019-07-09 18:20:12 - [TEST_STEP][PASSED] - delay(2): Delayed 2 second(s)

2019-07-09 18:20:14 - [MESSAGE][PASSED] - Delayed 2 second(s)

2019-07-09 18:20:14 - [TEST_STEP][PASSED] - click(findTestObject("APOLLO- Desktop/Product page/2 piece")): Object: 'Object Repository/APOLLO- Desktop/Product page/2 piece' is clicked on

2019-07-09 18:20:15 - [MESSAGE][PASSED] - Object: 'Object Repository/APOLLO- Desktop/Product page/2 piece' is clicked on

2019-07-09 18:20:15 - [TEST_STEP][PASSED] - delay(2): Delayed 2 second(s)

2019-07-09 18:20:17 - [MESSAGE][PASSED] - Delayed 2 second(s)

2019-07-09 18:20:17 - [TEST_STEP][PASSED] - click(findTestObject("APOLLO- Desktop/Product page/Add to bag")): Object: 'Object Repository/APOLLO- Desktop/Product page/Add to bag' is clicked on

2019-07-09 18:20:17 - [MESSAGE][PASSED] - Object: 'Object Repository/APOLLO- Desktop/Product page/Add to bag' is clicked on

2019-07-09 18:20:17 - [TEST_STEP][PASSED] - delay(2): Delayed 2 second(s)

2019-07-09 18:20:19 - [MESSAGE][PASSED] - Delayed 2 second(s)

2019-07-09 18:20:19 - [TEST_STEP][PASSED] - click(findTestObject("APOLLO- Desktop/Cart flyout/Cart collapse")): Object: 'Object Repository/APOLLO- Desktop/Cart flyout/Cart collapse' is clicked on

2019-07-09 18:20:19 - [MESSAGE][PASSED] - Object: 'Object Repository/APOLLO- Desktop/Cart flyout/Cart collapse' is clicked on

2019-07-09 18:20:19 - [TEST_STEP][PASSED] - delay(2): Delayed 2 second(s)

2019-07-09 18:20:21 - [MESSAGE][PASSED] - Delayed 2 second(s)

2019-07-09 18:20:21 - [TEST_STEP][PASSED] - click(findTestObject("APOLLO- Desktop/Product page/3 piece")): Object: 'Object Repository/APOLLO- Desktop/Product page/3 piece' is clicked on

2019-07-09 18:20:22 - [MESSAGE][PASSED] - Object: 'Object Repository/APOLLO- Desktop/Product page/3 piece' is clicked on

2019-07-09 18:20:22 - [TEST_STEP][PASSED] - delay(2): Delayed 2 second(s)

2019-07-09 18:20:24 - [MESSAGE][PASSED] - Delayed 2 second(s)

2019-07-09 18:20:24 - [TEST_STEP][PASSED] - click(findTestObject("APOLLO- Desktop/Product page/Add to bag")): Object: 'Object Repository/APOLLO- Desktop/Product page/Add to bag' is clicked on

2019-07-09 18:20:24 - [MESSAGE][PASSED] - Object: 'Object Repository/APOLLO- Desktop/Product page/Add to bag' is clicked on

2019-07-09 18:20:24 - [TEST_STEP][PASSED] - delay(2): Delayed 2 second(s)

2019-07-09 18:20:26 - [MESSAGE][PASSED] - Delayed 2 second(s)

2019-07-09 18:20:26 - [TEST_STEP][PASSED] - click(findTestObject("APOLLO- Desktop/Cart flyout/Cart collapse")): Object: 'Object Repository/APOLLO- Desktop/Cart flyout/Cart collapse' is clicked on

2019-07-09 18:20:26 - [MESSAGE][PASSED] - Object: 'Object Repository/APOLLO- Desktop/Cart flyout/Cart collapse' is clicked on

2019-07-09 18:20:26 - [TEST_STEP][PASSED] - delay(2): Delayed 2 second(s)

2019-07-09 18:20:28 - [MESSAGE][PASSED] - Delayed 2 second(s)

2019-07-09 18:20:28 - [TEST_STEP][PASSED] - click(findTestObject("APOLLO- Desktop/Burger Menu/Burgermenu")): Object: 'Object Repository/APOLLO- Desktop/Burger Menu/Burgermenu' is clicked on

2019-07-09 18:20:29 - [MESSAGE][PASSED] - Object: 'Object Repository/APOLLO- Desktop/Burger Menu/Burgermenu' is clicked on

2019-07-09 18:20:29 - [TEST_STEP][PASSED] - delay(2): Delayed 2 second(s)

2019-07-09 18:20:31 - [MESSAGE][PASSED] - Delayed 2 second(s)

2019-07-09 18:20:31 - [TEST_STEP][PASSED] - click(findTestObject("APOLLO- Desktop/Burger Menu/Shop food")): Object: 'Object Repository/APOLLO- Desktop/Burger Menu/Shop food' is clicked on

2019-07-09 18:20:31 - [MESSAGE][PASSED] - Object: 'Object Repository/APOLLO- Desktop/Burger Menu/Shop food' is clicked on

2019-07-09 18:20:31 - [TEST_STEP][PASSED] - delay(2): Delayed 2 second(s)

2019-07-09 18:20:33 - [MESSAGE][PASSED] - Delayed 2 second(s)

2019-07-09 18:20:33 - [TEST_STEP][PASSED] - click(findTestObject("APOLLO- Desktop/Burger Menu/Chicken")): Object: 'Object Repository/APOLLO- Desktop/Burger Menu/Chicken' is clicked on

2019-07-09 18:20:36 - [MESSAGE][PASSED] - Object: 'Object Repository/APOLLO- Desktop/Burger Menu/Chicken' is clicked on

2019-07-09 18:20:36 - [TEST_STEP][PASSED] - executeJavaScript("var previewBar = document.getElementById("preview-bar-iframe"); previewBar.style.display = "none";", []): Execute JavaScript 'var previewBar = document.getElementById("preview-bar-iframe"); previewBar.style.display = "none";' successfully

2019-07-09 18:20:36 - [MESSAGE][PASSED] - Execute JavaScript 'var previewBar = document.getElementById("preview-bar-iframe"); previewBar.style.display = "none";' successfully

2019-07-09 18:20:36 - [TEST_STEP][PASSED] - delay(2): Delayed 2 second(s)

2019-07-09 18:20:38 - [MESSAGE][PASSED] - Delayed 2 second(s)

2019-07-09 18:20:38 - [TEST_STEP][PASSED] - click(findTestObject("APOLLO- Desktop/Collection page/Grilled lemon chicken")): Object: 'Object Repository/APOLLO- Desktop/Collection page/Grilled lemon chicken' is clicked on

2019-07-09 18:20:41 - [MESSAGE][PASSED] - Object: 'Object Repository/APOLLO- Desktop/Collection page/Grilled lemon chicken' is clicked on

2019-07-09 18:20:41 - [TEST_STEP][PASSED] - delay(2): Delayed 2 second(s)

2019-07-09 18:20:43 - [MESSAGE][PASSED] - Delayed 2 second(s)

2019-07-09 18:20:43 - [TEST_STEP][PASSED] - click(findTestObject("APOLLO- Desktop/Product page/1 piece")): Object: 'Object Repository/APOLLO- Desktop/Product page/1 piece' is clicked on

2019-07-09 18:20:44 - [MESSAGE][PASSED] - Object: 'Object Repository/APOLLO- Desktop/Product page/1 piece' is clicked on

2019-07-09 18:20:44 - [TEST_STEP][PASSED] - delay(2): Delayed 2 second(s)

2019-07-09 18:20:46 - [MESSAGE][PASSED] - Delayed 2 second(s)

2019-07-09 18:20:46 - [TEST_STEP][PASSED] - click(findTestObject("APOLLO- Desktop/Product page/Add to bag")): Object: 'Object Repository/APOLLO- Desktop/Product page/Add to bag' is clicked on

2019-07-09 18:20:46 - [MESSAGE][PASSED] - Object: 'Object Repository/APOLLO- Desktop/Product page/Add to bag' is clicked on

2019-07-09 18:20:46 - [TEST_STEP][PASSED] - delay(2): Delayed 2 second(s)

2019-07-09 18:20:48 - [MESSAGE][PASSED] - Delayed 2 second(s)

2019-07-09 18:20:48 - [TEST_STEP][PASSED] - click(findTestObject("APOLLO- Desktop/Cart flyout/Cart collapse")): Object: 'Object Repository/APOLLO- Desktop/Cart flyout/Cart collapse' is clicked on

2019-07-09 18:20:48 - [MESSAGE][PASSED] - Object: 'Object Repository/APOLLO- Desktop/Cart flyout/Cart collapse' is clicked on

2019-07-09 18:20:48 - [TEST_STEP][PASSED] - delay(2): Delayed 2 second(s)

2019-07-09 18:20:50 - [MESSAGE][PASSED] - Delayed 2 second(s)

2019-07-09 18:20:50 - [TEST_STEP][PASSED] - click(findTestObject("APOLLO- Desktop/Product page/2 piece")): Object: 'Object Repository/APOLLO- Desktop/Product page/2 piece' is clicked on

2019-07-09 18:20:51 - [MESSAGE][PASSED] - Object: 'Object Repository/APOLLO- Desktop/Product page/2 piece' is clicked on

2019-07-09 18:20:51 - [TEST_STEP][PASSED] - delay(2): Delayed 2 second(s)

2019-07-09 18:20:53 - [MESSAGE][PASSED] - Delayed 2 second(s)

2019-07-09 18:20:53 - [TEST_STEP][PASSED] - click(findTestObject("APOLLO- Desktop/Product page/Add to bag")): Object: 'Object Repository/APOLLO- Desktop/Product page/Add to bag' is clicked on

2019-07-09 18:20:53 - [MESSAGE][PASSED] - Object: 'Object Repository/APOLLO- Desktop/Product page/Add to bag' is clicked on

2019-07-09 18:20:53 - [TEST_STEP][PASSED] - delay(2): Delayed 2 second(s)

2019-07-09 18:20:55 - [MESSAGE][PASSED] - Delayed 2 second(s)

2019-07-09 18:20:55 - [TEST_STEP][PASSED] - click(findTestObject("APOLLO- Desktop/Cart flyout/Cart collapse")): Object: 'Object Repository/APOLLO- Desktop/Cart flyout/Cart collapse' is clicked on

2019-07-09 18:20:56 - [MESSAGE][PASSED] - Object: 'Object Repository/APOLLO- Desktop/Cart flyout/Cart collapse' is clicked on

2019-07-09 18:20:56 - [TEST_STEP][PASSED] - delay(2): Delayed 2 second(s)

2019-07-09 18:20:58 - [MESSAGE][PASSED] - Delayed 2 second(s)

2019-07-09 18:20:58 - [TEST_STEP][PASSED] - click(findTestObject("APOLLO- Desktop/Product page/3 piece")): Object: 'Object Repository/APOLLO- Desktop/Product page/3 piece' is clicked on

2019-07-09 18:20:58 - [MESSAGE][PASSED] - Object: 'Object Repository/APOLLO- Desktop/Product page/3 piece' is clicked on

2019-07-09 18:20:58 - [TEST_STEP][PASSED] - delay(2): Delayed 2 second(s)

2019-07-09 18:21:00 - [MESSAGE][PASSED] - Delayed 2 second(s)

2019-07-09 18:21:00 - [TEST_STEP][PASSED] - click(findTestObject("APOLLO- Desktop/Product page/Add to bag")): Object: 'Object Repository/APOLLO- Desktop/Product page/Add to bag' is clicked on

2019-07-09 18:21:00 - [MESSAGE][PASSED] - Object: 'Object Repository/APOLLO- Desktop/Product page/Add to bag' is clicked on

2019-07-09 18:21:00 - [TEST_STEP][PASSED] - delay(2): Delayed 2 second(s)

2019-07-09 18:21:02 - [MESSAGE][PASSED] - Delayed 2 second(s)

2019-07-09 18:21:02 - [TEST_STEP][PASSED] - click(findTestObject("APOLLO- Desktop/Cart flyout/Cart collapse")): Object: 'Object Repository/APOLLO- Desktop/Cart flyout/Cart collapse' is clicked on

2019-07-09 18:21:03 - [MESSAGE][PASSED] - Object: 'Object Repository/APOLLO- Desktop/Cart flyout/Cart collapse' is clicked on

2019-07-09 18:21:03 - [TEST_STEP][PASSED] - delay(2): Delayed 2 second(s)

2019-07-09 18:21:05 - [MESSAGE][PASSED] - Delayed 2 second(s)

2019-07-09 18:21:05 - [TEST_STEP][PASSED] - click(findTestObject("APOLLO- Desktop/Burger Menu/Burgermenu")): Object: 'Object Repository/APOLLO- Desktop/Burger Menu/Burgermenu' is clicked on

2019-07-09 18:21:05 - [MESSAGE][PASSED] - Object: 'Object Repository/APOLLO- Desktop/Burger Menu/Burgermenu' is clicked on

2019-07-09 18:21:05 - [TEST_STEP][PASSED] - delay(2): Delayed 2 second(s)

2019-07-09 18:21:07 - [MESSAGE][PASSED] - Delayed 2 second(s)

2019-07-09 18:21:07 - [TEST_STEP][PASSED] - click(findTestObject("APOLLO- Desktop/Burger Menu/Shop food")): Object: 'Object Repository/APOLLO- Desktop/Burger Menu/Shop food' is clicked on

2019-07-09 18:21:08 - [MESSAGE][PASSED] - Object: 'Object Repository/APOLLO- Desktop/Burger Menu/Shop food' is clicked on

2019-07-09 18:21:08 - [TEST_STEP][PASSED] - delay(2): Delayed 2 second(s)

2019-07-09 18:21:10 - [MESSAGE][PASSED] - Delayed 2 second(s)

2019-07-09 18:21:10 - [TEST_STEP][PASSED] - click(findTestObject("APOLLO- Desktop/Burger Menu/Pork")): Object: 'Object Repository/APOLLO- Desktop/Burger Menu/Pork' is clicked on

2019-07-09 18:21:15 - [MESSAGE][PASSED] - Object: 'Object Repository/APOLLO- Desktop/Burger Menu/Pork' is clicked on

2019-07-09 18:21:15 - [TEST_STEP][PASSED] - executeJavaScript("var previewBar = document.getElementById("preview-bar-iframe"); previewBar.style.display = "none";", []): Execute JavaScript 'var previewBar = document.getElementById("preview-bar-iframe"); previewBar.style.display = "none";' successfully

2019-07-09 18:21:15 - [MESSAGE][PASSED] - Execute JavaScript 'var previewBar = document.getElementById("preview-bar-iframe"); previewBar.style.display = "none";' successfully

2019-07-09 18:21:15 - [TEST_STEP][PASSED] - delay(2): Delayed 2 second(s)

2019-07-09 18:21:17 - [MESSAGE][PASSED] - Delayed 2 second(s)

2019-07-09 18:21:17 - [TEST_STEP][PASSED] - click(findTestObject("APOLLO- Desktop/Collection page/BBQ Ribs")): Object: 'Object Repository/APOLLO- Desktop/Collection page/BBQ Ribs' is clicked on

2019-07-09 18:21:21 - [MESSAGE][PASSED] - Object: 'Object Repository/APOLLO- Desktop/Collection page/BBQ Ribs' is clicked on

2019-07-09 18:21:21 - [TEST_STEP][PASSED] - delay(2): Delayed 2 second(s)

2019-07-09 18:21:23 - [MESSAGE][PASSED] - Delayed 2 second(s)

2019-07-09 18:21:23 - [TEST_STEP][PASSED] - click(findTestObject("APOLLO- Desktop/Product page/1 lb")): Object: 'Object Repository/APOLLO- Desktop/Product page/1 lb' is clicked on

2019-07-09 18:21:23 - [MESSAGE][PASSED] - Object: 'Object Repository/APOLLO- Desktop/Product page/1 lb' is clicked on

2019-07-09 18:21:23 - [TEST_STEP][PASSED] - delay(2): Delayed 2 second(s)

2019-07-09 18:21:25 - [MESSAGE][PASSED] - Delayed 2 second(s)

2019-07-09 18:21:25 - [TEST_STEP][PASSED] - click(findTestObject("APOLLO- Desktop/Product page/Add to bag")): Object: 'Object Repository/APOLLO- Desktop/Product page/Add to bag' is clicked on

2019-07-09 18:21:25 - [MESSAGE][PASSED] - Object: 'Object Repository/APOLLO- Desktop/Product page/Add to bag' is clicked on

2019-07-09 18:21:25 - [TEST_STEP][PASSED] - delay(2): Delayed 2 second(s)

2019-07-09 18:21:27 - [MESSAGE][PASSED] - Delayed 2 second(s)

2019-07-09 18:21:27 - [TEST_STEP][PASSED] - executeJavaScript("var previewBar = document.getElementById("preview-bar-iframe"); previewBar.style.display = "none";", []): Execute JavaScript 'var previewBar = document.getElementById("preview-bar-iframe"); previewBar.style.display = "none";' successfully

2019-07-09 18:21:27 - [MESSAGE][PASSED] - Execute JavaScript 'var previewBar = document.getElementById("preview-bar-iframe"); previewBar.style.display = "none";' successfully

2019-07-09 18:21:27 - [TEST_STEP][PASSED] - click(findTestObject("APOLLO- Desktop/Cart flyout/Checkout")): Object: 'Object Repository/APOLLO- Desktop/Cart flyout/Checkout' is clicked on

2019-07-09 18:21:31 - [MESSAGE][PASSED] - Object: 'Object Repository/APOLLO- Desktop/Cart flyout/Checkout' is clicked on

2019-07-09 18:21:31 - [TEST_STEP][PASSED] - callTestCase(findTestCase("CALL- CUSTOMER INFO PAGE"), [:], STOP_ON_FAILURE): Call Test Case 'Test Cases/CALL- CUSTOMER INFO PAGE' successfully

2019-07-09 18:21:31 - [TEST_CASE][PASSED] - Test Cases/CALL- CUSTOMER INFO PAGE: Test Cases/CALL- CUSTOMER INFO PAGE

2019-07-09 18:21:31 - [TEST_STEP][PASSED] - delay(2): Delayed 2 second(s)

2019-07-09 18:21:33 - [MESSAGE][PASSED] - Delayed 2 second(s)

2019-07-09 18:21:33 - [TEST_STEP][PASSED] - executeJavaScript("var previewBar = document.getElementById("preview-bar-iframe"); previewBar.style.display = "none";", []): Execute JavaScript 'var previewBar = document.getElementById("preview-bar-iframe"); previewBar.style.display = "none";' successfully

2019-07-09 18:21:33 - [MESSAGE][PASSED] - Execute JavaScript 'var previewBar = document.getElementById("preview-bar-iframe"); previewBar.style.display = "none";' successfully

2019-07-09 18:21:33 - [TEST_STEP][PASSED] - setText(findTestObject("APOLLO- Desktop/Customer Information page/Email"), "suman@gmail.com"): Text 'suman@gmail.com' is set on object 'Object Repository/APOLLO- Desktop/Customer Information page/Email'

2019-07-09 18:21:34 - [MESSAGE][PASSED] - Text 'suman@gmail.com' is set on object 'Object Repository/APOLLO- Desktop/Customer Information page/Email'

2019-07-09 18:21:34 - [TEST_STEP][PASSED] - delay(2): Delayed 2 second(s)

2019-07-09 18:21:36 - [MESSAGE][PASSED] - Delayed 2 second(s)

2019-07-09 18:21:36 - [TEST_STEP][PASSED] - setText(findTestObject("APOLLO- Desktop/Customer Information page/First name"), "suman"): Text 'suman' is set on object 'Object Repository/APOLLO- Desktop/Customer Information page/First name'

2019-07-09 18:21:37 - [MESSAGE][PASSED] - Text 'suman' is set on object 'Object Repository/APOLLO- Desktop/Customer Information page/First name'

2019-07-09 18:21:37 - [TEST_STEP][PASSED] - delay(2): Delayed 2 second(s)

2019-07-09 18:21:39 - [MESSAGE][PASSED] - Delayed 2 second(s)

2019-07-09 18:21:39 - [TEST_STEP][PASSED] - setText(findTestObject("APOLLO- Desktop/Customer Information page/Last name"), "kompelly"): Text 'kompelly' is set on object 'Object Repository/APOLLO- Desktop/Customer Information page/Last name'

2019-07-09 18:21:40 - [MESSAGE][PASSED] - Text 'kompelly' is set on object 'Object Repository/APOLLO- Desktop/Customer Information page/Last name'

2019-07-09 18:21:40 - [TEST_STEP][PASSED] - delay(2): Delayed 2 second(s)

2019-07-09 18:21:42 - [MESSAGE][PASSED] - Delayed 2 second(s)

2019-07-09 18:21:42 - [TEST_STEP][PASSED] - setText(findTestObject("APOLLO- Desktop/Customer Information page/Address"), "1435 st alxendre"): Text '1435 st alxendre' is set on object 'Object Repository/APOLLO- Desktop/Customer Information page/Address'

2019-07-09 18:21:43 - [MESSAGE][PASSED] - Text '1435 st alxendre' is set on object 'Object Repository/APOLLO- Desktop/Customer Information page/Address'

2019-07-09 18:21:43 - [TEST_STEP][PASSED] - setText(findTestObject("APOLLO- Desktop/Customer Information page/Apartment"), "220"): Text '220' is set on object 'Object Repository/APOLLO- Desktop/Customer Information page/Apartment'

2019-07-09 18:21:44 - [MESSAGE][PASSED] - Text '220' is set on object 'Object Repository/APOLLO- Desktop/Customer Information page/Apartment'

2019-07-09 18:21:44 - [TEST_STEP][PASSED] - setText(findTestObject("APOLLO- Desktop/Customer Information page/City"), "montreal"): Text 'montreal' is set on object 'Object Repository/APOLLO- Desktop/Customer Information page/City'

2019-07-09 18:21:44 - [MESSAGE][PASSED] - Text 'montreal' is set on object 'Object Repository/APOLLO- Desktop/Customer Information page/City'

2019-07-09 18:21:44 - [TEST_STEP][PASSED] - selectOptionByValue(findTestObject("APOLLO- Desktop/Customer Information page/Country dropdown"), "United States", true): All options with value 'United States' are selected in object 'Object Repository/APOLLO- Desktop/Customer Information page/Country dropdown'  using regular expression

2019-07-09 18:22:29 - [MESSAGE][PASSED] - All options with value 'United States' are selected in object 'Object Repository/APOLLO- Desktop/Customer Information page/Country dropdown'  using regular expression

2019-07-09 18:22:29 - [TEST_STEP][PASSED] - selectOptionByValue(findTestObject("APOLLO- Desktop/Customer Information page/states dropdown"), "NJ", true): All options with value 'NJ' are selected in object 'Object Repository/APOLLO- Desktop/Customer Information page/states dropdown'  using regular expression

2019-07-09 18:22:39 - [MESSAGE][PASSED] - All options with value 'NJ' are selected in object 'Object Repository/APOLLO- Desktop/Customer Information page/states dropdown'  using regular expression

2019-07-09 18:22:39 - [TEST_STEP][PASSED] - setText(findTestObject("APOLLO- Desktop/Customer Information page/ZIP code"), "07057"): Text '07057' is set on object 'Object Repository/APOLLO- Desktop/Customer Information page/ZIP code'

2019-07-09 18:22:40 - [MESSAGE][PASSED] - Text '07057' is set on object 'Object Repository/APOLLO- Desktop/Customer Information page/ZIP code'

2019-07-09 18:22:40 - [MESSAGE][PASSED] - Call Test Case 'Test Cases/CALL- CUSTOMER INFO PAGE' successfully

2019-07-09 18:22:40 - [TEST_STEP][PASSED] - delay(2): Delayed 2 second(s)

2019-07-09 18:22:42 - [MESSAGE][PASSED] - Delayed 2 second(s)

2019-07-09 18:22:42 - [TEST_STEP][PASSED] - callTestCase(findTestCase("CALL - SHIPPING TO PAYMENT"), [:], STOP_ON_FAILURE): Call Test Case 'Test Cases/CALL - SHIPPING TO PAYMENT' successfully

2019-07-09 18:22:42 - [TEST_CASE][PASSED] - Test Cases/CALL - SHIPPING TO PAYMENT: Test Cases/CALL - SHIPPING TO PAYMENT

2019-07-09 18:22:42 - [TEST_STEP][PASSED] - click(findTestObject("APOLLO- Desktop/Customer Information page/Continue to shipping")): Object: 'Object Repository/APOLLO- Desktop/Customer Information page/Continue to shipping' is clicked on

2019-07-09 18:22:45 - [MESSAGE][PASSED] - Object: 'Object Repository/APOLLO- Desktop/Customer Information page/Continue to shipping' is clicked on

2019-07-09 18:22:45 - [TEST_STEP][PASSED] - executeJavaScript("var previewBar = document.getElementById("preview-bar-iframe"); previewBar.style.display = "none";", []): Execute JavaScript 'var previewBar = document.getElementById("preview-bar-iframe"); previewBar.style.display = "none";' successfully

2019-07-09 18:22:45 - [MESSAGE][PASSED] - Execute JavaScript 'var previewBar = document.getElementById("preview-bar-iframe"); previewBar.style.display = "none";' successfully

2019-07-09 18:22:45 - [TEST_STEP][PASSED] - click(findTestObject("APOLLO- Desktop/Shipping page/Radio button check")): Object: 'Object Repository/APOLLO- Desktop/Shipping page/Radio button check' is clicked on

2019-07-09 18:22:46 - [MESSAGE][PASSED] - Object: 'Object Repository/APOLLO- Desktop/Shipping page/Radio button check' is clicked on

2019-07-09 18:22:46 - [TEST_STEP][PASSED] - executeJavaScript("var previewBar = document.getElementById("preview-bar-iframe"); previewBar.style.display = "none";", []): Execute JavaScript 'var previewBar = document.getElementById("preview-bar-iframe"); previewBar.style.display = "none";' successfully

2019-07-09 18:22:46 - [MESSAGE][PASSED] - Execute JavaScript 'var previewBar = document.getElementById("preview-bar-iframe"); previewBar.style.display = "none";' successfully

2019-07-09 18:22:46 - [TEST_STEP][PASSED] - click(findTestObject("APOLLO- Desktop/Shipping page/Continue to payment")): Object: 'Object Repository/APOLLO- Desktop/Shipping page/Continue to payment' is clicked on

2019-07-09 18:22:50 - [MESSAGE][PASSED] - Object: 'Object Repository/APOLLO- Desktop/Shipping page/Continue to payment' is clicked on

2019-07-09 18:22:50 - [TEST_STEP][PASSED] - executeJavaScript("var previewBar = document.getElementById("preview-bar-iframe"); previewBar.style.display = "none";", []): Execute JavaScript 'var previewBar = document.getElementById("preview-bar-iframe"); previewBar.style.display = "none";' successfully

2019-07-09 18:22:50 - [MESSAGE][PASSED] - Execute JavaScript 'var previewBar = document.getElementById("preview-bar-iframe"); previewBar.style.display = "none";' successfully

2019-07-09 18:22:50 - [TEST_STEP][PASSED] - verifyTextPresent("Payment", false): Text 'Payment' is present on page 

2019-07-09 18:22:51 - [MESSAGE][PASSED] - Text 'Payment' is present on page 

2019-07-09 18:22:51 - [MESSAGE][PASSED] - Call Test Case 'Test Cases/CALL - SHIPPING TO PAYMENT' successfully]]></system-out>
         <system-err><![CDATA[]]></system-err>
      </testcase>
      <testcase name="Test Cases/CRITICAL PATH/Price comparison - cart page" classname="Test Cases/CRITICAL PATH/Price comparison - cart page" status="PASSED">
         <system-out><![CDATA[2019-07-09 18:22:51 - [TEST_CASE][PASSED] - Test Cases/CRITICAL PATH/Price comparison - cart page: Test Cases/CRITICAL PATH/Price comparison - cart page

2019-07-09 18:22:51 - [TEST_STEP][PASSED] - callTestCase(findTestCase("CALL - URL"), [:], STOP_ON_FAILURE): Call Test Case 'Test Cases/CALL - URL' successfully

2019-07-09 18:22:51 - [TEST_CASE][PASSED] - Test Cases/CALL - URL: Test Cases/CALL - URL

2019-07-09 18:22:51 - [TEST_STEP][PASSED] - openBrowser(""): Browser is opened with url: ''

2019-07-09 18:22:51 - [MESSAGE][WARNING] - A browser is already opened. Closing browser and opening a new one

2019-07-09 18:22:53 - [MESSAGE][INFO] - Starting 'Remote' driver

2019-07-09 18:22:53 - [MESSAGE][INFO] - User set preference: ['os', 'Windows']

2019-07-09 18:22:53 - [MESSAGE][INFO] - User set preference: ['os_version', '10']

2019-07-09 18:22:53 - [MESSAGE][INFO] - User set preference: ['browser', 'Chrome']

2019-07-09 18:22:53 - [MESSAGE][INFO] - User set preference: ['browser_version', '75.0']

2019-07-09 18:22:53 - [MESSAGE][INFO] - User set preference: ['resolution', '1280x1024']

2019-07-09 18:22:53 - [MESSAGE][INFO] - User set preference: ['browserstack.local', 'false']

2019-07-09 18:22:53 - [MESSAGE][INFO] - Connecting to remote web server 'https://dianatest3:Z3oqw9ysqTeRQJq5wFCp@hub-cloud.browserstack.com/wd/hub' with type 'Selenium'

2019-07-09 18:23:02 - [MESSAGE][PASSED] - Browser is opened with url: ''

2019-07-09 18:23:02 - [TEST_STEP][PASSED] - navigateToUrl("https://apollo-fireball.myshopify.com/?_ab=0&_fd=0&_sc=1&key=96c2edace7b9967f3a77c2e2b131937136039831e9ec35f31598610005fa8795&preview_theme_id=46803124304"): Navigate to 'https://apollo-fireball.myshopify.com/?_ab=0&_fd=0&_sc=1&key=96c2edace7b9967f3a77c2e2b131937136039831e9ec35f31598610005fa8795&preview_theme_id=46803124304' successfully

2019-07-09 18:23:09 - [MESSAGE][PASSED] - Navigate to 'https://apollo-fireball.myshopify.com/?_ab=0&_fd=0&_sc=1&key=96c2edace7b9967f3a77c2e2b131937136039831e9ec35f31598610005fa8795&preview_theme_id=46803124304' successfully

2019-07-09 18:23:09 - [TEST_STEP][PASSED] - executeJavaScript("var previewBar = document.getElementById("preview-bar-iframe"); previewBar.style.display = "none";", []): Execute JavaScript 'var previewBar = document.getElementById("preview-bar-iframe"); previewBar.style.display = "none";' successfully

2019-07-09 18:23:09 - [MESSAGE][PASSED] - Execute JavaScript 'var previewBar = document.getElementById("preview-bar-iframe"); previewBar.style.display = "none";' successfully

2019-07-09 18:23:09 - [TEST_STEP][PASSED] - maximizeWindow(): Current window maximized

2019-07-09 18:23:11 - [MESSAGE][PASSED] - Current window maximized

2019-07-09 18:23:11 - [MESSAGE][PASSED] - Call Test Case 'Test Cases/CALL - URL' successfully

2019-07-09 18:23:11 - [TEST_STEP][PASSED] - click(findTestObject("APOLLO- Desktop/Burger Menu/Burgermenu")): Object: 'Object Repository/APOLLO- Desktop/Burger Menu/Burgermenu' is clicked on

2019-07-09 18:23:12 - [MESSAGE][PASSED] - Object: 'Object Repository/APOLLO- Desktop/Burger Menu/Burgermenu' is clicked on

2019-07-09 18:23:12 - [TEST_STEP][PASSED] - delay(2): Delayed 2 second(s)

2019-07-09 18:23:14 - [MESSAGE][PASSED] - Delayed 2 second(s)

2019-07-09 18:23:14 - [TEST_STEP][PASSED] - click(findTestObject("APOLLO- Desktop/Burger Menu/Shop food")): Object: 'Object Repository/APOLLO- Desktop/Burger Menu/Shop food' is clicked on

2019-07-09 18:23:15 - [MESSAGE][PASSED] - Object: 'Object Repository/APOLLO- Desktop/Burger Menu/Shop food' is clicked on

2019-07-09 18:23:15 - [TEST_STEP][PASSED] - delay(2): Delayed 2 second(s)

2019-07-09 18:23:17 - [MESSAGE][PASSED] - Delayed 2 second(s)

2019-07-09 18:23:17 - [TEST_STEP][PASSED] - click(findTestObject("APOLLO- Desktop/Burger Menu/Beef")): Object: 'Object Repository/APOLLO- Desktop/Burger Menu/Beef' is clicked on

2019-07-09 18:23:19 - [MESSAGE][PASSED] - Object: 'Object Repository/APOLLO- Desktop/Burger Menu/Beef' is clicked on

2019-07-09 18:23:19 - [TEST_STEP][PASSED] - delay(2): Delayed 2 second(s)

2019-07-09 18:23:21 - [MESSAGE][PASSED] - Delayed 2 second(s)

2019-07-09 18:23:21 - [TEST_STEP][PASSED] - executeJavaScript("var previewBar = document.getElementById("preview-bar-iframe"); previewBar.style.display = "none";", []): Execute JavaScript 'var previewBar = document.getElementById("preview-bar-iframe"); previewBar.style.display = "none";' successfully

2019-07-09 18:23:21 - [MESSAGE][PASSED] - Execute JavaScript 'var previewBar = document.getElementById("preview-bar-iframe"); previewBar.style.display = "none";' successfully

2019-07-09 18:23:21 - [TEST_STEP][PASSED] - delay(2): Delayed 2 second(s)

2019-07-09 18:23:23 - [MESSAGE][PASSED] - Delayed 2 second(s)

2019-07-09 18:23:23 - [TEST_STEP][PASSED] - click(findTestObject("APOLLO- Desktop/Collection page/Beef skewers")): Object: 'Object Repository/APOLLO- Desktop/Collection page/Beef skewers' is clicked on

2019-07-09 18:23:26 - [MESSAGE][PASSED] - Object: 'Object Repository/APOLLO- Desktop/Collection page/Beef skewers' is clicked on

2019-07-09 18:23:26 - [TEST_STEP][PASSED] - executeJavaScript("var previewBar = document.getElementById("preview-bar-iframe"); previewBar.style.display = "none";", []): Execute JavaScript 'var previewBar = document.getElementById("preview-bar-iframe"); previewBar.style.display = "none";' successfully

2019-07-09 18:23:26 - [MESSAGE][PASSED] - Execute JavaScript 'var previewBar = document.getElementById("preview-bar-iframe"); previewBar.style.display = "none";' successfully

2019-07-09 18:23:26 - [TEST_STEP][PASSED] - delay(2): Delayed 2 second(s)

2019-07-09 18:23:28 - [MESSAGE][PASSED] - Delayed 2 second(s)

2019-07-09 18:23:28 - [TEST_STEP][PASSED] - click(findTestObject("APOLLO- Desktop/Product page/1 piece")): Object: 'Object Repository/APOLLO- Desktop/Product page/1 piece' is clicked on

2019-07-09 18:23:29 - [MESSAGE][PASSED] - Object: 'Object Repository/APOLLO- Desktop/Product page/1 piece' is clicked on

2019-07-09 18:23:29 - [TEST_STEP][PASSED] - delay(2): Delayed 2 second(s)

2019-07-09 18:23:31 - [MESSAGE][PASSED] - Delayed 2 second(s)

2019-07-09 18:23:31 - [TEST_STEP][PASSED] - click(findTestObject("APOLLO- Desktop/Product page/Add to bag")): Object: 'Object Repository/APOLLO- Desktop/Product page/Add to bag' is clicked on

2019-07-09 18:23:31 - [MESSAGE][PASSED] - Object: 'Object Repository/APOLLO- Desktop/Product page/Add to bag' is clicked on

2019-07-09 18:23:31 - [TEST_STEP][PASSED] - delay(2): Delayed 2 second(s)

2019-07-09 18:23:33 - [MESSAGE][PASSED] - Delayed 2 second(s)

2019-07-09 18:23:33 - [TEST_STEP][PASSED] - click(findTestObject("APOLLO- Desktop/Cart flyout/Cart collapse")): Object: 'Object Repository/APOLLO- Desktop/Cart flyout/Cart collapse' is clicked on

2019-07-09 18:23:34 - [MESSAGE][PASSED] - Object: 'Object Repository/APOLLO- Desktop/Cart flyout/Cart collapse' is clicked on

2019-07-09 18:23:34 - [TEST_STEP][PASSED] - delay(2): Delayed 2 second(s)

2019-07-09 18:23:36 - [MESSAGE][PASSED] - Delayed 2 second(s)

2019-07-09 18:23:36 - [TEST_STEP][PASSED] - delay(2): Delayed 2 second(s)

2019-07-09 18:23:38 - [MESSAGE][PASSED] - Delayed 2 second(s)

2019-07-09 18:23:38 - [TEST_STEP][PASSED] - click(findTestObject("APOLLO- Desktop/Burger Menu/Burgermenu")): Object: 'Object Repository/APOLLO- Desktop/Burger Menu/Burgermenu' is clicked on

2019-07-09 18:23:38 - [MESSAGE][PASSED] - Object: 'Object Repository/APOLLO- Desktop/Burger Menu/Burgermenu' is clicked on

2019-07-09 18:23:38 - [TEST_STEP][PASSED] - delay(2): Delayed 2 second(s)

2019-07-09 18:23:40 - [MESSAGE][PASSED] - Delayed 2 second(s)

2019-07-09 18:23:40 - [TEST_STEP][PASSED] - click(findTestObject("APOLLO- Desktop/Burger Menu/Shop food")): Object: 'Object Repository/APOLLO- Desktop/Burger Menu/Shop food' is clicked on

2019-07-09 18:23:41 - [MESSAGE][PASSED] - Object: 'Object Repository/APOLLO- Desktop/Burger Menu/Shop food' is clicked on

2019-07-09 18:23:41 - [TEST_STEP][PASSED] - delay(2): Delayed 2 second(s)

2019-07-09 18:23:43 - [MESSAGE][PASSED] - Delayed 2 second(s)

2019-07-09 18:23:43 - [TEST_STEP][PASSED] - click(findTestObject("APOLLO- Desktop/Burger Menu/Chicken")): Object: 'Object Repository/APOLLO- Desktop/Burger Menu/Chicken' is clicked on

2019-07-09 18:23:51 - [MESSAGE][PASSED] - Object: 'Object Repository/APOLLO- Desktop/Burger Menu/Chicken' is clicked on

2019-07-09 18:23:51 - [TEST_STEP][PASSED] - executeJavaScript("var previewBar = document.getElementById("preview-bar-iframe"); previewBar.style.display = "none";", []): Execute JavaScript 'var previewBar = document.getElementById("preview-bar-iframe"); previewBar.style.display = "none";' successfully

2019-07-09 18:23:51 - [MESSAGE][PASSED] - Execute JavaScript 'var previewBar = document.getElementById("preview-bar-iframe"); previewBar.style.display = "none";' successfully

2019-07-09 18:23:51 - [TEST_STEP][PASSED] - delay(2): Delayed 2 second(s)

2019-07-09 18:23:53 - [MESSAGE][PASSED] - Delayed 2 second(s)

2019-07-09 18:23:53 - [TEST_STEP][PASSED] - click(findTestObject("APOLLO- Desktop/Collection page/Grilled lemon chicken")): Object: 'Object Repository/APOLLO- Desktop/Collection page/Grilled lemon chicken' is clicked on

2019-07-09 18:23:57 - [MESSAGE][PASSED] - Object: 'Object Repository/APOLLO- Desktop/Collection page/Grilled lemon chicken' is clicked on

2019-07-09 18:23:57 - [TEST_STEP][PASSED] - delay(2): Delayed 2 second(s)

2019-07-09 18:23:59 - [MESSAGE][PASSED] - Delayed 2 second(s)

2019-07-09 18:23:59 - [TEST_STEP][PASSED] - click(findTestObject("APOLLO- Desktop/Product page/1 piece")): Object: 'Object Repository/APOLLO- Desktop/Product page/1 piece' is clicked on

2019-07-09 18:23:59 - [MESSAGE][PASSED] - Object: 'Object Repository/APOLLO- Desktop/Product page/1 piece' is clicked on

2019-07-09 18:23:59 - [TEST_STEP][PASSED] - delay(2): Delayed 2 second(s)

2019-07-09 18:24:01 - [MESSAGE][PASSED] - Delayed 2 second(s)

2019-07-09 18:24:01 - [TEST_STEP][PASSED] - click(findTestObject("APOLLO- Desktop/Product page/Add to bag")): Object: 'Object Repository/APOLLO- Desktop/Product page/Add to bag' is clicked on

2019-07-09 18:24:02 - [MESSAGE][PASSED] - Object: 'Object Repository/APOLLO- Desktop/Product page/Add to bag' is clicked on

2019-07-09 18:24:02 - [TEST_STEP][PASSED] - delay(2): Delayed 2 second(s)

2019-07-09 18:24:04 - [MESSAGE][PASSED] - Delayed 2 second(s)

2019-07-09 18:24:04 - [TEST_STEP][PASSED] - delay(2): Delayed 2 second(s)

2019-07-09 18:24:06 - [MESSAGE][PASSED] - Delayed 2 second(s)

2019-07-09 18:24:06 - [TEST_STEP][PASSED] - click(findTestObject("APOLLO- Desktop/Cart flyout/Checkout")): Object: 'Object Repository/APOLLO- Desktop/Cart flyout/Checkout' is clicked on

2019-07-09 18:24:09 - [MESSAGE][PASSED] - Object: 'Object Repository/APOLLO- Desktop/Cart flyout/Checkout' is clicked on

2019-07-09 18:24:09 - [TEST_STEP][PASSED] - delay(2): Delayed 2 second(s)

2019-07-09 18:24:11 - [MESSAGE][PASSED] - Delayed 2 second(s)

2019-07-09 18:24:11 - [TEST_STEP][PASSED] - click(findTestObject("APOLLO- Desktop/Customer Information page/Cart page breadcrumb")): Object: 'Object Repository/APOLLO- Desktop/Customer Information page/Cart page breadcrumb' is clicked on

2019-07-09 18:24:13 - [MESSAGE][PASSED] - Object: 'Object Repository/APOLLO- Desktop/Customer Information page/Cart page breadcrumb' is clicked on

2019-07-09 18:24:13 - [TEST_STEP][PASSED] - delay(2): Delayed 2 second(s)

2019-07-09 18:24:15 - [MESSAGE][PASSED] - Delayed 2 second(s)

2019-07-09 18:24:15 - [TEST_STEP][PASSED] - executeJavaScript("var previewBar = document.getElementById("preview-bar-iframe"); previewBar.style.display = "none";", []): Execute JavaScript 'var previewBar = document.getElementById("preview-bar-iframe"); previewBar.style.display = "none";' successfully

2019-07-09 18:24:15 - [MESSAGE][PASSED] - Execute JavaScript 'var previewBar = document.getElementById("preview-bar-iframe"); previewBar.style.display = "none";' successfully

2019-07-09 18:24:15 - [TEST_STEP][PASSED] - a = getText(findTestObject("APOLLO- Desktop/Cart page/Unit price - 1st product")): Text of object 'Object Repository/APOLLO- Desktop/Cart page/Unit price - 1st product' is: '$6.25'

2019-07-09 18:24:16 - [MESSAGE][PASSED] - Text of object 'Object Repository/APOLLO- Desktop/Cart page/Unit price - 1st product' is: '$6.25'

2019-07-09 18:24:16 - [TEST_STEP][PASSED] - comment("a=" + a): a=$6.25

2019-07-09 18:24:16 - [MESSAGE][INFO] - a=$6.25

2019-07-09 18:24:16 - [TEST_STEP][PASSED] - a1 = a.substring(1): null

2019-07-09 18:24:16 - [TEST_STEP][PASSED] - comment("a1=" + a1): a1=6.25

2019-07-09 18:24:16 - [MESSAGE][INFO] - a1=6.25

2019-07-09 18:24:16 - [TEST_STEP][PASSED] - b = getText(findTestObject("APOLLO- Desktop/Cart page/Unit price - 2nd product")): Text of object 'Object Repository/APOLLO- Desktop/Cart page/Unit price - 2nd product' is: '$8.50'

2019-07-09 18:24:16 - [MESSAGE][PASSED] - Text of object 'Object Repository/APOLLO- Desktop/Cart page/Unit price - 2nd product' is: '$8.50'

2019-07-09 18:24:16 - [TEST_STEP][PASSED] - comment("b=" + b): b=$8.50

2019-07-09 18:24:16 - [MESSAGE][INFO] - b=$8.50

2019-07-09 18:24:16 - [TEST_STEP][PASSED] - b1 = b.substring(1): null

2019-07-09 18:24:16 - [TEST_STEP][PASSED] - comment("b1=" + b1): b1=8.50

2019-07-09 18:24:16 - [MESSAGE][INFO] - b1=8.50

2019-07-09 18:24:16 - [TEST_STEP][PASSED] - p1 = <not implemented yet for class: org.codehaus.groovy.ast.expr.EmptyExpression>: null

2019-07-09 18:24:16 - [TEST_STEP][PASSED] - p2 = <not implemented yet for class: org.codehaus.groovy.ast.expr.EmptyExpression>: null

2019-07-09 18:24:16 - [TEST_STEP][PASSED] - try: p1=6.25

2019-07-09 18:24:16 - [TEST_STEP][PASSED] - str = a1: null

2019-07-09 18:24:16 - [TEST_STEP][PASSED] - comment("str=" + str): str=6.25

2019-07-09 18:24:16 - [MESSAGE][INFO] - str=6.25

2019-07-09 18:24:16 - [TEST_STEP][PASSED] - p1 = Double.valueOf(str): null

2019-07-09 18:24:16 - [TEST_STEP][PASSED] - comment("p1=" + p1): p1=6.25

2019-07-09 18:24:16 - [MESSAGE][INFO] - p1=6.25

2019-07-09 18:24:16 - [TEST_STEP][PASSED] - try: p2=8.5

2019-07-09 18:24:16 - [TEST_STEP][PASSED] - str5 = b1: null

2019-07-09 18:24:16 - [TEST_STEP][PASSED] - comment("str5=" + str5): str5=8.50

2019-07-09 18:24:16 - [MESSAGE][INFO] - str5=8.50

2019-07-09 18:24:16 - [TEST_STEP][PASSED] - p2 = Double.valueOf(str5): null

2019-07-09 18:24:16 - [TEST_STEP][PASSED] - comment("p2=" + p2): p2=8.5

2019-07-09 18:24:16 - [MESSAGE][INFO] - p2=8.5

2019-07-09 18:24:16 - [TEST_STEP][PASSED] - total = p1 + p2: null

2019-07-09 18:24:16 - [TEST_STEP][PASSED] - comment("total=" + total): total=14.75

2019-07-09 18:24:16 - [MESSAGE][INFO] - total=14.75

2019-07-09 18:24:16 - [TEST_STEP][PASSED] - c = getText(findTestObject("APOLLO- Desktop/Cart page/Subtotal in cart page")): Text of object 'Object Repository/APOLLO- Desktop/Cart page/Subtotal in cart page' is: '$14.75'

2019-07-09 18:24:17 - [MESSAGE][PASSED] - Text of object 'Object Repository/APOLLO- Desktop/Cart page/Subtotal in cart page' is: '$14.75'

2019-07-09 18:24:17 - [TEST_STEP][PASSED] - comment("c=" + c): c=$14.75

2019-07-09 18:24:17 - [MESSAGE][INFO] - c=$14.75

2019-07-09 18:24:17 - [TEST_STEP][PASSED] - c1 = c.substring(1): null

2019-07-09 18:24:17 - [TEST_STEP][PASSED] - comment("c1=" + c1): c1=14.75

2019-07-09 18:24:17 - [MESSAGE][INFO] - c1=14.75

2019-07-09 18:24:17 - [TEST_STEP][PASSED] - p3 = <not implemented yet for class: org.codehaus.groovy.ast.expr.EmptyExpression>: null

2019-07-09 18:24:17 - [TEST_STEP][PASSED] - try: p3=14.75

2019-07-09 18:24:17 - [TEST_STEP][PASSED] - str = c1: null

2019-07-09 18:24:17 - [TEST_STEP][PASSED] - comment("str=" + str): str=14.75

2019-07-09 18:24:17 - [MESSAGE][INFO] - str=14.75

2019-07-09 18:24:17 - [TEST_STEP][PASSED] - p3 = Double.valueOf(str): null

2019-07-09 18:24:17 - [TEST_STEP][PASSED] - comment("p3=" + p3): p3=14.75

2019-07-09 18:24:17 - [MESSAGE][INFO] - p3=14.75

2019-07-09 18:24:17 - [TEST_STEP][PASSED] - verifyEqual(total, p3): Actual object '14.75' and expected object '14.75' are equal

2019-07-09 18:24:17 - [MESSAGE][PASSED] - Actual object '14.75' and expected object '14.75' are equal

2019-07-09 18:24:17 - [TEST_STEP][PASSED] - click(findTestObject("APOLLO- Desktop/Cart flyout/Checkout")): Object: 'Object Repository/APOLLO- Desktop/Cart flyout/Checkout' is clicked on

2019-07-09 18:24:20 - [MESSAGE][PASSED] - Object: 'Object Repository/APOLLO- Desktop/Cart flyout/Checkout' is clicked on

2019-07-09 18:24:20 - [TEST_STEP][PASSED] - callTestCase(findTestCase("CALL- CUSTOMER INFO PAGE"), [:], STOP_ON_FAILURE): Call Test Case 'Test Cases/CALL- CUSTOMER INFO PAGE' successfully

2019-07-09 18:24:20 - [TEST_CASE][PASSED] - Test Cases/CALL- CUSTOMER INFO PAGE: Test Cases/CALL- CUSTOMER INFO PAGE

2019-07-09 18:24:20 - [TEST_STEP][PASSED] - delay(2): Delayed 2 second(s)

2019-07-09 18:24:22 - [MESSAGE][PASSED] - Delayed 2 second(s)

2019-07-09 18:24:22 - [TEST_STEP][PASSED] - executeJavaScript("var previewBar = document.getElementById("preview-bar-iframe"); previewBar.style.display = "none";", []): Execute JavaScript 'var previewBar = document.getElementById("preview-bar-iframe"); previewBar.style.display = "none";' successfully

2019-07-09 18:24:22 - [MESSAGE][PASSED] - Execute JavaScript 'var previewBar = document.getElementById("preview-bar-iframe"); previewBar.style.display = "none";' successfully

2019-07-09 18:24:22 - [TEST_STEP][PASSED] - setText(findTestObject("APOLLO- Desktop/Customer Information page/Email"), "suman@gmail.com"): Text 'suman@gmail.com' is set on object 'Object Repository/APOLLO- Desktop/Customer Information page/Email'

2019-07-09 18:24:23 - [MESSAGE][PASSED] - Text 'suman@gmail.com' is set on object 'Object Repository/APOLLO- Desktop/Customer Information page/Email'

2019-07-09 18:24:23 - [TEST_STEP][PASSED] - delay(2): Delayed 2 second(s)

2019-07-09 18:24:25 - [MESSAGE][PASSED] - Delayed 2 second(s)

2019-07-09 18:24:25 - [TEST_STEP][PASSED] - setText(findTestObject("APOLLO- Desktop/Customer Information page/First name"), "suman"): Text 'suman' is set on object 'Object Repository/APOLLO- Desktop/Customer Information page/First name'

2019-07-09 18:24:26 - [MESSAGE][PASSED] - Text 'suman' is set on object 'Object Repository/APOLLO- Desktop/Customer Information page/First name'

2019-07-09 18:24:26 - [TEST_STEP][PASSED] - delay(2): Delayed 2 second(s)

2019-07-09 18:24:28 - [MESSAGE][PASSED] - Delayed 2 second(s)

2019-07-09 18:24:28 - [TEST_STEP][PASSED] - setText(findTestObject("APOLLO- Desktop/Customer Information page/Last name"), "kompelly"): Text 'kompelly' is set on object 'Object Repository/APOLLO- Desktop/Customer Information page/Last name'

2019-07-09 18:24:29 - [MESSAGE][PASSED] - Text 'kompelly' is set on object 'Object Repository/APOLLO- Desktop/Customer Information page/Last name'

2019-07-09 18:24:29 - [TEST_STEP][PASSED] - delay(2): Delayed 2 second(s)

2019-07-09 18:24:31 - [MESSAGE][PASSED] - Delayed 2 second(s)

2019-07-09 18:24:31 - [TEST_STEP][PASSED] - setText(findTestObject("APOLLO- Desktop/Customer Information page/Address"), "1435 st alxendre"): Text '1435 st alxendre' is set on object 'Object Repository/APOLLO- Desktop/Customer Information page/Address'

2019-07-09 18:24:31 - [MESSAGE][PASSED] - Text '1435 st alxendre' is set on object 'Object Repository/APOLLO- Desktop/Customer Information page/Address'

2019-07-09 18:24:31 - [TEST_STEP][PASSED] - setText(findTestObject("APOLLO- Desktop/Customer Information page/Apartment"), "220"): Text '220' is set on object 'Object Repository/APOLLO- Desktop/Customer Information page/Apartment'

2019-07-09 18:24:32 - [MESSAGE][PASSED] - Text '220' is set on object 'Object Repository/APOLLO- Desktop/Customer Information page/Apartment'

2019-07-09 18:24:32 - [TEST_STEP][PASSED] - setText(findTestObject("APOLLO- Desktop/Customer Information page/City"), "montreal"): Text 'montreal' is set on object 'Object Repository/APOLLO- Desktop/Customer Information page/City'

2019-07-09 18:24:33 - [MESSAGE][PASSED] - Text 'montreal' is set on object 'Object Repository/APOLLO- Desktop/Customer Information page/City'

2019-07-09 18:24:33 - [TEST_STEP][PASSED] - selectOptionByValue(findTestObject("APOLLO- Desktop/Customer Information page/Country dropdown"), "United States", true): All options with value 'United States' are selected in object 'Object Repository/APOLLO- Desktop/Customer Information page/Country dropdown'  using regular expression

2019-07-09 18:25:18 - [MESSAGE][PASSED] - All options with value 'United States' are selected in object 'Object Repository/APOLLO- Desktop/Customer Information page/Country dropdown'  using regular expression

2019-07-09 18:25:18 - [TEST_STEP][PASSED] - selectOptionByValue(findTestObject("APOLLO- Desktop/Customer Information page/states dropdown"), "NJ", true): All options with value 'NJ' are selected in object 'Object Repository/APOLLO- Desktop/Customer Information page/states dropdown'  using regular expression

2019-07-09 18:25:27 - [MESSAGE][PASSED] - All options with value 'NJ' are selected in object 'Object Repository/APOLLO- Desktop/Customer Information page/states dropdown'  using regular expression

2019-07-09 18:25:27 - [TEST_STEP][PASSED] - setText(findTestObject("APOLLO- Desktop/Customer Information page/ZIP code"), "07057"): Text '07057' is set on object 'Object Repository/APOLLO- Desktop/Customer Information page/ZIP code'

2019-07-09 18:25:28 - [MESSAGE][PASSED] - Text '07057' is set on object 'Object Repository/APOLLO- Desktop/Customer Information page/ZIP code'

2019-07-09 18:25:28 - [MESSAGE][PASSED] - Call Test Case 'Test Cases/CALL- CUSTOMER INFO PAGE' successfully

2019-07-09 18:25:28 - [TEST_STEP][PASSED] - callTestCase(findTestCase("CALL - SHIPPING TO PAYMENT"), [:], STOP_ON_FAILURE): Call Test Case 'Test Cases/CALL - SHIPPING TO PAYMENT' successfully

2019-07-09 18:25:28 - [TEST_CASE][PASSED] - Test Cases/CALL - SHIPPING TO PAYMENT: Test Cases/CALL - SHIPPING TO PAYMENT

2019-07-09 18:25:28 - [TEST_STEP][PASSED] - click(findTestObject("APOLLO- Desktop/Customer Information page/Continue to shipping")): Object: 'Object Repository/APOLLO- Desktop/Customer Information page/Continue to shipping' is clicked on

2019-07-09 18:25:30 - [MESSAGE][PASSED] - Object: 'Object Repository/APOLLO- Desktop/Customer Information page/Continue to shipping' is clicked on

2019-07-09 18:25:30 - [TEST_STEP][PASSED] - executeJavaScript("var previewBar = document.getElementById("preview-bar-iframe"); previewBar.style.display = "none";", []): Execute JavaScript 'var previewBar = document.getElementById("preview-bar-iframe"); previewBar.style.display = "none";' successfully

2019-07-09 18:25:31 - [MESSAGE][PASSED] - Execute JavaScript 'var previewBar = document.getElementById("preview-bar-iframe"); previewBar.style.display = "none";' successfully

2019-07-09 18:25:31 - [TEST_STEP][PASSED] - click(findTestObject("APOLLO- Desktop/Shipping page/Radio button check")): Object: 'Object Repository/APOLLO- Desktop/Shipping page/Radio button check' is clicked on

2019-07-09 18:25:31 - [MESSAGE][PASSED] - Object: 'Object Repository/APOLLO- Desktop/Shipping page/Radio button check' is clicked on

2019-07-09 18:25:31 - [TEST_STEP][PASSED] - executeJavaScript("var previewBar = document.getElementById("preview-bar-iframe"); previewBar.style.display = "none";", []): Execute JavaScript 'var previewBar = document.getElementById("preview-bar-iframe"); previewBar.style.display = "none";' successfully

2019-07-09 18:25:31 - [MESSAGE][PASSED] - Execute JavaScript 'var previewBar = document.getElementById("preview-bar-iframe"); previewBar.style.display = "none";' successfully

2019-07-09 18:25:31 - [TEST_STEP][PASSED] - click(findTestObject("APOLLO- Desktop/Shipping page/Continue to payment")): Object: 'Object Repository/APOLLO- Desktop/Shipping page/Continue to payment' is clicked on

2019-07-09 18:25:35 - [MESSAGE][PASSED] - Object: 'Object Repository/APOLLO- Desktop/Shipping page/Continue to payment' is clicked on

2019-07-09 18:25:35 - [TEST_STEP][PASSED] - executeJavaScript("var previewBar = document.getElementById("preview-bar-iframe"); previewBar.style.display = "none";", []): Execute JavaScript 'var previewBar = document.getElementById("preview-bar-iframe"); previewBar.style.display = "none";' successfully

2019-07-09 18:25:35 - [MESSAGE][PASSED] - Execute JavaScript 'var previewBar = document.getElementById("preview-bar-iframe"); previewBar.style.display = "none";' successfully

2019-07-09 18:25:35 - [TEST_STEP][PASSED] - verifyTextPresent("Payment", false): Text 'Payment' is present on page 

2019-07-09 18:25:36 - [MESSAGE][PASSED] - Text 'Payment' is present on page 

2019-07-09 18:25:36 - [MESSAGE][PASSED] - Call Test Case 'Test Cases/CALL - SHIPPING TO PAYMENT' successfully]]></system-out>
         <system-err><![CDATA[]]></system-err>
      </testcase>
      <testcase name="Test Cases/CRITICAL PATH/Decrease quantity - cart page" classname="Test Cases/CRITICAL PATH/Decrease quantity - cart page" status="PASSED">
         <system-out><![CDATA[2019-07-09 18:25:36 - [TEST_CASE][PASSED] - Test Cases/CRITICAL PATH/Decrease quantity - cart page: Test Cases/CRITICAL PATH/Decrease quantity - cart page

2019-07-09 18:25:36 - [TEST_STEP][PASSED] - callTestCase(findTestCase("CALL - URL"), [:], STOP_ON_FAILURE): Call Test Case 'Test Cases/CALL - URL' successfully

2019-07-09 18:25:36 - [TEST_CASE][PASSED] - Test Cases/CALL - URL: Test Cases/CALL - URL

2019-07-09 18:25:36 - [TEST_STEP][PASSED] - openBrowser(""): Browser is opened with url: ''

2019-07-09 18:25:36 - [MESSAGE][WARNING] - A browser is already opened. Closing browser and opening a new one

2019-07-09 18:25:38 - [MESSAGE][INFO] - Starting 'Remote' driver

2019-07-09 18:25:38 - [MESSAGE][INFO] - User set preference: ['os', 'Windows']

2019-07-09 18:25:38 - [MESSAGE][INFO] - User set preference: ['os_version', '10']

2019-07-09 18:25:38 - [MESSAGE][INFO] - User set preference: ['browser', 'Chrome']

2019-07-09 18:25:38 - [MESSAGE][INFO] - User set preference: ['browser_version', '75.0']

2019-07-09 18:25:38 - [MESSAGE][INFO] - User set preference: ['resolution', '1280x1024']

2019-07-09 18:25:38 - [MESSAGE][INFO] - User set preference: ['browserstack.local', 'false']

2019-07-09 18:25:38 - [MESSAGE][INFO] - Connecting to remote web server 'https://dianatest3:Z3oqw9ysqTeRQJq5wFCp@hub-cloud.browserstack.com/wd/hub' with type 'Selenium'

2019-07-09 18:25:50 - [MESSAGE][PASSED] - Browser is opened with url: ''

2019-07-09 18:25:50 - [TEST_STEP][PASSED] - navigateToUrl("https://apollo-fireball.myshopify.com/?_ab=0&_fd=0&_sc=1&key=96c2edace7b9967f3a77c2e2b131937136039831e9ec35f31598610005fa8795&preview_theme_id=46803124304"): Navigate to 'https://apollo-fireball.myshopify.com/?_ab=0&_fd=0&_sc=1&key=96c2edace7b9967f3a77c2e2b131937136039831e9ec35f31598610005fa8795&preview_theme_id=46803124304' successfully

2019-07-09 18:25:57 - [MESSAGE][PASSED] - Navigate to 'https://apollo-fireball.myshopify.com/?_ab=0&_fd=0&_sc=1&key=96c2edace7b9967f3a77c2e2b131937136039831e9ec35f31598610005fa8795&preview_theme_id=46803124304' successfully

2019-07-09 18:25:57 - [TEST_STEP][PASSED] - executeJavaScript("var previewBar = document.getElementById("preview-bar-iframe"); previewBar.style.display = "none";", []): Execute JavaScript 'var previewBar = document.getElementById("preview-bar-iframe"); previewBar.style.display = "none";' successfully

2019-07-09 18:25:57 - [MESSAGE][PASSED] - Execute JavaScript 'var previewBar = document.getElementById("preview-bar-iframe"); previewBar.style.display = "none";' successfully

2019-07-09 18:25:57 - [TEST_STEP][PASSED] - maximizeWindow(): Current window maximized

2019-07-09 18:26:02 - [MESSAGE][PASSED] - Current window maximized

2019-07-09 18:26:02 - [MESSAGE][PASSED] - Call Test Case 'Test Cases/CALL - URL' successfully

2019-07-09 18:26:02 - [TEST_STEP][PASSED] - delay(1): Delayed 1 second(s)

2019-07-09 18:26:03 - [MESSAGE][PASSED] - Delayed 1 second(s)

2019-07-09 18:26:03 - [TEST_STEP][PASSED] - click(findTestObject("APOLLO- Desktop/Burger Menu/Burgermenu")): Object: 'Object Repository/APOLLO- Desktop/Burger Menu/Burgermenu' is clicked on

2019-07-09 18:26:03 - [MESSAGE][PASSED] - Object: 'Object Repository/APOLLO- Desktop/Burger Menu/Burgermenu' is clicked on

2019-07-09 18:26:03 - [TEST_STEP][PASSED] - delay(2): Delayed 2 second(s)

2019-07-09 18:26:05 - [MESSAGE][PASSED] - Delayed 2 second(s)

2019-07-09 18:26:05 - [TEST_STEP][PASSED] - click(findTestObject("APOLLO- Desktop/Burger Menu/Shop food")): Object: 'Object Repository/APOLLO- Desktop/Burger Menu/Shop food' is clicked on

2019-07-09 18:26:06 - [MESSAGE][PASSED] - Object: 'Object Repository/APOLLO- Desktop/Burger Menu/Shop food' is clicked on

2019-07-09 18:26:06 - [TEST_STEP][PASSED] - delay(2): Delayed 2 second(s)

2019-07-09 18:26:08 - [MESSAGE][PASSED] - Delayed 2 second(s)

2019-07-09 18:26:08 - [TEST_STEP][PASSED] - click(findTestObject("APOLLO- Desktop/Burger Menu/Beef")): Object: 'Object Repository/APOLLO- Desktop/Burger Menu/Beef' is clicked on

2019-07-09 18:26:10 - [MESSAGE][PASSED] - Object: 'Object Repository/APOLLO- Desktop/Burger Menu/Beef' is clicked on

2019-07-09 18:26:10 - [TEST_STEP][PASSED] - delay(2): Delayed 2 second(s)

2019-07-09 18:26:12 - [MESSAGE][PASSED] - Delayed 2 second(s)

2019-07-09 18:26:12 - [TEST_STEP][PASSED] - executeJavaScript("var previewBar = document.getElementById("preview-bar-iframe"); previewBar.style.display = "none";", []): Execute JavaScript 'var previewBar = document.getElementById("preview-bar-iframe"); previewBar.style.display = "none";' successfully

2019-07-09 18:26:12 - [MESSAGE][PASSED] - Execute JavaScript 'var previewBar = document.getElementById("preview-bar-iframe"); previewBar.style.display = "none";' successfully

2019-07-09 18:26:12 - [TEST_STEP][PASSED] - delay(2): Delayed 2 second(s)

2019-07-09 18:26:14 - [MESSAGE][PASSED] - Delayed 2 second(s)

2019-07-09 18:26:14 - [TEST_STEP][PASSED] - click(findTestObject("APOLLO- Desktop/Collection page/Beef skewers")): Object: 'Object Repository/APOLLO- Desktop/Collection page/Beef skewers' is clicked on

2019-07-09 18:26:19 - [MESSAGE][PASSED] - Object: 'Object Repository/APOLLO- Desktop/Collection page/Beef skewers' is clicked on

2019-07-09 18:26:19 - [TEST_STEP][PASSED] - executeJavaScript("var previewBar = document.getElementById("preview-bar-iframe"); previewBar.style.display = "none";", []): Execute JavaScript 'var previewBar = document.getElementById("preview-bar-iframe"); previewBar.style.display = "none";' successfully

2019-07-09 18:26:20 - [MESSAGE][PASSED] - Execute JavaScript 'var previewBar = document.getElementById("preview-bar-iframe"); previewBar.style.display = "none";' successfully

2019-07-09 18:26:20 - [TEST_STEP][PASSED] - delay(2): Delayed 2 second(s)

2019-07-09 18:26:22 - [MESSAGE][PASSED] - Delayed 2 second(s)

2019-07-09 18:26:22 - [TEST_STEP][PASSED] - click(findTestObject("APOLLO- Desktop/Product page/1 piece")): Object: 'Object Repository/APOLLO- Desktop/Product page/1 piece' is clicked on

2019-07-09 18:26:23 - [MESSAGE][PASSED] - Object: 'Object Repository/APOLLO- Desktop/Product page/1 piece' is clicked on

2019-07-09 18:26:23 - [TEST_STEP][PASSED] - delay(2): Delayed 2 second(s)

2019-07-09 18:26:25 - [MESSAGE][PASSED] - Delayed 2 second(s)

2019-07-09 18:26:25 - [TEST_STEP][PASSED] - delay(2): Delayed 2 second(s)

2019-07-09 18:26:27 - [MESSAGE][PASSED] - Delayed 2 second(s)

2019-07-09 18:26:27 - [TEST_STEP][PASSED] - click(findTestObject("APOLLO- Desktop/Product page/Increase qunatity - prod page")): Object: 'Object Repository/APOLLO- Desktop/Product page/Increase qunatity - prod page' is clicked on

2019-07-09 18:26:27 - [MESSAGE][PASSED] - Object: 'Object Repository/APOLLO- Desktop/Product page/Increase qunatity - prod page' is clicked on

2019-07-09 18:26:27 - [TEST_STEP][PASSED] - delay(2): Delayed 2 second(s)

2019-07-09 18:26:29 - [MESSAGE][PASSED] - Delayed 2 second(s)

2019-07-09 18:26:29 - [TEST_STEP][PASSED] - click(findTestObject("APOLLO- Desktop/Product page/Increase qunatity - prod page")): Object: 'Object Repository/APOLLO- Desktop/Product page/Increase qunatity - prod page' is clicked on

2019-07-09 18:26:29 - [MESSAGE][PASSED] - Object: 'Object Repository/APOLLO- Desktop/Product page/Increase qunatity - prod page' is clicked on

2019-07-09 18:26:29 - [TEST_STEP][PASSED] - delay(2): Delayed 2 second(s)

2019-07-09 18:26:31 - [MESSAGE][PASSED] - Delayed 2 second(s)

2019-07-09 18:26:31 - [TEST_STEP][PASSED] - click(findTestObject("APOLLO- Desktop/Product page/Increase qunatity - prod page")): Object: 'Object Repository/APOLLO- Desktop/Product page/Increase qunatity - prod page' is clicked on

2019-07-09 18:26:32 - [MESSAGE][PASSED] - Object: 'Object Repository/APOLLO- Desktop/Product page/Increase qunatity - prod page' is clicked on

2019-07-09 18:26:32 - [TEST_STEP][PASSED] - delay(2): Delayed 2 second(s)

2019-07-09 18:26:34 - [MESSAGE][PASSED] - Delayed 2 second(s)

2019-07-09 18:26:34 - [TEST_STEP][PASSED] - click(findTestObject("APOLLO- Desktop/Product page/Increase qunatity - prod page")): Object: 'Object Repository/APOLLO- Desktop/Product page/Increase qunatity - prod page' is clicked on

2019-07-09 18:26:34 - [MESSAGE][PASSED] - Object: 'Object Repository/APOLLO- Desktop/Product page/Increase qunatity - prod page' is clicked on

2019-07-09 18:26:34 - [TEST_STEP][PASSED] - delay(2): Delayed 2 second(s)

2019-07-09 18:26:36 - [MESSAGE][PASSED] - Delayed 2 second(s)

2019-07-09 18:26:36 - [TEST_STEP][PASSED] - click(findTestObject("APOLLO- Desktop/Product page/Increase qunatity - prod page")): Object: 'Object Repository/APOLLO- Desktop/Product page/Increase qunatity - prod page' is clicked on

2019-07-09 18:26:36 - [MESSAGE][PASSED] - Object: 'Object Repository/APOLLO- Desktop/Product page/Increase qunatity - prod page' is clicked on

2019-07-09 18:26:36 - [TEST_STEP][PASSED] - delay(2): Delayed 2 second(s)

2019-07-09 18:26:38 - [MESSAGE][PASSED] - Delayed 2 second(s)

2019-07-09 18:26:38 - [TEST_STEP][PASSED] - click(findTestObject("APOLLO- Desktop/Product page/Add to bag")): Object: 'Object Repository/APOLLO- Desktop/Product page/Add to bag' is clicked on

2019-07-09 18:26:38 - [MESSAGE][PASSED] - Object: 'Object Repository/APOLLO- Desktop/Product page/Add to bag' is clicked on

2019-07-09 18:26:38 - [TEST_STEP][PASSED] - delay(2): Delayed 2 second(s)

2019-07-09 18:26:40 - [MESSAGE][PASSED] - Delayed 2 second(s)

2019-07-09 18:26:40 - [TEST_STEP][PASSED] - delay(2): Delayed 2 second(s)

2019-07-09 18:26:42 - [MESSAGE][PASSED] - Delayed 2 second(s)

2019-07-09 18:26:42 - [TEST_STEP][PASSED] - click(findTestObject("APOLLO- Desktop/Cart flyout/Checkout")): Object: 'Object Repository/APOLLO- Desktop/Cart flyout/Checkout' is clicked on

2019-07-09 18:26:46 - [MESSAGE][PASSED] - Object: 'Object Repository/APOLLO- Desktop/Cart flyout/Checkout' is clicked on

2019-07-09 18:26:46 - [TEST_STEP][PASSED] - delay(2): Delayed 2 second(s)

2019-07-09 18:26:48 - [MESSAGE][PASSED] - Delayed 2 second(s)

2019-07-09 18:26:48 - [TEST_STEP][PASSED] - click(findTestObject("APOLLO- Desktop/Customer Information page/Cart page breadcrumb")): Object: 'Object Repository/APOLLO- Desktop/Customer Information page/Cart page breadcrumb' is clicked on

2019-07-09 18:26:51 - [MESSAGE][PASSED] - Object: 'Object Repository/APOLLO- Desktop/Customer Information page/Cart page breadcrumb' is clicked on

2019-07-09 18:26:51 - [TEST_STEP][PASSED] - executeJavaScript("var previewBar = document.getElementById("preview-bar-iframe"); previewBar.style.display = "none";", []): Execute JavaScript 'var previewBar = document.getElementById("preview-bar-iframe"); previewBar.style.display = "none";' successfully

2019-07-09 18:26:51 - [MESSAGE][PASSED] - Execute JavaScript 'var previewBar = document.getElementById("preview-bar-iframe"); previewBar.style.display = "none";' successfully

2019-07-09 18:26:51 - [TEST_STEP][PASSED] - delay(2): Delayed 2 second(s)

2019-07-09 18:26:53 - [MESSAGE][PASSED] - Delayed 2 second(s)

2019-07-09 18:26:53 - [TEST_STEP][PASSED] - a = getText(findTestObject("APOLLO- Desktop/Cart page/Subtotal in cart page")): Text of object 'Object Repository/APOLLO- Desktop/Cart page/Subtotal in cart page' is: '$51.00'

2019-07-09 18:26:53 - [MESSAGE][PASSED] - Text of object 'Object Repository/APOLLO- Desktop/Cart page/Subtotal in cart page' is: '$51.00'

2019-07-09 18:26:53 - [TEST_STEP][PASSED] - comment("a=" + a): a=$51.00

2019-07-09 18:26:53 - [MESSAGE][INFO] - a=$51.00

2019-07-09 18:26:53 - [TEST_STEP][PASSED] - delay(2): Delayed 2 second(s)

2019-07-09 18:26:55 - [MESSAGE][PASSED] - Delayed 2 second(s)

2019-07-09 18:26:55 - [TEST_STEP][PASSED] - click(findTestObject("APOLLO- Desktop/Cart page/Decrease quantity - cart page")): Object: 'Object Repository/APOLLO- Desktop/Cart page/Decrease quantity - cart page' is clicked on

2019-07-09 18:26:55 - [MESSAGE][PASSED] - Object: 'Object Repository/APOLLO- Desktop/Cart page/Decrease quantity - cart page' is clicked on

2019-07-09 18:26:55 - [TEST_STEP][PASSED] - delay(2): Delayed 2 second(s)

2019-07-09 18:26:57 - [MESSAGE][PASSED] - Delayed 2 second(s)

2019-07-09 18:26:57 - [TEST_STEP][PASSED] - click(findTestObject("APOLLO- Desktop/Cart page/Decrease quantity - cart page")): Object: 'Object Repository/APOLLO- Desktop/Cart page/Decrease quantity - cart page' is clicked on

2019-07-09 18:26:57 - [MESSAGE][PASSED] - Object: 'Object Repository/APOLLO- Desktop/Cart page/Decrease quantity - cart page' is clicked on

2019-07-09 18:26:57 - [TEST_STEP][PASSED] - delay(2): Delayed 2 second(s)

2019-07-09 18:26:59 - [MESSAGE][PASSED] - Delayed 2 second(s)

2019-07-09 18:26:59 - [TEST_STEP][PASSED] - click(findTestObject("APOLLO- Desktop/Cart page/Decrease quantity - cart page")): Object: 'Object Repository/APOLLO- Desktop/Cart page/Decrease quantity - cart page' is clicked on

2019-07-09 18:27:00 - [MESSAGE][PASSED] - Object: 'Object Repository/APOLLO- Desktop/Cart page/Decrease quantity - cart page' is clicked on

2019-07-09 18:27:00 - [TEST_STEP][PASSED] - delay(2): Delayed 2 second(s)

2019-07-09 18:27:02 - [MESSAGE][PASSED] - Delayed 2 second(s)

2019-07-09 18:27:02 - [TEST_STEP][PASSED] - setText(findTestObject("APOLLO- Desktop/Cart flyout/CArt quanty update"), "1"): Text '1' is set on object 'Object Repository/APOLLO- Desktop/Cart flyout/CArt quanty update'

2019-07-09 18:27:02 - [MESSAGE][PASSED] - Text '1' is set on object 'Object Repository/APOLLO- Desktop/Cart flyout/CArt quanty update'

2019-07-09 18:27:02 - [TEST_STEP][PASSED] - delay(2): Delayed 2 second(s)

2019-07-09 18:27:04 - [MESSAGE][PASSED] - Delayed 2 second(s)

2019-07-09 18:27:04 - [TEST_STEP][PASSED] - click(findTestObject("APOLLO- Desktop/Cart page/Click outside the page")): Object: 'Object Repository/APOLLO- Desktop/Cart page/Click outside the page' is clicked on

2019-07-09 18:27:04 - [MESSAGE][PASSED] - Object: 'Object Repository/APOLLO- Desktop/Cart page/Click outside the page' is clicked on

2019-07-09 18:27:04 - [TEST_STEP][PASSED] - delay(2): Delayed 2 second(s)

2019-07-09 18:27:06 - [MESSAGE][PASSED] - Delayed 2 second(s)

2019-07-09 18:27:06 - [TEST_STEP][PASSED] - b = getText(findTestObject("APOLLO- Desktop/Cart page/Subtotal in cart page")): Text of object 'Object Repository/APOLLO- Desktop/Cart page/Subtotal in cart page' is: '$8.50'

2019-07-09 18:27:07 - [MESSAGE][PASSED] - Text of object 'Object Repository/APOLLO- Desktop/Cart page/Subtotal in cart page' is: '$8.50'

2019-07-09 18:27:07 - [TEST_STEP][PASSED] - comment("b=" + b): b=$8.50

2019-07-09 18:27:07 - [MESSAGE][INFO] - b=$8.50

2019-07-09 18:27:07 - [TEST_STEP][PASSED] - verifyNotEqual("a", "b"): Actual object 'a' and expected object 'b' are not equal

2019-07-09 18:27:07 - [MESSAGE][PASSED] - Actual object 'a' and expected object 'b' are not equal

2019-07-09 18:27:07 - [TEST_STEP][PASSED] - delay(2): Delayed 2 second(s)

2019-07-09 18:27:09 - [MESSAGE][PASSED] - Delayed 2 second(s)

2019-07-09 18:27:09 - [TEST_STEP][PASSED] - click(findTestObject("APOLLO- Desktop/Cart flyout/Checkout")): Object: 'Object Repository/APOLLO- Desktop/Cart flyout/Checkout' is clicked on

2019-07-09 18:27:12 - [MESSAGE][PASSED] - Object: 'Object Repository/APOLLO- Desktop/Cart flyout/Checkout' is clicked on

2019-07-09 18:27:12 - [TEST_STEP][PASSED] - delay(2): Delayed 2 second(s)

2019-07-09 18:27:14 - [MESSAGE][PASSED] - Delayed 2 second(s)

2019-07-09 18:27:14 - [TEST_STEP][PASSED] - callTestCase(findTestCase("CALL- CUSTOMER INFO PAGE"), [:], STOP_ON_FAILURE): Call Test Case 'Test Cases/CALL- CUSTOMER INFO PAGE' successfully

2019-07-09 18:27:14 - [TEST_CASE][PASSED] - Test Cases/CALL- CUSTOMER INFO PAGE: Test Cases/CALL- CUSTOMER INFO PAGE

2019-07-09 18:27:14 - [TEST_STEP][PASSED] - delay(2): Delayed 2 second(s)

2019-07-09 18:27:16 - [MESSAGE][PASSED] - Delayed 2 second(s)

2019-07-09 18:27:16 - [TEST_STEP][PASSED] - executeJavaScript("var previewBar = document.getElementById("preview-bar-iframe"); previewBar.style.display = "none";", []): Execute JavaScript 'var previewBar = document.getElementById("preview-bar-iframe"); previewBar.style.display = "none";' successfully

2019-07-09 18:27:16 - [MESSAGE][PASSED] - Execute JavaScript 'var previewBar = document.getElementById("preview-bar-iframe"); previewBar.style.display = "none";' successfully

2019-07-09 18:27:16 - [TEST_STEP][PASSED] - setText(findTestObject("APOLLO- Desktop/Customer Information page/Email"), "suman@gmail.com"): Text 'suman@gmail.com' is set on object 'Object Repository/APOLLO- Desktop/Customer Information page/Email'

2019-07-09 18:27:17 - [MESSAGE][PASSED] - Text 'suman@gmail.com' is set on object 'Object Repository/APOLLO- Desktop/Customer Information page/Email'

2019-07-09 18:27:17 - [TEST_STEP][PASSED] - delay(2): Delayed 2 second(s)

2019-07-09 18:27:19 - [MESSAGE][PASSED] - Delayed 2 second(s)

2019-07-09 18:27:19 - [TEST_STEP][PASSED] - setText(findTestObject("APOLLO- Desktop/Customer Information page/First name"), "suman"): Text 'suman' is set on object 'Object Repository/APOLLO- Desktop/Customer Information page/First name'

2019-07-09 18:27:20 - [MESSAGE][PASSED] - Text 'suman' is set on object 'Object Repository/APOLLO- Desktop/Customer Information page/First name'

2019-07-09 18:27:20 - [TEST_STEP][PASSED] - delay(2): Delayed 2 second(s)

2019-07-09 18:27:22 - [MESSAGE][PASSED] - Delayed 2 second(s)

2019-07-09 18:27:22 - [TEST_STEP][PASSED] - setText(findTestObject("APOLLO- Desktop/Customer Information page/Last name"), "kompelly"): Text 'kompelly' is set on object 'Object Repository/APOLLO- Desktop/Customer Information page/Last name'

2019-07-09 18:27:22 - [MESSAGE][PASSED] - Text 'kompelly' is set on object 'Object Repository/APOLLO- Desktop/Customer Information page/Last name'

2019-07-09 18:27:22 - [TEST_STEP][PASSED] - delay(2): Delayed 2 second(s)

2019-07-09 18:27:24 - [MESSAGE][PASSED] - Delayed 2 second(s)

2019-07-09 18:27:24 - [TEST_STEP][PASSED] - setText(findTestObject("APOLLO- Desktop/Customer Information page/Address"), "1435 st alxendre"): Text '1435 st alxendre' is set on object 'Object Repository/APOLLO- Desktop/Customer Information page/Address'

2019-07-09 18:27:25 - [MESSAGE][PASSED] - Text '1435 st alxendre' is set on object 'Object Repository/APOLLO- Desktop/Customer Information page/Address'

2019-07-09 18:27:25 - [TEST_STEP][PASSED] - setText(findTestObject("APOLLO- Desktop/Customer Information page/Apartment"), "220"): Text '220' is set on object 'Object Repository/APOLLO- Desktop/Customer Information page/Apartment'

2019-07-09 18:27:26 - [MESSAGE][PASSED] - Text '220' is set on object 'Object Repository/APOLLO- Desktop/Customer Information page/Apartment'

2019-07-09 18:27:26 - [TEST_STEP][PASSED] - setText(findTestObject("APOLLO- Desktop/Customer Information page/City"), "montreal"): Text 'montreal' is set on object 'Object Repository/APOLLO- Desktop/Customer Information page/City'

2019-07-09 18:27:27 - [MESSAGE][PASSED] - Text 'montreal' is set on object 'Object Repository/APOLLO- Desktop/Customer Information page/City'

2019-07-09 18:27:27 - [TEST_STEP][PASSED] - selectOptionByValue(findTestObject("APOLLO- Desktop/Customer Information page/Country dropdown"), "United States", true): All options with value 'United States' are selected in object 'Object Repository/APOLLO- Desktop/Customer Information page/Country dropdown'  using regular expression

2019-07-09 18:28:14 - [MESSAGE][PASSED] - All options with value 'United States' are selected in object 'Object Repository/APOLLO- Desktop/Customer Information page/Country dropdown'  using regular expression

2019-07-09 18:28:14 - [TEST_STEP][PASSED] - selectOptionByValue(findTestObject("APOLLO- Desktop/Customer Information page/states dropdown"), "NJ", true): All options with value 'NJ' are selected in object 'Object Repository/APOLLO- Desktop/Customer Information page/states dropdown'  using regular expression

2019-07-09 18:28:25 - [MESSAGE][PASSED] - All options with value 'NJ' are selected in object 'Object Repository/APOLLO- Desktop/Customer Information page/states dropdown'  using regular expression

2019-07-09 18:28:25 - [TEST_STEP][PASSED] - setText(findTestObject("APOLLO- Desktop/Customer Information page/ZIP code"), "07057"): Text '07057' is set on object 'Object Repository/APOLLO- Desktop/Customer Information page/ZIP code'

2019-07-09 18:28:25 - [MESSAGE][PASSED] - Text '07057' is set on object 'Object Repository/APOLLO- Desktop/Customer Information page/ZIP code'

2019-07-09 18:28:25 - [MESSAGE][PASSED] - Call Test Case 'Test Cases/CALL- CUSTOMER INFO PAGE' successfully

2019-07-09 18:28:25 - [TEST_STEP][PASSED] - delay(2): Delayed 2 second(s)

2019-07-09 18:28:27 - [MESSAGE][PASSED] - Delayed 2 second(s)

2019-07-09 18:28:27 - [TEST_STEP][PASSED] - callTestCase(findTestCase("CALL - SHIPPING TO PAYMENT"), [:], STOP_ON_FAILURE): Call Test Case 'Test Cases/CALL - SHIPPING TO PAYMENT' successfully

2019-07-09 18:28:27 - [TEST_CASE][PASSED] - Test Cases/CALL - SHIPPING TO PAYMENT: Test Cases/CALL - SHIPPING TO PAYMENT

2019-07-09 18:28:27 - [TEST_STEP][PASSED] - click(findTestObject("APOLLO- Desktop/Customer Information page/Continue to shipping")): Object: 'Object Repository/APOLLO- Desktop/Customer Information page/Continue to shipping' is clicked on

2019-07-09 18:28:31 - [MESSAGE][PASSED] - Object: 'Object Repository/APOLLO- Desktop/Customer Information page/Continue to shipping' is clicked on

2019-07-09 18:28:31 - [TEST_STEP][PASSED] - executeJavaScript("var previewBar = document.getElementById("preview-bar-iframe"); previewBar.style.display = "none";", []): Execute JavaScript 'var previewBar = document.getElementById("preview-bar-iframe"); previewBar.style.display = "none";' successfully

2019-07-09 18:28:31 - [MESSAGE][PASSED] - Execute JavaScript 'var previewBar = document.getElementById("preview-bar-iframe"); previewBar.style.display = "none";' successfully

2019-07-09 18:28:31 - [TEST_STEP][PASSED] - click(findTestObject("APOLLO- Desktop/Shipping page/Radio button check")): Object: 'Object Repository/APOLLO- Desktop/Shipping page/Radio button check' is clicked on

2019-07-09 18:28:32 - [MESSAGE][PASSED] - Object: 'Object Repository/APOLLO- Desktop/Shipping page/Radio button check' is clicked on

2019-07-09 18:28:32 - [TEST_STEP][PASSED] - executeJavaScript("var previewBar = document.getElementById("preview-bar-iframe"); previewBar.style.display = "none";", []): Execute JavaScript 'var previewBar = document.getElementById("preview-bar-iframe"); previewBar.style.display = "none";' successfully

2019-07-09 18:28:32 - [MESSAGE][PASSED] - Execute JavaScript 'var previewBar = document.getElementById("preview-bar-iframe"); previewBar.style.display = "none";' successfully

2019-07-09 18:28:32 - [TEST_STEP][PASSED] - click(findTestObject("APOLLO- Desktop/Shipping page/Continue to payment")): Object: 'Object Repository/APOLLO- Desktop/Shipping page/Continue to payment' is clicked on

2019-07-09 18:28:36 - [MESSAGE][PASSED] - Object: 'Object Repository/APOLLO- Desktop/Shipping page/Continue to payment' is clicked on

2019-07-09 18:28:36 - [TEST_STEP][PASSED] - executeJavaScript("var previewBar = document.getElementById("preview-bar-iframe"); previewBar.style.display = "none";", []): Execute JavaScript 'var previewBar = document.getElementById("preview-bar-iframe"); previewBar.style.display = "none";' successfully

2019-07-09 18:28:36 - [MESSAGE][PASSED] - Execute JavaScript 'var previewBar = document.getElementById("preview-bar-iframe"); previewBar.style.display = "none";' successfully

2019-07-09 18:28:36 - [TEST_STEP][PASSED] - verifyTextPresent("Payment", false): Text 'Payment' is present on page 

2019-07-09 18:28:37 - [MESSAGE][PASSED] - Text 'Payment' is present on page 

2019-07-09 18:28:37 - [MESSAGE][PASSED] - Call Test Case 'Test Cases/CALL - SHIPPING TO PAYMENT' successfully]]></system-out>
         <system-err><![CDATA[]]></system-err>
      </testcase>
      <testcase name="Test Cases/CRITICAL PATH/Adding product - Search flyout" classname="Test Cases/CRITICAL PATH/Adding product - Search flyout" status="FAILED">
         <failure type="FAILED" message="Test Cases/CRITICAL PATH/Adding product - Search flyout FAILED.
Reason:
com.kms.katalon.core.exception.StepFailedException: Unable to click on object 'Object Repository/APOLLO- Desktop/Product page/Add to bag - Copy' (Root cause: com.kms.katalon.core.webui.exception.WebElementNotFoundException: Web element with id: 'Object Repository/APOLLO- Desktop/Product page/Add to bag - Copy' located by 'By.xpath: //button[@class='o-btn o-btn--large o-btn--secondary js-product-atc'][count(. | //button[(text() = 'Add to bag' or . = 'Add to bag')]) = count(//button[(text() = 'Add to bag' or . = 'Add to bag')])]' not found)
	at com.kms.katalon.core.keyword.internal.KeywordMain.stepFailed(KeywordMain.groovy:32)
	at com.kms.katalon.core.webui.keyword.internal.WebUIKeywordMain.stepFailed(WebUIKeywordMain.groovy:65)
	at com.kms.katalon.core.webui.keyword.internal.WebUIKeywordMain.runKeyword(WebUIKeywordMain.groovy:27)
	at com.kms.katalon.core.webui.keyword.builtin.ClickKeyword.click(ClickKeyword.groovy:86)
	at com.kms.katalon.core.webui.keyword.builtin.ClickKeyword.execute(ClickKeyword.groovy:67)
	at com.kms.katalon.core.keyword.internal.KeywordExecutor.executeKeywordForPlatform(KeywordExecutor.groovy:53)
	at com.kms.katalon.core.webui.keyword.WebUiBuiltInKeywords.click(WebUiBuiltInKeywords.groovy:604)
	at com.kms.katalon.core.webui.keyword.WebUiBuiltInKeywords$click$18.call(Unknown Source)
	at Adding product - Search flyout.run(Adding product - Search flyout:72)
	at com.kms.katalon.core.main.ScriptEngine.run(ScriptEngine.java:194)
	at com.kms.katalon.core.main.ScriptEngine.runScriptAsRawText(ScriptEngine.java:119)
	at com.kms.katalon.core.main.TestCaseExecutor.runScript(TestCaseExecutor.java:328)
	at com.kms.katalon.core.main.TestCaseExecutor.doExecute(TestCaseExecutor.java:319)
	at com.kms.katalon.core.main.TestCaseExecutor.processExecutionPhase(TestCaseExecutor.java:298)
	at com.kms.katalon.core.main.TestCaseExecutor.accessMainPhase(TestCaseExecutor.java:290)
	at com.kms.katalon.core.main.TestCaseExecutor.execute(TestCaseExecutor.java:224)
	at com.kms.katalon.core.main.TestSuiteExecutor.accessTestCaseMainPhase(TestSuiteExecutor.java:129)
	at com.kms.katalon.core.main.TestSuiteExecutor.accessTestSuiteMainPhase(TestSuiteExecutor.java:112)
	at com.kms.katalon.core.main.TestSuiteExecutor.execute(TestSuiteExecutor.java:81)
	at com.kms.katalon.core.main.TestCaseMain.startTestSuite(TestCaseMain.java:149)
	at com.kms.katalon.core.main.TestCaseMain$startTestSuite$0.call(Unknown Source)
	at TempTestSuite1562709134358.run(TempTestSuite1562709134358.groovy:36)
"/>
         <system-out><![CDATA[2019-07-09 18:28:37 - [TEST_CASE][FAILED] - Test Cases/CRITICAL PATH/Adding product - Search flyout: Test Cases/CRITICAL PATH/Adding product - Search flyout FAILED.
Reason:
com.kms.katalon.core.exception.StepFailedException: Unable to click on object 'Object Repository/APOLLO- Desktop/Product page/Add to bag - Copy' (Root cause: com.kms.katalon.core.webui.exception.WebElementNotFoundException: Web element with id: 'Object Repository/APOLLO- Desktop/Product page/Add to bag - Copy' located by 'By.xpath: //button[@class='o-btn o-btn--large o-btn--secondary js-product-atc'][count(. | //button[(text() = 'Add to bag' or . = 'Add to bag')]) = count(//button[(text() = 'Add to bag' or . = 'Add to bag')])]' not found)
	at com.kms.katalon.core.keyword.internal.KeywordMain.stepFailed(KeywordMain.groovy:32)
	at com.kms.katalon.core.webui.keyword.internal.WebUIKeywordMain.stepFailed(WebUIKeywordMain.groovy:65)
	at com.kms.katalon.core.webui.keyword.internal.WebUIKeywordMain.runKeyword(WebUIKeywordMain.groovy:27)
	at com.kms.katalon.core.webui.keyword.builtin.ClickKeyword.click(ClickKeyword.groovy:86)
	at com.kms.katalon.core.webui.keyword.builtin.ClickKeyword.execute(ClickKeyword.groovy:67)
	at com.kms.katalon.core.keyword.internal.KeywordExecutor.executeKeywordForPlatform(KeywordExecutor.groovy:53)
	at com.kms.katalon.core.webui.keyword.WebUiBuiltInKeywords.click(WebUiBuiltInKeywords.groovy:604)
	at com.kms.katalon.core.webui.keyword.WebUiBuiltInKeywords$click$18.call(Unknown Source)
	at Adding product - Search flyout.run(Adding product - Search flyout:72)
	at com.kms.katalon.core.main.ScriptEngine.run(ScriptEngine.java:194)
	at com.kms.katalon.core.main.ScriptEngine.runScriptAsRawText(ScriptEngine.java:119)
	at com.kms.katalon.core.main.TestCaseExecutor.runScript(TestCaseExecutor.java:328)
	at com.kms.katalon.core.main.TestCaseExecutor.doExecute(TestCaseExecutor.java:319)
	at com.kms.katalon.core.main.TestCaseExecutor.processExecutionPhase(TestCaseExecutor.java:298)
	at com.kms.katalon.core.main.TestCaseExecutor.accessMainPhase(TestCaseExecutor.java:290)
	at com.kms.katalon.core.main.TestCaseExecutor.execute(TestCaseExecutor.java:224)
	at com.kms.katalon.core.main.TestSuiteExecutor.accessTestCaseMainPhase(TestSuiteExecutor.java:129)
	at com.kms.katalon.core.main.TestSuiteExecutor.accessTestSuiteMainPhase(TestSuiteExecutor.java:112)
	at com.kms.katalon.core.main.TestSuiteExecutor.execute(TestSuiteExecutor.java:81)
	at com.kms.katalon.core.main.TestCaseMain.startTestSuite(TestCaseMain.java:149)
	at com.kms.katalon.core.main.TestCaseMain$startTestSuite$0.call(Unknown Source)
	at TempTestSuite1562709134358.run(TempTestSuite1562709134358.groovy:36)


2019-07-09 18:28:37 - [TEST_STEP][PASSED] - callTestCase(findTestCase("CALL - URL"), [:], STOP_ON_FAILURE): Call Test Case 'Test Cases/CALL - URL' successfully

2019-07-09 18:28:37 - [TEST_CASE][PASSED] - Test Cases/CALL - URL: Test Cases/CALL - URL

2019-07-09 18:28:37 - [TEST_STEP][PASSED] - openBrowser(""): Browser is opened with url: ''

2019-07-09 18:28:37 - [MESSAGE][WARNING] - A browser is already opened. Closing browser and opening a new one

2019-07-09 18:28:39 - [MESSAGE][INFO] - Starting 'Remote' driver

2019-07-09 18:28:39 - [MESSAGE][INFO] - User set preference: ['os', 'Windows']

2019-07-09 18:28:39 - [MESSAGE][INFO] - User set preference: ['os_version', '10']

2019-07-09 18:28:39 - [MESSAGE][INFO] - User set preference: ['browser', 'Chrome']

2019-07-09 18:28:39 - [MESSAGE][INFO] - User set preference: ['browser_version', '75.0']

2019-07-09 18:28:39 - [MESSAGE][INFO] - User set preference: ['resolution', '1280x1024']

2019-07-09 18:28:39 - [MESSAGE][INFO] - User set preference: ['browserstack.local', 'false']

2019-07-09 18:28:39 - [MESSAGE][INFO] - Connecting to remote web server 'https://dianatest3:Z3oqw9ysqTeRQJq5wFCp@hub-cloud.browserstack.com/wd/hub' with type 'Selenium'

2019-07-09 18:28:45 - [MESSAGE][PASSED] - Browser is opened with url: ''

2019-07-09 18:28:45 - [TEST_STEP][PASSED] - navigateToUrl("https://apollo-fireball.myshopify.com/?_ab=0&_fd=0&_sc=1&key=96c2edace7b9967f3a77c2e2b131937136039831e9ec35f31598610005fa8795&preview_theme_id=46803124304"): Navigate to 'https://apollo-fireball.myshopify.com/?_ab=0&_fd=0&_sc=1&key=96c2edace7b9967f3a77c2e2b131937136039831e9ec35f31598610005fa8795&preview_theme_id=46803124304' successfully

2019-07-09 18:28:52 - [MESSAGE][PASSED] - Navigate to 'https://apollo-fireball.myshopify.com/?_ab=0&_fd=0&_sc=1&key=96c2edace7b9967f3a77c2e2b131937136039831e9ec35f31598610005fa8795&preview_theme_id=46803124304' successfully

2019-07-09 18:28:52 - [TEST_STEP][PASSED] - executeJavaScript("var previewBar = document.getElementById("preview-bar-iframe"); previewBar.style.display = "none";", []): Execute JavaScript 'var previewBar = document.getElementById("preview-bar-iframe"); previewBar.style.display = "none";' successfully

2019-07-09 18:28:53 - [MESSAGE][PASSED] - Execute JavaScript 'var previewBar = document.getElementById("preview-bar-iframe"); previewBar.style.display = "none";' successfully

2019-07-09 18:28:53 - [TEST_STEP][PASSED] - maximizeWindow(): Current window maximized

2019-07-09 18:28:55 - [MESSAGE][PASSED] - Current window maximized

2019-07-09 18:28:55 - [MESSAGE][PASSED] - Call Test Case 'Test Cases/CALL - URL' successfully

2019-07-09 18:28:55 - [TEST_STEP][PASSED] - delay(2): Delayed 2 second(s)

2019-07-09 18:28:57 - [MESSAGE][PASSED] - Delayed 2 second(s)

2019-07-09 18:28:57 - [TEST_STEP][PASSED] - click(findTestObject("APOLLO- Desktop/Home page/Search input")): Object: 'Object Repository/APOLLO- Desktop/Home page/Search input' is clicked on

2019-07-09 18:28:57 - [MESSAGE][PASSED] - Object: 'Object Repository/APOLLO- Desktop/Home page/Search input' is clicked on

2019-07-09 18:28:57 - [TEST_STEP][PASSED] - delay(1): Delayed 1 second(s)

2019-07-09 18:28:58 - [MESSAGE][PASSED] - Delayed 1 second(s)

2019-07-09 18:28:58 - [TEST_STEP][PASSED] - setText(findTestObject("APOLLO- Desktop/Home page/Search input box to enter"), "Chicken"): Text 'Chicken' is set on object 'Object Repository/APOLLO- Desktop/Home page/Search input box to enter'

2019-07-09 18:29:00 - [MESSAGE][PASSED] - Text 'Chicken' is set on object 'Object Repository/APOLLO- Desktop/Home page/Search input box to enter'

2019-07-09 18:29:00 - [TEST_STEP][PASSED] - delay(1): Delayed 1 second(s)

2019-07-09 18:29:01 - [MESSAGE][PASSED] - Delayed 1 second(s)

2019-07-09 18:29:01 - [TEST_STEP][PASSED] - click(findTestObject("APOLLO- Desktop/Home page/2nd product - search flyout")): Object: 'Object Repository/APOLLO- Desktop/Home page/2nd product - search flyout' is clicked on

2019-07-09 18:29:05 - [MESSAGE][PASSED] - Object: 'Object Repository/APOLLO- Desktop/Home page/2nd product - search flyout' is clicked on

2019-07-09 18:29:05 - [TEST_STEP][PASSED] - delay(2): Delayed 2 second(s)

2019-07-09 18:29:07 - [MESSAGE][PASSED] - Delayed 2 second(s)

2019-07-09 18:29:07 - [TEST_STEP][PASSED] - click(findTestObject("APOLLO- Desktop/Product page/1 piece"), CONTINUE_ON_FAILURE): Object: 'Object Repository/APOLLO- Desktop/Product page/1 piece' is clicked on

2019-07-09 18:29:07 - [MESSAGE][PASSED] - Object: 'Object Repository/APOLLO- Desktop/Product page/1 piece' is clicked on

2019-07-09 18:29:07 - [TEST_STEP][PASSED] - delay(2): Delayed 2 second(s)

2019-07-09 18:29:09 - [MESSAGE][PASSED] - Delayed 2 second(s)

2019-07-09 18:29:09 - [TEST_STEP][PASSED] - click(findTestObject("APOLLO- Desktop/Product page/Add to bag")): Object: 'Object Repository/APOLLO- Desktop/Product page/Add to bag' is clicked on

2019-07-09 18:29:10 - [MESSAGE][PASSED] - Object: 'Object Repository/APOLLO- Desktop/Product page/Add to bag' is clicked on

2019-07-09 18:29:10 - [TEST_STEP][PASSED] - delay(2): Delayed 2 second(s)

2019-07-09 18:29:12 - [MESSAGE][PASSED] - Delayed 2 second(s)

2019-07-09 18:29:12 - [TEST_STEP][PASSED] - click(findTestObject("APOLLO- Desktop/Cart flyout/Cart collapse")): Object: 'Object Repository/APOLLO- Desktop/Cart flyout/Cart collapse' is clicked on

2019-07-09 18:29:12 - [MESSAGE][PASSED] - Object: 'Object Repository/APOLLO- Desktop/Cart flyout/Cart collapse' is clicked on

2019-07-09 18:29:12 - [TEST_STEP][PASSED] - delay(2): Delayed 2 second(s)

2019-07-09 18:29:14 - [MESSAGE][PASSED] - Delayed 2 second(s)

2019-07-09 18:29:14 - [TEST_STEP][PASSED] - click(findTestObject("APOLLO- Desktop/Product page/2 piece"), CONTINUE_ON_FAILURE): Object: 'Object Repository/APOLLO- Desktop/Product page/2 piece' is clicked on

2019-07-09 18:29:15 - [MESSAGE][PASSED] - Object: 'Object Repository/APOLLO- Desktop/Product page/2 piece' is clicked on

2019-07-09 18:29:15 - [TEST_STEP][PASSED] - delay(2): Delayed 2 second(s)

2019-07-09 18:29:17 - [MESSAGE][PASSED] - Delayed 2 second(s)

2019-07-09 18:29:17 - [TEST_STEP][PASSED] - click(findTestObject("APOLLO- Desktop/Product page/Add to bag")): Object: 'Object Repository/APOLLO- Desktop/Product page/Add to bag' is clicked on

2019-07-09 18:29:17 - [MESSAGE][PASSED] - Object: 'Object Repository/APOLLO- Desktop/Product page/Add to bag' is clicked on

2019-07-09 18:29:17 - [TEST_STEP][PASSED] - delay(2): Delayed 2 second(s)

2019-07-09 18:29:19 - [MESSAGE][PASSED] - Delayed 2 second(s)

2019-07-09 18:29:19 - [TEST_STEP][PASSED] - click(findTestObject("APOLLO- Desktop/Cart flyout/Cart collapse")): Object: 'Object Repository/APOLLO- Desktop/Cart flyout/Cart collapse' is clicked on

2019-07-09 18:29:20 - [MESSAGE][PASSED] - Object: 'Object Repository/APOLLO- Desktop/Cart flyout/Cart collapse' is clicked on

2019-07-09 18:29:20 - [TEST_STEP][PASSED] - delay(2): Delayed 2 second(s)

2019-07-09 18:29:22 - [MESSAGE][PASSED] - Delayed 2 second(s)

2019-07-09 18:29:22 - [TEST_STEP][PASSED] - click(findTestObject("APOLLO- Desktop/Product page/3 piece"), CONTINUE_ON_FAILURE): Object: 'Object Repository/APOLLO- Desktop/Product page/3 piece' is clicked on

2019-07-09 18:29:22 - [MESSAGE][PASSED] - Object: 'Object Repository/APOLLO- Desktop/Product page/3 piece' is clicked on

2019-07-09 18:29:22 - [TEST_STEP][PASSED] - delay(2): Delayed 2 second(s)

2019-07-09 18:29:24 - [MESSAGE][PASSED] - Delayed 2 second(s)

2019-07-09 18:29:24 - [TEST_STEP][PASSED] - click(findTestObject("APOLLO- Desktop/Product page/Add to bag - Copy")): Object: 'Object Repository/APOLLO- Desktop/Product page/Add to bag - Copy' is clicked on

2019-07-09 18:29:25 - [MESSAGE][PASSED] - Object: 'Object Repository/APOLLO- Desktop/Product page/Add to bag - Copy' is clicked on

2019-07-09 18:29:25 - [TEST_STEP][PASSED] - delay(2): Delayed 2 second(s)

2019-07-09 18:29:27 - [MESSAGE][PASSED] - Delayed 2 second(s)

2019-07-09 18:29:27 - [TEST_STEP][PASSED] - click(findTestObject("APOLLO- Desktop/Cart flyout/Cart collapse")): Object: 'Object Repository/APOLLO- Desktop/Cart flyout/Cart collapse' is clicked on

2019-07-09 18:29:27 - [MESSAGE][PASSED] - Object: 'Object Repository/APOLLO- Desktop/Cart flyout/Cart collapse' is clicked on

2019-07-09 18:29:27 - [TEST_STEP][PASSED] - delay(2): Delayed 2 second(s)

2019-07-09 18:29:29 - [MESSAGE][PASSED] - Delayed 2 second(s)

2019-07-09 18:29:29 - [TEST_STEP][PASSED] - click(findTestObject("APOLLO- Desktop/Product page/4 piece"), CONTINUE_ON_FAILURE): Object: 'Object Repository/APOLLO- Desktop/Product page/4 piece' is clicked on

2019-07-09 18:29:30 - [MESSAGE][PASSED] - Object: 'Object Repository/APOLLO- Desktop/Product page/4 piece' is clicked on

2019-07-09 18:29:30 - [TEST_STEP][PASSED] - delay(2): Delayed 2 second(s)

2019-07-09 18:29:32 - [MESSAGE][PASSED] - Delayed 2 second(s)

2019-07-09 18:29:32 - [TEST_STEP][FAILED] - click(findTestObject("APOLLO- Desktop/Product page/Add to bag - Copy"), CONTINUE_ON_FAILURE): Unable to click on object 'Object Repository/APOLLO- Desktop/Product page/Add to bag - Copy' (Root cause: com.kms.katalon.core.webui.exception.WebElementNotFoundException: Web element with id: 'Object Repository/APOLLO- Desktop/Product page/Add to bag - Copy' located by 'By.xpath: //button[@class='o-btn o-btn--large o-btn--secondary js-product-atc'][count(. | //button[(text() = 'Add to bag' or . = 'Add to bag')]) = count(//button[(text() = 'Add to bag' or . = 'Add to bag')])]' not found)

2019-07-09 18:30:09 - [MESSAGE][INFO] - Unable to find the element located by 'By.xpath: //button[@class='o-btn o-btn--large o-btn--secondary js-product-atc'][count(. | //button[(text() = 'Add to bag' or . = 'Add to bag')]) = count(//button[(text() = 'Add to bag' or . = 'Add to bag')])]'. Please recheck the objects properties to make sure the desired element is located. 

2019-07-09 18:30:11 - [MESSAGE][FAILED] - Unable to click on object 'Object Repository/APOLLO- Desktop/Product page/Add to bag - Copy' (Root cause: com.kms.katalon.core.webui.exception.WebElementNotFoundException: Web element with id: 'Object Repository/APOLLO- Desktop/Product page/Add to bag - Copy' located by 'By.xpath: //button[@class='o-btn o-btn--large o-btn--secondary js-product-atc'][count(. | //button[(text() = 'Add to bag' or . = 'Add to bag')]) = count(//button[(text() = 'Add to bag' or . = 'Add to bag')])]' not found)
[[ATTACHMENT|/Users/sumankompelly/Katalon Studio/APOLLO - FIRE/APOLLO - FIRE- DESKTOP/Reports/0.5.5/20190709_175214/1562711409566.png]]

2019-07-09 18:30:11 - [TEST_STEP][PASSED] - delay(2): Delayed 2 second(s)

2019-07-09 18:30:13 - [MESSAGE][PASSED] - Delayed 2 second(s)

2019-07-09 18:30:13 - [TEST_STEP][PASSED] - executeJavaScript("var previewBar = document.getElementById("preview-bar-iframe"); previewBar.style.display = "none";", []): Execute JavaScript 'var previewBar = document.getElementById("preview-bar-iframe"); previewBar.style.display = "none";' successfully

2019-07-09 18:30:14 - [MESSAGE][PASSED] - Execute JavaScript 'var previewBar = document.getElementById("preview-bar-iframe"); previewBar.style.display = "none";' successfully

2019-07-09 18:30:14 - [TEST_STEP][PASSED] - click(findTestObject("APOLLO- Desktop/Home page/cart icon open")): Object: 'Object Repository/APOLLO- Desktop/Home page/cart icon open' is clicked on

2019-07-09 18:30:14 - [MESSAGE][PASSED] - Object: 'Object Repository/APOLLO- Desktop/Home page/cart icon open' is clicked on

2019-07-09 18:30:14 - [TEST_STEP][PASSED] - delay(2): Delayed 2 second(s)

2019-07-09 18:30:16 - [MESSAGE][PASSED] - Delayed 2 second(s)

2019-07-09 18:30:16 - [TEST_STEP][PASSED] - click(findTestObject("APOLLO- Desktop/Cart flyout/Checkout")): Object: 'Object Repository/APOLLO- Desktop/Cart flyout/Checkout' is clicked on

2019-07-09 18:30:23 - [MESSAGE][PASSED] - Object: 'Object Repository/APOLLO- Desktop/Cart flyout/Checkout' is clicked on

2019-07-09 18:30:23 - [TEST_STEP][PASSED] - delay(1): Delayed 1 second(s)

2019-07-09 18:30:24 - [MESSAGE][PASSED] - Delayed 1 second(s)

2019-07-09 18:30:24 - [TEST_STEP][PASSED] - callTestCase(findTestCase("CALL- CUSTOMER INFO PAGE"), [:], STOP_ON_FAILURE): Call Test Case 'Test Cases/CALL- CUSTOMER INFO PAGE' successfully

2019-07-09 18:30:24 - [TEST_CASE][PASSED] - Test Cases/CALL- CUSTOMER INFO PAGE: Test Cases/CALL- CUSTOMER INFO PAGE

2019-07-09 18:30:24 - [TEST_STEP][PASSED] - delay(2): Delayed 2 second(s)

2019-07-09 18:30:26 - [MESSAGE][PASSED] - Delayed 2 second(s)

2019-07-09 18:30:26 - [TEST_STEP][PASSED] - executeJavaScript("var previewBar = document.getElementById("preview-bar-iframe"); previewBar.style.display = "none";", []): Execute JavaScript 'var previewBar = document.getElementById("preview-bar-iframe"); previewBar.style.display = "none";' successfully

2019-07-09 18:30:26 - [MESSAGE][PASSED] - Execute JavaScript 'var previewBar = document.getElementById("preview-bar-iframe"); previewBar.style.display = "none";' successfully

2019-07-09 18:30:26 - [TEST_STEP][PASSED] - setText(findTestObject("APOLLO- Desktop/Customer Information page/Email"), "suman@gmail.com"): Text 'suman@gmail.com' is set on object 'Object Repository/APOLLO- Desktop/Customer Information page/Email'

2019-07-09 18:30:28 - [MESSAGE][PASSED] - Text 'suman@gmail.com' is set on object 'Object Repository/APOLLO- Desktop/Customer Information page/Email'

2019-07-09 18:30:28 - [TEST_STEP][PASSED] - delay(2): Delayed 2 second(s)

2019-07-09 18:30:30 - [MESSAGE][PASSED] - Delayed 2 second(s)

2019-07-09 18:30:30 - [TEST_STEP][PASSED] - setText(findTestObject("APOLLO- Desktop/Customer Information page/First name"), "suman"): Text 'suman' is set on object 'Object Repository/APOLLO- Desktop/Customer Information page/First name'

2019-07-09 18:30:30 - [MESSAGE][PASSED] - Text 'suman' is set on object 'Object Repository/APOLLO- Desktop/Customer Information page/First name'

2019-07-09 18:30:30 - [TEST_STEP][PASSED] - delay(2): Delayed 2 second(s)

2019-07-09 18:30:32 - [MESSAGE][PASSED] - Delayed 2 second(s)

2019-07-09 18:30:32 - [TEST_STEP][PASSED] - setText(findTestObject("APOLLO- Desktop/Customer Information page/Last name"), "kompelly"): Text 'kompelly' is set on object 'Object Repository/APOLLO- Desktop/Customer Information page/Last name'

2019-07-09 18:30:33 - [MESSAGE][PASSED] - Text 'kompelly' is set on object 'Object Repository/APOLLO- Desktop/Customer Information page/Last name'

2019-07-09 18:30:33 - [TEST_STEP][PASSED] - delay(2): Delayed 2 second(s)

2019-07-09 18:30:35 - [MESSAGE][PASSED] - Delayed 2 second(s)

2019-07-09 18:30:35 - [TEST_STEP][PASSED] - setText(findTestObject("APOLLO- Desktop/Customer Information page/Address"), "1435 st alxendre"): Text '1435 st alxendre' is set on object 'Object Repository/APOLLO- Desktop/Customer Information page/Address'

2019-07-09 18:30:36 - [MESSAGE][PASSED] - Text '1435 st alxendre' is set on object 'Object Repository/APOLLO- Desktop/Customer Information page/Address'

2019-07-09 18:30:36 - [TEST_STEP][PASSED] - setText(findTestObject("APOLLO- Desktop/Customer Information page/Apartment"), "220"): Text '220' is set on object 'Object Repository/APOLLO- Desktop/Customer Information page/Apartment'

2019-07-09 18:30:37 - [MESSAGE][PASSED] - Text '220' is set on object 'Object Repository/APOLLO- Desktop/Customer Information page/Apartment'

2019-07-09 18:30:37 - [TEST_STEP][PASSED] - setText(findTestObject("APOLLO- Desktop/Customer Information page/City"), "montreal"): Text 'montreal' is set on object 'Object Repository/APOLLO- Desktop/Customer Information page/City'

2019-07-09 18:30:37 - [MESSAGE][PASSED] - Text 'montreal' is set on object 'Object Repository/APOLLO- Desktop/Customer Information page/City'

2019-07-09 18:30:37 - [TEST_STEP][PASSED] - selectOptionByValue(findTestObject("APOLLO- Desktop/Customer Information page/Country dropdown"), "United States", true): All options with value 'United States' are selected in object 'Object Repository/APOLLO- Desktop/Customer Information page/Country dropdown'  using regular expression

2019-07-09 18:31:23 - [MESSAGE][PASSED] - All options with value 'United States' are selected in object 'Object Repository/APOLLO- Desktop/Customer Information page/Country dropdown'  using regular expression

2019-07-09 18:31:23 - [TEST_STEP][PASSED] - selectOptionByValue(findTestObject("APOLLO- Desktop/Customer Information page/states dropdown"), "NJ", true): All options with value 'NJ' are selected in object 'Object Repository/APOLLO- Desktop/Customer Information page/states dropdown'  using regular expression

2019-07-09 18:31:33 - [MESSAGE][PASSED] - All options with value 'NJ' are selected in object 'Object Repository/APOLLO- Desktop/Customer Information page/states dropdown'  using regular expression

2019-07-09 18:31:33 - [TEST_STEP][PASSED] - setText(findTestObject("APOLLO- Desktop/Customer Information page/ZIP code"), "07057"): Text '07057' is set on object 'Object Repository/APOLLO- Desktop/Customer Information page/ZIP code'

2019-07-09 18:31:34 - [MESSAGE][PASSED] - Text '07057' is set on object 'Object Repository/APOLLO- Desktop/Customer Information page/ZIP code'

2019-07-09 18:31:34 - [MESSAGE][PASSED] - Call Test Case 'Test Cases/CALL- CUSTOMER INFO PAGE' successfully

2019-07-09 18:31:34 - [TEST_STEP][FAILED] - callTestCase(findTestCase("CALL - SHIPPING TO PAYMENT"), [:], STOP_ON_FAILURE): callTestCase(findTestCase("CALL - SHIPPING TO PAYMENT"), [:], STOP_ON_FAILURE) FAILED.
Reason:
com.kms.katalon.core.exception.StepFailedException: Unable to click on object 'Object Repository/APOLLO- Desktop/Product page/Add to bag - Copy' (Root cause: com.kms.katalon.core.webui.exception.WebElementNotFoundException: Web element with id: 'Object Repository/APOLLO- Desktop/Product page/Add to bag - Copy' located by 'By.xpath: //button[@class='o-btn o-btn--large o-btn--secondary js-product-atc'][count(. | //button[(text() = 'Add to bag' or . = 'Add to bag')]) = count(//button[(text() = 'Add to bag' or . = 'Add to bag')])]' not found)
	at com.kms.katalon.core.keyword.internal.KeywordMain.stepFailed(KeywordMain.groovy:32)
	at com.kms.katalon.core.webui.keyword.internal.WebUIKeywordMain.stepFailed(WebUIKeywordMain.groovy:65)
	at com.kms.katalon.core.webui.keyword.internal.WebUIKeywordMain.runKeyword(WebUIKeywordMain.groovy:27)
	at com.kms.katalon.core.webui.keyword.builtin.ClickKeyword.click(ClickKeyword.groovy:86)
	at com.kms.katalon.core.webui.keyword.builtin.ClickKeyword.execute(ClickKeyword.groovy:67)
	at com.kms.katalon.core.keyword.internal.KeywordExecutor.executeKeywordForPlatform(KeywordExecutor.groovy:53)
	at com.kms.katalon.core.webui.keyword.WebUiBuiltInKeywords.click(WebUiBuiltInKeywords.groovy:604)
	at com.kms.katalon.core.webui.keyword.WebUiBuiltInKeywords$click$18.call(Unknown Source)
	at Adding product - Search flyout.run(Adding product - Search flyout:72)
	at com.kms.katalon.core.main.ScriptEngine.run(ScriptEngine.java:194)
	at com.kms.katalon.core.main.ScriptEngine.runScriptAsRawText(ScriptEngine.java:119)
	at com.kms.katalon.core.main.TestCaseExecutor.runScript(TestCaseExecutor.java:328)
	at com.kms.katalon.core.main.TestCaseExecutor.doExecute(TestCaseExecutor.java:319)
	at com.kms.katalon.core.main.TestCaseExecutor.processExecutionPhase(TestCaseExecutor.java:298)
	at com.kms.katalon.core.main.TestCaseExecutor.accessMainPhase(TestCaseExecutor.java:290)
	at com.kms.katalon.core.main.TestCaseExecutor.execute(TestCaseExecutor.java:224)
	at com.kms.katalon.core.main.TestSuiteExecutor.accessTestCaseMainPhase(TestSuiteExecutor.java:129)
	at com.kms.katalon.core.main.TestSuiteExecutor.accessTestSuiteMainPhase(TestSuiteExecutor.java:112)
	at com.kms.katalon.core.main.TestSuiteExecutor.execute(TestSuiteExecutor.java:81)
	at com.kms.katalon.core.main.TestCaseMain.startTestSuite(TestCaseMain.java:149)
	at com.kms.katalon.core.main.TestCaseMain$startTestSuite$0.call(Unknown Source)
	at TempTestSuite1562709134358.run(TempTestSuite1562709134358.groovy:36)


2019-07-09 18:31:34 - [TEST_CASE][PASSED] - Test Cases/CALL - SHIPPING TO PAYMENT: Test Cases/CALL - SHIPPING TO PAYMENT

2019-07-09 18:31:34 - [TEST_STEP][PASSED] - click(findTestObject("APOLLO- Desktop/Customer Information page/Continue to shipping")): Object: 'Object Repository/APOLLO- Desktop/Customer Information page/Continue to shipping' is clicked on

2019-07-09 18:31:37 - [MESSAGE][PASSED] - Object: 'Object Repository/APOLLO- Desktop/Customer Information page/Continue to shipping' is clicked on

2019-07-09 18:31:37 - [TEST_STEP][PASSED] - executeJavaScript("var previewBar = document.getElementById("preview-bar-iframe"); previewBar.style.display = "none";", []): Execute JavaScript 'var previewBar = document.getElementById("preview-bar-iframe"); previewBar.style.display = "none";' successfully

2019-07-09 18:31:37 - [MESSAGE][PASSED] - Execute JavaScript 'var previewBar = document.getElementById("preview-bar-iframe"); previewBar.style.display = "none";' successfully

2019-07-09 18:31:37 - [TEST_STEP][PASSED] - click(findTestObject("APOLLO- Desktop/Shipping page/Radio button check")): Object: 'Object Repository/APOLLO- Desktop/Shipping page/Radio button check' is clicked on

2019-07-09 18:31:38 - [MESSAGE][PASSED] - Object: 'Object Repository/APOLLO- Desktop/Shipping page/Radio button check' is clicked on

2019-07-09 18:31:38 - [TEST_STEP][PASSED] - executeJavaScript("var previewBar = document.getElementById("preview-bar-iframe"); previewBar.style.display = "none";", []): Execute JavaScript 'var previewBar = document.getElementById("preview-bar-iframe"); previewBar.style.display = "none";' successfully

2019-07-09 18:31:38 - [MESSAGE][PASSED] - Execute JavaScript 'var previewBar = document.getElementById("preview-bar-iframe"); previewBar.style.display = "none";' successfully

2019-07-09 18:31:38 - [TEST_STEP][PASSED] - click(findTestObject("APOLLO- Desktop/Shipping page/Continue to payment")): Object: 'Object Repository/APOLLO- Desktop/Shipping page/Continue to payment' is clicked on

2019-07-09 18:31:41 - [MESSAGE][PASSED] - Object: 'Object Repository/APOLLO- Desktop/Shipping page/Continue to payment' is clicked on

2019-07-09 18:31:41 - [TEST_STEP][PASSED] - executeJavaScript("var previewBar = document.getElementById("preview-bar-iframe"); previewBar.style.display = "none";", []): Execute JavaScript 'var previewBar = document.getElementById("preview-bar-iframe"); previewBar.style.display = "none";' successfully

2019-07-09 18:31:41 - [MESSAGE][PASSED] - Execute JavaScript 'var previewBar = document.getElementById("preview-bar-iframe"); previewBar.style.display = "none";' successfully

2019-07-09 18:31:41 - [TEST_STEP][PASSED] - verifyTextPresent("Payment", false): Text 'Payment' is present on page 

2019-07-09 18:31:42 - [MESSAGE][PASSED] - Text 'Payment' is present on page 

2019-07-09 18:31:42 - [MESSAGE][PASSED] - Call Test Case 'Test Cases/CALL - SHIPPING TO PAYMENT' successfully

2019-07-09 18:31:42 - [MESSAGE][FAILED] - callTestCase(findTestCase("CALL - SHIPPING TO PAYMENT"), [:], STOP_ON_FAILURE) FAILED.
Reason:
com.kms.katalon.core.exception.StepFailedException: Unable to click on object 'Object Repository/APOLLO- Desktop/Product page/Add to bag - Copy' (Root cause: com.kms.katalon.core.webui.exception.WebElementNotFoundException: Web element with id: 'Object Repository/APOLLO- Desktop/Product page/Add to bag - Copy' located by 'By.xpath: //button[@class='o-btn o-btn--large o-btn--secondary js-product-atc'][count(. | //button[(text() = 'Add to bag' or . = 'Add to bag')]) = count(//button[(text() = 'Add to bag' or . = 'Add to bag')])]' not found)
	at com.kms.katalon.core.keyword.internal.KeywordMain.stepFailed(KeywordMain.groovy:32)
	at com.kms.katalon.core.webui.keyword.internal.WebUIKeywordMain.stepFailed(WebUIKeywordMain.groovy:65)
	at com.kms.katalon.core.webui.keyword.internal.WebUIKeywordMain.runKeyword(WebUIKeywordMain.groovy:27)
	at com.kms.katalon.core.webui.keyword.builtin.ClickKeyword.click(ClickKeyword.groovy:86)
	at com.kms.katalon.core.webui.keyword.builtin.ClickKeyword.execute(ClickKeyword.groovy:67)
	at com.kms.katalon.core.keyword.internal.KeywordExecutor.executeKeywordForPlatform(KeywordExecutor.groovy:53)
	at com.kms.katalon.core.webui.keyword.WebUiBuiltInKeywords.click(WebUiBuiltInKeywords.groovy:604)
	at com.kms.katalon.core.webui.keyword.WebUiBuiltInKeywords$click$18.call(Unknown Source)
	at Adding product - Search flyout.run(Adding product - Search flyout:72)
	at com.kms.katalon.core.main.ScriptEngine.run(ScriptEngine.java:194)
	at com.kms.katalon.core.main.ScriptEngine.runScriptAsRawText(ScriptEngine.java:119)
	at com.kms.katalon.core.main.TestCaseExecutor.runScript(TestCaseExecutor.java:328)
	at com.kms.katalon.core.main.TestCaseExecutor.doExecute(TestCaseExecutor.java:319)
	at com.kms.katalon.core.main.TestCaseExecutor.processExecutionPhase(TestCaseExecutor.java:298)
	at com.kms.katalon.core.main.TestCaseExecutor.accessMainPhase(TestCaseExecutor.java:290)
	at com.kms.katalon.core.main.TestCaseExecutor.execute(TestCaseExecutor.java:224)
	at com.kms.katalon.core.main.TestSuiteExecutor.accessTestCaseMainPhase(TestSuiteExecutor.java:129)
	at com.kms.katalon.core.main.TestSuiteExecutor.accessTestSuiteMainPhase(TestSuiteExecutor.java:112)
	at com.kms.katalon.core.main.TestSuiteExecutor.execute(TestSuiteExecutor.java:81)
	at com.kms.katalon.core.main.TestCaseMain.startTestSuite(TestCaseMain.java:149)
	at com.kms.katalon.core.main.TestCaseMain$startTestSuite$0.call(Unknown Source)
	at TempTestSuite1562709134358.run(TempTestSuite1562709134358.groovy:36)]]></system-out>
         <system-err><![CDATA[2019-07-09 18:28:37 - [TEST_CASE][FAILED] - Test Cases/CRITICAL PATH/Adding product - Search flyout: Test Cases/CRITICAL PATH/Adding product - Search flyout FAILED.
Reason:
com.kms.katalon.core.exception.StepFailedException: Unable to click on object 'Object Repository/APOLLO- Desktop/Product page/Add to bag - Copy' (Root cause: com.kms.katalon.core.webui.exception.WebElementNotFoundException: Web element with id: 'Object Repository/APOLLO- Desktop/Product page/Add to bag - Copy' located by 'By.xpath: //button[@class='o-btn o-btn--large o-btn--secondary js-product-atc'][count(. | //button[(text() = 'Add to bag' or . = 'Add to bag')]) = count(//button[(text() = 'Add to bag' or . = 'Add to bag')])]' not found)
	at com.kms.katalon.core.keyword.internal.KeywordMain.stepFailed(KeywordMain.groovy:32)
	at com.kms.katalon.core.webui.keyword.internal.WebUIKeywordMain.stepFailed(WebUIKeywordMain.groovy:65)
	at com.kms.katalon.core.webui.keyword.internal.WebUIKeywordMain.runKeyword(WebUIKeywordMain.groovy:27)
	at com.kms.katalon.core.webui.keyword.builtin.ClickKeyword.click(ClickKeyword.groovy:86)
	at com.kms.katalon.core.webui.keyword.builtin.ClickKeyword.execute(ClickKeyword.groovy:67)
	at com.kms.katalon.core.keyword.internal.KeywordExecutor.executeKeywordForPlatform(KeywordExecutor.groovy:53)
	at com.kms.katalon.core.webui.keyword.WebUiBuiltInKeywords.click(WebUiBuiltInKeywords.groovy:604)
	at com.kms.katalon.core.webui.keyword.WebUiBuiltInKeywords$click$18.call(Unknown Source)
	at Adding product - Search flyout.run(Adding product - Search flyout:72)
	at com.kms.katalon.core.main.ScriptEngine.run(ScriptEngine.java:194)
	at com.kms.katalon.core.main.ScriptEngine.runScriptAsRawText(ScriptEngine.java:119)
	at com.kms.katalon.core.main.TestCaseExecutor.runScript(TestCaseExecutor.java:328)
	at com.kms.katalon.core.main.TestCaseExecutor.doExecute(TestCaseExecutor.java:319)
	at com.kms.katalon.core.main.TestCaseExecutor.processExecutionPhase(TestCaseExecutor.java:298)
	at com.kms.katalon.core.main.TestCaseExecutor.accessMainPhase(TestCaseExecutor.java:290)
	at com.kms.katalon.core.main.TestCaseExecutor.execute(TestCaseExecutor.java:224)
	at com.kms.katalon.core.main.TestSuiteExecutor.accessTestCaseMainPhase(TestSuiteExecutor.java:129)
	at com.kms.katalon.core.main.TestSuiteExecutor.accessTestSuiteMainPhase(TestSuiteExecutor.java:112)
	at com.kms.katalon.core.main.TestSuiteExecutor.execute(TestSuiteExecutor.java:81)
	at com.kms.katalon.core.main.TestCaseMain.startTestSuite(TestCaseMain.java:149)
	at com.kms.katalon.core.main.TestCaseMain$startTestSuite$0.call(Unknown Source)
	at TempTestSuite1562709134358.run(TempTestSuite1562709134358.groovy:36)]]></system-err>
      </testcase>
      <testcase name="Test Cases/CRITICAL PATH/Adding product - home page" classname="Test Cases/CRITICAL PATH/Adding product - home page" status="PASSED">
         <system-out><![CDATA[2019-07-09 18:31:42 - [TEST_CASE][PASSED] - Test Cases/CRITICAL PATH/Adding product - home page: Test Cases/CRITICAL PATH/Adding product - home page

2019-07-09 18:31:42 - [TEST_STEP][PASSED] - callTestCase(findTestCase("CALL - URL"), [:], STOP_ON_FAILURE): Call Test Case 'Test Cases/CALL - URL' successfully

2019-07-09 18:31:42 - [TEST_CASE][PASSED] - Test Cases/CALL - URL: Test Cases/CALL - URL

2019-07-09 18:31:42 - [TEST_STEP][PASSED] - openBrowser(""): Browser is opened with url: ''

2019-07-09 18:31:42 - [MESSAGE][WARNING] - A browser is already opened. Closing browser and opening a new one

2019-07-09 18:31:44 - [MESSAGE][INFO] - Starting 'Remote' driver

2019-07-09 18:31:44 - [MESSAGE][INFO] - User set preference: ['os', 'Windows']

2019-07-09 18:31:44 - [MESSAGE][INFO] - User set preference: ['os_version', '10']

2019-07-09 18:31:44 - [MESSAGE][INFO] - User set preference: ['browser', 'Chrome']

2019-07-09 18:31:44 - [MESSAGE][INFO] - User set preference: ['browser_version', '75.0']

2019-07-09 18:31:44 - [MESSAGE][INFO] - User set preference: ['resolution', '1280x1024']

2019-07-09 18:31:44 - [MESSAGE][INFO] - User set preference: ['browserstack.local', 'false']

2019-07-09 18:31:44 - [MESSAGE][INFO] - Connecting to remote web server 'https://dianatest3:Z3oqw9ysqTeRQJq5wFCp@hub-cloud.browserstack.com/wd/hub' with type 'Selenium'

2019-07-09 18:31:50 - [MESSAGE][PASSED] - Browser is opened with url: ''

2019-07-09 18:31:50 - [TEST_STEP][PASSED] - navigateToUrl("https://apollo-fireball.myshopify.com/?_ab=0&_fd=0&_sc=1&key=96c2edace7b9967f3a77c2e2b131937136039831e9ec35f31598610005fa8795&preview_theme_id=46803124304"): Navigate to 'https://apollo-fireball.myshopify.com/?_ab=0&_fd=0&_sc=1&key=96c2edace7b9967f3a77c2e2b131937136039831e9ec35f31598610005fa8795&preview_theme_id=46803124304' successfully

2019-07-09 18:31:56 - [MESSAGE][PASSED] - Navigate to 'https://apollo-fireball.myshopify.com/?_ab=0&_fd=0&_sc=1&key=96c2edace7b9967f3a77c2e2b131937136039831e9ec35f31598610005fa8795&preview_theme_id=46803124304' successfully

2019-07-09 18:31:56 - [TEST_STEP][PASSED] - executeJavaScript("var previewBar = document.getElementById("preview-bar-iframe"); previewBar.style.display = "none";", []): Execute JavaScript 'var previewBar = document.getElementById("preview-bar-iframe"); previewBar.style.display = "none";' successfully

2019-07-09 18:31:56 - [MESSAGE][PASSED] - Execute JavaScript 'var previewBar = document.getElementById("preview-bar-iframe"); previewBar.style.display = "none";' successfully

2019-07-09 18:31:56 - [TEST_STEP][PASSED] - maximizeWindow(): Current window maximized

2019-07-09 18:31:58 - [MESSAGE][PASSED] - Current window maximized

2019-07-09 18:31:58 - [MESSAGE][PASSED] - Call Test Case 'Test Cases/CALL - URL' successfully

2019-07-09 18:31:58 - [TEST_STEP][PASSED] - scrollToElement(findTestObject("APOLLO- Desktop/Home page/Collection - sides"), 0): Scroll to object 'Object Repository/APOLLO- Desktop/Home page/Collection - sides' successfully

2019-07-09 18:31:58 - [MESSAGE][WARNING] - Timeout '0' is invalid. Using default page load timeout: '30'

2019-07-09 18:31:58 - [MESSAGE][PASSED] - Scroll to object 'Object Repository/APOLLO- Desktop/Home page/Collection - sides' successfully

2019-07-09 18:31:58 - [TEST_STEP][PASSED] - delay(4): Delayed 4 second(s)

2019-07-09 18:32:02 - [MESSAGE][PASSED] - Delayed 4 second(s)

2019-07-09 18:32:02 - [TEST_STEP][PASSED] - mouseOver(findTestObject("APOLLO- Desktop/Home page/Collection - sides")): Object: 'Object Repository/APOLLO- Desktop/Home page/Collection - sides' is hovered

2019-07-09 18:32:03 - [MESSAGE][PASSED] - Object: 'Object Repository/APOLLO- Desktop/Home page/Collection - sides' is hovered

2019-07-09 18:32:03 - [TEST_STEP][PASSED] - delay(1): Delayed 1 second(s)

2019-07-09 18:32:04 - [MESSAGE][PASSED] - Delayed 1 second(s)

2019-07-09 18:32:04 - [TEST_STEP][PASSED] - click(findTestObject("APOLLO- Desktop/Home page/Sides - shop collection")): Object: 'Object Repository/APOLLO- Desktop/Home page/Sides - shop collection' is clicked on

2019-07-09 18:32:07 - [MESSAGE][PASSED] - Object: 'Object Repository/APOLLO- Desktop/Home page/Sides - shop collection' is clicked on

2019-07-09 18:32:07 - [TEST_STEP][PASSED] - executeJavaScript("var previewBar = document.getElementById("preview-bar-iframe"); previewBar.style.display = "none";", []): Execute JavaScript 'var previewBar = document.getElementById("preview-bar-iframe"); previewBar.style.display = "none";' successfully

2019-07-09 18:32:07 - [MESSAGE][PASSED] - Execute JavaScript 'var previewBar = document.getElementById("preview-bar-iframe"); previewBar.style.display = "none";' successfully

2019-07-09 18:32:07 - [TEST_STEP][PASSED] - delay(1): Delayed 1 second(s)

2019-07-09 18:32:08 - [MESSAGE][PASSED] - Delayed 1 second(s)

2019-07-09 18:32:08 - [TEST_STEP][PASSED] - click(findTestObject("APOLLO- Desktop/Collection page/Asparagus salad")): Object: 'Object Repository/APOLLO- Desktop/Collection page/Asparagus salad' is clicked on

2019-07-09 18:32:12 - [MESSAGE][PASSED] - Object: 'Object Repository/APOLLO- Desktop/Collection page/Asparagus salad' is clicked on

2019-07-09 18:32:12 - [TEST_STEP][PASSED] - delay(2): Delayed 2 second(s)

2019-07-09 18:32:14 - [MESSAGE][PASSED] - Delayed 2 second(s)

2019-07-09 18:32:14 - [TEST_STEP][PASSED] - click(findTestObject("APOLLO- Desktop/Adding product - home page/Personal")): Object: 'Object Repository/APOLLO- Desktop/Adding product - home page/Personal' is clicked on

2019-07-09 18:32:15 - [MESSAGE][PASSED] - Object: 'Object Repository/APOLLO- Desktop/Adding product - home page/Personal' is clicked on

2019-07-09 18:32:15 - [TEST_STEP][PASSED] - delay(2): Delayed 2 second(s)

2019-07-09 18:32:17 - [MESSAGE][PASSED] - Delayed 2 second(s)

2019-07-09 18:32:17 - [TEST_STEP][PASSED] - click(findTestObject("APOLLO- Desktop/Product page/Add to bag")): Object: 'Object Repository/APOLLO- Desktop/Product page/Add to bag' is clicked on

2019-07-09 18:32:17 - [MESSAGE][PASSED] - Object: 'Object Repository/APOLLO- Desktop/Product page/Add to bag' is clicked on

2019-07-09 18:32:17 - [TEST_STEP][PASSED] - delay(1): Delayed 1 second(s)

2019-07-09 18:32:18 - [MESSAGE][PASSED] - Delayed 1 second(s)

2019-07-09 18:32:18 - [TEST_STEP][PASSED] - click(findTestObject("APOLLO- Desktop/Cart flyout/Cart collapse")): Object: 'Object Repository/APOLLO- Desktop/Cart flyout/Cart collapse' is clicked on

2019-07-09 18:32:19 - [MESSAGE][PASSED] - Object: 'Object Repository/APOLLO- Desktop/Cart flyout/Cart collapse' is clicked on

2019-07-09 18:32:19 - [TEST_STEP][PASSED] - delay(2): Delayed 2 second(s)

2019-07-09 18:32:21 - [MESSAGE][PASSED] - Delayed 2 second(s)

2019-07-09 18:32:21 - [TEST_STEP][PASSED] - click(findTestObject("APOLLO- Desktop/Adding product - home page/Small")): Object: 'Object Repository/APOLLO- Desktop/Adding product - home page/Small' is clicked on

2019-07-09 18:32:21 - [MESSAGE][PASSED] - Object: 'Object Repository/APOLLO- Desktop/Adding product - home page/Small' is clicked on

2019-07-09 18:32:21 - [TEST_STEP][PASSED] - delay(2): Delayed 2 second(s)

2019-07-09 18:32:23 - [MESSAGE][PASSED] - Delayed 2 second(s)

2019-07-09 18:32:23 - [TEST_STEP][PASSED] - click(findTestObject("APOLLO- Desktop/Product page/Add to bag")): Object: 'Object Repository/APOLLO- Desktop/Product page/Add to bag' is clicked on

2019-07-09 18:32:24 - [MESSAGE][PASSED] - Object: 'Object Repository/APOLLO- Desktop/Product page/Add to bag' is clicked on

2019-07-09 18:32:24 - [TEST_STEP][PASSED] - delay(1): Delayed 1 second(s)

2019-07-09 18:32:25 - [MESSAGE][PASSED] - Delayed 1 second(s)

2019-07-09 18:32:25 - [TEST_STEP][PASSED] - click(findTestObject("APOLLO- Desktop/Cart flyout/Cart collapse")): Object: 'Object Repository/APOLLO- Desktop/Cart flyout/Cart collapse' is clicked on

2019-07-09 18:32:25 - [MESSAGE][PASSED] - Object: 'Object Repository/APOLLO- Desktop/Cart flyout/Cart collapse' is clicked on

2019-07-09 18:32:25 - [TEST_STEP][PASSED] - delay(2): Delayed 2 second(s)

2019-07-09 18:32:27 - [MESSAGE][PASSED] - Delayed 2 second(s)

2019-07-09 18:32:27 - [TEST_STEP][PASSED] - click(findTestObject("APOLLO- Desktop/Adding product - home page/Medium")): Object: 'Object Repository/APOLLO- Desktop/Adding product - home page/Medium' is clicked on

2019-07-09 18:32:28 - [MESSAGE][PASSED] - Object: 'Object Repository/APOLLO- Desktop/Adding product - home page/Medium' is clicked on

2019-07-09 18:32:28 - [TEST_STEP][PASSED] - delay(2): Delayed 2 second(s)

2019-07-09 18:32:30 - [MESSAGE][PASSED] - Delayed 2 second(s)

2019-07-09 18:32:30 - [TEST_STEP][PASSED] - click(findTestObject("APOLLO- Desktop/Product page/Add to bag")): Object: 'Object Repository/APOLLO- Desktop/Product page/Add to bag' is clicked on

2019-07-09 18:32:31 - [MESSAGE][PASSED] - Object: 'Object Repository/APOLLO- Desktop/Product page/Add to bag' is clicked on

2019-07-09 18:32:31 - [TEST_STEP][PASSED] - delay(1): Delayed 1 second(s)

2019-07-09 18:32:32 - [MESSAGE][PASSED] - Delayed 1 second(s)

2019-07-09 18:32:32 - [TEST_STEP][PASSED] - click(findTestObject("APOLLO- Desktop/Cart flyout/Cart collapse")): Object: 'Object Repository/APOLLO- Desktop/Cart flyout/Cart collapse' is clicked on

2019-07-09 18:32:32 - [MESSAGE][PASSED] - Object: 'Object Repository/APOLLO- Desktop/Cart flyout/Cart collapse' is clicked on

2019-07-09 18:32:32 - [TEST_STEP][PASSED] - delay(2): Delayed 2 second(s)

2019-07-09 18:32:34 - [MESSAGE][PASSED] - Delayed 2 second(s)

2019-07-09 18:32:34 - [TEST_STEP][PASSED] - click(findTestObject("APOLLO- Desktop/Adding product - home page/Large")): Object: 'Object Repository/APOLLO- Desktop/Adding product - home page/Large' is clicked on

2019-07-09 18:32:35 - [MESSAGE][PASSED] - Object: 'Object Repository/APOLLO- Desktop/Adding product - home page/Large' is clicked on

2019-07-09 18:32:35 - [TEST_STEP][PASSED] - delay(2): Delayed 2 second(s)

2019-07-09 18:32:37 - [MESSAGE][PASSED] - Delayed 2 second(s)

2019-07-09 18:32:37 - [TEST_STEP][PASSED] - click(findTestObject("APOLLO- Desktop/Product page/Add to bag")): Object: 'Object Repository/APOLLO- Desktop/Product page/Add to bag' is clicked on

2019-07-09 18:32:37 - [MESSAGE][PASSED] - Object: 'Object Repository/APOLLO- Desktop/Product page/Add to bag' is clicked on

2019-07-09 18:32:37 - [TEST_STEP][PASSED] - delay(1): Delayed 1 second(s)

2019-07-09 18:32:38 - [MESSAGE][PASSED] - Delayed 1 second(s)

2019-07-09 18:32:38 - [TEST_STEP][PASSED] - click(findTestObject("APOLLO- Desktop/Cart flyout/Cart collapse")): Object: 'Object Repository/APOLLO- Desktop/Cart flyout/Cart collapse' is clicked on

2019-07-09 18:32:39 - [MESSAGE][PASSED] - Object: 'Object Repository/APOLLO- Desktop/Cart flyout/Cart collapse' is clicked on

2019-07-09 18:32:39 - [TEST_STEP][PASSED] - delay(2): Delayed 2 second(s)

2019-07-09 18:32:41 - [MESSAGE][PASSED] - Delayed 2 second(s)

2019-07-09 18:32:41 - [TEST_STEP][PASSED] - click(findTestObject("APOLLO- Desktop/Adding product - home page/Family")): Object: 'Object Repository/APOLLO- Desktop/Adding product - home page/Family' is clicked on

2019-07-09 18:32:42 - [MESSAGE][PASSED] - Object: 'Object Repository/APOLLO- Desktop/Adding product - home page/Family' is clicked on

2019-07-09 18:32:42 - [TEST_STEP][PASSED] - delay(2): Delayed 2 second(s)

2019-07-09 18:32:44 - [MESSAGE][PASSED] - Delayed 2 second(s)

2019-07-09 18:32:44 - [TEST_STEP][PASSED] - click(findTestObject("APOLLO- Desktop/Product page/Add to bag")): Object: 'Object Repository/APOLLO- Desktop/Product page/Add to bag' is clicked on

2019-07-09 18:32:44 - [MESSAGE][PASSED] - Object: 'Object Repository/APOLLO- Desktop/Product page/Add to bag' is clicked on

2019-07-09 18:32:44 - [TEST_STEP][PASSED] - delay(1): Delayed 1 second(s)

2019-07-09 18:32:45 - [MESSAGE][PASSED] - Delayed 1 second(s)

2019-07-09 18:32:45 - [TEST_STEP][PASSED] - executeJavaScript("var previewBar = document.getElementById("preview-bar-iframe"); previewBar.style.display = "none";", []): Execute JavaScript 'var previewBar = document.getElementById("preview-bar-iframe"); previewBar.style.display = "none";' successfully

2019-07-09 18:32:45 - [MESSAGE][PASSED] - Execute JavaScript 'var previewBar = document.getElementById("preview-bar-iframe"); previewBar.style.display = "none";' successfully

2019-07-09 18:32:45 - [TEST_STEP][PASSED] - click(findTestObject("APOLLO- Desktop/Cart flyout/Checkout")): Object: 'Object Repository/APOLLO- Desktop/Cart flyout/Checkout' is clicked on

2019-07-09 18:32:48 - [MESSAGE][PASSED] - Object: 'Object Repository/APOLLO- Desktop/Cart flyout/Checkout' is clicked on

2019-07-09 18:32:48 - [TEST_STEP][PASSED] - delay(1): Delayed 1 second(s)

2019-07-09 18:32:49 - [MESSAGE][PASSED] - Delayed 1 second(s)

2019-07-09 18:32:49 - [TEST_STEP][PASSED] - callTestCase(findTestCase("CALL- CUSTOMER INFO PAGE"), [:], STOP_ON_FAILURE): Call Test Case 'Test Cases/CALL- CUSTOMER INFO PAGE' successfully

2019-07-09 18:32:49 - [TEST_CASE][PASSED] - Test Cases/CALL- CUSTOMER INFO PAGE: Test Cases/CALL- CUSTOMER INFO PAGE

2019-07-09 18:32:49 - [TEST_STEP][PASSED] - delay(2): Delayed 2 second(s)

2019-07-09 18:32:51 - [MESSAGE][PASSED] - Delayed 2 second(s)

2019-07-09 18:32:51 - [TEST_STEP][PASSED] - executeJavaScript("var previewBar = document.getElementById("preview-bar-iframe"); previewBar.style.display = "none";", []): Execute JavaScript 'var previewBar = document.getElementById("preview-bar-iframe"); previewBar.style.display = "none";' successfully

2019-07-09 18:32:51 - [MESSAGE][PASSED] - Execute JavaScript 'var previewBar = document.getElementById("preview-bar-iframe"); previewBar.style.display = "none";' successfully

2019-07-09 18:32:51 - [TEST_STEP][PASSED] - setText(findTestObject("APOLLO- Desktop/Customer Information page/Email"), "suman@gmail.com"): Text 'suman@gmail.com' is set on object 'Object Repository/APOLLO- Desktop/Customer Information page/Email'

2019-07-09 18:32:53 - [MESSAGE][PASSED] - Text 'suman@gmail.com' is set on object 'Object Repository/APOLLO- Desktop/Customer Information page/Email'

2019-07-09 18:32:53 - [TEST_STEP][PASSED] - delay(2): Delayed 2 second(s)

2019-07-09 18:32:55 - [MESSAGE][PASSED] - Delayed 2 second(s)

2019-07-09 18:32:55 - [TEST_STEP][PASSED] - setText(findTestObject("APOLLO- Desktop/Customer Information page/First name"), "suman"): Text 'suman' is set on object 'Object Repository/APOLLO- Desktop/Customer Information page/First name'

2019-07-09 18:32:56 - [MESSAGE][PASSED] - Text 'suman' is set on object 'Object Repository/APOLLO- Desktop/Customer Information page/First name'

2019-07-09 18:32:56 - [TEST_STEP][PASSED] - delay(2): Delayed 2 second(s)

2019-07-09 18:32:58 - [MESSAGE][PASSED] - Delayed 2 second(s)

2019-07-09 18:32:58 - [TEST_STEP][PASSED] - setText(findTestObject("APOLLO- Desktop/Customer Information page/Last name"), "kompelly"): Text 'kompelly' is set on object 'Object Repository/APOLLO- Desktop/Customer Information page/Last name'

2019-07-09 18:32:59 - [MESSAGE][PASSED] - Text 'kompelly' is set on object 'Object Repository/APOLLO- Desktop/Customer Information page/Last name'

2019-07-09 18:32:59 - [TEST_STEP][PASSED] - delay(2): Delayed 2 second(s)

2019-07-09 18:33:01 - [MESSAGE][PASSED] - Delayed 2 second(s)

2019-07-09 18:33:01 - [TEST_STEP][PASSED] - setText(findTestObject("APOLLO- Desktop/Customer Information page/Address"), "1435 st alxendre"): Text '1435 st alxendre' is set on object 'Object Repository/APOLLO- Desktop/Customer Information page/Address'

2019-07-09 18:33:02 - [MESSAGE][PASSED] - Text '1435 st alxendre' is set on object 'Object Repository/APOLLO- Desktop/Customer Information page/Address'

2019-07-09 18:33:02 - [TEST_STEP][PASSED] - setText(findTestObject("APOLLO- Desktop/Customer Information page/Apartment"), "220"): Text '220' is set on object 'Object Repository/APOLLO- Desktop/Customer Information page/Apartment'

2019-07-09 18:33:03 - [MESSAGE][PASSED] - Text '220' is set on object 'Object Repository/APOLLO- Desktop/Customer Information page/Apartment'

2019-07-09 18:33:03 - [TEST_STEP][PASSED] - setText(findTestObject("APOLLO- Desktop/Customer Information page/City"), "montreal"): Text 'montreal' is set on object 'Object Repository/APOLLO- Desktop/Customer Information page/City'

2019-07-09 18:33:04 - [MESSAGE][PASSED] - Text 'montreal' is set on object 'Object Repository/APOLLO- Desktop/Customer Information page/City'

2019-07-09 18:33:04 - [TEST_STEP][PASSED] - selectOptionByValue(findTestObject("APOLLO- Desktop/Customer Information page/Country dropdown"), "United States", true): All options with value 'United States' are selected in object 'Object Repository/APOLLO- Desktop/Customer Information page/Country dropdown'  using regular expression

2019-07-09 18:33:51 - [MESSAGE][PASSED] - All options with value 'United States' are selected in object 'Object Repository/APOLLO- Desktop/Customer Information page/Country dropdown'  using regular expression

2019-07-09 18:33:51 - [TEST_STEP][PASSED] - selectOptionByValue(findTestObject("APOLLO- Desktop/Customer Information page/states dropdown"), "NJ", true): All options with value 'NJ' are selected in object 'Object Repository/APOLLO- Desktop/Customer Information page/states dropdown'  using regular expression

2019-07-09 18:34:01 - [MESSAGE][PASSED] - All options with value 'NJ' are selected in object 'Object Repository/APOLLO- Desktop/Customer Information page/states dropdown'  using regular expression

2019-07-09 18:34:01 - [TEST_STEP][PASSED] - setText(findTestObject("APOLLO- Desktop/Customer Information page/ZIP code"), "07057"): Text '07057' is set on object 'Object Repository/APOLLO- Desktop/Customer Information page/ZIP code'

2019-07-09 18:34:01 - [MESSAGE][PASSED] - Text '07057' is set on object 'Object Repository/APOLLO- Desktop/Customer Information page/ZIP code'

2019-07-09 18:34:01 - [MESSAGE][PASSED] - Call Test Case 'Test Cases/CALL- CUSTOMER INFO PAGE' successfully

2019-07-09 18:34:01 - [TEST_STEP][PASSED] - callTestCase(findTestCase("CALL - SHIPPING TO PAYMENT"), [:], STOP_ON_FAILURE): Call Test Case 'Test Cases/CALL - SHIPPING TO PAYMENT' successfully

2019-07-09 18:34:01 - [TEST_CASE][PASSED] - Test Cases/CALL - SHIPPING TO PAYMENT: Test Cases/CALL - SHIPPING TO PAYMENT

2019-07-09 18:34:01 - [TEST_STEP][PASSED] - click(findTestObject("APOLLO- Desktop/Customer Information page/Continue to shipping")): Object: 'Object Repository/APOLLO- Desktop/Customer Information page/Continue to shipping' is clicked on

2019-07-09 18:34:05 - [MESSAGE][PASSED] - Object: 'Object Repository/APOLLO- Desktop/Customer Information page/Continue to shipping' is clicked on

2019-07-09 18:34:05 - [TEST_STEP][PASSED] - executeJavaScript("var previewBar = document.getElementById("preview-bar-iframe"); previewBar.style.display = "none";", []): Execute JavaScript 'var previewBar = document.getElementById("preview-bar-iframe"); previewBar.style.display = "none";' successfully

2019-07-09 18:34:05 - [MESSAGE][PASSED] - Execute JavaScript 'var previewBar = document.getElementById("preview-bar-iframe"); previewBar.style.display = "none";' successfully

2019-07-09 18:34:05 - [TEST_STEP][PASSED] - click(findTestObject("APOLLO- Desktop/Shipping page/Radio button check")): Object: 'Object Repository/APOLLO- Desktop/Shipping page/Radio button check' is clicked on

2019-07-09 18:34:06 - [MESSAGE][PASSED] - Object: 'Object Repository/APOLLO- Desktop/Shipping page/Radio button check' is clicked on

2019-07-09 18:34:06 - [TEST_STEP][PASSED] - executeJavaScript("var previewBar = document.getElementById("preview-bar-iframe"); previewBar.style.display = "none";", []): Execute JavaScript 'var previewBar = document.getElementById("preview-bar-iframe"); previewBar.style.display = "none";' successfully

2019-07-09 18:34:06 - [MESSAGE][PASSED] - Execute JavaScript 'var previewBar = document.getElementById("preview-bar-iframe"); previewBar.style.display = "none";' successfully

2019-07-09 18:34:06 - [TEST_STEP][PASSED] - click(findTestObject("APOLLO- Desktop/Shipping page/Continue to payment")): Object: 'Object Repository/APOLLO- Desktop/Shipping page/Continue to payment' is clicked on

2019-07-09 18:34:09 - [MESSAGE][PASSED] - Object: 'Object Repository/APOLLO- Desktop/Shipping page/Continue to payment' is clicked on

2019-07-09 18:34:09 - [TEST_STEP][PASSED] - executeJavaScript("var previewBar = document.getElementById("preview-bar-iframe"); previewBar.style.display = "none";", []): Execute JavaScript 'var previewBar = document.getElementById("preview-bar-iframe"); previewBar.style.display = "none";' successfully

2019-07-09 18:34:09 - [MESSAGE][PASSED] - Execute JavaScript 'var previewBar = document.getElementById("preview-bar-iframe"); previewBar.style.display = "none";' successfully

2019-07-09 18:34:09 - [TEST_STEP][PASSED] - verifyTextPresent("Payment", false): Text 'Payment' is present on page 

2019-07-09 18:34:10 - [MESSAGE][PASSED] - Text 'Payment' is present on page 

2019-07-09 18:34:10 - [MESSAGE][PASSED] - Call Test Case 'Test Cases/CALL - SHIPPING TO PAYMENT' successfully]]></system-out>
         <system-err><![CDATA[]]></system-err>
      </testcase>
      <testcase name="Test Cases/CRITICAL PATH/Login and logout" classname="Test Cases/CRITICAL PATH/Login and logout" status="PASSED">
         <system-out><![CDATA[2019-07-09 18:34:10 - [TEST_CASE][PASSED] - Test Cases/CRITICAL PATH/Login and logout: Test Cases/CRITICAL PATH/Login and logout

2019-07-09 18:34:10 - [TEST_STEP][PASSED] - callTestCase(findTestCase("CALL - URL"), [:], STOP_ON_FAILURE): Call Test Case 'Test Cases/CALL - URL' successfully

2019-07-09 18:34:10 - [TEST_CASE][PASSED] - Test Cases/CALL - URL: Test Cases/CALL - URL

2019-07-09 18:34:10 - [TEST_STEP][PASSED] - openBrowser(""): Browser is opened with url: ''

2019-07-09 18:34:10 - [MESSAGE][WARNING] - A browser is already opened. Closing browser and opening a new one

2019-07-09 18:34:11 - [MESSAGE][INFO] - Starting 'Remote' driver

2019-07-09 18:34:11 - [MESSAGE][INFO] - User set preference: ['os', 'Windows']

2019-07-09 18:34:11 - [MESSAGE][INFO] - User set preference: ['os_version', '10']

2019-07-09 18:34:11 - [MESSAGE][INFO] - User set preference: ['browser', 'Chrome']

2019-07-09 18:34:11 - [MESSAGE][INFO] - User set preference: ['browser_version', '75.0']

2019-07-09 18:34:11 - [MESSAGE][INFO] - User set preference: ['resolution', '1280x1024']

2019-07-09 18:34:11 - [MESSAGE][INFO] - User set preference: ['browserstack.local', 'false']

2019-07-09 18:34:11 - [MESSAGE][INFO] - Connecting to remote web server 'https://dianatest3:Z3oqw9ysqTeRQJq5wFCp@hub-cloud.browserstack.com/wd/hub' with type 'Selenium'

2019-07-09 18:34:18 - [MESSAGE][PASSED] - Browser is opened with url: ''

2019-07-09 18:34:18 - [TEST_STEP][PASSED] - navigateToUrl("https://apollo-fireball.myshopify.com/?_ab=0&_fd=0&_sc=1&key=96c2edace7b9967f3a77c2e2b131937136039831e9ec35f31598610005fa8795&preview_theme_id=46803124304"): Navigate to 'https://apollo-fireball.myshopify.com/?_ab=0&_fd=0&_sc=1&key=96c2edace7b9967f3a77c2e2b131937136039831e9ec35f31598610005fa8795&preview_theme_id=46803124304' successfully

2019-07-09 18:34:24 - [MESSAGE][PASSED] - Navigate to 'https://apollo-fireball.myshopify.com/?_ab=0&_fd=0&_sc=1&key=96c2edace7b9967f3a77c2e2b131937136039831e9ec35f31598610005fa8795&preview_theme_id=46803124304' successfully

2019-07-09 18:34:24 - [TEST_STEP][PASSED] - executeJavaScript("var previewBar = document.getElementById("preview-bar-iframe"); previewBar.style.display = "none";", []): Execute JavaScript 'var previewBar = document.getElementById("preview-bar-iframe"); previewBar.style.display = "none";' successfully

2019-07-09 18:34:24 - [MESSAGE][PASSED] - Execute JavaScript 'var previewBar = document.getElementById("preview-bar-iframe"); previewBar.style.display = "none";' successfully

2019-07-09 18:34:24 - [TEST_STEP][PASSED] - maximizeWindow(): Current window maximized

2019-07-09 18:34:26 - [MESSAGE][PASSED] - Current window maximized

2019-07-09 18:34:26 - [MESSAGE][PASSED] - Call Test Case 'Test Cases/CALL - URL' successfully

2019-07-09 18:34:26 - [TEST_STEP][PASSED] - delay(1): Delayed 1 second(s)

2019-07-09 18:34:27 - [MESSAGE][PASSED] - Delayed 1 second(s)

2019-07-09 18:34:27 - [TEST_STEP][PASSED] - click(findTestObject("APOLLO- Desktop/Home page/Account icon")): Object: 'Object Repository/APOLLO- Desktop/Home page/Account icon' is clicked on

2019-07-09 18:34:28 - [MESSAGE][PASSED] - Object: 'Object Repository/APOLLO- Desktop/Home page/Account icon' is clicked on

2019-07-09 18:34:28 - [TEST_STEP][PASSED] - delay(1): Delayed 1 second(s)

2019-07-09 18:34:29 - [MESSAGE][PASSED] - Delayed 1 second(s)

2019-07-09 18:34:29 - [TEST_STEP][PASSED] - setText(findTestObject("APOLLO- Desktop/Home page/Email address"), "suman.kompelly@diffagency.com"): Text 'suman.kompelly@diffagency.com' is set on object 'Object Repository/APOLLO- Desktop/Home page/Email address'

2019-07-09 18:34:30 - [MESSAGE][PASSED] - Text 'suman.kompelly@diffagency.com' is set on object 'Object Repository/APOLLO- Desktop/Home page/Email address'

2019-07-09 18:34:30 - [TEST_STEP][PASSED] - delay(1): Delayed 1 second(s)

2019-07-09 18:34:31 - [MESSAGE][PASSED] - Delayed 1 second(s)

2019-07-09 18:34:31 - [TEST_STEP][PASSED] - setEncryptedText(findTestObject("APOLLO- Desktop/Home page/Password"), "5xx1bkCcAlw="): Text ****** has been set on object 'Object Repository/APOLLO- Desktop/Home page/Password'

2019-07-09 18:34:32 - [MESSAGE][PASSED] - Text ****** has been set on object 'Object Repository/APOLLO- Desktop/Home page/Password'

2019-07-09 18:34:32 - [TEST_STEP][PASSED] - delay(1): Delayed 1 second(s)

2019-07-09 18:34:33 - [MESSAGE][PASSED] - Delayed 1 second(s)

2019-07-09 18:34:33 - [TEST_STEP][PASSED] - click(findTestObject("APOLLO- Desktop/Home page/Sign in button")): Object: 'Object Repository/APOLLO- Desktop/Home page/Sign in button' is clicked on

2019-07-09 18:34:35 - [MESSAGE][PASSED] - Object: 'Object Repository/APOLLO- Desktop/Home page/Sign in button' is clicked on

2019-07-09 18:34:35 - [TEST_STEP][PASSED] - delay(1): Delayed 1 second(s)

2019-07-09 18:34:36 - [MESSAGE][PASSED] - Delayed 1 second(s)

2019-07-09 18:34:36 - [TEST_STEP][PASSED] - click(findTestObject("APOLLO- Desktop/Home page/address page")): Object: 'Object Repository/APOLLO- Desktop/Home page/address page' is clicked on

2019-07-09 18:34:37 - [MESSAGE][PASSED] - Object: 'Object Repository/APOLLO- Desktop/Home page/address page' is clicked on

2019-07-09 18:34:37 - [TEST_STEP][PASSED] - delay(1): Delayed 1 second(s)

2019-07-09 18:34:38 - [MESSAGE][PASSED] - Delayed 1 second(s)

2019-07-09 18:34:38 - [TEST_STEP][PASSED] - click(findTestObject("APOLLO- Desktop/Home page/orders page")): Object: 'Object Repository/APOLLO- Desktop/Home page/orders page' is clicked on

2019-07-09 18:34:40 - [MESSAGE][PASSED] - Object: 'Object Repository/APOLLO- Desktop/Home page/orders page' is clicked on

2019-07-09 18:34:40 - [TEST_STEP][PASSED] - delay(1): Delayed 1 second(s)

2019-07-09 18:34:41 - [MESSAGE][PASSED] - Delayed 1 second(s)

2019-07-09 18:34:41 - [TEST_STEP][PASSED] - click(findTestObject("APOLLO- Desktop/Home page/Details page")): Object: 'Object Repository/APOLLO- Desktop/Home page/Details page' is clicked on

2019-07-09 18:34:42 - [MESSAGE][PASSED] - Object: 'Object Repository/APOLLO- Desktop/Home page/Details page' is clicked on

2019-07-09 18:34:42 - [TEST_STEP][PASSED] - delay(1): Delayed 1 second(s)

2019-07-09 18:34:43 - [MESSAGE][PASSED] - Delayed 1 second(s)

2019-07-09 18:34:43 - [TEST_STEP][PASSED] - click(findTestObject("APOLLO- Desktop/Home page/Logout")): Object: 'Object Repository/APOLLO- Desktop/Home page/Logout' is clicked on

2019-07-09 18:34:48 - [MESSAGE][PASSED] - Object: 'Object Repository/APOLLO- Desktop/Home page/Logout' is clicked on]]></system-out>
         <system-err><![CDATA[]]></system-err>
      </testcase>
      <testcase name="Test Cases/CRITICAL PATH/Decrease quantity - Cart flyout" classname="Test Cases/CRITICAL PATH/Decrease quantity - Cart flyout" status="PASSED">
         <system-out><![CDATA[2019-07-09 18:34:48 - [TEST_CASE][PASSED] - Test Cases/CRITICAL PATH/Decrease quantity - Cart flyout: Test Cases/CRITICAL PATH/Decrease quantity - Cart flyout

2019-07-09 18:34:48 - [TEST_STEP][PASSED] - callTestCase(findTestCase("CALL - URL"), [:], STOP_ON_FAILURE): Call Test Case 'Test Cases/CALL - URL' successfully

2019-07-09 18:34:48 - [TEST_CASE][PASSED] - Test Cases/CALL - URL: Test Cases/CALL - URL

2019-07-09 18:34:48 - [TEST_STEP][PASSED] - openBrowser(""): Browser is opened with url: ''

2019-07-09 18:34:48 - [MESSAGE][WARNING] - A browser is already opened. Closing browser and opening a new one

2019-07-09 18:34:50 - [MESSAGE][INFO] - Starting 'Remote' driver

2019-07-09 18:34:50 - [MESSAGE][INFO] - User set preference: ['os', 'Windows']

2019-07-09 18:34:50 - [MESSAGE][INFO] - User set preference: ['os_version', '10']

2019-07-09 18:34:50 - [MESSAGE][INFO] - User set preference: ['browser', 'Chrome']

2019-07-09 18:34:50 - [MESSAGE][INFO] - User set preference: ['browser_version', '75.0']

2019-07-09 18:34:50 - [MESSAGE][INFO] - User set preference: ['resolution', '1280x1024']

2019-07-09 18:34:50 - [MESSAGE][INFO] - User set preference: ['browserstack.local', 'false']

2019-07-09 18:34:50 - [MESSAGE][INFO] - Connecting to remote web server 'https://dianatest3:Z3oqw9ysqTeRQJq5wFCp@hub-cloud.browserstack.com/wd/hub' with type 'Selenium'

2019-07-09 18:34:57 - [MESSAGE][PASSED] - Browser is opened with url: ''

2019-07-09 18:34:57 - [TEST_STEP][PASSED] - navigateToUrl("https://apollo-fireball.myshopify.com/?_ab=0&_fd=0&_sc=1&key=96c2edace7b9967f3a77c2e2b131937136039831e9ec35f31598610005fa8795&preview_theme_id=46803124304"): Navigate to 'https://apollo-fireball.myshopify.com/?_ab=0&_fd=0&_sc=1&key=96c2edace7b9967f3a77c2e2b131937136039831e9ec35f31598610005fa8795&preview_theme_id=46803124304' successfully

2019-07-09 18:35:04 - [MESSAGE][PASSED] - Navigate to 'https://apollo-fireball.myshopify.com/?_ab=0&_fd=0&_sc=1&key=96c2edace7b9967f3a77c2e2b131937136039831e9ec35f31598610005fa8795&preview_theme_id=46803124304' successfully

2019-07-09 18:35:04 - [TEST_STEP][PASSED] - executeJavaScript("var previewBar = document.getElementById("preview-bar-iframe"); previewBar.style.display = "none";", []): Execute JavaScript 'var previewBar = document.getElementById("preview-bar-iframe"); previewBar.style.display = "none";' successfully

2019-07-09 18:35:04 - [MESSAGE][PASSED] - Execute JavaScript 'var previewBar = document.getElementById("preview-bar-iframe"); previewBar.style.display = "none";' successfully

2019-07-09 18:35:04 - [TEST_STEP][PASSED] - maximizeWindow(): Current window maximized

2019-07-09 18:35:06 - [MESSAGE][PASSED] - Current window maximized

2019-07-09 18:35:06 - [MESSAGE][PASSED] - Call Test Case 'Test Cases/CALL - URL' successfully

2019-07-09 18:35:06 - [TEST_STEP][PASSED] - click(findTestObject("APOLLO- Desktop/Burger Menu/Burgermenu")): Object: 'Object Repository/APOLLO- Desktop/Burger Menu/Burgermenu' is clicked on

2019-07-09 18:35:07 - [MESSAGE][PASSED] - Object: 'Object Repository/APOLLO- Desktop/Burger Menu/Burgermenu' is clicked on

2019-07-09 18:35:07 - [TEST_STEP][PASSED] - delay(2): Delayed 2 second(s)

2019-07-09 18:35:09 - [MESSAGE][PASSED] - Delayed 2 second(s)

2019-07-09 18:35:09 - [TEST_STEP][PASSED] - click(findTestObject("APOLLO- Desktop/Burger Menu/Shop food")): Object: 'Object Repository/APOLLO- Desktop/Burger Menu/Shop food' is clicked on

2019-07-09 18:35:10 - [MESSAGE][PASSED] - Object: 'Object Repository/APOLLO- Desktop/Burger Menu/Shop food' is clicked on

2019-07-09 18:35:10 - [TEST_STEP][PASSED] - delay(2): Delayed 2 second(s)

2019-07-09 18:35:12 - [MESSAGE][PASSED] - Delayed 2 second(s)

2019-07-09 18:35:12 - [TEST_STEP][PASSED] - click(findTestObject("APOLLO- Desktop/Burger Menu/Beef")): Object: 'Object Repository/APOLLO- Desktop/Burger Menu/Beef' is clicked on

2019-07-09 18:35:15 - [MESSAGE][PASSED] - Object: 'Object Repository/APOLLO- Desktop/Burger Menu/Beef' is clicked on

2019-07-09 18:35:15 - [TEST_STEP][PASSED] - delay(2): Delayed 2 second(s)

2019-07-09 18:35:17 - [MESSAGE][PASSED] - Delayed 2 second(s)

2019-07-09 18:35:17 - [TEST_STEP][PASSED] - executeJavaScript("var previewBar = document.getElementById("preview-bar-iframe"); previewBar.style.display = "none";", []): Execute JavaScript 'var previewBar = document.getElementById("preview-bar-iframe"); previewBar.style.display = "none";' successfully

2019-07-09 18:35:17 - [MESSAGE][PASSED] - Execute JavaScript 'var previewBar = document.getElementById("preview-bar-iframe"); previewBar.style.display = "none";' successfully

2019-07-09 18:35:17 - [TEST_STEP][PASSED] - delay(2): Delayed 2 second(s)

2019-07-09 18:35:19 - [MESSAGE][PASSED] - Delayed 2 second(s)

2019-07-09 18:35:19 - [TEST_STEP][PASSED] - click(findTestObject("APOLLO- Desktop/Collection page/Beef skewers")): Object: 'Object Repository/APOLLO- Desktop/Collection page/Beef skewers' is clicked on

2019-07-09 18:35:23 - [MESSAGE][PASSED] - Object: 'Object Repository/APOLLO- Desktop/Collection page/Beef skewers' is clicked on

2019-07-09 18:35:23 - [TEST_STEP][PASSED] - executeJavaScript("var previewBar = document.getElementById("preview-bar-iframe"); previewBar.style.display = "none";", []): Execute JavaScript 'var previewBar = document.getElementById("preview-bar-iframe"); previewBar.style.display = "none";' successfully

2019-07-09 18:35:23 - [MESSAGE][PASSED] - Execute JavaScript 'var previewBar = document.getElementById("preview-bar-iframe"); previewBar.style.display = "none";' successfully

2019-07-09 18:35:23 - [TEST_STEP][PASSED] - delay(2): Delayed 2 second(s)

2019-07-09 18:35:25 - [MESSAGE][PASSED] - Delayed 2 second(s)

2019-07-09 18:35:25 - [TEST_STEP][PASSED] - click(findTestObject("APOLLO- Desktop/Product page/1 piece")): Object: 'Object Repository/APOLLO- Desktop/Product page/1 piece' is clicked on

2019-07-09 18:35:25 - [MESSAGE][PASSED] - Object: 'Object Repository/APOLLO- Desktop/Product page/1 piece' is clicked on

2019-07-09 18:35:25 - [TEST_STEP][PASSED] - delay(2): Delayed 2 second(s)

2019-07-09 18:35:27 - [MESSAGE][PASSED] - Delayed 2 second(s)

2019-07-09 18:35:27 - [TEST_STEP][PASSED] - delay(2): Delayed 2 second(s)

2019-07-09 18:35:29 - [MESSAGE][PASSED] - Delayed 2 second(s)

2019-07-09 18:35:29 - [TEST_STEP][PASSED] - click(findTestObject("APOLLO- Desktop/Product page/Increase qunatity - prod page")): Object: 'Object Repository/APOLLO- Desktop/Product page/Increase qunatity - prod page' is clicked on

2019-07-09 18:35:30 - [MESSAGE][PASSED] - Object: 'Object Repository/APOLLO- Desktop/Product page/Increase qunatity - prod page' is clicked on

2019-07-09 18:35:30 - [TEST_STEP][PASSED] - delay(2): Delayed 2 second(s)

2019-07-09 18:35:32 - [MESSAGE][PASSED] - Delayed 2 second(s)

2019-07-09 18:35:32 - [TEST_STEP][PASSED] - click(findTestObject("APOLLO- Desktop/Product page/Increase qunatity - prod page")): Object: 'Object Repository/APOLLO- Desktop/Product page/Increase qunatity - prod page' is clicked on

2019-07-09 18:35:32 - [MESSAGE][PASSED] - Object: 'Object Repository/APOLLO- Desktop/Product page/Increase qunatity - prod page' is clicked on

2019-07-09 18:35:32 - [TEST_STEP][PASSED] - delay(2): Delayed 2 second(s)

2019-07-09 18:35:34 - [MESSAGE][PASSED] - Delayed 2 second(s)

2019-07-09 18:35:34 - [TEST_STEP][PASSED] - click(findTestObject("APOLLO- Desktop/Product page/Increase qunatity - prod page")): Object: 'Object Repository/APOLLO- Desktop/Product page/Increase qunatity - prod page' is clicked on

2019-07-09 18:35:34 - [MESSAGE][PASSED] - Object: 'Object Repository/APOLLO- Desktop/Product page/Increase qunatity - prod page' is clicked on

2019-07-09 18:35:34 - [TEST_STEP][PASSED] - delay(2): Delayed 2 second(s)

2019-07-09 18:35:36 - [MESSAGE][PASSED] - Delayed 2 second(s)

2019-07-09 18:35:36 - [TEST_STEP][PASSED] - click(findTestObject("APOLLO- Desktop/Product page/Increase qunatity - prod page")): Object: 'Object Repository/APOLLO- Desktop/Product page/Increase qunatity - prod page' is clicked on

2019-07-09 18:35:37 - [MESSAGE][PASSED] - Object: 'Object Repository/APOLLO- Desktop/Product page/Increase qunatity - prod page' is clicked on

2019-07-09 18:35:37 - [TEST_STEP][PASSED] - delay(2): Delayed 2 second(s)

2019-07-09 18:35:39 - [MESSAGE][PASSED] - Delayed 2 second(s)

2019-07-09 18:35:39 - [TEST_STEP][PASSED] - click(findTestObject("APOLLO- Desktop/Product page/Increase qunatity - prod page")): Object: 'Object Repository/APOLLO- Desktop/Product page/Increase qunatity - prod page' is clicked on

2019-07-09 18:35:39 - [MESSAGE][PASSED] - Object: 'Object Repository/APOLLO- Desktop/Product page/Increase qunatity - prod page' is clicked on

2019-07-09 18:35:39 - [TEST_STEP][PASSED] - delay(2): Delayed 2 second(s)

2019-07-09 18:35:41 - [MESSAGE][PASSED] - Delayed 2 second(s)

2019-07-09 18:35:41 - [TEST_STEP][PASSED] - click(findTestObject("APOLLO- Desktop/Product page/Add to bag")): Object: 'Object Repository/APOLLO- Desktop/Product page/Add to bag' is clicked on

2019-07-09 18:35:42 - [MESSAGE][PASSED] - Object: 'Object Repository/APOLLO- Desktop/Product page/Add to bag' is clicked on

2019-07-09 18:35:42 - [TEST_STEP][PASSED] - delay(2): Delayed 2 second(s)

2019-07-09 18:35:44 - [MESSAGE][PASSED] - Delayed 2 second(s)

2019-07-09 18:35:44 - [TEST_STEP][PASSED] - a = getText(findTestObject("APOLLO- Desktop/Cart flyout/Subtotal in cart flyout")): Text of object 'Object Repository/APOLLO- Desktop/Cart flyout/Subtotal in cart flyout' is: '$51.00'

2019-07-09 18:35:44 - [MESSAGE][PASSED] - Text of object 'Object Repository/APOLLO- Desktop/Cart flyout/Subtotal in cart flyout' is: '$51.00'

2019-07-09 18:35:44 - [TEST_STEP][PASSED] - comment("a=" + a): a=$51.00

2019-07-09 18:35:44 - [MESSAGE][INFO] - a=$51.00

2019-07-09 18:35:44 - [TEST_STEP][PASSED] - delay(2): Delayed 2 second(s)

2019-07-09 18:35:46 - [MESSAGE][PASSED] - Delayed 2 second(s)

2019-07-09 18:35:46 - [TEST_STEP][PASSED] - click(findTestObject("APOLLO- Desktop/Cart flyout/Decrease quantity - cart flyout")): Object: 'Object Repository/APOLLO- Desktop/Cart flyout/Decrease quantity - cart flyout' is clicked on

2019-07-09 18:35:46 - [MESSAGE][PASSED] - Object: 'Object Repository/APOLLO- Desktop/Cart flyout/Decrease quantity - cart flyout' is clicked on

2019-07-09 18:35:46 - [TEST_STEP][PASSED] - delay(2): Delayed 2 second(s)

2019-07-09 18:35:48 - [MESSAGE][PASSED] - Delayed 2 second(s)

2019-07-09 18:35:48 - [TEST_STEP][PASSED] - click(findTestObject("APOLLO- Desktop/Cart flyout/Decrease quantity - cart flyout")): Object: 'Object Repository/APOLLO- Desktop/Cart flyout/Decrease quantity - cart flyout' is clicked on

2019-07-09 18:35:48 - [MESSAGE][PASSED] - Object: 'Object Repository/APOLLO- Desktop/Cart flyout/Decrease quantity - cart flyout' is clicked on

2019-07-09 18:35:48 - [TEST_STEP][PASSED] - delay(2): Delayed 2 second(s)

2019-07-09 18:35:50 - [MESSAGE][PASSED] - Delayed 2 second(s)

2019-07-09 18:35:50 - [TEST_STEP][PASSED] - setText(findTestObject("APOLLO- Desktop/Cart flyout/CArt quanty update"), "3"): Text '3' is set on object 'Object Repository/APOLLO- Desktop/Cart flyout/CArt quanty update'

2019-07-09 18:35:51 - [MESSAGE][PASSED] - Text '3' is set on object 'Object Repository/APOLLO- Desktop/Cart flyout/CArt quanty update'

2019-07-09 18:35:51 - [TEST_STEP][PASSED] - delay(2): Delayed 2 second(s)

2019-07-09 18:35:53 - [MESSAGE][PASSED] - Delayed 2 second(s)

2019-07-09 18:35:53 - [TEST_STEP][PASSED] - click(findTestObject("APOLLO- Desktop/Cart flyout/Decrease quantity - cart flyout")): Object: 'Object Repository/APOLLO- Desktop/Cart flyout/Decrease quantity - cart flyout' is clicked on

2019-07-09 18:35:53 - [MESSAGE][PASSED] - Object: 'Object Repository/APOLLO- Desktop/Cart flyout/Decrease quantity - cart flyout' is clicked on

2019-07-09 18:35:53 - [TEST_STEP][PASSED] - delay(2): Delayed 2 second(s)

2019-07-09 18:35:55 - [MESSAGE][PASSED] - Delayed 2 second(s)

2019-07-09 18:35:55 - [TEST_STEP][PASSED] - b = getText(findTestObject("APOLLO- Desktop/Cart flyout/Subtotal in cart flyout")): Text of object 'Object Repository/APOLLO- Desktop/Cart flyout/Subtotal in cart flyout' is: '$17.00'

2019-07-09 18:35:56 - [MESSAGE][PASSED] - Text of object 'Object Repository/APOLLO- Desktop/Cart flyout/Subtotal in cart flyout' is: '$17.00'

2019-07-09 18:35:56 - [TEST_STEP][PASSED] - comment("b=" + b): b=$17.00

2019-07-09 18:35:56 - [MESSAGE][INFO] - b=$17.00

2019-07-09 18:35:56 - [TEST_STEP][PASSED] - verifyNotEqual("a", "b"): Actual object 'a' and expected object 'b' are not equal

2019-07-09 18:35:56 - [MESSAGE][PASSED] - Actual object 'a' and expected object 'b' are not equal

2019-07-09 18:35:56 - [TEST_STEP][PASSED] - delay(2): Delayed 2 second(s)

2019-07-09 18:35:58 - [MESSAGE][PASSED] - Delayed 2 second(s)

2019-07-09 18:35:58 - [TEST_STEP][PASSED] - click(findTestObject("APOLLO- Desktop/Cart flyout/Checkout")): Object: 'Object Repository/APOLLO- Desktop/Cart flyout/Checkout' is clicked on

2019-07-09 18:36:01 - [MESSAGE][PASSED] - Object: 'Object Repository/APOLLO- Desktop/Cart flyout/Checkout' is clicked on

2019-07-09 18:36:01 - [TEST_STEP][PASSED] - delay(2): Delayed 2 second(s)

2019-07-09 18:36:03 - [MESSAGE][PASSED] - Delayed 2 second(s)

2019-07-09 18:36:03 - [TEST_STEP][PASSED] - callTestCase(findTestCase("CALL- CUSTOMER INFO PAGE"), [:], STOP_ON_FAILURE): Call Test Case 'Test Cases/CALL- CUSTOMER INFO PAGE' successfully

2019-07-09 18:36:03 - [TEST_CASE][PASSED] - Test Cases/CALL- CUSTOMER INFO PAGE: Test Cases/CALL- CUSTOMER INFO PAGE

2019-07-09 18:36:03 - [TEST_STEP][PASSED] - delay(2): Delayed 2 second(s)

2019-07-09 18:36:05 - [MESSAGE][PASSED] - Delayed 2 second(s)

2019-07-09 18:36:05 - [TEST_STEP][PASSED] - executeJavaScript("var previewBar = document.getElementById("preview-bar-iframe"); previewBar.style.display = "none";", []): Execute JavaScript 'var previewBar = document.getElementById("preview-bar-iframe"); previewBar.style.display = "none";' successfully

2019-07-09 18:36:05 - [MESSAGE][PASSED] - Execute JavaScript 'var previewBar = document.getElementById("preview-bar-iframe"); previewBar.style.display = "none";' successfully

2019-07-09 18:36:05 - [TEST_STEP][PASSED] - setText(findTestObject("APOLLO- Desktop/Customer Information page/Email"), "suman@gmail.com"): Text 'suman@gmail.com' is set on object 'Object Repository/APOLLO- Desktop/Customer Information page/Email'

2019-07-09 18:36:07 - [MESSAGE][PASSED] - Text 'suman@gmail.com' is set on object 'Object Repository/APOLLO- Desktop/Customer Information page/Email'

2019-07-09 18:36:07 - [TEST_STEP][PASSED] - delay(2): Delayed 2 second(s)

2019-07-09 18:36:09 - [MESSAGE][PASSED] - Delayed 2 second(s)

2019-07-09 18:36:09 - [TEST_STEP][PASSED] - setText(findTestObject("APOLLO- Desktop/Customer Information page/First name"), "suman"): Text 'suman' is set on object 'Object Repository/APOLLO- Desktop/Customer Information page/First name'

2019-07-09 18:36:09 - [MESSAGE][PASSED] - Text 'suman' is set on object 'Object Repository/APOLLO- Desktop/Customer Information page/First name'

2019-07-09 18:36:09 - [TEST_STEP][PASSED] - delay(2): Delayed 2 second(s)

2019-07-09 18:36:11 - [MESSAGE][PASSED] - Delayed 2 second(s)

2019-07-09 18:36:11 - [TEST_STEP][PASSED] - setText(findTestObject("APOLLO- Desktop/Customer Information page/Last name"), "kompelly"): Text 'kompelly' is set on object 'Object Repository/APOLLO- Desktop/Customer Information page/Last name'

2019-07-09 18:36:12 - [MESSAGE][PASSED] - Text 'kompelly' is set on object 'Object Repository/APOLLO- Desktop/Customer Information page/Last name'

2019-07-09 18:36:12 - [TEST_STEP][PASSED] - delay(2): Delayed 2 second(s)

2019-07-09 18:36:14 - [MESSAGE][PASSED] - Delayed 2 second(s)

2019-07-09 18:36:14 - [TEST_STEP][PASSED] - setText(findTestObject("APOLLO- Desktop/Customer Information page/Address"), "1435 st alxendre"): Text '1435 st alxendre' is set on object 'Object Repository/APOLLO- Desktop/Customer Information page/Address'

2019-07-09 18:36:15 - [MESSAGE][PASSED] - Text '1435 st alxendre' is set on object 'Object Repository/APOLLO- Desktop/Customer Information page/Address'

2019-07-09 18:36:15 - [TEST_STEP][PASSED] - setText(findTestObject("APOLLO- Desktop/Customer Information page/Apartment"), "220"): Text '220' is set on object 'Object Repository/APOLLO- Desktop/Customer Information page/Apartment'

2019-07-09 18:36:16 - [MESSAGE][PASSED] - Text '220' is set on object 'Object Repository/APOLLO- Desktop/Customer Information page/Apartment'

2019-07-09 18:36:16 - [TEST_STEP][PASSED] - setText(findTestObject("APOLLO- Desktop/Customer Information page/City"), "montreal"): Text 'montreal' is set on object 'Object Repository/APOLLO- Desktop/Customer Information page/City'

2019-07-09 18:36:17 - [MESSAGE][PASSED] - Text 'montreal' is set on object 'Object Repository/APOLLO- Desktop/Customer Information page/City'

2019-07-09 18:36:17 - [TEST_STEP][PASSED] - selectOptionByValue(findTestObject("APOLLO- Desktop/Customer Information page/Country dropdown"), "United States", true): All options with value 'United States' are selected in object 'Object Repository/APOLLO- Desktop/Customer Information page/Country dropdown'  using regular expression

2019-07-09 18:37:00 - [MESSAGE][PASSED] - All options with value 'United States' are selected in object 'Object Repository/APOLLO- Desktop/Customer Information page/Country dropdown'  using regular expression

2019-07-09 18:37:00 - [TEST_STEP][PASSED] - selectOptionByValue(findTestObject("APOLLO- Desktop/Customer Information page/states dropdown"), "NJ", true): All options with value 'NJ' are selected in object 'Object Repository/APOLLO- Desktop/Customer Information page/states dropdown'  using regular expression

2019-07-09 18:37:10 - [MESSAGE][PASSED] - All options with value 'NJ' are selected in object 'Object Repository/APOLLO- Desktop/Customer Information page/states dropdown'  using regular expression

2019-07-09 18:37:10 - [TEST_STEP][PASSED] - setText(findTestObject("APOLLO- Desktop/Customer Information page/ZIP code"), "07057"): Text '07057' is set on object 'Object Repository/APOLLO- Desktop/Customer Information page/ZIP code'

2019-07-09 18:37:11 - [MESSAGE][PASSED] - Text '07057' is set on object 'Object Repository/APOLLO- Desktop/Customer Information page/ZIP code'

2019-07-09 18:37:11 - [MESSAGE][PASSED] - Call Test Case 'Test Cases/CALL- CUSTOMER INFO PAGE' successfully

2019-07-09 18:37:11 - [TEST_STEP][PASSED] - delay(2): Delayed 2 second(s)

2019-07-09 18:37:13 - [MESSAGE][PASSED] - Delayed 2 second(s)

2019-07-09 18:37:13 - [TEST_STEP][PASSED] - callTestCase(findTestCase("CALL - SHIPPING TO PAYMENT"), [:], STOP_ON_FAILURE): Call Test Case 'Test Cases/CALL - SHIPPING TO PAYMENT' successfully

2019-07-09 18:37:13 - [TEST_CASE][PASSED] - Test Cases/CALL - SHIPPING TO PAYMENT: Test Cases/CALL - SHIPPING TO PAYMENT

2019-07-09 18:37:13 - [TEST_STEP][PASSED] - click(findTestObject("APOLLO- Desktop/Customer Information page/Continue to shipping")): Object: 'Object Repository/APOLLO- Desktop/Customer Information page/Continue to shipping' is clicked on

2019-07-09 18:37:17 - [MESSAGE][PASSED] - Object: 'Object Repository/APOLLO- Desktop/Customer Information page/Continue to shipping' is clicked on

2019-07-09 18:37:17 - [TEST_STEP][PASSED] - executeJavaScript("var previewBar = document.getElementById("preview-bar-iframe"); previewBar.style.display = "none";", []): Execute JavaScript 'var previewBar = document.getElementById("preview-bar-iframe"); previewBar.style.display = "none";' successfully

2019-07-09 18:37:17 - [MESSAGE][PASSED] - Execute JavaScript 'var previewBar = document.getElementById("preview-bar-iframe"); previewBar.style.display = "none";' successfully

2019-07-09 18:37:17 - [TEST_STEP][PASSED] - click(findTestObject("APOLLO- Desktop/Shipping page/Radio button check")): Object: 'Object Repository/APOLLO- Desktop/Shipping page/Radio button check' is clicked on

2019-07-09 18:37:18 - [MESSAGE][PASSED] - Object: 'Object Repository/APOLLO- Desktop/Shipping page/Radio button check' is clicked on

2019-07-09 18:37:18 - [TEST_STEP][PASSED] - executeJavaScript("var previewBar = document.getElementById("preview-bar-iframe"); previewBar.style.display = "none";", []): Execute JavaScript 'var previewBar = document.getElementById("preview-bar-iframe"); previewBar.style.display = "none";' successfully

2019-07-09 18:37:18 - [MESSAGE][PASSED] - Execute JavaScript 'var previewBar = document.getElementById("preview-bar-iframe"); previewBar.style.display = "none";' successfully

2019-07-09 18:37:18 - [TEST_STEP][PASSED] - click(findTestObject("APOLLO- Desktop/Shipping page/Continue to payment")): Object: 'Object Repository/APOLLO- Desktop/Shipping page/Continue to payment' is clicked on

2019-07-09 18:37:21 - [MESSAGE][PASSED] - Object: 'Object Repository/APOLLO- Desktop/Shipping page/Continue to payment' is clicked on

2019-07-09 18:37:21 - [TEST_STEP][PASSED] - executeJavaScript("var previewBar = document.getElementById("preview-bar-iframe"); previewBar.style.display = "none";", []): Execute JavaScript 'var previewBar = document.getElementById("preview-bar-iframe"); previewBar.style.display = "none";' successfully

2019-07-09 18:37:21 - [MESSAGE][PASSED] - Execute JavaScript 'var previewBar = document.getElementById("preview-bar-iframe"); previewBar.style.display = "none";' successfully

2019-07-09 18:37:21 - [TEST_STEP][PASSED] - verifyTextPresent("Payment", false): Text 'Payment' is present on page 

2019-07-09 18:37:21 - [MESSAGE][PASSED] - Text 'Payment' is present on page 

2019-07-09 18:37:21 - [MESSAGE][PASSED] - Call Test Case 'Test Cases/CALL - SHIPPING TO PAYMENT' successfully]]></system-out>
         <system-err><![CDATA[]]></system-err>
      </testcase>
      <testcase name="Test Cases/CRITICAL PATH/Price comparison - Cart flyout" classname="Test Cases/CRITICAL PATH/Price comparison - Cart flyout" status="PASSED">
         <system-out><![CDATA[2019-07-09 18:37:21 - [TEST_CASE][PASSED] - Test Cases/CRITICAL PATH/Price comparison - Cart flyout: Test Cases/CRITICAL PATH/Price comparison - Cart flyout

2019-07-09 18:37:21 - [TEST_STEP][PASSED] - callTestCase(findTestCase("CALL - URL"), [:], STOP_ON_FAILURE): Call Test Case 'Test Cases/CALL - URL' successfully

2019-07-09 18:37:21 - [TEST_CASE][PASSED] - Test Cases/CALL - URL: Test Cases/CALL - URL

2019-07-09 18:37:21 - [TEST_STEP][PASSED] - openBrowser(""): Browser is opened with url: ''

2019-07-09 18:37:21 - [MESSAGE][WARNING] - A browser is already opened. Closing browser and opening a new one

2019-07-09 18:37:24 - [MESSAGE][INFO] - Starting 'Remote' driver

2019-07-09 18:37:24 - [MESSAGE][INFO] - User set preference: ['os', 'Windows']

2019-07-09 18:37:24 - [MESSAGE][INFO] - User set preference: ['os_version', '10']

2019-07-09 18:37:24 - [MESSAGE][INFO] - User set preference: ['browser', 'Chrome']

2019-07-09 18:37:24 - [MESSAGE][INFO] - User set preference: ['browser_version', '75.0']

2019-07-09 18:37:24 - [MESSAGE][INFO] - User set preference: ['resolution', '1280x1024']

2019-07-09 18:37:24 - [MESSAGE][INFO] - User set preference: ['browserstack.local', 'false']

2019-07-09 18:37:24 - [MESSAGE][INFO] - Connecting to remote web server 'https://dianatest3:Z3oqw9ysqTeRQJq5wFCp@hub-cloud.browserstack.com/wd/hub' with type 'Selenium'

2019-07-09 18:37:34 - [MESSAGE][PASSED] - Browser is opened with url: ''

2019-07-09 18:37:34 - [TEST_STEP][PASSED] - navigateToUrl("https://apollo-fireball.myshopify.com/?_ab=0&_fd=0&_sc=1&key=96c2edace7b9967f3a77c2e2b131937136039831e9ec35f31598610005fa8795&preview_theme_id=46803124304"): Navigate to 'https://apollo-fireball.myshopify.com/?_ab=0&_fd=0&_sc=1&key=96c2edace7b9967f3a77c2e2b131937136039831e9ec35f31598610005fa8795&preview_theme_id=46803124304' successfully

2019-07-09 18:37:41 - [MESSAGE][PASSED] - Navigate to 'https://apollo-fireball.myshopify.com/?_ab=0&_fd=0&_sc=1&key=96c2edace7b9967f3a77c2e2b131937136039831e9ec35f31598610005fa8795&preview_theme_id=46803124304' successfully

2019-07-09 18:37:41 - [TEST_STEP][PASSED] - executeJavaScript("var previewBar = document.getElementById("preview-bar-iframe"); previewBar.style.display = "none";", []): Execute JavaScript 'var previewBar = document.getElementById("preview-bar-iframe"); previewBar.style.display = "none";' successfully

2019-07-09 18:37:41 - [MESSAGE][PASSED] - Execute JavaScript 'var previewBar = document.getElementById("preview-bar-iframe"); previewBar.style.display = "none";' successfully

2019-07-09 18:37:41 - [TEST_STEP][PASSED] - maximizeWindow(): Current window maximized

2019-07-09 18:37:46 - [MESSAGE][PASSED] - Current window maximized

2019-07-09 18:37:46 - [MESSAGE][PASSED] - Call Test Case 'Test Cases/CALL - URL' successfully

2019-07-09 18:37:46 - [TEST_STEP][PASSED] - click(findTestObject("APOLLO- Desktop/Burger Menu/Burgermenu")): Object: 'Object Repository/APOLLO- Desktop/Burger Menu/Burgermenu' is clicked on

2019-07-09 18:37:48 - [MESSAGE][PASSED] - Object: 'Object Repository/APOLLO- Desktop/Burger Menu/Burgermenu' is clicked on

2019-07-09 18:37:48 - [TEST_STEP][PASSED] - delay(2): Delayed 2 second(s)

2019-07-09 18:37:50 - [MESSAGE][PASSED] - Delayed 2 second(s)

2019-07-09 18:37:50 - [TEST_STEP][PASSED] - click(findTestObject("APOLLO- Desktop/Burger Menu/Shop food")): Object: 'Object Repository/APOLLO- Desktop/Burger Menu/Shop food' is clicked on

2019-07-09 18:37:50 - [MESSAGE][PASSED] - Object: 'Object Repository/APOLLO- Desktop/Burger Menu/Shop food' is clicked on

2019-07-09 18:37:50 - [TEST_STEP][PASSED] - delay(2): Delayed 2 second(s)

2019-07-09 18:37:52 - [MESSAGE][PASSED] - Delayed 2 second(s)

2019-07-09 18:37:52 - [TEST_STEP][PASSED] - click(findTestObject("APOLLO- Desktop/Burger Menu/Beef")): Object: 'Object Repository/APOLLO- Desktop/Burger Menu/Beef' is clicked on

2019-07-09 18:37:57 - [MESSAGE][PASSED] - Object: 'Object Repository/APOLLO- Desktop/Burger Menu/Beef' is clicked on

2019-07-09 18:37:57 - [TEST_STEP][PASSED] - delay(2): Delayed 2 second(s)

2019-07-09 18:37:59 - [MESSAGE][PASSED] - Delayed 2 second(s)

2019-07-09 18:37:59 - [TEST_STEP][PASSED] - executeJavaScript("var previewBar = document.getElementById("preview-bar-iframe"); previewBar.style.display = "none";", []): Execute JavaScript 'var previewBar = document.getElementById("preview-bar-iframe"); previewBar.style.display = "none";' successfully

2019-07-09 18:37:59 - [MESSAGE][PASSED] - Execute JavaScript 'var previewBar = document.getElementById("preview-bar-iframe"); previewBar.style.display = "none";' successfully

2019-07-09 18:37:59 - [TEST_STEP][PASSED] - delay(2): Delayed 2 second(s)

2019-07-09 18:38:01 - [MESSAGE][PASSED] - Delayed 2 second(s)

2019-07-09 18:38:01 - [TEST_STEP][PASSED] - click(findTestObject("APOLLO- Desktop/Collection page/Beef skewers")): Object: 'Object Repository/APOLLO- Desktop/Collection page/Beef skewers' is clicked on

2019-07-09 18:38:05 - [MESSAGE][PASSED] - Object: 'Object Repository/APOLLO- Desktop/Collection page/Beef skewers' is clicked on

2019-07-09 18:38:05 - [TEST_STEP][PASSED] - executeJavaScript("var previewBar = document.getElementById("preview-bar-iframe"); previewBar.style.display = "none";", []): Execute JavaScript 'var previewBar = document.getElementById("preview-bar-iframe"); previewBar.style.display = "none";' successfully

2019-07-09 18:38:05 - [MESSAGE][PASSED] - Execute JavaScript 'var previewBar = document.getElementById("preview-bar-iframe"); previewBar.style.display = "none";' successfully

2019-07-09 18:38:05 - [TEST_STEP][PASSED] - delay(2): Delayed 2 second(s)

2019-07-09 18:38:07 - [MESSAGE][PASSED] - Delayed 2 second(s)

2019-07-09 18:38:07 - [TEST_STEP][PASSED] - click(findTestObject("APOLLO- Desktop/Product page/1 piece")): Object: 'Object Repository/APOLLO- Desktop/Product page/1 piece' is clicked on

2019-07-09 18:38:07 - [MESSAGE][PASSED] - Object: 'Object Repository/APOLLO- Desktop/Product page/1 piece' is clicked on

2019-07-09 18:38:07 - [TEST_STEP][PASSED] - delay(2): Delayed 2 second(s)

2019-07-09 18:38:09 - [MESSAGE][PASSED] - Delayed 2 second(s)

2019-07-09 18:38:09 - [TEST_STEP][PASSED] - click(findTestObject("APOLLO- Desktop/Product page/Add to bag")): Object: 'Object Repository/APOLLO- Desktop/Product page/Add to bag' is clicked on

2019-07-09 18:38:09 - [MESSAGE][PASSED] - Object: 'Object Repository/APOLLO- Desktop/Product page/Add to bag' is clicked on

2019-07-09 18:38:09 - [TEST_STEP][PASSED] - delay(2): Delayed 2 second(s)

2019-07-09 18:38:11 - [MESSAGE][PASSED] - Delayed 2 second(s)

2019-07-09 18:38:11 - [TEST_STEP][PASSED] - click(findTestObject("APOLLO- Desktop/Cart flyout/Cart collapse")): Object: 'Object Repository/APOLLO- Desktop/Cart flyout/Cart collapse' is clicked on

2019-07-09 18:38:12 - [MESSAGE][PASSED] - Object: 'Object Repository/APOLLO- Desktop/Cart flyout/Cart collapse' is clicked on

2019-07-09 18:38:12 - [TEST_STEP][PASSED] - delay(2): Delayed 2 second(s)

2019-07-09 18:38:14 - [MESSAGE][PASSED] - Delayed 2 second(s)

2019-07-09 18:38:14 - [TEST_STEP][PASSED] - delay(2): Delayed 2 second(s)

2019-07-09 18:38:16 - [MESSAGE][PASSED] - Delayed 2 second(s)

2019-07-09 18:38:16 - [TEST_STEP][PASSED] - click(findTestObject("APOLLO- Desktop/Burger Menu/Burgermenu")): Object: 'Object Repository/APOLLO- Desktop/Burger Menu/Burgermenu' is clicked on

2019-07-09 18:38:16 - [MESSAGE][PASSED] - Object: 'Object Repository/APOLLO- Desktop/Burger Menu/Burgermenu' is clicked on

2019-07-09 18:38:16 - [TEST_STEP][PASSED] - delay(2): Delayed 2 second(s)

2019-07-09 18:38:18 - [MESSAGE][PASSED] - Delayed 2 second(s)

2019-07-09 18:38:18 - [TEST_STEP][PASSED] - click(findTestObject("APOLLO- Desktop/Burger Menu/Shop food")): Object: 'Object Repository/APOLLO- Desktop/Burger Menu/Shop food' is clicked on

2019-07-09 18:38:19 - [MESSAGE][PASSED] - Object: 'Object Repository/APOLLO- Desktop/Burger Menu/Shop food' is clicked on

2019-07-09 18:38:19 - [TEST_STEP][PASSED] - delay(2): Delayed 2 second(s)

2019-07-09 18:38:21 - [MESSAGE][PASSED] - Delayed 2 second(s)

2019-07-09 18:38:21 - [TEST_STEP][PASSED] - click(findTestObject("APOLLO- Desktop/Burger Menu/Chicken")): Object: 'Object Repository/APOLLO- Desktop/Burger Menu/Chicken' is clicked on

2019-07-09 18:38:23 - [MESSAGE][PASSED] - Object: 'Object Repository/APOLLO- Desktop/Burger Menu/Chicken' is clicked on

2019-07-09 18:38:23 - [TEST_STEP][PASSED] - executeJavaScript("var previewBar = document.getElementById("preview-bar-iframe"); previewBar.style.display = "none";", []): Execute JavaScript 'var previewBar = document.getElementById("preview-bar-iframe"); previewBar.style.display = "none";' successfully

2019-07-09 18:38:23 - [MESSAGE][PASSED] - Execute JavaScript 'var previewBar = document.getElementById("preview-bar-iframe"); previewBar.style.display = "none";' successfully

2019-07-09 18:38:23 - [TEST_STEP][PASSED] - delay(2): Delayed 2 second(s)

2019-07-09 18:38:25 - [MESSAGE][PASSED] - Delayed 2 second(s)

2019-07-09 18:38:25 - [TEST_STEP][PASSED] - click(findTestObject("APOLLO- Desktop/Collection page/Grilled lemon chicken")): Object: 'Object Repository/APOLLO- Desktop/Collection page/Grilled lemon chicken' is clicked on

2019-07-09 18:38:29 - [MESSAGE][PASSED] - Object: 'Object Repository/APOLLO- Desktop/Collection page/Grilled lemon chicken' is clicked on

2019-07-09 18:38:29 - [TEST_STEP][PASSED] - delay(2): Delayed 2 second(s)

2019-07-09 18:38:31 - [MESSAGE][PASSED] - Delayed 2 second(s)

2019-07-09 18:38:31 - [TEST_STEP][PASSED] - click(findTestObject("APOLLO- Desktop/Product page/1 piece")): Object: 'Object Repository/APOLLO- Desktop/Product page/1 piece' is clicked on

2019-07-09 18:38:31 - [MESSAGE][PASSED] - Object: 'Object Repository/APOLLO- Desktop/Product page/1 piece' is clicked on

2019-07-09 18:38:31 - [TEST_STEP][PASSED] - delay(2): Delayed 2 second(s)

2019-07-09 18:38:33 - [MESSAGE][PASSED] - Delayed 2 second(s)

2019-07-09 18:38:33 - [TEST_STEP][PASSED] - click(findTestObject("APOLLO- Desktop/Product page/Add to bag")): Object: 'Object Repository/APOLLO- Desktop/Product page/Add to bag' is clicked on

2019-07-09 18:38:34 - [MESSAGE][PASSED] - Object: 'Object Repository/APOLLO- Desktop/Product page/Add to bag' is clicked on

2019-07-09 18:38:34 - [TEST_STEP][PASSED] - delay(2): Delayed 2 second(s)

2019-07-09 18:38:36 - [MESSAGE][PASSED] - Delayed 2 second(s)

2019-07-09 18:38:36 - [TEST_STEP][PASSED] - delay(2): Delayed 2 second(s)

2019-07-09 18:38:38 - [MESSAGE][PASSED] - Delayed 2 second(s)

2019-07-09 18:38:38 - [TEST_STEP][NOT_RUN] - executeJavaScript("var previewBar = document.getElementById("preview-bar-iframe"); previewBar.style.display = "none";", []): NOT_RUN: executeJavaScript("var previewBar = document.getElementById("preview-bar-iframe"); previewBar.style.display = "none";", [])

2019-07-09 18:38:38 - [MESSAGE][NOT_RUN] - NOT_RUN: executeJavaScript("var previewBar = document.getElementById("preview-bar-iframe"); previewBar.style.display = "none";", [])

2019-07-09 18:38:38 - [TEST_STEP][PASSED] - a = getText(findTestObject("APOLLO- Desktop/Cart flyout/Unit price - first product")): Text of object 'Object Repository/APOLLO- Desktop/Cart flyout/Unit price - first product' is: '$6.25'

2019-07-09 18:38:38 - [MESSAGE][PASSED] - Text of object 'Object Repository/APOLLO- Desktop/Cart flyout/Unit price - first product' is: '$6.25'

2019-07-09 18:38:38 - [TEST_STEP][PASSED] - comment("a=" + a): a=$6.25

2019-07-09 18:38:38 - [MESSAGE][INFO] - a=$6.25

2019-07-09 18:38:38 - [TEST_STEP][PASSED] - a1 = a.substring(1): null

2019-07-09 18:38:38 - [TEST_STEP][PASSED] - comment("a1=" + a1): a1=6.25

2019-07-09 18:38:38 - [MESSAGE][INFO] - a1=6.25

2019-07-09 18:38:38 - [TEST_STEP][PASSED] - b = getText(findTestObject("APOLLO- Desktop/Cart flyout/Unit price - second product")): Text of object 'Object Repository/APOLLO- Desktop/Cart flyout/Unit price - second product' is: '$8.50'

2019-07-09 18:38:38 - [MESSAGE][PASSED] - Text of object 'Object Repository/APOLLO- Desktop/Cart flyout/Unit price - second product' is: '$8.50'

2019-07-09 18:38:38 - [TEST_STEP][PASSED] - comment("b=" + b): b=$8.50

2019-07-09 18:38:38 - [MESSAGE][INFO] - b=$8.50

2019-07-09 18:38:38 - [TEST_STEP][PASSED] - b1 = b.substring(1): null

2019-07-09 18:38:38 - [TEST_STEP][PASSED] - comment("b1=" + b1): b1=8.50

2019-07-09 18:38:38 - [MESSAGE][INFO] - b1=8.50

2019-07-09 18:38:38 - [TEST_STEP][PASSED] - p1 = <not implemented yet for class: org.codehaus.groovy.ast.expr.EmptyExpression>: null

2019-07-09 18:38:38 - [TEST_STEP][PASSED] - p2 = <not implemented yet for class: org.codehaus.groovy.ast.expr.EmptyExpression>: null

2019-07-09 18:38:38 - [TEST_STEP][PASSED] - try: p1=6.25

2019-07-09 18:38:38 - [TEST_STEP][PASSED] - str = a1: null

2019-07-09 18:38:38 - [TEST_STEP][PASSED] - comment("str=" + str): str=6.25

2019-07-09 18:38:38 - [MESSAGE][INFO] - str=6.25

2019-07-09 18:38:38 - [TEST_STEP][PASSED] - p1 = Double.valueOf(str): null

2019-07-09 18:38:38 - [TEST_STEP][PASSED] - comment("p1=" + p1): p1=6.25

2019-07-09 18:38:38 - [MESSAGE][INFO] - p1=6.25

2019-07-09 18:38:38 - [TEST_STEP][PASSED] - try: p2=8.5

2019-07-09 18:38:38 - [TEST_STEP][PASSED] - str5 = b1: null

2019-07-09 18:38:38 - [TEST_STEP][PASSED] - comment("str5=" + str5): str5=8.50

2019-07-09 18:38:38 - [MESSAGE][INFO] - str5=8.50

2019-07-09 18:38:38 - [TEST_STEP][PASSED] - p2 = Double.valueOf(str5): null

2019-07-09 18:38:38 - [TEST_STEP][PASSED] - comment("p2=" + p2): p2=8.5

2019-07-09 18:38:38 - [MESSAGE][INFO] - p2=8.5

2019-07-09 18:38:38 - [TEST_STEP][PASSED] - total = p1 + p2: null

2019-07-09 18:38:38 - [TEST_STEP][PASSED] - comment("total=" + total): total=14.75

2019-07-09 18:38:38 - [MESSAGE][INFO] - total=14.75

2019-07-09 18:38:38 - [TEST_STEP][PASSED] - c = getText(findTestObject("APOLLO- Desktop/Cart flyout/Subtotal in cart flyout")): Text of object 'Object Repository/APOLLO- Desktop/Cart flyout/Subtotal in cart flyout' is: '$14.75'

2019-07-09 18:38:39 - [MESSAGE][PASSED] - Text of object 'Object Repository/APOLLO- Desktop/Cart flyout/Subtotal in cart flyout' is: '$14.75'

2019-07-09 18:38:39 - [TEST_STEP][PASSED] - comment("c=" + c): c=$14.75

2019-07-09 18:38:39 - [MESSAGE][INFO] - c=$14.75

2019-07-09 18:38:39 - [TEST_STEP][PASSED] - c1 = c.substring(1): null

2019-07-09 18:38:39 - [TEST_STEP][PASSED] - comment("c1=" + c1): c1=14.75

2019-07-09 18:38:39 - [MESSAGE][INFO] - c1=14.75

2019-07-09 18:38:39 - [TEST_STEP][PASSED] - p3 = <not implemented yet for class: org.codehaus.groovy.ast.expr.EmptyExpression>: null

2019-07-09 18:38:39 - [TEST_STEP][PASSED] - try: p3=14.75

2019-07-09 18:38:39 - [TEST_STEP][PASSED] - str = c1: null

2019-07-09 18:38:39 - [TEST_STEP][PASSED] - comment("str=" + str): str=14.75

2019-07-09 18:38:39 - [MESSAGE][INFO] - str=14.75

2019-07-09 18:38:39 - [TEST_STEP][PASSED] - p3 = Double.valueOf(str): null

2019-07-09 18:38:39 - [TEST_STEP][PASSED] - comment("p3=" + p3): p3=14.75

2019-07-09 18:38:39 - [MESSAGE][INFO] - p3=14.75

2019-07-09 18:38:39 - [TEST_STEP][PASSED] - verifyEqual(total, p3): Actual object '14.75' and expected object '14.75' are equal

2019-07-09 18:38:39 - [MESSAGE][PASSED] - Actual object '14.75' and expected object '14.75' are equal

2019-07-09 18:38:39 - [TEST_STEP][PASSED] - click(findTestObject("APOLLO- Desktop/Cart flyout/Checkout")): Object: 'Object Repository/APOLLO- Desktop/Cart flyout/Checkout' is clicked on

2019-07-09 18:38:46 - [MESSAGE][PASSED] - Object: 'Object Repository/APOLLO- Desktop/Cart flyout/Checkout' is clicked on

2019-07-09 18:38:46 - [TEST_STEP][PASSED] - callTestCase(findTestCase("CALL- CUSTOMER INFO PAGE"), [:], STOP_ON_FAILURE): Call Test Case 'Test Cases/CALL- CUSTOMER INFO PAGE' successfully

2019-07-09 18:38:46 - [TEST_CASE][PASSED] - Test Cases/CALL- CUSTOMER INFO PAGE: Test Cases/CALL- CUSTOMER INFO PAGE

2019-07-09 18:38:46 - [TEST_STEP][PASSED] - delay(2): Delayed 2 second(s)

2019-07-09 18:38:48 - [MESSAGE][PASSED] - Delayed 2 second(s)

2019-07-09 18:38:48 - [TEST_STEP][PASSED] - executeJavaScript("var previewBar = document.getElementById("preview-bar-iframe"); previewBar.style.display = "none";", []): Execute JavaScript 'var previewBar = document.getElementById("preview-bar-iframe"); previewBar.style.display = "none";' successfully

2019-07-09 18:38:48 - [MESSAGE][PASSED] - Execute JavaScript 'var previewBar = document.getElementById("preview-bar-iframe"); previewBar.style.display = "none";' successfully

2019-07-09 18:38:48 - [TEST_STEP][PASSED] - setText(findTestObject("APOLLO- Desktop/Customer Information page/Email"), "suman@gmail.com"): Text 'suman@gmail.com' is set on object 'Object Repository/APOLLO- Desktop/Customer Information page/Email'

2019-07-09 18:38:49 - [MESSAGE][PASSED] - Text 'suman@gmail.com' is set on object 'Object Repository/APOLLO- Desktop/Customer Information page/Email'

2019-07-09 18:38:49 - [TEST_STEP][PASSED] - delay(2): Delayed 2 second(s)

2019-07-09 18:38:51 - [MESSAGE][PASSED] - Delayed 2 second(s)

2019-07-09 18:38:51 - [TEST_STEP][PASSED] - setText(findTestObject("APOLLO- Desktop/Customer Information page/First name"), "suman"): Text 'suman' is set on object 'Object Repository/APOLLO- Desktop/Customer Information page/First name'

2019-07-09 18:38:52 - [MESSAGE][PASSED] - Text 'suman' is set on object 'Object Repository/APOLLO- Desktop/Customer Information page/First name'

2019-07-09 18:38:52 - [TEST_STEP][PASSED] - delay(2): Delayed 2 second(s)

2019-07-09 18:38:54 - [MESSAGE][PASSED] - Delayed 2 second(s)

2019-07-09 18:38:54 - [TEST_STEP][PASSED] - setText(findTestObject("APOLLO- Desktop/Customer Information page/Last name"), "kompelly"): Text 'kompelly' is set on object 'Object Repository/APOLLO- Desktop/Customer Information page/Last name'

2019-07-09 18:38:56 - [MESSAGE][PASSED] - Text 'kompelly' is set on object 'Object Repository/APOLLO- Desktop/Customer Information page/Last name'

2019-07-09 18:38:56 - [TEST_STEP][PASSED] - delay(2): Delayed 2 second(s)

2019-07-09 18:38:58 - [MESSAGE][PASSED] - Delayed 2 second(s)

2019-07-09 18:38:58 - [TEST_STEP][PASSED] - setText(findTestObject("APOLLO- Desktop/Customer Information page/Address"), "1435 st alxendre"): Text '1435 st alxendre' is set on object 'Object Repository/APOLLO- Desktop/Customer Information page/Address'

2019-07-09 18:39:00 - [MESSAGE][PASSED] - Text '1435 st alxendre' is set on object 'Object Repository/APOLLO- Desktop/Customer Information page/Address'

2019-07-09 18:39:00 - [TEST_STEP][PASSED] - setText(findTestObject("APOLLO- Desktop/Customer Information page/Apartment"), "220"): Text '220' is set on object 'Object Repository/APOLLO- Desktop/Customer Information page/Apartment'

2019-07-09 18:39:01 - [MESSAGE][PASSED] - Text '220' is set on object 'Object Repository/APOLLO- Desktop/Customer Information page/Apartment'

2019-07-09 18:39:01 - [TEST_STEP][PASSED] - setText(findTestObject("APOLLO- Desktop/Customer Information page/City"), "montreal"): Text 'montreal' is set on object 'Object Repository/APOLLO- Desktop/Customer Information page/City'

2019-07-09 18:39:02 - [MESSAGE][PASSED] - Text 'montreal' is set on object 'Object Repository/APOLLO- Desktop/Customer Information page/City'

2019-07-09 18:39:02 - [TEST_STEP][PASSED] - selectOptionByValue(findTestObject("APOLLO- Desktop/Customer Information page/Country dropdown"), "United States", true): All options with value 'United States' are selected in object 'Object Repository/APOLLO- Desktop/Customer Information page/Country dropdown'  using regular expression

2019-07-09 18:39:45 - [MESSAGE][PASSED] - All options with value 'United States' are selected in object 'Object Repository/APOLLO- Desktop/Customer Information page/Country dropdown'  using regular expression

2019-07-09 18:39:45 - [TEST_STEP][PASSED] - selectOptionByValue(findTestObject("APOLLO- Desktop/Customer Information page/states dropdown"), "NJ", true): All options with value 'NJ' are selected in object 'Object Repository/APOLLO- Desktop/Customer Information page/states dropdown'  using regular expression

2019-07-09 18:39:54 - [MESSAGE][PASSED] - All options with value 'NJ' are selected in object 'Object Repository/APOLLO- Desktop/Customer Information page/states dropdown'  using regular expression

2019-07-09 18:39:54 - [TEST_STEP][PASSED] - setText(findTestObject("APOLLO- Desktop/Customer Information page/ZIP code"), "07057"): Text '07057' is set on object 'Object Repository/APOLLO- Desktop/Customer Information page/ZIP code'

2019-07-09 18:39:55 - [MESSAGE][PASSED] - Text '07057' is set on object 'Object Repository/APOLLO- Desktop/Customer Information page/ZIP code'

2019-07-09 18:39:55 - [MESSAGE][PASSED] - Call Test Case 'Test Cases/CALL- CUSTOMER INFO PAGE' successfully

2019-07-09 18:39:55 - [TEST_STEP][PASSED] - delay(2): Delayed 2 second(s)

2019-07-09 18:39:57 - [MESSAGE][PASSED] - Delayed 2 second(s)

2019-07-09 18:39:57 - [TEST_STEP][PASSED] - callTestCase(findTestCase("CALL - SHIPPING TO PAYMENT"), [:], STOP_ON_FAILURE): Call Test Case 'Test Cases/CALL - SHIPPING TO PAYMENT' successfully

2019-07-09 18:39:57 - [TEST_CASE][PASSED] - Test Cases/CALL - SHIPPING TO PAYMENT: Test Cases/CALL - SHIPPING TO PAYMENT

2019-07-09 18:39:57 - [TEST_STEP][PASSED] - click(findTestObject("APOLLO- Desktop/Customer Information page/Continue to shipping")): Object: 'Object Repository/APOLLO- Desktop/Customer Information page/Continue to shipping' is clicked on

2019-07-09 18:40:00 - [MESSAGE][PASSED] - Object: 'Object Repository/APOLLO- Desktop/Customer Information page/Continue to shipping' is clicked on

2019-07-09 18:40:00 - [TEST_STEP][PASSED] - executeJavaScript("var previewBar = document.getElementById("preview-bar-iframe"); previewBar.style.display = "none";", []): Execute JavaScript 'var previewBar = document.getElementById("preview-bar-iframe"); previewBar.style.display = "none";' successfully

2019-07-09 18:40:00 - [MESSAGE][PASSED] - Execute JavaScript 'var previewBar = document.getElementById("preview-bar-iframe"); previewBar.style.display = "none";' successfully

2019-07-09 18:40:00 - [TEST_STEP][PASSED] - click(findTestObject("APOLLO- Desktop/Shipping page/Radio button check")): Object: 'Object Repository/APOLLO- Desktop/Shipping page/Radio button check' is clicked on

2019-07-09 18:40:01 - [MESSAGE][PASSED] - Object: 'Object Repository/APOLLO- Desktop/Shipping page/Radio button check' is clicked on

2019-07-09 18:40:01 - [TEST_STEP][PASSED] - executeJavaScript("var previewBar = document.getElementById("preview-bar-iframe"); previewBar.style.display = "none";", []): Execute JavaScript 'var previewBar = document.getElementById("preview-bar-iframe"); previewBar.style.display = "none";' successfully

2019-07-09 18:40:02 - [MESSAGE][PASSED] - Execute JavaScript 'var previewBar = document.getElementById("preview-bar-iframe"); previewBar.style.display = "none";' successfully

2019-07-09 18:40:02 - [TEST_STEP][PASSED] - click(findTestObject("APOLLO- Desktop/Shipping page/Continue to payment")): Object: 'Object Repository/APOLLO- Desktop/Shipping page/Continue to payment' is clicked on

2019-07-09 18:40:05 - [MESSAGE][PASSED] - Object: 'Object Repository/APOLLO- Desktop/Shipping page/Continue to payment' is clicked on

2019-07-09 18:40:05 - [TEST_STEP][PASSED] - executeJavaScript("var previewBar = document.getElementById("preview-bar-iframe"); previewBar.style.display = "none";", []): Execute JavaScript 'var previewBar = document.getElementById("preview-bar-iframe"); previewBar.style.display = "none";' successfully

2019-07-09 18:40:05 - [MESSAGE][PASSED] - Execute JavaScript 'var previewBar = document.getElementById("preview-bar-iframe"); previewBar.style.display = "none";' successfully

2019-07-09 18:40:05 - [TEST_STEP][PASSED] - verifyTextPresent("Payment", false): Text 'Payment' is present on page 

2019-07-09 18:40:06 - [MESSAGE][PASSED] - Text 'Payment' is present on page 

2019-07-09 18:40:06 - [MESSAGE][PASSED] - Call Test Case 'Test Cases/CALL - SHIPPING TO PAYMENT' successfully]]></system-out>
         <system-err><![CDATA[]]></system-err>
      </testcase>
      <system-out><![CDATA[2019-07-09 17:52:16 - [TEST_SUITE][FAILED] - 0.5.5: Test Cases/HOME PAGE/Follow us FAILED.
Reason:
com.kms.katalon.core.exception.StepFailedException: Unable to click on object 'Object Repository/APOLLO- Desktop/Home page/Follow us/button-previous' (Root cause: org.openqa.selenium.ElementNotVisibleException: element not interactable
  (Session info: chrome=75.0.3770.80)
  (Driver info: chromedriver=75.0.3770.8 (681f24ea911fe754973dda2fdc6d2a2e159dd300-refs/branch-heads/3770@{#40}),platform=Windows NT 10.0.18362 x86_64) (WARNING: The server did not provide any stacktrace information)
Command duration or timeout: 67 milliseconds
Build info: version: '2.53.0', revision: '35ae25b', time: '2016-03-15 17:00:58'
System info: host: '207-254-11-0', ip: '207.254.11.0', os.name: 'windows', os.arch: 'x86', os.version: '10.0', java.version: '1.8.0_181'
Driver info: org.openqa.selenium.chrome.ChromeDriver
Capabilities [{mobileEmulationEnabled=false, timeouts={implicit=0, pageLoad=300000, script=30000}, hasTouchScreen=false, platform=XP, acceptSslCerts=false, goog:chromeOptions={debuggerAddress=localhost:1783}, acceptInsecureCerts=false, webStorageEnabled=true, browserName=chrome, takesScreenshot=true, javascriptEnabled=true, setWindowRect=true, unexpectedAlertBehaviour=ignore, applicationCacheEnabled=false, rotatable=false, networkConnectionEnabled=false, chrome={chromedriverVersion=75.0.3770.8 (681f24ea911fe754973dda2fdc6d2a2e159dd300-refs/branch-heads/3770@{#40}), userDataDir=C:\Windows\proxy\scoped_dir9328_18684}, takesHeapSnapshot=true, pageLoadStrategy=normal, strictFileInteractability=false, databaseEnabled=false, handlesAlerts=true, version=75.0.3770.80, browserConnectionEnabled=false, proxy={}, nativeEvents=true, locationContextEnabled=true, cssSelectorsEnabled=true}]
Session ID: 8e725921466d1d6aa8f7775ad0151987
Command duration or timeout: 0 milliseconds)
	at com.kms.katalon.core.keyword.internal.KeywordMain.stepFailed(KeywordMain.groovy:36)
	at com.kms.katalon.core.webui.keyword.internal.WebUIKeywordMain.stepFailed(WebUIKeywordMain.groovy:65)
	at com.kms.katalon.core.webui.keyword.internal.WebUIKeywordMain.runKeyword(WebUIKeywordMain.groovy:27)
	at com.kms.katalon.core.webui.keyword.builtin.ClickKeyword.click(ClickKeyword.groovy:86)
	at com.kms.katalon.core.webui.keyword.builtin.ClickKeyword.execute(ClickKeyword.groovy:67)
	at com.kms.katalon.core.keyword.internal.KeywordExecutor.executeKeywordForPlatform(KeywordExecutor.groovy:53)
	at com.kms.katalon.core.webui.keyword.WebUiBuiltInKeywords.click(WebUiBuiltInKeywords.groovy:616)
	at com.kms.katalon.core.webui.keyword.WebUiBuiltInKeywords$click$3.call(Unknown Source)
	at Follow us.run(Follow us:40)
	at com.kms.katalon.core.main.ScriptEngine.run(ScriptEngine.java:194)
	at com.kms.katalon.core.main.ScriptEngine.runScriptAsRawText(ScriptEngine.java:119)
	at com.kms.katalon.core.main.TestCaseExecutor.runScript(TestCaseExecutor.java:328)
	at com.kms.katalon.core.main.TestCaseExecutor.doExecute(TestCaseExecutor.java:319)
	at com.kms.katalon.core.main.TestCaseExecutor.processExecutionPhase(TestCaseExecutor.java:298)
	at com.kms.katalon.core.main.TestCaseExecutor.accessMainPhase(TestCaseExecutor.java:290)
	at com.kms.katalon.core.main.TestCaseExecutor.execute(TestCaseExecutor.java:224)
	at com.kms.katalon.core.main.TestSuiteExecutor.accessTestCaseMainPhase(TestSuiteExecutor.java:129)
	at com.kms.katalon.core.main.TestSuiteExecutor.accessTestSuiteMainPhase(TestSuiteExecutor.java:112)
	at com.kms.katalon.core.main.TestSuiteExecutor.execute(TestSuiteExecutor.java:81)
	at com.kms.katalon.core.main.TestCaseMain.startTestSuite(TestCaseMain.java:149)
	at com.kms.katalon.core.main.TestCaseMain$startTestSuite$0.call(Unknown Source)
	at TempTestSuite1562709134358.run(TempTestSuite1562709134358.groovy:36)]]></system-out>
      <system-err><![CDATA[2019-07-09 17:52:16 - [TEST_SUITE][FAILED] - 0.5.5: Test Cases/HOME PAGE/Follow us FAILED.
Reason:
com.kms.katalon.core.exception.StepFailedException: Unable to click on object 'Object Repository/APOLLO- Desktop/Home page/Follow us/button-previous' (Root cause: org.openqa.selenium.ElementNotVisibleException: element not interactable
  (Session info: chrome=75.0.3770.80)
  (Driver info: chromedriver=75.0.3770.8 (681f24ea911fe754973dda2fdc6d2a2e159dd300-refs/branch-heads/3770@{#40}),platform=Windows NT 10.0.18362 x86_64) (WARNING: The server did not provide any stacktrace information)
Command duration or timeout: 67 milliseconds
Build info: version: '2.53.0', revision: '35ae25b', time: '2016-03-15 17:00:58'
System info: host: '207-254-11-0', ip: '207.254.11.0', os.name: 'windows', os.arch: 'x86', os.version: '10.0', java.version: '1.8.0_181'
Driver info: org.openqa.selenium.chrome.ChromeDriver
Capabilities [{mobileEmulationEnabled=false, timeouts={implicit=0, pageLoad=300000, script=30000}, hasTouchScreen=false, platform=XP, acceptSslCerts=false, goog:chromeOptions={debuggerAddress=localhost:1783}, acceptInsecureCerts=false, webStorageEnabled=true, browserName=chrome, takesScreenshot=true, javascriptEnabled=true, setWindowRect=true, unexpectedAlertBehaviour=ignore, applicationCacheEnabled=false, rotatable=false, networkConnectionEnabled=false, chrome={chromedriverVersion=75.0.3770.8 (681f24ea911fe754973dda2fdc6d2a2e159dd300-refs/branch-heads/3770@{#40}), userDataDir=C:\Windows\proxy\scoped_dir9328_18684}, takesHeapSnapshot=true, pageLoadStrategy=normal, strictFileInteractability=false, databaseEnabled=false, handlesAlerts=true, version=75.0.3770.80, browserConnectionEnabled=false, proxy={}, nativeEvents=true, locationContextEnabled=true, cssSelectorsEnabled=true}]
Session ID: 8e725921466d1d6aa8f7775ad0151987
Command duration or timeout: 0 milliseconds)
	at com.kms.katalon.core.keyword.internal.KeywordMain.stepFailed(KeywordMain.groovy:36)
	at com.kms.katalon.core.webui.keyword.internal.WebUIKeywordMain.stepFailed(WebUIKeywordMain.groovy:65)
	at com.kms.katalon.core.webui.keyword.internal.WebUIKeywordMain.runKeyword(WebUIKeywordMain.groovy:27)
	at com.kms.katalon.core.webui.keyword.builtin.ClickKeyword.click(ClickKeyword.groovy:86)
	at com.kms.katalon.core.webui.keyword.builtin.ClickKeyword.execute(ClickKeyword.groovy:67)
	at com.kms.katalon.core.keyword.internal.KeywordExecutor.executeKeywordForPlatform(KeywordExecutor.groovy:53)
	at com.kms.katalon.core.webui.keyword.WebUiBuiltInKeywords.click(WebUiBuiltInKeywords.groovy:616)
	at com.kms.katalon.core.webui.keyword.WebUiBuiltInKeywords$click$3.call(Unknown Source)
	at Follow us.run(Follow us:40)
	at com.kms.katalon.core.main.ScriptEngine.run(ScriptEngine.java:194)
	at com.kms.katalon.core.main.ScriptEngine.runScriptAsRawText(ScriptEngine.java:119)
	at com.kms.katalon.core.main.TestCaseExecutor.runScript(TestCaseExecutor.java:328)
	at com.kms.katalon.core.main.TestCaseExecutor.doExecute(TestCaseExecutor.java:319)
	at com.kms.katalon.core.main.TestCaseExecutor.processExecutionPhase(TestCaseExecutor.java:298)
	at com.kms.katalon.core.main.TestCaseExecutor.accessMainPhase(TestCaseExecutor.java:290)
	at com.kms.katalon.core.main.TestCaseExecutor.execute(TestCaseExecutor.java:224)
	at com.kms.katalon.core.main.TestSuiteExecutor.accessTestCaseMainPhase(TestSuiteExecutor.java:129)
	at com.kms.katalon.core.main.TestSuiteExecutor.accessTestSuiteMainPhase(TestSuiteExecutor.java:112)
	at com.kms.katalon.core.main.TestSuiteExecutor.execute(TestSuiteExecutor.java:81)
	at com.kms.katalon.core.main.TestCaseMain.startTestSuite(TestCaseMain.java:149)
	at com.kms.katalon.core.main.TestCaseMain$startTestSuite$0.call(Unknown Source)
	at TempTestSuite1562709134358.run(TempTestSuite1562709134358.groovy:36)]]></system-err>
   </testsuite>
</testsuites>
