<?xml version="1.0" encoding="UTF-8"?>
<testsuites name="0.5.5" time="1188" tests="16" failures="11" errors="0">
   <testsuite name="0.5.5" tests="16" failures="11" errors="0" time="1188" timestamp="2019-07-09 17:12:45" hostname="sumankompelly - 10.0.126.233" id="Test Suites/0.5.5">
      <properties>
         <property name="deviceName" value=""/>
         <property name="devicePlatform" value=""/>
         <property name="logFolder" value="/Users/sumankompelly/Katalon Studio/APOLLO - FIRE/APOLLO - FIRE- DESKTOP/Reports/0.5.5/20190709_171243"/>
         <property name="logFiles" value="/Users/sumankompelly/Katalon Studio/APOLLO - FIRE/APOLLO - FIRE- DESKTOP/Reports/0.5.5/20190709_171243/execution0.log"/>
         <property name="attachments" value="/Users/sumankompelly/Katalon Studio/APOLLO - FIRE/APOLLO - FIRE- DESKTOP/Reports/0.5.5/20190709_171243/1562706802359.png, /Users/sumankompelly/Katalon Studio/APOLLO - FIRE/APOLLO - FIRE- DESKTOP/Reports/0.5.5/20190709_171243/1562706810894.png, /Users/sumankompelly/Katalon Studio/APOLLO - FIRE/APOLLO - FIRE- DESKTOP/Reports/0.5.5/20190709_171243/1562706819303.png, /Users/sumankompelly/Katalon Studio/APOLLO - FIRE/APOLLO - FIRE- DESKTOP/Reports/0.5.5/20190709_171243/1562706827716.png, /Users/sumankompelly/Katalon Studio/APOLLO - FIRE/APOLLO - FIRE- DESKTOP/Reports/0.5.5/20190709_171243/1562706836142.png, /Users/sumankompelly/Katalon Studio/APOLLO - FIRE/APOLLO - FIRE- DESKTOP/Reports/0.5.5/20190709_171243/1562706844474.png, /Users/sumankompelly/Katalon Studio/APOLLO - FIRE/APOLLO - FIRE- DESKTOP/Reports/0.5.5/20190709_171243/1562706853827.png, /Users/sumankompelly/Katalon Studio/APOLLO - FIRE/APOLLO - FIRE- DESKTOP/Reports/0.5.5/20190709_171243/1562706860166.png, /Users/sumankompelly/Katalon Studio/APOLLO - FIRE/APOLLO - FIRE- DESKTOP/Reports/0.5.5/20190709_171243/1562706932994.png, /Users/sumankompelly/Katalon Studio/APOLLO - FIRE/APOLLO - FIRE- DESKTOP/Reports/0.5.5/20190709_171243/1562707146558.png, /Users/sumankompelly/Katalon Studio/APOLLO - FIRE/APOLLO - FIRE- DESKTOP/Reports/0.5.5/20190709_171243/1562707247152.png, /Users/sumankompelly/Katalon Studio/APOLLO - FIRE/APOLLO - FIRE- DESKTOP/Reports/0.5.5/20190709_171243/1562707577205.png, /Users/sumankompelly/Katalon Studio/APOLLO - FIRE/APOLLO - FIRE- DESKTOP/Reports/0.5.5/20190709_171243/1562707772111.png, /Users/sumankompelly/Katalon Studio/APOLLO - FIRE/APOLLO - FIRE- DESKTOP/Reports/0.5.5/20190709_171243/1562707809197.png"/>
         <property name="hostName" value="sumankompelly - 10.0.126.233"/>
         <property name="os" value="Mac OS X 64bit"/>
         <property name="katalonVersion" value="5.10.1.1"/>
         <property name="browser" value="Safari 12"/>
         <property name="hostAddress" value="10.0.126.233"/>
         <property name="sessionId" value="E2199916-0515-47BB-B1B3-5DC8B4F5A4EA"/>
         <property name="seleniumVersion" value="3.7.1"/>
         <property name="proxyInformation" value="ProxyInformation{proxyOption=NO_PROXY, proxyServerType=HTTP, password=, proxyServerAddress=, proxyServerPort=0}"/>
         <property name="platform" value="Mac OS X"/>
      </properties>
      <testcase name="Test Cases/COLLECTION PAGE/Sort" classname="Test Cases/COLLECTION PAGE/Sort" status="PASSED">
         <system-out><![CDATA[2019-07-09 17:12:45 - [TEST_CASE][PASSED] - Test Cases/COLLECTION PAGE/Sort: Test Cases/COLLECTION PAGE/Sort

2019-07-09 17:12:46 - [TEST_STEP][PASSED] - callTestCase(findTestCase("CALL - URL"), [:], STOP_ON_FAILURE): Call Test Case 'Test Cases/CALL - URL' successfully

2019-07-09 17:12:46 - [TEST_CASE][PASSED] - Test Cases/CALL - URL: Test Cases/CALL - URL

2019-07-09 17:12:46 - [TEST_STEP][PASSED] - openBrowser(""): Browser is opened with url: ''

2019-07-09 17:12:47 - [MESSAGE][INFO] - Starting 'Safari' driver

2019-07-09 17:12:47 - [MESSAGE][INFO] - Action delay is set to 0 seconds

2019-07-09 17:12:52 - [MESSAGE][PASSED] - Browser is opened with url: ''

2019-07-09 17:12:52 - [TEST_STEP][PASSED] - navigateToUrl("https://apollo-fireball.myshopify.com/?_ab=0&_fd=0&_sc=1&key=96c2edace7b9967f3a77c2e2b131937136039831e9ec35f31598610005fa8795&preview_theme_id=46803124304"): Navigate to 'https://apollo-fireball.myshopify.com/?_ab=0&_fd=0&_sc=1&key=96c2edace7b9967f3a77c2e2b131937136039831e9ec35f31598610005fa8795&preview_theme_id=46803124304' successfully

2019-07-09 17:12:56 - [MESSAGE][PASSED] - Navigate to 'https://apollo-fireball.myshopify.com/?_ab=0&_fd=0&_sc=1&key=96c2edace7b9967f3a77c2e2b131937136039831e9ec35f31598610005fa8795&preview_theme_id=46803124304' successfully

2019-07-09 17:12:56 - [TEST_STEP][PASSED] - executeJavaScript("var previewBar = document.getElementById("preview-bar-iframe"); previewBar.style.display = "none";", []): Execute JavaScript 'var previewBar = document.getElementById("preview-bar-iframe"); previewBar.style.display = "none";' successfully

2019-07-09 17:12:56 - [MESSAGE][PASSED] - Execute JavaScript 'var previewBar = document.getElementById("preview-bar-iframe"); previewBar.style.display = "none";' successfully

2019-07-09 17:12:56 - [TEST_STEP][PASSED] - maximizeWindow(): Current window maximized

2019-07-09 17:12:56 - [MESSAGE][PASSED] - Current window maximized

2019-07-09 17:12:56 - [MESSAGE][PASSED] - Call Test Case 'Test Cases/CALL - URL' successfully

2019-07-09 17:12:56 - [TEST_STEP][PASSED] - delay(2): Delayed 2 second(s)

2019-07-09 17:12:58 - [MESSAGE][PASSED] - Delayed 2 second(s)

2019-07-09 17:12:58 - [TEST_STEP][PASSED] - click(findTestObject("APOLLO- Desktop/Burger Menu/Burgermenu")): Object: 'Object Repository/APOLLO- Desktop/Burger Menu/Burgermenu' is clicked on

2019-07-09 17:13:06 - [MESSAGE][PASSED] - Object: 'Object Repository/APOLLO- Desktop/Burger Menu/Burgermenu' is clicked on

2019-07-09 17:13:06 - [TEST_STEP][PASSED] - delay(2): Delayed 2 second(s)

2019-07-09 17:13:08 - [MESSAGE][PASSED] - Delayed 2 second(s)

2019-07-09 17:13:08 - [TEST_STEP][PASSED] - click(findTestObject("APOLLO- Desktop/Burger Menu/Shop food")): Object: 'Object Repository/APOLLO- Desktop/Burger Menu/Shop food' is clicked on

2019-07-09 17:13:08 - [MESSAGE][PASSED] - Object: 'Object Repository/APOLLO- Desktop/Burger Menu/Shop food' is clicked on

2019-07-09 17:13:08 - [TEST_STEP][PASSED] - delay(2): Delayed 2 second(s)

2019-07-09 17:13:10 - [MESSAGE][PASSED] - Delayed 2 second(s)

2019-07-09 17:13:10 - [TEST_STEP][PASSED] - click(findTestObject("APOLLO- Desktop/Burger Menu/Beef")): Object: 'Object Repository/APOLLO- Desktop/Burger Menu/Beef' is clicked on

2019-07-09 17:13:10 - [MESSAGE][PASSED] - Object: 'Object Repository/APOLLO- Desktop/Burger Menu/Beef' is clicked on

2019-07-09 17:13:10 - [TEST_STEP][PASSED] - delay(2): Delayed 2 second(s)

2019-07-09 17:13:12 - [MESSAGE][PASSED] - Delayed 2 second(s)

2019-07-09 17:13:12 - [TEST_STEP][PASSED] - executeJavaScript("var previewBar = document.getElementById("preview-bar-iframe"); previewBar.style.display = "none";", []): Execute JavaScript 'var previewBar = document.getElementById("preview-bar-iframe"); previewBar.style.display = "none";' successfully

2019-07-09 17:13:12 - [MESSAGE][PASSED] - Execute JavaScript 'var previewBar = document.getElementById("preview-bar-iframe"); previewBar.style.display = "none";' successfully

2019-07-09 17:13:12 - [TEST_STEP][PASSED] - delay(2): Delayed 2 second(s)

2019-07-09 17:13:14 - [MESSAGE][PASSED] - Delayed 2 second(s)

2019-07-09 17:13:14 - [TEST_STEP][NOT_RUN] - click(findTestObject("APOLLO- Desktop/Collection page/Beef skewers")): NOT_RUN: click(findTestObject("APOLLO- Desktop/Collection page/Beef skewers"))

2019-07-09 17:13:14 - [MESSAGE][NOT_RUN] - NOT_RUN: click(findTestObject("APOLLO- Desktop/Collection page/Beef skewers"))

2019-07-09 17:13:14 - [TEST_STEP][NOT_RUN] - executeJavaScript("var previewBar = document.getElementById("preview-bar-iframe"); previewBar.style.display = "none";", []): NOT_RUN: executeJavaScript("var previewBar = document.getElementById("preview-bar-iframe"); previewBar.style.display = "none";", [])

2019-07-09 17:13:14 - [MESSAGE][NOT_RUN] - NOT_RUN: executeJavaScript("var previewBar = document.getElementById("preview-bar-iframe"); previewBar.style.display = "none";", [])

2019-07-09 17:13:14 - [TEST_STEP][NOT_RUN] - delay(2): NOT_RUN: delay(2)

2019-07-09 17:13:14 - [MESSAGE][NOT_RUN] - NOT_RUN: delay(2)

2019-07-09 17:13:14 - [TEST_STEP][NOT_RUN] - delay(2): NOT_RUN: delay(2)

2019-07-09 17:13:14 - [MESSAGE][NOT_RUN] - NOT_RUN: delay(2)

2019-07-09 17:13:14 - [TEST_STEP][NOT_RUN] - click(findTestObject("APOLLO- Desktop/Burger Menu/Shop food")): NOT_RUN: click(findTestObject("APOLLO- Desktop/Burger Menu/Shop food"))

2019-07-09 17:13:14 - [MESSAGE][NOT_RUN] - NOT_RUN: click(findTestObject("APOLLO- Desktop/Burger Menu/Shop food"))

2019-07-09 17:13:14 - [TEST_STEP][NOT_RUN] - delay(2): NOT_RUN: delay(2)

2019-07-09 17:13:14 - [MESSAGE][NOT_RUN] - NOT_RUN: delay(2)

2019-07-09 17:13:14 - [TEST_STEP][NOT_RUN] - click(findTestObject("APOLLO- Desktop/Burger Menu/Beef")): NOT_RUN: click(findTestObject("APOLLO- Desktop/Burger Menu/Beef"))

2019-07-09 17:13:14 - [MESSAGE][NOT_RUN] - NOT_RUN: click(findTestObject("APOLLO- Desktop/Burger Menu/Beef"))

2019-07-09 17:13:14 - [TEST_STEP][NOT_RUN] - delay(2): NOT_RUN: delay(2)

2019-07-09 17:13:14 - [MESSAGE][NOT_RUN] - NOT_RUN: delay(2)

2019-07-09 17:13:14 - [TEST_STEP][NOT_RUN] - click(findTestObject("APOLLO- Desktop/Burger Menu/Shirts link")): NOT_RUN: click(findTestObject("APOLLO- Desktop/Burger Menu/Shirts link"))

2019-07-09 17:13:14 - [MESSAGE][NOT_RUN] - NOT_RUN: click(findTestObject("APOLLO- Desktop/Burger Menu/Shirts link"))

2019-07-09 17:13:14 - [TEST_STEP][NOT_RUN] - executeJavaScript("var previewBar = document.getElementById("preview-bar-iframe"); previewBar.style.display = "none";", []): NOT_RUN: executeJavaScript("var previewBar = document.getElementById("preview-bar-iframe"); previewBar.style.display = "none";", [])

2019-07-09 17:13:14 - [MESSAGE][NOT_RUN] - NOT_RUN: executeJavaScript("var previewBar = document.getElementById("preview-bar-iframe"); previewBar.style.display = "none";", [])

2019-07-09 17:13:14 - [TEST_STEP][NOT_RUN] - delay(2): NOT_RUN: delay(2)

2019-07-09 17:13:14 - [MESSAGE][NOT_RUN] - NOT_RUN: delay(2)

2019-07-09 17:13:14 - [TEST_STEP][NOT_RUN] - executeJavaScript("var previewBar = document.getElementById("preview-bar-iframe"); previewBar.style.display = "none";", []): NOT_RUN: executeJavaScript("var previewBar = document.getElementById("preview-bar-iframe"); previewBar.style.display = "none";", [])

2019-07-09 17:13:14 - [MESSAGE][NOT_RUN] - NOT_RUN: executeJavaScript("var previewBar = document.getElementById("preview-bar-iframe"); previewBar.style.display = "none";", [])

2019-07-09 17:13:14 - [TEST_STEP][NOT_RUN] - delay(2): NOT_RUN: delay(2)

2019-07-09 17:13:14 - [MESSAGE][NOT_RUN] - NOT_RUN: delay(2)

2019-07-09 17:13:14 - [TEST_STEP][PASSED] - click(findTestObject("APOLLO- Desktop/Collection page/sort/Filter dropdown")): Object: 'Object Repository/APOLLO- Desktop/Collection page/sort/Filter dropdown' is clicked on

2019-07-09 17:13:16 - [MESSAGE][PASSED] - Object: 'Object Repository/APOLLO- Desktop/Collection page/sort/Filter dropdown' is clicked on

2019-07-09 17:13:16 - [TEST_STEP][PASSED] - delay(2): Delayed 2 second(s)

2019-07-09 17:13:18 - [MESSAGE][PASSED] - Delayed 2 second(s)

2019-07-09 17:13:18 - [TEST_STEP][PASSED] - click(findTestObject("APOLLO- Desktop/Collection page/sort/Featured")): Object: 'Object Repository/APOLLO- Desktop/Collection page/sort/Featured' is clicked on

2019-07-09 17:13:18 - [MESSAGE][PASSED] - Object: 'Object Repository/APOLLO- Desktop/Collection page/sort/Featured' is clicked on

2019-07-09 17:13:18 - [TEST_STEP][PASSED] - delay(2): Delayed 2 second(s)

2019-07-09 17:13:20 - [MESSAGE][PASSED] - Delayed 2 second(s)

2019-07-09 17:13:20 - [TEST_STEP][PASSED] - click(findTestObject("APOLLO- Desktop/Collection page/sort/Filter dropdown")): Object: 'Object Repository/APOLLO- Desktop/Collection page/sort/Filter dropdown' is clicked on

2019-07-09 17:13:20 - [MESSAGE][PASSED] - Object: 'Object Repository/APOLLO- Desktop/Collection page/sort/Filter dropdown' is clicked on

2019-07-09 17:13:20 - [TEST_STEP][PASSED] - delay(2): Delayed 2 second(s)

2019-07-09 17:13:22 - [MESSAGE][PASSED] - Delayed 2 second(s)

2019-07-09 17:13:22 - [TEST_STEP][PASSED] - takeScreenshot(): Taking screenshot successfully

2019-07-09 17:13:22 - [MESSAGE][PASSED] - Taking screenshot successfully
[[ATTACHMENT|/Users/sumankompelly/Katalon Studio/APOLLO - FIRE/APOLLO - FIRE- DESKTOP/Reports/0.5.5/20190709_171243/1562706802359.png]]

2019-07-09 17:13:22 - [TEST_STEP][PASSED] - delay(2): Delayed 2 second(s)

2019-07-09 17:13:24 - [MESSAGE][PASSED] - Delayed 2 second(s)

2019-07-09 17:13:24 - [TEST_STEP][PASSED] - click(findTestObject("APOLLO- Desktop/Collection page/sort/Filter dropdown")): Object: 'Object Repository/APOLLO- Desktop/Collection page/sort/Filter dropdown' is clicked on

2019-07-09 17:13:24 - [MESSAGE][PASSED] - Object: 'Object Repository/APOLLO- Desktop/Collection page/sort/Filter dropdown' is clicked on

2019-07-09 17:13:24 - [TEST_STEP][PASSED] - delay(2): Delayed 2 second(s)

2019-07-09 17:13:26 - [MESSAGE][PASSED] - Delayed 2 second(s)

2019-07-09 17:13:26 - [TEST_STEP][PASSED] - click(findTestObject("APOLLO- Desktop/Collection page/sort/Best selling")): Object: 'Object Repository/APOLLO- Desktop/Collection page/sort/Best selling' is clicked on

2019-07-09 17:13:26 - [MESSAGE][PASSED] - Object: 'Object Repository/APOLLO- Desktop/Collection page/sort/Best selling' is clicked on

2019-07-09 17:13:26 - [TEST_STEP][PASSED] - delay(2): Delayed 2 second(s)

2019-07-09 17:13:28 - [MESSAGE][PASSED] - Delayed 2 second(s)

2019-07-09 17:13:28 - [TEST_STEP][PASSED] - click(findTestObject("APOLLO- Desktop/Collection page/sort/Filter dropdown")): Object: 'Object Repository/APOLLO- Desktop/Collection page/sort/Filter dropdown' is clicked on

2019-07-09 17:13:28 - [MESSAGE][PASSED] - Object: 'Object Repository/APOLLO- Desktop/Collection page/sort/Filter dropdown' is clicked on

2019-07-09 17:13:28 - [TEST_STEP][PASSED] - delay(2): Delayed 2 second(s)

2019-07-09 17:13:30 - [MESSAGE][PASSED] - Delayed 2 second(s)

2019-07-09 17:13:30 - [TEST_STEP][PASSED] - takeScreenshot(): Taking screenshot successfully

2019-07-09 17:13:31 - [MESSAGE][PASSED] - Taking screenshot successfully
[[ATTACHMENT|/Users/sumankompelly/Katalon Studio/APOLLO - FIRE/APOLLO - FIRE- DESKTOP/Reports/0.5.5/20190709_171243/1562706810894.png]]

2019-07-09 17:13:31 - [TEST_STEP][PASSED] - delay(2): Delayed 2 second(s)

2019-07-09 17:13:33 - [MESSAGE][PASSED] - Delayed 2 second(s)

2019-07-09 17:13:33 - [TEST_STEP][PASSED] - click(findTestObject("APOLLO- Desktop/Collection page/sort/Filter dropdown")): Object: 'Object Repository/APOLLO- Desktop/Collection page/sort/Filter dropdown' is clicked on

2019-07-09 17:13:33 - [MESSAGE][PASSED] - Object: 'Object Repository/APOLLO- Desktop/Collection page/sort/Filter dropdown' is clicked on

2019-07-09 17:13:33 - [TEST_STEP][PASSED] - delay(2): Delayed 2 second(s)

2019-07-09 17:13:35 - [MESSAGE][PASSED] - Delayed 2 second(s)

2019-07-09 17:13:35 - [TEST_STEP][PASSED] - click(findTestObject("APOLLO- Desktop/Collection page/sort/Alphabetically A-Z")): Object: 'Object Repository/APOLLO- Desktop/Collection page/sort/Alphabetically A-Z' is clicked on

2019-07-09 17:13:35 - [MESSAGE][PASSED] - Object: 'Object Repository/APOLLO- Desktop/Collection page/sort/Alphabetically A-Z' is clicked on

2019-07-09 17:13:35 - [TEST_STEP][PASSED] - delay(2): Delayed 2 second(s)

2019-07-09 17:13:37 - [MESSAGE][PASSED] - Delayed 2 second(s)

2019-07-09 17:13:37 - [TEST_STEP][PASSED] - click(findTestObject("APOLLO- Desktop/Collection page/sort/Filter dropdown")): Object: 'Object Repository/APOLLO- Desktop/Collection page/sort/Filter dropdown' is clicked on

2019-07-09 17:13:37 - [MESSAGE][PASSED] - Object: 'Object Repository/APOLLO- Desktop/Collection page/sort/Filter dropdown' is clicked on

2019-07-09 17:13:37 - [TEST_STEP][PASSED] - delay(2): Delayed 2 second(s)

2019-07-09 17:13:39 - [MESSAGE][PASSED] - Delayed 2 second(s)

2019-07-09 17:13:39 - [TEST_STEP][PASSED] - takeScreenshot(): Taking screenshot successfully

2019-07-09 17:13:39 - [MESSAGE][PASSED] - Taking screenshot successfully
[[ATTACHMENT|/Users/sumankompelly/Katalon Studio/APOLLO - FIRE/APOLLO - FIRE- DESKTOP/Reports/0.5.5/20190709_171243/1562706819303.png]]

2019-07-09 17:13:39 - [TEST_STEP][PASSED] - delay(2): Delayed 2 second(s)

2019-07-09 17:13:41 - [MESSAGE][PASSED] - Delayed 2 second(s)

2019-07-09 17:13:41 - [TEST_STEP][PASSED] - click(findTestObject("APOLLO- Desktop/Collection page/sort/Filter dropdown")): Object: 'Object Repository/APOLLO- Desktop/Collection page/sort/Filter dropdown' is clicked on

2019-07-09 17:13:41 - [MESSAGE][PASSED] - Object: 'Object Repository/APOLLO- Desktop/Collection page/sort/Filter dropdown' is clicked on

2019-07-09 17:13:41 - [TEST_STEP][PASSED] - delay(2): Delayed 2 second(s)

2019-07-09 17:13:43 - [MESSAGE][PASSED] - Delayed 2 second(s)

2019-07-09 17:13:43 - [TEST_STEP][PASSED] - click(findTestObject("APOLLO- Desktop/Collection page/sort/Alphabetically Z-A")): Object: 'Object Repository/APOLLO- Desktop/Collection page/sort/Alphabetically Z-A' is clicked on

2019-07-09 17:13:43 - [MESSAGE][PASSED] - Object: 'Object Repository/APOLLO- Desktop/Collection page/sort/Alphabetically Z-A' is clicked on

2019-07-09 17:13:43 - [TEST_STEP][PASSED] - delay(2): Delayed 2 second(s)

2019-07-09 17:13:45 - [MESSAGE][PASSED] - Delayed 2 second(s)

2019-07-09 17:13:45 - [TEST_STEP][PASSED] - click(findTestObject("APOLLO- Desktop/Collection page/sort/Filter dropdown")): Object: 'Object Repository/APOLLO- Desktop/Collection page/sort/Filter dropdown' is clicked on

2019-07-09 17:13:45 - [MESSAGE][PASSED] - Object: 'Object Repository/APOLLO- Desktop/Collection page/sort/Filter dropdown' is clicked on

2019-07-09 17:13:45 - [TEST_STEP][PASSED] - delay(2): Delayed 2 second(s)

2019-07-09 17:13:47 - [MESSAGE][PASSED] - Delayed 2 second(s)

2019-07-09 17:13:47 - [TEST_STEP][PASSED] - takeScreenshot(): Taking screenshot successfully

2019-07-09 17:13:47 - [MESSAGE][PASSED] - Taking screenshot successfully
[[ATTACHMENT|/Users/sumankompelly/Katalon Studio/APOLLO - FIRE/APOLLO - FIRE- DESKTOP/Reports/0.5.5/20190709_171243/1562706827716.png]]

2019-07-09 17:13:47 - [TEST_STEP][PASSED] - delay(2): Delayed 2 second(s)

2019-07-09 17:13:49 - [MESSAGE][PASSED] - Delayed 2 second(s)

2019-07-09 17:13:49 - [TEST_STEP][PASSED] - click(findTestObject("APOLLO- Desktop/Collection page/sort/Filter dropdown")): Object: 'Object Repository/APOLLO- Desktop/Collection page/sort/Filter dropdown' is clicked on

2019-07-09 17:13:50 - [MESSAGE][PASSED] - Object: 'Object Repository/APOLLO- Desktop/Collection page/sort/Filter dropdown' is clicked on

2019-07-09 17:13:50 - [TEST_STEP][PASSED] - delay(2): Delayed 2 second(s)

2019-07-09 17:13:52 - [MESSAGE][PASSED] - Delayed 2 second(s)

2019-07-09 17:13:52 - [TEST_STEP][PASSED] - click(findTestObject("APOLLO- Desktop/Collection page/sort/Price-Low to high")): Object: 'Object Repository/APOLLO- Desktop/Collection page/sort/Price-Low to high' is clicked on

2019-07-09 17:13:52 - [MESSAGE][PASSED] - Object: 'Object Repository/APOLLO- Desktop/Collection page/sort/Price-Low to high' is clicked on

2019-07-09 17:13:52 - [TEST_STEP][PASSED] - delay(2): Delayed 2 second(s)

2019-07-09 17:13:54 - [MESSAGE][PASSED] - Delayed 2 second(s)

2019-07-09 17:13:54 - [TEST_STEP][PASSED] - click(findTestObject("APOLLO- Desktop/Collection page/sort/Filter dropdown")): Object: 'Object Repository/APOLLO- Desktop/Collection page/sort/Filter dropdown' is clicked on

2019-07-09 17:13:54 - [MESSAGE][PASSED] - Object: 'Object Repository/APOLLO- Desktop/Collection page/sort/Filter dropdown' is clicked on

2019-07-09 17:13:54 - [TEST_STEP][PASSED] - delay(2): Delayed 2 second(s)

2019-07-09 17:13:56 - [MESSAGE][PASSED] - Delayed 2 second(s)

2019-07-09 17:13:56 - [TEST_STEP][PASSED] - takeScreenshot(): Taking screenshot successfully

2019-07-09 17:13:56 - [MESSAGE][PASSED] - Taking screenshot successfully
[[ATTACHMENT|/Users/sumankompelly/Katalon Studio/APOLLO - FIRE/APOLLO - FIRE- DESKTOP/Reports/0.5.5/20190709_171243/1562706836142.png]]

2019-07-09 17:13:56 - [TEST_STEP][PASSED] - delay(2): Delayed 2 second(s)

2019-07-09 17:13:58 - [MESSAGE][PASSED] - Delayed 2 second(s)

2019-07-09 17:13:58 - [TEST_STEP][PASSED] - click(findTestObject("APOLLO- Desktop/Collection page/sort/Filter dropdown")): Object: 'Object Repository/APOLLO- Desktop/Collection page/sort/Filter dropdown' is clicked on

2019-07-09 17:13:58 - [MESSAGE][PASSED] - Object: 'Object Repository/APOLLO- Desktop/Collection page/sort/Filter dropdown' is clicked on

2019-07-09 17:13:58 - [TEST_STEP][PASSED] - delay(2): Delayed 2 second(s)

2019-07-09 17:14:00 - [MESSAGE][PASSED] - Delayed 2 second(s)

2019-07-09 17:14:00 - [TEST_STEP][PASSED] - click(findTestObject("APOLLO- Desktop/Collection page/sort/price-High to low")): Object: 'Object Repository/APOLLO- Desktop/Collection page/sort/price-High to low' is clicked on

2019-07-09 17:14:00 - [MESSAGE][PASSED] - Object: 'Object Repository/APOLLO- Desktop/Collection page/sort/price-High to low' is clicked on

2019-07-09 17:14:00 - [TEST_STEP][PASSED] - delay(2): Delayed 2 second(s)

2019-07-09 17:14:02 - [MESSAGE][PASSED] - Delayed 2 second(s)

2019-07-09 17:14:02 - [TEST_STEP][PASSED] - click(findTestObject("APOLLO- Desktop/Collection page/sort/Filter dropdown")): Object: 'Object Repository/APOLLO- Desktop/Collection page/sort/Filter dropdown' is clicked on

2019-07-09 17:14:02 - [MESSAGE][PASSED] - Object: 'Object Repository/APOLLO- Desktop/Collection page/sort/Filter dropdown' is clicked on

2019-07-09 17:14:02 - [TEST_STEP][PASSED] - delay(2): Delayed 2 second(s)

2019-07-09 17:14:04 - [MESSAGE][PASSED] - Delayed 2 second(s)

2019-07-09 17:14:04 - [TEST_STEP][PASSED] - takeScreenshot(): Taking screenshot successfully

2019-07-09 17:14:04 - [MESSAGE][PASSED] - Taking screenshot successfully
[[ATTACHMENT|/Users/sumankompelly/Katalon Studio/APOLLO - FIRE/APOLLO - FIRE- DESKTOP/Reports/0.5.5/20190709_171243/1562706844474.png]]

2019-07-09 17:14:04 - [TEST_STEP][PASSED] - delay(2): Delayed 2 second(s)

2019-07-09 17:14:06 - [MESSAGE][PASSED] - Delayed 2 second(s)

2019-07-09 17:14:06 - [TEST_STEP][PASSED] - click(findTestObject("APOLLO- Desktop/Collection page/sort/Filter dropdown")): Object: 'Object Repository/APOLLO- Desktop/Collection page/sort/Filter dropdown' is clicked on

2019-07-09 17:14:06 - [MESSAGE][PASSED] - Object: 'Object Repository/APOLLO- Desktop/Collection page/sort/Filter dropdown' is clicked on

2019-07-09 17:14:06 - [TEST_STEP][PASSED] - delay(2): Delayed 2 second(s)

2019-07-09 17:14:08 - [MESSAGE][PASSED] - Delayed 2 second(s)

2019-07-09 17:14:08 - [TEST_STEP][PASSED] - click(findTestObject("APOLLO- Desktop/Collection page/sort/Date - old to new")): Object: 'Object Repository/APOLLO- Desktop/Collection page/sort/Date - old to new' is clicked on

2019-07-09 17:14:08 - [MESSAGE][PASSED] - Object: 'Object Repository/APOLLO- Desktop/Collection page/sort/Date - old to new' is clicked on

2019-07-09 17:14:08 - [TEST_STEP][PASSED] - delay(3): Delayed 3 second(s)

2019-07-09 17:14:11 - [MESSAGE][PASSED] - Delayed 3 second(s)

2019-07-09 17:14:11 - [TEST_STEP][PASSED] - click(findTestObject("APOLLO- Desktop/Collection page/sort/Filter dropdown")): Object: 'Object Repository/APOLLO- Desktop/Collection page/sort/Filter dropdown' is clicked on

2019-07-09 17:14:11 - [MESSAGE][PASSED] - Object: 'Object Repository/APOLLO- Desktop/Collection page/sort/Filter dropdown' is clicked on

2019-07-09 17:14:11 - [TEST_STEP][PASSED] - delay(2): Delayed 2 second(s)

2019-07-09 17:14:13 - [MESSAGE][PASSED] - Delayed 2 second(s)

2019-07-09 17:14:13 - [TEST_STEP][PASSED] - takeScreenshot(): Taking screenshot successfully

2019-07-09 17:14:14 - [MESSAGE][PASSED] - Taking screenshot successfully
[[ATTACHMENT|/Users/sumankompelly/Katalon Studio/APOLLO - FIRE/APOLLO - FIRE- DESKTOP/Reports/0.5.5/20190709_171243/1562706853827.png]]

2019-07-09 17:14:14 - [TEST_STEP][PASSED] - delay(2): Delayed 2 second(s)

2019-07-09 17:14:16 - [MESSAGE][PASSED] - Delayed 2 second(s)

2019-07-09 17:14:16 - [TEST_STEP][PASSED] - click(findTestObject("APOLLO- Desktop/Collection page/sort/Filter dropdown")): Object: 'Object Repository/APOLLO- Desktop/Collection page/sort/Filter dropdown' is clicked on

2019-07-09 17:14:16 - [MESSAGE][PASSED] - Object: 'Object Repository/APOLLO- Desktop/Collection page/sort/Filter dropdown' is clicked on

2019-07-09 17:14:16 - [TEST_STEP][PASSED] - delay(2): Delayed 2 second(s)

2019-07-09 17:14:18 - [MESSAGE][PASSED] - Delayed 2 second(s)

2019-07-09 17:14:18 - [TEST_STEP][PASSED] - click(findTestObject("APOLLO- Desktop/Collection page/sort/Date- new to old")): Object: 'Object Repository/APOLLO- Desktop/Collection page/sort/Date- new to old' is clicked on

2019-07-09 17:14:18 - [MESSAGE][PASSED] - Object: 'Object Repository/APOLLO- Desktop/Collection page/sort/Date- new to old' is clicked on

2019-07-09 17:14:18 - [TEST_STEP][PASSED] - delay(2): Delayed 2 second(s)

2019-07-09 17:14:20 - [MESSAGE][PASSED] - Delayed 2 second(s)

2019-07-09 17:14:20 - [TEST_STEP][PASSED] - click(findTestObject("APOLLO- Desktop/Collection page/sort/Filter dropdown")): Object: 'Object Repository/APOLLO- Desktop/Collection page/sort/Filter dropdown' is clicked on

2019-07-09 17:14:20 - [MESSAGE][PASSED] - Object: 'Object Repository/APOLLO- Desktop/Collection page/sort/Filter dropdown' is clicked on

2019-07-09 17:14:20 - [TEST_STEP][PASSED] - takeScreenshot(): Taking screenshot successfully

2019-07-09 17:14:20 - [MESSAGE][PASSED] - Taking screenshot successfully
[[ATTACHMENT|/Users/sumankompelly/Katalon Studio/APOLLO - FIRE/APOLLO - FIRE- DESKTOP/Reports/0.5.5/20190709_171243/1562706860166.png]]

2019-07-09 17:14:20 - [TEST_STEP][PASSED] - delay(2): Delayed 2 second(s)

2019-07-09 17:14:22 - [MESSAGE][PASSED] - Delayed 2 second(s)]]></system-out>
         <system-err><![CDATA[]]></system-err>
      </testcase>
      <testcase name="Test Cases/COLLECTION PAGE/Prouducts layout style" classname="Test Cases/COLLECTION PAGE/Prouducts layout style" status="PASSED">
         <system-out><![CDATA[2019-07-09 17:14:22 - [TEST_CASE][PASSED] - Test Cases/COLLECTION PAGE/Prouducts layout style: Test Cases/COLLECTION PAGE/Prouducts layout style

2019-07-09 17:14:22 - [TEST_STEP][PASSED] - callTestCase(findTestCase("CALL - URL"), [:], STOP_ON_FAILURE): Call Test Case 'Test Cases/CALL - URL' successfully

2019-07-09 17:14:22 - [TEST_CASE][PASSED] - Test Cases/CALL - URL: Test Cases/CALL - URL

2019-07-09 17:14:22 - [TEST_STEP][PASSED] - openBrowser(""): Browser is opened with url: ''

2019-07-09 17:14:22 - [MESSAGE][WARNING] - A browser is already opened. Closing browser and opening a new one

2019-07-09 17:14:22 - [MESSAGE][INFO] - Starting 'Safari' driver

2019-07-09 17:14:23 - [MESSAGE][PASSED] - Browser is opened with url: ''

2019-07-09 17:14:23 - [TEST_STEP][PASSED] - navigateToUrl("https://apollo-fireball.myshopify.com/?_ab=0&_fd=0&_sc=1&key=96c2edace7b9967f3a77c2e2b131937136039831e9ec35f31598610005fa8795&preview_theme_id=46803124304"): Navigate to 'https://apollo-fireball.myshopify.com/?_ab=0&_fd=0&_sc=1&key=96c2edace7b9967f3a77c2e2b131937136039831e9ec35f31598610005fa8795&preview_theme_id=46803124304' successfully

2019-07-09 17:14:25 - [MESSAGE][PASSED] - Navigate to 'https://apollo-fireball.myshopify.com/?_ab=0&_fd=0&_sc=1&key=96c2edace7b9967f3a77c2e2b131937136039831e9ec35f31598610005fa8795&preview_theme_id=46803124304' successfully

2019-07-09 17:14:25 - [TEST_STEP][PASSED] - executeJavaScript("var previewBar = document.getElementById("preview-bar-iframe"); previewBar.style.display = "none";", []): Execute JavaScript 'var previewBar = document.getElementById("preview-bar-iframe"); previewBar.style.display = "none";' successfully

2019-07-09 17:14:25 - [MESSAGE][PASSED] - Execute JavaScript 'var previewBar = document.getElementById("preview-bar-iframe"); previewBar.style.display = "none";' successfully

2019-07-09 17:14:25 - [TEST_STEP][PASSED] - maximizeWindow(): Current window maximized

2019-07-09 17:14:25 - [MESSAGE][PASSED] - Current window maximized

2019-07-09 17:14:25 - [MESSAGE][PASSED] - Call Test Case 'Test Cases/CALL - URL' successfully

2019-07-09 17:14:25 - [TEST_STEP][PASSED] - delay(2): Delayed 2 second(s)

2019-07-09 17:14:27 - [MESSAGE][PASSED] - Delayed 2 second(s)

2019-07-09 17:14:27 - [TEST_STEP][PASSED] - click(findTestObject("APOLLO- Desktop/Burger Menu/Burgermenu")): Object: 'Object Repository/APOLLO- Desktop/Burger Menu/Burgermenu' is clicked on

2019-07-09 17:14:27 - [MESSAGE][PASSED] - Object: 'Object Repository/APOLLO- Desktop/Burger Menu/Burgermenu' is clicked on

2019-07-09 17:14:27 - [TEST_STEP][PASSED] - delay(2): Delayed 2 second(s)

2019-07-09 17:14:29 - [MESSAGE][PASSED] - Delayed 2 second(s)

2019-07-09 17:14:29 - [TEST_STEP][PASSED] - click(findTestObject("APOLLO- Desktop/Burger Menu/Shop food")): Object: 'Object Repository/APOLLO- Desktop/Burger Menu/Shop food' is clicked on

2019-07-09 17:14:29 - [MESSAGE][PASSED] - Object: 'Object Repository/APOLLO- Desktop/Burger Menu/Shop food' is clicked on

2019-07-09 17:14:29 - [TEST_STEP][PASSED] - delay(2): Delayed 2 second(s)

2019-07-09 17:14:31 - [MESSAGE][PASSED] - Delayed 2 second(s)

2019-07-09 17:14:31 - [TEST_STEP][PASSED] - click(findTestObject("APOLLO- Desktop/Burger Menu/Beef")): Object: 'Object Repository/APOLLO- Desktop/Burger Menu/Beef' is clicked on

2019-07-09 17:14:31 - [MESSAGE][PASSED] - Object: 'Object Repository/APOLLO- Desktop/Burger Menu/Beef' is clicked on

2019-07-09 17:14:31 - [TEST_STEP][PASSED] - delay(2): Delayed 2 second(s)

2019-07-09 17:14:33 - [MESSAGE][PASSED] - Delayed 2 second(s)

2019-07-09 17:14:33 - [TEST_STEP][PASSED] - executeJavaScript("var previewBar = document.getElementById("preview-bar-iframe"); previewBar.style.display = "none";", []): Execute JavaScript 'var previewBar = document.getElementById("preview-bar-iframe"); previewBar.style.display = "none";' successfully

2019-07-09 17:14:33 - [MESSAGE][PASSED] - Execute JavaScript 'var previewBar = document.getElementById("preview-bar-iframe"); previewBar.style.display = "none";' successfully

2019-07-09 17:14:33 - [TEST_STEP][PASSED] - delay(2): Delayed 2 second(s)

2019-07-09 17:14:35 - [MESSAGE][PASSED] - Delayed 2 second(s)

2019-07-09 17:14:35 - [TEST_STEP][PASSED] - click(findTestObject("APOLLO- Desktop/Collection page/layout less")): Object: 'Object Repository/APOLLO- Desktop/Collection page/layout less' is clicked on

2019-07-09 17:14:38 - [MESSAGE][PASSED] - Object: 'Object Repository/APOLLO- Desktop/Collection page/layout less' is clicked on

2019-07-09 17:14:38 - [TEST_STEP][PASSED] - delay(2): Delayed 2 second(s)

2019-07-09 17:14:40 - [MESSAGE][PASSED] - Delayed 2 second(s)

2019-07-09 17:14:40 - [TEST_STEP][PASSED] - a = getPageHeight(): Current page's height is 4372

2019-07-09 17:14:40 - [MESSAGE][PASSED] - Current page's height is 4372

2019-07-09 17:14:40 - [TEST_STEP][PASSED] - comment("a=" + a): a=4372

2019-07-09 17:14:40 - [MESSAGE][INFO] - a=4372

2019-07-09 17:14:40 - [TEST_STEP][PASSED] - delay(2): Delayed 2 second(s)

2019-07-09 17:14:42 - [MESSAGE][PASSED] - Delayed 2 second(s)

2019-07-09 17:14:42 - [TEST_STEP][PASSED] - click(findTestObject("APOLLO- Desktop/Collection page/layout more")): Object: 'Object Repository/APOLLO- Desktop/Collection page/layout more' is clicked on

2019-07-09 17:14:43 - [MESSAGE][PASSED] - Object: 'Object Repository/APOLLO- Desktop/Collection page/layout more' is clicked on

2019-07-09 17:14:43 - [TEST_STEP][PASSED] - delay(2): Delayed 2 second(s)

2019-07-09 17:14:45 - [MESSAGE][PASSED] - Delayed 2 second(s)

2019-07-09 17:14:45 - [TEST_STEP][PASSED] - b = getPageHeight(): Current page's height is 2306

2019-07-09 17:14:45 - [MESSAGE][PASSED] - Current page's height is 2306

2019-07-09 17:14:45 - [TEST_STEP][PASSED] - comment("b=" + b): b=2306

2019-07-09 17:14:45 - [MESSAGE][INFO] - b=2306

2019-07-09 17:14:45 - [TEST_STEP][PASSED] - verifyLessThan(b, a): Actual number '2,306' is less than expected number '4,372'

2019-07-09 17:14:45 - [MESSAGE][PASSED] - Actual number '2,306' is less than expected number '4,372']]></system-out>
         <system-err><![CDATA[]]></system-err>
      </testcase>
      <testcase name="Test Cases/COLLECTION PAGE/Filter" classname="Test Cases/COLLECTION PAGE/Filter" status="PASSED">
         <system-out><![CDATA[2019-07-09 17:14:45 - [TEST_CASE][PASSED] - Test Cases/COLLECTION PAGE/Filter: Test Cases/COLLECTION PAGE/Filter

2019-07-09 17:14:45 - [TEST_STEP][PASSED] - callTestCase(findTestCase("CALL - URL"), [:], STOP_ON_FAILURE): Call Test Case 'Test Cases/CALL - URL' successfully

2019-07-09 17:14:45 - [TEST_CASE][PASSED] - Test Cases/CALL - URL: Test Cases/CALL - URL

2019-07-09 17:14:45 - [TEST_STEP][PASSED] - openBrowser(""): Browser is opened with url: ''

2019-07-09 17:14:45 - [MESSAGE][WARNING] - A browser is already opened. Closing browser and opening a new one

2019-07-09 17:14:45 - [MESSAGE][INFO] - Starting 'Safari' driver

2019-07-09 17:14:46 - [MESSAGE][PASSED] - Browser is opened with url: ''

2019-07-09 17:14:46 - [TEST_STEP][PASSED] - navigateToUrl("https://apollo-fireball.myshopify.com/?_ab=0&_fd=0&_sc=1&key=96c2edace7b9967f3a77c2e2b131937136039831e9ec35f31598610005fa8795&preview_theme_id=46803124304"): Navigate to 'https://apollo-fireball.myshopify.com/?_ab=0&_fd=0&_sc=1&key=96c2edace7b9967f3a77c2e2b131937136039831e9ec35f31598610005fa8795&preview_theme_id=46803124304' successfully

2019-07-09 17:14:48 - [MESSAGE][PASSED] - Navigate to 'https://apollo-fireball.myshopify.com/?_ab=0&_fd=0&_sc=1&key=96c2edace7b9967f3a77c2e2b131937136039831e9ec35f31598610005fa8795&preview_theme_id=46803124304' successfully

2019-07-09 17:14:48 - [TEST_STEP][PASSED] - executeJavaScript("var previewBar = document.getElementById("preview-bar-iframe"); previewBar.style.display = "none";", []): Execute JavaScript 'var previewBar = document.getElementById("preview-bar-iframe"); previewBar.style.display = "none";' successfully

2019-07-09 17:14:48 - [MESSAGE][PASSED] - Execute JavaScript 'var previewBar = document.getElementById("preview-bar-iframe"); previewBar.style.display = "none";' successfully

2019-07-09 17:14:48 - [TEST_STEP][PASSED] - maximizeWindow(): Current window maximized

2019-07-09 17:14:48 - [MESSAGE][PASSED] - Current window maximized

2019-07-09 17:14:48 - [MESSAGE][PASSED] - Call Test Case 'Test Cases/CALL - URL' successfully

2019-07-09 17:14:48 - [TEST_STEP][PASSED] - delay(2): Delayed 2 second(s)

2019-07-09 17:14:50 - [MESSAGE][PASSED] - Delayed 2 second(s)

2019-07-09 17:14:50 - [TEST_STEP][PASSED] - click(findTestObject("APOLLO- Desktop/Burger Menu/Burgermenu")): Object: 'Object Repository/APOLLO- Desktop/Burger Menu/Burgermenu' is clicked on

2019-07-09 17:14:50 - [MESSAGE][PASSED] - Object: 'Object Repository/APOLLO- Desktop/Burger Menu/Burgermenu' is clicked on

2019-07-09 17:14:50 - [TEST_STEP][PASSED] - delay(2): Delayed 2 second(s)

2019-07-09 17:14:52 - [MESSAGE][PASSED] - Delayed 2 second(s)

2019-07-09 17:14:52 - [TEST_STEP][PASSED] - click(findTestObject("APOLLO- Desktop/Burger Menu/Shop food")): Object: 'Object Repository/APOLLO- Desktop/Burger Menu/Shop food' is clicked on

2019-07-09 17:14:52 - [MESSAGE][PASSED] - Object: 'Object Repository/APOLLO- Desktop/Burger Menu/Shop food' is clicked on

2019-07-09 17:14:52 - [TEST_STEP][PASSED] - delay(2): Delayed 2 second(s)

2019-07-09 17:14:54 - [MESSAGE][PASSED] - Delayed 2 second(s)

2019-07-09 17:14:54 - [TEST_STEP][PASSED] - click(findTestObject("APOLLO- Desktop/Burger Menu/Sides")): Object: 'Object Repository/APOLLO- Desktop/Burger Menu/Sides' is clicked on

2019-07-09 17:14:54 - [MESSAGE][PASSED] - Object: 'Object Repository/APOLLO- Desktop/Burger Menu/Sides' is clicked on

2019-07-09 17:14:54 - [TEST_STEP][PASSED] - delay(2): Delayed 2 second(s)

2019-07-09 17:14:56 - [MESSAGE][PASSED] - Delayed 2 second(s)

2019-07-09 17:14:56 - [TEST_STEP][PASSED] - executeJavaScript("var previewBar = document.getElementById("preview-bar-iframe"); previewBar.style.display = "none";", []): Execute JavaScript 'var previewBar = document.getElementById("preview-bar-iframe"); previewBar.style.display = "none";' successfully

2019-07-09 17:14:56 - [MESSAGE][PASSED] - Execute JavaScript 'var previewBar = document.getElementById("preview-bar-iframe"); previewBar.style.display = "none";' successfully

2019-07-09 17:14:56 - [TEST_STEP][PASSED] - delay(2): Delayed 2 second(s)

2019-07-09 17:14:58 - [MESSAGE][PASSED] - Delayed 2 second(s)

2019-07-09 17:14:58 - [TEST_STEP][PASSED] - click(findTestObject("APOLLO- Desktop/Collection page/Filter/Filter dropdown")): Object: 'Object Repository/APOLLO- Desktop/Collection page/Filter/Filter dropdown' is clicked on

2019-07-09 17:14:58 - [MESSAGE][PASSED] - Object: 'Object Repository/APOLLO- Desktop/Collection page/Filter/Filter dropdown' is clicked on

2019-07-09 17:14:58 - [TEST_STEP][PASSED] - delay(2): Delayed 2 second(s)

2019-07-09 17:15:00 - [MESSAGE][PASSED] - Delayed 2 second(s)

2019-07-09 17:15:00 - [TEST_STEP][PASSED] - click(findTestObject("APOLLO- Desktop/Collection page/Filter/Pork")): Object: 'Object Repository/APOLLO- Desktop/Collection page/Filter/Pork' is clicked on

2019-07-09 17:15:00 - [MESSAGE][PASSED] - Object: 'Object Repository/APOLLO- Desktop/Collection page/Filter/Pork' is clicked on

2019-07-09 17:15:00 - [TEST_STEP][PASSED] - delay(2): Delayed 2 second(s)

2019-07-09 17:15:02 - [MESSAGE][PASSED] - Delayed 2 second(s)

2019-07-09 17:15:02 - [TEST_STEP][PASSED] - click(findTestObject("APOLLO- Desktop/Collection page/Filter/Filter dropdown")): Object: 'Object Repository/APOLLO- Desktop/Collection page/Filter/Filter dropdown' is clicked on

2019-07-09 17:15:02 - [MESSAGE][PASSED] - Object: 'Object Repository/APOLLO- Desktop/Collection page/Filter/Filter dropdown' is clicked on

2019-07-09 17:15:02 - [TEST_STEP][PASSED] - delay(2): Delayed 2 second(s)

2019-07-09 17:15:04 - [MESSAGE][PASSED] - Delayed 2 second(s)

2019-07-09 17:15:04 - [TEST_STEP][PASSED] - a = getText(findTestObject("APOLLO- Desktop/Collection page/Filter/Filtered count")): Text of object 'Object Repository/APOLLO- Desktop/Collection page/Filter/Filtered count' is: '1'

2019-07-09 17:15:04 - [MESSAGE][PASSED] - Text of object 'Object Repository/APOLLO- Desktop/Collection page/Filter/Filtered count' is: '1'

2019-07-09 17:15:04 - [TEST_STEP][PASSED] - delay(2): Delayed 2 second(s)

2019-07-09 17:15:06 - [MESSAGE][PASSED] - Delayed 2 second(s)

2019-07-09 17:15:06 - [TEST_STEP][PASSED] - comment("a=" + a): a=1

2019-07-09 17:15:06 - [MESSAGE][INFO] - a=1

2019-07-09 17:15:06 - [TEST_STEP][PASSED] - b = 0: null

2019-07-09 17:15:06 - [TEST_STEP][PASSED] - verifyNotEqual("a", "b"): Actual object 'a' and expected object 'b' are not equal

2019-07-09 17:15:06 - [MESSAGE][PASSED] - Actual object 'a' and expected object 'b' are not equal

2019-07-09 17:15:06 - [TEST_STEP][PASSED] - delay(2): Delayed 2 second(s)

2019-07-09 17:15:08 - [MESSAGE][PASSED] - Delayed 2 second(s)

2019-07-09 17:15:08 - [TEST_STEP][PASSED] - click(findTestObject("APOLLO- Desktop/Collection page/Filter/Filter dropdown")): Object: 'Object Repository/APOLLO- Desktop/Collection page/Filter/Filter dropdown' is clicked on

2019-07-09 17:15:08 - [MESSAGE][PASSED] - Object: 'Object Repository/APOLLO- Desktop/Collection page/Filter/Filter dropdown' is clicked on

2019-07-09 17:15:08 - [TEST_STEP][PASSED] - delay(2): Delayed 2 second(s)

2019-07-09 17:15:10 - [MESSAGE][PASSED] - Delayed 2 second(s)

2019-07-09 17:15:10 - [TEST_STEP][PASSED] - click(findTestObject("APOLLO- Desktop/Collection page/Filter/Sides")): Object: 'Object Repository/APOLLO- Desktop/Collection page/Filter/Sides' is clicked on

2019-07-09 17:15:10 - [MESSAGE][PASSED] - Object: 'Object Repository/APOLLO- Desktop/Collection page/Filter/Sides' is clicked on

2019-07-09 17:15:10 - [TEST_STEP][PASSED] - delay(2): Delayed 2 second(s)

2019-07-09 17:15:12 - [MESSAGE][PASSED] - Delayed 2 second(s)

2019-07-09 17:15:12 - [TEST_STEP][PASSED] - click(findTestObject("APOLLO- Desktop/Collection page/Filter/Filter dropdown")): Object: 'Object Repository/APOLLO- Desktop/Collection page/Filter/Filter dropdown' is clicked on

2019-07-09 17:15:12 - [MESSAGE][PASSED] - Object: 'Object Repository/APOLLO- Desktop/Collection page/Filter/Filter dropdown' is clicked on

2019-07-09 17:15:12 - [TEST_STEP][PASSED] - delay(2): Delayed 2 second(s)

2019-07-09 17:15:14 - [MESSAGE][PASSED] - Delayed 2 second(s)

2019-07-09 17:15:14 - [TEST_STEP][PASSED] - a4 = getText(findTestObject("APOLLO- Desktop/Collection page/Filter/Filtered count")): Text of object 'Object Repository/APOLLO- Desktop/Collection page/Filter/Filtered count' is: '6'

2019-07-09 17:15:14 - [MESSAGE][PASSED] - Text of object 'Object Repository/APOLLO- Desktop/Collection page/Filter/Filtered count' is: '6'

2019-07-09 17:15:14 - [TEST_STEP][PASSED] - comment("a4=" + a4): a4=6

2019-07-09 17:15:14 - [MESSAGE][INFO] - a4=6

2019-07-09 17:15:14 - [TEST_STEP][PASSED] - verifyNotEqual("a4", "b"): Actual object 'a4' and expected object 'b' are not equal

2019-07-09 17:15:14 - [MESSAGE][PASSED] - Actual object 'a4' and expected object 'b' are not equal

2019-07-09 17:15:14 - [TEST_STEP][PASSED] - delay(4): Delayed 4 second(s)

2019-07-09 17:15:18 - [MESSAGE][PASSED] - Delayed 4 second(s)

2019-07-09 17:15:18 - [TEST_STEP][PASSED] - delay(2): Delayed 2 second(s)

2019-07-09 17:15:20 - [MESSAGE][PASSED] - Delayed 2 second(s)

2019-07-09 17:15:20 - [TEST_STEP][PASSED] - click(findTestObject("APOLLO- Desktop/Collection page/Filter/a_Clear all filters")): Object: 'Object Repository/APOLLO- Desktop/Collection page/Filter/a_Clear all filters' is clicked on

2019-07-09 17:15:21 - [MESSAGE][PASSED] - Object: 'Object Repository/APOLLO- Desktop/Collection page/Filter/a_Clear all filters' is clicked on

2019-07-09 17:15:21 - [TEST_STEP][PASSED] - delay(2): Delayed 2 second(s)

2019-07-09 17:15:23 - [MESSAGE][PASSED] - Delayed 2 second(s)

2019-07-09 17:15:23 - [TEST_STEP][PASSED] - a12 = getText(findTestObject("APOLLO- Desktop/Collection page/Filter/Filtered count")): Text of object 'Object Repository/APOLLO- Desktop/Collection page/Filter/Filtered count' is: '6'

2019-07-09 17:15:23 - [MESSAGE][PASSED] - Text of object 'Object Repository/APOLLO- Desktop/Collection page/Filter/Filtered count' is: '6'

2019-07-09 17:15:23 - [TEST_STEP][PASSED] - delay(2): Delayed 2 second(s)

2019-07-09 17:15:25 - [MESSAGE][PASSED] - Delayed 2 second(s)

2019-07-09 17:15:25 - [TEST_STEP][PASSED] - comment("a12=" + a12): a12=6

2019-07-09 17:15:25 - [MESSAGE][INFO] - a12=6

2019-07-09 17:15:25 - [TEST_STEP][PASSED] - verifyNotEqual("a12", "b"): Actual object 'a12' and expected object 'b' are not equal

2019-07-09 17:15:25 - [MESSAGE][PASSED] - Actual object 'a12' and expected object 'b' are not equal]]></system-out>
         <system-err><![CDATA[]]></system-err>
      </testcase>
      <testcase name="Test Cases/HOME PAGE/Welcome to ur store and gettting hungry" classname="Test Cases/HOME PAGE/Welcome to ur store and gettting hungry" status="FAILED">
         <failure type="FAILED" message="Test Cases/HOME PAGE/Welcome to ur store and gettting hungry FAILED.
Reason:
com.kms.katalon.core.exception.StepFailedException: Unable to execute JavaScript. (Root cause: org.openqa.selenium.JavascriptException: A JavaScript exception occured: null is not an object (evaluating 'previewBar.style')
Build info: version: '3.7.1', revision: '8a0099a', time: '2017-11-06T21:07:36.161Z'
System info: host: 'sumans-MacBook-Pro.local', ip: 'fe80:0:0:0:47c:ca88:4245:b7a7%en0', os.name: 'Mac OS X', os.arch: 'x86_64', os.version: '10.13.6', java.version: '1.8.0_181'
Driver info: com.kms.katalon.selenium.driver.CSafariDriver
Capabilities {acceptInsecureCerts: false, browserName: Safari, browserVersion: 12.1, javascriptEnabled: true, platform: MAC, platformName: MAC, safari:automaticInspection: false, safari:automaticProfiling: false, safari:diagnose: false, setWindowRect: true, strictFileInteractability: false, webkit:WebRTC: {DisableICECandidateFiltering: false, DisableInsecureMediaCapture: false}}
Session ID: C89B8BE8-89C3-4BD6-B938-2D4061DEF654)
	at com.kms.katalon.core.keyword.internal.KeywordMain.stepFailed(KeywordMain.groovy:36)
	at com.kms.katalon.core.webui.keyword.internal.WebUIKeywordMain.stepFailed(WebUIKeywordMain.groovy:65)
	at com.kms.katalon.core.webui.keyword.internal.WebUIKeywordMain.runKeyword(WebUIKeywordMain.groovy:27)
	at com.kms.katalon.core.webui.keyword.builtin.ExecuteJavaScriptKeyword.executeJavascript(ExecuteJavascriptKeyword.groovy:42)
	at com.kms.katalon.core.webui.keyword.builtin.ExecuteJavaScriptKeyword.execute(ExecuteJavascriptKeyword.groovy:37)
	at com.kms.katalon.core.keyword.internal.KeywordExecutor.executeKeywordForPlatform(KeywordExecutor.groovy:53)
	at com.kms.katalon.core.webui.keyword.WebUiBuiltInKeywords.executeJavaScript(WebUiBuiltInKeywords.groovy:3787)
	at com.kms.katalon.core.webui.keyword.WebUiBuiltInKeywords$executeJavaScript$1.call(Unknown Source)
	at Welcome to ur store and gettting hungry.run(Welcome to ur store and gettting hungry:29)
	at com.kms.katalon.core.main.ScriptEngine.run(ScriptEngine.java:194)
	at com.kms.katalon.core.main.ScriptEngine.runScriptAsRawText(ScriptEngine.java:119)
	at com.kms.katalon.core.main.TestCaseExecutor.runScript(TestCaseExecutor.java:328)
	at com.kms.katalon.core.main.TestCaseExecutor.doExecute(TestCaseExecutor.java:319)
	at com.kms.katalon.core.main.TestCaseExecutor.processExecutionPhase(TestCaseExecutor.java:298)
	at com.kms.katalon.core.main.TestCaseExecutor.accessMainPhase(TestCaseExecutor.java:290)
	at com.kms.katalon.core.main.TestCaseExecutor.execute(TestCaseExecutor.java:224)
	at com.kms.katalon.core.main.TestSuiteExecutor.accessTestCaseMainPhase(TestSuiteExecutor.java:129)
	at com.kms.katalon.core.main.TestSuiteExecutor.accessTestSuiteMainPhase(TestSuiteExecutor.java:112)
	at com.kms.katalon.core.main.TestSuiteExecutor.execute(TestSuiteExecutor.java:81)
	at com.kms.katalon.core.main.TestCaseMain.startTestSuite(TestCaseMain.java:149)
	at com.kms.katalon.core.main.TestCaseMain$startTestSuite$0.call(Unknown Source)
	at TempTestSuite1562706763156.run(TempTestSuite1562706763156.groovy:36)
"/>
         <system-out><![CDATA[2019-07-09 17:15:25 - [TEST_CASE][FAILED] - Test Cases/HOME PAGE/Welcome to ur store and gettting hungry: Test Cases/HOME PAGE/Welcome to ur store and gettting hungry FAILED.
Reason:
com.kms.katalon.core.exception.StepFailedException: Unable to execute JavaScript. (Root cause: org.openqa.selenium.JavascriptException: A JavaScript exception occured: null is not an object (evaluating 'previewBar.style')
Build info: version: '3.7.1', revision: '8a0099a', time: '2017-11-06T21:07:36.161Z'
System info: host: 'sumans-MacBook-Pro.local', ip: 'fe80:0:0:0:47c:ca88:4245:b7a7%en0', os.name: 'Mac OS X', os.arch: 'x86_64', os.version: '10.13.6', java.version: '1.8.0_181'
Driver info: com.kms.katalon.selenium.driver.CSafariDriver
Capabilities {acceptInsecureCerts: false, browserName: Safari, browserVersion: 12.1, javascriptEnabled: true, platform: MAC, platformName: MAC, safari:automaticInspection: false, safari:automaticProfiling: false, safari:diagnose: false, setWindowRect: true, strictFileInteractability: false, webkit:WebRTC: {DisableICECandidateFiltering: false, DisableInsecureMediaCapture: false}}
Session ID: C89B8BE8-89C3-4BD6-B938-2D4061DEF654)
	at com.kms.katalon.core.keyword.internal.KeywordMain.stepFailed(KeywordMain.groovy:36)
	at com.kms.katalon.core.webui.keyword.internal.WebUIKeywordMain.stepFailed(WebUIKeywordMain.groovy:65)
	at com.kms.katalon.core.webui.keyword.internal.WebUIKeywordMain.runKeyword(WebUIKeywordMain.groovy:27)
	at com.kms.katalon.core.webui.keyword.builtin.ExecuteJavaScriptKeyword.executeJavascript(ExecuteJavascriptKeyword.groovy:42)
	at com.kms.katalon.core.webui.keyword.builtin.ExecuteJavaScriptKeyword.execute(ExecuteJavascriptKeyword.groovy:37)
	at com.kms.katalon.core.keyword.internal.KeywordExecutor.executeKeywordForPlatform(KeywordExecutor.groovy:53)
	at com.kms.katalon.core.webui.keyword.WebUiBuiltInKeywords.executeJavaScript(WebUiBuiltInKeywords.groovy:3787)
	at com.kms.katalon.core.webui.keyword.WebUiBuiltInKeywords$executeJavaScript$1.call(Unknown Source)
	at Welcome to ur store and gettting hungry.run(Welcome to ur store and gettting hungry:29)
	at com.kms.katalon.core.main.ScriptEngine.run(ScriptEngine.java:194)
	at com.kms.katalon.core.main.ScriptEngine.runScriptAsRawText(ScriptEngine.java:119)
	at com.kms.katalon.core.main.TestCaseExecutor.runScript(TestCaseExecutor.java:328)
	at com.kms.katalon.core.main.TestCaseExecutor.doExecute(TestCaseExecutor.java:319)
	at com.kms.katalon.core.main.TestCaseExecutor.processExecutionPhase(TestCaseExecutor.java:298)
	at com.kms.katalon.core.main.TestCaseExecutor.accessMainPhase(TestCaseExecutor.java:290)
	at com.kms.katalon.core.main.TestCaseExecutor.execute(TestCaseExecutor.java:224)
	at com.kms.katalon.core.main.TestSuiteExecutor.accessTestCaseMainPhase(TestSuiteExecutor.java:129)
	at com.kms.katalon.core.main.TestSuiteExecutor.accessTestSuiteMainPhase(TestSuiteExecutor.java:112)
	at com.kms.katalon.core.main.TestSuiteExecutor.execute(TestSuiteExecutor.java:81)
	at com.kms.katalon.core.main.TestCaseMain.startTestSuite(TestCaseMain.java:149)
	at com.kms.katalon.core.main.TestCaseMain$startTestSuite$0.call(Unknown Source)
	at TempTestSuite1562706763156.run(TempTestSuite1562706763156.groovy:36)


2019-07-09 17:15:25 - [TEST_STEP][PASSED] - callTestCase(findTestCase("CALL - URL"), [:], STOP_ON_FAILURE): Call Test Case 'Test Cases/CALL - URL' successfully

2019-07-09 17:15:25 - [TEST_CASE][PASSED] - Test Cases/CALL - URL: Test Cases/CALL - URL

2019-07-09 17:15:25 - [TEST_STEP][PASSED] - openBrowser(""): Browser is opened with url: ''

2019-07-09 17:15:25 - [MESSAGE][WARNING] - A browser is already opened. Closing browser and opening a new one

2019-07-09 17:15:25 - [MESSAGE][INFO] - Starting 'Safari' driver

2019-07-09 17:15:26 - [MESSAGE][PASSED] - Browser is opened with url: ''

2019-07-09 17:15:26 - [TEST_STEP][PASSED] - navigateToUrl("https://apollo-fireball.myshopify.com/?_ab=0&_fd=0&_sc=1&key=96c2edace7b9967f3a77c2e2b131937136039831e9ec35f31598610005fa8795&preview_theme_id=46803124304"): Navigate to 'https://apollo-fireball.myshopify.com/?_ab=0&_fd=0&_sc=1&key=96c2edace7b9967f3a77c2e2b131937136039831e9ec35f31598610005fa8795&preview_theme_id=46803124304' successfully

2019-07-09 17:15:28 - [MESSAGE][PASSED] - Navigate to 'https://apollo-fireball.myshopify.com/?_ab=0&_fd=0&_sc=1&key=96c2edace7b9967f3a77c2e2b131937136039831e9ec35f31598610005fa8795&preview_theme_id=46803124304' successfully

2019-07-09 17:15:28 - [TEST_STEP][PASSED] - executeJavaScript("var previewBar = document.getElementById("preview-bar-iframe"); previewBar.style.display = "none";", []): Execute JavaScript 'var previewBar = document.getElementById("preview-bar-iframe"); previewBar.style.display = "none";' successfully

2019-07-09 17:15:28 - [MESSAGE][PASSED] - Execute JavaScript 'var previewBar = document.getElementById("preview-bar-iframe"); previewBar.style.display = "none";' successfully

2019-07-09 17:15:28 - [TEST_STEP][PASSED] - maximizeWindow(): Current window maximized

2019-07-09 17:15:28 - [MESSAGE][PASSED] - Current window maximized

2019-07-09 17:15:28 - [MESSAGE][PASSED] - Call Test Case 'Test Cases/CALL - URL' successfully

2019-07-09 17:15:28 - [TEST_STEP][PASSED] - delay(2): Delayed 2 second(s)

2019-07-09 17:15:30 - [MESSAGE][PASSED] - Delayed 2 second(s)

2019-07-09 17:15:30 - [TEST_STEP][PASSED] - scrollToElement(findTestObject("APOLLO- Desktop/Home page/Welcome to our store/Welcome to ur stire"), 0): Scroll to object 'Object Repository/APOLLO- Desktop/Home page/Welcome to our store/Welcome to ur stire' successfully

2019-07-09 17:15:30 - [MESSAGE][WARNING] - Timeout '0' is invalid. Using default page load timeout: '30'

2019-07-09 17:15:30 - [MESSAGE][PASSED] - Scroll to object 'Object Repository/APOLLO- Desktop/Home page/Welcome to our store/Welcome to ur stire' successfully

2019-07-09 17:15:30 - [TEST_STEP][PASSED] - delay(2): Delayed 2 second(s)

2019-07-09 17:15:32 - [MESSAGE][PASSED] - Delayed 2 second(s)

2019-07-09 17:15:32 - [TEST_STEP][PASSED] - click(findTestObject("APOLLO- Desktop/Home page/Welcome to our store/About Us")): Object: 'Object Repository/APOLLO- Desktop/Home page/Welcome to our store/About Us' is clicked on

2019-07-09 17:15:32 - [MESSAGE][PASSED] - Object: 'Object Repository/APOLLO- Desktop/Home page/Welcome to our store/About Us' is clicked on

2019-07-09 17:15:32 - [TEST_STEP][PASSED] - back(): Navigate back successfully

2019-07-09 17:15:32 - [MESSAGE][PASSED] - Navigate back successfully

2019-07-09 17:15:32 - [TEST_STEP][FAILED] - executeJavaScript("var previewBar = document.getElementById("preview-bar-iframe"); previewBar.style.display = "none";", []): executeJavaScript("var previewBar = document.getElementById("preview-bar-iframe"); previewBar.style.display = "none";", []) FAILED.
Reason:
com.kms.katalon.core.exception.StepFailedException: Unable to execute JavaScript. (Root cause: org.openqa.selenium.JavascriptException: A JavaScript exception occured: null is not an object (evaluating 'previewBar.style')
Build info: version: '3.7.1', revision: '8a0099a', time: '2017-11-06T21:07:36.161Z'
System info: host: 'sumans-MacBook-Pro.local', ip: 'fe80:0:0:0:47c:ca88:4245:b7a7%en0', os.name: 'Mac OS X', os.arch: 'x86_64', os.version: '10.13.6', java.version: '1.8.0_181'
Driver info: com.kms.katalon.selenium.driver.CSafariDriver
Capabilities {acceptInsecureCerts: false, browserName: Safari, browserVersion: 12.1, javascriptEnabled: true, platform: MAC, platformName: MAC, safari:automaticInspection: false, safari:automaticProfiling: false, safari:diagnose: false, setWindowRect: true, strictFileInteractability: false, webkit:WebRTC: {DisableICECandidateFiltering: false, DisableInsecureMediaCapture: false}}
Session ID: C89B8BE8-89C3-4BD6-B938-2D4061DEF654)
	at com.kms.katalon.core.keyword.internal.KeywordMain.stepFailed(KeywordMain.groovy:36)
	at com.kms.katalon.core.webui.keyword.internal.WebUIKeywordMain.stepFailed(WebUIKeywordMain.groovy:65)
	at com.kms.katalon.core.webui.keyword.internal.WebUIKeywordMain.runKeyword(WebUIKeywordMain.groovy:27)
	at com.kms.katalon.core.webui.keyword.builtin.ExecuteJavaScriptKeyword.executeJavascript(ExecuteJavascriptKeyword.groovy:42)
	at com.kms.katalon.core.webui.keyword.builtin.ExecuteJavaScriptKeyword.execute(ExecuteJavascriptKeyword.groovy:37)
	at com.kms.katalon.core.keyword.internal.KeywordExecutor.executeKeywordForPlatform(KeywordExecutor.groovy:53)
	at com.kms.katalon.core.webui.keyword.WebUiBuiltInKeywords.executeJavaScript(WebUiBuiltInKeywords.groovy:3787)
	at com.kms.katalon.core.webui.keyword.WebUiBuiltInKeywords$executeJavaScript$1.call(Unknown Source)
	at Welcome to ur store and gettting hungry.run(Welcome to ur store and gettting hungry:29)
	at com.kms.katalon.core.main.ScriptEngine.run(ScriptEngine.java:194)
	at com.kms.katalon.core.main.ScriptEngine.runScriptAsRawText(ScriptEngine.java:119)
	at com.kms.katalon.core.main.TestCaseExecutor.runScript(TestCaseExecutor.java:328)
	at com.kms.katalon.core.main.TestCaseExecutor.doExecute(TestCaseExecutor.java:319)
	at com.kms.katalon.core.main.TestCaseExecutor.processExecutionPhase(TestCaseExecutor.java:298)
	at com.kms.katalon.core.main.TestCaseExecutor.accessMainPhase(TestCaseExecutor.java:290)
	at com.kms.katalon.core.main.TestCaseExecutor.execute(TestCaseExecutor.java:224)
	at com.kms.katalon.core.main.TestSuiteExecutor.accessTestCaseMainPhase(TestSuiteExecutor.java:129)
	at com.kms.katalon.core.main.TestSuiteExecutor.accessTestSuiteMainPhase(TestSuiteExecutor.java:112)
	at com.kms.katalon.core.main.TestSuiteExecutor.execute(TestSuiteExecutor.java:81)
	at com.kms.katalon.core.main.TestCaseMain.startTestSuite(TestCaseMain.java:149)
	at com.kms.katalon.core.main.TestCaseMain$startTestSuite$0.call(Unknown Source)
	at TempTestSuite1562706763156.run(TempTestSuite1562706763156.groovy:36)


2019-07-09 17:15:33 - [MESSAGE][FAILED] - Unable to execute JavaScript. (Root cause: org.openqa.selenium.JavascriptException: A JavaScript exception occured: null is not an object (evaluating 'previewBar.style')
Build info: version: '3.7.1', revision: '8a0099a', time: '2017-11-06T21:07:36.161Z'
System info: host: 'sumans-MacBook-Pro.local', ip: 'fe80:0:0:0:47c:ca88:4245:b7a7%en0', os.name: 'Mac OS X', os.arch: 'x86_64', os.version: '10.13.6', java.version: '1.8.0_181'
Driver info: com.kms.katalon.selenium.driver.CSafariDriver
Capabilities {acceptInsecureCerts: false, browserName: Safari, browserVersion: 12.1, javascriptEnabled: true, platform: MAC, platformName: MAC, safari:automaticInspection: false, safari:automaticProfiling: false, safari:diagnose: false, setWindowRect: true, strictFileInteractability: false, webkit:WebRTC: {DisableICECandidateFiltering: false, DisableInsecureMediaCapture: false}}
Session ID: C89B8BE8-89C3-4BD6-B938-2D4061DEF654)
[[ATTACHMENT|/Users/sumankompelly/Katalon Studio/APOLLO - FIRE/APOLLO - FIRE- DESKTOP/Reports/0.5.5/20190709_171243/1562706932994.png]]

2019-07-09 17:15:33 - [MESSAGE][FAILED] - executeJavaScript("var previewBar = document.getElementById("preview-bar-iframe"); previewBar.style.display = "none";", []) FAILED.
Reason:
com.kms.katalon.core.exception.StepFailedException: Unable to execute JavaScript. (Root cause: org.openqa.selenium.JavascriptException: A JavaScript exception occured: null is not an object (evaluating 'previewBar.style')
Build info: version: '3.7.1', revision: '8a0099a', time: '2017-11-06T21:07:36.161Z'
System info: host: 'sumans-MacBook-Pro.local', ip: 'fe80:0:0:0:47c:ca88:4245:b7a7%en0', os.name: 'Mac OS X', os.arch: 'x86_64', os.version: '10.13.6', java.version: '1.8.0_181'
Driver info: com.kms.katalon.selenium.driver.CSafariDriver
Capabilities {acceptInsecureCerts: false, browserName: Safari, browserVersion: 12.1, javascriptEnabled: true, platform: MAC, platformName: MAC, safari:automaticInspection: false, safari:automaticProfiling: false, safari:diagnose: false, setWindowRect: true, strictFileInteractability: false, webkit:WebRTC: {DisableICECandidateFiltering: false, DisableInsecureMediaCapture: false}}
Session ID: C89B8BE8-89C3-4BD6-B938-2D4061DEF654)
	at com.kms.katalon.core.keyword.internal.KeywordMain.stepFailed(KeywordMain.groovy:36)
	at com.kms.katalon.core.webui.keyword.internal.WebUIKeywordMain.stepFailed(WebUIKeywordMain.groovy:65)
	at com.kms.katalon.core.webui.keyword.internal.WebUIKeywordMain.runKeyword(WebUIKeywordMain.groovy:27)
	at com.kms.katalon.core.webui.keyword.builtin.ExecuteJavaScriptKeyword.executeJavascript(ExecuteJavascriptKeyword.groovy:42)
	at com.kms.katalon.core.webui.keyword.builtin.ExecuteJavaScriptKeyword.execute(ExecuteJavascriptKeyword.groovy:37)
	at com.kms.katalon.core.keyword.internal.KeywordExecutor.executeKeywordForPlatform(KeywordExecutor.groovy:53)
	at com.kms.katalon.core.webui.keyword.WebUiBuiltInKeywords.executeJavaScript(WebUiBuiltInKeywords.groovy:3787)
	at com.kms.katalon.core.webui.keyword.WebUiBuiltInKeywords$executeJavaScript$1.call(Unknown Source)
	at Welcome to ur store and gettting hungry.run(Welcome to ur store and gettting hungry:29)
	at com.kms.katalon.core.main.ScriptEngine.run(ScriptEngine.java:194)
	at com.kms.katalon.core.main.ScriptEngine.runScriptAsRawText(ScriptEngine.java:119)
	at com.kms.katalon.core.main.TestCaseExecutor.runScript(TestCaseExecutor.java:328)
	at com.kms.katalon.core.main.TestCaseExecutor.doExecute(TestCaseExecutor.java:319)
	at com.kms.katalon.core.main.TestCaseExecutor.processExecutionPhase(TestCaseExecutor.java:298)
	at com.kms.katalon.core.main.TestCaseExecutor.accessMainPhase(TestCaseExecutor.java:290)
	at com.kms.katalon.core.main.TestCaseExecutor.execute(TestCaseExecutor.java:224)
	at com.kms.katalon.core.main.TestSuiteExecutor.accessTestCaseMainPhase(TestSuiteExecutor.java:129)
	at com.kms.katalon.core.main.TestSuiteExecutor.accessTestSuiteMainPhase(TestSuiteExecutor.java:112)
	at com.kms.katalon.core.main.TestSuiteExecutor.execute(TestSuiteExecutor.java:81)
	at com.kms.katalon.core.main.TestCaseMain.startTestSuite(TestCaseMain.java:149)
	at com.kms.katalon.core.main.TestCaseMain$startTestSuite$0.call(Unknown Source)
	at TempTestSuite1562706763156.run(TempTestSuite1562706763156.groovy:36)]]></system-out>
         <system-err><![CDATA[2019-07-09 17:15:25 - [TEST_CASE][FAILED] - Test Cases/HOME PAGE/Welcome to ur store and gettting hungry: Test Cases/HOME PAGE/Welcome to ur store and gettting hungry FAILED.
Reason:
com.kms.katalon.core.exception.StepFailedException: Unable to execute JavaScript. (Root cause: org.openqa.selenium.JavascriptException: A JavaScript exception occured: null is not an object (evaluating 'previewBar.style')
Build info: version: '3.7.1', revision: '8a0099a', time: '2017-11-06T21:07:36.161Z'
System info: host: 'sumans-MacBook-Pro.local', ip: 'fe80:0:0:0:47c:ca88:4245:b7a7%en0', os.name: 'Mac OS X', os.arch: 'x86_64', os.version: '10.13.6', java.version: '1.8.0_181'
Driver info: com.kms.katalon.selenium.driver.CSafariDriver
Capabilities {acceptInsecureCerts: false, browserName: Safari, browserVersion: 12.1, javascriptEnabled: true, platform: MAC, platformName: MAC, safari:automaticInspection: false, safari:automaticProfiling: false, safari:diagnose: false, setWindowRect: true, strictFileInteractability: false, webkit:WebRTC: {DisableICECandidateFiltering: false, DisableInsecureMediaCapture: false}}
Session ID: C89B8BE8-89C3-4BD6-B938-2D4061DEF654)
	at com.kms.katalon.core.keyword.internal.KeywordMain.stepFailed(KeywordMain.groovy:36)
	at com.kms.katalon.core.webui.keyword.internal.WebUIKeywordMain.stepFailed(WebUIKeywordMain.groovy:65)
	at com.kms.katalon.core.webui.keyword.internal.WebUIKeywordMain.runKeyword(WebUIKeywordMain.groovy:27)
	at com.kms.katalon.core.webui.keyword.builtin.ExecuteJavaScriptKeyword.executeJavascript(ExecuteJavascriptKeyword.groovy:42)
	at com.kms.katalon.core.webui.keyword.builtin.ExecuteJavaScriptKeyword.execute(ExecuteJavascriptKeyword.groovy:37)
	at com.kms.katalon.core.keyword.internal.KeywordExecutor.executeKeywordForPlatform(KeywordExecutor.groovy:53)
	at com.kms.katalon.core.webui.keyword.WebUiBuiltInKeywords.executeJavaScript(WebUiBuiltInKeywords.groovy:3787)
	at com.kms.katalon.core.webui.keyword.WebUiBuiltInKeywords$executeJavaScript$1.call(Unknown Source)
	at Welcome to ur store and gettting hungry.run(Welcome to ur store and gettting hungry:29)
	at com.kms.katalon.core.main.ScriptEngine.run(ScriptEngine.java:194)
	at com.kms.katalon.core.main.ScriptEngine.runScriptAsRawText(ScriptEngine.java:119)
	at com.kms.katalon.core.main.TestCaseExecutor.runScript(TestCaseExecutor.java:328)
	at com.kms.katalon.core.main.TestCaseExecutor.doExecute(TestCaseExecutor.java:319)
	at com.kms.katalon.core.main.TestCaseExecutor.processExecutionPhase(TestCaseExecutor.java:298)
	at com.kms.katalon.core.main.TestCaseExecutor.accessMainPhase(TestCaseExecutor.java:290)
	at com.kms.katalon.core.main.TestCaseExecutor.execute(TestCaseExecutor.java:224)
	at com.kms.katalon.core.main.TestSuiteExecutor.accessTestCaseMainPhase(TestSuiteExecutor.java:129)
	at com.kms.katalon.core.main.TestSuiteExecutor.accessTestSuiteMainPhase(TestSuiteExecutor.java:112)
	at com.kms.katalon.core.main.TestSuiteExecutor.execute(TestSuiteExecutor.java:81)
	at com.kms.katalon.core.main.TestCaseMain.startTestSuite(TestCaseMain.java:149)
	at com.kms.katalon.core.main.TestCaseMain$startTestSuite$0.call(Unknown Source)
	at TempTestSuite1562706763156.run(TempTestSuite1562706763156.groovy:36)]]></system-err>
      </testcase>
      <testcase name="Test Cases/HOME PAGE/Hero banner - CTA" classname="Test Cases/HOME PAGE/Hero banner - CTA" status="PASSED">
         <system-out><![CDATA[2019-07-09 17:15:33 - [TEST_CASE][PASSED] - Test Cases/HOME PAGE/Hero banner - CTA: Test Cases/HOME PAGE/Hero banner - CTA

2019-07-09 17:15:33 - [TEST_STEP][PASSED] - callTestCase(findTestCase("CALL - URL"), [:], STOP_ON_FAILURE): Call Test Case 'Test Cases/CALL - URL' successfully

2019-07-09 17:15:33 - [TEST_CASE][PASSED] - Test Cases/CALL - URL: Test Cases/CALL - URL

2019-07-09 17:15:33 - [TEST_STEP][PASSED] - openBrowser(""): Browser is opened with url: ''

2019-07-09 17:15:33 - [MESSAGE][WARNING] - A browser is already opened. Closing browser and opening a new one

2019-07-09 17:15:33 - [MESSAGE][INFO] - Starting 'Safari' driver

2019-07-09 17:15:34 - [MESSAGE][PASSED] - Browser is opened with url: ''

2019-07-09 17:15:34 - [TEST_STEP][PASSED] - navigateToUrl("https://apollo-fireball.myshopify.com/?_ab=0&_fd=0&_sc=1&key=96c2edace7b9967f3a77c2e2b131937136039831e9ec35f31598610005fa8795&preview_theme_id=46803124304"): Navigate to 'https://apollo-fireball.myshopify.com/?_ab=0&_fd=0&_sc=1&key=96c2edace7b9967f3a77c2e2b131937136039831e9ec35f31598610005fa8795&preview_theme_id=46803124304' successfully

2019-07-09 17:15:35 - [MESSAGE][PASSED] - Navigate to 'https://apollo-fireball.myshopify.com/?_ab=0&_fd=0&_sc=1&key=96c2edace7b9967f3a77c2e2b131937136039831e9ec35f31598610005fa8795&preview_theme_id=46803124304' successfully

2019-07-09 17:15:35 - [TEST_STEP][PASSED] - executeJavaScript("var previewBar = document.getElementById("preview-bar-iframe"); previewBar.style.display = "none";", []): Execute JavaScript 'var previewBar = document.getElementById("preview-bar-iframe"); previewBar.style.display = "none";' successfully

2019-07-09 17:15:35 - [MESSAGE][PASSED] - Execute JavaScript 'var previewBar = document.getElementById("preview-bar-iframe"); previewBar.style.display = "none";' successfully

2019-07-09 17:15:35 - [TEST_STEP][PASSED] - maximizeWindow(): Current window maximized

2019-07-09 17:15:36 - [MESSAGE][PASSED] - Current window maximized

2019-07-09 17:15:36 - [MESSAGE][PASSED] - Call Test Case 'Test Cases/CALL - URL' successfully

2019-07-09 17:15:36 - [TEST_STEP][PASSED] - delay(2): Delayed 2 second(s)

2019-07-09 17:15:38 - [MESSAGE][PASSED] - Delayed 2 second(s)

2019-07-09 17:15:38 - [TEST_STEP][PASSED] - click(findTestObject("APOLLO- Desktop/Home page/Hero banner - CTA/First slick slide")): Object: 'Object Repository/APOLLO- Desktop/Home page/Hero banner - CTA/First slick slide' is clicked on

2019-07-09 17:15:38 - [MESSAGE][PASSED] - Object: 'Object Repository/APOLLO- Desktop/Home page/Hero banner - CTA/First slick slide' is clicked on

2019-07-09 17:15:38 - [TEST_STEP][PASSED] - delay(2): Delayed 2 second(s)

2019-07-09 17:15:40 - [MESSAGE][PASSED] - Delayed 2 second(s)

2019-07-09 17:15:40 - [TEST_STEP][PASSED] - click(findTestObject("APOLLO- Desktop/Home page/Hero banner - CTA/Shop healthy meals")): Object: 'Object Repository/APOLLO- Desktop/Home page/Hero banner - CTA/Shop healthy meals' is clicked on

2019-07-09 17:15:41 - [MESSAGE][PASSED] - Object: 'Object Repository/APOLLO- Desktop/Home page/Hero banner - CTA/Shop healthy meals' is clicked on

2019-07-09 17:15:41 - [TEST_STEP][PASSED] - delay(2): Delayed 2 second(s)

2019-07-09 17:15:43 - [MESSAGE][PASSED] - Delayed 2 second(s)

2019-07-09 17:15:43 - [TEST_STEP][PASSED] - click(findTestObject("APOLLO- Desktop/Home page/Hero banner - CTA/Apollo icon")): Object: 'Object Repository/APOLLO- Desktop/Home page/Hero banner - CTA/Apollo icon' is clicked on

2019-07-09 17:15:44 - [MESSAGE][PASSED] - Object: 'Object Repository/APOLLO- Desktop/Home page/Hero banner - CTA/Apollo icon' is clicked on

2019-07-09 17:15:44 - [TEST_STEP][PASSED] - delay(2): Delayed 2 second(s)

2019-07-09 17:15:46 - [MESSAGE][PASSED] - Delayed 2 second(s)

2019-07-09 17:15:46 - [TEST_STEP][PASSED] - click(findTestObject("APOLLO- Desktop/Home page/Hero banner - CTA/second slick slide")): Object: 'Object Repository/APOLLO- Desktop/Home page/Hero banner - CTA/second slick slide' is clicked on

2019-07-09 17:15:46 - [MESSAGE][PASSED] - Object: 'Object Repository/APOLLO- Desktop/Home page/Hero banner - CTA/second slick slide' is clicked on

2019-07-09 17:15:46 - [TEST_STEP][PASSED] - delay(2): Delayed 2 second(s)

2019-07-09 17:15:48 - [MESSAGE][PASSED] - Delayed 2 second(s)

2019-07-09 17:15:48 - [TEST_STEP][PASSED] - click(findTestObject("APOLLO- Desktop/Home page/Hero banner - CTA/Shop sides")): Object: 'Object Repository/APOLLO- Desktop/Home page/Hero banner - CTA/Shop sides' is clicked on

2019-07-09 17:15:50 - [MESSAGE][PASSED] - Object: 'Object Repository/APOLLO- Desktop/Home page/Hero banner - CTA/Shop sides' is clicked on

2019-07-09 17:15:50 - [TEST_STEP][PASSED] - delay(2): Delayed 2 second(s)

2019-07-09 17:15:52 - [MESSAGE][PASSED] - Delayed 2 second(s)

2019-07-09 17:15:52 - [TEST_STEP][PASSED] - click(findTestObject("APOLLO- Desktop/Home page/Hero banner - CTA/Apollo icon")): Object: 'Object Repository/APOLLO- Desktop/Home page/Hero banner - CTA/Apollo icon' is clicked on

2019-07-09 17:15:55 - [MESSAGE][PASSED] - Object: 'Object Repository/APOLLO- Desktop/Home page/Hero banner - CTA/Apollo icon' is clicked on

2019-07-09 17:15:55 - [TEST_STEP][PASSED] - delay(2): Delayed 2 second(s)

2019-07-09 17:15:57 - [MESSAGE][PASSED] - Delayed 2 second(s)

2019-07-09 17:15:57 - [TEST_STEP][PASSED] - click(findTestObject("APOLLO- Desktop/Home page/Hero banner - CTA/First slick slide")): Object: 'Object Repository/APOLLO- Desktop/Home page/Hero banner - CTA/First slick slide' is clicked on

2019-07-09 17:15:57 - [MESSAGE][PASSED] - Object: 'Object Repository/APOLLO- Desktop/Home page/Hero banner - CTA/First slick slide' is clicked on

2019-07-09 17:15:57 - [TEST_STEP][PASSED] - delay(2): Delayed 2 second(s)

2019-07-09 17:15:59 - [MESSAGE][PASSED] - Delayed 2 second(s)

2019-07-09 17:15:59 - [TEST_STEP][PASSED] - mouseOver(findTestObject("APOLLO- Desktop/Home page/Hero banner - CTA/Next button chevron")): Object: 'Object Repository/APOLLO- Desktop/Home page/Hero banner - CTA/Next button chevron' is hovered

2019-07-09 17:15:59 - [MESSAGE][PASSED] - Object: 'Object Repository/APOLLO- Desktop/Home page/Hero banner - CTA/Next button chevron' is hovered

2019-07-09 17:15:59 - [TEST_STEP][PASSED] - delay(2): Delayed 2 second(s)

2019-07-09 17:16:01 - [MESSAGE][PASSED] - Delayed 2 second(s)

2019-07-09 17:16:01 - [TEST_STEP][PASSED] - click(findTestObject("APOLLO- Desktop/Home page/Hero banner - CTA/Next button chevron")): Object: 'Object Repository/APOLLO- Desktop/Home page/Hero banner - CTA/Next button chevron' is clicked on

2019-07-09 17:16:01 - [MESSAGE][PASSED] - Object: 'Object Repository/APOLLO- Desktop/Home page/Hero banner - CTA/Next button chevron' is clicked on

2019-07-09 17:16:01 - [TEST_STEP][PASSED] - delay(2): Delayed 2 second(s)

2019-07-09 17:16:03 - [MESSAGE][PASSED] - Delayed 2 second(s)

2019-07-09 17:16:03 - [TEST_STEP][PASSED] - click(findTestObject("APOLLO- Desktop/Home page/Hero banner - CTA/Previous button chevron")): Object: 'Object Repository/APOLLO- Desktop/Home page/Hero banner - CTA/Previous button chevron' is clicked on

2019-07-09 17:16:03 - [MESSAGE][PASSED] - Object: 'Object Repository/APOLLO- Desktop/Home page/Hero banner - CTA/Previous button chevron' is clicked on

2019-07-09 17:16:03 - [TEST_STEP][PASSED] - delay(2): Delayed 2 second(s)

2019-07-09 17:16:05 - [MESSAGE][PASSED] - Delayed 2 second(s)

2019-07-09 17:16:05 - [TEST_STEP][PASSED] - click(findTestObject("APOLLO- Desktop/Home page/Hero banner - CTA/button_Next section")): Object: 'Object Repository/APOLLO- Desktop/Home page/Hero banner - CTA/button_Next section' is clicked on

2019-07-09 17:16:05 - [MESSAGE][PASSED] - Object: 'Object Repository/APOLLO- Desktop/Home page/Hero banner - CTA/button_Next section' is clicked on

2019-07-09 17:16:05 - [TEST_STEP][PASSED] - delay(2): Delayed 2 second(s)

2019-07-09 17:16:07 - [MESSAGE][PASSED] - Delayed 2 second(s)

2019-07-09 17:16:07 - [TEST_STEP][PASSED] - verifyTextPresent("Chicken Wings", false): Text 'Chicken Wings' is present on page 

2019-07-09 17:16:07 - [MESSAGE][PASSED] - Text 'Chicken Wings' is present on page]]></system-out>
         <system-err><![CDATA[]]></system-err>
      </testcase>
      <testcase name="Test Cases/HOME PAGE/Burger menu - navigation links" classname="Test Cases/HOME PAGE/Burger menu - navigation links" status="PASSED">
         <system-out><![CDATA[2019-07-09 17:16:07 - [TEST_CASE][PASSED] - Test Cases/HOME PAGE/Burger menu - navigation links: Test Cases/HOME PAGE/Burger menu - navigation links

2019-07-09 17:16:08 - [TEST_STEP][PASSED] - callTestCase(findTestCase("CALL - URL"), [:], STOP_ON_FAILURE): Call Test Case 'Test Cases/CALL - URL' successfully

2019-07-09 17:16:08 - [TEST_CASE][PASSED] - Test Cases/CALL - URL: Test Cases/CALL - URL

2019-07-09 17:16:08 - [TEST_STEP][PASSED] - openBrowser(""): Browser is opened with url: ''

2019-07-09 17:16:08 - [MESSAGE][WARNING] - A browser is already opened. Closing browser and opening a new one

2019-07-09 17:16:08 - [MESSAGE][INFO] - Starting 'Safari' driver

2019-07-09 17:16:09 - [MESSAGE][PASSED] - Browser is opened with url: ''

2019-07-09 17:16:09 - [TEST_STEP][PASSED] - navigateToUrl("https://apollo-fireball.myshopify.com/?_ab=0&_fd=0&_sc=1&key=96c2edace7b9967f3a77c2e2b131937136039831e9ec35f31598610005fa8795&preview_theme_id=46803124304"): Navigate to 'https://apollo-fireball.myshopify.com/?_ab=0&_fd=0&_sc=1&key=96c2edace7b9967f3a77c2e2b131937136039831e9ec35f31598610005fa8795&preview_theme_id=46803124304' successfully

2019-07-09 17:16:11 - [MESSAGE][PASSED] - Navigate to 'https://apollo-fireball.myshopify.com/?_ab=0&_fd=0&_sc=1&key=96c2edace7b9967f3a77c2e2b131937136039831e9ec35f31598610005fa8795&preview_theme_id=46803124304' successfully

2019-07-09 17:16:11 - [TEST_STEP][PASSED] - executeJavaScript("var previewBar = document.getElementById("preview-bar-iframe"); previewBar.style.display = "none";", []): Execute JavaScript 'var previewBar = document.getElementById("preview-bar-iframe"); previewBar.style.display = "none";' successfully

2019-07-09 17:16:11 - [MESSAGE][PASSED] - Execute JavaScript 'var previewBar = document.getElementById("preview-bar-iframe"); previewBar.style.display = "none";' successfully

2019-07-09 17:16:11 - [TEST_STEP][PASSED] - maximizeWindow(): Current window maximized

2019-07-09 17:16:11 - [MESSAGE][PASSED] - Current window maximized

2019-07-09 17:16:11 - [MESSAGE][PASSED] - Call Test Case 'Test Cases/CALL - URL' successfully

2019-07-09 17:16:11 - [TEST_STEP][PASSED] - delay(2): Delayed 2 second(s)

2019-07-09 17:16:13 - [MESSAGE][PASSED] - Delayed 2 second(s)

2019-07-09 17:16:13 - [TEST_STEP][PASSED] - click(findTestObject("APOLLO- Desktop/Burger Menu/Burgermenu")): Object: 'Object Repository/APOLLO- Desktop/Burger Menu/Burgermenu' is clicked on

2019-07-09 17:16:13 - [MESSAGE][PASSED] - Object: 'Object Repository/APOLLO- Desktop/Burger Menu/Burgermenu' is clicked on

2019-07-09 17:16:13 - [TEST_STEP][PASSED] - delay(2): Delayed 2 second(s)

2019-07-09 17:16:15 - [MESSAGE][PASSED] - Delayed 2 second(s)

2019-07-09 17:16:15 - [TEST_STEP][PASSED] - click(findTestObject("APOLLO- Desktop/Burger Menu/Shop food")): Object: 'Object Repository/APOLLO- Desktop/Burger Menu/Shop food' is clicked on

2019-07-09 17:16:15 - [MESSAGE][PASSED] - Object: 'Object Repository/APOLLO- Desktop/Burger Menu/Shop food' is clicked on

2019-07-09 17:16:15 - [TEST_STEP][PASSED] - delay(2): Delayed 2 second(s)

2019-07-09 17:16:17 - [MESSAGE][PASSED] - Delayed 2 second(s)

2019-07-09 17:16:17 - [TEST_STEP][PASSED] - click(findTestObject("APOLLO- Desktop/Burger Menu/Beef")): Object: 'Object Repository/APOLLO- Desktop/Burger Menu/Beef' is clicked on

2019-07-09 17:16:19 - [MESSAGE][PASSED] - Object: 'Object Repository/APOLLO- Desktop/Burger Menu/Beef' is clicked on

2019-07-09 17:16:19 - [TEST_STEP][PASSED] - delay(2): Delayed 2 second(s)

2019-07-09 17:16:21 - [MESSAGE][PASSED] - Delayed 2 second(s)

2019-07-09 17:16:21 - [TEST_STEP][PASSED] - delay(2): Delayed 2 second(s)

2019-07-09 17:16:23 - [MESSAGE][PASSED] - Delayed 2 second(s)

2019-07-09 17:16:23 - [TEST_STEP][PASSED] - click(findTestObject("APOLLO- Desktop/Burger Menu/Burgermenu")): Object: 'Object Repository/APOLLO- Desktop/Burger Menu/Burgermenu' is clicked on

2019-07-09 17:16:23 - [MESSAGE][PASSED] - Object: 'Object Repository/APOLLO- Desktop/Burger Menu/Burgermenu' is clicked on

2019-07-09 17:16:23 - [TEST_STEP][PASSED] - delay(2): Delayed 2 second(s)

2019-07-09 17:16:25 - [MESSAGE][PASSED] - Delayed 2 second(s)

2019-07-09 17:16:25 - [TEST_STEP][PASSED] - click(findTestObject("APOLLO- Desktop/Burger Menu/Shop food")): Object: 'Object Repository/APOLLO- Desktop/Burger Menu/Shop food' is clicked on

2019-07-09 17:16:25 - [MESSAGE][PASSED] - Object: 'Object Repository/APOLLO- Desktop/Burger Menu/Shop food' is clicked on

2019-07-09 17:16:25 - [TEST_STEP][PASSED] - delay(2): Delayed 2 second(s)

2019-07-09 17:16:27 - [MESSAGE][PASSED] - Delayed 2 second(s)

2019-07-09 17:16:27 - [TEST_STEP][PASSED] - click(findTestObject("APOLLO- Desktop/Burger Menu/Chicken")): Object: 'Object Repository/APOLLO- Desktop/Burger Menu/Chicken' is clicked on

2019-07-09 17:16:30 - [MESSAGE][PASSED] - Object: 'Object Repository/APOLLO- Desktop/Burger Menu/Chicken' is clicked on

2019-07-09 17:16:30 - [TEST_STEP][PASSED] - delay(2): Delayed 2 second(s)

2019-07-09 17:16:32 - [MESSAGE][PASSED] - Delayed 2 second(s)

2019-07-09 17:16:32 - [TEST_STEP][PASSED] - delay(2): Delayed 2 second(s)

2019-07-09 17:16:34 - [MESSAGE][PASSED] - Delayed 2 second(s)

2019-07-09 17:16:34 - [TEST_STEP][PASSED] - click(findTestObject("APOLLO- Desktop/Burger Menu/Burgermenu")): Object: 'Object Repository/APOLLO- Desktop/Burger Menu/Burgermenu' is clicked on

2019-07-09 17:16:34 - [MESSAGE][PASSED] - Object: 'Object Repository/APOLLO- Desktop/Burger Menu/Burgermenu' is clicked on

2019-07-09 17:16:34 - [TEST_STEP][PASSED] - delay(2): Delayed 2 second(s)

2019-07-09 17:16:36 - [MESSAGE][PASSED] - Delayed 2 second(s)

2019-07-09 17:16:36 - [TEST_STEP][PASSED] - click(findTestObject("APOLLO- Desktop/Burger Menu/Shop food")): Object: 'Object Repository/APOLLO- Desktop/Burger Menu/Shop food' is clicked on

2019-07-09 17:16:36 - [MESSAGE][PASSED] - Object: 'Object Repository/APOLLO- Desktop/Burger Menu/Shop food' is clicked on

2019-07-09 17:16:36 - [TEST_STEP][PASSED] - delay(2): Delayed 2 second(s)

2019-07-09 17:16:38 - [MESSAGE][PASSED] - Delayed 2 second(s)

2019-07-09 17:16:38 - [TEST_STEP][PASSED] - click(findTestObject("APOLLO- Desktop/Burger Menu/Pork")): Object: 'Object Repository/APOLLO- Desktop/Burger Menu/Pork' is clicked on

2019-07-09 17:16:45 - [MESSAGE][PASSED] - Object: 'Object Repository/APOLLO- Desktop/Burger Menu/Pork' is clicked on

2019-07-09 17:16:45 - [TEST_STEP][PASSED] - delay(2): Delayed 2 second(s)

2019-07-09 17:16:47 - [MESSAGE][PASSED] - Delayed 2 second(s)

2019-07-09 17:16:47 - [TEST_STEP][PASSED] - delay(2): Delayed 2 second(s)

2019-07-09 17:16:49 - [MESSAGE][PASSED] - Delayed 2 second(s)

2019-07-09 17:16:49 - [TEST_STEP][PASSED] - click(findTestObject("APOLLO- Desktop/Burger Menu/Burgermenu")): Object: 'Object Repository/APOLLO- Desktop/Burger Menu/Burgermenu' is clicked on

2019-07-09 17:16:49 - [MESSAGE][PASSED] - Object: 'Object Repository/APOLLO- Desktop/Burger Menu/Burgermenu' is clicked on

2019-07-09 17:16:49 - [TEST_STEP][PASSED] - delay(2): Delayed 2 second(s)

2019-07-09 17:16:51 - [MESSAGE][PASSED] - Delayed 2 second(s)

2019-07-09 17:16:51 - [TEST_STEP][PASSED] - click(findTestObject("APOLLO- Desktop/Burger Menu/Shop food")): Object: 'Object Repository/APOLLO- Desktop/Burger Menu/Shop food' is clicked on

2019-07-09 17:16:51 - [MESSAGE][PASSED] - Object: 'Object Repository/APOLLO- Desktop/Burger Menu/Shop food' is clicked on

2019-07-09 17:16:51 - [TEST_STEP][PASSED] - delay(2): Delayed 2 second(s)

2019-07-09 17:16:53 - [MESSAGE][PASSED] - Delayed 2 second(s)

2019-07-09 17:16:53 - [TEST_STEP][PASSED] - click(findTestObject("APOLLO- Desktop/Burger Menu/lamb")): Object: 'Object Repository/APOLLO- Desktop/Burger Menu/lamb' is clicked on

2019-07-09 17:16:56 - [MESSAGE][PASSED] - Object: 'Object Repository/APOLLO- Desktop/Burger Menu/lamb' is clicked on

2019-07-09 17:16:56 - [TEST_STEP][PASSED] - delay(2): Delayed 2 second(s)

2019-07-09 17:16:58 - [MESSAGE][PASSED] - Delayed 2 second(s)

2019-07-09 17:16:58 - [TEST_STEP][PASSED] - delay(2): Delayed 2 second(s)

2019-07-09 17:17:00 - [MESSAGE][PASSED] - Delayed 2 second(s)

2019-07-09 17:17:00 - [TEST_STEP][PASSED] - click(findTestObject("APOLLO- Desktop/Burger Menu/Burgermenu")): Object: 'Object Repository/APOLLO- Desktop/Burger Menu/Burgermenu' is clicked on

2019-07-09 17:17:00 - [MESSAGE][PASSED] - Object: 'Object Repository/APOLLO- Desktop/Burger Menu/Burgermenu' is clicked on

2019-07-09 17:17:00 - [TEST_STEP][PASSED] - delay(2): Delayed 2 second(s)

2019-07-09 17:17:02 - [MESSAGE][PASSED] - Delayed 2 second(s)

2019-07-09 17:17:02 - [TEST_STEP][PASSED] - click(findTestObject("APOLLO- Desktop/Burger Menu/Shop food")): Object: 'Object Repository/APOLLO- Desktop/Burger Menu/Shop food' is clicked on

2019-07-09 17:17:02 - [MESSAGE][PASSED] - Object: 'Object Repository/APOLLO- Desktop/Burger Menu/Shop food' is clicked on

2019-07-09 17:17:02 - [TEST_STEP][PASSED] - delay(2): Delayed 2 second(s)

2019-07-09 17:17:04 - [MESSAGE][PASSED] - Delayed 2 second(s)

2019-07-09 17:17:04 - [TEST_STEP][PASSED] - click(findTestObject("APOLLO- Desktop/Burger Menu/Sides")): Object: 'Object Repository/APOLLO- Desktop/Burger Menu/Sides' is clicked on

2019-07-09 17:17:04 - [MESSAGE][PASSED] - Object: 'Object Repository/APOLLO- Desktop/Burger Menu/Sides' is clicked on

2019-07-09 17:17:04 - [TEST_STEP][PASSED] - delay(2): Delayed 2 second(s)

2019-07-09 17:17:06 - [MESSAGE][PASSED] - Delayed 2 second(s)

2019-07-09 17:17:06 - [TEST_STEP][PASSED] - delay(2): Delayed 2 second(s)

2019-07-09 17:17:08 - [MESSAGE][PASSED] - Delayed 2 second(s)

2019-07-09 17:17:08 - [TEST_STEP][PASSED] - click(findTestObject("APOLLO- Desktop/Burger Menu/Burgermenu")): Object: 'Object Repository/APOLLO- Desktop/Burger Menu/Burgermenu' is clicked on

2019-07-09 17:17:08 - [MESSAGE][PASSED] - Object: 'Object Repository/APOLLO- Desktop/Burger Menu/Burgermenu' is clicked on

2019-07-09 17:17:08 - [TEST_STEP][PASSED] - delay(2): Delayed 2 second(s)

2019-07-09 17:17:10 - [MESSAGE][PASSED] - Delayed 2 second(s)

2019-07-09 17:17:10 - [TEST_STEP][PASSED] - click(findTestObject("APOLLO- Desktop/Burger Menu/Shop food")): Object: 'Object Repository/APOLLO- Desktop/Burger Menu/Shop food' is clicked on

2019-07-09 17:17:10 - [MESSAGE][PASSED] - Object: 'Object Repository/APOLLO- Desktop/Burger Menu/Shop food' is clicked on

2019-07-09 17:17:10 - [TEST_STEP][PASSED] - delay(2): Delayed 2 second(s)

2019-07-09 17:17:12 - [MESSAGE][PASSED] - Delayed 2 second(s)

2019-07-09 17:17:12 - [TEST_STEP][PASSED] - click(findTestObject("APOLLO- Desktop/Burger Menu/Burger menu - Shop All")): Object: 'Object Repository/APOLLO- Desktop/Burger Menu/Burger menu - Shop All' is clicked on

2019-07-09 17:17:12 - [MESSAGE][PASSED] - Object: 'Object Repository/APOLLO- Desktop/Burger Menu/Burger menu - Shop All' is clicked on

2019-07-09 17:17:12 - [TEST_STEP][PASSED] - delay(2): Delayed 2 second(s)

2019-07-09 17:17:14 - [MESSAGE][PASSED] - Delayed 2 second(s)

2019-07-09 17:17:14 - [TEST_STEP][PASSED] - delay(2): Delayed 2 second(s)

2019-07-09 17:17:16 - [MESSAGE][PASSED] - Delayed 2 second(s)

2019-07-09 17:17:16 - [TEST_STEP][PASSED] - click(findTestObject("APOLLO- Desktop/Burger Menu/Burgermenu")): Object: 'Object Repository/APOLLO- Desktop/Burger Menu/Burgermenu' is clicked on

2019-07-09 17:17:16 - [MESSAGE][PASSED] - Object: 'Object Repository/APOLLO- Desktop/Burger Menu/Burgermenu' is clicked on

2019-07-09 17:17:16 - [TEST_STEP][PASSED] - delay(2): Delayed 2 second(s)

2019-07-09 17:17:18 - [MESSAGE][PASSED] - Delayed 2 second(s)

2019-07-09 17:17:18 - [TEST_STEP][PASSED] - click(findTestObject("APOLLO- Desktop/Burger Menu/collections")): Object: 'Object Repository/APOLLO- Desktop/Burger Menu/collections' is clicked on

2019-07-09 17:17:24 - [MESSAGE][PASSED] - Object: 'Object Repository/APOLLO- Desktop/Burger Menu/collections' is clicked on

2019-07-09 17:17:24 - [TEST_STEP][PASSED] - delay(2): Delayed 2 second(s)

2019-07-09 17:17:26 - [MESSAGE][PASSED] - Delayed 2 second(s)

2019-07-09 17:17:26 - [TEST_STEP][PASSED] - delay(2): Delayed 2 second(s)

2019-07-09 17:17:28 - [MESSAGE][PASSED] - Delayed 2 second(s)

2019-07-09 17:17:28 - [TEST_STEP][PASSED] - delay(2): Delayed 2 second(s)

2019-07-09 17:17:30 - [MESSAGE][PASSED] - Delayed 2 second(s)

2019-07-09 17:17:30 - [TEST_STEP][PASSED] - click(findTestObject("APOLLO- Desktop/Burger Menu/Burgermenu")): Object: 'Object Repository/APOLLO- Desktop/Burger Menu/Burgermenu' is clicked on

2019-07-09 17:17:31 - [MESSAGE][PASSED] - Object: 'Object Repository/APOLLO- Desktop/Burger Menu/Burgermenu' is clicked on

2019-07-09 17:17:31 - [TEST_STEP][PASSED] - delay(2): Delayed 2 second(s)

2019-07-09 17:17:33 - [MESSAGE][PASSED] - Delayed 2 second(s)

2019-07-09 17:17:33 - [TEST_STEP][PASSED] - click(findTestObject("APOLLO- Desktop/Burger Menu/About")): Object: 'Object Repository/APOLLO- Desktop/Burger Menu/About' is clicked on

2019-07-09 17:17:33 - [MESSAGE][PASSED] - Object: 'Object Repository/APOLLO- Desktop/Burger Menu/About' is clicked on

2019-07-09 17:17:33 - [TEST_STEP][PASSED] - delay(2): Delayed 2 second(s)

2019-07-09 17:17:35 - [MESSAGE][PASSED] - Delayed 2 second(s)

2019-07-09 17:17:35 - [TEST_STEP][PASSED] - delay(2): Delayed 2 second(s)

2019-07-09 17:17:37 - [MESSAGE][PASSED] - Delayed 2 second(s)

2019-07-09 17:17:37 - [TEST_STEP][PASSED] - delay(2): Delayed 2 second(s)

2019-07-09 17:17:39 - [MESSAGE][PASSED] - Delayed 2 second(s)

2019-07-09 17:17:39 - [TEST_STEP][PASSED] - click(findTestObject("APOLLO- Desktop/Burger Menu/Burgermenu")): Object: 'Object Repository/APOLLO- Desktop/Burger Menu/Burgermenu' is clicked on

2019-07-09 17:17:39 - [MESSAGE][PASSED] - Object: 'Object Repository/APOLLO- Desktop/Burger Menu/Burgermenu' is clicked on

2019-07-09 17:17:39 - [TEST_STEP][PASSED] - delay(2): Delayed 2 second(s)

2019-07-09 17:17:41 - [MESSAGE][PASSED] - Delayed 2 second(s)

2019-07-09 17:17:41 - [TEST_STEP][PASSED] - click(findTestObject("APOLLO- Desktop/Burger Menu/Blog")): Object: 'Object Repository/APOLLO- Desktop/Burger Menu/Blog' is clicked on

2019-07-09 17:17:42 - [MESSAGE][PASSED] - Object: 'Object Repository/APOLLO- Desktop/Burger Menu/Blog' is clicked on

2019-07-09 17:17:42 - [TEST_STEP][PASSED] - delay(2): Delayed 2 second(s)

2019-07-09 17:17:44 - [MESSAGE][PASSED] - Delayed 2 second(s)

2019-07-09 17:17:44 - [TEST_STEP][PASSED] - click(findTestObject("APOLLO- Desktop/Burger Menu/Burgermenu")): Object: 'Object Repository/APOLLO- Desktop/Burger Menu/Burgermenu' is clicked on

2019-07-09 17:17:44 - [MESSAGE][PASSED] - Object: 'Object Repository/APOLLO- Desktop/Burger Menu/Burgermenu' is clicked on

2019-07-09 17:17:44 - [TEST_STEP][PASSED] - delay(2): Delayed 2 second(s)

2019-07-09 17:17:46 - [MESSAGE][PASSED] - Delayed 2 second(s)

2019-07-09 17:17:46 - [TEST_STEP][PASSED] - click(findTestObject("APOLLO- Desktop/Burger Menu/Contact us")): Object: 'Object Repository/APOLLO- Desktop/Burger Menu/Contact us' is clicked on

2019-07-09 17:17:46 - [MESSAGE][PASSED] - Object: 'Object Repository/APOLLO- Desktop/Burger Menu/Contact us' is clicked on

2019-07-09 17:17:46 - [TEST_STEP][PASSED] - delay(2): Delayed 2 second(s)

2019-07-09 17:17:48 - [MESSAGE][PASSED] - Delayed 2 second(s)]]></system-out>
         <system-err><![CDATA[]]></system-err>
      </testcase>
      <testcase name="Test Cases/HOME PAGE/Featured blog posts" classname="Test Cases/HOME PAGE/Featured blog posts" status="FAILED">
         <failure type="FAILED" message="Test Cases/HOME PAGE/Featured blog posts FAILED.
Reason:
com.kms.katalon.core.exception.StepFailedException: Unable to move mouse over object 'Object Repository/APOLLO- Desktop/Home page/Featured blog posts/button_Next' (Root cause: org.openqa.selenium.WebDriverException: 
Build info: version: '3.7.1', revision: '8a0099a', time: '2017-11-06T21:07:36.161Z'
System info: host: 'sumans-MacBook-Pro.local', ip: 'fe80:0:0:0:47c:ca88:4245:b7a7%en0', os.name: 'Mac OS X', os.arch: 'x86_64', os.version: '10.13.6', java.version: '1.8.0_181'
Driver info: com.kms.katalon.selenium.driver.CSafariDriver
Capabilities {acceptInsecureCerts: false, browserName: Safari, browserVersion: 12.1, javascriptEnabled: true, platform: MAC, platformName: MAC, safari:automaticInspection: false, safari:automaticProfiling: false, safari:diagnose: false, setWindowRect: true, strictFileInteractability: false, webkit:WebRTC: {DisableICECandidateFiltering: false, DisableInsecureMediaCapture: false}}
Session ID: 1E99C026-EDC7-4C27-8F99-98F86A0A72A3)
	at com.kms.katalon.core.keyword.internal.KeywordMain.stepFailed(KeywordMain.groovy:36)
	at com.kms.katalon.core.webui.keyword.internal.WebUIKeywordMain.stepFailed(WebUIKeywordMain.groovy:65)
	at com.kms.katalon.core.webui.keyword.internal.WebUIKeywordMain.runKeyword(WebUIKeywordMain.groovy:27)
	at com.kms.katalon.core.webui.keyword.builtin.MouseOverKeyword.mouseOver(MouseOverKeyword.groovy:90)
	at com.kms.katalon.core.webui.keyword.builtin.MouseOverKeyword.execute(MouseOverKeyword.groovy:67)
	at com.kms.katalon.core.keyword.internal.KeywordExecutor.executeKeywordForPlatform(KeywordExecutor.groovy:53)
	at com.kms.katalon.core.webui.keyword.WebUiBuiltInKeywords.mouseOver(WebUiBuiltInKeywords.groovy:776)
	at com.kms.katalon.core.webui.keyword.WebUiBuiltInKeywords$mouseOver$9.call(Unknown Source)
	at Featured blog posts.run(Featured blog posts:66)
	at com.kms.katalon.core.main.ScriptEngine.run(ScriptEngine.java:194)
	at com.kms.katalon.core.main.ScriptEngine.runScriptAsRawText(ScriptEngine.java:119)
	at com.kms.katalon.core.main.TestCaseExecutor.runScript(TestCaseExecutor.java:328)
	at com.kms.katalon.core.main.TestCaseExecutor.doExecute(TestCaseExecutor.java:319)
	at com.kms.katalon.core.main.TestCaseExecutor.processExecutionPhase(TestCaseExecutor.java:298)
	at com.kms.katalon.core.main.TestCaseExecutor.accessMainPhase(TestCaseExecutor.java:290)
	at com.kms.katalon.core.main.TestCaseExecutor.execute(TestCaseExecutor.java:224)
	at com.kms.katalon.core.main.TestSuiteExecutor.accessTestCaseMainPhase(TestSuiteExecutor.java:129)
	at com.kms.katalon.core.main.TestSuiteExecutor.accessTestSuiteMainPhase(TestSuiteExecutor.java:112)
	at com.kms.katalon.core.main.TestSuiteExecutor.execute(TestSuiteExecutor.java:81)
	at com.kms.katalon.core.main.TestCaseMain.startTestSuite(TestCaseMain.java:149)
	at com.kms.katalon.core.main.TestCaseMain$startTestSuite$0.call(Unknown Source)
	at TempTestSuite1562706763156.run(TempTestSuite1562706763156.groovy:36)
"/>
         <system-out><![CDATA[2019-07-09 17:17:48 - [TEST_CASE][FAILED] - Test Cases/HOME PAGE/Featured blog posts: Test Cases/HOME PAGE/Featured blog posts FAILED.
Reason:
com.kms.katalon.core.exception.StepFailedException: Unable to move mouse over object 'Object Repository/APOLLO- Desktop/Home page/Featured blog posts/button_Next' (Root cause: org.openqa.selenium.WebDriverException: 
Build info: version: '3.7.1', revision: '8a0099a', time: '2017-11-06T21:07:36.161Z'
System info: host: 'sumans-MacBook-Pro.local', ip: 'fe80:0:0:0:47c:ca88:4245:b7a7%en0', os.name: 'Mac OS X', os.arch: 'x86_64', os.version: '10.13.6', java.version: '1.8.0_181'
Driver info: com.kms.katalon.selenium.driver.CSafariDriver
Capabilities {acceptInsecureCerts: false, browserName: Safari, browserVersion: 12.1, javascriptEnabled: true, platform: MAC, platformName: MAC, safari:automaticInspection: false, safari:automaticProfiling: false, safari:diagnose: false, setWindowRect: true, strictFileInteractability: false, webkit:WebRTC: {DisableICECandidateFiltering: false, DisableInsecureMediaCapture: false}}
Session ID: 1E99C026-EDC7-4C27-8F99-98F86A0A72A3)
	at com.kms.katalon.core.keyword.internal.KeywordMain.stepFailed(KeywordMain.groovy:36)
	at com.kms.katalon.core.webui.keyword.internal.WebUIKeywordMain.stepFailed(WebUIKeywordMain.groovy:65)
	at com.kms.katalon.core.webui.keyword.internal.WebUIKeywordMain.runKeyword(WebUIKeywordMain.groovy:27)
	at com.kms.katalon.core.webui.keyword.builtin.MouseOverKeyword.mouseOver(MouseOverKeyword.groovy:90)
	at com.kms.katalon.core.webui.keyword.builtin.MouseOverKeyword.execute(MouseOverKeyword.groovy:67)
	at com.kms.katalon.core.keyword.internal.KeywordExecutor.executeKeywordForPlatform(KeywordExecutor.groovy:53)
	at com.kms.katalon.core.webui.keyword.WebUiBuiltInKeywords.mouseOver(WebUiBuiltInKeywords.groovy:776)
	at com.kms.katalon.core.webui.keyword.WebUiBuiltInKeywords$mouseOver$9.call(Unknown Source)
	at Featured blog posts.run(Featured blog posts:66)
	at com.kms.katalon.core.main.ScriptEngine.run(ScriptEngine.java:194)
	at com.kms.katalon.core.main.ScriptEngine.runScriptAsRawText(ScriptEngine.java:119)
	at com.kms.katalon.core.main.TestCaseExecutor.runScript(TestCaseExecutor.java:328)
	at com.kms.katalon.core.main.TestCaseExecutor.doExecute(TestCaseExecutor.java:319)
	at com.kms.katalon.core.main.TestCaseExecutor.processExecutionPhase(TestCaseExecutor.java:298)
	at com.kms.katalon.core.main.TestCaseExecutor.accessMainPhase(TestCaseExecutor.java:290)
	at com.kms.katalon.core.main.TestCaseExecutor.execute(TestCaseExecutor.java:224)
	at com.kms.katalon.core.main.TestSuiteExecutor.accessTestCaseMainPhase(TestSuiteExecutor.java:129)
	at com.kms.katalon.core.main.TestSuiteExecutor.accessTestSuiteMainPhase(TestSuiteExecutor.java:112)
	at com.kms.katalon.core.main.TestSuiteExecutor.execute(TestSuiteExecutor.java:81)
	at com.kms.katalon.core.main.TestCaseMain.startTestSuite(TestCaseMain.java:149)
	at com.kms.katalon.core.main.TestCaseMain$startTestSuite$0.call(Unknown Source)
	at TempTestSuite1562706763156.run(TempTestSuite1562706763156.groovy:36)


2019-07-09 17:17:49 - [TEST_STEP][PASSED] - callTestCase(findTestCase("CALL - URL"), [:], STOP_ON_FAILURE): Call Test Case 'Test Cases/CALL - URL' successfully

2019-07-09 17:17:49 - [TEST_CASE][PASSED] - Test Cases/CALL - URL: Test Cases/CALL - URL

2019-07-09 17:17:49 - [TEST_STEP][PASSED] - openBrowser(""): Browser is opened with url: ''

2019-07-09 17:17:49 - [MESSAGE][WARNING] - A browser is already opened. Closing browser and opening a new one

2019-07-09 17:17:49 - [MESSAGE][INFO] - Starting 'Safari' driver

2019-07-09 17:17:50 - [MESSAGE][PASSED] - Browser is opened with url: ''

2019-07-09 17:17:50 - [TEST_STEP][PASSED] - navigateToUrl("https://apollo-fireball.myshopify.com/?_ab=0&_fd=0&_sc=1&key=96c2edace7b9967f3a77c2e2b131937136039831e9ec35f31598610005fa8795&preview_theme_id=46803124304"): Navigate to 'https://apollo-fireball.myshopify.com/?_ab=0&_fd=0&_sc=1&key=96c2edace7b9967f3a77c2e2b131937136039831e9ec35f31598610005fa8795&preview_theme_id=46803124304' successfully

2019-07-09 17:17:51 - [MESSAGE][PASSED] - Navigate to 'https://apollo-fireball.myshopify.com/?_ab=0&_fd=0&_sc=1&key=96c2edace7b9967f3a77c2e2b131937136039831e9ec35f31598610005fa8795&preview_theme_id=46803124304' successfully

2019-07-09 17:17:51 - [TEST_STEP][PASSED] - executeJavaScript("var previewBar = document.getElementById("preview-bar-iframe"); previewBar.style.display = "none";", []): Execute JavaScript 'var previewBar = document.getElementById("preview-bar-iframe"); previewBar.style.display = "none";' successfully

2019-07-09 17:17:51 - [MESSAGE][PASSED] - Execute JavaScript 'var previewBar = document.getElementById("preview-bar-iframe"); previewBar.style.display = "none";' successfully

2019-07-09 17:17:51 - [TEST_STEP][PASSED] - maximizeWindow(): Current window maximized

2019-07-09 17:17:51 - [MESSAGE][PASSED] - Current window maximized

2019-07-09 17:17:51 - [MESSAGE][PASSED] - Call Test Case 'Test Cases/CALL - URL' successfully

2019-07-09 17:17:51 - [TEST_STEP][PASSED] - delay(2): Delayed 2 second(s)

2019-07-09 17:17:53 - [MESSAGE][PASSED] - Delayed 2 second(s)

2019-07-09 17:17:53 - [TEST_STEP][PASSED] - scrollToElement(findTestObject("APOLLO- Desktop/Home page/Featured blog posts/Featured Blog posts"), 0): Scroll to object 'Object Repository/APOLLO- Desktop/Home page/Featured blog posts/Featured Blog posts' successfully

2019-07-09 17:17:53 - [MESSAGE][WARNING] - Timeout '0' is invalid. Using default page load timeout: '30'

2019-07-09 17:17:53 - [MESSAGE][PASSED] - Scroll to object 'Object Repository/APOLLO- Desktop/Home page/Featured blog posts/Featured Blog posts' successfully

2019-07-09 17:17:53 - [TEST_STEP][PASSED] - delay(2): Delayed 2 second(s)

2019-07-09 17:17:55 - [MESSAGE][PASSED] - Delayed 2 second(s)

2019-07-09 17:17:55 - [TEST_STEP][PASSED] - click(findTestObject("APOLLO- Desktop/Home page/Featured blog posts/second slider")): Object: 'Object Repository/APOLLO- Desktop/Home page/Featured blog posts/second slider' is clicked on

2019-07-09 17:17:55 - [MESSAGE][PASSED] - Object: 'Object Repository/APOLLO- Desktop/Home page/Featured blog posts/second slider' is clicked on

2019-07-09 17:17:55 - [TEST_STEP][PASSED] - delay(2): Delayed 2 second(s)

2019-07-09 17:17:57 - [MESSAGE][PASSED] - Delayed 2 second(s)

2019-07-09 17:17:57 - [TEST_STEP][PASSED] - click(findTestObject("APOLLO- Desktop/Home page/Featured blog posts/third slider")): Object: 'Object Repository/APOLLO- Desktop/Home page/Featured blog posts/third slider' is clicked on

2019-07-09 17:17:58 - [MESSAGE][PASSED] - Object: 'Object Repository/APOLLO- Desktop/Home page/Featured blog posts/third slider' is clicked on

2019-07-09 17:17:58 - [TEST_STEP][PASSED] - delay(2): Delayed 2 second(s)

2019-07-09 17:18:00 - [MESSAGE][PASSED] - Delayed 2 second(s)

2019-07-09 17:18:00 - [TEST_STEP][PASSED] - click(findTestObject("APOLLO- Desktop/Home page/Featured blog posts/first slider")): Object: 'Object Repository/APOLLO- Desktop/Home page/Featured blog posts/first slider' is clicked on

2019-07-09 17:18:00 - [MESSAGE][PASSED] - Object: 'Object Repository/APOLLO- Desktop/Home page/Featured blog posts/first slider' is clicked on

2019-07-09 17:18:00 - [TEST_STEP][PASSED] - delay(2): Delayed 2 second(s)

2019-07-09 17:18:02 - [MESSAGE][PASSED] - Delayed 2 second(s)

2019-07-09 17:18:02 - [TEST_STEP][PASSED] - click(findTestObject("APOLLO- Desktop/Home page/Featured blog posts/Visit Blog")): Object: 'Object Repository/APOLLO- Desktop/Home page/Featured blog posts/Visit Blog' is clicked on

2019-07-09 17:18:02 - [MESSAGE][PASSED] - Object: 'Object Repository/APOLLO- Desktop/Home page/Featured blog posts/Visit Blog' is clicked on

2019-07-09 17:18:02 - [TEST_STEP][PASSED] - delay(2): Delayed 2 second(s)

2019-07-09 17:18:04 - [MESSAGE][PASSED] - Delayed 2 second(s)

2019-07-09 17:18:04 - [TEST_STEP][PASSED] - click(findTestObject("APOLLO- Desktop/Home page/Hero banner - CTA/Apollo icon")): Object: 'Object Repository/APOLLO- Desktop/Home page/Hero banner - CTA/Apollo icon' is clicked on

2019-07-09 17:18:05 - [MESSAGE][PASSED] - Object: 'Object Repository/APOLLO- Desktop/Home page/Hero banner - CTA/Apollo icon' is clicked on

2019-07-09 17:18:05 - [TEST_STEP][PASSED] - executeJavaScript("var previewBar = document.getElementById("preview-bar-iframe"); previewBar.style.display = "none";", []): Execute JavaScript 'var previewBar = document.getElementById("preview-bar-iframe"); previewBar.style.display = "none";' successfully

2019-07-09 17:18:05 - [MESSAGE][PASSED] - Execute JavaScript 'var previewBar = document.getElementById("preview-bar-iframe"); previewBar.style.display = "none";' successfully

2019-07-09 17:18:05 - [TEST_STEP][PASSED] - delay(2): Delayed 2 second(s)

2019-07-09 17:18:07 - [MESSAGE][PASSED] - Delayed 2 second(s)

2019-07-09 17:18:07 - [TEST_STEP][PASSED] - scrollToElement(findTestObject("APOLLO- Desktop/Home page/Featured blog posts/Featured Blog posts"), 0): Scroll to object 'Object Repository/APOLLO- Desktop/Home page/Featured blog posts/Featured Blog posts' successfully

2019-07-09 17:18:07 - [MESSAGE][WARNING] - Timeout '0' is invalid. Using default page load timeout: '30'

2019-07-09 17:18:07 - [MESSAGE][PASSED] - Scroll to object 'Object Repository/APOLLO- Desktop/Home page/Featured blog posts/Featured Blog posts' successfully

2019-07-09 17:18:07 - [TEST_STEP][PASSED] - delay(2): Delayed 2 second(s)

2019-07-09 17:18:09 - [MESSAGE][PASSED] - Delayed 2 second(s)

2019-07-09 17:18:09 - [TEST_STEP][PASSED] - click(findTestObject("APOLLO- Desktop/Home page/Featured blog posts/Read more link")): Object: 'Object Repository/APOLLO- Desktop/Home page/Featured blog posts/Read more link' is clicked on

2019-07-09 17:18:10 - [MESSAGE][PASSED] - Object: 'Object Repository/APOLLO- Desktop/Home page/Featured blog posts/Read more link' is clicked on

2019-07-09 17:18:10 - [TEST_STEP][PASSED] - delay(2): Delayed 2 second(s)

2019-07-09 17:18:12 - [MESSAGE][PASSED] - Delayed 2 second(s)

2019-07-09 17:18:12 - [TEST_STEP][PASSED] - click(findTestObject("APOLLO- Desktop/Home page/Hero banner - CTA/Apollo icon")): Object: 'Object Repository/APOLLO- Desktop/Home page/Hero banner - CTA/Apollo icon' is clicked on

2019-07-09 17:18:13 - [MESSAGE][PASSED] - Object: 'Object Repository/APOLLO- Desktop/Home page/Hero banner - CTA/Apollo icon' is clicked on

2019-07-09 17:18:13 - [TEST_STEP][PASSED] - executeJavaScript("var previewBar = document.getElementById("preview-bar-iframe"); previewBar.style.display = "none";", []): Execute JavaScript 'var previewBar = document.getElementById("preview-bar-iframe"); previewBar.style.display = "none";' successfully

2019-07-09 17:18:13 - [MESSAGE][PASSED] - Execute JavaScript 'var previewBar = document.getElementById("preview-bar-iframe"); previewBar.style.display = "none";' successfully

2019-07-09 17:18:13 - [TEST_STEP][PASSED] - delay(2): Delayed 2 second(s)

2019-07-09 17:18:15 - [MESSAGE][PASSED] - Delayed 2 second(s)

2019-07-09 17:18:15 - [TEST_STEP][PASSED] - scrollToElement(findTestObject("APOLLO- Desktop/Home page/Featured blog posts/Featured Blog posts"), 0): Scroll to object 'Object Repository/APOLLO- Desktop/Home page/Featured blog posts/Featured Blog posts' successfully

2019-07-09 17:18:15 - [MESSAGE][WARNING] - Timeout '0' is invalid. Using default page load timeout: '30'

2019-07-09 17:18:15 - [MESSAGE][PASSED] - Scroll to object 'Object Repository/APOLLO- Desktop/Home page/Featured blog posts/Featured Blog posts' successfully

2019-07-09 17:18:15 - [TEST_STEP][PASSED] - delay(2): Delayed 2 second(s)

2019-07-09 17:18:17 - [MESSAGE][PASSED] - Delayed 2 second(s)

2019-07-09 17:18:17 - [TEST_STEP][FAILED] - mouseOver(findTestObject("APOLLO- Desktop/Home page/Featured blog posts/button_Next")): mouseOver(findTestObject("APOLLO- Desktop/Home page/Featured blog posts/button_Next")) FAILED.
Reason:
com.kms.katalon.core.exception.StepFailedException: Unable to move mouse over object 'Object Repository/APOLLO- Desktop/Home page/Featured blog posts/button_Next' (Root cause: org.openqa.selenium.WebDriverException: 
Build info: version: '3.7.1', revision: '8a0099a', time: '2017-11-06T21:07:36.161Z'
System info: host: 'sumans-MacBook-Pro.local', ip: 'fe80:0:0:0:47c:ca88:4245:b7a7%en0', os.name: 'Mac OS X', os.arch: 'x86_64', os.version: '10.13.6', java.version: '1.8.0_181'
Driver info: com.kms.katalon.selenium.driver.CSafariDriver
Capabilities {acceptInsecureCerts: false, browserName: Safari, browserVersion: 12.1, javascriptEnabled: true, platform: MAC, platformName: MAC, safari:automaticInspection: false, safari:automaticProfiling: false, safari:diagnose: false, setWindowRect: true, strictFileInteractability: false, webkit:WebRTC: {DisableICECandidateFiltering: false, DisableInsecureMediaCapture: false}}
Session ID: 1E99C026-EDC7-4C27-8F99-98F86A0A72A3)
	at com.kms.katalon.core.keyword.internal.KeywordMain.stepFailed(KeywordMain.groovy:36)
	at com.kms.katalon.core.webui.keyword.internal.WebUIKeywordMain.stepFailed(WebUIKeywordMain.groovy:65)
	at com.kms.katalon.core.webui.keyword.internal.WebUIKeywordMain.runKeyword(WebUIKeywordMain.groovy:27)
	at com.kms.katalon.core.webui.keyword.builtin.MouseOverKeyword.mouseOver(MouseOverKeyword.groovy:90)
	at com.kms.katalon.core.webui.keyword.builtin.MouseOverKeyword.execute(MouseOverKeyword.groovy:67)
	at com.kms.katalon.core.keyword.internal.KeywordExecutor.executeKeywordForPlatform(KeywordExecutor.groovy:53)
	at com.kms.katalon.core.webui.keyword.WebUiBuiltInKeywords.mouseOver(WebUiBuiltInKeywords.groovy:776)
	at com.kms.katalon.core.webui.keyword.WebUiBuiltInKeywords$mouseOver$9.call(Unknown Source)
	at Featured blog posts.run(Featured blog posts:66)
	at com.kms.katalon.core.main.ScriptEngine.run(ScriptEngine.java:194)
	at com.kms.katalon.core.main.ScriptEngine.runScriptAsRawText(ScriptEngine.java:119)
	at com.kms.katalon.core.main.TestCaseExecutor.runScript(TestCaseExecutor.java:328)
	at com.kms.katalon.core.main.TestCaseExecutor.doExecute(TestCaseExecutor.java:319)
	at com.kms.katalon.core.main.TestCaseExecutor.processExecutionPhase(TestCaseExecutor.java:298)
	at com.kms.katalon.core.main.TestCaseExecutor.accessMainPhase(TestCaseExecutor.java:290)
	at com.kms.katalon.core.main.TestCaseExecutor.execute(TestCaseExecutor.java:224)
	at com.kms.katalon.core.main.TestSuiteExecutor.accessTestCaseMainPhase(TestSuiteExecutor.java:129)
	at com.kms.katalon.core.main.TestSuiteExecutor.accessTestSuiteMainPhase(TestSuiteExecutor.java:112)
	at com.kms.katalon.core.main.TestSuiteExecutor.execute(TestSuiteExecutor.java:81)
	at com.kms.katalon.core.main.TestCaseMain.startTestSuite(TestCaseMain.java:149)
	at com.kms.katalon.core.main.TestCaseMain$startTestSuite$0.call(Unknown Source)
	at TempTestSuite1562706763156.run(TempTestSuite1562706763156.groovy:36)


2019-07-09 17:18:18 - [MESSAGE][WARNING] - Cannot take screenshot

2019-07-09 17:18:18 - [MESSAGE][FAILED] - Unable to move mouse over object 'Object Repository/APOLLO- Desktop/Home page/Featured blog posts/button_Next' (Root cause: org.openqa.selenium.WebDriverException: 
Build info: version: '3.7.1', revision: '8a0099a', time: '2017-11-06T21:07:36.161Z'
System info: host: 'sumans-MacBook-Pro.local', ip: 'fe80:0:0:0:47c:ca88:4245:b7a7%en0', os.name: 'Mac OS X', os.arch: 'x86_64', os.version: '10.13.6', java.version: '1.8.0_181'
Driver info: com.kms.katalon.selenium.driver.CSafariDriver
Capabilities {acceptInsecureCerts: false, browserName: Safari, browserVersion: 12.1, javascriptEnabled: true, platform: MAC, platformName: MAC, safari:automaticInspection: false, safari:automaticProfiling: false, safari:diagnose: false, setWindowRect: true, strictFileInteractability: false, webkit:WebRTC: {DisableICECandidateFiltering: false, DisableInsecureMediaCapture: false}}
Session ID: 1E99C026-EDC7-4C27-8F99-98F86A0A72A3)

2019-07-09 17:18:18 - [MESSAGE][FAILED] - mouseOver(findTestObject("APOLLO- Desktop/Home page/Featured blog posts/button_Next")) FAILED.
Reason:
com.kms.katalon.core.exception.StepFailedException: Unable to move mouse over object 'Object Repository/APOLLO- Desktop/Home page/Featured blog posts/button_Next' (Root cause: org.openqa.selenium.WebDriverException: 
Build info: version: '3.7.1', revision: '8a0099a', time: '2017-11-06T21:07:36.161Z'
System info: host: 'sumans-MacBook-Pro.local', ip: 'fe80:0:0:0:47c:ca88:4245:b7a7%en0', os.name: 'Mac OS X', os.arch: 'x86_64', os.version: '10.13.6', java.version: '1.8.0_181'
Driver info: com.kms.katalon.selenium.driver.CSafariDriver
Capabilities {acceptInsecureCerts: false, browserName: Safari, browserVersion: 12.1, javascriptEnabled: true, platform: MAC, platformName: MAC, safari:automaticInspection: false, safari:automaticProfiling: false, safari:diagnose: false, setWindowRect: true, strictFileInteractability: false, webkit:WebRTC: {DisableICECandidateFiltering: false, DisableInsecureMediaCapture: false}}
Session ID: 1E99C026-EDC7-4C27-8F99-98F86A0A72A3)
	at com.kms.katalon.core.keyword.internal.KeywordMain.stepFailed(KeywordMain.groovy:36)
	at com.kms.katalon.core.webui.keyword.internal.WebUIKeywordMain.stepFailed(WebUIKeywordMain.groovy:65)
	at com.kms.katalon.core.webui.keyword.internal.WebUIKeywordMain.runKeyword(WebUIKeywordMain.groovy:27)
	at com.kms.katalon.core.webui.keyword.builtin.MouseOverKeyword.mouseOver(MouseOverKeyword.groovy:90)
	at com.kms.katalon.core.webui.keyword.builtin.MouseOverKeyword.execute(MouseOverKeyword.groovy:67)
	at com.kms.katalon.core.keyword.internal.KeywordExecutor.executeKeywordForPlatform(KeywordExecutor.groovy:53)
	at com.kms.katalon.core.webui.keyword.WebUiBuiltInKeywords.mouseOver(WebUiBuiltInKeywords.groovy:776)
	at com.kms.katalon.core.webui.keyword.WebUiBuiltInKeywords$mouseOver$9.call(Unknown Source)
	at Featured blog posts.run(Featured blog posts:66)
	at com.kms.katalon.core.main.ScriptEngine.run(ScriptEngine.java:194)
	at com.kms.katalon.core.main.ScriptEngine.runScriptAsRawText(ScriptEngine.java:119)
	at com.kms.katalon.core.main.TestCaseExecutor.runScript(TestCaseExecutor.java:328)
	at com.kms.katalon.core.main.TestCaseExecutor.doExecute(TestCaseExecutor.java:319)
	at com.kms.katalon.core.main.TestCaseExecutor.processExecutionPhase(TestCaseExecutor.java:298)
	at com.kms.katalon.core.main.TestCaseExecutor.accessMainPhase(TestCaseExecutor.java:290)
	at com.kms.katalon.core.main.TestCaseExecutor.execute(TestCaseExecutor.java:224)
	at com.kms.katalon.core.main.TestSuiteExecutor.accessTestCaseMainPhase(TestSuiteExecutor.java:129)
	at com.kms.katalon.core.main.TestSuiteExecutor.accessTestSuiteMainPhase(TestSuiteExecutor.java:112)
	at com.kms.katalon.core.main.TestSuiteExecutor.execute(TestSuiteExecutor.java:81)
	at com.kms.katalon.core.main.TestCaseMain.startTestSuite(TestCaseMain.java:149)
	at com.kms.katalon.core.main.TestCaseMain$startTestSuite$0.call(Unknown Source)
	at TempTestSuite1562706763156.run(TempTestSuite1562706763156.groovy:36)]]></system-out>
         <system-err><![CDATA[2019-07-09 17:17:48 - [TEST_CASE][FAILED] - Test Cases/HOME PAGE/Featured blog posts: Test Cases/HOME PAGE/Featured blog posts FAILED.
Reason:
com.kms.katalon.core.exception.StepFailedException: Unable to move mouse over object 'Object Repository/APOLLO- Desktop/Home page/Featured blog posts/button_Next' (Root cause: org.openqa.selenium.WebDriverException: 
Build info: version: '3.7.1', revision: '8a0099a', time: '2017-11-06T21:07:36.161Z'
System info: host: 'sumans-MacBook-Pro.local', ip: 'fe80:0:0:0:47c:ca88:4245:b7a7%en0', os.name: 'Mac OS X', os.arch: 'x86_64', os.version: '10.13.6', java.version: '1.8.0_181'
Driver info: com.kms.katalon.selenium.driver.CSafariDriver
Capabilities {acceptInsecureCerts: false, browserName: Safari, browserVersion: 12.1, javascriptEnabled: true, platform: MAC, platformName: MAC, safari:automaticInspection: false, safari:automaticProfiling: false, safari:diagnose: false, setWindowRect: true, strictFileInteractability: false, webkit:WebRTC: {DisableICECandidateFiltering: false, DisableInsecureMediaCapture: false}}
Session ID: 1E99C026-EDC7-4C27-8F99-98F86A0A72A3)
	at com.kms.katalon.core.keyword.internal.KeywordMain.stepFailed(KeywordMain.groovy:36)
	at com.kms.katalon.core.webui.keyword.internal.WebUIKeywordMain.stepFailed(WebUIKeywordMain.groovy:65)
	at com.kms.katalon.core.webui.keyword.internal.WebUIKeywordMain.runKeyword(WebUIKeywordMain.groovy:27)
	at com.kms.katalon.core.webui.keyword.builtin.MouseOverKeyword.mouseOver(MouseOverKeyword.groovy:90)
	at com.kms.katalon.core.webui.keyword.builtin.MouseOverKeyword.execute(MouseOverKeyword.groovy:67)
	at com.kms.katalon.core.keyword.internal.KeywordExecutor.executeKeywordForPlatform(KeywordExecutor.groovy:53)
	at com.kms.katalon.core.webui.keyword.WebUiBuiltInKeywords.mouseOver(WebUiBuiltInKeywords.groovy:776)
	at com.kms.katalon.core.webui.keyword.WebUiBuiltInKeywords$mouseOver$9.call(Unknown Source)
	at Featured blog posts.run(Featured blog posts:66)
	at com.kms.katalon.core.main.ScriptEngine.run(ScriptEngine.java:194)
	at com.kms.katalon.core.main.ScriptEngine.runScriptAsRawText(ScriptEngine.java:119)
	at com.kms.katalon.core.main.TestCaseExecutor.runScript(TestCaseExecutor.java:328)
	at com.kms.katalon.core.main.TestCaseExecutor.doExecute(TestCaseExecutor.java:319)
	at com.kms.katalon.core.main.TestCaseExecutor.processExecutionPhase(TestCaseExecutor.java:298)
	at com.kms.katalon.core.main.TestCaseExecutor.accessMainPhase(TestCaseExecutor.java:290)
	at com.kms.katalon.core.main.TestCaseExecutor.execute(TestCaseExecutor.java:224)
	at com.kms.katalon.core.main.TestSuiteExecutor.accessTestCaseMainPhase(TestSuiteExecutor.java:129)
	at com.kms.katalon.core.main.TestSuiteExecutor.accessTestSuiteMainPhase(TestSuiteExecutor.java:112)
	at com.kms.katalon.core.main.TestSuiteExecutor.execute(TestSuiteExecutor.java:81)
	at com.kms.katalon.core.main.TestCaseMain.startTestSuite(TestCaseMain.java:149)
	at com.kms.katalon.core.main.TestCaseMain$startTestSuite$0.call(Unknown Source)
	at TempTestSuite1562706763156.run(TempTestSuite1562706763156.groovy:36)]]></system-err>
      </testcase>
      <testcase name="Test Cases/HOME PAGE/Featured collection" classname="Test Cases/HOME PAGE/Featured collection" status="FAILED">
         <failure type="FAILED" message="Test Cases/HOME PAGE/Featured collection FAILED.
Reason:
com.kms.katalon.core.exception.StepFailedException: Unable to open browser with url: '' (Root cause: org.openqa.selenium.NoSuchSessionException: 
Build info: version: '3.7.1', revision: '8a0099a', time: '2017-11-06T21:07:36.161Z'
System info: host: 'sumans-MacBook-Pro.local', ip: 'fe80:0:0:0:47c:ca88:4245:b7a7%en0', os.name: 'Mac OS X', os.arch: 'x86_64', os.version: '10.13.6', java.version: '1.8.0_181'
Driver info: com.kms.katalon.selenium.driver.CSafariDriver
Capabilities {acceptInsecureCerts: false, browserName: Safari, browserVersion: 12.1, javascriptEnabled: true, platform: MAC, platformName: MAC, safari:automaticInspection: false, safari:automaticProfiling: false, safari:diagnose: false, setWindowRect: true, strictFileInteractability: false, webkit:WebRTC: {DisableICECandidateFiltering: false, DisableInsecureMediaCapture: false}}
Session ID: 1E99C026-EDC7-4C27-8F99-98F86A0A72A3)
	at com.kms.katalon.core.keyword.internal.KeywordMain.stepFailed(KeywordMain.groovy:36)
	at com.kms.katalon.core.webui.keyword.internal.WebUIKeywordMain.stepFailed(WebUIKeywordMain.groovy:65)
	at com.kms.katalon.core.webui.keyword.internal.WebUIKeywordMain.runKeyword(WebUIKeywordMain.groovy:27)
	at com.kms.katalon.core.webui.keyword.builtin.OpenBrowserKeyword.openBrowser(OpenBrowserKeyword.groovy:81)
	at com.kms.katalon.core.webui.keyword.builtin.OpenBrowserKeyword.execute(OpenBrowserKeyword.groovy:67)
	at com.kms.katalon.core.keyword.internal.KeywordExecutor.executeKeywordForPlatform(KeywordExecutor.groovy:53)
	at com.kms.katalon.core.webui.keyword.WebUiBuiltInKeywords.openBrowser(WebUiBuiltInKeywords.groovy:60)
	at com.kms.katalon.core.webui.keyword.WebUiBuiltInKeywords$openBrowser.call(Unknown Source)
	at CALL - URL.run(CALL - URL:16)
	at com.kms.katalon.core.main.ScriptEngine.run(ScriptEngine.java:194)
	at com.kms.katalon.core.main.ScriptEngine.runScriptAsRawText(ScriptEngine.java:119)
	at com.kms.katalon.core.main.TestCaseExecutor.runScript(TestCaseExecutor.java:328)
	at com.kms.katalon.core.main.TestCaseExecutor.doExecute(TestCaseExecutor.java:319)
	at com.kms.katalon.core.main.TestCaseExecutor.processExecutionPhase(TestCaseExecutor.java:298)
	at com.kms.katalon.core.main.TestCaseExecutor.accessMainPhase(TestCaseExecutor.java:290)
	at com.kms.katalon.core.main.TestCaseExecutor.execute(TestCaseExecutor.java:224)
	at com.kms.katalon.core.main.TestCaseMain.runTestCase(TestCaseMain.java:106)
	at com.kms.katalon.core.keyword.builtin.CallTestCaseKeyword$_callTestCase_closure1.doCall(CallTestCaseKeyword.groovy:59)
	at com.kms.katalon.core.keyword.builtin.CallTestCaseKeyword$_callTestCase_closure1.call(CallTestCaseKeyword.groovy)
	at com.kms.katalon.core.keyword.internal.KeywordMain.runKeyword(KeywordMain.groovy:54)
	at com.kms.katalon.core.keyword.builtin.CallTestCaseKeyword.callTestCase(CallTestCaseKeyword.groovy:80)
	at com.kms.katalon.core.keyword.builtin.CallTestCaseKeyword.execute(CallTestCaseKeyword.groovy:44)
	at com.kms.katalon.core.keyword.internal.KeywordExecutor.executeKeywordForPlatform(KeywordExecutor.groovy:53)
	at com.kms.katalon.core.keyword.BuiltinKeywords.callTestCase(BuiltinKeywords.groovy:334)
	at Featured collection.run(Featured collection:16)
	at com.kms.katalon.core.main.ScriptEngine.run(ScriptEngine.java:194)
	at com.kms.katalon.core.main.ScriptEngine.runScriptAsRawText(ScriptEngine.java:119)
	at com.kms.katalon.core.main.TestCaseExecutor.runScript(TestCaseExecutor.java:328)
	at com.kms.katalon.core.main.TestCaseExecutor.doExecute(TestCaseExecutor.java:319)
	at com.kms.katalon.core.main.TestCaseExecutor.processExecutionPhase(TestCaseExecutor.java:298)
	at com.kms.katalon.core.main.TestCaseExecutor.accessMainPhase(TestCaseExecutor.java:290)
	at com.kms.katalon.core.main.TestCaseExecutor.execute(TestCaseExecutor.java:224)
	at com.kms.katalon.core.main.TestSuiteExecutor.accessTestCaseMainPhase(TestSuiteExecutor.java:129)
	at com.kms.katalon.core.main.TestSuiteExecutor.accessTestSuiteMainPhase(TestSuiteExecutor.java:112)
	at com.kms.katalon.core.main.TestSuiteExecutor.execute(TestSuiteExecutor.java:81)
	at com.kms.katalon.core.main.TestCaseMain.startTestSuite(TestCaseMain.java:149)
	at com.kms.katalon.core.main.TestCaseMain$startTestSuite$0.call(Unknown Source)
	at TempTestSuite1562706763156.run(TempTestSuite1562706763156.groovy:36)
"/>
         <system-out><![CDATA[2019-07-09 17:18:18 - [TEST_CASE][FAILED] - Test Cases/HOME PAGE/Featured collection: Test Cases/HOME PAGE/Featured collection FAILED.
Reason:
com.kms.katalon.core.exception.StepFailedException: Unable to open browser with url: '' (Root cause: org.openqa.selenium.NoSuchSessionException: 
Build info: version: '3.7.1', revision: '8a0099a', time: '2017-11-06T21:07:36.161Z'
System info: host: 'sumans-MacBook-Pro.local', ip: 'fe80:0:0:0:47c:ca88:4245:b7a7%en0', os.name: 'Mac OS X', os.arch: 'x86_64', os.version: '10.13.6', java.version: '1.8.0_181'
Driver info: com.kms.katalon.selenium.driver.CSafariDriver
Capabilities {acceptInsecureCerts: false, browserName: Safari, browserVersion: 12.1, javascriptEnabled: true, platform: MAC, platformName: MAC, safari:automaticInspection: false, safari:automaticProfiling: false, safari:diagnose: false, setWindowRect: true, strictFileInteractability: false, webkit:WebRTC: {DisableICECandidateFiltering: false, DisableInsecureMediaCapture: false}}
Session ID: 1E99C026-EDC7-4C27-8F99-98F86A0A72A3)
	at com.kms.katalon.core.keyword.internal.KeywordMain.stepFailed(KeywordMain.groovy:36)
	at com.kms.katalon.core.webui.keyword.internal.WebUIKeywordMain.stepFailed(WebUIKeywordMain.groovy:65)
	at com.kms.katalon.core.webui.keyword.internal.WebUIKeywordMain.runKeyword(WebUIKeywordMain.groovy:27)
	at com.kms.katalon.core.webui.keyword.builtin.OpenBrowserKeyword.openBrowser(OpenBrowserKeyword.groovy:81)
	at com.kms.katalon.core.webui.keyword.builtin.OpenBrowserKeyword.execute(OpenBrowserKeyword.groovy:67)
	at com.kms.katalon.core.keyword.internal.KeywordExecutor.executeKeywordForPlatform(KeywordExecutor.groovy:53)
	at com.kms.katalon.core.webui.keyword.WebUiBuiltInKeywords.openBrowser(WebUiBuiltInKeywords.groovy:60)
	at com.kms.katalon.core.webui.keyword.WebUiBuiltInKeywords$openBrowser.call(Unknown Source)
	at CALL - URL.run(CALL - URL:16)
	at com.kms.katalon.core.main.ScriptEngine.run(ScriptEngine.java:194)
	at com.kms.katalon.core.main.ScriptEngine.runScriptAsRawText(ScriptEngine.java:119)
	at com.kms.katalon.core.main.TestCaseExecutor.runScript(TestCaseExecutor.java:328)
	at com.kms.katalon.core.main.TestCaseExecutor.doExecute(TestCaseExecutor.java:319)
	at com.kms.katalon.core.main.TestCaseExecutor.processExecutionPhase(TestCaseExecutor.java:298)
	at com.kms.katalon.core.main.TestCaseExecutor.accessMainPhase(TestCaseExecutor.java:290)
	at com.kms.katalon.core.main.TestCaseExecutor.execute(TestCaseExecutor.java:224)
	at com.kms.katalon.core.main.TestCaseMain.runTestCase(TestCaseMain.java:106)
	at com.kms.katalon.core.keyword.builtin.CallTestCaseKeyword$_callTestCase_closure1.doCall(CallTestCaseKeyword.groovy:59)
	at com.kms.katalon.core.keyword.builtin.CallTestCaseKeyword$_callTestCase_closure1.call(CallTestCaseKeyword.groovy)
	at com.kms.katalon.core.keyword.internal.KeywordMain.runKeyword(KeywordMain.groovy:54)
	at com.kms.katalon.core.keyword.builtin.CallTestCaseKeyword.callTestCase(CallTestCaseKeyword.groovy:80)
	at com.kms.katalon.core.keyword.builtin.CallTestCaseKeyword.execute(CallTestCaseKeyword.groovy:44)
	at com.kms.katalon.core.keyword.internal.KeywordExecutor.executeKeywordForPlatform(KeywordExecutor.groovy:53)
	at com.kms.katalon.core.keyword.BuiltinKeywords.callTestCase(BuiltinKeywords.groovy:334)
	at Featured collection.run(Featured collection:16)
	at com.kms.katalon.core.main.ScriptEngine.run(ScriptEngine.java:194)
	at com.kms.katalon.core.main.ScriptEngine.runScriptAsRawText(ScriptEngine.java:119)
	at com.kms.katalon.core.main.TestCaseExecutor.runScript(TestCaseExecutor.java:328)
	at com.kms.katalon.core.main.TestCaseExecutor.doExecute(TestCaseExecutor.java:319)
	at com.kms.katalon.core.main.TestCaseExecutor.processExecutionPhase(TestCaseExecutor.java:298)
	at com.kms.katalon.core.main.TestCaseExecutor.accessMainPhase(TestCaseExecutor.java:290)
	at com.kms.katalon.core.main.TestCaseExecutor.execute(TestCaseExecutor.java:224)
	at com.kms.katalon.core.main.TestSuiteExecutor.accessTestCaseMainPhase(TestSuiteExecutor.java:129)
	at com.kms.katalon.core.main.TestSuiteExecutor.accessTestSuiteMainPhase(TestSuiteExecutor.java:112)
	at com.kms.katalon.core.main.TestSuiteExecutor.execute(TestSuiteExecutor.java:81)
	at com.kms.katalon.core.main.TestCaseMain.startTestSuite(TestCaseMain.java:149)
	at com.kms.katalon.core.main.TestCaseMain$startTestSuite$0.call(Unknown Source)
	at TempTestSuite1562706763156.run(TempTestSuite1562706763156.groovy:36)


2019-07-09 17:18:18 - [TEST_STEP][FAILED] - callTestCase(findTestCase("CALL - URL"), [:], STOP_ON_FAILURE): callTestCase(findTestCase("CALL - URL"), [:], STOP_ON_FAILURE) FAILED.
Reason:
com.kms.katalon.core.exception.StepFailedException: Unable to open browser with url: '' (Root cause: org.openqa.selenium.NoSuchSessionException: 
Build info: version: '3.7.1', revision: '8a0099a', time: '2017-11-06T21:07:36.161Z'
System info: host: 'sumans-MacBook-Pro.local', ip: 'fe80:0:0:0:47c:ca88:4245:b7a7%en0', os.name: 'Mac OS X', os.arch: 'x86_64', os.version: '10.13.6', java.version: '1.8.0_181'
Driver info: com.kms.katalon.selenium.driver.CSafariDriver
Capabilities {acceptInsecureCerts: false, browserName: Safari, browserVersion: 12.1, javascriptEnabled: true, platform: MAC, platformName: MAC, safari:automaticInspection: false, safari:automaticProfiling: false, safari:diagnose: false, setWindowRect: true, strictFileInteractability: false, webkit:WebRTC: {DisableICECandidateFiltering: false, DisableInsecureMediaCapture: false}}
Session ID: 1E99C026-EDC7-4C27-8F99-98F86A0A72A3)
	at com.kms.katalon.core.keyword.internal.KeywordMain.stepFailed(KeywordMain.groovy:36)
	at com.kms.katalon.core.webui.keyword.internal.WebUIKeywordMain.stepFailed(WebUIKeywordMain.groovy:65)
	at com.kms.katalon.core.webui.keyword.internal.WebUIKeywordMain.runKeyword(WebUIKeywordMain.groovy:27)
	at com.kms.katalon.core.webui.keyword.builtin.OpenBrowserKeyword.openBrowser(OpenBrowserKeyword.groovy:81)
	at com.kms.katalon.core.webui.keyword.builtin.OpenBrowserKeyword.execute(OpenBrowserKeyword.groovy:67)
	at com.kms.katalon.core.keyword.internal.KeywordExecutor.executeKeywordForPlatform(KeywordExecutor.groovy:53)
	at com.kms.katalon.core.webui.keyword.WebUiBuiltInKeywords.openBrowser(WebUiBuiltInKeywords.groovy:60)
	at com.kms.katalon.core.webui.keyword.WebUiBuiltInKeywords$openBrowser.call(Unknown Source)
	at CALL - URL.run(CALL - URL:16)
	at com.kms.katalon.core.main.ScriptEngine.run(ScriptEngine.java:194)
	at com.kms.katalon.core.main.ScriptEngine.runScriptAsRawText(ScriptEngine.java:119)
	at com.kms.katalon.core.main.TestCaseExecutor.runScript(TestCaseExecutor.java:328)
	at com.kms.katalon.core.main.TestCaseExecutor.doExecute(TestCaseExecutor.java:319)
	at com.kms.katalon.core.main.TestCaseExecutor.processExecutionPhase(TestCaseExecutor.java:298)
	at com.kms.katalon.core.main.TestCaseExecutor.accessMainPhase(TestCaseExecutor.java:290)
	at com.kms.katalon.core.main.TestCaseExecutor.execute(TestCaseExecutor.java:224)
	at com.kms.katalon.core.main.TestCaseMain.runTestCase(TestCaseMain.java:106)
	at com.kms.katalon.core.keyword.builtin.CallTestCaseKeyword$_callTestCase_closure1.doCall(CallTestCaseKeyword.groovy:59)
	at com.kms.katalon.core.keyword.builtin.CallTestCaseKeyword$_callTestCase_closure1.call(CallTestCaseKeyword.groovy)
	at com.kms.katalon.core.keyword.internal.KeywordMain.runKeyword(KeywordMain.groovy:54)
	at com.kms.katalon.core.keyword.builtin.CallTestCaseKeyword.callTestCase(CallTestCaseKeyword.groovy:80)
	at com.kms.katalon.core.keyword.builtin.CallTestCaseKeyword.execute(CallTestCaseKeyword.groovy:44)
	at com.kms.katalon.core.keyword.internal.KeywordExecutor.executeKeywordForPlatform(KeywordExecutor.groovy:53)
	at com.kms.katalon.core.keyword.BuiltinKeywords.callTestCase(BuiltinKeywords.groovy:334)
	at Featured collection.run(Featured collection:16)
	at com.kms.katalon.core.main.ScriptEngine.run(ScriptEngine.java:194)
	at com.kms.katalon.core.main.ScriptEngine.runScriptAsRawText(ScriptEngine.java:119)
	at com.kms.katalon.core.main.TestCaseExecutor.runScript(TestCaseExecutor.java:328)
	at com.kms.katalon.core.main.TestCaseExecutor.doExecute(TestCaseExecutor.java:319)
	at com.kms.katalon.core.main.TestCaseExecutor.processExecutionPhase(TestCaseExecutor.java:298)
	at com.kms.katalon.core.main.TestCaseExecutor.accessMainPhase(TestCaseExecutor.java:290)
	at com.kms.katalon.core.main.TestCaseExecutor.execute(TestCaseExecutor.java:224)
	at com.kms.katalon.core.main.TestSuiteExecutor.accessTestCaseMainPhase(TestSuiteExecutor.java:129)
	at com.kms.katalon.core.main.TestSuiteExecutor.accessTestSuiteMainPhase(TestSuiteExecutor.java:112)
	at com.kms.katalon.core.main.TestSuiteExecutor.execute(TestSuiteExecutor.java:81)
	at com.kms.katalon.core.main.TestCaseMain.startTestSuite(TestCaseMain.java:149)
	at com.kms.katalon.core.main.TestCaseMain$startTestSuite$0.call(Unknown Source)
	at TempTestSuite1562706763156.run(TempTestSuite1562706763156.groovy:36)


2019-07-09 17:18:18 - [TEST_CASE][FAILED] - Test Cases/CALL - URL: Test Cases/CALL - URL FAILED.
Reason:
com.kms.katalon.core.exception.StepFailedException: Unable to open browser with url: '' (Root cause: org.openqa.selenium.NoSuchSessionException: 
Build info: version: '3.7.1', revision: '8a0099a', time: '2017-11-06T21:07:36.161Z'
System info: host: 'sumans-MacBook-Pro.local', ip: 'fe80:0:0:0:47c:ca88:4245:b7a7%en0', os.name: 'Mac OS X', os.arch: 'x86_64', os.version: '10.13.6', java.version: '1.8.0_181'
Driver info: com.kms.katalon.selenium.driver.CSafariDriver
Capabilities {acceptInsecureCerts: false, browserName: Safari, browserVersion: 12.1, javascriptEnabled: true, platform: MAC, platformName: MAC, safari:automaticInspection: false, safari:automaticProfiling: false, safari:diagnose: false, setWindowRect: true, strictFileInteractability: false, webkit:WebRTC: {DisableICECandidateFiltering: false, DisableInsecureMediaCapture: false}}
Session ID: 1E99C026-EDC7-4C27-8F99-98F86A0A72A3)
	at com.kms.katalon.core.keyword.internal.KeywordMain.stepFailed(KeywordMain.groovy:36)
	at com.kms.katalon.core.webui.keyword.internal.WebUIKeywordMain.stepFailed(WebUIKeywordMain.groovy:65)
	at com.kms.katalon.core.webui.keyword.internal.WebUIKeywordMain.runKeyword(WebUIKeywordMain.groovy:27)
	at com.kms.katalon.core.webui.keyword.builtin.OpenBrowserKeyword.openBrowser(OpenBrowserKeyword.groovy:81)
	at com.kms.katalon.core.webui.keyword.builtin.OpenBrowserKeyword.execute(OpenBrowserKeyword.groovy:67)
	at com.kms.katalon.core.keyword.internal.KeywordExecutor.executeKeywordForPlatform(KeywordExecutor.groovy:53)
	at com.kms.katalon.core.webui.keyword.WebUiBuiltInKeywords.openBrowser(WebUiBuiltInKeywords.groovy:60)
	at com.kms.katalon.core.webui.keyword.WebUiBuiltInKeywords$openBrowser.call(Unknown Source)
	at CALL - URL.run(CALL - URL:16)
	at com.kms.katalon.core.main.ScriptEngine.run(ScriptEngine.java:194)
	at com.kms.katalon.core.main.ScriptEngine.runScriptAsRawText(ScriptEngine.java:119)
	at com.kms.katalon.core.main.TestCaseExecutor.runScript(TestCaseExecutor.java:328)
	at com.kms.katalon.core.main.TestCaseExecutor.doExecute(TestCaseExecutor.java:319)
	at com.kms.katalon.core.main.TestCaseExecutor.processExecutionPhase(TestCaseExecutor.java:298)
	at com.kms.katalon.core.main.TestCaseExecutor.accessMainPhase(TestCaseExecutor.java:290)
	at com.kms.katalon.core.main.TestCaseExecutor.execute(TestCaseExecutor.java:224)
	at com.kms.katalon.core.main.TestCaseMain.runTestCase(TestCaseMain.java:106)
	at com.kms.katalon.core.keyword.builtin.CallTestCaseKeyword$_callTestCase_closure1.doCall(CallTestCaseKeyword.groovy:59)
	at com.kms.katalon.core.keyword.builtin.CallTestCaseKeyword$_callTestCase_closure1.call(CallTestCaseKeyword.groovy)
	at com.kms.katalon.core.keyword.internal.KeywordMain.runKeyword(KeywordMain.groovy:54)
	at com.kms.katalon.core.keyword.builtin.CallTestCaseKeyword.callTestCase(CallTestCaseKeyword.groovy:80)
	at com.kms.katalon.core.keyword.builtin.CallTestCaseKeyword.execute(CallTestCaseKeyword.groovy:44)
	at com.kms.katalon.core.keyword.internal.KeywordExecutor.executeKeywordForPlatform(KeywordExecutor.groovy:53)
	at com.kms.katalon.core.keyword.BuiltinKeywords.callTestCase(BuiltinKeywords.groovy:334)
	at Featured collection.run(Featured collection:16)
	at com.kms.katalon.core.main.ScriptEngine.run(ScriptEngine.java:194)
	at com.kms.katalon.core.main.ScriptEngine.runScriptAsRawText(ScriptEngine.java:119)
	at com.kms.katalon.core.main.TestCaseExecutor.runScript(TestCaseExecutor.java:328)
	at com.kms.katalon.core.main.TestCaseExecutor.doExecute(TestCaseExecutor.java:319)
	at com.kms.katalon.core.main.TestCaseExecutor.processExecutionPhase(TestCaseExecutor.java:298)
	at com.kms.katalon.core.main.TestCaseExecutor.accessMainPhase(TestCaseExecutor.java:290)
	at com.kms.katalon.core.main.TestCaseExecutor.execute(TestCaseExecutor.java:224)
	at com.kms.katalon.core.main.TestSuiteExecutor.accessTestCaseMainPhase(TestSuiteExecutor.java:129)
	at com.kms.katalon.core.main.TestSuiteExecutor.accessTestSuiteMainPhase(TestSuiteExecutor.java:112)
	at com.kms.katalon.core.main.TestSuiteExecutor.execute(TestSuiteExecutor.java:81)
	at com.kms.katalon.core.main.TestCaseMain.startTestSuite(TestCaseMain.java:149)
	at com.kms.katalon.core.main.TestCaseMain$startTestSuite$0.call(Unknown Source)
	at TempTestSuite1562706763156.run(TempTestSuite1562706763156.groovy:36)


2019-07-09 17:18:18 - [TEST_STEP][FAILED] - openBrowser(""): openBrowser("") FAILED.
Reason:
com.kms.katalon.core.exception.StepFailedException: Unable to open browser with url: '' (Root cause: org.openqa.selenium.NoSuchSessionException: 
Build info: version: '3.7.1', revision: '8a0099a', time: '2017-11-06T21:07:36.161Z'
System info: host: 'sumans-MacBook-Pro.local', ip: 'fe80:0:0:0:47c:ca88:4245:b7a7%en0', os.name: 'Mac OS X', os.arch: 'x86_64', os.version: '10.13.6', java.version: '1.8.0_181'
Driver info: com.kms.katalon.selenium.driver.CSafariDriver
Capabilities {acceptInsecureCerts: false, browserName: Safari, browserVersion: 12.1, javascriptEnabled: true, platform: MAC, platformName: MAC, safari:automaticInspection: false, safari:automaticProfiling: false, safari:diagnose: false, setWindowRect: true, strictFileInteractability: false, webkit:WebRTC: {DisableICECandidateFiltering: false, DisableInsecureMediaCapture: false}}
Session ID: 1E99C026-EDC7-4C27-8F99-98F86A0A72A3)
	at com.kms.katalon.core.keyword.internal.KeywordMain.stepFailed(KeywordMain.groovy:36)
	at com.kms.katalon.core.webui.keyword.internal.WebUIKeywordMain.stepFailed(WebUIKeywordMain.groovy:65)
	at com.kms.katalon.core.webui.keyword.internal.WebUIKeywordMain.runKeyword(WebUIKeywordMain.groovy:27)
	at com.kms.katalon.core.webui.keyword.builtin.OpenBrowserKeyword.openBrowser(OpenBrowserKeyword.groovy:81)
	at com.kms.katalon.core.webui.keyword.builtin.OpenBrowserKeyword.execute(OpenBrowserKeyword.groovy:67)
	at com.kms.katalon.core.keyword.internal.KeywordExecutor.executeKeywordForPlatform(KeywordExecutor.groovy:53)
	at com.kms.katalon.core.webui.keyword.WebUiBuiltInKeywords.openBrowser(WebUiBuiltInKeywords.groovy:60)
	at com.kms.katalon.core.webui.keyword.WebUiBuiltInKeywords$openBrowser.call(Unknown Source)
	at CALL - URL.run(CALL - URL:16)
	at com.kms.katalon.core.main.ScriptEngine.run(ScriptEngine.java:194)
	at com.kms.katalon.core.main.ScriptEngine.runScriptAsRawText(ScriptEngine.java:119)
	at com.kms.katalon.core.main.TestCaseExecutor.runScript(TestCaseExecutor.java:328)
	at com.kms.katalon.core.main.TestCaseExecutor.doExecute(TestCaseExecutor.java:319)
	at com.kms.katalon.core.main.TestCaseExecutor.processExecutionPhase(TestCaseExecutor.java:298)
	at com.kms.katalon.core.main.TestCaseExecutor.accessMainPhase(TestCaseExecutor.java:290)
	at com.kms.katalon.core.main.TestCaseExecutor.execute(TestCaseExecutor.java:224)
	at com.kms.katalon.core.main.TestCaseMain.runTestCase(TestCaseMain.java:106)
	at com.kms.katalon.core.keyword.builtin.CallTestCaseKeyword$_callTestCase_closure1.doCall(CallTestCaseKeyword.groovy:59)
	at com.kms.katalon.core.keyword.builtin.CallTestCaseKeyword$_callTestCase_closure1.call(CallTestCaseKeyword.groovy)
	at com.kms.katalon.core.keyword.internal.KeywordMain.runKeyword(KeywordMain.groovy:54)
	at com.kms.katalon.core.keyword.builtin.CallTestCaseKeyword.callTestCase(CallTestCaseKeyword.groovy:80)
	at com.kms.katalon.core.keyword.builtin.CallTestCaseKeyword.execute(CallTestCaseKeyword.groovy:44)
	at com.kms.katalon.core.keyword.internal.KeywordExecutor.executeKeywordForPlatform(KeywordExecutor.groovy:53)
	at com.kms.katalon.core.keyword.BuiltinKeywords.callTestCase(BuiltinKeywords.groovy:334)
	at Featured collection.run(Featured collection:16)
	at com.kms.katalon.core.main.ScriptEngine.run(ScriptEngine.java:194)
	at com.kms.katalon.core.main.ScriptEngine.runScriptAsRawText(ScriptEngine.java:119)
	at com.kms.katalon.core.main.TestCaseExecutor.runScript(TestCaseExecutor.java:328)
	at com.kms.katalon.core.main.TestCaseExecutor.doExecute(TestCaseExecutor.java:319)
	at com.kms.katalon.core.main.TestCaseExecutor.processExecutionPhase(TestCaseExecutor.java:298)
	at com.kms.katalon.core.main.TestCaseExecutor.accessMainPhase(TestCaseExecutor.java:290)
	at com.kms.katalon.core.main.TestCaseExecutor.execute(TestCaseExecutor.java:224)
	at com.kms.katalon.core.main.TestSuiteExecutor.accessTestCaseMainPhase(TestSuiteExecutor.java:129)
	at com.kms.katalon.core.main.TestSuiteExecutor.accessTestSuiteMainPhase(TestSuiteExecutor.java:112)
	at com.kms.katalon.core.main.TestSuiteExecutor.execute(TestSuiteExecutor.java:81)
	at com.kms.katalon.core.main.TestCaseMain.startTestSuite(TestCaseMain.java:149)
	at com.kms.katalon.core.main.TestCaseMain$startTestSuite$0.call(Unknown Source)
	at TempTestSuite1562706763156.run(TempTestSuite1562706763156.groovy:36)


2019-07-09 17:18:18 - [MESSAGE][WARNING] - A browser is already opened. Closing browser and opening a new one

2019-07-09 17:18:18 - [MESSAGE][FAILED] - Unable to open browser with url: '' (Root cause: org.openqa.selenium.NoSuchSessionException: 
Build info: version: '3.7.1', revision: '8a0099a', time: '2017-11-06T21:07:36.161Z'
System info: host: 'sumans-MacBook-Pro.local', ip: 'fe80:0:0:0:47c:ca88:4245:b7a7%en0', os.name: 'Mac OS X', os.arch: 'x86_64', os.version: '10.13.6', java.version: '1.8.0_181'
Driver info: com.kms.katalon.selenium.driver.CSafariDriver
Capabilities {acceptInsecureCerts: false, browserName: Safari, browserVersion: 12.1, javascriptEnabled: true, platform: MAC, platformName: MAC, safari:automaticInspection: false, safari:automaticProfiling: false, safari:diagnose: false, setWindowRect: true, strictFileInteractability: false, webkit:WebRTC: {DisableICECandidateFiltering: false, DisableInsecureMediaCapture: false}}
Session ID: 1E99C026-EDC7-4C27-8F99-98F86A0A72A3)

2019-07-09 17:18:18 - [MESSAGE][FAILED] - openBrowser("") FAILED.
Reason:
com.kms.katalon.core.exception.StepFailedException: Unable to open browser with url: '' (Root cause: org.openqa.selenium.NoSuchSessionException: 
Build info: version: '3.7.1', revision: '8a0099a', time: '2017-11-06T21:07:36.161Z'
System info: host: 'sumans-MacBook-Pro.local', ip: 'fe80:0:0:0:47c:ca88:4245:b7a7%en0', os.name: 'Mac OS X', os.arch: 'x86_64', os.version: '10.13.6', java.version: '1.8.0_181'
Driver info: com.kms.katalon.selenium.driver.CSafariDriver
Capabilities {acceptInsecureCerts: false, browserName: Safari, browserVersion: 12.1, javascriptEnabled: true, platform: MAC, platformName: MAC, safari:automaticInspection: false, safari:automaticProfiling: false, safari:diagnose: false, setWindowRect: true, strictFileInteractability: false, webkit:WebRTC: {DisableICECandidateFiltering: false, DisableInsecureMediaCapture: false}}
Session ID: 1E99C026-EDC7-4C27-8F99-98F86A0A72A3)
	at com.kms.katalon.core.keyword.internal.KeywordMain.stepFailed(KeywordMain.groovy:36)
	at com.kms.katalon.core.webui.keyword.internal.WebUIKeywordMain.stepFailed(WebUIKeywordMain.groovy:65)
	at com.kms.katalon.core.webui.keyword.internal.WebUIKeywordMain.runKeyword(WebUIKeywordMain.groovy:27)
	at com.kms.katalon.core.webui.keyword.builtin.OpenBrowserKeyword.openBrowser(OpenBrowserKeyword.groovy:81)
	at com.kms.katalon.core.webui.keyword.builtin.OpenBrowserKeyword.execute(OpenBrowserKeyword.groovy:67)
	at com.kms.katalon.core.keyword.internal.KeywordExecutor.executeKeywordForPlatform(KeywordExecutor.groovy:53)
	at com.kms.katalon.core.webui.keyword.WebUiBuiltInKeywords.openBrowser(WebUiBuiltInKeywords.groovy:60)
	at com.kms.katalon.core.webui.keyword.WebUiBuiltInKeywords$openBrowser.call(Unknown Source)
	at CALL - URL.run(CALL - URL:16)
	at com.kms.katalon.core.main.ScriptEngine.run(ScriptEngine.java:194)
	at com.kms.katalon.core.main.ScriptEngine.runScriptAsRawText(ScriptEngine.java:119)
	at com.kms.katalon.core.main.TestCaseExecutor.runScript(TestCaseExecutor.java:328)
	at com.kms.katalon.core.main.TestCaseExecutor.doExecute(TestCaseExecutor.java:319)
	at com.kms.katalon.core.main.TestCaseExecutor.processExecutionPhase(TestCaseExecutor.java:298)
	at com.kms.katalon.core.main.TestCaseExecutor.accessMainPhase(TestCaseExecutor.java:290)
	at com.kms.katalon.core.main.TestCaseExecutor.execute(TestCaseExecutor.java:224)
	at com.kms.katalon.core.main.TestCaseMain.runTestCase(TestCaseMain.java:106)
	at com.kms.katalon.core.keyword.builtin.CallTestCaseKeyword$_callTestCase_closure1.doCall(CallTestCaseKeyword.groovy:59)
	at com.kms.katalon.core.keyword.builtin.CallTestCaseKeyword$_callTestCase_closure1.call(CallTestCaseKeyword.groovy)
	at com.kms.katalon.core.keyword.internal.KeywordMain.runKeyword(KeywordMain.groovy:54)
	at com.kms.katalon.core.keyword.builtin.CallTestCaseKeyword.callTestCase(CallTestCaseKeyword.groovy:80)
	at com.kms.katalon.core.keyword.builtin.CallTestCaseKeyword.execute(CallTestCaseKeyword.groovy:44)
	at com.kms.katalon.core.keyword.internal.KeywordExecutor.executeKeywordForPlatform(KeywordExecutor.groovy:53)
	at com.kms.katalon.core.keyword.BuiltinKeywords.callTestCase(BuiltinKeywords.groovy:334)
	at Featured collection.run(Featured collection:16)
	at com.kms.katalon.core.main.ScriptEngine.run(ScriptEngine.java:194)
	at com.kms.katalon.core.main.ScriptEngine.runScriptAsRawText(ScriptEngine.java:119)
	at com.kms.katalon.core.main.TestCaseExecutor.runScript(TestCaseExecutor.java:328)
	at com.kms.katalon.core.main.TestCaseExecutor.doExecute(TestCaseExecutor.java:319)
	at com.kms.katalon.core.main.TestCaseExecutor.processExecutionPhase(TestCaseExecutor.java:298)
	at com.kms.katalon.core.main.TestCaseExecutor.accessMainPhase(TestCaseExecutor.java:290)
	at com.kms.katalon.core.main.TestCaseExecutor.execute(TestCaseExecutor.java:224)
	at com.kms.katalon.core.main.TestSuiteExecutor.accessTestCaseMainPhase(TestSuiteExecutor.java:129)
	at com.kms.katalon.core.main.TestSuiteExecutor.accessTestSuiteMainPhase(TestSuiteExecutor.java:112)
	at com.kms.katalon.core.main.TestSuiteExecutor.execute(TestSuiteExecutor.java:81)
	at com.kms.katalon.core.main.TestCaseMain.startTestSuite(TestCaseMain.java:149)
	at com.kms.katalon.core.main.TestCaseMain$startTestSuite$0.call(Unknown Source)
	at TempTestSuite1562706763156.run(TempTestSuite1562706763156.groovy:36)


2019-07-09 17:18:18 - [MESSAGE][FAILED] - Unable to call Test Case 'Test Cases/CALL - URL' (Root cause: com.kms.katalon.core.exception.StepFailedException: Call Test Case 'Test Cases/CALL - URL' failed)

2019-07-09 17:18:18 - [MESSAGE][FAILED] - callTestCase(findTestCase("CALL - URL"), [:], STOP_ON_FAILURE) FAILED.
Reason:
com.kms.katalon.core.exception.StepFailedException: Unable to open browser with url: '' (Root cause: org.openqa.selenium.NoSuchSessionException: 
Build info: version: '3.7.1', revision: '8a0099a', time: '2017-11-06T21:07:36.161Z'
System info: host: 'sumans-MacBook-Pro.local', ip: 'fe80:0:0:0:47c:ca88:4245:b7a7%en0', os.name: 'Mac OS X', os.arch: 'x86_64', os.version: '10.13.6', java.version: '1.8.0_181'
Driver info: com.kms.katalon.selenium.driver.CSafariDriver
Capabilities {acceptInsecureCerts: false, browserName: Safari, browserVersion: 12.1, javascriptEnabled: true, platform: MAC, platformName: MAC, safari:automaticInspection: false, safari:automaticProfiling: false, safari:diagnose: false, setWindowRect: true, strictFileInteractability: false, webkit:WebRTC: {DisableICECandidateFiltering: false, DisableInsecureMediaCapture: false}}
Session ID: 1E99C026-EDC7-4C27-8F99-98F86A0A72A3)
	at com.kms.katalon.core.keyword.internal.KeywordMain.stepFailed(KeywordMain.groovy:36)
	at com.kms.katalon.core.webui.keyword.internal.WebUIKeywordMain.stepFailed(WebUIKeywordMain.groovy:65)
	at com.kms.katalon.core.webui.keyword.internal.WebUIKeywordMain.runKeyword(WebUIKeywordMain.groovy:27)
	at com.kms.katalon.core.webui.keyword.builtin.OpenBrowserKeyword.openBrowser(OpenBrowserKeyword.groovy:81)
	at com.kms.katalon.core.webui.keyword.builtin.OpenBrowserKeyword.execute(OpenBrowserKeyword.groovy:67)
	at com.kms.katalon.core.keyword.internal.KeywordExecutor.executeKeywordForPlatform(KeywordExecutor.groovy:53)
	at com.kms.katalon.core.webui.keyword.WebUiBuiltInKeywords.openBrowser(WebUiBuiltInKeywords.groovy:60)
	at com.kms.katalon.core.webui.keyword.WebUiBuiltInKeywords$openBrowser.call(Unknown Source)
	at CALL - URL.run(CALL - URL:16)
	at com.kms.katalon.core.main.ScriptEngine.run(ScriptEngine.java:194)
	at com.kms.katalon.core.main.ScriptEngine.runScriptAsRawText(ScriptEngine.java:119)
	at com.kms.katalon.core.main.TestCaseExecutor.runScript(TestCaseExecutor.java:328)
	at com.kms.katalon.core.main.TestCaseExecutor.doExecute(TestCaseExecutor.java:319)
	at com.kms.katalon.core.main.TestCaseExecutor.processExecutionPhase(TestCaseExecutor.java:298)
	at com.kms.katalon.core.main.TestCaseExecutor.accessMainPhase(TestCaseExecutor.java:290)
	at com.kms.katalon.core.main.TestCaseExecutor.execute(TestCaseExecutor.java:224)
	at com.kms.katalon.core.main.TestCaseMain.runTestCase(TestCaseMain.java:106)
	at com.kms.katalon.core.keyword.builtin.CallTestCaseKeyword$_callTestCase_closure1.doCall(CallTestCaseKeyword.groovy:59)
	at com.kms.katalon.core.keyword.builtin.CallTestCaseKeyword$_callTestCase_closure1.call(CallTestCaseKeyword.groovy)
	at com.kms.katalon.core.keyword.internal.KeywordMain.runKeyword(KeywordMain.groovy:54)
	at com.kms.katalon.core.keyword.builtin.CallTestCaseKeyword.callTestCase(CallTestCaseKeyword.groovy:80)
	at com.kms.katalon.core.keyword.builtin.CallTestCaseKeyword.execute(CallTestCaseKeyword.groovy:44)
	at com.kms.katalon.core.keyword.internal.KeywordExecutor.executeKeywordForPlatform(KeywordExecutor.groovy:53)
	at com.kms.katalon.core.keyword.BuiltinKeywords.callTestCase(BuiltinKeywords.groovy:334)
	at Featured collection.run(Featured collection:16)
	at com.kms.katalon.core.main.ScriptEngine.run(ScriptEngine.java:194)
	at com.kms.katalon.core.main.ScriptEngine.runScriptAsRawText(ScriptEngine.java:119)
	at com.kms.katalon.core.main.TestCaseExecutor.runScript(TestCaseExecutor.java:328)
	at com.kms.katalon.core.main.TestCaseExecutor.doExecute(TestCaseExecutor.java:319)
	at com.kms.katalon.core.main.TestCaseExecutor.processExecutionPhase(TestCaseExecutor.java:298)
	at com.kms.katalon.core.main.TestCaseExecutor.accessMainPhase(TestCaseExecutor.java:290)
	at com.kms.katalon.core.main.TestCaseExecutor.execute(TestCaseExecutor.java:224)
	at com.kms.katalon.core.main.TestSuiteExecutor.accessTestCaseMainPhase(TestSuiteExecutor.java:129)
	at com.kms.katalon.core.main.TestSuiteExecutor.accessTestSuiteMainPhase(TestSuiteExecutor.java:112)
	at com.kms.katalon.core.main.TestSuiteExecutor.execute(TestSuiteExecutor.java:81)
	at com.kms.katalon.core.main.TestCaseMain.startTestSuite(TestCaseMain.java:149)
	at com.kms.katalon.core.main.TestCaseMain$startTestSuite$0.call(Unknown Source)
	at TempTestSuite1562706763156.run(TempTestSuite1562706763156.groovy:36)]]></system-out>
         <system-err><![CDATA[2019-07-09 17:18:18 - [TEST_CASE][FAILED] - Test Cases/HOME PAGE/Featured collection: Test Cases/HOME PAGE/Featured collection FAILED.
Reason:
com.kms.katalon.core.exception.StepFailedException: Unable to open browser with url: '' (Root cause: org.openqa.selenium.NoSuchSessionException: 
Build info: version: '3.7.1', revision: '8a0099a', time: '2017-11-06T21:07:36.161Z'
System info: host: 'sumans-MacBook-Pro.local', ip: 'fe80:0:0:0:47c:ca88:4245:b7a7%en0', os.name: 'Mac OS X', os.arch: 'x86_64', os.version: '10.13.6', java.version: '1.8.0_181'
Driver info: com.kms.katalon.selenium.driver.CSafariDriver
Capabilities {acceptInsecureCerts: false, browserName: Safari, browserVersion: 12.1, javascriptEnabled: true, platform: MAC, platformName: MAC, safari:automaticInspection: false, safari:automaticProfiling: false, safari:diagnose: false, setWindowRect: true, strictFileInteractability: false, webkit:WebRTC: {DisableICECandidateFiltering: false, DisableInsecureMediaCapture: false}}
Session ID: 1E99C026-EDC7-4C27-8F99-98F86A0A72A3)
	at com.kms.katalon.core.keyword.internal.KeywordMain.stepFailed(KeywordMain.groovy:36)
	at com.kms.katalon.core.webui.keyword.internal.WebUIKeywordMain.stepFailed(WebUIKeywordMain.groovy:65)
	at com.kms.katalon.core.webui.keyword.internal.WebUIKeywordMain.runKeyword(WebUIKeywordMain.groovy:27)
	at com.kms.katalon.core.webui.keyword.builtin.OpenBrowserKeyword.openBrowser(OpenBrowserKeyword.groovy:81)
	at com.kms.katalon.core.webui.keyword.builtin.OpenBrowserKeyword.execute(OpenBrowserKeyword.groovy:67)
	at com.kms.katalon.core.keyword.internal.KeywordExecutor.executeKeywordForPlatform(KeywordExecutor.groovy:53)
	at com.kms.katalon.core.webui.keyword.WebUiBuiltInKeywords.openBrowser(WebUiBuiltInKeywords.groovy:60)
	at com.kms.katalon.core.webui.keyword.WebUiBuiltInKeywords$openBrowser.call(Unknown Source)
	at CALL - URL.run(CALL - URL:16)
	at com.kms.katalon.core.main.ScriptEngine.run(ScriptEngine.java:194)
	at com.kms.katalon.core.main.ScriptEngine.runScriptAsRawText(ScriptEngine.java:119)
	at com.kms.katalon.core.main.TestCaseExecutor.runScript(TestCaseExecutor.java:328)
	at com.kms.katalon.core.main.TestCaseExecutor.doExecute(TestCaseExecutor.java:319)
	at com.kms.katalon.core.main.TestCaseExecutor.processExecutionPhase(TestCaseExecutor.java:298)
	at com.kms.katalon.core.main.TestCaseExecutor.accessMainPhase(TestCaseExecutor.java:290)
	at com.kms.katalon.core.main.TestCaseExecutor.execute(TestCaseExecutor.java:224)
	at com.kms.katalon.core.main.TestCaseMain.runTestCase(TestCaseMain.java:106)
	at com.kms.katalon.core.keyword.builtin.CallTestCaseKeyword$_callTestCase_closure1.doCall(CallTestCaseKeyword.groovy:59)
	at com.kms.katalon.core.keyword.builtin.CallTestCaseKeyword$_callTestCase_closure1.call(CallTestCaseKeyword.groovy)
	at com.kms.katalon.core.keyword.internal.KeywordMain.runKeyword(KeywordMain.groovy:54)
	at com.kms.katalon.core.keyword.builtin.CallTestCaseKeyword.callTestCase(CallTestCaseKeyword.groovy:80)
	at com.kms.katalon.core.keyword.builtin.CallTestCaseKeyword.execute(CallTestCaseKeyword.groovy:44)
	at com.kms.katalon.core.keyword.internal.KeywordExecutor.executeKeywordForPlatform(KeywordExecutor.groovy:53)
	at com.kms.katalon.core.keyword.BuiltinKeywords.callTestCase(BuiltinKeywords.groovy:334)
	at Featured collection.run(Featured collection:16)
	at com.kms.katalon.core.main.ScriptEngine.run(ScriptEngine.java:194)
	at com.kms.katalon.core.main.ScriptEngine.runScriptAsRawText(ScriptEngine.java:119)
	at com.kms.katalon.core.main.TestCaseExecutor.runScript(TestCaseExecutor.java:328)
	at com.kms.katalon.core.main.TestCaseExecutor.doExecute(TestCaseExecutor.java:319)
	at com.kms.katalon.core.main.TestCaseExecutor.processExecutionPhase(TestCaseExecutor.java:298)
	at com.kms.katalon.core.main.TestCaseExecutor.accessMainPhase(TestCaseExecutor.java:290)
	at com.kms.katalon.core.main.TestCaseExecutor.execute(TestCaseExecutor.java:224)
	at com.kms.katalon.core.main.TestSuiteExecutor.accessTestCaseMainPhase(TestSuiteExecutor.java:129)
	at com.kms.katalon.core.main.TestSuiteExecutor.accessTestSuiteMainPhase(TestSuiteExecutor.java:112)
	at com.kms.katalon.core.main.TestSuiteExecutor.execute(TestSuiteExecutor.java:81)
	at com.kms.katalon.core.main.TestCaseMain.startTestSuite(TestCaseMain.java:149)
	at com.kms.katalon.core.main.TestCaseMain$startTestSuite$0.call(Unknown Source)
	at TempTestSuite1562706763156.run(TempTestSuite1562706763156.groovy:36)]]></system-err>
      </testcase>
      <testcase name="Test Cases/HOME PAGE/Footer" classname="Test Cases/HOME PAGE/Footer" status="PASSED">
         <system-out><![CDATA[2019-07-09 17:18:18 - [TEST_CASE][PASSED] - Test Cases/HOME PAGE/Footer: Test Cases/HOME PAGE/Footer

2019-07-09 17:18:18 - [TEST_STEP][PASSED] - callTestCase(findTestCase("CALL - URL"), [:], STOP_ON_FAILURE): Call Test Case 'Test Cases/CALL - URL' successfully

2019-07-09 17:18:18 - [TEST_CASE][PASSED] - Test Cases/CALL - URL: Test Cases/CALL - URL

2019-07-09 17:18:18 - [TEST_STEP][PASSED] - openBrowser(""): Browser is opened with url: ''

2019-07-09 17:18:18 - [MESSAGE][INFO] - Starting 'Safari' driver

2019-07-09 17:18:22 - [MESSAGE][PASSED] - Browser is opened with url: ''

2019-07-09 17:18:22 - [TEST_STEP][PASSED] - navigateToUrl("https://apollo-fireball.myshopify.com/?_ab=0&_fd=0&_sc=1&key=96c2edace7b9967f3a77c2e2b131937136039831e9ec35f31598610005fa8795&preview_theme_id=46803124304"): Navigate to 'https://apollo-fireball.myshopify.com/?_ab=0&_fd=0&_sc=1&key=96c2edace7b9967f3a77c2e2b131937136039831e9ec35f31598610005fa8795&preview_theme_id=46803124304' successfully

2019-07-09 17:18:24 - [MESSAGE][PASSED] - Navigate to 'https://apollo-fireball.myshopify.com/?_ab=0&_fd=0&_sc=1&key=96c2edace7b9967f3a77c2e2b131937136039831e9ec35f31598610005fa8795&preview_theme_id=46803124304' successfully

2019-07-09 17:18:24 - [TEST_STEP][PASSED] - executeJavaScript("var previewBar = document.getElementById("preview-bar-iframe"); previewBar.style.display = "none";", []): Execute JavaScript 'var previewBar = document.getElementById("preview-bar-iframe"); previewBar.style.display = "none";' successfully

2019-07-09 17:18:24 - [MESSAGE][PASSED] - Execute JavaScript 'var previewBar = document.getElementById("preview-bar-iframe"); previewBar.style.display = "none";' successfully

2019-07-09 17:18:24 - [TEST_STEP][PASSED] - maximizeWindow(): Current window maximized

2019-07-09 17:18:24 - [MESSAGE][PASSED] - Current window maximized

2019-07-09 17:18:24 - [MESSAGE][PASSED] - Call Test Case 'Test Cases/CALL - URL' successfully

2019-07-09 17:18:24 - [TEST_STEP][PASSED] - delay(2): Delayed 2 second(s)

2019-07-09 17:18:26 - [MESSAGE][PASSED] - Delayed 2 second(s)

2019-07-09 17:18:26 - [TEST_STEP][PASSED] - scrollToElement(findTestObject("APOLLO- Desktop/Home page/Footer/Social icons position"), 0): Scroll to object 'Object Repository/APOLLO- Desktop/Home page/Footer/Social icons position' successfully

2019-07-09 17:18:26 - [MESSAGE][WARNING] - Timeout '0' is invalid. Using default page load timeout: '30'

2019-07-09 17:18:26 - [MESSAGE][PASSED] - Scroll to object 'Object Repository/APOLLO- Desktop/Home page/Footer/Social icons position' successfully

2019-07-09 17:18:26 - [TEST_STEP][PASSED] - delay(2): Delayed 2 second(s)

2019-07-09 17:18:28 - [MESSAGE][PASSED] - Delayed 2 second(s)

2019-07-09 17:18:28 - [TEST_STEP][PASSED] - click(findTestObject("APOLLO- Desktop/Home page/Footer/facebook icon")): Object: 'Object Repository/APOLLO- Desktop/Home page/Footer/facebook icon' is clicked on

2019-07-09 17:18:29 - [MESSAGE][PASSED] - Object: 'Object Repository/APOLLO- Desktop/Home page/Footer/facebook icon' is clicked on

2019-07-09 17:18:29 - [TEST_STEP][PASSED] - delay(2): Delayed 2 second(s)

2019-07-09 17:18:31 - [MESSAGE][PASSED] - Delayed 2 second(s)

2019-07-09 17:18:31 - [TEST_STEP][PASSED] - click(findTestObject("APOLLO- Desktop/Home page/Footer/Twitter icon")): Object: 'Object Repository/APOLLO- Desktop/Home page/Footer/Twitter icon' is clicked on

2019-07-09 17:18:31 - [MESSAGE][PASSED] - Object: 'Object Repository/APOLLO- Desktop/Home page/Footer/Twitter icon' is clicked on

2019-07-09 17:18:31 - [TEST_STEP][PASSED] - delay(2): Delayed 2 second(s)

2019-07-09 17:18:33 - [MESSAGE][PASSED] - Delayed 2 second(s)

2019-07-09 17:18:33 - [TEST_STEP][PASSED] - click(findTestObject("APOLLO- Desktop/Home page/Footer/Instagram icon")): Object: 'Object Repository/APOLLO- Desktop/Home page/Footer/Instagram icon' is clicked on

2019-07-09 17:18:33 - [MESSAGE][PASSED] - Object: 'Object Repository/APOLLO- Desktop/Home page/Footer/Instagram icon' is clicked on

2019-07-09 17:18:33 - [TEST_STEP][PASSED] - delay(2): Delayed 2 second(s)

2019-07-09 17:18:35 - [MESSAGE][PASSED] - Delayed 2 second(s)

2019-07-09 17:18:35 - [TEST_STEP][PASSED] - click(findTestObject("APOLLO- Desktop/Home page/Footer/Pintrest")): Object: 'Object Repository/APOLLO- Desktop/Home page/Footer/Pintrest' is clicked on

2019-07-09 17:18:35 - [MESSAGE][PASSED] - Object: 'Object Repository/APOLLO- Desktop/Home page/Footer/Pintrest' is clicked on

2019-07-09 17:18:35 - [TEST_STEP][PASSED] - delay(2): Delayed 2 second(s)

2019-07-09 17:18:37 - [MESSAGE][PASSED] - Delayed 2 second(s)

2019-07-09 17:18:37 - [TEST_STEP][PASSED] - click(findTestObject("APOLLO- Desktop/Home page/Footer/div_Shop")): Object: 'Object Repository/APOLLO- Desktop/Home page/Footer/div_Shop' is clicked on

2019-07-09 17:18:37 - [MESSAGE][PASSED] - Object: 'Object Repository/APOLLO- Desktop/Home page/Footer/div_Shop' is clicked on

2019-07-09 17:18:37 - [TEST_STEP][PASSED] - executeJavaScript("var previewBar = document.getElementById("preview-bar-iframe"); previewBar.style.display = "none";", []): Execute JavaScript 'var previewBar = document.getElementById("preview-bar-iframe"); previewBar.style.display = "none";' successfully

2019-07-09 17:18:37 - [MESSAGE][PASSED] - Execute JavaScript 'var previewBar = document.getElementById("preview-bar-iframe"); previewBar.style.display = "none";' successfully

2019-07-09 17:18:37 - [TEST_STEP][PASSED] - click(findTestObject("APOLLO- Desktop/Home page/Footer/About us")): Object: 'Object Repository/APOLLO- Desktop/Home page/Footer/About us' is clicked on

2019-07-09 17:18:37 - [MESSAGE][PASSED] - Object: 'Object Repository/APOLLO- Desktop/Home page/Footer/About us' is clicked on

2019-07-09 17:18:37 - [TEST_STEP][PASSED] - delay(2): Delayed 2 second(s)

2019-07-09 17:18:39 - [MESSAGE][PASSED] - Delayed 2 second(s)

2019-07-09 17:18:39 - [TEST_STEP][PASSED] - executeJavaScript("var previewBar = document.getElementById("preview-bar-iframe"); previewBar.style.display = "none";", []): Execute JavaScript 'var previewBar = document.getElementById("preview-bar-iframe"); previewBar.style.display = "none";' successfully

2019-07-09 17:18:39 - [MESSAGE][PASSED] - Execute JavaScript 'var previewBar = document.getElementById("preview-bar-iframe"); previewBar.style.display = "none";' successfully

2019-07-09 17:18:39 - [TEST_STEP][PASSED] - delay(2): Delayed 2 second(s)

2019-07-09 17:18:41 - [MESSAGE][PASSED] - Delayed 2 second(s)

2019-07-09 17:18:41 - [TEST_STEP][PASSED] - click(findTestObject("APOLLO- Desktop/Home page/Footer/Blog")): Object: 'Object Repository/APOLLO- Desktop/Home page/Footer/Blog' is clicked on

2019-07-09 17:18:41 - [MESSAGE][PASSED] - Object: 'Object Repository/APOLLO- Desktop/Home page/Footer/Blog' is clicked on

2019-07-09 17:18:41 - [TEST_STEP][PASSED] - delay(2): Delayed 2 second(s)

2019-07-09 17:18:43 - [MESSAGE][PASSED] - Delayed 2 second(s)

2019-07-09 17:18:43 - [TEST_STEP][PASSED] - executeJavaScript("var previewBar = document.getElementById("preview-bar-iframe"); previewBar.style.display = "none";", []): Execute JavaScript 'var previewBar = document.getElementById("preview-bar-iframe"); previewBar.style.display = "none";' successfully

2019-07-09 17:18:43 - [MESSAGE][PASSED] - Execute JavaScript 'var previewBar = document.getElementById("preview-bar-iframe"); previewBar.style.display = "none";' successfully

2019-07-09 17:18:43 - [TEST_STEP][PASSED] - delay(2): Delayed 2 second(s)

2019-07-09 17:18:45 - [MESSAGE][PASSED] - Delayed 2 second(s)

2019-07-09 17:18:45 - [TEST_STEP][PASSED] - click(findTestObject("APOLLO- Desktop/Home page/Footer/Support")): Object: 'Object Repository/APOLLO- Desktop/Home page/Footer/Support' is clicked on

2019-07-09 17:18:46 - [MESSAGE][PASSED] - Object: 'Object Repository/APOLLO- Desktop/Home page/Footer/Support' is clicked on

2019-07-09 17:18:46 - [TEST_STEP][PASSED] - delay(2): Delayed 2 second(s)

2019-07-09 17:18:48 - [MESSAGE][PASSED] - Delayed 2 second(s)

2019-07-09 17:18:48 - [TEST_STEP][PASSED] - executeJavaScript("var previewBar = document.getElementById("preview-bar-iframe"); previewBar.style.display = "none";", []): Execute JavaScript 'var previewBar = document.getElementById("preview-bar-iframe"); previewBar.style.display = "none";' successfully

2019-07-09 17:18:48 - [MESSAGE][PASSED] - Execute JavaScript 'var previewBar = document.getElementById("preview-bar-iframe"); previewBar.style.display = "none";' successfully

2019-07-09 17:18:48 - [TEST_STEP][PASSED] - delay(2): Delayed 2 second(s)

2019-07-09 17:18:50 - [MESSAGE][PASSED] - Delayed 2 second(s)

2019-07-09 17:18:50 - [TEST_STEP][PASSED] - click(findTestObject("APOLLO- Desktop/Home page/Footer/a_Contact Us")): Object: 'Object Repository/APOLLO- Desktop/Home page/Footer/a_Contact Us' is clicked on

2019-07-09 17:18:50 - [MESSAGE][PASSED] - Object: 'Object Repository/APOLLO- Desktop/Home page/Footer/a_Contact Us' is clicked on]]></system-out>
         <system-err><![CDATA[]]></system-err>
      </testcase>
      <testcase name="Test Cases/HOME PAGE/Cart flyout opening" classname="Test Cases/HOME PAGE/Cart flyout opening" status="FAILED">
         <failure type="FAILED" message="Test Cases/HOME PAGE/Cart flyout opening FAILED.
Reason:
com.kms.katalon.core.exception.StepFailedException: Unable to verify text 'Your bag' is not present  (Root cause: com.kms.katalon.core.exception.StepFailedException: Text 'Your bag' is present on page )
	at com.kms.katalon.core.keyword.internal.KeywordMain.stepFailed(KeywordMain.groovy:36)
	at com.kms.katalon.core.webui.keyword.internal.WebUIKeywordMain.stepFailed(WebUIKeywordMain.groovy:65)
	at com.kms.katalon.core.webui.keyword.internal.WebUIKeywordMain.runKeyword(WebUIKeywordMain.groovy:27)
	at com.kms.katalon.core.webui.keyword.builtin.VerifyTextNotPresentKeyword.verifyTextNotPresent(VerifyTextNotPresentKeyword.groovy:82)
	at com.kms.katalon.core.webui.keyword.builtin.VerifyTextNotPresentKeyword.execute(VerifyTextNotPresentKeyword.groovy:68)
	at com.kms.katalon.core.keyword.internal.KeywordExecutor.executeKeywordForPlatform(KeywordExecutor.groovy:53)
	at com.kms.katalon.core.webui.keyword.WebUiBuiltInKeywords.verifyTextNotPresent(WebUiBuiltInKeywords.groovy:1726)
	at com.kms.katalon.core.webui.keyword.WebUiBuiltInKeywords$verifyTextNotPresent$11.call(Unknown Source)
	at Cart flyout opening.run(Cart flyout opening:40)
	at com.kms.katalon.core.main.ScriptEngine.run(ScriptEngine.java:194)
	at com.kms.katalon.core.main.ScriptEngine.runScriptAsRawText(ScriptEngine.java:119)
	at com.kms.katalon.core.main.TestCaseExecutor.runScript(TestCaseExecutor.java:328)
	at com.kms.katalon.core.main.TestCaseExecutor.doExecute(TestCaseExecutor.java:319)
	at com.kms.katalon.core.main.TestCaseExecutor.processExecutionPhase(TestCaseExecutor.java:298)
	at com.kms.katalon.core.main.TestCaseExecutor.accessMainPhase(TestCaseExecutor.java:290)
	at com.kms.katalon.core.main.TestCaseExecutor.execute(TestCaseExecutor.java:224)
	at com.kms.katalon.core.main.TestSuiteExecutor.accessTestCaseMainPhase(TestSuiteExecutor.java:129)
	at com.kms.katalon.core.main.TestSuiteExecutor.accessTestSuiteMainPhase(TestSuiteExecutor.java:112)
	at com.kms.katalon.core.main.TestSuiteExecutor.execute(TestSuiteExecutor.java:81)
	at com.kms.katalon.core.main.TestCaseMain.startTestSuite(TestCaseMain.java:149)
	at com.kms.katalon.core.main.TestCaseMain$startTestSuite$0.call(Unknown Source)
	at TempTestSuite1562706763156.run(TempTestSuite1562706763156.groovy:36)
"/>
         <system-out><![CDATA[2019-07-09 17:18:50 - [TEST_CASE][FAILED] - Test Cases/HOME PAGE/Cart flyout opening: Test Cases/HOME PAGE/Cart flyout opening FAILED.
Reason:
com.kms.katalon.core.exception.StepFailedException: Unable to verify text 'Your bag' is not present  (Root cause: com.kms.katalon.core.exception.StepFailedException: Text 'Your bag' is present on page )
	at com.kms.katalon.core.keyword.internal.KeywordMain.stepFailed(KeywordMain.groovy:36)
	at com.kms.katalon.core.webui.keyword.internal.WebUIKeywordMain.stepFailed(WebUIKeywordMain.groovy:65)
	at com.kms.katalon.core.webui.keyword.internal.WebUIKeywordMain.runKeyword(WebUIKeywordMain.groovy:27)
	at com.kms.katalon.core.webui.keyword.builtin.VerifyTextNotPresentKeyword.verifyTextNotPresent(VerifyTextNotPresentKeyword.groovy:82)
	at com.kms.katalon.core.webui.keyword.builtin.VerifyTextNotPresentKeyword.execute(VerifyTextNotPresentKeyword.groovy:68)
	at com.kms.katalon.core.keyword.internal.KeywordExecutor.executeKeywordForPlatform(KeywordExecutor.groovy:53)
	at com.kms.katalon.core.webui.keyword.WebUiBuiltInKeywords.verifyTextNotPresent(WebUiBuiltInKeywords.groovy:1726)
	at com.kms.katalon.core.webui.keyword.WebUiBuiltInKeywords$verifyTextNotPresent$11.call(Unknown Source)
	at Cart flyout opening.run(Cart flyout opening:40)
	at com.kms.katalon.core.main.ScriptEngine.run(ScriptEngine.java:194)
	at com.kms.katalon.core.main.ScriptEngine.runScriptAsRawText(ScriptEngine.java:119)
	at com.kms.katalon.core.main.TestCaseExecutor.runScript(TestCaseExecutor.java:328)
	at com.kms.katalon.core.main.TestCaseExecutor.doExecute(TestCaseExecutor.java:319)
	at com.kms.katalon.core.main.TestCaseExecutor.processExecutionPhase(TestCaseExecutor.java:298)
	at com.kms.katalon.core.main.TestCaseExecutor.accessMainPhase(TestCaseExecutor.java:290)
	at com.kms.katalon.core.main.TestCaseExecutor.execute(TestCaseExecutor.java:224)
	at com.kms.katalon.core.main.TestSuiteExecutor.accessTestCaseMainPhase(TestSuiteExecutor.java:129)
	at com.kms.katalon.core.main.TestSuiteExecutor.accessTestSuiteMainPhase(TestSuiteExecutor.java:112)
	at com.kms.katalon.core.main.TestSuiteExecutor.execute(TestSuiteExecutor.java:81)
	at com.kms.katalon.core.main.TestCaseMain.startTestSuite(TestCaseMain.java:149)
	at com.kms.katalon.core.main.TestCaseMain$startTestSuite$0.call(Unknown Source)
	at TempTestSuite1562706763156.run(TempTestSuite1562706763156.groovy:36)


2019-07-09 17:18:50 - [TEST_STEP][PASSED] - callTestCase(findTestCase("CALL - URL"), [:], STOP_ON_FAILURE): Call Test Case 'Test Cases/CALL - URL' successfully

2019-07-09 17:18:50 - [TEST_CASE][PASSED] - Test Cases/CALL - URL: Test Cases/CALL - URL

2019-07-09 17:18:50 - [TEST_STEP][PASSED] - openBrowser(""): Browser is opened with url: ''

2019-07-09 17:18:50 - [MESSAGE][WARNING] - A browser is already opened. Closing browser and opening a new one

2019-07-09 17:18:50 - [MESSAGE][INFO] - Starting 'Safari' driver

2019-07-09 17:18:51 - [MESSAGE][PASSED] - Browser is opened with url: ''

2019-07-09 17:18:51 - [TEST_STEP][PASSED] - navigateToUrl("https://apollo-fireball.myshopify.com/?_ab=0&_fd=0&_sc=1&key=96c2edace7b9967f3a77c2e2b131937136039831e9ec35f31598610005fa8795&preview_theme_id=46803124304"): Navigate to 'https://apollo-fireball.myshopify.com/?_ab=0&_fd=0&_sc=1&key=96c2edace7b9967f3a77c2e2b131937136039831e9ec35f31598610005fa8795&preview_theme_id=46803124304' successfully

2019-07-09 17:18:53 - [MESSAGE][PASSED] - Navigate to 'https://apollo-fireball.myshopify.com/?_ab=0&_fd=0&_sc=1&key=96c2edace7b9967f3a77c2e2b131937136039831e9ec35f31598610005fa8795&preview_theme_id=46803124304' successfully

2019-07-09 17:18:53 - [TEST_STEP][PASSED] - executeJavaScript("var previewBar = document.getElementById("preview-bar-iframe"); previewBar.style.display = "none";", []): Execute JavaScript 'var previewBar = document.getElementById("preview-bar-iframe"); previewBar.style.display = "none";' successfully

2019-07-09 17:18:53 - [MESSAGE][PASSED] - Execute JavaScript 'var previewBar = document.getElementById("preview-bar-iframe"); previewBar.style.display = "none";' successfully

2019-07-09 17:18:53 - [TEST_STEP][PASSED] - maximizeWindow(): Current window maximized

2019-07-09 17:18:53 - [MESSAGE][PASSED] - Current window maximized

2019-07-09 17:18:53 - [MESSAGE][PASSED] - Call Test Case 'Test Cases/CALL - URL' successfully

2019-07-09 17:18:53 - [TEST_STEP][PASSED] - delay(2): Delayed 2 second(s)

2019-07-09 17:18:55 - [MESSAGE][PASSED] - Delayed 2 second(s)

2019-07-09 17:18:55 - [TEST_STEP][PASSED] - click(findTestObject("APOLLO- Desktop/Home page/cart icon open")): Object: 'Object Repository/APOLLO- Desktop/Home page/cart icon open' is clicked on

2019-07-09 17:19:00 - [MESSAGE][PASSED] - Object: 'Object Repository/APOLLO- Desktop/Home page/cart icon open' is clicked on

2019-07-09 17:19:00 - [TEST_STEP][PASSED] - flag = verifyTextPresent("Your bag", false): Text 'Your bag' is present on page 

2019-07-09 17:19:00 - [MESSAGE][PASSED] - Text 'Your bag' is present on page 

2019-07-09 17:19:00 - [TEST_STEP][PASSED] - delay(2): Delayed 2 second(s)

2019-07-09 17:19:02 - [MESSAGE][PASSED] - Delayed 2 second(s)

2019-07-09 17:19:02 - [TEST_STEP][PASSED] - comment("flag=" + flag): flag=true

2019-07-09 17:19:02 - [MESSAGE][INFO] - flag=true

2019-07-09 17:19:02 - [TEST_STEP][PASSED] - if (flag == true): Delayed 2 second(s)

2019-07-09 17:19:02 - [TEST_STEP][PASSED] - comment(" cart flyout opened"):  cart flyout opened

2019-07-09 17:19:02 - [MESSAGE][INFO] -  cart flyout opened

2019-07-09 17:19:02 - [TEST_STEP][PASSED] - delay(2): Delayed 2 second(s)

2019-07-09 17:19:04 - [MESSAGE][PASSED] - Delayed 2 second(s)

2019-07-09 17:19:04 - [TEST_STEP][PASSED] - click(findTestObject("APOLLO- Desktop/Cart flyout/Cart collapse")): Object: 'Object Repository/APOLLO- Desktop/Cart flyout/Cart collapse' is clicked on

2019-07-09 17:19:04 - [MESSAGE][PASSED] - Object: 'Object Repository/APOLLO- Desktop/Cart flyout/Cart collapse' is clicked on

2019-07-09 17:19:04 - [TEST_STEP][PASSED] - delay(2): Delayed 2 second(s)

2019-07-09 17:19:06 - [MESSAGE][PASSED] - Delayed 2 second(s)

2019-07-09 17:19:06 - [TEST_STEP][FAILED] - flag1 = verifyTextNotPresent("Your bag", false): flag1 = verifyTextNotPresent("Your bag", false) FAILED.
Reason:
com.kms.katalon.core.exception.StepFailedException: Unable to verify text 'Your bag' is not present  (Root cause: com.kms.katalon.core.exception.StepFailedException: Text 'Your bag' is present on page )
	at com.kms.katalon.core.keyword.internal.KeywordMain.stepFailed(KeywordMain.groovy:36)
	at com.kms.katalon.core.webui.keyword.internal.WebUIKeywordMain.stepFailed(WebUIKeywordMain.groovy:65)
	at com.kms.katalon.core.webui.keyword.internal.WebUIKeywordMain.runKeyword(WebUIKeywordMain.groovy:27)
	at com.kms.katalon.core.webui.keyword.builtin.VerifyTextNotPresentKeyword.verifyTextNotPresent(VerifyTextNotPresentKeyword.groovy:82)
	at com.kms.katalon.core.webui.keyword.builtin.VerifyTextNotPresentKeyword.execute(VerifyTextNotPresentKeyword.groovy:68)
	at com.kms.katalon.core.keyword.internal.KeywordExecutor.executeKeywordForPlatform(KeywordExecutor.groovy:53)
	at com.kms.katalon.core.webui.keyword.WebUiBuiltInKeywords.verifyTextNotPresent(WebUiBuiltInKeywords.groovy:1726)
	at com.kms.katalon.core.webui.keyword.WebUiBuiltInKeywords$verifyTextNotPresent$11.call(Unknown Source)
	at Cart flyout opening.run(Cart flyout opening:40)
	at com.kms.katalon.core.main.ScriptEngine.run(ScriptEngine.java:194)
	at com.kms.katalon.core.main.ScriptEngine.runScriptAsRawText(ScriptEngine.java:119)
	at com.kms.katalon.core.main.TestCaseExecutor.runScript(TestCaseExecutor.java:328)
	at com.kms.katalon.core.main.TestCaseExecutor.doExecute(TestCaseExecutor.java:319)
	at com.kms.katalon.core.main.TestCaseExecutor.processExecutionPhase(TestCaseExecutor.java:298)
	at com.kms.katalon.core.main.TestCaseExecutor.accessMainPhase(TestCaseExecutor.java:290)
	at com.kms.katalon.core.main.TestCaseExecutor.execute(TestCaseExecutor.java:224)
	at com.kms.katalon.core.main.TestSuiteExecutor.accessTestCaseMainPhase(TestSuiteExecutor.java:129)
	at com.kms.katalon.core.main.TestSuiteExecutor.accessTestSuiteMainPhase(TestSuiteExecutor.java:112)
	at com.kms.katalon.core.main.TestSuiteExecutor.execute(TestSuiteExecutor.java:81)
	at com.kms.katalon.core.main.TestCaseMain.startTestSuite(TestCaseMain.java:149)
	at com.kms.katalon.core.main.TestCaseMain$startTestSuite$0.call(Unknown Source)
	at TempTestSuite1562706763156.run(TempTestSuite1562706763156.groovy:36)


2019-07-09 17:19:06 - [MESSAGE][FAILED] - Text 'Your bag' is present on page 

2019-07-09 17:19:06 - [MESSAGE][FAILED] - Unable to verify text 'Your bag' is not present  (Root cause: com.kms.katalon.core.exception.StepFailedException: Text 'Your bag' is present on page )
[[ATTACHMENT|/Users/sumankompelly/Katalon Studio/APOLLO - FIRE/APOLLO - FIRE- DESKTOP/Reports/0.5.5/20190709_171243/1562707146558.png]]

2019-07-09 17:19:06 - [MESSAGE][FAILED] - flag1 = verifyTextNotPresent("Your bag", false) FAILED.
Reason:
com.kms.katalon.core.exception.StepFailedException: Unable to verify text 'Your bag' is not present  (Root cause: com.kms.katalon.core.exception.StepFailedException: Text 'Your bag' is present on page )
	at com.kms.katalon.core.keyword.internal.KeywordMain.stepFailed(KeywordMain.groovy:36)
	at com.kms.katalon.core.webui.keyword.internal.WebUIKeywordMain.stepFailed(WebUIKeywordMain.groovy:65)
	at com.kms.katalon.core.webui.keyword.internal.WebUIKeywordMain.runKeyword(WebUIKeywordMain.groovy:27)
	at com.kms.katalon.core.webui.keyword.builtin.VerifyTextNotPresentKeyword.verifyTextNotPresent(VerifyTextNotPresentKeyword.groovy:82)
	at com.kms.katalon.core.webui.keyword.builtin.VerifyTextNotPresentKeyword.execute(VerifyTextNotPresentKeyword.groovy:68)
	at com.kms.katalon.core.keyword.internal.KeywordExecutor.executeKeywordForPlatform(KeywordExecutor.groovy:53)
	at com.kms.katalon.core.webui.keyword.WebUiBuiltInKeywords.verifyTextNotPresent(WebUiBuiltInKeywords.groovy:1726)
	at com.kms.katalon.core.webui.keyword.WebUiBuiltInKeywords$verifyTextNotPresent$11.call(Unknown Source)
	at Cart flyout opening.run(Cart flyout opening:40)
	at com.kms.katalon.core.main.ScriptEngine.run(ScriptEngine.java:194)
	at com.kms.katalon.core.main.ScriptEngine.runScriptAsRawText(ScriptEngine.java:119)
	at com.kms.katalon.core.main.TestCaseExecutor.runScript(TestCaseExecutor.java:328)
	at com.kms.katalon.core.main.TestCaseExecutor.doExecute(TestCaseExecutor.java:319)
	at com.kms.katalon.core.main.TestCaseExecutor.processExecutionPhase(TestCaseExecutor.java:298)
	at com.kms.katalon.core.main.TestCaseExecutor.accessMainPhase(TestCaseExecutor.java:290)
	at com.kms.katalon.core.main.TestCaseExecutor.execute(TestCaseExecutor.java:224)
	at com.kms.katalon.core.main.TestSuiteExecutor.accessTestCaseMainPhase(TestSuiteExecutor.java:129)
	at com.kms.katalon.core.main.TestSuiteExecutor.accessTestSuiteMainPhase(TestSuiteExecutor.java:112)
	at com.kms.katalon.core.main.TestSuiteExecutor.execute(TestSuiteExecutor.java:81)
	at com.kms.katalon.core.main.TestCaseMain.startTestSuite(TestCaseMain.java:149)
	at com.kms.katalon.core.main.TestCaseMain$startTestSuite$0.call(Unknown Source)
	at TempTestSuite1562706763156.run(TempTestSuite1562706763156.groovy:36)]]></system-out>
         <system-err><![CDATA[2019-07-09 17:18:50 - [TEST_CASE][FAILED] - Test Cases/HOME PAGE/Cart flyout opening: Test Cases/HOME PAGE/Cart flyout opening FAILED.
Reason:
com.kms.katalon.core.exception.StepFailedException: Unable to verify text 'Your bag' is not present  (Root cause: com.kms.katalon.core.exception.StepFailedException: Text 'Your bag' is present on page )
	at com.kms.katalon.core.keyword.internal.KeywordMain.stepFailed(KeywordMain.groovy:36)
	at com.kms.katalon.core.webui.keyword.internal.WebUIKeywordMain.stepFailed(WebUIKeywordMain.groovy:65)
	at com.kms.katalon.core.webui.keyword.internal.WebUIKeywordMain.runKeyword(WebUIKeywordMain.groovy:27)
	at com.kms.katalon.core.webui.keyword.builtin.VerifyTextNotPresentKeyword.verifyTextNotPresent(VerifyTextNotPresentKeyword.groovy:82)
	at com.kms.katalon.core.webui.keyword.builtin.VerifyTextNotPresentKeyword.execute(VerifyTextNotPresentKeyword.groovy:68)
	at com.kms.katalon.core.keyword.internal.KeywordExecutor.executeKeywordForPlatform(KeywordExecutor.groovy:53)
	at com.kms.katalon.core.webui.keyword.WebUiBuiltInKeywords.verifyTextNotPresent(WebUiBuiltInKeywords.groovy:1726)
	at com.kms.katalon.core.webui.keyword.WebUiBuiltInKeywords$verifyTextNotPresent$11.call(Unknown Source)
	at Cart flyout opening.run(Cart flyout opening:40)
	at com.kms.katalon.core.main.ScriptEngine.run(ScriptEngine.java:194)
	at com.kms.katalon.core.main.ScriptEngine.runScriptAsRawText(ScriptEngine.java:119)
	at com.kms.katalon.core.main.TestCaseExecutor.runScript(TestCaseExecutor.java:328)
	at com.kms.katalon.core.main.TestCaseExecutor.doExecute(TestCaseExecutor.java:319)
	at com.kms.katalon.core.main.TestCaseExecutor.processExecutionPhase(TestCaseExecutor.java:298)
	at com.kms.katalon.core.main.TestCaseExecutor.accessMainPhase(TestCaseExecutor.java:290)
	at com.kms.katalon.core.main.TestCaseExecutor.execute(TestCaseExecutor.java:224)
	at com.kms.katalon.core.main.TestSuiteExecutor.accessTestCaseMainPhase(TestSuiteExecutor.java:129)
	at com.kms.katalon.core.main.TestSuiteExecutor.accessTestSuiteMainPhase(TestSuiteExecutor.java:112)
	at com.kms.katalon.core.main.TestSuiteExecutor.execute(TestSuiteExecutor.java:81)
	at com.kms.katalon.core.main.TestCaseMain.startTestSuite(TestCaseMain.java:149)
	at com.kms.katalon.core.main.TestCaseMain$startTestSuite$0.call(Unknown Source)
	at TempTestSuite1562706763156.run(TempTestSuite1562706763156.groovy:36)]]></system-err>
      </testcase>
      <testcase name="Test Cases/HOME PAGE/Popular products" classname="Test Cases/HOME PAGE/Popular products" status="FAILED">
         <failure type="FAILED" message="Test Cases/HOME PAGE/Popular products FAILED.
Reason:
com.kms.katalon.core.exception.StepFailedException: Unable to move mouse over object 'Object Repository/APOLLO- Desktop/Home page/Popular products/Previous button chevron' (Root cause: org.openqa.selenium.WebDriverException: 
Build info: version: '3.7.1', revision: '8a0099a', time: '2017-11-06T21:07:36.161Z'
System info: host: 'sumans-MacBook-Pro.local', ip: 'fe80:0:0:0:47c:ca88:4245:b7a7%en0', os.name: 'Mac OS X', os.arch: 'x86_64', os.version: '10.13.6', java.version: '1.8.0_181'
Driver info: com.kms.katalon.selenium.driver.CSafariDriver
Capabilities {acceptInsecureCerts: false, browserName: Safari, browserVersion: 12.1, javascriptEnabled: true, platform: MAC, platformName: MAC, safari:automaticInspection: false, safari:automaticProfiling: false, safari:diagnose: false, setWindowRect: true, strictFileInteractability: false, webkit:WebRTC: {DisableICECandidateFiltering: false, DisableInsecureMediaCapture: false}}
Session ID: EC78321F-A3C8-4F7F-BB77-AE66620F2A94)
	at com.kms.katalon.core.keyword.internal.KeywordMain.stepFailed(KeywordMain.groovy:36)
	at com.kms.katalon.core.webui.keyword.internal.WebUIKeywordMain.stepFailed(WebUIKeywordMain.groovy:65)
	at com.kms.katalon.core.webui.keyword.internal.WebUIKeywordMain.runKeyword(WebUIKeywordMain.groovy:27)
	at com.kms.katalon.core.webui.keyword.builtin.MouseOverKeyword.mouseOver(MouseOverKeyword.groovy:90)
	at com.kms.katalon.core.webui.keyword.builtin.MouseOverKeyword.execute(MouseOverKeyword.groovy:67)
	at com.kms.katalon.core.keyword.internal.KeywordExecutor.executeKeywordForPlatform(KeywordExecutor.groovy:53)
	at com.kms.katalon.core.webui.keyword.WebUiBuiltInKeywords.mouseOver(WebUiBuiltInKeywords.groovy:776)
	at com.kms.katalon.core.webui.keyword.WebUiBuiltInKeywords$mouseOver$9.call(Unknown Source)
	at Popular products.run(Popular products:74)
	at com.kms.katalon.core.main.ScriptEngine.run(ScriptEngine.java:194)
	at com.kms.katalon.core.main.ScriptEngine.runScriptAsRawText(ScriptEngine.java:119)
	at com.kms.katalon.core.main.TestCaseExecutor.runScript(TestCaseExecutor.java:328)
	at com.kms.katalon.core.main.TestCaseExecutor.doExecute(TestCaseExecutor.java:319)
	at com.kms.katalon.core.main.TestCaseExecutor.processExecutionPhase(TestCaseExecutor.java:298)
	at com.kms.katalon.core.main.TestCaseExecutor.accessMainPhase(TestCaseExecutor.java:290)
	at com.kms.katalon.core.main.TestCaseExecutor.execute(TestCaseExecutor.java:224)
	at com.kms.katalon.core.main.TestSuiteExecutor.accessTestCaseMainPhase(TestSuiteExecutor.java:129)
	at com.kms.katalon.core.main.TestSuiteExecutor.accessTestSuiteMainPhase(TestSuiteExecutor.java:112)
	at com.kms.katalon.core.main.TestSuiteExecutor.execute(TestSuiteExecutor.java:81)
	at com.kms.katalon.core.main.TestCaseMain.startTestSuite(TestCaseMain.java:149)
	at com.kms.katalon.core.main.TestCaseMain$startTestSuite$0.call(Unknown Source)
	at TempTestSuite1562706763156.run(TempTestSuite1562706763156.groovy:36)
"/>
         <system-out><![CDATA[2019-07-09 17:19:06 - [TEST_CASE][FAILED] - Test Cases/HOME PAGE/Popular products: Test Cases/HOME PAGE/Popular products FAILED.
Reason:
com.kms.katalon.core.exception.StepFailedException: Unable to move mouse over object 'Object Repository/APOLLO- Desktop/Home page/Popular products/Previous button chevron' (Root cause: org.openqa.selenium.WebDriverException: 
Build info: version: '3.7.1', revision: '8a0099a', time: '2017-11-06T21:07:36.161Z'
System info: host: 'sumans-MacBook-Pro.local', ip: 'fe80:0:0:0:47c:ca88:4245:b7a7%en0', os.name: 'Mac OS X', os.arch: 'x86_64', os.version: '10.13.6', java.version: '1.8.0_181'
Driver info: com.kms.katalon.selenium.driver.CSafariDriver
Capabilities {acceptInsecureCerts: false, browserName: Safari, browserVersion: 12.1, javascriptEnabled: true, platform: MAC, platformName: MAC, safari:automaticInspection: false, safari:automaticProfiling: false, safari:diagnose: false, setWindowRect: true, strictFileInteractability: false, webkit:WebRTC: {DisableICECandidateFiltering: false, DisableInsecureMediaCapture: false}}
Session ID: EC78321F-A3C8-4F7F-BB77-AE66620F2A94)
	at com.kms.katalon.core.keyword.internal.KeywordMain.stepFailed(KeywordMain.groovy:36)
	at com.kms.katalon.core.webui.keyword.internal.WebUIKeywordMain.stepFailed(WebUIKeywordMain.groovy:65)
	at com.kms.katalon.core.webui.keyword.internal.WebUIKeywordMain.runKeyword(WebUIKeywordMain.groovy:27)
	at com.kms.katalon.core.webui.keyword.builtin.MouseOverKeyword.mouseOver(MouseOverKeyword.groovy:90)
	at com.kms.katalon.core.webui.keyword.builtin.MouseOverKeyword.execute(MouseOverKeyword.groovy:67)
	at com.kms.katalon.core.keyword.internal.KeywordExecutor.executeKeywordForPlatform(KeywordExecutor.groovy:53)
	at com.kms.katalon.core.webui.keyword.WebUiBuiltInKeywords.mouseOver(WebUiBuiltInKeywords.groovy:776)
	at com.kms.katalon.core.webui.keyword.WebUiBuiltInKeywords$mouseOver$9.call(Unknown Source)
	at Popular products.run(Popular products:74)
	at com.kms.katalon.core.main.ScriptEngine.run(ScriptEngine.java:194)
	at com.kms.katalon.core.main.ScriptEngine.runScriptAsRawText(ScriptEngine.java:119)
	at com.kms.katalon.core.main.TestCaseExecutor.runScript(TestCaseExecutor.java:328)
	at com.kms.katalon.core.main.TestCaseExecutor.doExecute(TestCaseExecutor.java:319)
	at com.kms.katalon.core.main.TestCaseExecutor.processExecutionPhase(TestCaseExecutor.java:298)
	at com.kms.katalon.core.main.TestCaseExecutor.accessMainPhase(TestCaseExecutor.java:290)
	at com.kms.katalon.core.main.TestCaseExecutor.execute(TestCaseExecutor.java:224)
	at com.kms.katalon.core.main.TestSuiteExecutor.accessTestCaseMainPhase(TestSuiteExecutor.java:129)
	at com.kms.katalon.core.main.TestSuiteExecutor.accessTestSuiteMainPhase(TestSuiteExecutor.java:112)
	at com.kms.katalon.core.main.TestSuiteExecutor.execute(TestSuiteExecutor.java:81)
	at com.kms.katalon.core.main.TestCaseMain.startTestSuite(TestCaseMain.java:149)
	at com.kms.katalon.core.main.TestCaseMain$startTestSuite$0.call(Unknown Source)
	at TempTestSuite1562706763156.run(TempTestSuite1562706763156.groovy:36)


2019-07-09 17:19:06 - [TEST_STEP][PASSED] - callTestCase(findTestCase("CALL - URL"), [:], STOP_ON_FAILURE): Call Test Case 'Test Cases/CALL - URL' successfully

2019-07-09 17:19:07 - [TEST_CASE][PASSED] - Test Cases/CALL - URL: Test Cases/CALL - URL

2019-07-09 17:19:07 - [TEST_STEP][PASSED] - openBrowser(""): Browser is opened with url: ''

2019-07-09 17:19:07 - [MESSAGE][WARNING] - A browser is already opened. Closing browser and opening a new one

2019-07-09 17:19:07 - [MESSAGE][INFO] - Starting 'Safari' driver

2019-07-09 17:19:07 - [MESSAGE][PASSED] - Browser is opened with url: ''

2019-07-09 17:19:07 - [TEST_STEP][PASSED] - navigateToUrl("https://apollo-fireball.myshopify.com/?_ab=0&_fd=0&_sc=1&key=96c2edace7b9967f3a77c2e2b131937136039831e9ec35f31598610005fa8795&preview_theme_id=46803124304"): Navigate to 'https://apollo-fireball.myshopify.com/?_ab=0&_fd=0&_sc=1&key=96c2edace7b9967f3a77c2e2b131937136039831e9ec35f31598610005fa8795&preview_theme_id=46803124304' successfully

2019-07-09 17:19:09 - [MESSAGE][PASSED] - Navigate to 'https://apollo-fireball.myshopify.com/?_ab=0&_fd=0&_sc=1&key=96c2edace7b9967f3a77c2e2b131937136039831e9ec35f31598610005fa8795&preview_theme_id=46803124304' successfully

2019-07-09 17:19:09 - [TEST_STEP][PASSED] - executeJavaScript("var previewBar = document.getElementById("preview-bar-iframe"); previewBar.style.display = "none";", []): Execute JavaScript 'var previewBar = document.getElementById("preview-bar-iframe"); previewBar.style.display = "none";' successfully

2019-07-09 17:19:10 - [MESSAGE][PASSED] - Execute JavaScript 'var previewBar = document.getElementById("preview-bar-iframe"); previewBar.style.display = "none";' successfully

2019-07-09 17:19:10 - [TEST_STEP][PASSED] - maximizeWindow(): Current window maximized

2019-07-09 17:19:10 - [MESSAGE][PASSED] - Current window maximized

2019-07-09 17:19:10 - [MESSAGE][PASSED] - Call Test Case 'Test Cases/CALL - URL' successfully

2019-07-09 17:19:10 - [TEST_STEP][PASSED] - delay(2): Delayed 2 second(s)

2019-07-09 17:19:12 - [MESSAGE][PASSED] - Delayed 2 second(s)

2019-07-09 17:19:12 - [TEST_STEP][PASSED] - scrollToElement(findTestObject("APOLLO- Desktop/Home page/Popular products/Popular products tile"), 0): Scroll to object 'Object Repository/APOLLO- Desktop/Home page/Popular products/Popular products tile' successfully

2019-07-09 17:19:12 - [MESSAGE][WARNING] - Timeout '0' is invalid. Using default page load timeout: '30'

2019-07-09 17:19:12 - [MESSAGE][PASSED] - Scroll to object 'Object Repository/APOLLO- Desktop/Home page/Popular products/Popular products tile' successfully

2019-07-09 17:19:12 - [TEST_STEP][PASSED] - delay(2): Delayed 2 second(s)

2019-07-09 17:19:14 - [MESSAGE][PASSED] - Delayed 2 second(s)

2019-07-09 17:19:14 - [TEST_STEP][PASSED] - click(findTestObject("APOLLO- Desktop/Home page/Popular products/Popular products tile - chicken slider")): Object: 'Object Repository/APOLLO- Desktop/Home page/Popular products/Popular products tile - chicken slider' is clicked on

2019-07-09 17:19:21 - [MESSAGE][PASSED] - Object: 'Object Repository/APOLLO- Desktop/Home page/Popular products/Popular products tile - chicken slider' is clicked on

2019-07-09 17:19:21 - [TEST_STEP][PASSED] - delay(2): Delayed 2 second(s)

2019-07-09 17:19:23 - [MESSAGE][PASSED] - Delayed 2 second(s)

2019-07-09 17:19:23 - [TEST_STEP][PASSED] - click(findTestObject("APOLLO- Desktop/Home page/Popular products/first product- women")): Object: 'Object Repository/APOLLO- Desktop/Home page/Popular products/first product- women' is clicked on

2019-07-09 17:19:23 - [MESSAGE][PASSED] - Object: 'Object Repository/APOLLO- Desktop/Home page/Popular products/first product- women' is clicked on

2019-07-09 17:19:23 - [TEST_STEP][PASSED] - delay(2): Delayed 2 second(s)

2019-07-09 17:19:25 - [MESSAGE][PASSED] - Delayed 2 second(s)

2019-07-09 17:19:25 - [TEST_STEP][PASSED] - click(findTestObject("APOLLO- Desktop/Home page/Hero banner - CTA/Apollo icon")): Object: 'Object Repository/APOLLO- Desktop/Home page/Hero banner - CTA/Apollo icon' is clicked on

2019-07-09 17:19:26 - [MESSAGE][PASSED] - Object: 'Object Repository/APOLLO- Desktop/Home page/Hero banner - CTA/Apollo icon' is clicked on

2019-07-09 17:19:26 - [TEST_STEP][PASSED] - delay(2): Delayed 2 second(s)

2019-07-09 17:19:28 - [MESSAGE][PASSED] - Delayed 2 second(s)

2019-07-09 17:19:28 - [TEST_STEP][PASSED] - scrollToElement(findTestObject("APOLLO- Desktop/Home page/Popular products/Popular products tile"), 0): Scroll to object 'Object Repository/APOLLO- Desktop/Home page/Popular products/Popular products tile' successfully

2019-07-09 17:19:28 - [MESSAGE][WARNING] - Timeout '0' is invalid. Using default page load timeout: '30'

2019-07-09 17:19:28 - [MESSAGE][PASSED] - Scroll to object 'Object Repository/APOLLO- Desktop/Home page/Popular products/Popular products tile' successfully

2019-07-09 17:19:28 - [TEST_STEP][PASSED] - delay(2): Delayed 2 second(s)

2019-07-09 17:19:30 - [MESSAGE][PASSED] - Delayed 2 second(s)

2019-07-09 17:19:30 - [TEST_STEP][PASSED] - click(findTestObject("APOLLO- Desktop/Home page/Popular products/Popular products tile - lamb slider")): Object: 'Object Repository/APOLLO- Desktop/Home page/Popular products/Popular products tile - lamb slider' is clicked on

2019-07-09 17:19:30 - [MESSAGE][PASSED] - Object: 'Object Repository/APOLLO- Desktop/Home page/Popular products/Popular products tile - lamb slider' is clicked on

2019-07-09 17:19:30 - [TEST_STEP][PASSED] - delay(2): Delayed 2 second(s)

2019-07-09 17:19:32 - [MESSAGE][PASSED] - Delayed 2 second(s)

2019-07-09 17:19:32 - [TEST_STEP][PASSED] - click(findTestObject("APOLLO- Desktop/Home page/Popular products/first product- kids")): Object: 'Object Repository/APOLLO- Desktop/Home page/Popular products/first product- kids' is clicked on

2019-07-09 17:19:32 - [MESSAGE][PASSED] - Object: 'Object Repository/APOLLO- Desktop/Home page/Popular products/first product- kids' is clicked on

2019-07-09 17:19:32 - [TEST_STEP][PASSED] - delay(2): Delayed 2 second(s)

2019-07-09 17:19:34 - [MESSAGE][PASSED] - Delayed 2 second(s)

2019-07-09 17:19:34 - [TEST_STEP][PASSED] - click(findTestObject("APOLLO- Desktop/Home page/Hero banner - CTA/Apollo icon")): Object: 'Object Repository/APOLLO- Desktop/Home page/Hero banner - CTA/Apollo icon' is clicked on

2019-07-09 17:19:36 - [MESSAGE][PASSED] - Object: 'Object Repository/APOLLO- Desktop/Home page/Hero banner - CTA/Apollo icon' is clicked on

2019-07-09 17:19:36 - [TEST_STEP][PASSED] - delay(2): Delayed 2 second(s)

2019-07-09 17:19:38 - [MESSAGE][PASSED] - Delayed 2 second(s)

2019-07-09 17:19:38 - [TEST_STEP][PASSED] - executeJavaScript("var previewBar = document.getElementById("preview-bar-iframe"); previewBar.style.display = "none";", []): Execute JavaScript 'var previewBar = document.getElementById("preview-bar-iframe"); previewBar.style.display = "none";' successfully

2019-07-09 17:19:38 - [MESSAGE][PASSED] - Execute JavaScript 'var previewBar = document.getElementById("preview-bar-iframe"); previewBar.style.display = "none";' successfully

2019-07-09 17:19:38 - [TEST_STEP][PASSED] - click(findTestObject("APOLLO- Desktop/Home page/Popular products/Popular products tile - Beef slider")): Object: 'Object Repository/APOLLO- Desktop/Home page/Popular products/Popular products tile - Beef slider' is clicked on

2019-07-09 17:19:39 - [MESSAGE][PASSED] - Object: 'Object Repository/APOLLO- Desktop/Home page/Popular products/Popular products tile - Beef slider' is clicked on

2019-07-09 17:19:39 - [TEST_STEP][PASSED] - delay(2): Delayed 2 second(s)

2019-07-09 17:19:41 - [MESSAGE][PASSED] - Delayed 2 second(s)

2019-07-09 17:19:41 - [TEST_STEP][PASSED] - click(findTestObject("APOLLO- Desktop/Home page/Popular products/first product- men")): Object: 'Object Repository/APOLLO- Desktop/Home page/Popular products/first product- men' is clicked on

2019-07-09 17:19:41 - [MESSAGE][PASSED] - Object: 'Object Repository/APOLLO- Desktop/Home page/Popular products/first product- men' is clicked on

2019-07-09 17:19:41 - [TEST_STEP][PASSED] - delay(2): Delayed 2 second(s)

2019-07-09 17:19:43 - [MESSAGE][PASSED] - Delayed 2 second(s)

2019-07-09 17:19:43 - [TEST_STEP][PASSED] - click(findTestObject("APOLLO- Desktop/Home page/Hero banner - CTA/Apollo icon")): Object: 'Object Repository/APOLLO- Desktop/Home page/Hero banner - CTA/Apollo icon' is clicked on

2019-07-09 17:19:44 - [MESSAGE][PASSED] - Object: 'Object Repository/APOLLO- Desktop/Home page/Hero banner - CTA/Apollo icon' is clicked on

2019-07-09 17:19:44 - [TEST_STEP][PASSED] - delay(2): Delayed 2 second(s)

2019-07-09 17:19:46 - [MESSAGE][PASSED] - Delayed 2 second(s)

2019-07-09 17:19:46 - [TEST_STEP][PASSED] - executeJavaScript("var previewBar = document.getElementById("preview-bar-iframe"); previewBar.style.display = "none";", []): Execute JavaScript 'var previewBar = document.getElementById("preview-bar-iframe"); previewBar.style.display = "none";' successfully

2019-07-09 17:19:46 - [MESSAGE][PASSED] - Execute JavaScript 'var previewBar = document.getElementById("preview-bar-iframe"); previewBar.style.display = "none";' successfully

2019-07-09 17:19:46 - [TEST_STEP][PASSED] - scrollToElement(findTestObject("APOLLO- Desktop/Home page/Popular products/Popular products tile"), 0): Scroll to object 'Object Repository/APOLLO- Desktop/Home page/Popular products/Popular products tile' successfully

2019-07-09 17:19:47 - [MESSAGE][WARNING] - Timeout '0' is invalid. Using default page load timeout: '30'

2019-07-09 17:19:47 - [MESSAGE][PASSED] - Scroll to object 'Object Repository/APOLLO- Desktop/Home page/Popular products/Popular products tile' successfully

2019-07-09 17:19:47 - [TEST_STEP][PASSED] - delay(2): Delayed 2 second(s)

2019-07-09 17:19:49 - [MESSAGE][PASSED] - Delayed 2 second(s)

2019-07-09 17:19:49 - [TEST_STEP][FAILED] - mouseOver(findTestObject("APOLLO- Desktop/Home page/Popular products/Previous button chevron")): mouseOver(findTestObject("APOLLO- Desktop/Home page/Popular products/Previous button chevron")) FAILED.
Reason:
com.kms.katalon.core.exception.StepFailedException: Unable to move mouse over object 'Object Repository/APOLLO- Desktop/Home page/Popular products/Previous button chevron' (Root cause: org.openqa.selenium.WebDriverException: 
Build info: version: '3.7.1', revision: '8a0099a', time: '2017-11-06T21:07:36.161Z'
System info: host: 'sumans-MacBook-Pro.local', ip: 'fe80:0:0:0:47c:ca88:4245:b7a7%en0', os.name: 'Mac OS X', os.arch: 'x86_64', os.version: '10.13.6', java.version: '1.8.0_181'
Driver info: com.kms.katalon.selenium.driver.CSafariDriver
Capabilities {acceptInsecureCerts: false, browserName: Safari, browserVersion: 12.1, javascriptEnabled: true, platform: MAC, platformName: MAC, safari:automaticInspection: false, safari:automaticProfiling: false, safari:diagnose: false, setWindowRect: true, strictFileInteractability: false, webkit:WebRTC: {DisableICECandidateFiltering: false, DisableInsecureMediaCapture: false}}
Session ID: EC78321F-A3C8-4F7F-BB77-AE66620F2A94)
	at com.kms.katalon.core.keyword.internal.KeywordMain.stepFailed(KeywordMain.groovy:36)
	at com.kms.katalon.core.webui.keyword.internal.WebUIKeywordMain.stepFailed(WebUIKeywordMain.groovy:65)
	at com.kms.katalon.core.webui.keyword.internal.WebUIKeywordMain.runKeyword(WebUIKeywordMain.groovy:27)
	at com.kms.katalon.core.webui.keyword.builtin.MouseOverKeyword.mouseOver(MouseOverKeyword.groovy:90)
	at com.kms.katalon.core.webui.keyword.builtin.MouseOverKeyword.execute(MouseOverKeyword.groovy:67)
	at com.kms.katalon.core.keyword.internal.KeywordExecutor.executeKeywordForPlatform(KeywordExecutor.groovy:53)
	at com.kms.katalon.core.webui.keyword.WebUiBuiltInKeywords.mouseOver(WebUiBuiltInKeywords.groovy:776)
	at com.kms.katalon.core.webui.keyword.WebUiBuiltInKeywords$mouseOver$9.call(Unknown Source)
	at Popular products.run(Popular products:74)
	at com.kms.katalon.core.main.ScriptEngine.run(ScriptEngine.java:194)
	at com.kms.katalon.core.main.ScriptEngine.runScriptAsRawText(ScriptEngine.java:119)
	at com.kms.katalon.core.main.TestCaseExecutor.runScript(TestCaseExecutor.java:328)
	at com.kms.katalon.core.main.TestCaseExecutor.doExecute(TestCaseExecutor.java:319)
	at com.kms.katalon.core.main.TestCaseExecutor.processExecutionPhase(TestCaseExecutor.java:298)
	at com.kms.katalon.core.main.TestCaseExecutor.accessMainPhase(TestCaseExecutor.java:290)
	at com.kms.katalon.core.main.TestCaseExecutor.execute(TestCaseExecutor.java:224)
	at com.kms.katalon.core.main.TestSuiteExecutor.accessTestCaseMainPhase(TestSuiteExecutor.java:129)
	at com.kms.katalon.core.main.TestSuiteExecutor.accessTestSuiteMainPhase(TestSuiteExecutor.java:112)
	at com.kms.katalon.core.main.TestSuiteExecutor.execute(TestSuiteExecutor.java:81)
	at com.kms.katalon.core.main.TestCaseMain.startTestSuite(TestCaseMain.java:149)
	at com.kms.katalon.core.main.TestCaseMain$startTestSuite$0.call(Unknown Source)
	at TempTestSuite1562706763156.run(TempTestSuite1562706763156.groovy:36)


2019-07-09 17:19:49 - [MESSAGE][WARNING] - Cannot take screenshot

2019-07-09 17:19:49 - [MESSAGE][FAILED] - Unable to move mouse over object 'Object Repository/APOLLO- Desktop/Home page/Popular products/Previous button chevron' (Root cause: org.openqa.selenium.WebDriverException: 
Build info: version: '3.7.1', revision: '8a0099a', time: '2017-11-06T21:07:36.161Z'
System info: host: 'sumans-MacBook-Pro.local', ip: 'fe80:0:0:0:47c:ca88:4245:b7a7%en0', os.name: 'Mac OS X', os.arch: 'x86_64', os.version: '10.13.6', java.version: '1.8.0_181'
Driver info: com.kms.katalon.selenium.driver.CSafariDriver
Capabilities {acceptInsecureCerts: false, browserName: Safari, browserVersion: 12.1, javascriptEnabled: true, platform: MAC, platformName: MAC, safari:automaticInspection: false, safari:automaticProfiling: false, safari:diagnose: false, setWindowRect: true, strictFileInteractability: false, webkit:WebRTC: {DisableICECandidateFiltering: false, DisableInsecureMediaCapture: false}}
Session ID: EC78321F-A3C8-4F7F-BB77-AE66620F2A94)

2019-07-09 17:19:49 - [MESSAGE][FAILED] - mouseOver(findTestObject("APOLLO- Desktop/Home page/Popular products/Previous button chevron")) FAILED.
Reason:
com.kms.katalon.core.exception.StepFailedException: Unable to move mouse over object 'Object Repository/APOLLO- Desktop/Home page/Popular products/Previous button chevron' (Root cause: org.openqa.selenium.WebDriverException: 
Build info: version: '3.7.1', revision: '8a0099a', time: '2017-11-06T21:07:36.161Z'
System info: host: 'sumans-MacBook-Pro.local', ip: 'fe80:0:0:0:47c:ca88:4245:b7a7%en0', os.name: 'Mac OS X', os.arch: 'x86_64', os.version: '10.13.6', java.version: '1.8.0_181'
Driver info: com.kms.katalon.selenium.driver.CSafariDriver
Capabilities {acceptInsecureCerts: false, browserName: Safari, browserVersion: 12.1, javascriptEnabled: true, platform: MAC, platformName: MAC, safari:automaticInspection: false, safari:automaticProfiling: false, safari:diagnose: false, setWindowRect: true, strictFileInteractability: false, webkit:WebRTC: {DisableICECandidateFiltering: false, DisableInsecureMediaCapture: false}}
Session ID: EC78321F-A3C8-4F7F-BB77-AE66620F2A94)
	at com.kms.katalon.core.keyword.internal.KeywordMain.stepFailed(KeywordMain.groovy:36)
	at com.kms.katalon.core.webui.keyword.internal.WebUIKeywordMain.stepFailed(WebUIKeywordMain.groovy:65)
	at com.kms.katalon.core.webui.keyword.internal.WebUIKeywordMain.runKeyword(WebUIKeywordMain.groovy:27)
	at com.kms.katalon.core.webui.keyword.builtin.MouseOverKeyword.mouseOver(MouseOverKeyword.groovy:90)
	at com.kms.katalon.core.webui.keyword.builtin.MouseOverKeyword.execute(MouseOverKeyword.groovy:67)
	at com.kms.katalon.core.keyword.internal.KeywordExecutor.executeKeywordForPlatform(KeywordExecutor.groovy:53)
	at com.kms.katalon.core.webui.keyword.WebUiBuiltInKeywords.mouseOver(WebUiBuiltInKeywords.groovy:776)
	at com.kms.katalon.core.webui.keyword.WebUiBuiltInKeywords$mouseOver$9.call(Unknown Source)
	at Popular products.run(Popular products:74)
	at com.kms.katalon.core.main.ScriptEngine.run(ScriptEngine.java:194)
	at com.kms.katalon.core.main.ScriptEngine.runScriptAsRawText(ScriptEngine.java:119)
	at com.kms.katalon.core.main.TestCaseExecutor.runScript(TestCaseExecutor.java:328)
	at com.kms.katalon.core.main.TestCaseExecutor.doExecute(TestCaseExecutor.java:319)
	at com.kms.katalon.core.main.TestCaseExecutor.processExecutionPhase(TestCaseExecutor.java:298)
	at com.kms.katalon.core.main.TestCaseExecutor.accessMainPhase(TestCaseExecutor.java:290)
	at com.kms.katalon.core.main.TestCaseExecutor.execute(TestCaseExecutor.java:224)
	at com.kms.katalon.core.main.TestSuiteExecutor.accessTestCaseMainPhase(TestSuiteExecutor.java:129)
	at com.kms.katalon.core.main.TestSuiteExecutor.accessTestSuiteMainPhase(TestSuiteExecutor.java:112)
	at com.kms.katalon.core.main.TestSuiteExecutor.execute(TestSuiteExecutor.java:81)
	at com.kms.katalon.core.main.TestCaseMain.startTestSuite(TestCaseMain.java:149)
	at com.kms.katalon.core.main.TestCaseMain$startTestSuite$0.call(Unknown Source)
	at TempTestSuite1562706763156.run(TempTestSuite1562706763156.groovy:36)]]></system-out>
         <system-err><![CDATA[2019-07-09 17:19:06 - [TEST_CASE][FAILED] - Test Cases/HOME PAGE/Popular products: Test Cases/HOME PAGE/Popular products FAILED.
Reason:
com.kms.katalon.core.exception.StepFailedException: Unable to move mouse over object 'Object Repository/APOLLO- Desktop/Home page/Popular products/Previous button chevron' (Root cause: org.openqa.selenium.WebDriverException: 
Build info: version: '3.7.1', revision: '8a0099a', time: '2017-11-06T21:07:36.161Z'
System info: host: 'sumans-MacBook-Pro.local', ip: 'fe80:0:0:0:47c:ca88:4245:b7a7%en0', os.name: 'Mac OS X', os.arch: 'x86_64', os.version: '10.13.6', java.version: '1.8.0_181'
Driver info: com.kms.katalon.selenium.driver.CSafariDriver
Capabilities {acceptInsecureCerts: false, browserName: Safari, browserVersion: 12.1, javascriptEnabled: true, platform: MAC, platformName: MAC, safari:automaticInspection: false, safari:automaticProfiling: false, safari:diagnose: false, setWindowRect: true, strictFileInteractability: false, webkit:WebRTC: {DisableICECandidateFiltering: false, DisableInsecureMediaCapture: false}}
Session ID: EC78321F-A3C8-4F7F-BB77-AE66620F2A94)
	at com.kms.katalon.core.keyword.internal.KeywordMain.stepFailed(KeywordMain.groovy:36)
	at com.kms.katalon.core.webui.keyword.internal.WebUIKeywordMain.stepFailed(WebUIKeywordMain.groovy:65)
	at com.kms.katalon.core.webui.keyword.internal.WebUIKeywordMain.runKeyword(WebUIKeywordMain.groovy:27)
	at com.kms.katalon.core.webui.keyword.builtin.MouseOverKeyword.mouseOver(MouseOverKeyword.groovy:90)
	at com.kms.katalon.core.webui.keyword.builtin.MouseOverKeyword.execute(MouseOverKeyword.groovy:67)
	at com.kms.katalon.core.keyword.internal.KeywordExecutor.executeKeywordForPlatform(KeywordExecutor.groovy:53)
	at com.kms.katalon.core.webui.keyword.WebUiBuiltInKeywords.mouseOver(WebUiBuiltInKeywords.groovy:776)
	at com.kms.katalon.core.webui.keyword.WebUiBuiltInKeywords$mouseOver$9.call(Unknown Source)
	at Popular products.run(Popular products:74)
	at com.kms.katalon.core.main.ScriptEngine.run(ScriptEngine.java:194)
	at com.kms.katalon.core.main.ScriptEngine.runScriptAsRawText(ScriptEngine.java:119)
	at com.kms.katalon.core.main.TestCaseExecutor.runScript(TestCaseExecutor.java:328)
	at com.kms.katalon.core.main.TestCaseExecutor.doExecute(TestCaseExecutor.java:319)
	at com.kms.katalon.core.main.TestCaseExecutor.processExecutionPhase(TestCaseExecutor.java:298)
	at com.kms.katalon.core.main.TestCaseExecutor.accessMainPhase(TestCaseExecutor.java:290)
	at com.kms.katalon.core.main.TestCaseExecutor.execute(TestCaseExecutor.java:224)
	at com.kms.katalon.core.main.TestSuiteExecutor.accessTestCaseMainPhase(TestSuiteExecutor.java:129)
	at com.kms.katalon.core.main.TestSuiteExecutor.accessTestSuiteMainPhase(TestSuiteExecutor.java:112)
	at com.kms.katalon.core.main.TestSuiteExecutor.execute(TestSuiteExecutor.java:81)
	at com.kms.katalon.core.main.TestCaseMain.startTestSuite(TestCaseMain.java:149)
	at com.kms.katalon.core.main.TestCaseMain$startTestSuite$0.call(Unknown Source)
	at TempTestSuite1562706763156.run(TempTestSuite1562706763156.groovy:36)]]></system-err>
      </testcase>
      <testcase name="Test Cases/HOME PAGE/Follow us" classname="Test Cases/HOME PAGE/Follow us" status="FAILED">
         <failure type="FAILED" message="Test Cases/HOME PAGE/Follow us FAILED.
Reason:
com.kms.katalon.core.exception.StepFailedException: Unable to open browser with url: '' (Root cause: org.openqa.selenium.NoSuchSessionException: 
Build info: version: '3.7.1', revision: '8a0099a', time: '2017-11-06T21:07:36.161Z'
System info: host: 'sumans-MacBook-Pro.local', ip: 'fe80:0:0:0:47c:ca88:4245:b7a7%en0', os.name: 'Mac OS X', os.arch: 'x86_64', os.version: '10.13.6', java.version: '1.8.0_181'
Driver info: com.kms.katalon.selenium.driver.CSafariDriver
Capabilities {acceptInsecureCerts: false, browserName: Safari, browserVersion: 12.1, javascriptEnabled: true, platform: MAC, platformName: MAC, safari:automaticInspection: false, safari:automaticProfiling: false, safari:diagnose: false, setWindowRect: true, strictFileInteractability: false, webkit:WebRTC: {DisableICECandidateFiltering: false, DisableInsecureMediaCapture: false}}
Session ID: EC78321F-A3C8-4F7F-BB77-AE66620F2A94)
	at com.kms.katalon.core.keyword.internal.KeywordMain.stepFailed(KeywordMain.groovy:36)
	at com.kms.katalon.core.webui.keyword.internal.WebUIKeywordMain.stepFailed(WebUIKeywordMain.groovy:65)
	at com.kms.katalon.core.webui.keyword.internal.WebUIKeywordMain.runKeyword(WebUIKeywordMain.groovy:27)
	at com.kms.katalon.core.webui.keyword.builtin.OpenBrowserKeyword.openBrowser(OpenBrowserKeyword.groovy:81)
	at com.kms.katalon.core.webui.keyword.builtin.OpenBrowserKeyword.execute(OpenBrowserKeyword.groovy:67)
	at com.kms.katalon.core.keyword.internal.KeywordExecutor.executeKeywordForPlatform(KeywordExecutor.groovy:53)
	at com.kms.katalon.core.webui.keyword.WebUiBuiltInKeywords.openBrowser(WebUiBuiltInKeywords.groovy:60)
	at com.kms.katalon.core.webui.keyword.WebUiBuiltInKeywords$openBrowser.call(Unknown Source)
	at CALL - URL.run(CALL - URL:16)
	at com.kms.katalon.core.main.ScriptEngine.run(ScriptEngine.java:194)
	at com.kms.katalon.core.main.ScriptEngine.runScriptAsRawText(ScriptEngine.java:119)
	at com.kms.katalon.core.main.TestCaseExecutor.runScript(TestCaseExecutor.java:328)
	at com.kms.katalon.core.main.TestCaseExecutor.doExecute(TestCaseExecutor.java:319)
	at com.kms.katalon.core.main.TestCaseExecutor.processExecutionPhase(TestCaseExecutor.java:298)
	at com.kms.katalon.core.main.TestCaseExecutor.accessMainPhase(TestCaseExecutor.java:290)
	at com.kms.katalon.core.main.TestCaseExecutor.execute(TestCaseExecutor.java:224)
	at com.kms.katalon.core.main.TestCaseMain.runTestCase(TestCaseMain.java:106)
	at com.kms.katalon.core.keyword.builtin.CallTestCaseKeyword$_callTestCase_closure1.doCall(CallTestCaseKeyword.groovy:59)
	at com.kms.katalon.core.keyword.builtin.CallTestCaseKeyword$_callTestCase_closure1.call(CallTestCaseKeyword.groovy)
	at com.kms.katalon.core.keyword.internal.KeywordMain.runKeyword(KeywordMain.groovy:54)
	at com.kms.katalon.core.keyword.builtin.CallTestCaseKeyword.callTestCase(CallTestCaseKeyword.groovy:80)
	at com.kms.katalon.core.keyword.builtin.CallTestCaseKeyword.execute(CallTestCaseKeyword.groovy:44)
	at com.kms.katalon.core.keyword.internal.KeywordExecutor.executeKeywordForPlatform(KeywordExecutor.groovy:53)
	at com.kms.katalon.core.keyword.BuiltinKeywords.callTestCase(BuiltinKeywords.groovy:334)
	at Follow us.run(Follow us:16)
	at com.kms.katalon.core.main.ScriptEngine.run(ScriptEngine.java:194)
	at com.kms.katalon.core.main.ScriptEngine.runScriptAsRawText(ScriptEngine.java:119)
	at com.kms.katalon.core.main.TestCaseExecutor.runScript(TestCaseExecutor.java:328)
	at com.kms.katalon.core.main.TestCaseExecutor.doExecute(TestCaseExecutor.java:319)
	at com.kms.katalon.core.main.TestCaseExecutor.processExecutionPhase(TestCaseExecutor.java:298)
	at com.kms.katalon.core.main.TestCaseExecutor.accessMainPhase(TestCaseExecutor.java:290)
	at com.kms.katalon.core.main.TestCaseExecutor.execute(TestCaseExecutor.java:224)
	at com.kms.katalon.core.main.TestSuiteExecutor.accessTestCaseMainPhase(TestSuiteExecutor.java:129)
	at com.kms.katalon.core.main.TestSuiteExecutor.accessTestSuiteMainPhase(TestSuiteExecutor.java:112)
	at com.kms.katalon.core.main.TestSuiteExecutor.execute(TestSuiteExecutor.java:81)
	at com.kms.katalon.core.main.TestCaseMain.startTestSuite(TestCaseMain.java:149)
	at com.kms.katalon.core.main.TestCaseMain$startTestSuite$0.call(Unknown Source)
	at TempTestSuite1562706763156.run(TempTestSuite1562706763156.groovy:36)
"/>
         <system-out><![CDATA[2019-07-09 17:19:49 - [TEST_CASE][FAILED] - Test Cases/HOME PAGE/Follow us: Test Cases/HOME PAGE/Follow us FAILED.
Reason:
com.kms.katalon.core.exception.StepFailedException: Unable to open browser with url: '' (Root cause: org.openqa.selenium.NoSuchSessionException: 
Build info: version: '3.7.1', revision: '8a0099a', time: '2017-11-06T21:07:36.161Z'
System info: host: 'sumans-MacBook-Pro.local', ip: 'fe80:0:0:0:47c:ca88:4245:b7a7%en0', os.name: 'Mac OS X', os.arch: 'x86_64', os.version: '10.13.6', java.version: '1.8.0_181'
Driver info: com.kms.katalon.selenium.driver.CSafariDriver
Capabilities {acceptInsecureCerts: false, browserName: Safari, browserVersion: 12.1, javascriptEnabled: true, platform: MAC, platformName: MAC, safari:automaticInspection: false, safari:automaticProfiling: false, safari:diagnose: false, setWindowRect: true, strictFileInteractability: false, webkit:WebRTC: {DisableICECandidateFiltering: false, DisableInsecureMediaCapture: false}}
Session ID: EC78321F-A3C8-4F7F-BB77-AE66620F2A94)
	at com.kms.katalon.core.keyword.internal.KeywordMain.stepFailed(KeywordMain.groovy:36)
	at com.kms.katalon.core.webui.keyword.internal.WebUIKeywordMain.stepFailed(WebUIKeywordMain.groovy:65)
	at com.kms.katalon.core.webui.keyword.internal.WebUIKeywordMain.runKeyword(WebUIKeywordMain.groovy:27)
	at com.kms.katalon.core.webui.keyword.builtin.OpenBrowserKeyword.openBrowser(OpenBrowserKeyword.groovy:81)
	at com.kms.katalon.core.webui.keyword.builtin.OpenBrowserKeyword.execute(OpenBrowserKeyword.groovy:67)
	at com.kms.katalon.core.keyword.internal.KeywordExecutor.executeKeywordForPlatform(KeywordExecutor.groovy:53)
	at com.kms.katalon.core.webui.keyword.WebUiBuiltInKeywords.openBrowser(WebUiBuiltInKeywords.groovy:60)
	at com.kms.katalon.core.webui.keyword.WebUiBuiltInKeywords$openBrowser.call(Unknown Source)
	at CALL - URL.run(CALL - URL:16)
	at com.kms.katalon.core.main.ScriptEngine.run(ScriptEngine.java:194)
	at com.kms.katalon.core.main.ScriptEngine.runScriptAsRawText(ScriptEngine.java:119)
	at com.kms.katalon.core.main.TestCaseExecutor.runScript(TestCaseExecutor.java:328)
	at com.kms.katalon.core.main.TestCaseExecutor.doExecute(TestCaseExecutor.java:319)
	at com.kms.katalon.core.main.TestCaseExecutor.processExecutionPhase(TestCaseExecutor.java:298)
	at com.kms.katalon.core.main.TestCaseExecutor.accessMainPhase(TestCaseExecutor.java:290)
	at com.kms.katalon.core.main.TestCaseExecutor.execute(TestCaseExecutor.java:224)
	at com.kms.katalon.core.main.TestCaseMain.runTestCase(TestCaseMain.java:106)
	at com.kms.katalon.core.keyword.builtin.CallTestCaseKeyword$_callTestCase_closure1.doCall(CallTestCaseKeyword.groovy:59)
	at com.kms.katalon.core.keyword.builtin.CallTestCaseKeyword$_callTestCase_closure1.call(CallTestCaseKeyword.groovy)
	at com.kms.katalon.core.keyword.internal.KeywordMain.runKeyword(KeywordMain.groovy:54)
	at com.kms.katalon.core.keyword.builtin.CallTestCaseKeyword.callTestCase(CallTestCaseKeyword.groovy:80)
	at com.kms.katalon.core.keyword.builtin.CallTestCaseKeyword.execute(CallTestCaseKeyword.groovy:44)
	at com.kms.katalon.core.keyword.internal.KeywordExecutor.executeKeywordForPlatform(KeywordExecutor.groovy:53)
	at com.kms.katalon.core.keyword.BuiltinKeywords.callTestCase(BuiltinKeywords.groovy:334)
	at Follow us.run(Follow us:16)
	at com.kms.katalon.core.main.ScriptEngine.run(ScriptEngine.java:194)
	at com.kms.katalon.core.main.ScriptEngine.runScriptAsRawText(ScriptEngine.java:119)
	at com.kms.katalon.core.main.TestCaseExecutor.runScript(TestCaseExecutor.java:328)
	at com.kms.katalon.core.main.TestCaseExecutor.doExecute(TestCaseExecutor.java:319)
	at com.kms.katalon.core.main.TestCaseExecutor.processExecutionPhase(TestCaseExecutor.java:298)
	at com.kms.katalon.core.main.TestCaseExecutor.accessMainPhase(TestCaseExecutor.java:290)
	at com.kms.katalon.core.main.TestCaseExecutor.execute(TestCaseExecutor.java:224)
	at com.kms.katalon.core.main.TestSuiteExecutor.accessTestCaseMainPhase(TestSuiteExecutor.java:129)
	at com.kms.katalon.core.main.TestSuiteExecutor.accessTestSuiteMainPhase(TestSuiteExecutor.java:112)
	at com.kms.katalon.core.main.TestSuiteExecutor.execute(TestSuiteExecutor.java:81)
	at com.kms.katalon.core.main.TestCaseMain.startTestSuite(TestCaseMain.java:149)
	at com.kms.katalon.core.main.TestCaseMain$startTestSuite$0.call(Unknown Source)
	at TempTestSuite1562706763156.run(TempTestSuite1562706763156.groovy:36)


2019-07-09 17:19:49 - [TEST_STEP][FAILED] - callTestCase(findTestCase("CALL - URL"), [:], STOP_ON_FAILURE): callTestCase(findTestCase("CALL - URL"), [:], STOP_ON_FAILURE) FAILED.
Reason:
com.kms.katalon.core.exception.StepFailedException: Unable to open browser with url: '' (Root cause: org.openqa.selenium.NoSuchSessionException: 
Build info: version: '3.7.1', revision: '8a0099a', time: '2017-11-06T21:07:36.161Z'
System info: host: 'sumans-MacBook-Pro.local', ip: 'fe80:0:0:0:47c:ca88:4245:b7a7%en0', os.name: 'Mac OS X', os.arch: 'x86_64', os.version: '10.13.6', java.version: '1.8.0_181'
Driver info: com.kms.katalon.selenium.driver.CSafariDriver
Capabilities {acceptInsecureCerts: false, browserName: Safari, browserVersion: 12.1, javascriptEnabled: true, platform: MAC, platformName: MAC, safari:automaticInspection: false, safari:automaticProfiling: false, safari:diagnose: false, setWindowRect: true, strictFileInteractability: false, webkit:WebRTC: {DisableICECandidateFiltering: false, DisableInsecureMediaCapture: false}}
Session ID: EC78321F-A3C8-4F7F-BB77-AE66620F2A94)
	at com.kms.katalon.core.keyword.internal.KeywordMain.stepFailed(KeywordMain.groovy:36)
	at com.kms.katalon.core.webui.keyword.internal.WebUIKeywordMain.stepFailed(WebUIKeywordMain.groovy:65)
	at com.kms.katalon.core.webui.keyword.internal.WebUIKeywordMain.runKeyword(WebUIKeywordMain.groovy:27)
	at com.kms.katalon.core.webui.keyword.builtin.OpenBrowserKeyword.openBrowser(OpenBrowserKeyword.groovy:81)
	at com.kms.katalon.core.webui.keyword.builtin.OpenBrowserKeyword.execute(OpenBrowserKeyword.groovy:67)
	at com.kms.katalon.core.keyword.internal.KeywordExecutor.executeKeywordForPlatform(KeywordExecutor.groovy:53)
	at com.kms.katalon.core.webui.keyword.WebUiBuiltInKeywords.openBrowser(WebUiBuiltInKeywords.groovy:60)
	at com.kms.katalon.core.webui.keyword.WebUiBuiltInKeywords$openBrowser.call(Unknown Source)
	at CALL - URL.run(CALL - URL:16)
	at com.kms.katalon.core.main.ScriptEngine.run(ScriptEngine.java:194)
	at com.kms.katalon.core.main.ScriptEngine.runScriptAsRawText(ScriptEngine.java:119)
	at com.kms.katalon.core.main.TestCaseExecutor.runScript(TestCaseExecutor.java:328)
	at com.kms.katalon.core.main.TestCaseExecutor.doExecute(TestCaseExecutor.java:319)
	at com.kms.katalon.core.main.TestCaseExecutor.processExecutionPhase(TestCaseExecutor.java:298)
	at com.kms.katalon.core.main.TestCaseExecutor.accessMainPhase(TestCaseExecutor.java:290)
	at com.kms.katalon.core.main.TestCaseExecutor.execute(TestCaseExecutor.java:224)
	at com.kms.katalon.core.main.TestCaseMain.runTestCase(TestCaseMain.java:106)
	at com.kms.katalon.core.keyword.builtin.CallTestCaseKeyword$_callTestCase_closure1.doCall(CallTestCaseKeyword.groovy:59)
	at com.kms.katalon.core.keyword.builtin.CallTestCaseKeyword$_callTestCase_closure1.call(CallTestCaseKeyword.groovy)
	at com.kms.katalon.core.keyword.internal.KeywordMain.runKeyword(KeywordMain.groovy:54)
	at com.kms.katalon.core.keyword.builtin.CallTestCaseKeyword.callTestCase(CallTestCaseKeyword.groovy:80)
	at com.kms.katalon.core.keyword.builtin.CallTestCaseKeyword.execute(CallTestCaseKeyword.groovy:44)
	at com.kms.katalon.core.keyword.internal.KeywordExecutor.executeKeywordForPlatform(KeywordExecutor.groovy:53)
	at com.kms.katalon.core.keyword.BuiltinKeywords.callTestCase(BuiltinKeywords.groovy:334)
	at Follow us.run(Follow us:16)
	at com.kms.katalon.core.main.ScriptEngine.run(ScriptEngine.java:194)
	at com.kms.katalon.core.main.ScriptEngine.runScriptAsRawText(ScriptEngine.java:119)
	at com.kms.katalon.core.main.TestCaseExecutor.runScript(TestCaseExecutor.java:328)
	at com.kms.katalon.core.main.TestCaseExecutor.doExecute(TestCaseExecutor.java:319)
	at com.kms.katalon.core.main.TestCaseExecutor.processExecutionPhase(TestCaseExecutor.java:298)
	at com.kms.katalon.core.main.TestCaseExecutor.accessMainPhase(TestCaseExecutor.java:290)
	at com.kms.katalon.core.main.TestCaseExecutor.execute(TestCaseExecutor.java:224)
	at com.kms.katalon.core.main.TestSuiteExecutor.accessTestCaseMainPhase(TestSuiteExecutor.java:129)
	at com.kms.katalon.core.main.TestSuiteExecutor.accessTestSuiteMainPhase(TestSuiteExecutor.java:112)
	at com.kms.katalon.core.main.TestSuiteExecutor.execute(TestSuiteExecutor.java:81)
	at com.kms.katalon.core.main.TestCaseMain.startTestSuite(TestCaseMain.java:149)
	at com.kms.katalon.core.main.TestCaseMain$startTestSuite$0.call(Unknown Source)
	at TempTestSuite1562706763156.run(TempTestSuite1562706763156.groovy:36)


2019-07-09 17:19:49 - [TEST_CASE][FAILED] - Test Cases/CALL - URL: Test Cases/CALL - URL FAILED.
Reason:
com.kms.katalon.core.exception.StepFailedException: Unable to open browser with url: '' (Root cause: org.openqa.selenium.NoSuchSessionException: 
Build info: version: '3.7.1', revision: '8a0099a', time: '2017-11-06T21:07:36.161Z'
System info: host: 'sumans-MacBook-Pro.local', ip: 'fe80:0:0:0:47c:ca88:4245:b7a7%en0', os.name: 'Mac OS X', os.arch: 'x86_64', os.version: '10.13.6', java.version: '1.8.0_181'
Driver info: com.kms.katalon.selenium.driver.CSafariDriver
Capabilities {acceptInsecureCerts: false, browserName: Safari, browserVersion: 12.1, javascriptEnabled: true, platform: MAC, platformName: MAC, safari:automaticInspection: false, safari:automaticProfiling: false, safari:diagnose: false, setWindowRect: true, strictFileInteractability: false, webkit:WebRTC: {DisableICECandidateFiltering: false, DisableInsecureMediaCapture: false}}
Session ID: EC78321F-A3C8-4F7F-BB77-AE66620F2A94)
	at com.kms.katalon.core.keyword.internal.KeywordMain.stepFailed(KeywordMain.groovy:36)
	at com.kms.katalon.core.webui.keyword.internal.WebUIKeywordMain.stepFailed(WebUIKeywordMain.groovy:65)
	at com.kms.katalon.core.webui.keyword.internal.WebUIKeywordMain.runKeyword(WebUIKeywordMain.groovy:27)
	at com.kms.katalon.core.webui.keyword.builtin.OpenBrowserKeyword.openBrowser(OpenBrowserKeyword.groovy:81)
	at com.kms.katalon.core.webui.keyword.builtin.OpenBrowserKeyword.execute(OpenBrowserKeyword.groovy:67)
	at com.kms.katalon.core.keyword.internal.KeywordExecutor.executeKeywordForPlatform(KeywordExecutor.groovy:53)
	at com.kms.katalon.core.webui.keyword.WebUiBuiltInKeywords.openBrowser(WebUiBuiltInKeywords.groovy:60)
	at com.kms.katalon.core.webui.keyword.WebUiBuiltInKeywords$openBrowser.call(Unknown Source)
	at CALL - URL.run(CALL - URL:16)
	at com.kms.katalon.core.main.ScriptEngine.run(ScriptEngine.java:194)
	at com.kms.katalon.core.main.ScriptEngine.runScriptAsRawText(ScriptEngine.java:119)
	at com.kms.katalon.core.main.TestCaseExecutor.runScript(TestCaseExecutor.java:328)
	at com.kms.katalon.core.main.TestCaseExecutor.doExecute(TestCaseExecutor.java:319)
	at com.kms.katalon.core.main.TestCaseExecutor.processExecutionPhase(TestCaseExecutor.java:298)
	at com.kms.katalon.core.main.TestCaseExecutor.accessMainPhase(TestCaseExecutor.java:290)
	at com.kms.katalon.core.main.TestCaseExecutor.execute(TestCaseExecutor.java:224)
	at com.kms.katalon.core.main.TestCaseMain.runTestCase(TestCaseMain.java:106)
	at com.kms.katalon.core.keyword.builtin.CallTestCaseKeyword$_callTestCase_closure1.doCall(CallTestCaseKeyword.groovy:59)
	at com.kms.katalon.core.keyword.builtin.CallTestCaseKeyword$_callTestCase_closure1.call(CallTestCaseKeyword.groovy)
	at com.kms.katalon.core.keyword.internal.KeywordMain.runKeyword(KeywordMain.groovy:54)
	at com.kms.katalon.core.keyword.builtin.CallTestCaseKeyword.callTestCase(CallTestCaseKeyword.groovy:80)
	at com.kms.katalon.core.keyword.builtin.CallTestCaseKeyword.execute(CallTestCaseKeyword.groovy:44)
	at com.kms.katalon.core.keyword.internal.KeywordExecutor.executeKeywordForPlatform(KeywordExecutor.groovy:53)
	at com.kms.katalon.core.keyword.BuiltinKeywords.callTestCase(BuiltinKeywords.groovy:334)
	at Follow us.run(Follow us:16)
	at com.kms.katalon.core.main.ScriptEngine.run(ScriptEngine.java:194)
	at com.kms.katalon.core.main.ScriptEngine.runScriptAsRawText(ScriptEngine.java:119)
	at com.kms.katalon.core.main.TestCaseExecutor.runScript(TestCaseExecutor.java:328)
	at com.kms.katalon.core.main.TestCaseExecutor.doExecute(TestCaseExecutor.java:319)
	at com.kms.katalon.core.main.TestCaseExecutor.processExecutionPhase(TestCaseExecutor.java:298)
	at com.kms.katalon.core.main.TestCaseExecutor.accessMainPhase(TestCaseExecutor.java:290)
	at com.kms.katalon.core.main.TestCaseExecutor.execute(TestCaseExecutor.java:224)
	at com.kms.katalon.core.main.TestSuiteExecutor.accessTestCaseMainPhase(TestSuiteExecutor.java:129)
	at com.kms.katalon.core.main.TestSuiteExecutor.accessTestSuiteMainPhase(TestSuiteExecutor.java:112)
	at com.kms.katalon.core.main.TestSuiteExecutor.execute(TestSuiteExecutor.java:81)
	at com.kms.katalon.core.main.TestCaseMain.startTestSuite(TestCaseMain.java:149)
	at com.kms.katalon.core.main.TestCaseMain$startTestSuite$0.call(Unknown Source)
	at TempTestSuite1562706763156.run(TempTestSuite1562706763156.groovy:36)


2019-07-09 17:19:49 - [TEST_STEP][FAILED] - openBrowser(""): openBrowser("") FAILED.
Reason:
com.kms.katalon.core.exception.StepFailedException: Unable to open browser with url: '' (Root cause: org.openqa.selenium.NoSuchSessionException: 
Build info: version: '3.7.1', revision: '8a0099a', time: '2017-11-06T21:07:36.161Z'
System info: host: 'sumans-MacBook-Pro.local', ip: 'fe80:0:0:0:47c:ca88:4245:b7a7%en0', os.name: 'Mac OS X', os.arch: 'x86_64', os.version: '10.13.6', java.version: '1.8.0_181'
Driver info: com.kms.katalon.selenium.driver.CSafariDriver
Capabilities {acceptInsecureCerts: false, browserName: Safari, browserVersion: 12.1, javascriptEnabled: true, platform: MAC, platformName: MAC, safari:automaticInspection: false, safari:automaticProfiling: false, safari:diagnose: false, setWindowRect: true, strictFileInteractability: false, webkit:WebRTC: {DisableICECandidateFiltering: false, DisableInsecureMediaCapture: false}}
Session ID: EC78321F-A3C8-4F7F-BB77-AE66620F2A94)
	at com.kms.katalon.core.keyword.internal.KeywordMain.stepFailed(KeywordMain.groovy:36)
	at com.kms.katalon.core.webui.keyword.internal.WebUIKeywordMain.stepFailed(WebUIKeywordMain.groovy:65)
	at com.kms.katalon.core.webui.keyword.internal.WebUIKeywordMain.runKeyword(WebUIKeywordMain.groovy:27)
	at com.kms.katalon.core.webui.keyword.builtin.OpenBrowserKeyword.openBrowser(OpenBrowserKeyword.groovy:81)
	at com.kms.katalon.core.webui.keyword.builtin.OpenBrowserKeyword.execute(OpenBrowserKeyword.groovy:67)
	at com.kms.katalon.core.keyword.internal.KeywordExecutor.executeKeywordForPlatform(KeywordExecutor.groovy:53)
	at com.kms.katalon.core.webui.keyword.WebUiBuiltInKeywords.openBrowser(WebUiBuiltInKeywords.groovy:60)
	at com.kms.katalon.core.webui.keyword.WebUiBuiltInKeywords$openBrowser.call(Unknown Source)
	at CALL - URL.run(CALL - URL:16)
	at com.kms.katalon.core.main.ScriptEngine.run(ScriptEngine.java:194)
	at com.kms.katalon.core.main.ScriptEngine.runScriptAsRawText(ScriptEngine.java:119)
	at com.kms.katalon.core.main.TestCaseExecutor.runScript(TestCaseExecutor.java:328)
	at com.kms.katalon.core.main.TestCaseExecutor.doExecute(TestCaseExecutor.java:319)
	at com.kms.katalon.core.main.TestCaseExecutor.processExecutionPhase(TestCaseExecutor.java:298)
	at com.kms.katalon.core.main.TestCaseExecutor.accessMainPhase(TestCaseExecutor.java:290)
	at com.kms.katalon.core.main.TestCaseExecutor.execute(TestCaseExecutor.java:224)
	at com.kms.katalon.core.main.TestCaseMain.runTestCase(TestCaseMain.java:106)
	at com.kms.katalon.core.keyword.builtin.CallTestCaseKeyword$_callTestCase_closure1.doCall(CallTestCaseKeyword.groovy:59)
	at com.kms.katalon.core.keyword.builtin.CallTestCaseKeyword$_callTestCase_closure1.call(CallTestCaseKeyword.groovy)
	at com.kms.katalon.core.keyword.internal.KeywordMain.runKeyword(KeywordMain.groovy:54)
	at com.kms.katalon.core.keyword.builtin.CallTestCaseKeyword.callTestCase(CallTestCaseKeyword.groovy:80)
	at com.kms.katalon.core.keyword.builtin.CallTestCaseKeyword.execute(CallTestCaseKeyword.groovy:44)
	at com.kms.katalon.core.keyword.internal.KeywordExecutor.executeKeywordForPlatform(KeywordExecutor.groovy:53)
	at com.kms.katalon.core.keyword.BuiltinKeywords.callTestCase(BuiltinKeywords.groovy:334)
	at Follow us.run(Follow us:16)
	at com.kms.katalon.core.main.ScriptEngine.run(ScriptEngine.java:194)
	at com.kms.katalon.core.main.ScriptEngine.runScriptAsRawText(ScriptEngine.java:119)
	at com.kms.katalon.core.main.TestCaseExecutor.runScript(TestCaseExecutor.java:328)
	at com.kms.katalon.core.main.TestCaseExecutor.doExecute(TestCaseExecutor.java:319)
	at com.kms.katalon.core.main.TestCaseExecutor.processExecutionPhase(TestCaseExecutor.java:298)
	at com.kms.katalon.core.main.TestCaseExecutor.accessMainPhase(TestCaseExecutor.java:290)
	at com.kms.katalon.core.main.TestCaseExecutor.execute(TestCaseExecutor.java:224)
	at com.kms.katalon.core.main.TestSuiteExecutor.accessTestCaseMainPhase(TestSuiteExecutor.java:129)
	at com.kms.katalon.core.main.TestSuiteExecutor.accessTestSuiteMainPhase(TestSuiteExecutor.java:112)
	at com.kms.katalon.core.main.TestSuiteExecutor.execute(TestSuiteExecutor.java:81)
	at com.kms.katalon.core.main.TestCaseMain.startTestSuite(TestCaseMain.java:149)
	at com.kms.katalon.core.main.TestCaseMain$startTestSuite$0.call(Unknown Source)
	at TempTestSuite1562706763156.run(TempTestSuite1562706763156.groovy:36)


2019-07-09 17:19:49 - [MESSAGE][WARNING] - A browser is already opened. Closing browser and opening a new one

2019-07-09 17:19:49 - [MESSAGE][FAILED] - Unable to open browser with url: '' (Root cause: org.openqa.selenium.NoSuchSessionException: 
Build info: version: '3.7.1', revision: '8a0099a', time: '2017-11-06T21:07:36.161Z'
System info: host: 'sumans-MacBook-Pro.local', ip: 'fe80:0:0:0:47c:ca88:4245:b7a7%en0', os.name: 'Mac OS X', os.arch: 'x86_64', os.version: '10.13.6', java.version: '1.8.0_181'
Driver info: com.kms.katalon.selenium.driver.CSafariDriver
Capabilities {acceptInsecureCerts: false, browserName: Safari, browserVersion: 12.1, javascriptEnabled: true, platform: MAC, platformName: MAC, safari:automaticInspection: false, safari:automaticProfiling: false, safari:diagnose: false, setWindowRect: true, strictFileInteractability: false, webkit:WebRTC: {DisableICECandidateFiltering: false, DisableInsecureMediaCapture: false}}
Session ID: EC78321F-A3C8-4F7F-BB77-AE66620F2A94)

2019-07-09 17:19:49 - [MESSAGE][FAILED] - openBrowser("") FAILED.
Reason:
com.kms.katalon.core.exception.StepFailedException: Unable to open browser with url: '' (Root cause: org.openqa.selenium.NoSuchSessionException: 
Build info: version: '3.7.1', revision: '8a0099a', time: '2017-11-06T21:07:36.161Z'
System info: host: 'sumans-MacBook-Pro.local', ip: 'fe80:0:0:0:47c:ca88:4245:b7a7%en0', os.name: 'Mac OS X', os.arch: 'x86_64', os.version: '10.13.6', java.version: '1.8.0_181'
Driver info: com.kms.katalon.selenium.driver.CSafariDriver
Capabilities {acceptInsecureCerts: false, browserName: Safari, browserVersion: 12.1, javascriptEnabled: true, platform: MAC, platformName: MAC, safari:automaticInspection: false, safari:automaticProfiling: false, safari:diagnose: false, setWindowRect: true, strictFileInteractability: false, webkit:WebRTC: {DisableICECandidateFiltering: false, DisableInsecureMediaCapture: false}}
Session ID: EC78321F-A3C8-4F7F-BB77-AE66620F2A94)
	at com.kms.katalon.core.keyword.internal.KeywordMain.stepFailed(KeywordMain.groovy:36)
	at com.kms.katalon.core.webui.keyword.internal.WebUIKeywordMain.stepFailed(WebUIKeywordMain.groovy:65)
	at com.kms.katalon.core.webui.keyword.internal.WebUIKeywordMain.runKeyword(WebUIKeywordMain.groovy:27)
	at com.kms.katalon.core.webui.keyword.builtin.OpenBrowserKeyword.openBrowser(OpenBrowserKeyword.groovy:81)
	at com.kms.katalon.core.webui.keyword.builtin.OpenBrowserKeyword.execute(OpenBrowserKeyword.groovy:67)
	at com.kms.katalon.core.keyword.internal.KeywordExecutor.executeKeywordForPlatform(KeywordExecutor.groovy:53)
	at com.kms.katalon.core.webui.keyword.WebUiBuiltInKeywords.openBrowser(WebUiBuiltInKeywords.groovy:60)
	at com.kms.katalon.core.webui.keyword.WebUiBuiltInKeywords$openBrowser.call(Unknown Source)
	at CALL - URL.run(CALL - URL:16)
	at com.kms.katalon.core.main.ScriptEngine.run(ScriptEngine.java:194)
	at com.kms.katalon.core.main.ScriptEngine.runScriptAsRawText(ScriptEngine.java:119)
	at com.kms.katalon.core.main.TestCaseExecutor.runScript(TestCaseExecutor.java:328)
	at com.kms.katalon.core.main.TestCaseExecutor.doExecute(TestCaseExecutor.java:319)
	at com.kms.katalon.core.main.TestCaseExecutor.processExecutionPhase(TestCaseExecutor.java:298)
	at com.kms.katalon.core.main.TestCaseExecutor.accessMainPhase(TestCaseExecutor.java:290)
	at com.kms.katalon.core.main.TestCaseExecutor.execute(TestCaseExecutor.java:224)
	at com.kms.katalon.core.main.TestCaseMain.runTestCase(TestCaseMain.java:106)
	at com.kms.katalon.core.keyword.builtin.CallTestCaseKeyword$_callTestCase_closure1.doCall(CallTestCaseKeyword.groovy:59)
	at com.kms.katalon.core.keyword.builtin.CallTestCaseKeyword$_callTestCase_closure1.call(CallTestCaseKeyword.groovy)
	at com.kms.katalon.core.keyword.internal.KeywordMain.runKeyword(KeywordMain.groovy:54)
	at com.kms.katalon.core.keyword.builtin.CallTestCaseKeyword.callTestCase(CallTestCaseKeyword.groovy:80)
	at com.kms.katalon.core.keyword.builtin.CallTestCaseKeyword.execute(CallTestCaseKeyword.groovy:44)
	at com.kms.katalon.core.keyword.internal.KeywordExecutor.executeKeywordForPlatform(KeywordExecutor.groovy:53)
	at com.kms.katalon.core.keyword.BuiltinKeywords.callTestCase(BuiltinKeywords.groovy:334)
	at Follow us.run(Follow us:16)
	at com.kms.katalon.core.main.ScriptEngine.run(ScriptEngine.java:194)
	at com.kms.katalon.core.main.ScriptEngine.runScriptAsRawText(ScriptEngine.java:119)
	at com.kms.katalon.core.main.TestCaseExecutor.runScript(TestCaseExecutor.java:328)
	at com.kms.katalon.core.main.TestCaseExecutor.doExecute(TestCaseExecutor.java:319)
	at com.kms.katalon.core.main.TestCaseExecutor.processExecutionPhase(TestCaseExecutor.java:298)
	at com.kms.katalon.core.main.TestCaseExecutor.accessMainPhase(TestCaseExecutor.java:290)
	at com.kms.katalon.core.main.TestCaseExecutor.execute(TestCaseExecutor.java:224)
	at com.kms.katalon.core.main.TestSuiteExecutor.accessTestCaseMainPhase(TestSuiteExecutor.java:129)
	at com.kms.katalon.core.main.TestSuiteExecutor.accessTestSuiteMainPhase(TestSuiteExecutor.java:112)
	at com.kms.katalon.core.main.TestSuiteExecutor.execute(TestSuiteExecutor.java:81)
	at com.kms.katalon.core.main.TestCaseMain.startTestSuite(TestCaseMain.java:149)
	at com.kms.katalon.core.main.TestCaseMain$startTestSuite$0.call(Unknown Source)
	at TempTestSuite1562706763156.run(TempTestSuite1562706763156.groovy:36)


2019-07-09 17:19:49 - [MESSAGE][FAILED] - Unable to call Test Case 'Test Cases/CALL - URL' (Root cause: com.kms.katalon.core.exception.StepFailedException: Call Test Case 'Test Cases/CALL - URL' failed)

2019-07-09 17:19:49 - [MESSAGE][FAILED] - callTestCase(findTestCase("CALL - URL"), [:], STOP_ON_FAILURE) FAILED.
Reason:
com.kms.katalon.core.exception.StepFailedException: Unable to open browser with url: '' (Root cause: org.openqa.selenium.NoSuchSessionException: 
Build info: version: '3.7.1', revision: '8a0099a', time: '2017-11-06T21:07:36.161Z'
System info: host: 'sumans-MacBook-Pro.local', ip: 'fe80:0:0:0:47c:ca88:4245:b7a7%en0', os.name: 'Mac OS X', os.arch: 'x86_64', os.version: '10.13.6', java.version: '1.8.0_181'
Driver info: com.kms.katalon.selenium.driver.CSafariDriver
Capabilities {acceptInsecureCerts: false, browserName: Safari, browserVersion: 12.1, javascriptEnabled: true, platform: MAC, platformName: MAC, safari:automaticInspection: false, safari:automaticProfiling: false, safari:diagnose: false, setWindowRect: true, strictFileInteractability: false, webkit:WebRTC: {DisableICECandidateFiltering: false, DisableInsecureMediaCapture: false}}
Session ID: EC78321F-A3C8-4F7F-BB77-AE66620F2A94)
	at com.kms.katalon.core.keyword.internal.KeywordMain.stepFailed(KeywordMain.groovy:36)
	at com.kms.katalon.core.webui.keyword.internal.WebUIKeywordMain.stepFailed(WebUIKeywordMain.groovy:65)
	at com.kms.katalon.core.webui.keyword.internal.WebUIKeywordMain.runKeyword(WebUIKeywordMain.groovy:27)
	at com.kms.katalon.core.webui.keyword.builtin.OpenBrowserKeyword.openBrowser(OpenBrowserKeyword.groovy:81)
	at com.kms.katalon.core.webui.keyword.builtin.OpenBrowserKeyword.execute(OpenBrowserKeyword.groovy:67)
	at com.kms.katalon.core.keyword.internal.KeywordExecutor.executeKeywordForPlatform(KeywordExecutor.groovy:53)
	at com.kms.katalon.core.webui.keyword.WebUiBuiltInKeywords.openBrowser(WebUiBuiltInKeywords.groovy:60)
	at com.kms.katalon.core.webui.keyword.WebUiBuiltInKeywords$openBrowser.call(Unknown Source)
	at CALL - URL.run(CALL - URL:16)
	at com.kms.katalon.core.main.ScriptEngine.run(ScriptEngine.java:194)
	at com.kms.katalon.core.main.ScriptEngine.runScriptAsRawText(ScriptEngine.java:119)
	at com.kms.katalon.core.main.TestCaseExecutor.runScript(TestCaseExecutor.java:328)
	at com.kms.katalon.core.main.TestCaseExecutor.doExecute(TestCaseExecutor.java:319)
	at com.kms.katalon.core.main.TestCaseExecutor.processExecutionPhase(TestCaseExecutor.java:298)
	at com.kms.katalon.core.main.TestCaseExecutor.accessMainPhase(TestCaseExecutor.java:290)
	at com.kms.katalon.core.main.TestCaseExecutor.execute(TestCaseExecutor.java:224)
	at com.kms.katalon.core.main.TestCaseMain.runTestCase(TestCaseMain.java:106)
	at com.kms.katalon.core.keyword.builtin.CallTestCaseKeyword$_callTestCase_closure1.doCall(CallTestCaseKeyword.groovy:59)
	at com.kms.katalon.core.keyword.builtin.CallTestCaseKeyword$_callTestCase_closure1.call(CallTestCaseKeyword.groovy)
	at com.kms.katalon.core.keyword.internal.KeywordMain.runKeyword(KeywordMain.groovy:54)
	at com.kms.katalon.core.keyword.builtin.CallTestCaseKeyword.callTestCase(CallTestCaseKeyword.groovy:80)
	at com.kms.katalon.core.keyword.builtin.CallTestCaseKeyword.execute(CallTestCaseKeyword.groovy:44)
	at com.kms.katalon.core.keyword.internal.KeywordExecutor.executeKeywordForPlatform(KeywordExecutor.groovy:53)
	at com.kms.katalon.core.keyword.BuiltinKeywords.callTestCase(BuiltinKeywords.groovy:334)
	at Follow us.run(Follow us:16)
	at com.kms.katalon.core.main.ScriptEngine.run(ScriptEngine.java:194)
	at com.kms.katalon.core.main.ScriptEngine.runScriptAsRawText(ScriptEngine.java:119)
	at com.kms.katalon.core.main.TestCaseExecutor.runScript(TestCaseExecutor.java:328)
	at com.kms.katalon.core.main.TestCaseExecutor.doExecute(TestCaseExecutor.java:319)
	at com.kms.katalon.core.main.TestCaseExecutor.processExecutionPhase(TestCaseExecutor.java:298)
	at com.kms.katalon.core.main.TestCaseExecutor.accessMainPhase(TestCaseExecutor.java:290)
	at com.kms.katalon.core.main.TestCaseExecutor.execute(TestCaseExecutor.java:224)
	at com.kms.katalon.core.main.TestSuiteExecutor.accessTestCaseMainPhase(TestSuiteExecutor.java:129)
	at com.kms.katalon.core.main.TestSuiteExecutor.accessTestSuiteMainPhase(TestSuiteExecutor.java:112)
	at com.kms.katalon.core.main.TestSuiteExecutor.execute(TestSuiteExecutor.java:81)
	at com.kms.katalon.core.main.TestCaseMain.startTestSuite(TestCaseMain.java:149)
	at com.kms.katalon.core.main.TestCaseMain$startTestSuite$0.call(Unknown Source)
	at TempTestSuite1562706763156.run(TempTestSuite1562706763156.groovy:36)]]></system-out>
         <system-err><![CDATA[2019-07-09 17:19:49 - [TEST_CASE][FAILED] - Test Cases/HOME PAGE/Follow us: Test Cases/HOME PAGE/Follow us FAILED.
Reason:
com.kms.katalon.core.exception.StepFailedException: Unable to open browser with url: '' (Root cause: org.openqa.selenium.NoSuchSessionException: 
Build info: version: '3.7.1', revision: '8a0099a', time: '2017-11-06T21:07:36.161Z'
System info: host: 'sumans-MacBook-Pro.local', ip: 'fe80:0:0:0:47c:ca88:4245:b7a7%en0', os.name: 'Mac OS X', os.arch: 'x86_64', os.version: '10.13.6', java.version: '1.8.0_181'
Driver info: com.kms.katalon.selenium.driver.CSafariDriver
Capabilities {acceptInsecureCerts: false, browserName: Safari, browserVersion: 12.1, javascriptEnabled: true, platform: MAC, platformName: MAC, safari:automaticInspection: false, safari:automaticProfiling: false, safari:diagnose: false, setWindowRect: true, strictFileInteractability: false, webkit:WebRTC: {DisableICECandidateFiltering: false, DisableInsecureMediaCapture: false}}
Session ID: EC78321F-A3C8-4F7F-BB77-AE66620F2A94)
	at com.kms.katalon.core.keyword.internal.KeywordMain.stepFailed(KeywordMain.groovy:36)
	at com.kms.katalon.core.webui.keyword.internal.WebUIKeywordMain.stepFailed(WebUIKeywordMain.groovy:65)
	at com.kms.katalon.core.webui.keyword.internal.WebUIKeywordMain.runKeyword(WebUIKeywordMain.groovy:27)
	at com.kms.katalon.core.webui.keyword.builtin.OpenBrowserKeyword.openBrowser(OpenBrowserKeyword.groovy:81)
	at com.kms.katalon.core.webui.keyword.builtin.OpenBrowserKeyword.execute(OpenBrowserKeyword.groovy:67)
	at com.kms.katalon.core.keyword.internal.KeywordExecutor.executeKeywordForPlatform(KeywordExecutor.groovy:53)
	at com.kms.katalon.core.webui.keyword.WebUiBuiltInKeywords.openBrowser(WebUiBuiltInKeywords.groovy:60)
	at com.kms.katalon.core.webui.keyword.WebUiBuiltInKeywords$openBrowser.call(Unknown Source)
	at CALL - URL.run(CALL - URL:16)
	at com.kms.katalon.core.main.ScriptEngine.run(ScriptEngine.java:194)
	at com.kms.katalon.core.main.ScriptEngine.runScriptAsRawText(ScriptEngine.java:119)
	at com.kms.katalon.core.main.TestCaseExecutor.runScript(TestCaseExecutor.java:328)
	at com.kms.katalon.core.main.TestCaseExecutor.doExecute(TestCaseExecutor.java:319)
	at com.kms.katalon.core.main.TestCaseExecutor.processExecutionPhase(TestCaseExecutor.java:298)
	at com.kms.katalon.core.main.TestCaseExecutor.accessMainPhase(TestCaseExecutor.java:290)
	at com.kms.katalon.core.main.TestCaseExecutor.execute(TestCaseExecutor.java:224)
	at com.kms.katalon.core.main.TestCaseMain.runTestCase(TestCaseMain.java:106)
	at com.kms.katalon.core.keyword.builtin.CallTestCaseKeyword$_callTestCase_closure1.doCall(CallTestCaseKeyword.groovy:59)
	at com.kms.katalon.core.keyword.builtin.CallTestCaseKeyword$_callTestCase_closure1.call(CallTestCaseKeyword.groovy)
	at com.kms.katalon.core.keyword.internal.KeywordMain.runKeyword(KeywordMain.groovy:54)
	at com.kms.katalon.core.keyword.builtin.CallTestCaseKeyword.callTestCase(CallTestCaseKeyword.groovy:80)
	at com.kms.katalon.core.keyword.builtin.CallTestCaseKeyword.execute(CallTestCaseKeyword.groovy:44)
	at com.kms.katalon.core.keyword.internal.KeywordExecutor.executeKeywordForPlatform(KeywordExecutor.groovy:53)
	at com.kms.katalon.core.keyword.BuiltinKeywords.callTestCase(BuiltinKeywords.groovy:334)
	at Follow us.run(Follow us:16)
	at com.kms.katalon.core.main.ScriptEngine.run(ScriptEngine.java:194)
	at com.kms.katalon.core.main.ScriptEngine.runScriptAsRawText(ScriptEngine.java:119)
	at com.kms.katalon.core.main.TestCaseExecutor.runScript(TestCaseExecutor.java:328)
	at com.kms.katalon.core.main.TestCaseExecutor.doExecute(TestCaseExecutor.java:319)
	at com.kms.katalon.core.main.TestCaseExecutor.processExecutionPhase(TestCaseExecutor.java:298)
	at com.kms.katalon.core.main.TestCaseExecutor.accessMainPhase(TestCaseExecutor.java:290)
	at com.kms.katalon.core.main.TestCaseExecutor.execute(TestCaseExecutor.java:224)
	at com.kms.katalon.core.main.TestSuiteExecutor.accessTestCaseMainPhase(TestSuiteExecutor.java:129)
	at com.kms.katalon.core.main.TestSuiteExecutor.accessTestSuiteMainPhase(TestSuiteExecutor.java:112)
	at com.kms.katalon.core.main.TestSuiteExecutor.execute(TestSuiteExecutor.java:81)
	at com.kms.katalon.core.main.TestCaseMain.startTestSuite(TestCaseMain.java:149)
	at com.kms.katalon.core.main.TestCaseMain$startTestSuite$0.call(Unknown Source)
	at TempTestSuite1562706763156.run(TempTestSuite1562706763156.groovy:36)]]></system-err>
      </testcase>
      <testcase name="Test Cases/PRODUCT PAGE/Social media icons" classname="Test Cases/PRODUCT PAGE/Social media icons" status="PASSED">
         <system-out><![CDATA[2019-07-09 17:19:49 - [TEST_CASE][PASSED] - Test Cases/PRODUCT PAGE/Social media icons: Test Cases/PRODUCT PAGE/Social media icons

2019-07-09 17:19:49 - [TEST_STEP][PASSED] - callTestCase(findTestCase("CALL - URL"), [:], STOP_ON_FAILURE): Call Test Case 'Test Cases/CALL - URL' successfully

2019-07-09 17:19:49 - [TEST_CASE][PASSED] - Test Cases/CALL - URL: Test Cases/CALL - URL

2019-07-09 17:19:49 - [TEST_STEP][PASSED] - openBrowser(""): Browser is opened with url: ''

2019-07-09 17:19:49 - [MESSAGE][INFO] - Starting 'Safari' driver

2019-07-09 17:19:52 - [MESSAGE][PASSED] - Browser is opened with url: ''

2019-07-09 17:19:52 - [TEST_STEP][PASSED] - navigateToUrl("https://apollo-fireball.myshopify.com/?_ab=0&_fd=0&_sc=1&key=96c2edace7b9967f3a77c2e2b131937136039831e9ec35f31598610005fa8795&preview_theme_id=46803124304"): Navigate to 'https://apollo-fireball.myshopify.com/?_ab=0&_fd=0&_sc=1&key=96c2edace7b9967f3a77c2e2b131937136039831e9ec35f31598610005fa8795&preview_theme_id=46803124304' successfully

2019-07-09 17:19:54 - [MESSAGE][PASSED] - Navigate to 'https://apollo-fireball.myshopify.com/?_ab=0&_fd=0&_sc=1&key=96c2edace7b9967f3a77c2e2b131937136039831e9ec35f31598610005fa8795&preview_theme_id=46803124304' successfully

2019-07-09 17:19:54 - [TEST_STEP][PASSED] - executeJavaScript("var previewBar = document.getElementById("preview-bar-iframe"); previewBar.style.display = "none";", []): Execute JavaScript 'var previewBar = document.getElementById("preview-bar-iframe"); previewBar.style.display = "none";' successfully

2019-07-09 17:19:54 - [MESSAGE][PASSED] - Execute JavaScript 'var previewBar = document.getElementById("preview-bar-iframe"); previewBar.style.display = "none";' successfully

2019-07-09 17:19:54 - [TEST_STEP][PASSED] - maximizeWindow(): Current window maximized

2019-07-09 17:19:55 - [MESSAGE][PASSED] - Current window maximized

2019-07-09 17:19:55 - [MESSAGE][PASSED] - Call Test Case 'Test Cases/CALL - URL' successfully

2019-07-09 17:19:55 - [TEST_STEP][PASSED] - delay(2): Delayed 2 second(s)

2019-07-09 17:19:57 - [MESSAGE][PASSED] - Delayed 2 second(s)

2019-07-09 17:19:57 - [TEST_STEP][PASSED] - click(findTestObject("APOLLO- Desktop/Burger Menu/Burgermenu")): Object: 'Object Repository/APOLLO- Desktop/Burger Menu/Burgermenu' is clicked on

2019-07-09 17:19:57 - [MESSAGE][PASSED] - Object: 'Object Repository/APOLLO- Desktop/Burger Menu/Burgermenu' is clicked on

2019-07-09 17:19:57 - [TEST_STEP][PASSED] - delay(2): Delayed 2 second(s)

2019-07-09 17:19:59 - [MESSAGE][PASSED] - Delayed 2 second(s)

2019-07-09 17:19:59 - [TEST_STEP][PASSED] - click(findTestObject("APOLLO- Desktop/Burger Menu/Shop food")): Object: 'Object Repository/APOLLO- Desktop/Burger Menu/Shop food' is clicked on

2019-07-09 17:19:59 - [MESSAGE][PASSED] - Object: 'Object Repository/APOLLO- Desktop/Burger Menu/Shop food' is clicked on

2019-07-09 17:19:59 - [TEST_STEP][PASSED] - delay(2): Delayed 2 second(s)

2019-07-09 17:20:01 - [MESSAGE][PASSED] - Delayed 2 second(s)

2019-07-09 17:20:01 - [TEST_STEP][PASSED] - click(findTestObject("APOLLO- Desktop/Burger Menu/Beef")): Object: 'Object Repository/APOLLO- Desktop/Burger Menu/Beef' is clicked on

2019-07-09 17:20:03 - [MESSAGE][PASSED] - Object: 'Object Repository/APOLLO- Desktop/Burger Menu/Beef' is clicked on

2019-07-09 17:20:03 - [TEST_STEP][PASSED] - delay(2): Delayed 2 second(s)

2019-07-09 17:20:05 - [MESSAGE][PASSED] - Delayed 2 second(s)

2019-07-09 17:20:05 - [TEST_STEP][PASSED] - executeJavaScript("var previewBar = document.getElementById("preview-bar-iframe"); previewBar.style.display = "none";", []): Execute JavaScript 'var previewBar = document.getElementById("preview-bar-iframe"); previewBar.style.display = "none";' successfully

2019-07-09 17:20:05 - [MESSAGE][PASSED] - Execute JavaScript 'var previewBar = document.getElementById("preview-bar-iframe"); previewBar.style.display = "none";' successfully

2019-07-09 17:20:05 - [TEST_STEP][PASSED] - delay(2): Delayed 2 second(s)

2019-07-09 17:20:07 - [MESSAGE][PASSED] - Delayed 2 second(s)

2019-07-09 17:20:07 - [TEST_STEP][PASSED] - click(findTestObject("APOLLO- Desktop/Collection page/Beef skewers")): Object: 'Object Repository/APOLLO- Desktop/Collection page/Beef skewers' is clicked on

2019-07-09 17:20:08 - [MESSAGE][PASSED] - Object: 'Object Repository/APOLLO- Desktop/Collection page/Beef skewers' is clicked on

2019-07-09 17:20:08 - [TEST_STEP][PASSED] - executeJavaScript("var previewBar = document.getElementById("preview-bar-iframe"); previewBar.style.display = "none";", []): Execute JavaScript 'var previewBar = document.getElementById("preview-bar-iframe"); previewBar.style.display = "none";' successfully

2019-07-09 17:20:08 - [MESSAGE][PASSED] - Execute JavaScript 'var previewBar = document.getElementById("preview-bar-iframe"); previewBar.style.display = "none";' successfully

2019-07-09 17:20:08 - [TEST_STEP][PASSED] - delay(2): Delayed 2 second(s)

2019-07-09 17:20:10 - [MESSAGE][PASSED] - Delayed 2 second(s)

2019-07-09 17:20:10 - [TEST_STEP][PASSED] - scrollToElement(findTestObject("APOLLO- Desktop/Product page/Add to bag"), 0): Scroll to object 'Object Repository/APOLLO- Desktop/Product page/Add to bag' successfully

2019-07-09 17:20:10 - [MESSAGE][WARNING] - Timeout '0' is invalid. Using default page load timeout: '30'

2019-07-09 17:20:10 - [MESSAGE][PASSED] - Scroll to object 'Object Repository/APOLLO- Desktop/Product page/Add to bag' successfully

2019-07-09 17:20:10 - [TEST_STEP][PASSED] - delay(2): Delayed 2 second(s)

2019-07-09 17:20:12 - [MESSAGE][PASSED] - Delayed 2 second(s)

2019-07-09 17:20:12 - [TEST_STEP][PASSED] - click(findTestObject("APOLLO- Desktop/Product page/facebook icon")): Object: 'Object Repository/APOLLO- Desktop/Product page/facebook icon' is clicked on

2019-07-09 17:20:24 - [MESSAGE][PASSED] - Object: 'Object Repository/APOLLO- Desktop/Product page/facebook icon' is clicked on

2019-07-09 17:20:24 - [TEST_STEP][PASSED] - delay(2): Delayed 2 second(s)

2019-07-09 17:20:26 - [MESSAGE][PASSED] - Delayed 2 second(s)

2019-07-09 17:20:26 - [TEST_STEP][PASSED] - click(findTestObject("APOLLO- Desktop/Product page/twitter icon")): Object: 'Object Repository/APOLLO- Desktop/Product page/twitter icon' is clicked on

2019-07-09 17:20:26 - [MESSAGE][PASSED] - Object: 'Object Repository/APOLLO- Desktop/Product page/twitter icon' is clicked on

2019-07-09 17:20:26 - [TEST_STEP][PASSED] - delay(2): Delayed 2 second(s)

2019-07-09 17:20:28 - [MESSAGE][PASSED] - Delayed 2 second(s)

2019-07-09 17:20:28 - [TEST_STEP][PASSED] - click(findTestObject("APOLLO- Desktop/Product page/pintrest")): Object: 'Object Repository/APOLLO- Desktop/Product page/pintrest' is clicked on

2019-07-09 17:20:28 - [MESSAGE][PASSED] - Object: 'Object Repository/APOLLO- Desktop/Product page/pintrest' is clicked on

2019-07-09 17:20:28 - [TEST_STEP][PASSED] - delay(2): Delayed 2 second(s)

2019-07-09 17:20:30 - [MESSAGE][PASSED] - Delayed 2 second(s)

2019-07-09 17:20:30 - [TEST_STEP][PASSED] - click(findTestObject("APOLLO- Desktop/Product page/mailbox")): Object: 'Object Repository/APOLLO- Desktop/Product page/mailbox' is clicked on

2019-07-09 17:20:30 - [MESSAGE][PASSED] - Object: 'Object Repository/APOLLO- Desktop/Product page/mailbox' is clicked on]]></system-out>
         <system-err><![CDATA[]]></system-err>
      </testcase>
      <testcase name="Test Cases/PRODUCT PAGE/Product chevron dropdowns" classname="Test Cases/PRODUCT PAGE/Product chevron dropdowns" status="FAILED">
         <failure type="FAILED" message="Test Cases/PRODUCT PAGE/Product chevron dropdowns FAILED.
Reason:
com.kms.katalon.core.exception.StepFailedException: Unable to click on object 'Object Repository/APOLLO- Desktop/Product page/Details chevron open' (Root cause: org.openqa.selenium.WebDriverException: 
Build info: version: '3.7.1', revision: '8a0099a', time: '2017-11-06T21:07:36.161Z'
System info: host: 'sumans-MacBook-Pro.local', ip: 'fe80:0:0:0:47c:ca88:4245:b7a7%en0', os.name: 'Mac OS X', os.arch: 'x86_64', os.version: '10.13.6', java.version: '1.8.0_181'
Driver info: com.kms.katalon.selenium.driver.CSafariDriver
Capabilities {acceptInsecureCerts: false, browserName: Safari, browserVersion: 12.1, javascriptEnabled: true, platform: MAC, platformName: MAC, safari:automaticInspection: false, safari:automaticProfiling: false, safari:diagnose: false, setWindowRect: true, strictFileInteractability: false, webkit:WebRTC: {DisableICECandidateFiltering: false, DisableInsecureMediaCapture: false}}
Session ID: BE141EBC-8BE0-4076-B35B-92FCBF49D6D5)
	at com.kms.katalon.core.keyword.internal.KeywordMain.stepFailed(KeywordMain.groovy:36)
	at com.kms.katalon.core.webui.keyword.internal.WebUIKeywordMain.stepFailed(WebUIKeywordMain.groovy:65)
	at com.kms.katalon.core.webui.keyword.internal.WebUIKeywordMain.runKeyword(WebUIKeywordMain.groovy:27)
	at com.kms.katalon.core.webui.keyword.builtin.ClickKeyword.click(ClickKeyword.groovy:86)
	at com.kms.katalon.core.webui.keyword.builtin.ClickKeyword.execute(ClickKeyword.groovy:67)
	at com.kms.katalon.core.keyword.internal.KeywordExecutor.executeKeywordForPlatform(KeywordExecutor.groovy:53)
	at com.kms.katalon.core.webui.keyword.WebUiBuiltInKeywords.click(WebUiBuiltInKeywords.groovy:616)
	at com.kms.katalon.core.webui.keyword.WebUiBuiltInKeywords$click$3.call(Unknown Source)
	at Product chevron dropdowns.run(Product chevron dropdowns:44)
	at com.kms.katalon.core.main.ScriptEngine.run(ScriptEngine.java:194)
	at com.kms.katalon.core.main.ScriptEngine.runScriptAsRawText(ScriptEngine.java:119)
	at com.kms.katalon.core.main.TestCaseExecutor.runScript(TestCaseExecutor.java:328)
	at com.kms.katalon.core.main.TestCaseExecutor.doExecute(TestCaseExecutor.java:319)
	at com.kms.katalon.core.main.TestCaseExecutor.processExecutionPhase(TestCaseExecutor.java:298)
	at com.kms.katalon.core.main.TestCaseExecutor.accessMainPhase(TestCaseExecutor.java:290)
	at com.kms.katalon.core.main.TestCaseExecutor.execute(TestCaseExecutor.java:224)
	at com.kms.katalon.core.main.TestSuiteExecutor.accessTestCaseMainPhase(TestSuiteExecutor.java:129)
	at com.kms.katalon.core.main.TestSuiteExecutor.accessTestSuiteMainPhase(TestSuiteExecutor.java:112)
	at com.kms.katalon.core.main.TestSuiteExecutor.execute(TestSuiteExecutor.java:81)
	at com.kms.katalon.core.main.TestCaseMain.startTestSuite(TestCaseMain.java:149)
	at com.kms.katalon.core.main.TestCaseMain$startTestSuite$0.call(Unknown Source)
	at TempTestSuite1562706763156.run(TempTestSuite1562706763156.groovy:36)
"/>
         <system-out><![CDATA[2019-07-09 17:20:30 - [TEST_CASE][FAILED] - Test Cases/PRODUCT PAGE/Product chevron dropdowns: Test Cases/PRODUCT PAGE/Product chevron dropdowns FAILED.
Reason:
com.kms.katalon.core.exception.StepFailedException: Unable to click on object 'Object Repository/APOLLO- Desktop/Product page/Details chevron open' (Root cause: org.openqa.selenium.WebDriverException: 
Build info: version: '3.7.1', revision: '8a0099a', time: '2017-11-06T21:07:36.161Z'
System info: host: 'sumans-MacBook-Pro.local', ip: 'fe80:0:0:0:47c:ca88:4245:b7a7%en0', os.name: 'Mac OS X', os.arch: 'x86_64', os.version: '10.13.6', java.version: '1.8.0_181'
Driver info: com.kms.katalon.selenium.driver.CSafariDriver
Capabilities {acceptInsecureCerts: false, browserName: Safari, browserVersion: 12.1, javascriptEnabled: true, platform: MAC, platformName: MAC, safari:automaticInspection: false, safari:automaticProfiling: false, safari:diagnose: false, setWindowRect: true, strictFileInteractability: false, webkit:WebRTC: {DisableICECandidateFiltering: false, DisableInsecureMediaCapture: false}}
Session ID: BE141EBC-8BE0-4076-B35B-92FCBF49D6D5)
	at com.kms.katalon.core.keyword.internal.KeywordMain.stepFailed(KeywordMain.groovy:36)
	at com.kms.katalon.core.webui.keyword.internal.WebUIKeywordMain.stepFailed(WebUIKeywordMain.groovy:65)
	at com.kms.katalon.core.webui.keyword.internal.WebUIKeywordMain.runKeyword(WebUIKeywordMain.groovy:27)
	at com.kms.katalon.core.webui.keyword.builtin.ClickKeyword.click(ClickKeyword.groovy:86)
	at com.kms.katalon.core.webui.keyword.builtin.ClickKeyword.execute(ClickKeyword.groovy:67)
	at com.kms.katalon.core.keyword.internal.KeywordExecutor.executeKeywordForPlatform(KeywordExecutor.groovy:53)
	at com.kms.katalon.core.webui.keyword.WebUiBuiltInKeywords.click(WebUiBuiltInKeywords.groovy:616)
	at com.kms.katalon.core.webui.keyword.WebUiBuiltInKeywords$click$3.call(Unknown Source)
	at Product chevron dropdowns.run(Product chevron dropdowns:44)
	at com.kms.katalon.core.main.ScriptEngine.run(ScriptEngine.java:194)
	at com.kms.katalon.core.main.ScriptEngine.runScriptAsRawText(ScriptEngine.java:119)
	at com.kms.katalon.core.main.TestCaseExecutor.runScript(TestCaseExecutor.java:328)
	at com.kms.katalon.core.main.TestCaseExecutor.doExecute(TestCaseExecutor.java:319)
	at com.kms.katalon.core.main.TestCaseExecutor.processExecutionPhase(TestCaseExecutor.java:298)
	at com.kms.katalon.core.main.TestCaseExecutor.accessMainPhase(TestCaseExecutor.java:290)
	at com.kms.katalon.core.main.TestCaseExecutor.execute(TestCaseExecutor.java:224)
	at com.kms.katalon.core.main.TestSuiteExecutor.accessTestCaseMainPhase(TestSuiteExecutor.java:129)
	at com.kms.katalon.core.main.TestSuiteExecutor.accessTestSuiteMainPhase(TestSuiteExecutor.java:112)
	at com.kms.katalon.core.main.TestSuiteExecutor.execute(TestSuiteExecutor.java:81)
	at com.kms.katalon.core.main.TestCaseMain.startTestSuite(TestCaseMain.java:149)
	at com.kms.katalon.core.main.TestCaseMain$startTestSuite$0.call(Unknown Source)
	at TempTestSuite1562706763156.run(TempTestSuite1562706763156.groovy:36)


2019-07-09 17:20:30 - [TEST_STEP][PASSED] - callTestCase(findTestCase("CALL - URL"), [:], STOP_ON_FAILURE): Call Test Case 'Test Cases/CALL - URL' successfully

2019-07-09 17:20:30 - [TEST_CASE][PASSED] - Test Cases/CALL - URL: Test Cases/CALL - URL

2019-07-09 17:20:30 - [TEST_STEP][PASSED] - openBrowser(""): Browser is opened with url: ''

2019-07-09 17:20:30 - [MESSAGE][WARNING] - A browser is already opened. Closing browser and opening a new one

2019-07-09 17:20:30 - [MESSAGE][INFO] - Starting 'Safari' driver

2019-07-09 17:20:31 - [MESSAGE][PASSED] - Browser is opened with url: ''

2019-07-09 17:20:31 - [TEST_STEP][PASSED] - navigateToUrl("https://apollo-fireball.myshopify.com/?_ab=0&_fd=0&_sc=1&key=96c2edace7b9967f3a77c2e2b131937136039831e9ec35f31598610005fa8795&preview_theme_id=46803124304"): Navigate to 'https://apollo-fireball.myshopify.com/?_ab=0&_fd=0&_sc=1&key=96c2edace7b9967f3a77c2e2b131937136039831e9ec35f31598610005fa8795&preview_theme_id=46803124304' successfully

2019-07-09 17:20:33 - [MESSAGE][PASSED] - Navigate to 'https://apollo-fireball.myshopify.com/?_ab=0&_fd=0&_sc=1&key=96c2edace7b9967f3a77c2e2b131937136039831e9ec35f31598610005fa8795&preview_theme_id=46803124304' successfully

2019-07-09 17:20:33 - [TEST_STEP][PASSED] - executeJavaScript("var previewBar = document.getElementById("preview-bar-iframe"); previewBar.style.display = "none";", []): Execute JavaScript 'var previewBar = document.getElementById("preview-bar-iframe"); previewBar.style.display = "none";' successfully

2019-07-09 17:20:33 - [MESSAGE][PASSED] - Execute JavaScript 'var previewBar = document.getElementById("preview-bar-iframe"); previewBar.style.display = "none";' successfully

2019-07-09 17:20:33 - [TEST_STEP][PASSED] - maximizeWindow(): Current window maximized

2019-07-09 17:20:33 - [MESSAGE][PASSED] - Current window maximized

2019-07-09 17:20:33 - [MESSAGE][PASSED] - Call Test Case 'Test Cases/CALL - URL' successfully

2019-07-09 17:20:33 - [TEST_STEP][PASSED] - delay(2): Delayed 2 second(s)

2019-07-09 17:20:35 - [MESSAGE][PASSED] - Delayed 2 second(s)

2019-07-09 17:20:35 - [TEST_STEP][PASSED] - click(findTestObject("APOLLO- Desktop/Burger Menu/Burgermenu")): Object: 'Object Repository/APOLLO- Desktop/Burger Menu/Burgermenu' is clicked on

2019-07-09 17:20:35 - [MESSAGE][PASSED] - Object: 'Object Repository/APOLLO- Desktop/Burger Menu/Burgermenu' is clicked on

2019-07-09 17:20:35 - [TEST_STEP][PASSED] - delay(2): Delayed 2 second(s)

2019-07-09 17:20:37 - [MESSAGE][PASSED] - Delayed 2 second(s)

2019-07-09 17:20:37 - [TEST_STEP][PASSED] - click(findTestObject("APOLLO- Desktop/Burger Menu/Shop food")): Object: 'Object Repository/APOLLO- Desktop/Burger Menu/Shop food' is clicked on

2019-07-09 17:20:37 - [MESSAGE][PASSED] - Object: 'Object Repository/APOLLO- Desktop/Burger Menu/Shop food' is clicked on

2019-07-09 17:20:37 - [TEST_STEP][PASSED] - delay(2): Delayed 2 second(s)

2019-07-09 17:20:39 - [MESSAGE][PASSED] - Delayed 2 second(s)

2019-07-09 17:20:39 - [TEST_STEP][PASSED] - click(findTestObject("APOLLO- Desktop/Burger Menu/Beef")): Object: 'Object Repository/APOLLO- Desktop/Burger Menu/Beef' is clicked on

2019-07-09 17:20:40 - [MESSAGE][PASSED] - Object: 'Object Repository/APOLLO- Desktop/Burger Menu/Beef' is clicked on

2019-07-09 17:20:40 - [TEST_STEP][PASSED] - delay(2): Delayed 2 second(s)

2019-07-09 17:20:42 - [MESSAGE][PASSED] - Delayed 2 second(s)

2019-07-09 17:20:42 - [TEST_STEP][PASSED] - executeJavaScript("var previewBar = document.getElementById("preview-bar-iframe"); previewBar.style.display = "none";", []): Execute JavaScript 'var previewBar = document.getElementById("preview-bar-iframe"); previewBar.style.display = "none";' successfully

2019-07-09 17:20:42 - [MESSAGE][PASSED] - Execute JavaScript 'var previewBar = document.getElementById("preview-bar-iframe"); previewBar.style.display = "none";' successfully

2019-07-09 17:20:42 - [TEST_STEP][PASSED] - delay(2): Delayed 2 second(s)

2019-07-09 17:20:44 - [MESSAGE][PASSED] - Delayed 2 second(s)

2019-07-09 17:20:44 - [TEST_STEP][PASSED] - click(findTestObject("APOLLO- Desktop/Collection page/Beef skewers")): Object: 'Object Repository/APOLLO- Desktop/Collection page/Beef skewers' is clicked on

2019-07-09 17:20:45 - [MESSAGE][PASSED] - Object: 'Object Repository/APOLLO- Desktop/Collection page/Beef skewers' is clicked on

2019-07-09 17:20:45 - [TEST_STEP][PASSED] - executeJavaScript("var previewBar = document.getElementById("preview-bar-iframe"); previewBar.style.display = "none";", []): Execute JavaScript 'var previewBar = document.getElementById("preview-bar-iframe"); previewBar.style.display = "none";' successfully

2019-07-09 17:20:45 - [MESSAGE][PASSED] - Execute JavaScript 'var previewBar = document.getElementById("preview-bar-iframe"); previewBar.style.display = "none";' successfully

2019-07-09 17:20:45 - [TEST_STEP][PASSED] - delay(2): Delayed 2 second(s)

2019-07-09 17:20:47 - [MESSAGE][PASSED] - Delayed 2 second(s)

2019-07-09 17:20:47 - [TEST_STEP][FAILED] - click(findTestObject("APOLLO- Desktop/Product page/Details chevron open")): click(findTestObject("APOLLO- Desktop/Product page/Details chevron open")) FAILED.
Reason:
com.kms.katalon.core.exception.StepFailedException: Unable to click on object 'Object Repository/APOLLO- Desktop/Product page/Details chevron open' (Root cause: org.openqa.selenium.WebDriverException: 
Build info: version: '3.7.1', revision: '8a0099a', time: '2017-11-06T21:07:36.161Z'
System info: host: 'sumans-MacBook-Pro.local', ip: 'fe80:0:0:0:47c:ca88:4245:b7a7%en0', os.name: 'Mac OS X', os.arch: 'x86_64', os.version: '10.13.6', java.version: '1.8.0_181'
Driver info: com.kms.katalon.selenium.driver.CSafariDriver
Capabilities {acceptInsecureCerts: false, browserName: Safari, browserVersion: 12.1, javascriptEnabled: true, platform: MAC, platformName: MAC, safari:automaticInspection: false, safari:automaticProfiling: false, safari:diagnose: false, setWindowRect: true, strictFileInteractability: false, webkit:WebRTC: {DisableICECandidateFiltering: false, DisableInsecureMediaCapture: false}}
Session ID: BE141EBC-8BE0-4076-B35B-92FCBF49D6D5)
	at com.kms.katalon.core.keyword.internal.KeywordMain.stepFailed(KeywordMain.groovy:36)
	at com.kms.katalon.core.webui.keyword.internal.WebUIKeywordMain.stepFailed(WebUIKeywordMain.groovy:65)
	at com.kms.katalon.core.webui.keyword.internal.WebUIKeywordMain.runKeyword(WebUIKeywordMain.groovy:27)
	at com.kms.katalon.core.webui.keyword.builtin.ClickKeyword.click(ClickKeyword.groovy:86)
	at com.kms.katalon.core.webui.keyword.builtin.ClickKeyword.execute(ClickKeyword.groovy:67)
	at com.kms.katalon.core.keyword.internal.KeywordExecutor.executeKeywordForPlatform(KeywordExecutor.groovy:53)
	at com.kms.katalon.core.webui.keyword.WebUiBuiltInKeywords.click(WebUiBuiltInKeywords.groovy:616)
	at com.kms.katalon.core.webui.keyword.WebUiBuiltInKeywords$click$3.call(Unknown Source)
	at Product chevron dropdowns.run(Product chevron dropdowns:44)
	at com.kms.katalon.core.main.ScriptEngine.run(ScriptEngine.java:194)
	at com.kms.katalon.core.main.ScriptEngine.runScriptAsRawText(ScriptEngine.java:119)
	at com.kms.katalon.core.main.TestCaseExecutor.runScript(TestCaseExecutor.java:328)
	at com.kms.katalon.core.main.TestCaseExecutor.doExecute(TestCaseExecutor.java:319)
	at com.kms.katalon.core.main.TestCaseExecutor.processExecutionPhase(TestCaseExecutor.java:298)
	at com.kms.katalon.core.main.TestCaseExecutor.accessMainPhase(TestCaseExecutor.java:290)
	at com.kms.katalon.core.main.TestCaseExecutor.execute(TestCaseExecutor.java:224)
	at com.kms.katalon.core.main.TestSuiteExecutor.accessTestCaseMainPhase(TestSuiteExecutor.java:129)
	at com.kms.katalon.core.main.TestSuiteExecutor.accessTestSuiteMainPhase(TestSuiteExecutor.java:112)
	at com.kms.katalon.core.main.TestSuiteExecutor.execute(TestSuiteExecutor.java:81)
	at com.kms.katalon.core.main.TestCaseMain.startTestSuite(TestCaseMain.java:149)
	at com.kms.katalon.core.main.TestCaseMain$startTestSuite$0.call(Unknown Source)
	at TempTestSuite1562706763156.run(TempTestSuite1562706763156.groovy:36)


2019-07-09 17:20:47 - [MESSAGE][FAILED] - Unable to click on object 'Object Repository/APOLLO- Desktop/Product page/Details chevron open' (Root cause: org.openqa.selenium.WebDriverException: 
Build info: version: '3.7.1', revision: '8a0099a', time: '2017-11-06T21:07:36.161Z'
System info: host: 'sumans-MacBook-Pro.local', ip: 'fe80:0:0:0:47c:ca88:4245:b7a7%en0', os.name: 'Mac OS X', os.arch: 'x86_64', os.version: '10.13.6', java.version: '1.8.0_181'
Driver info: com.kms.katalon.selenium.driver.CSafariDriver
Capabilities {acceptInsecureCerts: false, browserName: Safari, browserVersion: 12.1, javascriptEnabled: true, platform: MAC, platformName: MAC, safari:automaticInspection: false, safari:automaticProfiling: false, safari:diagnose: false, setWindowRect: true, strictFileInteractability: false, webkit:WebRTC: {DisableICECandidateFiltering: false, DisableInsecureMediaCapture: false}}
Session ID: BE141EBC-8BE0-4076-B35B-92FCBF49D6D5)
[[ATTACHMENT|/Users/sumankompelly/Katalon Studio/APOLLO - FIRE/APOLLO - FIRE- DESKTOP/Reports/0.5.5/20190709_171243/1562707247152.png]]

2019-07-09 17:20:47 - [MESSAGE][FAILED] - click(findTestObject("APOLLO- Desktop/Product page/Details chevron open")) FAILED.
Reason:
com.kms.katalon.core.exception.StepFailedException: Unable to click on object 'Object Repository/APOLLO- Desktop/Product page/Details chevron open' (Root cause: org.openqa.selenium.WebDriverException: 
Build info: version: '3.7.1', revision: '8a0099a', time: '2017-11-06T21:07:36.161Z'
System info: host: 'sumans-MacBook-Pro.local', ip: 'fe80:0:0:0:47c:ca88:4245:b7a7%en0', os.name: 'Mac OS X', os.arch: 'x86_64', os.version: '10.13.6', java.version: '1.8.0_181'
Driver info: com.kms.katalon.selenium.driver.CSafariDriver
Capabilities {acceptInsecureCerts: false, browserName: Safari, browserVersion: 12.1, javascriptEnabled: true, platform: MAC, platformName: MAC, safari:automaticInspection: false, safari:automaticProfiling: false, safari:diagnose: false, setWindowRect: true, strictFileInteractability: false, webkit:WebRTC: {DisableICECandidateFiltering: false, DisableInsecureMediaCapture: false}}
Session ID: BE141EBC-8BE0-4076-B35B-92FCBF49D6D5)
	at com.kms.katalon.core.keyword.internal.KeywordMain.stepFailed(KeywordMain.groovy:36)
	at com.kms.katalon.core.webui.keyword.internal.WebUIKeywordMain.stepFailed(WebUIKeywordMain.groovy:65)
	at com.kms.katalon.core.webui.keyword.internal.WebUIKeywordMain.runKeyword(WebUIKeywordMain.groovy:27)
	at com.kms.katalon.core.webui.keyword.builtin.ClickKeyword.click(ClickKeyword.groovy:86)
	at com.kms.katalon.core.webui.keyword.builtin.ClickKeyword.execute(ClickKeyword.groovy:67)
	at com.kms.katalon.core.keyword.internal.KeywordExecutor.executeKeywordForPlatform(KeywordExecutor.groovy:53)
	at com.kms.katalon.core.webui.keyword.WebUiBuiltInKeywords.click(WebUiBuiltInKeywords.groovy:616)
	at com.kms.katalon.core.webui.keyword.WebUiBuiltInKeywords$click$3.call(Unknown Source)
	at Product chevron dropdowns.run(Product chevron dropdowns:44)
	at com.kms.katalon.core.main.ScriptEngine.run(ScriptEngine.java:194)
	at com.kms.katalon.core.main.ScriptEngine.runScriptAsRawText(ScriptEngine.java:119)
	at com.kms.katalon.core.main.TestCaseExecutor.runScript(TestCaseExecutor.java:328)
	at com.kms.katalon.core.main.TestCaseExecutor.doExecute(TestCaseExecutor.java:319)
	at com.kms.katalon.core.main.TestCaseExecutor.processExecutionPhase(TestCaseExecutor.java:298)
	at com.kms.katalon.core.main.TestCaseExecutor.accessMainPhase(TestCaseExecutor.java:290)
	at com.kms.katalon.core.main.TestCaseExecutor.execute(TestCaseExecutor.java:224)
	at com.kms.katalon.core.main.TestSuiteExecutor.accessTestCaseMainPhase(TestSuiteExecutor.java:129)
	at com.kms.katalon.core.main.TestSuiteExecutor.accessTestSuiteMainPhase(TestSuiteExecutor.java:112)
	at com.kms.katalon.core.main.TestSuiteExecutor.execute(TestSuiteExecutor.java:81)
	at com.kms.katalon.core.main.TestCaseMain.startTestSuite(TestCaseMain.java:149)
	at com.kms.katalon.core.main.TestCaseMain$startTestSuite$0.call(Unknown Source)
	at TempTestSuite1562706763156.run(TempTestSuite1562706763156.groovy:36)]]></system-out>
         <system-err><![CDATA[2019-07-09 17:20:30 - [TEST_CASE][FAILED] - Test Cases/PRODUCT PAGE/Product chevron dropdowns: Test Cases/PRODUCT PAGE/Product chevron dropdowns FAILED.
Reason:
com.kms.katalon.core.exception.StepFailedException: Unable to click on object 'Object Repository/APOLLO- Desktop/Product page/Details chevron open' (Root cause: org.openqa.selenium.WebDriverException: 
Build info: version: '3.7.1', revision: '8a0099a', time: '2017-11-06T21:07:36.161Z'
System info: host: 'sumans-MacBook-Pro.local', ip: 'fe80:0:0:0:47c:ca88:4245:b7a7%en0', os.name: 'Mac OS X', os.arch: 'x86_64', os.version: '10.13.6', java.version: '1.8.0_181'
Driver info: com.kms.katalon.selenium.driver.CSafariDriver
Capabilities {acceptInsecureCerts: false, browserName: Safari, browserVersion: 12.1, javascriptEnabled: true, platform: MAC, platformName: MAC, safari:automaticInspection: false, safari:automaticProfiling: false, safari:diagnose: false, setWindowRect: true, strictFileInteractability: false, webkit:WebRTC: {DisableICECandidateFiltering: false, DisableInsecureMediaCapture: false}}
Session ID: BE141EBC-8BE0-4076-B35B-92FCBF49D6D5)
	at com.kms.katalon.core.keyword.internal.KeywordMain.stepFailed(KeywordMain.groovy:36)
	at com.kms.katalon.core.webui.keyword.internal.WebUIKeywordMain.stepFailed(WebUIKeywordMain.groovy:65)
	at com.kms.katalon.core.webui.keyword.internal.WebUIKeywordMain.runKeyword(WebUIKeywordMain.groovy:27)
	at com.kms.katalon.core.webui.keyword.builtin.ClickKeyword.click(ClickKeyword.groovy:86)
	at com.kms.katalon.core.webui.keyword.builtin.ClickKeyword.execute(ClickKeyword.groovy:67)
	at com.kms.katalon.core.keyword.internal.KeywordExecutor.executeKeywordForPlatform(KeywordExecutor.groovy:53)
	at com.kms.katalon.core.webui.keyword.WebUiBuiltInKeywords.click(WebUiBuiltInKeywords.groovy:616)
	at com.kms.katalon.core.webui.keyword.WebUiBuiltInKeywords$click$3.call(Unknown Source)
	at Product chevron dropdowns.run(Product chevron dropdowns:44)
	at com.kms.katalon.core.main.ScriptEngine.run(ScriptEngine.java:194)
	at com.kms.katalon.core.main.ScriptEngine.runScriptAsRawText(ScriptEngine.java:119)
	at com.kms.katalon.core.main.TestCaseExecutor.runScript(TestCaseExecutor.java:328)
	at com.kms.katalon.core.main.TestCaseExecutor.doExecute(TestCaseExecutor.java:319)
	at com.kms.katalon.core.main.TestCaseExecutor.processExecutionPhase(TestCaseExecutor.java:298)
	at com.kms.katalon.core.main.TestCaseExecutor.accessMainPhase(TestCaseExecutor.java:290)
	at com.kms.katalon.core.main.TestCaseExecutor.execute(TestCaseExecutor.java:224)
	at com.kms.katalon.core.main.TestSuiteExecutor.accessTestCaseMainPhase(TestSuiteExecutor.java:129)
	at com.kms.katalon.core.main.TestSuiteExecutor.accessTestSuiteMainPhase(TestSuiteExecutor.java:112)
	at com.kms.katalon.core.main.TestSuiteExecutor.execute(TestSuiteExecutor.java:81)
	at com.kms.katalon.core.main.TestCaseMain.startTestSuite(TestCaseMain.java:149)
	at com.kms.katalon.core.main.TestCaseMain$startTestSuite$0.call(Unknown Source)
	at TempTestSuite1562706763156.run(TempTestSuite1562706763156.groovy:36)]]></system-err>
      </testcase>
      <testcase name="Test Cases/PRODUCT PAGE/You might also like" classname="Test Cases/PRODUCT PAGE/You might also like" status="PASSED">
         <system-out><![CDATA[2019-07-09 17:20:47 - [TEST_CASE][PASSED] - Test Cases/PRODUCT PAGE/You might also like: Test Cases/PRODUCT PAGE/You might also like

2019-07-09 17:20:47 - [TEST_STEP][PASSED] - callTestCase(findTestCase("CALL - URL"), [:], STOP_ON_FAILURE): Call Test Case 'Test Cases/CALL - URL' successfully

2019-07-09 17:20:47 - [TEST_CASE][PASSED] - Test Cases/CALL - URL: Test Cases/CALL - URL

2019-07-09 17:20:47 - [TEST_STEP][PASSED] - openBrowser(""): Browser is opened with url: ''

2019-07-09 17:20:47 - [MESSAGE][WARNING] - A browser is already opened. Closing browser and opening a new one

2019-07-09 17:20:47 - [MESSAGE][INFO] - Starting 'Safari' driver

2019-07-09 17:20:48 - [MESSAGE][PASSED] - Browser is opened with url: ''

2019-07-09 17:20:48 - [TEST_STEP][PASSED] - navigateToUrl("https://apollo-fireball.myshopify.com/?_ab=0&_fd=0&_sc=1&key=96c2edace7b9967f3a77c2e2b131937136039831e9ec35f31598610005fa8795&preview_theme_id=46803124304"): Navigate to 'https://apollo-fireball.myshopify.com/?_ab=0&_fd=0&_sc=1&key=96c2edace7b9967f3a77c2e2b131937136039831e9ec35f31598610005fa8795&preview_theme_id=46803124304' successfully

2019-07-09 17:20:49 - [MESSAGE][PASSED] - Navigate to 'https://apollo-fireball.myshopify.com/?_ab=0&_fd=0&_sc=1&key=96c2edace7b9967f3a77c2e2b131937136039831e9ec35f31598610005fa8795&preview_theme_id=46803124304' successfully

2019-07-09 17:20:49 - [TEST_STEP][PASSED] - executeJavaScript("var previewBar = document.getElementById("preview-bar-iframe"); previewBar.style.display = "none";", []): Execute JavaScript 'var previewBar = document.getElementById("preview-bar-iframe"); previewBar.style.display = "none";' successfully

2019-07-09 17:20:49 - [MESSAGE][PASSED] - Execute JavaScript 'var previewBar = document.getElementById("preview-bar-iframe"); previewBar.style.display = "none";' successfully

2019-07-09 17:20:49 - [TEST_STEP][PASSED] - maximizeWindow(): Current window maximized

2019-07-09 17:20:49 - [MESSAGE][PASSED] - Current window maximized

2019-07-09 17:20:49 - [MESSAGE][PASSED] - Call Test Case 'Test Cases/CALL - URL' successfully

2019-07-09 17:20:49 - [TEST_STEP][PASSED] - delay(2): Delayed 2 second(s)

2019-07-09 17:20:51 - [MESSAGE][PASSED] - Delayed 2 second(s)

2019-07-09 17:20:51 - [TEST_STEP][PASSED] - click(findTestObject("APOLLO- Desktop/Burger Menu/Burgermenu")): Object: 'Object Repository/APOLLO- Desktop/Burger Menu/Burgermenu' is clicked on

2019-07-09 17:20:52 - [MESSAGE][PASSED] - Object: 'Object Repository/APOLLO- Desktop/Burger Menu/Burgermenu' is clicked on

2019-07-09 17:20:52 - [TEST_STEP][PASSED] - delay(2): Delayed 2 second(s)

2019-07-09 17:20:54 - [MESSAGE][PASSED] - Delayed 2 second(s)

2019-07-09 17:20:54 - [TEST_STEP][PASSED] - click(findTestObject("APOLLO- Desktop/Burger Menu/Shop food")): Object: 'Object Repository/APOLLO- Desktop/Burger Menu/Shop food' is clicked on

2019-07-09 17:20:54 - [MESSAGE][PASSED] - Object: 'Object Repository/APOLLO- Desktop/Burger Menu/Shop food' is clicked on

2019-07-09 17:20:54 - [TEST_STEP][PASSED] - delay(2): Delayed 2 second(s)

2019-07-09 17:20:56 - [MESSAGE][PASSED] - Delayed 2 second(s)

2019-07-09 17:20:56 - [TEST_STEP][PASSED] - click(findTestObject("APOLLO- Desktop/Burger Menu/Beef")): Object: 'Object Repository/APOLLO- Desktop/Burger Menu/Beef' is clicked on

2019-07-09 17:21:00 - [MESSAGE][PASSED] - Object: 'Object Repository/APOLLO- Desktop/Burger Menu/Beef' is clicked on

2019-07-09 17:21:00 - [TEST_STEP][PASSED] - delay(2): Delayed 2 second(s)

2019-07-09 17:21:02 - [MESSAGE][PASSED] - Delayed 2 second(s)

2019-07-09 17:21:02 - [TEST_STEP][PASSED] - executeJavaScript("var previewBar = document.getElementById("preview-bar-iframe"); previewBar.style.display = "none";", []): Execute JavaScript 'var previewBar = document.getElementById("preview-bar-iframe"); previewBar.style.display = "none";' successfully

2019-07-09 17:21:02 - [MESSAGE][PASSED] - Execute JavaScript 'var previewBar = document.getElementById("preview-bar-iframe"); previewBar.style.display = "none";' successfully

2019-07-09 17:21:02 - [TEST_STEP][PASSED] - delay(2): Delayed 2 second(s)

2019-07-09 17:21:04 - [MESSAGE][PASSED] - Delayed 2 second(s)

2019-07-09 17:21:04 - [TEST_STEP][PASSED] - click(findTestObject("APOLLO- Desktop/Collection page/Beef skewers")): Object: 'Object Repository/APOLLO- Desktop/Collection page/Beef skewers' is clicked on

2019-07-09 17:21:06 - [MESSAGE][PASSED] - Object: 'Object Repository/APOLLO- Desktop/Collection page/Beef skewers' is clicked on

2019-07-09 17:21:06 - [TEST_STEP][PASSED] - executeJavaScript("var previewBar = document.getElementById("preview-bar-iframe"); previewBar.style.display = "none";", []): Execute JavaScript 'var previewBar = document.getElementById("preview-bar-iframe"); previewBar.style.display = "none";' successfully

2019-07-09 17:21:06 - [MESSAGE][PASSED] - Execute JavaScript 'var previewBar = document.getElementById("preview-bar-iframe"); previewBar.style.display = "none";' successfully

2019-07-09 17:21:06 - [TEST_STEP][PASSED] - delay(2): Delayed 2 second(s)

2019-07-09 17:21:08 - [MESSAGE][PASSED] - Delayed 2 second(s)

2019-07-09 17:21:08 - [TEST_STEP][PASSED] - click(findTestObject("APOLLO- Desktop/Product page/You might alos like/you might also like")): Object: 'Object Repository/APOLLO- Desktop/Product page/You might alos like/you might also like' is clicked on

2019-07-09 17:21:11 - [MESSAGE][PASSED] - Object: 'Object Repository/APOLLO- Desktop/Product page/You might alos like/you might also like' is clicked on

2019-07-09 17:21:11 - [TEST_STEP][PASSED] - delay(2): Delayed 2 second(s)

2019-07-09 17:21:13 - [MESSAGE][PASSED] - Delayed 2 second(s)

2019-07-09 17:21:13 - [TEST_STEP][PASSED] - click(findTestObject("APOLLO- Desktop/Product page/You might alos like/Next button")): Object: 'Object Repository/APOLLO- Desktop/Product page/You might alos like/Next button' is clicked on

2019-07-09 17:21:13 - [MESSAGE][PASSED] - Object: 'Object Repository/APOLLO- Desktop/Product page/You might alos like/Next button' is clicked on

2019-07-09 17:21:13 - [TEST_STEP][PASSED] - delay(2): Delayed 2 second(s)

2019-07-09 17:21:15 - [MESSAGE][PASSED] - Delayed 2 second(s)

2019-07-09 17:21:15 - [TEST_STEP][PASSED] - click(findTestObject("APOLLO- Desktop/Product page/You might alos like/Previous button")): Object: 'Object Repository/APOLLO- Desktop/Product page/You might alos like/Previous button' is clicked on

2019-07-09 17:21:15 - [MESSAGE][PASSED] - Object: 'Object Repository/APOLLO- Desktop/Product page/You might alos like/Previous button' is clicked on

2019-07-09 17:21:15 - [TEST_STEP][PASSED] - delay(2): Delayed 2 second(s)

2019-07-09 17:21:17 - [MESSAGE][PASSED] - Delayed 2 second(s)

2019-07-09 17:21:17 - [TEST_STEP][PASSED] - click(findTestObject("APOLLO- Desktop/Product page/You might alos like/Product tile")): Object: 'Object Repository/APOLLO- Desktop/Product page/You might alos like/Product tile' is clicked on

2019-07-09 17:21:18 - [MESSAGE][PASSED] - Object: 'Object Repository/APOLLO- Desktop/Product page/You might alos like/Product tile' is clicked on

2019-07-09 17:21:18 - [TEST_STEP][PASSED] - delay(2): Delayed 2 second(s)

2019-07-09 17:21:20 - [MESSAGE][PASSED] - Delayed 2 second(s)

2019-07-09 17:21:20 - [TEST_STEP][PASSED] - click(findTestObject("APOLLO- Desktop/Product page/Add to bag")): Object: 'Object Repository/APOLLO- Desktop/Product page/Add to bag' is clicked on

2019-07-09 17:21:22 - [MESSAGE][PASSED] - Object: 'Object Repository/APOLLO- Desktop/Product page/Add to bag' is clicked on

2019-07-09 17:21:22 - [TEST_STEP][PASSED] - delay(2): Delayed 2 second(s)

2019-07-09 17:21:24 - [MESSAGE][PASSED] - Delayed 2 second(s)

2019-07-09 17:21:24 - [TEST_STEP][PASSED] - executeJavaScript("var previewBar = document.getElementById("preview-bar-iframe"); previewBar.style.display = "none";", []): Execute JavaScript 'var previewBar = document.getElementById("preview-bar-iframe"); previewBar.style.display = "none";' successfully

2019-07-09 17:21:24 - [MESSAGE][PASSED] - Execute JavaScript 'var previewBar = document.getElementById("preview-bar-iframe"); previewBar.style.display = "none";' successfully

2019-07-09 17:21:24 - [TEST_STEP][PASSED] - click(findTestObject("APOLLO- Desktop/Cart flyout/Checkout")): Object: 'Object Repository/APOLLO- Desktop/Cart flyout/Checkout' is clicked on

2019-07-09 17:21:24 - [MESSAGE][PASSED] - Object: 'Object Repository/APOLLO- Desktop/Cart flyout/Checkout' is clicked on

2019-07-09 17:21:24 - [TEST_STEP][PASSED] - callTestCase(findTestCase("CALL- CUSTOMER INFO PAGE"), [:], STOP_ON_FAILURE): Call Test Case 'Test Cases/CALL- CUSTOMER INFO PAGE' successfully

2019-07-09 17:21:24 - [TEST_CASE][PASSED] - Test Cases/CALL- CUSTOMER INFO PAGE: Test Cases/CALL- CUSTOMER INFO PAGE

2019-07-09 17:21:24 - [TEST_STEP][PASSED] - delay(2): Delayed 2 second(s)

2019-07-09 17:21:26 - [MESSAGE][PASSED] - Delayed 2 second(s)

2019-07-09 17:21:26 - [TEST_STEP][PASSED] - executeJavaScript("var previewBar = document.getElementById("preview-bar-iframe"); previewBar.style.display = "none";", []): Execute JavaScript 'var previewBar = document.getElementById("preview-bar-iframe"); previewBar.style.display = "none";' successfully

2019-07-09 17:21:27 - [MESSAGE][PASSED] - Execute JavaScript 'var previewBar = document.getElementById("preview-bar-iframe"); previewBar.style.display = "none";' successfully

2019-07-09 17:21:27 - [TEST_STEP][PASSED] - setText(findTestObject("APOLLO- Desktop/Customer Information page/Email"), "suman@gmail.com"): Text 'suman@gmail.com' is set on object 'Object Repository/APOLLO- Desktop/Customer Information page/Email'

2019-07-09 17:21:28 - [MESSAGE][PASSED] - Text 'suman@gmail.com' is set on object 'Object Repository/APOLLO- Desktop/Customer Information page/Email'

2019-07-09 17:21:28 - [TEST_STEP][PASSED] - delay(2): Delayed 2 second(s)

2019-07-09 17:21:30 - [MESSAGE][PASSED] - Delayed 2 second(s)

2019-07-09 17:21:30 - [TEST_STEP][PASSED] - setText(findTestObject("APOLLO- Desktop/Customer Information page/First name"), "suman"): Text 'suman' is set on object 'Object Repository/APOLLO- Desktop/Customer Information page/First name'

2019-07-09 17:21:30 - [MESSAGE][PASSED] - Text 'suman' is set on object 'Object Repository/APOLLO- Desktop/Customer Information page/First name'

2019-07-09 17:21:30 - [TEST_STEP][PASSED] - delay(2): Delayed 2 second(s)

2019-07-09 17:21:32 - [MESSAGE][PASSED] - Delayed 2 second(s)

2019-07-09 17:21:32 - [TEST_STEP][PASSED] - setText(findTestObject("APOLLO- Desktop/Customer Information page/Last name"), "kompelly"): Text 'kompelly' is set on object 'Object Repository/APOLLO- Desktop/Customer Information page/Last name'

2019-07-09 17:21:32 - [MESSAGE][PASSED] - Text 'kompelly' is set on object 'Object Repository/APOLLO- Desktop/Customer Information page/Last name'

2019-07-09 17:21:32 - [TEST_STEP][PASSED] - delay(2): Delayed 2 second(s)

2019-07-09 17:21:34 - [MESSAGE][PASSED] - Delayed 2 second(s)

2019-07-09 17:21:34 - [TEST_STEP][PASSED] - setText(findTestObject("APOLLO- Desktop/Customer Information page/Address"), "1435 st alxendre"): Text '1435 st alxendre' is set on object 'Object Repository/APOLLO- Desktop/Customer Information page/Address'

2019-07-09 17:21:35 - [MESSAGE][PASSED] - Text '1435 st alxendre' is set on object 'Object Repository/APOLLO- Desktop/Customer Information page/Address'

2019-07-09 17:21:35 - [TEST_STEP][PASSED] - setText(findTestObject("APOLLO- Desktop/Customer Information page/Apartment"), "220"): Text '220' is set on object 'Object Repository/APOLLO- Desktop/Customer Information page/Apartment'

2019-07-09 17:21:35 - [MESSAGE][PASSED] - Text '220' is set on object 'Object Repository/APOLLO- Desktop/Customer Information page/Apartment'

2019-07-09 17:21:35 - [TEST_STEP][PASSED] - setText(findTestObject("APOLLO- Desktop/Customer Information page/City"), "montreal"): Text 'montreal' is set on object 'Object Repository/APOLLO- Desktop/Customer Information page/City'

2019-07-09 17:21:35 - [MESSAGE][PASSED] - Text 'montreal' is set on object 'Object Repository/APOLLO- Desktop/Customer Information page/City'

2019-07-09 17:21:35 - [TEST_STEP][PASSED] - selectOptionByValue(findTestObject("APOLLO- Desktop/Customer Information page/Country dropdown"), "United States", true): All options with value 'United States' are selected in object 'Object Repository/APOLLO- Desktop/Customer Information page/Country dropdown'  using regular expression

2019-07-09 17:21:38 - [MESSAGE][PASSED] - All options with value 'United States' are selected in object 'Object Repository/APOLLO- Desktop/Customer Information page/Country dropdown'  using regular expression

2019-07-09 17:21:38 - [TEST_STEP][PASSED] - selectOptionByValue(findTestObject("APOLLO- Desktop/Customer Information page/states dropdown"), "NJ", true): All options with value 'NJ' are selected in object 'Object Repository/APOLLO- Desktop/Customer Information page/states dropdown'  using regular expression

2019-07-09 17:21:39 - [MESSAGE][PASSED] - All options with value 'NJ' are selected in object 'Object Repository/APOLLO- Desktop/Customer Information page/states dropdown'  using regular expression

2019-07-09 17:21:39 - [TEST_STEP][PASSED] - setText(findTestObject("APOLLO- Desktop/Customer Information page/ZIP code"), "07057"): Text '07057' is set on object 'Object Repository/APOLLO- Desktop/Customer Information page/ZIP code'

2019-07-09 17:21:39 - [MESSAGE][PASSED] - Text '07057' is set on object 'Object Repository/APOLLO- Desktop/Customer Information page/ZIP code'

2019-07-09 17:21:39 - [MESSAGE][PASSED] - Call Test Case 'Test Cases/CALL- CUSTOMER INFO PAGE' successfully

2019-07-09 17:21:39 - [TEST_STEP][PASSED] - delay(2): Delayed 2 second(s)

2019-07-09 17:21:41 - [MESSAGE][PASSED] - Delayed 2 second(s)

2019-07-09 17:21:41 - [TEST_STEP][PASSED] - callTestCase(findTestCase("CALL - SHIPPING TO PAYMENT"), [:], STOP_ON_FAILURE): Call Test Case 'Test Cases/CALL - SHIPPING TO PAYMENT' successfully

2019-07-09 17:21:41 - [TEST_CASE][PASSED] - Test Cases/CALL - SHIPPING TO PAYMENT: Test Cases/CALL - SHIPPING TO PAYMENT

2019-07-09 17:21:41 - [TEST_STEP][PASSED] - click(findTestObject("APOLLO- Desktop/Customer Information page/Continue to shipping")): Object: 'Object Repository/APOLLO- Desktop/Customer Information page/Continue to shipping' is clicked on

2019-07-09 17:21:41 - [MESSAGE][PASSED] - Object: 'Object Repository/APOLLO- Desktop/Customer Information page/Continue to shipping' is clicked on

2019-07-09 17:21:41 - [TEST_STEP][PASSED] - executeJavaScript("var previewBar = document.getElementById("preview-bar-iframe"); previewBar.style.display = "none";", []): Execute JavaScript 'var previewBar = document.getElementById("preview-bar-iframe"); previewBar.style.display = "none";' successfully

2019-07-09 17:21:41 - [MESSAGE][PASSED] - Execute JavaScript 'var previewBar = document.getElementById("preview-bar-iframe"); previewBar.style.display = "none";' successfully

2019-07-09 17:21:41 - [TEST_STEP][PASSED] - click(findTestObject("APOLLO- Desktop/Shipping page/Radio button check")): Object: 'Object Repository/APOLLO- Desktop/Shipping page/Radio button check' is clicked on

2019-07-09 17:21:45 - [MESSAGE][PASSED] - Object: 'Object Repository/APOLLO- Desktop/Shipping page/Radio button check' is clicked on

2019-07-09 17:21:45 - [TEST_STEP][PASSED] - executeJavaScript("var previewBar = document.getElementById("preview-bar-iframe"); previewBar.style.display = "none";", []): Execute JavaScript 'var previewBar = document.getElementById("preview-bar-iframe"); previewBar.style.display = "none";' successfully

2019-07-09 17:21:45 - [MESSAGE][PASSED] - Execute JavaScript 'var previewBar = document.getElementById("preview-bar-iframe"); previewBar.style.display = "none";' successfully

2019-07-09 17:21:45 - [TEST_STEP][PASSED] - click(findTestObject("APOLLO- Desktop/Shipping page/Continue to payment")): Object: 'Object Repository/APOLLO- Desktop/Shipping page/Continue to payment' is clicked on

2019-07-09 17:21:45 - [MESSAGE][PASSED] - Object: 'Object Repository/APOLLO- Desktop/Shipping page/Continue to payment' is clicked on

2019-07-09 17:21:45 - [TEST_STEP][PASSED] - executeJavaScript("var previewBar = document.getElementById("preview-bar-iframe"); previewBar.style.display = "none";", []): Execute JavaScript 'var previewBar = document.getElementById("preview-bar-iframe"); previewBar.style.display = "none";' successfully

2019-07-09 17:21:45 - [MESSAGE][PASSED] - Execute JavaScript 'var previewBar = document.getElementById("preview-bar-iframe"); previewBar.style.display = "none";' successfully

2019-07-09 17:21:45 - [TEST_STEP][PASSED] - verifyTextPresent("Payment", false): Text 'Payment' is present on page 

2019-07-09 17:21:45 - [MESSAGE][PASSED] - Text 'Payment' is present on page 

2019-07-09 17:21:45 - [MESSAGE][PASSED] - Call Test Case 'Test Cases/CALL - SHIPPING TO PAYMENT' successfully]]></system-out>
         <system-err><![CDATA[]]></system-err>
      </testcase>
      <testcase name="Test Cases/PRODUCT PAGE/Shop all products CTA" classname="Test Cases/PRODUCT PAGE/Shop all products CTA" status="PASSED">
         <system-out><![CDATA[2019-07-09 17:21:45 - [TEST_CASE][PASSED] - Test Cases/PRODUCT PAGE/Shop all products CTA: Test Cases/PRODUCT PAGE/Shop all products CTA

2019-07-09 17:21:45 - [TEST_STEP][PASSED] - callTestCase(findTestCase("CALL - URL"), [:], STOP_ON_FAILURE): Call Test Case 'Test Cases/CALL - URL' successfully

2019-07-09 17:21:45 - [TEST_CASE][PASSED] - Test Cases/CALL - URL: Test Cases/CALL - URL

2019-07-09 17:21:45 - [TEST_STEP][PASSED] - openBrowser(""): Browser is opened with url: ''

2019-07-09 17:21:45 - [MESSAGE][WARNING] - A browser is already opened. Closing browser and opening a new one

2019-07-09 17:21:45 - [MESSAGE][INFO] - Starting 'Safari' driver

2019-07-09 17:21:46 - [MESSAGE][PASSED] - Browser is opened with url: ''

2019-07-09 17:21:46 - [TEST_STEP][PASSED] - navigateToUrl("https://apollo-fireball.myshopify.com/?_ab=0&_fd=0&_sc=1&key=96c2edace7b9967f3a77c2e2b131937136039831e9ec35f31598610005fa8795&preview_theme_id=46803124304"): Navigate to 'https://apollo-fireball.myshopify.com/?_ab=0&_fd=0&_sc=1&key=96c2edace7b9967f3a77c2e2b131937136039831e9ec35f31598610005fa8795&preview_theme_id=46803124304' successfully

2019-07-09 17:21:48 - [MESSAGE][PASSED] - Navigate to 'https://apollo-fireball.myshopify.com/?_ab=0&_fd=0&_sc=1&key=96c2edace7b9967f3a77c2e2b131937136039831e9ec35f31598610005fa8795&preview_theme_id=46803124304' successfully

2019-07-09 17:21:48 - [TEST_STEP][PASSED] - executeJavaScript("var previewBar = document.getElementById("preview-bar-iframe"); previewBar.style.display = "none";", []): Execute JavaScript 'var previewBar = document.getElementById("preview-bar-iframe"); previewBar.style.display = "none";' successfully

2019-07-09 17:21:50 - [MESSAGE][PASSED] - Execute JavaScript 'var previewBar = document.getElementById("preview-bar-iframe"); previewBar.style.display = "none";' successfully

2019-07-09 17:21:50 - [TEST_STEP][PASSED] - maximizeWindow(): Current window maximized

2019-07-09 17:21:50 - [MESSAGE][PASSED] - Current window maximized

2019-07-09 17:21:50 - [MESSAGE][PASSED] - Call Test Case 'Test Cases/CALL - URL' successfully

2019-07-09 17:21:50 - [TEST_STEP][PASSED] - delay(2): Delayed 2 second(s)

2019-07-09 17:21:52 - [MESSAGE][PASSED] - Delayed 2 second(s)

2019-07-09 17:21:52 - [TEST_STEP][PASSED] - click(findTestObject("APOLLO- Desktop/Burger Menu/Burgermenu")): Object: 'Object Repository/APOLLO- Desktop/Burger Menu/Burgermenu' is clicked on

2019-07-09 17:21:52 - [MESSAGE][PASSED] - Object: 'Object Repository/APOLLO- Desktop/Burger Menu/Burgermenu' is clicked on

2019-07-09 17:21:52 - [TEST_STEP][PASSED] - delay(2): Delayed 2 second(s)

2019-07-09 17:21:54 - [MESSAGE][PASSED] - Delayed 2 second(s)

2019-07-09 17:21:54 - [TEST_STEP][PASSED] - click(findTestObject("APOLLO- Desktop/Burger Menu/Shop food")): Object: 'Object Repository/APOLLO- Desktop/Burger Menu/Shop food' is clicked on

2019-07-09 17:21:54 - [MESSAGE][PASSED] - Object: 'Object Repository/APOLLO- Desktop/Burger Menu/Shop food' is clicked on

2019-07-09 17:21:54 - [TEST_STEP][PASSED] - delay(2): Delayed 2 second(s)

2019-07-09 17:21:56 - [MESSAGE][PASSED] - Delayed 2 second(s)

2019-07-09 17:21:56 - [TEST_STEP][PASSED] - click(findTestObject("APOLLO- Desktop/Burger Menu/Beef")): Object: 'Object Repository/APOLLO- Desktop/Burger Menu/Beef' is clicked on

2019-07-09 17:21:56 - [MESSAGE][PASSED] - Object: 'Object Repository/APOLLO- Desktop/Burger Menu/Beef' is clicked on

2019-07-09 17:21:56 - [TEST_STEP][PASSED] - delay(2): Delayed 2 second(s)

2019-07-09 17:21:58 - [MESSAGE][PASSED] - Delayed 2 second(s)

2019-07-09 17:21:58 - [TEST_STEP][PASSED] - executeJavaScript("var previewBar = document.getElementById("preview-bar-iframe"); previewBar.style.display = "none";", []): Execute JavaScript 'var previewBar = document.getElementById("preview-bar-iframe"); previewBar.style.display = "none";' successfully

2019-07-09 17:21:58 - [MESSAGE][PASSED] - Execute JavaScript 'var previewBar = document.getElementById("preview-bar-iframe"); previewBar.style.display = "none";' successfully

2019-07-09 17:21:58 - [TEST_STEP][PASSED] - delay(2): Delayed 2 second(s)

2019-07-09 17:22:00 - [MESSAGE][PASSED] - Delayed 2 second(s)

2019-07-09 17:22:00 - [TEST_STEP][PASSED] - click(findTestObject("APOLLO- Desktop/Collection page/Beef skewers")): Object: 'Object Repository/APOLLO- Desktop/Collection page/Beef skewers' is clicked on

2019-07-09 17:22:01 - [MESSAGE][PASSED] - Object: 'Object Repository/APOLLO- Desktop/Collection page/Beef skewers' is clicked on

2019-07-09 17:22:01 - [TEST_STEP][PASSED] - executeJavaScript("var previewBar = document.getElementById("preview-bar-iframe"); previewBar.style.display = "none";", []): Execute JavaScript 'var previewBar = document.getElementById("preview-bar-iframe"); previewBar.style.display = "none";' successfully

2019-07-09 17:22:01 - [MESSAGE][PASSED] - Execute JavaScript 'var previewBar = document.getElementById("preview-bar-iframe"); previewBar.style.display = "none";' successfully

2019-07-09 17:22:01 - [TEST_STEP][PASSED] - delay(2): Delayed 2 second(s)

2019-07-09 17:22:03 - [MESSAGE][PASSED] - Delayed 2 second(s)

2019-07-09 17:22:03 - [TEST_STEP][PASSED] - click(findTestObject("APOLLO- Desktop/Product page/a_Shop all products")): Object: 'Object Repository/APOLLO- Desktop/Product page/a_Shop all products' is clicked on

2019-07-09 17:22:03 - [MESSAGE][PASSED] - Object: 'Object Repository/APOLLO- Desktop/Product page/a_Shop all products' is clicked on

2019-07-09 17:22:03 - [TEST_STEP][PASSED] - a = getWindowTitle(): Current window's title is: 'Beef Skewers – Apollo Fireball'

2019-07-09 17:22:03 - [MESSAGE][PASSED] - Current window's title is: 'Beef Skewers – Apollo Fireball'

2019-07-09 17:22:03 - [TEST_STEP][PASSED] - comment(" a=" + a):  a=Beef Skewers – Apollo Fireball

2019-07-09 17:22:03 - [MESSAGE][INFO] -  a=Beef Skewers – Apollo Fireball

2019-07-09 17:22:03 - [TEST_STEP][PASSED] - b = "Products – Diff Apollo": null

2019-07-09 17:22:03 - [TEST_STEP][PASSED] - if (a == b): null

2019-07-09 17:22:03 - [TEST_STEP][PASSED] - else: wrong page

2019-07-09 17:22:03 - [TEST_STEP][PASSED] - comment("wrong page"): wrong page

2019-07-09 17:22:03 - [MESSAGE][INFO] - wrong page]]></system-out>
         <system-err><![CDATA[]]></system-err>
      </testcase>
      <testcase name="Test Cases/CRITICAL PATH/Home page - add to bag CTA" classname="Test Cases/CRITICAL PATH/Home page - add to bag CTA" status="PASSED">
         <system-out><![CDATA[2019-07-09 17:22:03 - [TEST_CASE][PASSED] - Test Cases/CRITICAL PATH/Home page - add to bag CTA: Test Cases/CRITICAL PATH/Home page - add to bag CTA

2019-07-09 17:22:04 - [TEST_STEP][PASSED] - callTestCase(findTestCase("CALL - URL"), [:], STOP_ON_FAILURE): Call Test Case 'Test Cases/CALL - URL' successfully

2019-07-09 17:22:04 - [TEST_CASE][PASSED] - Test Cases/CALL - URL: Test Cases/CALL - URL

2019-07-09 17:22:04 - [TEST_STEP][PASSED] - openBrowser(""): Browser is opened with url: ''

2019-07-09 17:22:04 - [MESSAGE][WARNING] - A browser is already opened. Closing browser and opening a new one

2019-07-09 17:22:04 - [MESSAGE][INFO] - Starting 'Safari' driver

2019-07-09 17:22:05 - [MESSAGE][PASSED] - Browser is opened with url: ''

2019-07-09 17:22:05 - [TEST_STEP][PASSED] - navigateToUrl("https://apollo-fireball.myshopify.com/?_ab=0&_fd=0&_sc=1&key=96c2edace7b9967f3a77c2e2b131937136039831e9ec35f31598610005fa8795&preview_theme_id=46803124304"): Navigate to 'https://apollo-fireball.myshopify.com/?_ab=0&_fd=0&_sc=1&key=96c2edace7b9967f3a77c2e2b131937136039831e9ec35f31598610005fa8795&preview_theme_id=46803124304' successfully

2019-07-09 17:22:06 - [MESSAGE][PASSED] - Navigate to 'https://apollo-fireball.myshopify.com/?_ab=0&_fd=0&_sc=1&key=96c2edace7b9967f3a77c2e2b131937136039831e9ec35f31598610005fa8795&preview_theme_id=46803124304' successfully

2019-07-09 17:22:06 - [TEST_STEP][PASSED] - executeJavaScript("var previewBar = document.getElementById("preview-bar-iframe"); previewBar.style.display = "none";", []): Execute JavaScript 'var previewBar = document.getElementById("preview-bar-iframe"); previewBar.style.display = "none";' successfully

2019-07-09 17:22:06 - [MESSAGE][PASSED] - Execute JavaScript 'var previewBar = document.getElementById("preview-bar-iframe"); previewBar.style.display = "none";' successfully

2019-07-09 17:22:06 - [TEST_STEP][PASSED] - maximizeWindow(): Current window maximized

2019-07-09 17:22:06 - [MESSAGE][PASSED] - Current window maximized

2019-07-09 17:22:06 - [MESSAGE][PASSED] - Call Test Case 'Test Cases/CALL - URL' successfully

2019-07-09 17:22:06 - [TEST_STEP][PASSED] - flag = verifyElementClickable(findTestObject("APOLLO- Desktop/Product page/0.5 lb")): Object 'Object Repository/APOLLO- Desktop/Product page/0.5 lb' is clickable

2019-07-09 17:22:07 - [MESSAGE][PASSED] - Object 'Object Repository/APOLLO- Desktop/Product page/0.5 lb' is clickable

2019-07-09 17:22:07 - [TEST_STEP][PASSED] - comment("flag=" + flag): flag=true

2019-07-09 17:22:07 - [MESSAGE][INFO] - flag=true

2019-07-09 17:22:07 - [TEST_STEP][PASSED] - if (flag == true): Object: 'Object Repository/APOLLO- Desktop/Product page/Add to bag' is clicked on

2019-07-09 17:22:07 - [TEST_STEP][PASSED] - click(findTestObject("APOLLO- Desktop/Product page/0.5 lb")): Object: 'Object Repository/APOLLO- Desktop/Product page/0.5 lb' is clicked on

2019-07-09 17:22:09 - [MESSAGE][PASSED] - Object: 'Object Repository/APOLLO- Desktop/Product page/0.5 lb' is clicked on

2019-07-09 17:22:09 - [TEST_STEP][PASSED] - delay(1): Delayed 1 second(s)

2019-07-09 17:22:10 - [MESSAGE][PASSED] - Delayed 1 second(s)

2019-07-09 17:22:10 - [TEST_STEP][PASSED] - a = verifyElementClickable(findTestObject("APOLLO- Desktop/Product page/Add to bag"), CONTINUE_ON_FAILURE): Object 'Object Repository/APOLLO- Desktop/Product page/Add to bag' is clickable

2019-07-09 17:22:10 - [MESSAGE][PASSED] - Object 'Object Repository/APOLLO- Desktop/Product page/Add to bag' is clickable

2019-07-09 17:22:10 - [TEST_STEP][PASSED] - comment("a=" + a): a=true

2019-07-09 17:22:10 - [MESSAGE][INFO] - a=true

2019-07-09 17:22:10 - [TEST_STEP][PASSED] - if (a == true): Object: 'Object Repository/APOLLO- Desktop/Product page/Add to bag' is clicked on

2019-07-09 17:22:10 - [TEST_STEP][PASSED] - click(findTestObject("APOLLO- Desktop/Product page/Add to bag")): Object: 'Object Repository/APOLLO- Desktop/Product page/Add to bag' is clicked on

2019-07-09 17:22:10 - [MESSAGE][PASSED] - Object: 'Object Repository/APOLLO- Desktop/Product page/Add to bag' is clicked on

2019-07-09 17:22:10 - [TEST_STEP][PASSED] - delay(2): Delayed 2 second(s)

2019-07-09 17:22:12 - [MESSAGE][PASSED] - Delayed 2 second(s)

2019-07-09 17:22:12 - [TEST_STEP][PASSED] - click(findTestObject("APOLLO- Desktop/Cart flyout/Cart collapse")): Object: 'Object Repository/APOLLO- Desktop/Cart flyout/Cart collapse' is clicked on

2019-07-09 17:22:12 - [MESSAGE][PASSED] - Object: 'Object Repository/APOLLO- Desktop/Cart flyout/Cart collapse' is clicked on

2019-07-09 17:22:12 - [TEST_STEP][PASSED] - delay(1): Delayed 1 second(s)

2019-07-09 17:22:13 - [MESSAGE][PASSED] - Delayed 1 second(s)

2019-07-09 17:22:13 - [TEST_STEP][PASSED] - flag1 = verifyElementClickable(findTestObject("APOLLO- Desktop/Product page/1 lb")): Object 'Object Repository/APOLLO- Desktop/Product page/1 lb' is clickable

2019-07-09 17:22:13 - [MESSAGE][PASSED] - Object 'Object Repository/APOLLO- Desktop/Product page/1 lb' is clickable

2019-07-09 17:22:13 - [TEST_STEP][PASSED] - comment("flag1=" + flag1): flag1=true

2019-07-09 17:22:13 - [MESSAGE][INFO] - flag1=true

2019-07-09 17:22:13 - [TEST_STEP][PASSED] - if (flag1 == true): Object: 'Object Repository/APOLLO- Desktop/Product page/Add to bag' is clicked on

2019-07-09 17:22:13 - [TEST_STEP][PASSED] - click(findTestObject("APOLLO- Desktop/Product page/1 lb")): Object: 'Object Repository/APOLLO- Desktop/Product page/1 lb' is clicked on

2019-07-09 17:22:13 - [MESSAGE][PASSED] - Object: 'Object Repository/APOLLO- Desktop/Product page/1 lb' is clicked on

2019-07-09 17:22:13 - [TEST_STEP][PASSED] - delay(1): Delayed 1 second(s)

2019-07-09 17:22:14 - [MESSAGE][PASSED] - Delayed 1 second(s)

2019-07-09 17:22:14 - [TEST_STEP][PASSED] - a1 = verifyElementClickable(findTestObject("APOLLO- Desktop/Product page/Add to bag"), CONTINUE_ON_FAILURE): Object 'Object Repository/APOLLO- Desktop/Product page/Add to bag' is clickable

2019-07-09 17:22:14 - [MESSAGE][PASSED] - Object 'Object Repository/APOLLO- Desktop/Product page/Add to bag' is clickable

2019-07-09 17:22:14 - [TEST_STEP][PASSED] - comment("a1=" + a1): a1=true

2019-07-09 17:22:14 - [MESSAGE][INFO] - a1=true

2019-07-09 17:22:14 - [TEST_STEP][PASSED] - if (a1 == true): Object: 'Object Repository/APOLLO- Desktop/Product page/Add to bag' is clicked on

2019-07-09 17:22:14 - [TEST_STEP][PASSED] - click(findTestObject("APOLLO- Desktop/Product page/Add to bag")): Object: 'Object Repository/APOLLO- Desktop/Product page/Add to bag' is clicked on

2019-07-09 17:22:14 - [MESSAGE][PASSED] - Object: 'Object Repository/APOLLO- Desktop/Product page/Add to bag' is clicked on

2019-07-09 17:22:14 - [TEST_STEP][PASSED] - delay(2): Delayed 2 second(s)

2019-07-09 17:22:16 - [MESSAGE][PASSED] - Delayed 2 second(s)

2019-07-09 17:22:16 - [TEST_STEP][PASSED] - click(findTestObject("APOLLO- Desktop/Cart flyout/Cart collapse")): Object: 'Object Repository/APOLLO- Desktop/Cart flyout/Cart collapse' is clicked on

2019-07-09 17:22:16 - [MESSAGE][PASSED] - Object: 'Object Repository/APOLLO- Desktop/Cart flyout/Cart collapse' is clicked on

2019-07-09 17:22:16 - [TEST_STEP][PASSED] - delay(1): Delayed 1 second(s)

2019-07-09 17:22:17 - [MESSAGE][PASSED] - Delayed 1 second(s)

2019-07-09 17:22:17 - [TEST_STEP][PASSED] - flag2 = verifyElementClickable(findTestObject("APOLLO- Desktop/Product page/2 lb")): Object 'Object Repository/APOLLO- Desktop/Product page/2 lb' is clickable

2019-07-09 17:22:17 - [MESSAGE][PASSED] - Object 'Object Repository/APOLLO- Desktop/Product page/2 lb' is clickable

2019-07-09 17:22:17 - [TEST_STEP][PASSED] - comment("flag2=" + flag2): flag2=true

2019-07-09 17:22:17 - [MESSAGE][INFO] - flag2=true

2019-07-09 17:22:17 - [TEST_STEP][PASSED] - if (flag2 == true): Object: 'Object Repository/APOLLO- Desktop/Product page/Add to bag' is clicked on

2019-07-09 17:22:17 - [TEST_STEP][PASSED] - click(findTestObject("APOLLO- Desktop/Product page/2 lb")): Object: 'Object Repository/APOLLO- Desktop/Product page/2 lb' is clicked on

2019-07-09 17:22:17 - [MESSAGE][PASSED] - Object: 'Object Repository/APOLLO- Desktop/Product page/2 lb' is clicked on

2019-07-09 17:22:17 - [TEST_STEP][PASSED] - delay(1): Delayed 1 second(s)

2019-07-09 17:22:18 - [MESSAGE][PASSED] - Delayed 1 second(s)

2019-07-09 17:22:18 - [TEST_STEP][PASSED] - a2 = verifyElementClickable(findTestObject("APOLLO- Desktop/Product page/Add to bag"), CONTINUE_ON_FAILURE): Object 'Object Repository/APOLLO- Desktop/Product page/Add to bag' is clickable

2019-07-09 17:22:18 - [MESSAGE][PASSED] - Object 'Object Repository/APOLLO- Desktop/Product page/Add to bag' is clickable

2019-07-09 17:22:18 - [TEST_STEP][PASSED] - comment("a2=" + a2): a2=true

2019-07-09 17:22:18 - [MESSAGE][INFO] - a2=true

2019-07-09 17:22:18 - [TEST_STEP][PASSED] - if (a2 == true): Object: 'Object Repository/APOLLO- Desktop/Product page/Add to bag' is clicked on

2019-07-09 17:22:18 - [TEST_STEP][PASSED] - click(findTestObject("APOLLO- Desktop/Product page/Add to bag")): Object: 'Object Repository/APOLLO- Desktop/Product page/Add to bag' is clicked on

2019-07-09 17:22:18 - [MESSAGE][PASSED] - Object: 'Object Repository/APOLLO- Desktop/Product page/Add to bag' is clicked on

2019-07-09 17:22:18 - [TEST_STEP][PASSED] - delay(2): Delayed 2 second(s)

2019-07-09 17:22:20 - [MESSAGE][PASSED] - Delayed 2 second(s)

2019-07-09 17:22:20 - [TEST_STEP][PASSED] - click(findTestObject("APOLLO- Desktop/Cart flyout/Cart collapse")): Object: 'Object Repository/APOLLO- Desktop/Cart flyout/Cart collapse' is clicked on

2019-07-09 17:22:21 - [MESSAGE][PASSED] - Object: 'Object Repository/APOLLO- Desktop/Cart flyout/Cart collapse' is clicked on

2019-07-09 17:22:21 - [TEST_STEP][PASSED] - delay(1): Delayed 1 second(s)

2019-07-09 17:22:22 - [MESSAGE][PASSED] - Delayed 1 second(s)

2019-07-09 17:22:22 - [TEST_STEP][PASSED] - flag3 = verifyElementClickable(findTestObject("APOLLO- Desktop/Product page/3 lb")): Object 'Object Repository/APOLLO- Desktop/Product page/3 lb' is clickable

2019-07-09 17:22:22 - [MESSAGE][PASSED] - Object 'Object Repository/APOLLO- Desktop/Product page/3 lb' is clickable

2019-07-09 17:22:22 - [TEST_STEP][PASSED] - comment("flag3=" + flag3): flag3=true

2019-07-09 17:22:22 - [MESSAGE][INFO] - flag3=true

2019-07-09 17:22:22 - [TEST_STEP][PASSED] - if (flag3 == true): Object: 'Object Repository/APOLLO- Desktop/Product page/Add to bag' is clicked on

2019-07-09 17:22:22 - [TEST_STEP][PASSED] - click(findTestObject("APOLLO- Desktop/Product page/3 lb")): Object: 'Object Repository/APOLLO- Desktop/Product page/3 lb' is clicked on

2019-07-09 17:22:22 - [MESSAGE][PASSED] - Object: 'Object Repository/APOLLO- Desktop/Product page/3 lb' is clicked on

2019-07-09 17:22:22 - [TEST_STEP][PASSED] - delay(1): Delayed 1 second(s)

2019-07-09 17:22:23 - [MESSAGE][PASSED] - Delayed 1 second(s)

2019-07-09 17:22:23 - [TEST_STEP][PASSED] - a3 = verifyElementClickable(findTestObject("APOLLO- Desktop/Product page/Add to bag"), CONTINUE_ON_FAILURE): Object 'Object Repository/APOLLO- Desktop/Product page/Add to bag' is clickable

2019-07-09 17:22:23 - [MESSAGE][PASSED] - Object 'Object Repository/APOLLO- Desktop/Product page/Add to bag' is clickable

2019-07-09 17:22:23 - [TEST_STEP][PASSED] - comment("a3=" + a3): a3=true

2019-07-09 17:22:23 - [MESSAGE][INFO] - a3=true

2019-07-09 17:22:23 - [TEST_STEP][PASSED] - if (a3 == true): Object: 'Object Repository/APOLLO- Desktop/Product page/Add to bag' is clicked on

2019-07-09 17:22:23 - [TEST_STEP][PASSED] - click(findTestObject("APOLLO- Desktop/Product page/Add to bag")): Object: 'Object Repository/APOLLO- Desktop/Product page/Add to bag' is clicked on

2019-07-09 17:22:23 - [MESSAGE][PASSED] - Object: 'Object Repository/APOLLO- Desktop/Product page/Add to bag' is clicked on

2019-07-09 17:22:23 - [TEST_STEP][PASSED] - delay(2): Delayed 2 second(s)

2019-07-09 17:22:25 - [MESSAGE][PASSED] - Delayed 2 second(s)

2019-07-09 17:22:25 - [TEST_STEP][PASSED] - delay(1): Delayed 1 second(s)

2019-07-09 17:22:26 - [MESSAGE][PASSED] - Delayed 1 second(s)

2019-07-09 17:22:26 - [TEST_STEP][PASSED] - click(findTestObject("APOLLO- Desktop/Cart flyout/Cart collapse")): Object: 'Object Repository/APOLLO- Desktop/Cart flyout/Cart collapse' is clicked on

2019-07-09 17:22:26 - [MESSAGE][PASSED] - Object: 'Object Repository/APOLLO- Desktop/Cart flyout/Cart collapse' is clicked on

2019-07-09 17:22:26 - [TEST_STEP][PASSED] - delay(1): Delayed 1 second(s)

2019-07-09 17:22:27 - [MESSAGE][PASSED] - Delayed 1 second(s)

2019-07-09 17:22:27 - [TEST_STEP][PASSED] - flag4 = verifyElementClickable(findTestObject("APOLLO- Desktop/Product page/4 lbs")): Object 'Object Repository/APOLLO- Desktop/Product page/4 lbs' is clickable

2019-07-09 17:22:27 - [MESSAGE][PASSED] - Object 'Object Repository/APOLLO- Desktop/Product page/4 lbs' is clickable

2019-07-09 17:22:27 - [TEST_STEP][PASSED] - comment("flag4=" + flag4): flag4=true

2019-07-09 17:22:27 - [MESSAGE][INFO] - flag4=true

2019-07-09 17:22:27 - [TEST_STEP][PASSED] - if (flag4 == true): Object: 'Object Repository/APOLLO- Desktop/Product page/Add to bag' is clicked on

2019-07-09 17:22:27 - [TEST_STEP][PASSED] - click(findTestObject("APOLLO- Desktop/Product page/4 lbs")): Object: 'Object Repository/APOLLO- Desktop/Product page/4 lbs' is clicked on

2019-07-09 17:22:27 - [MESSAGE][PASSED] - Object: 'Object Repository/APOLLO- Desktop/Product page/4 lbs' is clicked on

2019-07-09 17:22:27 - [TEST_STEP][PASSED] - delay(1): Delayed 1 second(s)

2019-07-09 17:22:28 - [MESSAGE][PASSED] - Delayed 1 second(s)

2019-07-09 17:22:28 - [TEST_STEP][PASSED] - a4 = verifyElementClickable(findTestObject("APOLLO- Desktop/Product page/Add to bag"), CONTINUE_ON_FAILURE): Object 'Object Repository/APOLLO- Desktop/Product page/Add to bag' is clickable

2019-07-09 17:22:28 - [MESSAGE][PASSED] - Object 'Object Repository/APOLLO- Desktop/Product page/Add to bag' is clickable

2019-07-09 17:22:28 - [TEST_STEP][PASSED] - comment("a4=" + a4): a4=true

2019-07-09 17:22:28 - [MESSAGE][INFO] - a4=true

2019-07-09 17:22:28 - [TEST_STEP][PASSED] - if (a4 == true): Object: 'Object Repository/APOLLO- Desktop/Product page/Add to bag' is clicked on

2019-07-09 17:22:28 - [TEST_STEP][PASSED] - click(findTestObject("APOLLO- Desktop/Product page/Add to bag")): Object: 'Object Repository/APOLLO- Desktop/Product page/Add to bag' is clicked on

2019-07-09 17:22:28 - [MESSAGE][PASSED] - Object: 'Object Repository/APOLLO- Desktop/Product page/Add to bag' is clicked on

2019-07-09 17:22:28 - [TEST_STEP][PASSED] - click(findTestObject("APOLLO- Desktop/Home page/cart icon open")): Object: 'Object Repository/APOLLO- Desktop/Home page/cart icon open' is clicked on

2019-07-09 17:22:28 - [MESSAGE][PASSED] - Object: 'Object Repository/APOLLO- Desktop/Home page/cart icon open' is clicked on

2019-07-09 17:22:28 - [TEST_STEP][PASSED] - delay(2): Delayed 2 second(s)

2019-07-09 17:22:30 - [MESSAGE][PASSED] - Delayed 2 second(s)

2019-07-09 17:22:30 - [TEST_STEP][PASSED] - click(findTestObject("APOLLO- Desktop/Cart flyout/Checkout")): Object: 'Object Repository/APOLLO- Desktop/Cart flyout/Checkout' is clicked on

2019-07-09 17:22:30 - [MESSAGE][PASSED] - Object: 'Object Repository/APOLLO- Desktop/Cart flyout/Checkout' is clicked on

2019-07-09 17:22:30 - [TEST_STEP][PASSED] - delay(2): Delayed 2 second(s)

2019-07-09 17:22:32 - [MESSAGE][PASSED] - Delayed 2 second(s)

2019-07-09 17:22:32 - [TEST_STEP][PASSED] - callTestCase(findTestCase("CALL- CUSTOMER INFO PAGE"), [:], STOP_ON_FAILURE): Call Test Case 'Test Cases/CALL- CUSTOMER INFO PAGE' successfully

2019-07-09 17:22:32 - [TEST_CASE][PASSED] - Test Cases/CALL- CUSTOMER INFO PAGE: Test Cases/CALL- CUSTOMER INFO PAGE

2019-07-09 17:22:32 - [TEST_STEP][PASSED] - delay(2): Delayed 2 second(s)

2019-07-09 17:22:34 - [MESSAGE][PASSED] - Delayed 2 second(s)

2019-07-09 17:22:34 - [TEST_STEP][PASSED] - executeJavaScript("var previewBar = document.getElementById("preview-bar-iframe"); previewBar.style.display = "none";", []): Execute JavaScript 'var previewBar = document.getElementById("preview-bar-iframe"); previewBar.style.display = "none";' successfully

2019-07-09 17:22:34 - [MESSAGE][PASSED] - Execute JavaScript 'var previewBar = document.getElementById("preview-bar-iframe"); previewBar.style.display = "none";' successfully

2019-07-09 17:22:34 - [TEST_STEP][PASSED] - setText(findTestObject("APOLLO- Desktop/Customer Information page/Email"), "suman@gmail.com"): Text 'suman@gmail.com' is set on object 'Object Repository/APOLLO- Desktop/Customer Information page/Email'

2019-07-09 17:22:35 - [MESSAGE][PASSED] - Text 'suman@gmail.com' is set on object 'Object Repository/APOLLO- Desktop/Customer Information page/Email'

2019-07-09 17:22:35 - [TEST_STEP][PASSED] - delay(2): Delayed 2 second(s)

2019-07-09 17:22:37 - [MESSAGE][PASSED] - Delayed 2 second(s)

2019-07-09 17:22:37 - [TEST_STEP][PASSED] - setText(findTestObject("APOLLO- Desktop/Customer Information page/First name"), "suman"): Text 'suman' is set on object 'Object Repository/APOLLO- Desktop/Customer Information page/First name'

2019-07-09 17:22:37 - [MESSAGE][PASSED] - Text 'suman' is set on object 'Object Repository/APOLLO- Desktop/Customer Information page/First name'

2019-07-09 17:22:37 - [TEST_STEP][PASSED] - delay(2): Delayed 2 second(s)

2019-07-09 17:22:39 - [MESSAGE][PASSED] - Delayed 2 second(s)

2019-07-09 17:22:39 - [TEST_STEP][PASSED] - setText(findTestObject("APOLLO- Desktop/Customer Information page/Last name"), "kompelly"): Text 'kompelly' is set on object 'Object Repository/APOLLO- Desktop/Customer Information page/Last name'

2019-07-09 17:22:39 - [MESSAGE][PASSED] - Text 'kompelly' is set on object 'Object Repository/APOLLO- Desktop/Customer Information page/Last name'

2019-07-09 17:22:39 - [TEST_STEP][PASSED] - delay(2): Delayed 2 second(s)

2019-07-09 17:22:41 - [MESSAGE][PASSED] - Delayed 2 second(s)

2019-07-09 17:22:41 - [TEST_STEP][PASSED] - setText(findTestObject("APOLLO- Desktop/Customer Information page/Address"), "1435 st alxendre"): Text '1435 st alxendre' is set on object 'Object Repository/APOLLO- Desktop/Customer Information page/Address'

2019-07-09 17:22:41 - [MESSAGE][PASSED] - Text '1435 st alxendre' is set on object 'Object Repository/APOLLO- Desktop/Customer Information page/Address'

2019-07-09 17:22:41 - [TEST_STEP][PASSED] - setText(findTestObject("APOLLO- Desktop/Customer Information page/Apartment"), "220"): Text '220' is set on object 'Object Repository/APOLLO- Desktop/Customer Information page/Apartment'

2019-07-09 17:22:41 - [MESSAGE][PASSED] - Text '220' is set on object 'Object Repository/APOLLO- Desktop/Customer Information page/Apartment'

2019-07-09 17:22:41 - [TEST_STEP][PASSED] - setText(findTestObject("APOLLO- Desktop/Customer Information page/City"), "montreal"): Text 'montreal' is set on object 'Object Repository/APOLLO- Desktop/Customer Information page/City'

2019-07-09 17:22:41 - [MESSAGE][PASSED] - Text 'montreal' is set on object 'Object Repository/APOLLO- Desktop/Customer Information page/City'

2019-07-09 17:22:41 - [TEST_STEP][PASSED] - selectOptionByValue(findTestObject("APOLLO- Desktop/Customer Information page/Country dropdown"), "United States", true): All options with value 'United States' are selected in object 'Object Repository/APOLLO- Desktop/Customer Information page/Country dropdown'  using regular expression

2019-07-09 17:22:46 - [MESSAGE][PASSED] - All options with value 'United States' are selected in object 'Object Repository/APOLLO- Desktop/Customer Information page/Country dropdown'  using regular expression

2019-07-09 17:22:46 - [TEST_STEP][PASSED] - selectOptionByValue(findTestObject("APOLLO- Desktop/Customer Information page/states dropdown"), "NJ", true): All options with value 'NJ' are selected in object 'Object Repository/APOLLO- Desktop/Customer Information page/states dropdown'  using regular expression

2019-07-09 17:22:47 - [MESSAGE][PASSED] - All options with value 'NJ' are selected in object 'Object Repository/APOLLO- Desktop/Customer Information page/states dropdown'  using regular expression

2019-07-09 17:22:47 - [TEST_STEP][PASSED] - setText(findTestObject("APOLLO- Desktop/Customer Information page/ZIP code"), "07057"): Text '07057' is set on object 'Object Repository/APOLLO- Desktop/Customer Information page/ZIP code'

2019-07-09 17:22:47 - [MESSAGE][PASSED] - Text '07057' is set on object 'Object Repository/APOLLO- Desktop/Customer Information page/ZIP code'

2019-07-09 17:22:47 - [MESSAGE][PASSED] - Call Test Case 'Test Cases/CALL- CUSTOMER INFO PAGE' successfully

2019-07-09 17:22:47 - [TEST_STEP][PASSED] - delay(2): Delayed 2 second(s)

2019-07-09 17:22:49 - [MESSAGE][PASSED] - Delayed 2 second(s)

2019-07-09 17:22:49 - [TEST_STEP][PASSED] - callTestCase(findTestCase("CALL - SHIPPING TO PAYMENT"), [:], STOP_ON_FAILURE): Call Test Case 'Test Cases/CALL - SHIPPING TO PAYMENT' successfully

2019-07-09 17:22:49 - [TEST_CASE][PASSED] - Test Cases/CALL - SHIPPING TO PAYMENT: Test Cases/CALL - SHIPPING TO PAYMENT

2019-07-09 17:22:49 - [TEST_STEP][PASSED] - click(findTestObject("APOLLO- Desktop/Customer Information page/Continue to shipping")): Object: 'Object Repository/APOLLO- Desktop/Customer Information page/Continue to shipping' is clicked on

2019-07-09 17:22:50 - [MESSAGE][PASSED] - Object: 'Object Repository/APOLLO- Desktop/Customer Information page/Continue to shipping' is clicked on

2019-07-09 17:22:50 - [TEST_STEP][PASSED] - executeJavaScript("var previewBar = document.getElementById("preview-bar-iframe"); previewBar.style.display = "none";", []): Execute JavaScript 'var previewBar = document.getElementById("preview-bar-iframe"); previewBar.style.display = "none";' successfully

2019-07-09 17:22:50 - [MESSAGE][PASSED] - Execute JavaScript 'var previewBar = document.getElementById("preview-bar-iframe"); previewBar.style.display = "none";' successfully

2019-07-09 17:22:50 - [TEST_STEP][PASSED] - click(findTestObject("APOLLO- Desktop/Shipping page/Radio button check")): Object: 'Object Repository/APOLLO- Desktop/Shipping page/Radio button check' is clicked on

2019-07-09 17:22:54 - [MESSAGE][PASSED] - Object: 'Object Repository/APOLLO- Desktop/Shipping page/Radio button check' is clicked on

2019-07-09 17:22:54 - [TEST_STEP][PASSED] - executeJavaScript("var previewBar = document.getElementById("preview-bar-iframe"); previewBar.style.display = "none";", []): Execute JavaScript 'var previewBar = document.getElementById("preview-bar-iframe"); previewBar.style.display = "none";' successfully

2019-07-09 17:22:54 - [MESSAGE][PASSED] - Execute JavaScript 'var previewBar = document.getElementById("preview-bar-iframe"); previewBar.style.display = "none";' successfully

2019-07-09 17:22:54 - [TEST_STEP][PASSED] - click(findTestObject("APOLLO- Desktop/Shipping page/Continue to payment")): Object: 'Object Repository/APOLLO- Desktop/Shipping page/Continue to payment' is clicked on

2019-07-09 17:22:54 - [MESSAGE][PASSED] - Object: 'Object Repository/APOLLO- Desktop/Shipping page/Continue to payment' is clicked on

2019-07-09 17:22:54 - [TEST_STEP][PASSED] - executeJavaScript("var previewBar = document.getElementById("preview-bar-iframe"); previewBar.style.display = "none";", []): Execute JavaScript 'var previewBar = document.getElementById("preview-bar-iframe"); previewBar.style.display = "none";' successfully

2019-07-09 17:22:54 - [MESSAGE][PASSED] - Execute JavaScript 'var previewBar = document.getElementById("preview-bar-iframe"); previewBar.style.display = "none";' successfully

2019-07-09 17:22:54 - [TEST_STEP][PASSED] - verifyTextPresent("Payment", false): Text 'Payment' is present on page 

2019-07-09 17:22:54 - [MESSAGE][PASSED] - Text 'Payment' is present on page 

2019-07-09 17:22:54 - [MESSAGE][PASSED] - Call Test Case 'Test Cases/CALL - SHIPPING TO PAYMENT' successfully]]></system-out>
         <system-err><![CDATA[]]></system-err>
      </testcase>
      <testcase name="Test Cases/CRITICAL PATH/Increase quantity - cart page" classname="Test Cases/CRITICAL PATH/Increase quantity - cart page" status="PASSED">
         <system-out><![CDATA[2019-07-09 17:22:54 - [TEST_CASE][PASSED] - Test Cases/CRITICAL PATH/Increase quantity - cart page: Test Cases/CRITICAL PATH/Increase quantity - cart page

2019-07-09 17:22:54 - [TEST_STEP][PASSED] - callTestCase(findTestCase("CALL - URL"), [:], STOP_ON_FAILURE): Call Test Case 'Test Cases/CALL - URL' successfully

2019-07-09 17:22:54 - [TEST_CASE][PASSED] - Test Cases/CALL - URL: Test Cases/CALL - URL

2019-07-09 17:22:54 - [TEST_STEP][PASSED] - openBrowser(""): Browser is opened with url: ''

2019-07-09 17:22:54 - [MESSAGE][WARNING] - A browser is already opened. Closing browser and opening a new one

2019-07-09 17:22:55 - [MESSAGE][INFO] - Starting 'Safari' driver

2019-07-09 17:22:56 - [MESSAGE][PASSED] - Browser is opened with url: ''

2019-07-09 17:22:56 - [TEST_STEP][PASSED] - navigateToUrl("https://apollo-fireball.myshopify.com/?_ab=0&_fd=0&_sc=1&key=96c2edace7b9967f3a77c2e2b131937136039831e9ec35f31598610005fa8795&preview_theme_id=46803124304"): Navigate to 'https://apollo-fireball.myshopify.com/?_ab=0&_fd=0&_sc=1&key=96c2edace7b9967f3a77c2e2b131937136039831e9ec35f31598610005fa8795&preview_theme_id=46803124304' successfully

2019-07-09 17:22:58 - [MESSAGE][PASSED] - Navigate to 'https://apollo-fireball.myshopify.com/?_ab=0&_fd=0&_sc=1&key=96c2edace7b9967f3a77c2e2b131937136039831e9ec35f31598610005fa8795&preview_theme_id=46803124304' successfully

2019-07-09 17:22:58 - [TEST_STEP][PASSED] - executeJavaScript("var previewBar = document.getElementById("preview-bar-iframe"); previewBar.style.display = "none";", []): Execute JavaScript 'var previewBar = document.getElementById("preview-bar-iframe"); previewBar.style.display = "none";' successfully

2019-07-09 17:22:58 - [MESSAGE][PASSED] - Execute JavaScript 'var previewBar = document.getElementById("preview-bar-iframe"); previewBar.style.display = "none";' successfully

2019-07-09 17:22:58 - [TEST_STEP][PASSED] - maximizeWindow(): Current window maximized

2019-07-09 17:22:58 - [MESSAGE][PASSED] - Current window maximized

2019-07-09 17:22:58 - [MESSAGE][PASSED] - Call Test Case 'Test Cases/CALL - URL' successfully

2019-07-09 17:22:58 - [TEST_STEP][PASSED] - delay(1): Delayed 1 second(s)

2019-07-09 17:22:59 - [MESSAGE][PASSED] - Delayed 1 second(s)

2019-07-09 17:22:59 - [TEST_STEP][PASSED] - click(findTestObject("APOLLO- Desktop/Burger Menu/Burgermenu")): Object: 'Object Repository/APOLLO- Desktop/Burger Menu/Burgermenu' is clicked on

2019-07-09 17:23:00 - [MESSAGE][PASSED] - Object: 'Object Repository/APOLLO- Desktop/Burger Menu/Burgermenu' is clicked on

2019-07-09 17:23:00 - [TEST_STEP][PASSED] - delay(2): Delayed 2 second(s)

2019-07-09 17:23:02 - [MESSAGE][PASSED] - Delayed 2 second(s)

2019-07-09 17:23:02 - [TEST_STEP][PASSED] - click(findTestObject("APOLLO- Desktop/Burger Menu/Shop food")): Object: 'Object Repository/APOLLO- Desktop/Burger Menu/Shop food' is clicked on

2019-07-09 17:23:02 - [MESSAGE][PASSED] - Object: 'Object Repository/APOLLO- Desktop/Burger Menu/Shop food' is clicked on

2019-07-09 17:23:02 - [TEST_STEP][PASSED] - delay(2): Delayed 2 second(s)

2019-07-09 17:23:04 - [MESSAGE][PASSED] - Delayed 2 second(s)

2019-07-09 17:23:04 - [TEST_STEP][PASSED] - click(findTestObject("APOLLO- Desktop/Burger Menu/Beef")): Object: 'Object Repository/APOLLO- Desktop/Burger Menu/Beef' is clicked on

2019-07-09 17:23:07 - [MESSAGE][PASSED] - Object: 'Object Repository/APOLLO- Desktop/Burger Menu/Beef' is clicked on

2019-07-09 17:23:07 - [TEST_STEP][PASSED] - delay(2): Delayed 2 second(s)

2019-07-09 17:23:09 - [MESSAGE][PASSED] - Delayed 2 second(s)

2019-07-09 17:23:09 - [TEST_STEP][PASSED] - executeJavaScript("var previewBar = document.getElementById("preview-bar-iframe"); previewBar.style.display = "none";", []): Execute JavaScript 'var previewBar = document.getElementById("preview-bar-iframe"); previewBar.style.display = "none";' successfully

2019-07-09 17:23:09 - [MESSAGE][PASSED] - Execute JavaScript 'var previewBar = document.getElementById("preview-bar-iframe"); previewBar.style.display = "none";' successfully

2019-07-09 17:23:09 - [TEST_STEP][PASSED] - delay(2): Delayed 2 second(s)

2019-07-09 17:23:11 - [MESSAGE][PASSED] - Delayed 2 second(s)

2019-07-09 17:23:11 - [TEST_STEP][PASSED] - click(findTestObject("APOLLO- Desktop/Collection page/Beef skewers")): Object: 'Object Repository/APOLLO- Desktop/Collection page/Beef skewers' is clicked on

2019-07-09 17:23:12 - [MESSAGE][PASSED] - Object: 'Object Repository/APOLLO- Desktop/Collection page/Beef skewers' is clicked on

2019-07-09 17:23:12 - [TEST_STEP][PASSED] - executeJavaScript("var previewBar = document.getElementById("preview-bar-iframe"); previewBar.style.display = "none";", []): Execute JavaScript 'var previewBar = document.getElementById("preview-bar-iframe"); previewBar.style.display = "none";' successfully

2019-07-09 17:23:12 - [MESSAGE][PASSED] - Execute JavaScript 'var previewBar = document.getElementById("preview-bar-iframe"); previewBar.style.display = "none";' successfully

2019-07-09 17:23:12 - [TEST_STEP][PASSED] - delay(2): Delayed 2 second(s)

2019-07-09 17:23:14 - [MESSAGE][PASSED] - Delayed 2 second(s)

2019-07-09 17:23:14 - [TEST_STEP][PASSED] - click(findTestObject("APOLLO- Desktop/Product page/1 piece")): Object: 'Object Repository/APOLLO- Desktop/Product page/1 piece' is clicked on

2019-07-09 17:23:14 - [MESSAGE][PASSED] - Object: 'Object Repository/APOLLO- Desktop/Product page/1 piece' is clicked on

2019-07-09 17:23:14 - [TEST_STEP][PASSED] - delay(2): Delayed 2 second(s)

2019-07-09 17:23:16 - [MESSAGE][PASSED] - Delayed 2 second(s)

2019-07-09 17:23:16 - [TEST_STEP][NOT_RUN] - delay(2): NOT_RUN: delay(2)

2019-07-09 17:23:16 - [MESSAGE][NOT_RUN] - NOT_RUN: delay(2)

2019-07-09 17:23:16 - [TEST_STEP][NOT_RUN] - click(findTestObject("APOLLO- Desktop/Burger Menu/Shop food")): NOT_RUN: click(findTestObject("APOLLO- Desktop/Burger Menu/Shop food"))

2019-07-09 17:23:16 - [MESSAGE][NOT_RUN] - NOT_RUN: click(findTestObject("APOLLO- Desktop/Burger Menu/Shop food"))

2019-07-09 17:23:16 - [TEST_STEP][NOT_RUN] - delay(2): NOT_RUN: delay(2)

2019-07-09 17:23:16 - [MESSAGE][NOT_RUN] - NOT_RUN: delay(2)

2019-07-09 17:23:16 - [TEST_STEP][NOT_RUN] - click(findTestObject("APOLLO- Desktop/Burger Menu/Beef")): NOT_RUN: click(findTestObject("APOLLO- Desktop/Burger Menu/Beef"))

2019-07-09 17:23:16 - [MESSAGE][NOT_RUN] - NOT_RUN: click(findTestObject("APOLLO- Desktop/Burger Menu/Beef"))

2019-07-09 17:23:16 - [TEST_STEP][NOT_RUN] - delay(2): NOT_RUN: delay(2)

2019-07-09 17:23:16 - [MESSAGE][NOT_RUN] - NOT_RUN: delay(2)

2019-07-09 17:23:16 - [TEST_STEP][NOT_RUN] - click(findTestObject("APOLLO- Desktop/Burger Menu/Shirts link")): NOT_RUN: click(findTestObject("APOLLO- Desktop/Burger Menu/Shirts link"))

2019-07-09 17:23:16 - [MESSAGE][NOT_RUN] - NOT_RUN: click(findTestObject("APOLLO- Desktop/Burger Menu/Shirts link"))

2019-07-09 17:23:16 - [TEST_STEP][NOT_RUN] - executeJavaScript("var previewBar = document.getElementById("preview-bar-iframe"); previewBar.style.display = "none";", []): NOT_RUN: executeJavaScript("var previewBar = document.getElementById("preview-bar-iframe"); previewBar.style.display = "none";", [])

2019-07-09 17:23:16 - [MESSAGE][NOT_RUN] - NOT_RUN: executeJavaScript("var previewBar = document.getElementById("preview-bar-iframe"); previewBar.style.display = "none";", [])

2019-07-09 17:23:16 - [TEST_STEP][NOT_RUN] - delay(2): NOT_RUN: delay(2)

2019-07-09 17:23:16 - [MESSAGE][NOT_RUN] - NOT_RUN: delay(2)

2019-07-09 17:23:16 - [TEST_STEP][NOT_RUN] - click(findTestObject("APOLLO- Desktop/Collection page/Beef skewers")): NOT_RUN: click(findTestObject("APOLLO- Desktop/Collection page/Beef skewers"))

2019-07-09 17:23:16 - [MESSAGE][NOT_RUN] - NOT_RUN: click(findTestObject("APOLLO- Desktop/Collection page/Beef skewers"))

2019-07-09 17:23:16 - [TEST_STEP][NOT_RUN] - delay(2): NOT_RUN: delay(2)

2019-07-09 17:23:16 - [MESSAGE][NOT_RUN] - NOT_RUN: delay(2)

2019-07-09 17:23:16 - [TEST_STEP][NOT_RUN] - selectOptionByValue(findTestObject("APOLLO- Desktop/Product page/1 piece"), "Medium", true): NOT_RUN: selectOptionByValue(findTestObject("APOLLO- Desktop/Product page/1 piece"), "Medium", true)

2019-07-09 17:23:16 - [MESSAGE][NOT_RUN] - NOT_RUN: selectOptionByValue(findTestObject("APOLLO- Desktop/Product page/1 piece"), "Medium", true)

2019-07-09 17:23:16 - [TEST_STEP][NOT_RUN] - delay(2): NOT_RUN: delay(2)

2019-07-09 17:23:16 - [MESSAGE][NOT_RUN] - NOT_RUN: delay(2)

2019-07-09 17:23:16 - [TEST_STEP][PASSED] - click(findTestObject("APOLLO- Desktop/Product page/Add to bag")): Object: 'Object Repository/APOLLO- Desktop/Product page/Add to bag' is clicked on

2019-07-09 17:23:16 - [MESSAGE][PASSED] - Object: 'Object Repository/APOLLO- Desktop/Product page/Add to bag' is clicked on

2019-07-09 17:23:16 - [TEST_STEP][PASSED] - delay(2): Delayed 2 second(s)

2019-07-09 17:23:18 - [MESSAGE][PASSED] - Delayed 2 second(s)

2019-07-09 17:23:18 - [TEST_STEP][PASSED] - click(findTestObject("APOLLO- Desktop/Cart flyout/Checkout")): Object: 'Object Repository/APOLLO- Desktop/Cart flyout/Checkout' is clicked on

2019-07-09 17:23:20 - [MESSAGE][PASSED] - Object: 'Object Repository/APOLLO- Desktop/Cart flyout/Checkout' is clicked on

2019-07-09 17:23:20 - [TEST_STEP][PASSED] - delay(2): Delayed 2 second(s)

2019-07-09 17:23:22 - [MESSAGE][PASSED] - Delayed 2 second(s)

2019-07-09 17:23:22 - [TEST_STEP][PASSED] - click(findTestObject("APOLLO- Desktop/Customer Information page/Cart page breadcrumb")): Object: 'Object Repository/APOLLO- Desktop/Customer Information page/Cart page breadcrumb' is clicked on

2019-07-09 17:23:24 - [MESSAGE][PASSED] - Object: 'Object Repository/APOLLO- Desktop/Customer Information page/Cart page breadcrumb' is clicked on

2019-07-09 17:23:24 - [TEST_STEP][PASSED] - delay(2): Delayed 2 second(s)

2019-07-09 17:23:26 - [MESSAGE][PASSED] - Delayed 2 second(s)

2019-07-09 17:23:26 - [TEST_STEP][PASSED] - a = getText(findTestObject("APOLLO- Desktop/Cart page/Subtotal in cart page")): Text of object 'Object Repository/APOLLO- Desktop/Cart page/Subtotal in cart page' is: '$8.50'

2019-07-09 17:23:26 - [MESSAGE][PASSED] - Text of object 'Object Repository/APOLLO- Desktop/Cart page/Subtotal in cart page' is: '$8.50'

2019-07-09 17:23:26 - [TEST_STEP][PASSED] - comment("a=" + a): a=$8.50

2019-07-09 17:23:26 - [MESSAGE][INFO] - a=$8.50

2019-07-09 17:23:26 - [TEST_STEP][PASSED] - delay(2): Delayed 2 second(s)

2019-07-09 17:23:28 - [MESSAGE][PASSED] - Delayed 2 second(s)

2019-07-09 17:23:28 - [TEST_STEP][PASSED] - click(findTestObject("APOLLO- Desktop/Cart page/Increase quantity - cart page")): Object: 'Object Repository/APOLLO- Desktop/Cart page/Increase quantity - cart page' is clicked on

2019-07-09 17:23:28 - [MESSAGE][PASSED] - Object: 'Object Repository/APOLLO- Desktop/Cart page/Increase quantity - cart page' is clicked on

2019-07-09 17:23:28 - [TEST_STEP][PASSED] - delay(2): Delayed 2 second(s)

2019-07-09 17:23:30 - [MESSAGE][PASSED] - Delayed 2 second(s)

2019-07-09 17:23:30 - [TEST_STEP][PASSED] - click(findTestObject("APOLLO- Desktop/Cart page/Increase quantity - cart page")): Object: 'Object Repository/APOLLO- Desktop/Cart page/Increase quantity - cart page' is clicked on

2019-07-09 17:23:30 - [MESSAGE][PASSED] - Object: 'Object Repository/APOLLO- Desktop/Cart page/Increase quantity - cart page' is clicked on

2019-07-09 17:23:30 - [TEST_STEP][PASSED] - delay(2): Delayed 2 second(s)

2019-07-09 17:23:32 - [MESSAGE][PASSED] - Delayed 2 second(s)

2019-07-09 17:23:32 - [TEST_STEP][PASSED] - setText(findTestObject("APOLLO- Desktop/Cart flyout/CArt quanty update"), "3"): Text '3' is set on object 'Object Repository/APOLLO- Desktop/Cart flyout/CArt quanty update'

2019-07-09 17:23:32 - [MESSAGE][PASSED] - Text '3' is set on object 'Object Repository/APOLLO- Desktop/Cart flyout/CArt quanty update'

2019-07-09 17:23:32 - [TEST_STEP][PASSED] - delay(2): Delayed 2 second(s)

2019-07-09 17:23:34 - [MESSAGE][PASSED] - Delayed 2 second(s)

2019-07-09 17:23:34 - [TEST_STEP][PASSED] - click(findTestObject("APOLLO- Desktop/Cart page/Click outside the page")): Object: 'Object Repository/APOLLO- Desktop/Cart page/Click outside the page' is clicked on

2019-07-09 17:23:34 - [MESSAGE][PASSED] - Object: 'Object Repository/APOLLO- Desktop/Cart page/Click outside the page' is clicked on

2019-07-09 17:23:34 - [TEST_STEP][PASSED] - delay(2): Delayed 2 second(s)

2019-07-09 17:23:36 - [MESSAGE][PASSED] - Delayed 2 second(s)

2019-07-09 17:23:36 - [TEST_STEP][PASSED] - b = getText(findTestObject("APOLLO- Desktop/Cart page/Subtotal in cart page")): Text of object 'Object Repository/APOLLO- Desktop/Cart page/Subtotal in cart page' is: '$25.50'

2019-07-09 17:23:36 - [MESSAGE][PASSED] - Text of object 'Object Repository/APOLLO- Desktop/Cart page/Subtotal in cart page' is: '$25.50'

2019-07-09 17:23:36 - [TEST_STEP][PASSED] - comment("b=" + b): b=$25.50

2019-07-09 17:23:36 - [MESSAGE][INFO] - b=$25.50

2019-07-09 17:23:36 - [TEST_STEP][PASSED] - flag = verifyNotEqual("a", "b"): Actual object 'a' and expected object 'b' are not equal

2019-07-09 17:23:36 - [MESSAGE][PASSED] - Actual object 'a' and expected object 'b' are not equal

2019-07-09 17:23:36 - [TEST_STEP][PASSED] - if (flag == true): Quantity selector working

2019-07-09 17:23:36 - [TEST_STEP][PASSED] - comment("Quantity selector working"): Quantity selector working

2019-07-09 17:23:36 - [MESSAGE][INFO] - Quantity selector working

2019-07-09 17:23:36 - [TEST_STEP][PASSED] - delay(2): Delayed 2 second(s)

2019-07-09 17:23:38 - [MESSAGE][PASSED] - Delayed 2 second(s)

2019-07-09 17:23:38 - [TEST_STEP][NOT_RUN] - executeJavaScript("var previewBar = document.getElementById("preview-bar-iframe"); previewBar.style.display = "none";", []): NOT_RUN: executeJavaScript("var previewBar = document.getElementById("preview-bar-iframe"); previewBar.style.display = "none";", [])

2019-07-09 17:23:38 - [MESSAGE][NOT_RUN] - NOT_RUN: executeJavaScript("var previewBar = document.getElementById("preview-bar-iframe"); previewBar.style.display = "none";", [])

2019-07-09 17:23:38 - [TEST_STEP][PASSED] - delay(2): Delayed 2 second(s)

2019-07-09 17:23:40 - [MESSAGE][PASSED] - Delayed 2 second(s)

2019-07-09 17:23:40 - [TEST_STEP][PASSED] - click(findTestObject("APOLLO- Desktop/Cart flyout/Checkout")): Object: 'Object Repository/APOLLO- Desktop/Cart flyout/Checkout' is clicked on

2019-07-09 17:23:40 - [MESSAGE][PASSED] - Object: 'Object Repository/APOLLO- Desktop/Cart flyout/Checkout' is clicked on

2019-07-09 17:23:41 - [TEST_STEP][PASSED] - delay(2): Delayed 2 second(s)

2019-07-09 17:23:43 - [MESSAGE][PASSED] - Delayed 2 second(s)

2019-07-09 17:23:43 - [TEST_STEP][PASSED] - callTestCase(findTestCase("CALL- CUSTOMER INFO PAGE"), [:], STOP_ON_FAILURE): Call Test Case 'Test Cases/CALL- CUSTOMER INFO PAGE' successfully

2019-07-09 17:23:43 - [TEST_CASE][PASSED] - Test Cases/CALL- CUSTOMER INFO PAGE: Test Cases/CALL- CUSTOMER INFO PAGE

2019-07-09 17:23:43 - [TEST_STEP][PASSED] - delay(2): Delayed 2 second(s)

2019-07-09 17:23:45 - [MESSAGE][PASSED] - Delayed 2 second(s)

2019-07-09 17:23:45 - [TEST_STEP][PASSED] - executeJavaScript("var previewBar = document.getElementById("preview-bar-iframe"); previewBar.style.display = "none";", []): Execute JavaScript 'var previewBar = document.getElementById("preview-bar-iframe"); previewBar.style.display = "none";' successfully

2019-07-09 17:23:45 - [MESSAGE][PASSED] - Execute JavaScript 'var previewBar = document.getElementById("preview-bar-iframe"); previewBar.style.display = "none";' successfully

2019-07-09 17:23:45 - [TEST_STEP][PASSED] - setText(findTestObject("APOLLO- Desktop/Customer Information page/Email"), "suman@gmail.com"): Text 'suman@gmail.com' is set on object 'Object Repository/APOLLO- Desktop/Customer Information page/Email'

2019-07-09 17:23:45 - [MESSAGE][PASSED] - Text 'suman@gmail.com' is set on object 'Object Repository/APOLLO- Desktop/Customer Information page/Email'

2019-07-09 17:23:45 - [TEST_STEP][PASSED] - delay(2): Delayed 2 second(s)

2019-07-09 17:23:47 - [MESSAGE][PASSED] - Delayed 2 second(s)

2019-07-09 17:23:47 - [TEST_STEP][PASSED] - setText(findTestObject("APOLLO- Desktop/Customer Information page/First name"), "suman"): Text 'suman' is set on object 'Object Repository/APOLLO- Desktop/Customer Information page/First name'

2019-07-09 17:23:47 - [MESSAGE][PASSED] - Text 'suman' is set on object 'Object Repository/APOLLO- Desktop/Customer Information page/First name'

2019-07-09 17:23:47 - [TEST_STEP][PASSED] - delay(2): Delayed 2 second(s)

2019-07-09 17:23:49 - [MESSAGE][PASSED] - Delayed 2 second(s)

2019-07-09 17:23:49 - [TEST_STEP][PASSED] - setText(findTestObject("APOLLO- Desktop/Customer Information page/Last name"), "kompelly"): Text 'kompelly' is set on object 'Object Repository/APOLLO- Desktop/Customer Information page/Last name'

2019-07-09 17:23:49 - [MESSAGE][PASSED] - Text 'kompelly' is set on object 'Object Repository/APOLLO- Desktop/Customer Information page/Last name'

2019-07-09 17:23:49 - [TEST_STEP][PASSED] - delay(2): Delayed 2 second(s)

2019-07-09 17:23:51 - [MESSAGE][PASSED] - Delayed 2 second(s)

2019-07-09 17:23:51 - [TEST_STEP][PASSED] - setText(findTestObject("APOLLO- Desktop/Customer Information page/Address"), "1435 st alxendre"): Text '1435 st alxendre' is set on object 'Object Repository/APOLLO- Desktop/Customer Information page/Address'

2019-07-09 17:23:51 - [MESSAGE][PASSED] - Text '1435 st alxendre' is set on object 'Object Repository/APOLLO- Desktop/Customer Information page/Address'

2019-07-09 17:23:51 - [TEST_STEP][PASSED] - setText(findTestObject("APOLLO- Desktop/Customer Information page/Apartment"), "220"): Text '220' is set on object 'Object Repository/APOLLO- Desktop/Customer Information page/Apartment'

2019-07-09 17:23:52 - [MESSAGE][PASSED] - Text '220' is set on object 'Object Repository/APOLLO- Desktop/Customer Information page/Apartment'

2019-07-09 17:23:52 - [TEST_STEP][PASSED] - setText(findTestObject("APOLLO- Desktop/Customer Information page/City"), "montreal"): Text 'montreal' is set on object 'Object Repository/APOLLO- Desktop/Customer Information page/City'

2019-07-09 17:23:52 - [MESSAGE][PASSED] - Text 'montreal' is set on object 'Object Repository/APOLLO- Desktop/Customer Information page/City'

2019-07-09 17:23:52 - [TEST_STEP][PASSED] - selectOptionByValue(findTestObject("APOLLO- Desktop/Customer Information page/Country dropdown"), "United States", true): All options with value 'United States' are selected in object 'Object Repository/APOLLO- Desktop/Customer Information page/Country dropdown'  using regular expression

2019-07-09 17:23:57 - [MESSAGE][PASSED] - All options with value 'United States' are selected in object 'Object Repository/APOLLO- Desktop/Customer Information page/Country dropdown'  using regular expression

2019-07-09 17:23:57 - [TEST_STEP][PASSED] - selectOptionByValue(findTestObject("APOLLO- Desktop/Customer Information page/states dropdown"), "NJ", true): All options with value 'NJ' are selected in object 'Object Repository/APOLLO- Desktop/Customer Information page/states dropdown'  using regular expression

2019-07-09 17:23:58 - [MESSAGE][PASSED] - All options with value 'NJ' are selected in object 'Object Repository/APOLLO- Desktop/Customer Information page/states dropdown'  using regular expression

2019-07-09 17:23:58 - [TEST_STEP][PASSED] - setText(findTestObject("APOLLO- Desktop/Customer Information page/ZIP code"), "07057"): Text '07057' is set on object 'Object Repository/APOLLO- Desktop/Customer Information page/ZIP code'

2019-07-09 17:23:58 - [MESSAGE][PASSED] - Text '07057' is set on object 'Object Repository/APOLLO- Desktop/Customer Information page/ZIP code'

2019-07-09 17:23:58 - [MESSAGE][PASSED] - Call Test Case 'Test Cases/CALL- CUSTOMER INFO PAGE' successfully

2019-07-09 17:23:58 - [TEST_STEP][PASSED] - delay(2): Delayed 2 second(s)

2019-07-09 17:24:00 - [MESSAGE][PASSED] - Delayed 2 second(s)

2019-07-09 17:24:00 - [TEST_STEP][PASSED] - callTestCase(findTestCase("CALL - SHIPPING TO PAYMENT"), [:], STOP_ON_FAILURE): Call Test Case 'Test Cases/CALL - SHIPPING TO PAYMENT' successfully

2019-07-09 17:24:00 - [TEST_CASE][PASSED] - Test Cases/CALL - SHIPPING TO PAYMENT: Test Cases/CALL - SHIPPING TO PAYMENT

2019-07-09 17:24:00 - [TEST_STEP][PASSED] - click(findTestObject("APOLLO- Desktop/Customer Information page/Continue to shipping")): Object: 'Object Repository/APOLLO- Desktop/Customer Information page/Continue to shipping' is clicked on

2019-07-09 17:24:00 - [MESSAGE][PASSED] - Object: 'Object Repository/APOLLO- Desktop/Customer Information page/Continue to shipping' is clicked on

2019-07-09 17:24:00 - [TEST_STEP][PASSED] - executeJavaScript("var previewBar = document.getElementById("preview-bar-iframe"); previewBar.style.display = "none";", []): Execute JavaScript 'var previewBar = document.getElementById("preview-bar-iframe"); previewBar.style.display = "none";' successfully

2019-07-09 17:24:00 - [MESSAGE][PASSED] - Execute JavaScript 'var previewBar = document.getElementById("preview-bar-iframe"); previewBar.style.display = "none";' successfully

2019-07-09 17:24:00 - [TEST_STEP][PASSED] - click(findTestObject("APOLLO- Desktop/Shipping page/Radio button check")): Object: 'Object Repository/APOLLO- Desktop/Shipping page/Radio button check' is clicked on

2019-07-09 17:24:03 - [MESSAGE][PASSED] - Object: 'Object Repository/APOLLO- Desktop/Shipping page/Radio button check' is clicked on

2019-07-09 17:24:03 - [TEST_STEP][PASSED] - executeJavaScript("var previewBar = document.getElementById("preview-bar-iframe"); previewBar.style.display = "none";", []): Execute JavaScript 'var previewBar = document.getElementById("preview-bar-iframe"); previewBar.style.display = "none";' successfully

2019-07-09 17:24:03 - [MESSAGE][PASSED] - Execute JavaScript 'var previewBar = document.getElementById("preview-bar-iframe"); previewBar.style.display = "none";' successfully

2019-07-09 17:24:03 - [TEST_STEP][PASSED] - click(findTestObject("APOLLO- Desktop/Shipping page/Continue to payment")): Object: 'Object Repository/APOLLO- Desktop/Shipping page/Continue to payment' is clicked on

2019-07-09 17:24:03 - [MESSAGE][PASSED] - Object: 'Object Repository/APOLLO- Desktop/Shipping page/Continue to payment' is clicked on

2019-07-09 17:24:03 - [TEST_STEP][PASSED] - executeJavaScript("var previewBar = document.getElementById("preview-bar-iframe"); previewBar.style.display = "none";", []): Execute JavaScript 'var previewBar = document.getElementById("preview-bar-iframe"); previewBar.style.display = "none";' successfully

2019-07-09 17:24:03 - [MESSAGE][PASSED] - Execute JavaScript 'var previewBar = document.getElementById("preview-bar-iframe"); previewBar.style.display = "none";' successfully

2019-07-09 17:24:03 - [TEST_STEP][PASSED] - verifyTextPresent("Payment", false): Text 'Payment' is present on page 

2019-07-09 17:24:03 - [MESSAGE][PASSED] - Text 'Payment' is present on page 

2019-07-09 17:24:03 - [MESSAGE][PASSED] - Call Test Case 'Test Cases/CALL - SHIPPING TO PAYMENT' successfully]]></system-out>
         <system-err><![CDATA[]]></system-err>
      </testcase>
      <testcase name="Test Cases/CRITICAL PATH/Increase quantity - Cart flyout" classname="Test Cases/CRITICAL PATH/Increase quantity - Cart flyout" status="PASSED">
         <system-out><![CDATA[2019-07-09 17:24:03 - [TEST_CASE][PASSED] - Test Cases/CRITICAL PATH/Increase quantity - Cart flyout: Test Cases/CRITICAL PATH/Increase quantity - Cart flyout

2019-07-09 17:24:03 - [TEST_STEP][PASSED] - callTestCase(findTestCase("CALL - URL"), [:], STOP_ON_FAILURE): Call Test Case 'Test Cases/CALL - URL' successfully

2019-07-09 17:24:03 - [TEST_CASE][PASSED] - Test Cases/CALL - URL: Test Cases/CALL - URL

2019-07-09 17:24:03 - [TEST_STEP][PASSED] - openBrowser(""): Browser is opened with url: ''

2019-07-09 17:24:03 - [MESSAGE][WARNING] - A browser is already opened. Closing browser and opening a new one

2019-07-09 17:24:03 - [MESSAGE][INFO] - Starting 'Safari' driver

2019-07-09 17:24:04 - [MESSAGE][PASSED] - Browser is opened with url: ''

2019-07-09 17:24:04 - [TEST_STEP][PASSED] - navigateToUrl("https://apollo-fireball.myshopify.com/?_ab=0&_fd=0&_sc=1&key=96c2edace7b9967f3a77c2e2b131937136039831e9ec35f31598610005fa8795&preview_theme_id=46803124304"): Navigate to 'https://apollo-fireball.myshopify.com/?_ab=0&_fd=0&_sc=1&key=96c2edace7b9967f3a77c2e2b131937136039831e9ec35f31598610005fa8795&preview_theme_id=46803124304' successfully

2019-07-09 17:24:06 - [MESSAGE][PASSED] - Navigate to 'https://apollo-fireball.myshopify.com/?_ab=0&_fd=0&_sc=1&key=96c2edace7b9967f3a77c2e2b131937136039831e9ec35f31598610005fa8795&preview_theme_id=46803124304' successfully

2019-07-09 17:24:06 - [TEST_STEP][PASSED] - executeJavaScript("var previewBar = document.getElementById("preview-bar-iframe"); previewBar.style.display = "none";", []): Execute JavaScript 'var previewBar = document.getElementById("preview-bar-iframe"); previewBar.style.display = "none";' successfully

2019-07-09 17:24:06 - [MESSAGE][PASSED] - Execute JavaScript 'var previewBar = document.getElementById("preview-bar-iframe"); previewBar.style.display = "none";' successfully

2019-07-09 17:24:06 - [TEST_STEP][PASSED] - maximizeWindow(): Current window maximized

2019-07-09 17:24:06 - [MESSAGE][PASSED] - Current window maximized

2019-07-09 17:24:06 - [MESSAGE][PASSED] - Call Test Case 'Test Cases/CALL - URL' successfully

2019-07-09 17:24:06 - [TEST_STEP][PASSED] - delay(1): Delayed 1 second(s)

2019-07-09 17:24:07 - [MESSAGE][PASSED] - Delayed 1 second(s)

2019-07-09 17:24:07 - [TEST_STEP][PASSED] - click(findTestObject("APOLLO- Desktop/Burger Menu/Burgermenu")): Object: 'Object Repository/APOLLO- Desktop/Burger Menu/Burgermenu' is clicked on

2019-07-09 17:24:08 - [MESSAGE][PASSED] - Object: 'Object Repository/APOLLO- Desktop/Burger Menu/Burgermenu' is clicked on

2019-07-09 17:24:08 - [TEST_STEP][PASSED] - delay(2): Delayed 2 second(s)

2019-07-09 17:24:10 - [MESSAGE][PASSED] - Delayed 2 second(s)

2019-07-09 17:24:10 - [TEST_STEP][PASSED] - click(findTestObject("APOLLO- Desktop/Burger Menu/Shop food")): Object: 'Object Repository/APOLLO- Desktop/Burger Menu/Shop food' is clicked on

2019-07-09 17:24:10 - [MESSAGE][PASSED] - Object: 'Object Repository/APOLLO- Desktop/Burger Menu/Shop food' is clicked on

2019-07-09 17:24:10 - [TEST_STEP][PASSED] - delay(2): Delayed 2 second(s)

2019-07-09 17:24:12 - [MESSAGE][PASSED] - Delayed 2 second(s)

2019-07-09 17:24:12 - [TEST_STEP][PASSED] - click(findTestObject("APOLLO- Desktop/Burger Menu/Beef")): Object: 'Object Repository/APOLLO- Desktop/Burger Menu/Beef' is clicked on

2019-07-09 17:24:12 - [MESSAGE][PASSED] - Object: 'Object Repository/APOLLO- Desktop/Burger Menu/Beef' is clicked on

2019-07-09 17:24:12 - [TEST_STEP][PASSED] - delay(2): Delayed 2 second(s)

2019-07-09 17:24:14 - [MESSAGE][PASSED] - Delayed 2 second(s)

2019-07-09 17:24:14 - [TEST_STEP][PASSED] - executeJavaScript("var previewBar = document.getElementById("preview-bar-iframe"); previewBar.style.display = "none";", []): Execute JavaScript 'var previewBar = document.getElementById("preview-bar-iframe"); previewBar.style.display = "none";' successfully

2019-07-09 17:24:14 - [MESSAGE][PASSED] - Execute JavaScript 'var previewBar = document.getElementById("preview-bar-iframe"); previewBar.style.display = "none";' successfully

2019-07-09 17:24:14 - [TEST_STEP][PASSED] - delay(2): Delayed 2 second(s)

2019-07-09 17:24:16 - [MESSAGE][PASSED] - Delayed 2 second(s)

2019-07-09 17:24:16 - [TEST_STEP][PASSED] - click(findTestObject("APOLLO- Desktop/Collection page/Beef skewers")): Object: 'Object Repository/APOLLO- Desktop/Collection page/Beef skewers' is clicked on

2019-07-09 17:24:17 - [MESSAGE][PASSED] - Object: 'Object Repository/APOLLO- Desktop/Collection page/Beef skewers' is clicked on

2019-07-09 17:24:17 - [TEST_STEP][PASSED] - executeJavaScript("var previewBar = document.getElementById("preview-bar-iframe"); previewBar.style.display = "none";", []): Execute JavaScript 'var previewBar = document.getElementById("preview-bar-iframe"); previewBar.style.display = "none";' successfully

2019-07-09 17:24:17 - [MESSAGE][PASSED] - Execute JavaScript 'var previewBar = document.getElementById("preview-bar-iframe"); previewBar.style.display = "none";' successfully

2019-07-09 17:24:17 - [TEST_STEP][PASSED] - delay(2): Delayed 2 second(s)

2019-07-09 17:24:19 - [MESSAGE][PASSED] - Delayed 2 second(s)

2019-07-09 17:24:19 - [TEST_STEP][PASSED] - click(findTestObject("APOLLO- Desktop/Product page/1 piece")): Object: 'Object Repository/APOLLO- Desktop/Product page/1 piece' is clicked on

2019-07-09 17:24:19 - [MESSAGE][PASSED] - Object: 'Object Repository/APOLLO- Desktop/Product page/1 piece' is clicked on

2019-07-09 17:24:19 - [TEST_STEP][PASSED] - delay(2): Delayed 2 second(s)

2019-07-09 17:24:22 - [MESSAGE][PASSED] - Delayed 2 second(s)

2019-07-09 17:24:22 - [TEST_STEP][PASSED] - click(findTestObject("APOLLO- Desktop/Product page/Add to bag")): Object: 'Object Repository/APOLLO- Desktop/Product page/Add to bag' is clicked on

2019-07-09 17:24:22 - [MESSAGE][PASSED] - Object: 'Object Repository/APOLLO- Desktop/Product page/Add to bag' is clicked on

2019-07-09 17:24:22 - [TEST_STEP][PASSED] - delay(2): Delayed 2 second(s)

2019-07-09 17:24:24 - [MESSAGE][PASSED] - Delayed 2 second(s)

2019-07-09 17:24:24 - [TEST_STEP][PASSED] - a = getText(findTestObject("APOLLO- Desktop/Cart flyout/Subtotal in cart flyout")): Text of object 'Object Repository/APOLLO- Desktop/Cart flyout/Subtotal in cart flyout' is: '$8.50'

2019-07-09 17:24:24 - [MESSAGE][PASSED] - Text of object 'Object Repository/APOLLO- Desktop/Cart flyout/Subtotal in cart flyout' is: '$8.50'

2019-07-09 17:24:24 - [TEST_STEP][PASSED] - comment("a=" + a): a=$8.50

2019-07-09 17:24:24 - [MESSAGE][INFO] - a=$8.50

2019-07-09 17:24:24 - [TEST_STEP][PASSED] - delay(2): Delayed 2 second(s)

2019-07-09 17:24:26 - [MESSAGE][PASSED] - Delayed 2 second(s)

2019-07-09 17:24:26 - [TEST_STEP][PASSED] - click(findTestObject("APOLLO- Desktop/Cart flyout/Increase quantity - cart flyout")): Object: 'Object Repository/APOLLO- Desktop/Cart flyout/Increase quantity - cart flyout' is clicked on

2019-07-09 17:24:26 - [MESSAGE][PASSED] - Object: 'Object Repository/APOLLO- Desktop/Cart flyout/Increase quantity - cart flyout' is clicked on

2019-07-09 17:24:26 - [TEST_STEP][PASSED] - delay(2): Delayed 2 second(s)

2019-07-09 17:24:28 - [MESSAGE][PASSED] - Delayed 2 second(s)

2019-07-09 17:24:28 - [TEST_STEP][PASSED] - click(findTestObject("APOLLO- Desktop/Cart flyout/Increase quantity - cart flyout")): Object: 'Object Repository/APOLLO- Desktop/Cart flyout/Increase quantity - cart flyout' is clicked on

2019-07-09 17:24:28 - [MESSAGE][PASSED] - Object: 'Object Repository/APOLLO- Desktop/Cart flyout/Increase quantity - cart flyout' is clicked on

2019-07-09 17:24:28 - [TEST_STEP][PASSED] - delay(2): Delayed 2 second(s)

2019-07-09 17:24:30 - [MESSAGE][PASSED] - Delayed 2 second(s)

2019-07-09 17:24:30 - [TEST_STEP][PASSED] - click(findTestObject("APOLLO- Desktop/random/Page_Apollo - Dark  Diff Apollo/CArt quanty update")): Object: 'Object Repository/APOLLO- Desktop/random/Page_Apollo - Dark  Diff Apollo/CArt quanty update' is clicked on

2019-07-09 17:24:30 - [MESSAGE][PASSED] - Object: 'Object Repository/APOLLO- Desktop/random/Page_Apollo - Dark  Diff Apollo/CArt quanty update' is clicked on

2019-07-09 17:24:30 - [TEST_STEP][PASSED] - delay(2): Delayed 2 second(s)

2019-07-09 17:24:32 - [MESSAGE][PASSED] - Delayed 2 second(s)

2019-07-09 17:24:32 - [TEST_STEP][PASSED] - click(findTestObject("APOLLO- Desktop/random/Page_Apollo - Dark  Diff Apollo/td_Wool Sweater")): Object: 'Object Repository/APOLLO- Desktop/random/Page_Apollo - Dark  Diff Apollo/td_Wool Sweater' is clicked on

2019-07-09 17:24:32 - [MESSAGE][PASSED] - Object: 'Object Repository/APOLLO- Desktop/random/Page_Apollo - Dark  Diff Apollo/td_Wool Sweater' is clicked on

2019-07-09 17:24:32 - [TEST_STEP][PASSED] - delay(2): Delayed 2 second(s)

2019-07-09 17:24:34 - [MESSAGE][PASSED] - Delayed 2 second(s)

2019-07-09 17:24:34 - [TEST_STEP][PASSED] - b = getText(findTestObject("APOLLO- Desktop/Cart flyout/Subtotal in cart flyout")): Text of object 'Object Repository/APOLLO- Desktop/Cart flyout/Subtotal in cart flyout' is: '$34.00'

2019-07-09 17:24:34 - [MESSAGE][PASSED] - Text of object 'Object Repository/APOLLO- Desktop/Cart flyout/Subtotal in cart flyout' is: '$34.00'

2019-07-09 17:24:34 - [TEST_STEP][PASSED] - comment("b=" + b): b=$34.00

2019-07-09 17:24:34 - [MESSAGE][INFO] - b=$34.00

2019-07-09 17:24:34 - [TEST_STEP][PASSED] - flag = verifyNotEqual("a", "b"): Actual object 'a' and expected object 'b' are not equal

2019-07-09 17:24:34 - [MESSAGE][PASSED] - Actual object 'a' and expected object 'b' are not equal

2019-07-09 17:24:34 - [TEST_STEP][PASSED] - if (flag == true): Quantity selector working

2019-07-09 17:24:34 - [TEST_STEP][PASSED] - comment("Quantity selector working"): Quantity selector working

2019-07-09 17:24:34 - [MESSAGE][INFO] - Quantity selector working

2019-07-09 17:24:34 - [TEST_STEP][PASSED] - delay(2): Delayed 2 second(s)

2019-07-09 17:24:36 - [MESSAGE][PASSED] - Delayed 2 second(s)

2019-07-09 17:24:36 - [TEST_STEP][PASSED] - click(findTestObject("APOLLO- Desktop/Cart flyout/Checkout")): Object: 'Object Repository/APOLLO- Desktop/Cart flyout/Checkout' is clicked on

2019-07-09 17:24:36 - [MESSAGE][PASSED] - Object: 'Object Repository/APOLLO- Desktop/Cart flyout/Checkout' is clicked on

2019-07-09 17:24:36 - [TEST_STEP][PASSED] - delay(2): Delayed 2 second(s)

2019-07-09 17:24:38 - [MESSAGE][PASSED] - Delayed 2 second(s)

2019-07-09 17:24:38 - [TEST_STEP][PASSED] - callTestCase(findTestCase("CALL- CUSTOMER INFO PAGE"), [:], STOP_ON_FAILURE): Call Test Case 'Test Cases/CALL- CUSTOMER INFO PAGE' successfully

2019-07-09 17:24:38 - [TEST_CASE][PASSED] - Test Cases/CALL- CUSTOMER INFO PAGE: Test Cases/CALL- CUSTOMER INFO PAGE

2019-07-09 17:24:38 - [TEST_STEP][PASSED] - delay(2): Delayed 2 second(s)

2019-07-09 17:24:40 - [MESSAGE][PASSED] - Delayed 2 second(s)

2019-07-09 17:24:40 - [TEST_STEP][PASSED] - executeJavaScript("var previewBar = document.getElementById("preview-bar-iframe"); previewBar.style.display = "none";", []): Execute JavaScript 'var previewBar = document.getElementById("preview-bar-iframe"); previewBar.style.display = "none";' successfully

2019-07-09 17:24:40 - [MESSAGE][PASSED] - Execute JavaScript 'var previewBar = document.getElementById("preview-bar-iframe"); previewBar.style.display = "none";' successfully

2019-07-09 17:24:40 - [TEST_STEP][PASSED] - setText(findTestObject("APOLLO- Desktop/Customer Information page/Email"), "suman@gmail.com"): Text 'suman@gmail.com' is set on object 'Object Repository/APOLLO- Desktop/Customer Information page/Email'

2019-07-09 17:24:40 - [MESSAGE][PASSED] - Text 'suman@gmail.com' is set on object 'Object Repository/APOLLO- Desktop/Customer Information page/Email'

2019-07-09 17:24:40 - [TEST_STEP][PASSED] - delay(2): Delayed 2 second(s)

2019-07-09 17:24:42 - [MESSAGE][PASSED] - Delayed 2 second(s)

2019-07-09 17:24:42 - [TEST_STEP][PASSED] - setText(findTestObject("APOLLO- Desktop/Customer Information page/First name"), "suman"): Text 'suman' is set on object 'Object Repository/APOLLO- Desktop/Customer Information page/First name'

2019-07-09 17:24:42 - [MESSAGE][PASSED] - Text 'suman' is set on object 'Object Repository/APOLLO- Desktop/Customer Information page/First name'

2019-07-09 17:24:42 - [TEST_STEP][PASSED] - delay(2): Delayed 2 second(s)

2019-07-09 17:24:44 - [MESSAGE][PASSED] - Delayed 2 second(s)

2019-07-09 17:24:44 - [TEST_STEP][PASSED] - setText(findTestObject("APOLLO- Desktop/Customer Information page/Last name"), "kompelly"): Text 'kompelly' is set on object 'Object Repository/APOLLO- Desktop/Customer Information page/Last name'

2019-07-09 17:24:44 - [MESSAGE][PASSED] - Text 'kompelly' is set on object 'Object Repository/APOLLO- Desktop/Customer Information page/Last name'

2019-07-09 17:24:44 - [TEST_STEP][PASSED] - delay(2): Delayed 2 second(s)

2019-07-09 17:24:46 - [MESSAGE][PASSED] - Delayed 2 second(s)

2019-07-09 17:24:46 - [TEST_STEP][PASSED] - setText(findTestObject("APOLLO- Desktop/Customer Information page/Address"), "1435 st alxendre"): Text '1435 st alxendre' is set on object 'Object Repository/APOLLO- Desktop/Customer Information page/Address'

2019-07-09 17:24:47 - [MESSAGE][PASSED] - Text '1435 st alxendre' is set on object 'Object Repository/APOLLO- Desktop/Customer Information page/Address'

2019-07-09 17:24:47 - [TEST_STEP][PASSED] - setText(findTestObject("APOLLO- Desktop/Customer Information page/Apartment"), "220"): Text '220' is set on object 'Object Repository/APOLLO- Desktop/Customer Information page/Apartment'

2019-07-09 17:24:47 - [MESSAGE][PASSED] - Text '220' is set on object 'Object Repository/APOLLO- Desktop/Customer Information page/Apartment'

2019-07-09 17:24:47 - [TEST_STEP][PASSED] - setText(findTestObject("APOLLO- Desktop/Customer Information page/City"), "montreal"): Text 'montreal' is set on object 'Object Repository/APOLLO- Desktop/Customer Information page/City'

2019-07-09 17:24:47 - [MESSAGE][PASSED] - Text 'montreal' is set on object 'Object Repository/APOLLO- Desktop/Customer Information page/City'

2019-07-09 17:24:47 - [TEST_STEP][PASSED] - selectOptionByValue(findTestObject("APOLLO- Desktop/Customer Information page/Country dropdown"), "United States", true): All options with value 'United States' are selected in object 'Object Repository/APOLLO- Desktop/Customer Information page/Country dropdown'  using regular expression

2019-07-09 17:24:50 - [MESSAGE][PASSED] - All options with value 'United States' are selected in object 'Object Repository/APOLLO- Desktop/Customer Information page/Country dropdown'  using regular expression

2019-07-09 17:24:50 - [TEST_STEP][PASSED] - selectOptionByValue(findTestObject("APOLLO- Desktop/Customer Information page/states dropdown"), "NJ", true): All options with value 'NJ' are selected in object 'Object Repository/APOLLO- Desktop/Customer Information page/states dropdown'  using regular expression

2019-07-09 17:24:51 - [MESSAGE][PASSED] - All options with value 'NJ' are selected in object 'Object Repository/APOLLO- Desktop/Customer Information page/states dropdown'  using regular expression

2019-07-09 17:24:51 - [TEST_STEP][PASSED] - setText(findTestObject("APOLLO- Desktop/Customer Information page/ZIP code"), "07057"): Text '07057' is set on object 'Object Repository/APOLLO- Desktop/Customer Information page/ZIP code'

2019-07-09 17:24:51 - [MESSAGE][PASSED] - Text '07057' is set on object 'Object Repository/APOLLO- Desktop/Customer Information page/ZIP code'

2019-07-09 17:24:51 - [MESSAGE][PASSED] - Call Test Case 'Test Cases/CALL- CUSTOMER INFO PAGE' successfully

2019-07-09 17:24:51 - [TEST_STEP][PASSED] - delay(2): Delayed 2 second(s)

2019-07-09 17:24:53 - [MESSAGE][PASSED] - Delayed 2 second(s)

2019-07-09 17:24:53 - [TEST_STEP][PASSED] - callTestCase(findTestCase("CALL - SHIPPING TO PAYMENT"), [:], STOP_ON_FAILURE): Call Test Case 'Test Cases/CALL - SHIPPING TO PAYMENT' successfully

2019-07-09 17:24:53 - [TEST_CASE][PASSED] - Test Cases/CALL - SHIPPING TO PAYMENT: Test Cases/CALL - SHIPPING TO PAYMENT

2019-07-09 17:24:53 - [TEST_STEP][PASSED] - click(findTestObject("APOLLO- Desktop/Customer Information page/Continue to shipping")): Object: 'Object Repository/APOLLO- Desktop/Customer Information page/Continue to shipping' is clicked on

2019-07-09 17:24:53 - [MESSAGE][PASSED] - Object: 'Object Repository/APOLLO- Desktop/Customer Information page/Continue to shipping' is clicked on

2019-07-09 17:24:53 - [TEST_STEP][PASSED] - executeJavaScript("var previewBar = document.getElementById("preview-bar-iframe"); previewBar.style.display = "none";", []): Execute JavaScript 'var previewBar = document.getElementById("preview-bar-iframe"); previewBar.style.display = "none";' successfully

2019-07-09 17:24:53 - [MESSAGE][PASSED] - Execute JavaScript 'var previewBar = document.getElementById("preview-bar-iframe"); previewBar.style.display = "none";' successfully

2019-07-09 17:24:53 - [TEST_STEP][PASSED] - click(findTestObject("APOLLO- Desktop/Shipping page/Radio button check")): Object: 'Object Repository/APOLLO- Desktop/Shipping page/Radio button check' is clicked on

2019-07-09 17:24:57 - [MESSAGE][PASSED] - Object: 'Object Repository/APOLLO- Desktop/Shipping page/Radio button check' is clicked on

2019-07-09 17:24:57 - [TEST_STEP][PASSED] - executeJavaScript("var previewBar = document.getElementById("preview-bar-iframe"); previewBar.style.display = "none";", []): Execute JavaScript 'var previewBar = document.getElementById("preview-bar-iframe"); previewBar.style.display = "none";' successfully

2019-07-09 17:24:57 - [MESSAGE][PASSED] - Execute JavaScript 'var previewBar = document.getElementById("preview-bar-iframe"); previewBar.style.display = "none";' successfully

2019-07-09 17:24:57 - [TEST_STEP][PASSED] - click(findTestObject("APOLLO- Desktop/Shipping page/Continue to payment")): Object: 'Object Repository/APOLLO- Desktop/Shipping page/Continue to payment' is clicked on

2019-07-09 17:24:57 - [MESSAGE][PASSED] - Object: 'Object Repository/APOLLO- Desktop/Shipping page/Continue to payment' is clicked on

2019-07-09 17:24:57 - [TEST_STEP][PASSED] - executeJavaScript("var previewBar = document.getElementById("preview-bar-iframe"); previewBar.style.display = "none";", []): Execute JavaScript 'var previewBar = document.getElementById("preview-bar-iframe"); previewBar.style.display = "none";' successfully

2019-07-09 17:24:57 - [MESSAGE][PASSED] - Execute JavaScript 'var previewBar = document.getElementById("preview-bar-iframe"); previewBar.style.display = "none";' successfully

2019-07-09 17:24:57 - [TEST_STEP][PASSED] - verifyTextPresent("Payment", false): Text 'Payment' is present on page 

2019-07-09 17:24:57 - [MESSAGE][PASSED] - Text 'Payment' is present on page 

2019-07-09 17:24:57 - [MESSAGE][PASSED] - Call Test Case 'Test Cases/CALL - SHIPPING TO PAYMENT' successfully]]></system-out>
         <system-err><![CDATA[]]></system-err>
      </testcase>
      <testcase name="Test Cases/CRITICAL PATH/Adding diff prods to cart" classname="Test Cases/CRITICAL PATH/Adding diff prods to cart" status="FAILED">
         <failure type="FAILED" message="Test Cases/CRITICAL PATH/Adding diff prods to cart FAILED.
Reason:
com.kms.katalon.core.exception.StepFailedException: Unable to execute JavaScript. (Root cause: org.openqa.selenium.JavascriptException: A JavaScript exception occured: null is not an object (evaluating 'previewBar.style')
Build info: version: '3.7.1', revision: '8a0099a', time: '2017-11-06T21:07:36.161Z'
System info: host: 'sumans-MacBook-Pro.local', ip: 'fe80:0:0:0:47c:ca88:4245:b7a7%en0', os.name: 'Mac OS X', os.arch: 'x86_64', os.version: '10.13.6', java.version: '1.8.0_181'
Driver info: com.kms.katalon.selenium.driver.CSafariDriver
Capabilities {acceptInsecureCerts: false, browserName: Safari, browserVersion: 12.1, javascriptEnabled: true, platform: MAC, platformName: MAC, safari:automaticInspection: false, safari:automaticProfiling: false, safari:diagnose: false, setWindowRect: true, strictFileInteractability: false, webkit:WebRTC: {DisableICECandidateFiltering: false, DisableInsecureMediaCapture: false}}
Session ID: 083B4538-DBF9-4124-BB66-6B13E71ECFF6)
	at com.kms.katalon.core.keyword.internal.KeywordMain.stepFailed(KeywordMain.groovy:36)
	at com.kms.katalon.core.webui.keyword.internal.WebUIKeywordMain.stepFailed(WebUIKeywordMain.groovy:65)
	at com.kms.katalon.core.webui.keyword.internal.WebUIKeywordMain.runKeyword(WebUIKeywordMain.groovy:27)
	at com.kms.katalon.core.webui.keyword.builtin.ExecuteJavaScriptKeyword.executeJavascript(ExecuteJavascriptKeyword.groovy:42)
	at com.kms.katalon.core.webui.keyword.builtin.ExecuteJavaScriptKeyword.execute(ExecuteJavascriptKeyword.groovy:37)
	at com.kms.katalon.core.keyword.internal.KeywordExecutor.executeKeywordForPlatform(KeywordExecutor.groovy:53)
	at com.kms.katalon.core.webui.keyword.WebUiBuiltInKeywords.executeJavaScript(WebUiBuiltInKeywords.groovy:3787)
	at com.kms.katalon.core.webui.keyword.WebUiBuiltInKeywords$executeJavaScript$1.call(Unknown Source)
	at CALL- CUSTOMER INFO PAGE.run(CALL- CUSTOMER INFO PAGE:19)
	at com.kms.katalon.core.main.ScriptEngine.run(ScriptEngine.java:194)
	at com.kms.katalon.core.main.ScriptEngine.runScriptAsRawText(ScriptEngine.java:119)
	at com.kms.katalon.core.main.TestCaseExecutor.runScript(TestCaseExecutor.java:328)
	at com.kms.katalon.core.main.TestCaseExecutor.doExecute(TestCaseExecutor.java:319)
	at com.kms.katalon.core.main.TestCaseExecutor.processExecutionPhase(TestCaseExecutor.java:298)
	at com.kms.katalon.core.main.TestCaseExecutor.accessMainPhase(TestCaseExecutor.java:290)
	at com.kms.katalon.core.main.TestCaseExecutor.execute(TestCaseExecutor.java:224)
	at com.kms.katalon.core.main.TestCaseMain.runTestCase(TestCaseMain.java:106)
	at com.kms.katalon.core.keyword.builtin.CallTestCaseKeyword$_callTestCase_closure1.doCall(CallTestCaseKeyword.groovy:59)
	at com.kms.katalon.core.keyword.builtin.CallTestCaseKeyword$_callTestCase_closure1.call(CallTestCaseKeyword.groovy)
	at com.kms.katalon.core.keyword.internal.KeywordMain.runKeyword(KeywordMain.groovy:54)
	at com.kms.katalon.core.keyword.builtin.CallTestCaseKeyword.callTestCase(CallTestCaseKeyword.groovy:80)
	at com.kms.katalon.core.keyword.builtin.CallTestCaseKeyword.execute(CallTestCaseKeyword.groovy:44)
	at com.kms.katalon.core.keyword.internal.KeywordExecutor.executeKeywordForPlatform(KeywordExecutor.groovy:53)
	at com.kms.katalon.core.keyword.BuiltinKeywords.callTestCase(BuiltinKeywords.groovy:334)
	at Adding diff prods to cart.run(Adding diff prods to cart:165)
	at com.kms.katalon.core.main.ScriptEngine.run(ScriptEngine.java:194)
	at com.kms.katalon.core.main.ScriptEngine.runScriptAsRawText(ScriptEngine.java:119)
	at com.kms.katalon.core.main.TestCaseExecutor.runScript(TestCaseExecutor.java:328)
	at com.kms.katalon.core.main.TestCaseExecutor.doExecute(TestCaseExecutor.java:319)
	at com.kms.katalon.core.main.TestCaseExecutor.processExecutionPhase(TestCaseExecutor.java:298)
	at com.kms.katalon.core.main.TestCaseExecutor.accessMainPhase(TestCaseExecutor.java:290)
	at com.kms.katalon.core.main.TestCaseExecutor.execute(TestCaseExecutor.java:224)
	at com.kms.katalon.core.main.TestSuiteExecutor.accessTestCaseMainPhase(TestSuiteExecutor.java:129)
	at com.kms.katalon.core.main.TestSuiteExecutor.accessTestSuiteMainPhase(TestSuiteExecutor.java:112)
	at com.kms.katalon.core.main.TestSuiteExecutor.execute(TestSuiteExecutor.java:81)
	at com.kms.katalon.core.main.TestCaseMain.startTestSuite(TestCaseMain.java:149)
	at com.kms.katalon.core.main.TestCaseMain$startTestSuite$0.call(Unknown Source)
	at TempTestSuite1562706763156.run(TempTestSuite1562706763156.groovy:36)
"/>
         <system-out><![CDATA[2019-07-09 17:24:57 - [TEST_CASE][FAILED] - Test Cases/CRITICAL PATH/Adding diff prods to cart: Test Cases/CRITICAL PATH/Adding diff prods to cart FAILED.
Reason:
com.kms.katalon.core.exception.StepFailedException: Unable to execute JavaScript. (Root cause: org.openqa.selenium.JavascriptException: A JavaScript exception occured: null is not an object (evaluating 'previewBar.style')
Build info: version: '3.7.1', revision: '8a0099a', time: '2017-11-06T21:07:36.161Z'
System info: host: 'sumans-MacBook-Pro.local', ip: 'fe80:0:0:0:47c:ca88:4245:b7a7%en0', os.name: 'Mac OS X', os.arch: 'x86_64', os.version: '10.13.6', java.version: '1.8.0_181'
Driver info: com.kms.katalon.selenium.driver.CSafariDriver
Capabilities {acceptInsecureCerts: false, browserName: Safari, browserVersion: 12.1, javascriptEnabled: true, platform: MAC, platformName: MAC, safari:automaticInspection: false, safari:automaticProfiling: false, safari:diagnose: false, setWindowRect: true, strictFileInteractability: false, webkit:WebRTC: {DisableICECandidateFiltering: false, DisableInsecureMediaCapture: false}}
Session ID: 083B4538-DBF9-4124-BB66-6B13E71ECFF6)
	at com.kms.katalon.core.keyword.internal.KeywordMain.stepFailed(KeywordMain.groovy:36)
	at com.kms.katalon.core.webui.keyword.internal.WebUIKeywordMain.stepFailed(WebUIKeywordMain.groovy:65)
	at com.kms.katalon.core.webui.keyword.internal.WebUIKeywordMain.runKeyword(WebUIKeywordMain.groovy:27)
	at com.kms.katalon.core.webui.keyword.builtin.ExecuteJavaScriptKeyword.executeJavascript(ExecuteJavascriptKeyword.groovy:42)
	at com.kms.katalon.core.webui.keyword.builtin.ExecuteJavaScriptKeyword.execute(ExecuteJavascriptKeyword.groovy:37)
	at com.kms.katalon.core.keyword.internal.KeywordExecutor.executeKeywordForPlatform(KeywordExecutor.groovy:53)
	at com.kms.katalon.core.webui.keyword.WebUiBuiltInKeywords.executeJavaScript(WebUiBuiltInKeywords.groovy:3787)
	at com.kms.katalon.core.webui.keyword.WebUiBuiltInKeywords$executeJavaScript$1.call(Unknown Source)
	at CALL- CUSTOMER INFO PAGE.run(CALL- CUSTOMER INFO PAGE:19)
	at com.kms.katalon.core.main.ScriptEngine.run(ScriptEngine.java:194)
	at com.kms.katalon.core.main.ScriptEngine.runScriptAsRawText(ScriptEngine.java:119)
	at com.kms.katalon.core.main.TestCaseExecutor.runScript(TestCaseExecutor.java:328)
	at com.kms.katalon.core.main.TestCaseExecutor.doExecute(TestCaseExecutor.java:319)
	at com.kms.katalon.core.main.TestCaseExecutor.processExecutionPhase(TestCaseExecutor.java:298)
	at com.kms.katalon.core.main.TestCaseExecutor.accessMainPhase(TestCaseExecutor.java:290)
	at com.kms.katalon.core.main.TestCaseExecutor.execute(TestCaseExecutor.java:224)
	at com.kms.katalon.core.main.TestCaseMain.runTestCase(TestCaseMain.java:106)
	at com.kms.katalon.core.keyword.builtin.CallTestCaseKeyword$_callTestCase_closure1.doCall(CallTestCaseKeyword.groovy:59)
	at com.kms.katalon.core.keyword.builtin.CallTestCaseKeyword$_callTestCase_closure1.call(CallTestCaseKeyword.groovy)
	at com.kms.katalon.core.keyword.internal.KeywordMain.runKeyword(KeywordMain.groovy:54)
	at com.kms.katalon.core.keyword.builtin.CallTestCaseKeyword.callTestCase(CallTestCaseKeyword.groovy:80)
	at com.kms.katalon.core.keyword.builtin.CallTestCaseKeyword.execute(CallTestCaseKeyword.groovy:44)
	at com.kms.katalon.core.keyword.internal.KeywordExecutor.executeKeywordForPlatform(KeywordExecutor.groovy:53)
	at com.kms.katalon.core.keyword.BuiltinKeywords.callTestCase(BuiltinKeywords.groovy:334)
	at Adding diff prods to cart.run(Adding diff prods to cart:165)
	at com.kms.katalon.core.main.ScriptEngine.run(ScriptEngine.java:194)
	at com.kms.katalon.core.main.ScriptEngine.runScriptAsRawText(ScriptEngine.java:119)
	at com.kms.katalon.core.main.TestCaseExecutor.runScript(TestCaseExecutor.java:328)
	at com.kms.katalon.core.main.TestCaseExecutor.doExecute(TestCaseExecutor.java:319)
	at com.kms.katalon.core.main.TestCaseExecutor.processExecutionPhase(TestCaseExecutor.java:298)
	at com.kms.katalon.core.main.TestCaseExecutor.accessMainPhase(TestCaseExecutor.java:290)
	at com.kms.katalon.core.main.TestCaseExecutor.execute(TestCaseExecutor.java:224)
	at com.kms.katalon.core.main.TestSuiteExecutor.accessTestCaseMainPhase(TestSuiteExecutor.java:129)
	at com.kms.katalon.core.main.TestSuiteExecutor.accessTestSuiteMainPhase(TestSuiteExecutor.java:112)
	at com.kms.katalon.core.main.TestSuiteExecutor.execute(TestSuiteExecutor.java:81)
	at com.kms.katalon.core.main.TestCaseMain.startTestSuite(TestCaseMain.java:149)
	at com.kms.katalon.core.main.TestCaseMain$startTestSuite$0.call(Unknown Source)
	at TempTestSuite1562706763156.run(TempTestSuite1562706763156.groovy:36)


2019-07-09 17:24:57 - [TEST_STEP][PASSED] - callTestCase(findTestCase("CALL - URL"), [:], STOP_ON_FAILURE): Call Test Case 'Test Cases/CALL - URL' successfully

2019-07-09 17:24:57 - [TEST_CASE][PASSED] - Test Cases/CALL - URL: Test Cases/CALL - URL

2019-07-09 17:24:57 - [TEST_STEP][PASSED] - openBrowser(""): Browser is opened with url: ''

2019-07-09 17:24:57 - [MESSAGE][WARNING] - A browser is already opened. Closing browser and opening a new one

2019-07-09 17:24:57 - [MESSAGE][INFO] - Starting 'Safari' driver

2019-07-09 17:24:58 - [MESSAGE][PASSED] - Browser is opened with url: ''

2019-07-09 17:24:58 - [TEST_STEP][PASSED] - navigateToUrl("https://apollo-fireball.myshopify.com/?_ab=0&_fd=0&_sc=1&key=96c2edace7b9967f3a77c2e2b131937136039831e9ec35f31598610005fa8795&preview_theme_id=46803124304"): Navigate to 'https://apollo-fireball.myshopify.com/?_ab=0&_fd=0&_sc=1&key=96c2edace7b9967f3a77c2e2b131937136039831e9ec35f31598610005fa8795&preview_theme_id=46803124304' successfully

2019-07-09 17:25:00 - [MESSAGE][PASSED] - Navigate to 'https://apollo-fireball.myshopify.com/?_ab=0&_fd=0&_sc=1&key=96c2edace7b9967f3a77c2e2b131937136039831e9ec35f31598610005fa8795&preview_theme_id=46803124304' successfully

2019-07-09 17:25:00 - [TEST_STEP][PASSED] - executeJavaScript("var previewBar = document.getElementById("preview-bar-iframe"); previewBar.style.display = "none";", []): Execute JavaScript 'var previewBar = document.getElementById("preview-bar-iframe"); previewBar.style.display = "none";' successfully

2019-07-09 17:25:00 - [MESSAGE][PASSED] - Execute JavaScript 'var previewBar = document.getElementById("preview-bar-iframe"); previewBar.style.display = "none";' successfully

2019-07-09 17:25:00 - [TEST_STEP][PASSED] - maximizeWindow(): Current window maximized

2019-07-09 17:25:00 - [MESSAGE][PASSED] - Current window maximized

2019-07-09 17:25:00 - [MESSAGE][PASSED] - Call Test Case 'Test Cases/CALL - URL' successfully

2019-07-09 17:25:00 - [TEST_STEP][PASSED] - click(findTestObject("APOLLO- Desktop/Burger Menu/Burgermenu")): Object: 'Object Repository/APOLLO- Desktop/Burger Menu/Burgermenu' is clicked on

2019-07-09 17:25:02 - [MESSAGE][PASSED] - Object: 'Object Repository/APOLLO- Desktop/Burger Menu/Burgermenu' is clicked on

2019-07-09 17:25:02 - [TEST_STEP][PASSED] - delay(2): Delayed 2 second(s)

2019-07-09 17:25:04 - [MESSAGE][PASSED] - Delayed 2 second(s)

2019-07-09 17:25:04 - [TEST_STEP][PASSED] - click(findTestObject("APOLLO- Desktop/Burger Menu/Shop food")): Object: 'Object Repository/APOLLO- Desktop/Burger Menu/Shop food' is clicked on

2019-07-09 17:25:04 - [MESSAGE][PASSED] - Object: 'Object Repository/APOLLO- Desktop/Burger Menu/Shop food' is clicked on

2019-07-09 17:25:04 - [TEST_STEP][PASSED] - delay(2): Delayed 2 second(s)

2019-07-09 17:25:06 - [MESSAGE][PASSED] - Delayed 2 second(s)

2019-07-09 17:25:06 - [TEST_STEP][PASSED] - click(findTestObject("APOLLO- Desktop/Burger Menu/Beef")): Object: 'Object Repository/APOLLO- Desktop/Burger Menu/Beef' is clicked on

2019-07-09 17:25:06 - [MESSAGE][PASSED] - Object: 'Object Repository/APOLLO- Desktop/Burger Menu/Beef' is clicked on

2019-07-09 17:25:06 - [TEST_STEP][PASSED] - delay(2): Delayed 2 second(s)

2019-07-09 17:25:08 - [MESSAGE][PASSED] - Delayed 2 second(s)

2019-07-09 17:25:08 - [TEST_STEP][PASSED] - executeJavaScript("var previewBar = document.getElementById("preview-bar-iframe"); previewBar.style.display = "none";", []): Execute JavaScript 'var previewBar = document.getElementById("preview-bar-iframe"); previewBar.style.display = "none";' successfully

2019-07-09 17:25:08 - [MESSAGE][PASSED] - Execute JavaScript 'var previewBar = document.getElementById("preview-bar-iframe"); previewBar.style.display = "none";' successfully

2019-07-09 17:25:08 - [TEST_STEP][PASSED] - delay(2): Delayed 2 second(s)

2019-07-09 17:25:10 - [MESSAGE][PASSED] - Delayed 2 second(s)

2019-07-09 17:25:10 - [TEST_STEP][PASSED] - click(findTestObject("APOLLO- Desktop/Collection page/Beef skewers")): Object: 'Object Repository/APOLLO- Desktop/Collection page/Beef skewers' is clicked on

2019-07-09 17:25:10 - [MESSAGE][PASSED] - Object: 'Object Repository/APOLLO- Desktop/Collection page/Beef skewers' is clicked on

2019-07-09 17:25:10 - [TEST_STEP][PASSED] - executeJavaScript("var previewBar = document.getElementById("preview-bar-iframe"); previewBar.style.display = "none";", []): Execute JavaScript 'var previewBar = document.getElementById("preview-bar-iframe"); previewBar.style.display = "none";' successfully

2019-07-09 17:25:10 - [MESSAGE][PASSED] - Execute JavaScript 'var previewBar = document.getElementById("preview-bar-iframe"); previewBar.style.display = "none";' successfully

2019-07-09 17:25:10 - [TEST_STEP][PASSED] - delay(2): Delayed 2 second(s)

2019-07-09 17:25:12 - [MESSAGE][PASSED] - Delayed 2 second(s)

2019-07-09 17:25:12 - [TEST_STEP][PASSED] - click(findTestObject("APOLLO- Desktop/Product page/1 piece")): Object: 'Object Repository/APOLLO- Desktop/Product page/1 piece' is clicked on

2019-07-09 17:25:12 - [MESSAGE][PASSED] - Object: 'Object Repository/APOLLO- Desktop/Product page/1 piece' is clicked on

2019-07-09 17:25:12 - [TEST_STEP][PASSED] - delay(2): Delayed 2 second(s)

2019-07-09 17:25:14 - [MESSAGE][PASSED] - Delayed 2 second(s)

2019-07-09 17:25:14 - [TEST_STEP][PASSED] - click(findTestObject("APOLLO- Desktop/Product page/Add to bag")): Object: 'Object Repository/APOLLO- Desktop/Product page/Add to bag' is clicked on

2019-07-09 17:25:14 - [MESSAGE][PASSED] - Object: 'Object Repository/APOLLO- Desktop/Product page/Add to bag' is clicked on

2019-07-09 17:25:14 - [TEST_STEP][PASSED] - delay(2): Delayed 2 second(s)

2019-07-09 17:25:16 - [MESSAGE][PASSED] - Delayed 2 second(s)

2019-07-09 17:25:16 - [TEST_STEP][PASSED] - click(findTestObject("APOLLO- Desktop/Cart flyout/Cart collapse")): Object: 'Object Repository/APOLLO- Desktop/Cart flyout/Cart collapse' is clicked on

2019-07-09 17:25:16 - [MESSAGE][PASSED] - Object: 'Object Repository/APOLLO- Desktop/Cart flyout/Cart collapse' is clicked on

2019-07-09 17:25:16 - [TEST_STEP][PASSED] - delay(2): Delayed 2 second(s)

2019-07-09 17:25:18 - [MESSAGE][PASSED] - Delayed 2 second(s)

2019-07-09 17:25:18 - [TEST_STEP][PASSED] - click(findTestObject("APOLLO- Desktop/Product page/2 piece")): Object: 'Object Repository/APOLLO- Desktop/Product page/2 piece' is clicked on

2019-07-09 17:25:18 - [MESSAGE][PASSED] - Object: 'Object Repository/APOLLO- Desktop/Product page/2 piece' is clicked on

2019-07-09 17:25:18 - [TEST_STEP][PASSED] - delay(2): Delayed 2 second(s)

2019-07-09 17:25:20 - [MESSAGE][PASSED] - Delayed 2 second(s)

2019-07-09 17:25:20 - [TEST_STEP][PASSED] - click(findTestObject("APOLLO- Desktop/Product page/Add to bag")): Object: 'Object Repository/APOLLO- Desktop/Product page/Add to bag' is clicked on

2019-07-09 17:25:21 - [MESSAGE][PASSED] - Object: 'Object Repository/APOLLO- Desktop/Product page/Add to bag' is clicked on

2019-07-09 17:25:21 - [TEST_STEP][PASSED] - delay(2): Delayed 2 second(s)

2019-07-09 17:25:23 - [MESSAGE][PASSED] - Delayed 2 second(s)

2019-07-09 17:25:23 - [TEST_STEP][PASSED] - click(findTestObject("APOLLO- Desktop/Cart flyout/Cart collapse")): Object: 'Object Repository/APOLLO- Desktop/Cart flyout/Cart collapse' is clicked on

2019-07-09 17:25:23 - [MESSAGE][PASSED] - Object: 'Object Repository/APOLLO- Desktop/Cart flyout/Cart collapse' is clicked on

2019-07-09 17:25:23 - [TEST_STEP][PASSED] - delay(2): Delayed 2 second(s)

2019-07-09 17:25:25 - [MESSAGE][PASSED] - Delayed 2 second(s)

2019-07-09 17:25:25 - [TEST_STEP][PASSED] - click(findTestObject("APOLLO- Desktop/Product page/3 piece")): Object: 'Object Repository/APOLLO- Desktop/Product page/3 piece' is clicked on

2019-07-09 17:25:25 - [MESSAGE][PASSED] - Object: 'Object Repository/APOLLO- Desktop/Product page/3 piece' is clicked on

2019-07-09 17:25:25 - [TEST_STEP][PASSED] - delay(2): Delayed 2 second(s)

2019-07-09 17:25:27 - [MESSAGE][PASSED] - Delayed 2 second(s)

2019-07-09 17:25:27 - [TEST_STEP][PASSED] - click(findTestObject("APOLLO- Desktop/Product page/Add to bag")): Object: 'Object Repository/APOLLO- Desktop/Product page/Add to bag' is clicked on

2019-07-09 17:25:27 - [MESSAGE][PASSED] - Object: 'Object Repository/APOLLO- Desktop/Product page/Add to bag' is clicked on

2019-07-09 17:25:27 - [TEST_STEP][PASSED] - delay(2): Delayed 2 second(s)

2019-07-09 17:25:29 - [MESSAGE][PASSED] - Delayed 2 second(s)

2019-07-09 17:25:29 - [TEST_STEP][PASSED] - click(findTestObject("APOLLO- Desktop/Cart flyout/Cart collapse")): Object: 'Object Repository/APOLLO- Desktop/Cart flyout/Cart collapse' is clicked on

2019-07-09 17:25:29 - [MESSAGE][PASSED] - Object: 'Object Repository/APOLLO- Desktop/Cart flyout/Cart collapse' is clicked on

2019-07-09 17:25:29 - [TEST_STEP][PASSED] - delay(2): Delayed 2 second(s)

2019-07-09 17:25:31 - [MESSAGE][PASSED] - Delayed 2 second(s)

2019-07-09 17:25:31 - [TEST_STEP][PASSED] - click(findTestObject("APOLLO- Desktop/Burger Menu/Burgermenu")): Object: 'Object Repository/APOLLO- Desktop/Burger Menu/Burgermenu' is clicked on

2019-07-09 17:25:31 - [MESSAGE][PASSED] - Object: 'Object Repository/APOLLO- Desktop/Burger Menu/Burgermenu' is clicked on

2019-07-09 17:25:31 - [TEST_STEP][PASSED] - delay(2): Delayed 2 second(s)

2019-07-09 17:25:33 - [MESSAGE][PASSED] - Delayed 2 second(s)

2019-07-09 17:25:33 - [TEST_STEP][PASSED] - click(findTestObject("APOLLO- Desktop/Burger Menu/Shop food")): Object: 'Object Repository/APOLLO- Desktop/Burger Menu/Shop food' is clicked on

2019-07-09 17:25:33 - [MESSAGE][PASSED] - Object: 'Object Repository/APOLLO- Desktop/Burger Menu/Shop food' is clicked on

2019-07-09 17:25:33 - [TEST_STEP][PASSED] - delay(2): Delayed 2 second(s)

2019-07-09 17:25:35 - [MESSAGE][PASSED] - Delayed 2 second(s)

2019-07-09 17:25:35 - [TEST_STEP][PASSED] - click(findTestObject("APOLLO- Desktop/Burger Menu/Chicken")): Object: 'Object Repository/APOLLO- Desktop/Burger Menu/Chicken' is clicked on

2019-07-09 17:25:35 - [MESSAGE][PASSED] - Object: 'Object Repository/APOLLO- Desktop/Burger Menu/Chicken' is clicked on

2019-07-09 17:25:35 - [TEST_STEP][PASSED] - executeJavaScript("var previewBar = document.getElementById("preview-bar-iframe"); previewBar.style.display = "none";", []): Execute JavaScript 'var previewBar = document.getElementById("preview-bar-iframe"); previewBar.style.display = "none";' successfully

2019-07-09 17:25:35 - [MESSAGE][PASSED] - Execute JavaScript 'var previewBar = document.getElementById("preview-bar-iframe"); previewBar.style.display = "none";' successfully

2019-07-09 17:25:35 - [TEST_STEP][PASSED] - delay(2): Delayed 2 second(s)

2019-07-09 17:25:37 - [MESSAGE][PASSED] - Delayed 2 second(s)

2019-07-09 17:25:37 - [TEST_STEP][PASSED] - click(findTestObject("APOLLO- Desktop/Collection page/Grilled lemon chicken")): Object: 'Object Repository/APOLLO- Desktop/Collection page/Grilled lemon chicken' is clicked on

2019-07-09 17:25:38 - [MESSAGE][PASSED] - Object: 'Object Repository/APOLLO- Desktop/Collection page/Grilled lemon chicken' is clicked on

2019-07-09 17:25:38 - [TEST_STEP][PASSED] - delay(2): Delayed 2 second(s)

2019-07-09 17:25:40 - [MESSAGE][PASSED] - Delayed 2 second(s)

2019-07-09 17:25:40 - [TEST_STEP][PASSED] - click(findTestObject("APOLLO- Desktop/Product page/1 piece")): Object: 'Object Repository/APOLLO- Desktop/Product page/1 piece' is clicked on

2019-07-09 17:25:40 - [MESSAGE][PASSED] - Object: 'Object Repository/APOLLO- Desktop/Product page/1 piece' is clicked on

2019-07-09 17:25:40 - [TEST_STEP][PASSED] - delay(2): Delayed 2 second(s)

2019-07-09 17:25:42 - [MESSAGE][PASSED] - Delayed 2 second(s)

2019-07-09 17:25:42 - [TEST_STEP][PASSED] - click(findTestObject("APOLLO- Desktop/Product page/Add to bag")): Object: 'Object Repository/APOLLO- Desktop/Product page/Add to bag' is clicked on

2019-07-09 17:25:42 - [MESSAGE][PASSED] - Object: 'Object Repository/APOLLO- Desktop/Product page/Add to bag' is clicked on

2019-07-09 17:25:42 - [TEST_STEP][PASSED] - delay(2): Delayed 2 second(s)

2019-07-09 17:25:44 - [MESSAGE][PASSED] - Delayed 2 second(s)

2019-07-09 17:25:44 - [TEST_STEP][PASSED] - click(findTestObject("APOLLO- Desktop/Cart flyout/Cart collapse")): Object: 'Object Repository/APOLLO- Desktop/Cart flyout/Cart collapse' is clicked on

2019-07-09 17:25:44 - [MESSAGE][PASSED] - Object: 'Object Repository/APOLLO- Desktop/Cart flyout/Cart collapse' is clicked on

2019-07-09 17:25:44 - [TEST_STEP][PASSED] - delay(2): Delayed 2 second(s)

2019-07-09 17:25:46 - [MESSAGE][PASSED] - Delayed 2 second(s)

2019-07-09 17:25:46 - [TEST_STEP][PASSED] - click(findTestObject("APOLLO- Desktop/Product page/2 piece")): Object: 'Object Repository/APOLLO- Desktop/Product page/2 piece' is clicked on

2019-07-09 17:25:46 - [MESSAGE][PASSED] - Object: 'Object Repository/APOLLO- Desktop/Product page/2 piece' is clicked on

2019-07-09 17:25:46 - [TEST_STEP][PASSED] - delay(2): Delayed 2 second(s)

2019-07-09 17:25:48 - [MESSAGE][PASSED] - Delayed 2 second(s)

2019-07-09 17:25:48 - [TEST_STEP][PASSED] - click(findTestObject("APOLLO- Desktop/Product page/Add to bag")): Object: 'Object Repository/APOLLO- Desktop/Product page/Add to bag' is clicked on

2019-07-09 17:25:48 - [MESSAGE][PASSED] - Object: 'Object Repository/APOLLO- Desktop/Product page/Add to bag' is clicked on

2019-07-09 17:25:48 - [TEST_STEP][PASSED] - delay(2): Delayed 2 second(s)

2019-07-09 17:25:50 - [MESSAGE][PASSED] - Delayed 2 second(s)

2019-07-09 17:25:50 - [TEST_STEP][PASSED] - click(findTestObject("APOLLO- Desktop/Cart flyout/Cart collapse")): Object: 'Object Repository/APOLLO- Desktop/Cart flyout/Cart collapse' is clicked on

2019-07-09 17:25:50 - [MESSAGE][PASSED] - Object: 'Object Repository/APOLLO- Desktop/Cart flyout/Cart collapse' is clicked on

2019-07-09 17:25:50 - [TEST_STEP][PASSED] - delay(2): Delayed 2 second(s)

2019-07-09 17:25:52 - [MESSAGE][PASSED] - Delayed 2 second(s)

2019-07-09 17:25:52 - [TEST_STEP][PASSED] - click(findTestObject("APOLLO- Desktop/Product page/3 piece")): Object: 'Object Repository/APOLLO- Desktop/Product page/3 piece' is clicked on

2019-07-09 17:25:52 - [MESSAGE][PASSED] - Object: 'Object Repository/APOLLO- Desktop/Product page/3 piece' is clicked on

2019-07-09 17:25:52 - [TEST_STEP][PASSED] - delay(2): Delayed 2 second(s)

2019-07-09 17:25:54 - [MESSAGE][PASSED] - Delayed 2 second(s)

2019-07-09 17:25:54 - [TEST_STEP][PASSED] - click(findTestObject("APOLLO- Desktop/Product page/Add to bag")): Object: 'Object Repository/APOLLO- Desktop/Product page/Add to bag' is clicked on

2019-07-09 17:25:54 - [MESSAGE][PASSED] - Object: 'Object Repository/APOLLO- Desktop/Product page/Add to bag' is clicked on

2019-07-09 17:25:54 - [TEST_STEP][PASSED] - delay(2): Delayed 2 second(s)

2019-07-09 17:25:56 - [MESSAGE][PASSED] - Delayed 2 second(s)

2019-07-09 17:25:56 - [TEST_STEP][PASSED] - click(findTestObject("APOLLO- Desktop/Cart flyout/Cart collapse")): Object: 'Object Repository/APOLLO- Desktop/Cart flyout/Cart collapse' is clicked on

2019-07-09 17:25:57 - [MESSAGE][PASSED] - Object: 'Object Repository/APOLLO- Desktop/Cart flyout/Cart collapse' is clicked on

2019-07-09 17:25:57 - [TEST_STEP][PASSED] - delay(2): Delayed 2 second(s)

2019-07-09 17:25:59 - [MESSAGE][PASSED] - Delayed 2 second(s)

2019-07-09 17:25:59 - [TEST_STEP][PASSED] - click(findTestObject("APOLLO- Desktop/Burger Menu/Burgermenu")): Object: 'Object Repository/APOLLO- Desktop/Burger Menu/Burgermenu' is clicked on

2019-07-09 17:25:59 - [MESSAGE][PASSED] - Object: 'Object Repository/APOLLO- Desktop/Burger Menu/Burgermenu' is clicked on

2019-07-09 17:25:59 - [TEST_STEP][PASSED] - delay(2): Delayed 2 second(s)

2019-07-09 17:26:01 - [MESSAGE][PASSED] - Delayed 2 second(s)

2019-07-09 17:26:01 - [TEST_STEP][PASSED] - click(findTestObject("APOLLO- Desktop/Burger Menu/Shop food")): Object: 'Object Repository/APOLLO- Desktop/Burger Menu/Shop food' is clicked on

2019-07-09 17:26:01 - [MESSAGE][PASSED] - Object: 'Object Repository/APOLLO- Desktop/Burger Menu/Shop food' is clicked on

2019-07-09 17:26:01 - [TEST_STEP][PASSED] - delay(2): Delayed 2 second(s)

2019-07-09 17:26:03 - [MESSAGE][PASSED] - Delayed 2 second(s)

2019-07-09 17:26:03 - [TEST_STEP][PASSED] - click(findTestObject("APOLLO- Desktop/Burger Menu/Pork")): Object: 'Object Repository/APOLLO- Desktop/Burger Menu/Pork' is clicked on

2019-07-09 17:26:03 - [MESSAGE][PASSED] - Object: 'Object Repository/APOLLO- Desktop/Burger Menu/Pork' is clicked on

2019-07-09 17:26:03 - [TEST_STEP][PASSED] - executeJavaScript("var previewBar = document.getElementById("preview-bar-iframe"); previewBar.style.display = "none";", []): Execute JavaScript 'var previewBar = document.getElementById("preview-bar-iframe"); previewBar.style.display = "none";' successfully

2019-07-09 17:26:03 - [MESSAGE][PASSED] - Execute JavaScript 'var previewBar = document.getElementById("preview-bar-iframe"); previewBar.style.display = "none";' successfully

2019-07-09 17:26:03 - [TEST_STEP][PASSED] - delay(2): Delayed 2 second(s)

2019-07-09 17:26:05 - [MESSAGE][PASSED] - Delayed 2 second(s)

2019-07-09 17:26:05 - [TEST_STEP][PASSED] - click(findTestObject("APOLLO- Desktop/Collection page/BBQ Ribs")): Object: 'Object Repository/APOLLO- Desktop/Collection page/BBQ Ribs' is clicked on

2019-07-09 17:26:06 - [MESSAGE][PASSED] - Object: 'Object Repository/APOLLO- Desktop/Collection page/BBQ Ribs' is clicked on

2019-07-09 17:26:06 - [TEST_STEP][PASSED] - delay(2): Delayed 2 second(s)

2019-07-09 17:26:08 - [MESSAGE][PASSED] - Delayed 2 second(s)

2019-07-09 17:26:08 - [TEST_STEP][PASSED] - click(findTestObject("APOLLO- Desktop/Product page/1 lb")): Object: 'Object Repository/APOLLO- Desktop/Product page/1 lb' is clicked on

2019-07-09 17:26:11 - [MESSAGE][PASSED] - Object: 'Object Repository/APOLLO- Desktop/Product page/1 lb' is clicked on

2019-07-09 17:26:11 - [TEST_STEP][PASSED] - delay(2): Delayed 2 second(s)

2019-07-09 17:26:13 - [MESSAGE][PASSED] - Delayed 2 second(s)

2019-07-09 17:26:13 - [TEST_STEP][PASSED] - click(findTestObject("APOLLO- Desktop/Product page/Add to bag")): Object: 'Object Repository/APOLLO- Desktop/Product page/Add to bag' is clicked on

2019-07-09 17:26:13 - [MESSAGE][PASSED] - Object: 'Object Repository/APOLLO- Desktop/Product page/Add to bag' is clicked on

2019-07-09 17:26:13 - [TEST_STEP][PASSED] - delay(2): Delayed 2 second(s)

2019-07-09 17:26:15 - [MESSAGE][PASSED] - Delayed 2 second(s)

2019-07-09 17:26:15 - [TEST_STEP][PASSED] - executeJavaScript("var previewBar = document.getElementById("preview-bar-iframe"); previewBar.style.display = "none";", []): Execute JavaScript 'var previewBar = document.getElementById("preview-bar-iframe"); previewBar.style.display = "none";' successfully

2019-07-09 17:26:15 - [MESSAGE][PASSED] - Execute JavaScript 'var previewBar = document.getElementById("preview-bar-iframe"); previewBar.style.display = "none";' successfully

2019-07-09 17:26:15 - [TEST_STEP][PASSED] - click(findTestObject("APOLLO- Desktop/Cart flyout/Checkout")): Object: 'Object Repository/APOLLO- Desktop/Cart flyout/Checkout' is clicked on

2019-07-09 17:26:15 - [MESSAGE][PASSED] - Object: 'Object Repository/APOLLO- Desktop/Cart flyout/Checkout' is clicked on

2019-07-09 17:26:15 - [TEST_STEP][FAILED] - callTestCase(findTestCase("CALL- CUSTOMER INFO PAGE"), [:], STOP_ON_FAILURE): callTestCase(findTestCase("CALL- CUSTOMER INFO PAGE"), [:], STOP_ON_FAILURE) FAILED.
Reason:
com.kms.katalon.core.exception.StepFailedException: Unable to execute JavaScript. (Root cause: org.openqa.selenium.JavascriptException: A JavaScript exception occured: null is not an object (evaluating 'previewBar.style')
Build info: version: '3.7.1', revision: '8a0099a', time: '2017-11-06T21:07:36.161Z'
System info: host: 'sumans-MacBook-Pro.local', ip: 'fe80:0:0:0:47c:ca88:4245:b7a7%en0', os.name: 'Mac OS X', os.arch: 'x86_64', os.version: '10.13.6', java.version: '1.8.0_181'
Driver info: com.kms.katalon.selenium.driver.CSafariDriver
Capabilities {acceptInsecureCerts: false, browserName: Safari, browserVersion: 12.1, javascriptEnabled: true, platform: MAC, platformName: MAC, safari:automaticInspection: false, safari:automaticProfiling: false, safari:diagnose: false, setWindowRect: true, strictFileInteractability: false, webkit:WebRTC: {DisableICECandidateFiltering: false, DisableInsecureMediaCapture: false}}
Session ID: 083B4538-DBF9-4124-BB66-6B13E71ECFF6)
	at com.kms.katalon.core.keyword.internal.KeywordMain.stepFailed(KeywordMain.groovy:36)
	at com.kms.katalon.core.webui.keyword.internal.WebUIKeywordMain.stepFailed(WebUIKeywordMain.groovy:65)
	at com.kms.katalon.core.webui.keyword.internal.WebUIKeywordMain.runKeyword(WebUIKeywordMain.groovy:27)
	at com.kms.katalon.core.webui.keyword.builtin.ExecuteJavaScriptKeyword.executeJavascript(ExecuteJavascriptKeyword.groovy:42)
	at com.kms.katalon.core.webui.keyword.builtin.ExecuteJavaScriptKeyword.execute(ExecuteJavascriptKeyword.groovy:37)
	at com.kms.katalon.core.keyword.internal.KeywordExecutor.executeKeywordForPlatform(KeywordExecutor.groovy:53)
	at com.kms.katalon.core.webui.keyword.WebUiBuiltInKeywords.executeJavaScript(WebUiBuiltInKeywords.groovy:3787)
	at com.kms.katalon.core.webui.keyword.WebUiBuiltInKeywords$executeJavaScript$1.call(Unknown Source)
	at CALL- CUSTOMER INFO PAGE.run(CALL- CUSTOMER INFO PAGE:19)
	at com.kms.katalon.core.main.ScriptEngine.run(ScriptEngine.java:194)
	at com.kms.katalon.core.main.ScriptEngine.runScriptAsRawText(ScriptEngine.java:119)
	at com.kms.katalon.core.main.TestCaseExecutor.runScript(TestCaseExecutor.java:328)
	at com.kms.katalon.core.main.TestCaseExecutor.doExecute(TestCaseExecutor.java:319)
	at com.kms.katalon.core.main.TestCaseExecutor.processExecutionPhase(TestCaseExecutor.java:298)
	at com.kms.katalon.core.main.TestCaseExecutor.accessMainPhase(TestCaseExecutor.java:290)
	at com.kms.katalon.core.main.TestCaseExecutor.execute(TestCaseExecutor.java:224)
	at com.kms.katalon.core.main.TestCaseMain.runTestCase(TestCaseMain.java:106)
	at com.kms.katalon.core.keyword.builtin.CallTestCaseKeyword$_callTestCase_closure1.doCall(CallTestCaseKeyword.groovy:59)
	at com.kms.katalon.core.keyword.builtin.CallTestCaseKeyword$_callTestCase_closure1.call(CallTestCaseKeyword.groovy)
	at com.kms.katalon.core.keyword.internal.KeywordMain.runKeyword(KeywordMain.groovy:54)
	at com.kms.katalon.core.keyword.builtin.CallTestCaseKeyword.callTestCase(CallTestCaseKeyword.groovy:80)
	at com.kms.katalon.core.keyword.builtin.CallTestCaseKeyword.execute(CallTestCaseKeyword.groovy:44)
	at com.kms.katalon.core.keyword.internal.KeywordExecutor.executeKeywordForPlatform(KeywordExecutor.groovy:53)
	at com.kms.katalon.core.keyword.BuiltinKeywords.callTestCase(BuiltinKeywords.groovy:334)
	at Adding diff prods to cart.run(Adding diff prods to cart:165)
	at com.kms.katalon.core.main.ScriptEngine.run(ScriptEngine.java:194)
	at com.kms.katalon.core.main.ScriptEngine.runScriptAsRawText(ScriptEngine.java:119)
	at com.kms.katalon.core.main.TestCaseExecutor.runScript(TestCaseExecutor.java:328)
	at com.kms.katalon.core.main.TestCaseExecutor.doExecute(TestCaseExecutor.java:319)
	at com.kms.katalon.core.main.TestCaseExecutor.processExecutionPhase(TestCaseExecutor.java:298)
	at com.kms.katalon.core.main.TestCaseExecutor.accessMainPhase(TestCaseExecutor.java:290)
	at com.kms.katalon.core.main.TestCaseExecutor.execute(TestCaseExecutor.java:224)
	at com.kms.katalon.core.main.TestSuiteExecutor.accessTestCaseMainPhase(TestSuiteExecutor.java:129)
	at com.kms.katalon.core.main.TestSuiteExecutor.accessTestSuiteMainPhase(TestSuiteExecutor.java:112)
	at com.kms.katalon.core.main.TestSuiteExecutor.execute(TestSuiteExecutor.java:81)
	at com.kms.katalon.core.main.TestCaseMain.startTestSuite(TestCaseMain.java:149)
	at com.kms.katalon.core.main.TestCaseMain$startTestSuite$0.call(Unknown Source)
	at TempTestSuite1562706763156.run(TempTestSuite1562706763156.groovy:36)


2019-07-09 17:26:15 - [TEST_CASE][FAILED] - Test Cases/CALL- CUSTOMER INFO PAGE: Test Cases/CALL- CUSTOMER INFO PAGE FAILED.
Reason:
com.kms.katalon.core.exception.StepFailedException: Unable to execute JavaScript. (Root cause: org.openqa.selenium.JavascriptException: A JavaScript exception occured: null is not an object (evaluating 'previewBar.style')
Build info: version: '3.7.1', revision: '8a0099a', time: '2017-11-06T21:07:36.161Z'
System info: host: 'sumans-MacBook-Pro.local', ip: 'fe80:0:0:0:47c:ca88:4245:b7a7%en0', os.name: 'Mac OS X', os.arch: 'x86_64', os.version: '10.13.6', java.version: '1.8.0_181'
Driver info: com.kms.katalon.selenium.driver.CSafariDriver
Capabilities {acceptInsecureCerts: false, browserName: Safari, browserVersion: 12.1, javascriptEnabled: true, platform: MAC, platformName: MAC, safari:automaticInspection: false, safari:automaticProfiling: false, safari:diagnose: false, setWindowRect: true, strictFileInteractability: false, webkit:WebRTC: {DisableICECandidateFiltering: false, DisableInsecureMediaCapture: false}}
Session ID: 083B4538-DBF9-4124-BB66-6B13E71ECFF6)
	at com.kms.katalon.core.keyword.internal.KeywordMain.stepFailed(KeywordMain.groovy:36)
	at com.kms.katalon.core.webui.keyword.internal.WebUIKeywordMain.stepFailed(WebUIKeywordMain.groovy:65)
	at com.kms.katalon.core.webui.keyword.internal.WebUIKeywordMain.runKeyword(WebUIKeywordMain.groovy:27)
	at com.kms.katalon.core.webui.keyword.builtin.ExecuteJavaScriptKeyword.executeJavascript(ExecuteJavascriptKeyword.groovy:42)
	at com.kms.katalon.core.webui.keyword.builtin.ExecuteJavaScriptKeyword.execute(ExecuteJavascriptKeyword.groovy:37)
	at com.kms.katalon.core.keyword.internal.KeywordExecutor.executeKeywordForPlatform(KeywordExecutor.groovy:53)
	at com.kms.katalon.core.webui.keyword.WebUiBuiltInKeywords.executeJavaScript(WebUiBuiltInKeywords.groovy:3787)
	at com.kms.katalon.core.webui.keyword.WebUiBuiltInKeywords$executeJavaScript$1.call(Unknown Source)
	at CALL- CUSTOMER INFO PAGE.run(CALL- CUSTOMER INFO PAGE:19)
	at com.kms.katalon.core.main.ScriptEngine.run(ScriptEngine.java:194)
	at com.kms.katalon.core.main.ScriptEngine.runScriptAsRawText(ScriptEngine.java:119)
	at com.kms.katalon.core.main.TestCaseExecutor.runScript(TestCaseExecutor.java:328)
	at com.kms.katalon.core.main.TestCaseExecutor.doExecute(TestCaseExecutor.java:319)
	at com.kms.katalon.core.main.TestCaseExecutor.processExecutionPhase(TestCaseExecutor.java:298)
	at com.kms.katalon.core.main.TestCaseExecutor.accessMainPhase(TestCaseExecutor.java:290)
	at com.kms.katalon.core.main.TestCaseExecutor.execute(TestCaseExecutor.java:224)
	at com.kms.katalon.core.main.TestCaseMain.runTestCase(TestCaseMain.java:106)
	at com.kms.katalon.core.keyword.builtin.CallTestCaseKeyword$_callTestCase_closure1.doCall(CallTestCaseKeyword.groovy:59)
	at com.kms.katalon.core.keyword.builtin.CallTestCaseKeyword$_callTestCase_closure1.call(CallTestCaseKeyword.groovy)
	at com.kms.katalon.core.keyword.internal.KeywordMain.runKeyword(KeywordMain.groovy:54)
	at com.kms.katalon.core.keyword.builtin.CallTestCaseKeyword.callTestCase(CallTestCaseKeyword.groovy:80)
	at com.kms.katalon.core.keyword.builtin.CallTestCaseKeyword.execute(CallTestCaseKeyword.groovy:44)
	at com.kms.katalon.core.keyword.internal.KeywordExecutor.executeKeywordForPlatform(KeywordExecutor.groovy:53)
	at com.kms.katalon.core.keyword.BuiltinKeywords.callTestCase(BuiltinKeywords.groovy:334)
	at Adding diff prods to cart.run(Adding diff prods to cart:165)
	at com.kms.katalon.core.main.ScriptEngine.run(ScriptEngine.java:194)
	at com.kms.katalon.core.main.ScriptEngine.runScriptAsRawText(ScriptEngine.java:119)
	at com.kms.katalon.core.main.TestCaseExecutor.runScript(TestCaseExecutor.java:328)
	at com.kms.katalon.core.main.TestCaseExecutor.doExecute(TestCaseExecutor.java:319)
	at com.kms.katalon.core.main.TestCaseExecutor.processExecutionPhase(TestCaseExecutor.java:298)
	at com.kms.katalon.core.main.TestCaseExecutor.accessMainPhase(TestCaseExecutor.java:290)
	at com.kms.katalon.core.main.TestCaseExecutor.execute(TestCaseExecutor.java:224)
	at com.kms.katalon.core.main.TestSuiteExecutor.accessTestCaseMainPhase(TestSuiteExecutor.java:129)
	at com.kms.katalon.core.main.TestSuiteExecutor.accessTestSuiteMainPhase(TestSuiteExecutor.java:112)
	at com.kms.katalon.core.main.TestSuiteExecutor.execute(TestSuiteExecutor.java:81)
	at com.kms.katalon.core.main.TestCaseMain.startTestSuite(TestCaseMain.java:149)
	at com.kms.katalon.core.main.TestCaseMain$startTestSuite$0.call(Unknown Source)
	at TempTestSuite1562706763156.run(TempTestSuite1562706763156.groovy:36)


2019-07-09 17:26:15 - [TEST_STEP][PASSED] - delay(2): Delayed 2 second(s)

2019-07-09 17:26:17 - [MESSAGE][PASSED] - Delayed 2 second(s)

2019-07-09 17:26:17 - [TEST_STEP][FAILED] - executeJavaScript("var previewBar = document.getElementById("preview-bar-iframe"); previewBar.style.display = "none";", []): executeJavaScript("var previewBar = document.getElementById("preview-bar-iframe"); previewBar.style.display = "none";", []) FAILED.
Reason:
com.kms.katalon.core.exception.StepFailedException: Unable to execute JavaScript. (Root cause: org.openqa.selenium.JavascriptException: A JavaScript exception occured: null is not an object (evaluating 'previewBar.style')
Build info: version: '3.7.1', revision: '8a0099a', time: '2017-11-06T21:07:36.161Z'
System info: host: 'sumans-MacBook-Pro.local', ip: 'fe80:0:0:0:47c:ca88:4245:b7a7%en0', os.name: 'Mac OS X', os.arch: 'x86_64', os.version: '10.13.6', java.version: '1.8.0_181'
Driver info: com.kms.katalon.selenium.driver.CSafariDriver
Capabilities {acceptInsecureCerts: false, browserName: Safari, browserVersion: 12.1, javascriptEnabled: true, platform: MAC, platformName: MAC, safari:automaticInspection: false, safari:automaticProfiling: false, safari:diagnose: false, setWindowRect: true, strictFileInteractability: false, webkit:WebRTC: {DisableICECandidateFiltering: false, DisableInsecureMediaCapture: false}}
Session ID: 083B4538-DBF9-4124-BB66-6B13E71ECFF6)
	at com.kms.katalon.core.keyword.internal.KeywordMain.stepFailed(KeywordMain.groovy:36)
	at com.kms.katalon.core.webui.keyword.internal.WebUIKeywordMain.stepFailed(WebUIKeywordMain.groovy:65)
	at com.kms.katalon.core.webui.keyword.internal.WebUIKeywordMain.runKeyword(WebUIKeywordMain.groovy:27)
	at com.kms.katalon.core.webui.keyword.builtin.ExecuteJavaScriptKeyword.executeJavascript(ExecuteJavascriptKeyword.groovy:42)
	at com.kms.katalon.core.webui.keyword.builtin.ExecuteJavaScriptKeyword.execute(ExecuteJavascriptKeyword.groovy:37)
	at com.kms.katalon.core.keyword.internal.KeywordExecutor.executeKeywordForPlatform(KeywordExecutor.groovy:53)
	at com.kms.katalon.core.webui.keyword.WebUiBuiltInKeywords.executeJavaScript(WebUiBuiltInKeywords.groovy:3787)
	at com.kms.katalon.core.webui.keyword.WebUiBuiltInKeywords$executeJavaScript$1.call(Unknown Source)
	at CALL- CUSTOMER INFO PAGE.run(CALL- CUSTOMER INFO PAGE:19)
	at com.kms.katalon.core.main.ScriptEngine.run(ScriptEngine.java:194)
	at com.kms.katalon.core.main.ScriptEngine.runScriptAsRawText(ScriptEngine.java:119)
	at com.kms.katalon.core.main.TestCaseExecutor.runScript(TestCaseExecutor.java:328)
	at com.kms.katalon.core.main.TestCaseExecutor.doExecute(TestCaseExecutor.java:319)
	at com.kms.katalon.core.main.TestCaseExecutor.processExecutionPhase(TestCaseExecutor.java:298)
	at com.kms.katalon.core.main.TestCaseExecutor.accessMainPhase(TestCaseExecutor.java:290)
	at com.kms.katalon.core.main.TestCaseExecutor.execute(TestCaseExecutor.java:224)
	at com.kms.katalon.core.main.TestCaseMain.runTestCase(TestCaseMain.java:106)
	at com.kms.katalon.core.keyword.builtin.CallTestCaseKeyword$_callTestCase_closure1.doCall(CallTestCaseKeyword.groovy:59)
	at com.kms.katalon.core.keyword.builtin.CallTestCaseKeyword$_callTestCase_closure1.call(CallTestCaseKeyword.groovy)
	at com.kms.katalon.core.keyword.internal.KeywordMain.runKeyword(KeywordMain.groovy:54)
	at com.kms.katalon.core.keyword.builtin.CallTestCaseKeyword.callTestCase(CallTestCaseKeyword.groovy:80)
	at com.kms.katalon.core.keyword.builtin.CallTestCaseKeyword.execute(CallTestCaseKeyword.groovy:44)
	at com.kms.katalon.core.keyword.internal.KeywordExecutor.executeKeywordForPlatform(KeywordExecutor.groovy:53)
	at com.kms.katalon.core.keyword.BuiltinKeywords.callTestCase(BuiltinKeywords.groovy:334)
	at Adding diff prods to cart.run(Adding diff prods to cart:165)
	at com.kms.katalon.core.main.ScriptEngine.run(ScriptEngine.java:194)
	at com.kms.katalon.core.main.ScriptEngine.runScriptAsRawText(ScriptEngine.java:119)
	at com.kms.katalon.core.main.TestCaseExecutor.runScript(TestCaseExecutor.java:328)
	at com.kms.katalon.core.main.TestCaseExecutor.doExecute(TestCaseExecutor.java:319)
	at com.kms.katalon.core.main.TestCaseExecutor.processExecutionPhase(TestCaseExecutor.java:298)
	at com.kms.katalon.core.main.TestCaseExecutor.accessMainPhase(TestCaseExecutor.java:290)
	at com.kms.katalon.core.main.TestCaseExecutor.execute(TestCaseExecutor.java:224)
	at com.kms.katalon.core.main.TestSuiteExecutor.accessTestCaseMainPhase(TestSuiteExecutor.java:129)
	at com.kms.katalon.core.main.TestSuiteExecutor.accessTestSuiteMainPhase(TestSuiteExecutor.java:112)
	at com.kms.katalon.core.main.TestSuiteExecutor.execute(TestSuiteExecutor.java:81)
	at com.kms.katalon.core.main.TestCaseMain.startTestSuite(TestCaseMain.java:149)
	at com.kms.katalon.core.main.TestCaseMain$startTestSuite$0.call(Unknown Source)
	at TempTestSuite1562706763156.run(TempTestSuite1562706763156.groovy:36)


2019-07-09 17:26:17 - [MESSAGE][FAILED] - Unable to execute JavaScript. (Root cause: org.openqa.selenium.JavascriptException: A JavaScript exception occured: null is not an object (evaluating 'previewBar.style')
Build info: version: '3.7.1', revision: '8a0099a', time: '2017-11-06T21:07:36.161Z'
System info: host: 'sumans-MacBook-Pro.local', ip: 'fe80:0:0:0:47c:ca88:4245:b7a7%en0', os.name: 'Mac OS X', os.arch: 'x86_64', os.version: '10.13.6', java.version: '1.8.0_181'
Driver info: com.kms.katalon.selenium.driver.CSafariDriver
Capabilities {acceptInsecureCerts: false, browserName: Safari, browserVersion: 12.1, javascriptEnabled: true, platform: MAC, platformName: MAC, safari:automaticInspection: false, safari:automaticProfiling: false, safari:diagnose: false, setWindowRect: true, strictFileInteractability: false, webkit:WebRTC: {DisableICECandidateFiltering: false, DisableInsecureMediaCapture: false}}
Session ID: 083B4538-DBF9-4124-BB66-6B13E71ECFF6)
[[ATTACHMENT|/Users/sumankompelly/Katalon Studio/APOLLO - FIRE/APOLLO - FIRE- DESKTOP/Reports/0.5.5/20190709_171243/1562707577205.png]]

2019-07-09 17:26:17 - [MESSAGE][FAILED] - executeJavaScript("var previewBar = document.getElementById("preview-bar-iframe"); previewBar.style.display = "none";", []) FAILED.
Reason:
com.kms.katalon.core.exception.StepFailedException: Unable to execute JavaScript. (Root cause: org.openqa.selenium.JavascriptException: A JavaScript exception occured: null is not an object (evaluating 'previewBar.style')
Build info: version: '3.7.1', revision: '8a0099a', time: '2017-11-06T21:07:36.161Z'
System info: host: 'sumans-MacBook-Pro.local', ip: 'fe80:0:0:0:47c:ca88:4245:b7a7%en0', os.name: 'Mac OS X', os.arch: 'x86_64', os.version: '10.13.6', java.version: '1.8.0_181'
Driver info: com.kms.katalon.selenium.driver.CSafariDriver
Capabilities {acceptInsecureCerts: false, browserName: Safari, browserVersion: 12.1, javascriptEnabled: true, platform: MAC, platformName: MAC, safari:automaticInspection: false, safari:automaticProfiling: false, safari:diagnose: false, setWindowRect: true, strictFileInteractability: false, webkit:WebRTC: {DisableICECandidateFiltering: false, DisableInsecureMediaCapture: false}}
Session ID: 083B4538-DBF9-4124-BB66-6B13E71ECFF6)
	at com.kms.katalon.core.keyword.internal.KeywordMain.stepFailed(KeywordMain.groovy:36)
	at com.kms.katalon.core.webui.keyword.internal.WebUIKeywordMain.stepFailed(WebUIKeywordMain.groovy:65)
	at com.kms.katalon.core.webui.keyword.internal.WebUIKeywordMain.runKeyword(WebUIKeywordMain.groovy:27)
	at com.kms.katalon.core.webui.keyword.builtin.ExecuteJavaScriptKeyword.executeJavascript(ExecuteJavascriptKeyword.groovy:42)
	at com.kms.katalon.core.webui.keyword.builtin.ExecuteJavaScriptKeyword.execute(ExecuteJavascriptKeyword.groovy:37)
	at com.kms.katalon.core.keyword.internal.KeywordExecutor.executeKeywordForPlatform(KeywordExecutor.groovy:53)
	at com.kms.katalon.core.webui.keyword.WebUiBuiltInKeywords.executeJavaScript(WebUiBuiltInKeywords.groovy:3787)
	at com.kms.katalon.core.webui.keyword.WebUiBuiltInKeywords$executeJavaScript$1.call(Unknown Source)
	at CALL- CUSTOMER INFO PAGE.run(CALL- CUSTOMER INFO PAGE:19)
	at com.kms.katalon.core.main.ScriptEngine.run(ScriptEngine.java:194)
	at com.kms.katalon.core.main.ScriptEngine.runScriptAsRawText(ScriptEngine.java:119)
	at com.kms.katalon.core.main.TestCaseExecutor.runScript(TestCaseExecutor.java:328)
	at com.kms.katalon.core.main.TestCaseExecutor.doExecute(TestCaseExecutor.java:319)
	at com.kms.katalon.core.main.TestCaseExecutor.processExecutionPhase(TestCaseExecutor.java:298)
	at com.kms.katalon.core.main.TestCaseExecutor.accessMainPhase(TestCaseExecutor.java:290)
	at com.kms.katalon.core.main.TestCaseExecutor.execute(TestCaseExecutor.java:224)
	at com.kms.katalon.core.main.TestCaseMain.runTestCase(TestCaseMain.java:106)
	at com.kms.katalon.core.keyword.builtin.CallTestCaseKeyword$_callTestCase_closure1.doCall(CallTestCaseKeyword.groovy:59)
	at com.kms.katalon.core.keyword.builtin.CallTestCaseKeyword$_callTestCase_closure1.call(CallTestCaseKeyword.groovy)
	at com.kms.katalon.core.keyword.internal.KeywordMain.runKeyword(KeywordMain.groovy:54)
	at com.kms.katalon.core.keyword.builtin.CallTestCaseKeyword.callTestCase(CallTestCaseKeyword.groovy:80)
	at com.kms.katalon.core.keyword.builtin.CallTestCaseKeyword.execute(CallTestCaseKeyword.groovy:44)
	at com.kms.katalon.core.keyword.internal.KeywordExecutor.executeKeywordForPlatform(KeywordExecutor.groovy:53)
	at com.kms.katalon.core.keyword.BuiltinKeywords.callTestCase(BuiltinKeywords.groovy:334)
	at Adding diff prods to cart.run(Adding diff prods to cart:165)
	at com.kms.katalon.core.main.ScriptEngine.run(ScriptEngine.java:194)
	at com.kms.katalon.core.main.ScriptEngine.runScriptAsRawText(ScriptEngine.java:119)
	at com.kms.katalon.core.main.TestCaseExecutor.runScript(TestCaseExecutor.java:328)
	at com.kms.katalon.core.main.TestCaseExecutor.doExecute(TestCaseExecutor.java:319)
	at com.kms.katalon.core.main.TestCaseExecutor.processExecutionPhase(TestCaseExecutor.java:298)
	at com.kms.katalon.core.main.TestCaseExecutor.accessMainPhase(TestCaseExecutor.java:290)
	at com.kms.katalon.core.main.TestCaseExecutor.execute(TestCaseExecutor.java:224)
	at com.kms.katalon.core.main.TestSuiteExecutor.accessTestCaseMainPhase(TestSuiteExecutor.java:129)
	at com.kms.katalon.core.main.TestSuiteExecutor.accessTestSuiteMainPhase(TestSuiteExecutor.java:112)
	at com.kms.katalon.core.main.TestSuiteExecutor.execute(TestSuiteExecutor.java:81)
	at com.kms.katalon.core.main.TestCaseMain.startTestSuite(TestCaseMain.java:149)
	at com.kms.katalon.core.main.TestCaseMain$startTestSuite$0.call(Unknown Source)
	at TempTestSuite1562706763156.run(TempTestSuite1562706763156.groovy:36)


2019-07-09 17:26:17 - [MESSAGE][FAILED] - Unable to call Test Case 'Test Cases/CALL- CUSTOMER INFO PAGE' (Root cause: com.kms.katalon.core.exception.StepFailedException: Call Test Case 'Test Cases/CALL- CUSTOMER INFO PAGE' failed)

2019-07-09 17:26:17 - [MESSAGE][FAILED] - callTestCase(findTestCase("CALL- CUSTOMER INFO PAGE"), [:], STOP_ON_FAILURE) FAILED.
Reason:
com.kms.katalon.core.exception.StepFailedException: Unable to execute JavaScript. (Root cause: org.openqa.selenium.JavascriptException: A JavaScript exception occured: null is not an object (evaluating 'previewBar.style')
Build info: version: '3.7.1', revision: '8a0099a', time: '2017-11-06T21:07:36.161Z'
System info: host: 'sumans-MacBook-Pro.local', ip: 'fe80:0:0:0:47c:ca88:4245:b7a7%en0', os.name: 'Mac OS X', os.arch: 'x86_64', os.version: '10.13.6', java.version: '1.8.0_181'
Driver info: com.kms.katalon.selenium.driver.CSafariDriver
Capabilities {acceptInsecureCerts: false, browserName: Safari, browserVersion: 12.1, javascriptEnabled: true, platform: MAC, platformName: MAC, safari:automaticInspection: false, safari:automaticProfiling: false, safari:diagnose: false, setWindowRect: true, strictFileInteractability: false, webkit:WebRTC: {DisableICECandidateFiltering: false, DisableInsecureMediaCapture: false}}
Session ID: 083B4538-DBF9-4124-BB66-6B13E71ECFF6)
	at com.kms.katalon.core.keyword.internal.KeywordMain.stepFailed(KeywordMain.groovy:36)
	at com.kms.katalon.core.webui.keyword.internal.WebUIKeywordMain.stepFailed(WebUIKeywordMain.groovy:65)
	at com.kms.katalon.core.webui.keyword.internal.WebUIKeywordMain.runKeyword(WebUIKeywordMain.groovy:27)
	at com.kms.katalon.core.webui.keyword.builtin.ExecuteJavaScriptKeyword.executeJavascript(ExecuteJavascriptKeyword.groovy:42)
	at com.kms.katalon.core.webui.keyword.builtin.ExecuteJavaScriptKeyword.execute(ExecuteJavascriptKeyword.groovy:37)
	at com.kms.katalon.core.keyword.internal.KeywordExecutor.executeKeywordForPlatform(KeywordExecutor.groovy:53)
	at com.kms.katalon.core.webui.keyword.WebUiBuiltInKeywords.executeJavaScript(WebUiBuiltInKeywords.groovy:3787)
	at com.kms.katalon.core.webui.keyword.WebUiBuiltInKeywords$executeJavaScript$1.call(Unknown Source)
	at CALL- CUSTOMER INFO PAGE.run(CALL- CUSTOMER INFO PAGE:19)
	at com.kms.katalon.core.main.ScriptEngine.run(ScriptEngine.java:194)
	at com.kms.katalon.core.main.ScriptEngine.runScriptAsRawText(ScriptEngine.java:119)
	at com.kms.katalon.core.main.TestCaseExecutor.runScript(TestCaseExecutor.java:328)
	at com.kms.katalon.core.main.TestCaseExecutor.doExecute(TestCaseExecutor.java:319)
	at com.kms.katalon.core.main.TestCaseExecutor.processExecutionPhase(TestCaseExecutor.java:298)
	at com.kms.katalon.core.main.TestCaseExecutor.accessMainPhase(TestCaseExecutor.java:290)
	at com.kms.katalon.core.main.TestCaseExecutor.execute(TestCaseExecutor.java:224)
	at com.kms.katalon.core.main.TestCaseMain.runTestCase(TestCaseMain.java:106)
	at com.kms.katalon.core.keyword.builtin.CallTestCaseKeyword$_callTestCase_closure1.doCall(CallTestCaseKeyword.groovy:59)
	at com.kms.katalon.core.keyword.builtin.CallTestCaseKeyword$_callTestCase_closure1.call(CallTestCaseKeyword.groovy)
	at com.kms.katalon.core.keyword.internal.KeywordMain.runKeyword(KeywordMain.groovy:54)
	at com.kms.katalon.core.keyword.builtin.CallTestCaseKeyword.callTestCase(CallTestCaseKeyword.groovy:80)
	at com.kms.katalon.core.keyword.builtin.CallTestCaseKeyword.execute(CallTestCaseKeyword.groovy:44)
	at com.kms.katalon.core.keyword.internal.KeywordExecutor.executeKeywordForPlatform(KeywordExecutor.groovy:53)
	at com.kms.katalon.core.keyword.BuiltinKeywords.callTestCase(BuiltinKeywords.groovy:334)
	at Adding diff prods to cart.run(Adding diff prods to cart:165)
	at com.kms.katalon.core.main.ScriptEngine.run(ScriptEngine.java:194)
	at com.kms.katalon.core.main.ScriptEngine.runScriptAsRawText(ScriptEngine.java:119)
	at com.kms.katalon.core.main.TestCaseExecutor.runScript(TestCaseExecutor.java:328)
	at com.kms.katalon.core.main.TestCaseExecutor.doExecute(TestCaseExecutor.java:319)
	at com.kms.katalon.core.main.TestCaseExecutor.processExecutionPhase(TestCaseExecutor.java:298)
	at com.kms.katalon.core.main.TestCaseExecutor.accessMainPhase(TestCaseExecutor.java:290)
	at com.kms.katalon.core.main.TestCaseExecutor.execute(TestCaseExecutor.java:224)
	at com.kms.katalon.core.main.TestSuiteExecutor.accessTestCaseMainPhase(TestSuiteExecutor.java:129)
	at com.kms.katalon.core.main.TestSuiteExecutor.accessTestSuiteMainPhase(TestSuiteExecutor.java:112)
	at com.kms.katalon.core.main.TestSuiteExecutor.execute(TestSuiteExecutor.java:81)
	at com.kms.katalon.core.main.TestCaseMain.startTestSuite(TestCaseMain.java:149)
	at com.kms.katalon.core.main.TestCaseMain$startTestSuite$0.call(Unknown Source)
	at TempTestSuite1562706763156.run(TempTestSuite1562706763156.groovy:36)]]></system-out>
         <system-err><![CDATA[2019-07-09 17:24:57 - [TEST_CASE][FAILED] - Test Cases/CRITICAL PATH/Adding diff prods to cart: Test Cases/CRITICAL PATH/Adding diff prods to cart FAILED.
Reason:
com.kms.katalon.core.exception.StepFailedException: Unable to execute JavaScript. (Root cause: org.openqa.selenium.JavascriptException: A JavaScript exception occured: null is not an object (evaluating 'previewBar.style')
Build info: version: '3.7.1', revision: '8a0099a', time: '2017-11-06T21:07:36.161Z'
System info: host: 'sumans-MacBook-Pro.local', ip: 'fe80:0:0:0:47c:ca88:4245:b7a7%en0', os.name: 'Mac OS X', os.arch: 'x86_64', os.version: '10.13.6', java.version: '1.8.0_181'
Driver info: com.kms.katalon.selenium.driver.CSafariDriver
Capabilities {acceptInsecureCerts: false, browserName: Safari, browserVersion: 12.1, javascriptEnabled: true, platform: MAC, platformName: MAC, safari:automaticInspection: false, safari:automaticProfiling: false, safari:diagnose: false, setWindowRect: true, strictFileInteractability: false, webkit:WebRTC: {DisableICECandidateFiltering: false, DisableInsecureMediaCapture: false}}
Session ID: 083B4538-DBF9-4124-BB66-6B13E71ECFF6)
	at com.kms.katalon.core.keyword.internal.KeywordMain.stepFailed(KeywordMain.groovy:36)
	at com.kms.katalon.core.webui.keyword.internal.WebUIKeywordMain.stepFailed(WebUIKeywordMain.groovy:65)
	at com.kms.katalon.core.webui.keyword.internal.WebUIKeywordMain.runKeyword(WebUIKeywordMain.groovy:27)
	at com.kms.katalon.core.webui.keyword.builtin.ExecuteJavaScriptKeyword.executeJavascript(ExecuteJavascriptKeyword.groovy:42)
	at com.kms.katalon.core.webui.keyword.builtin.ExecuteJavaScriptKeyword.execute(ExecuteJavascriptKeyword.groovy:37)
	at com.kms.katalon.core.keyword.internal.KeywordExecutor.executeKeywordForPlatform(KeywordExecutor.groovy:53)
	at com.kms.katalon.core.webui.keyword.WebUiBuiltInKeywords.executeJavaScript(WebUiBuiltInKeywords.groovy:3787)
	at com.kms.katalon.core.webui.keyword.WebUiBuiltInKeywords$executeJavaScript$1.call(Unknown Source)
	at CALL- CUSTOMER INFO PAGE.run(CALL- CUSTOMER INFO PAGE:19)
	at com.kms.katalon.core.main.ScriptEngine.run(ScriptEngine.java:194)
	at com.kms.katalon.core.main.ScriptEngine.runScriptAsRawText(ScriptEngine.java:119)
	at com.kms.katalon.core.main.TestCaseExecutor.runScript(TestCaseExecutor.java:328)
	at com.kms.katalon.core.main.TestCaseExecutor.doExecute(TestCaseExecutor.java:319)
	at com.kms.katalon.core.main.TestCaseExecutor.processExecutionPhase(TestCaseExecutor.java:298)
	at com.kms.katalon.core.main.TestCaseExecutor.accessMainPhase(TestCaseExecutor.java:290)
	at com.kms.katalon.core.main.TestCaseExecutor.execute(TestCaseExecutor.java:224)
	at com.kms.katalon.core.main.TestCaseMain.runTestCase(TestCaseMain.java:106)
	at com.kms.katalon.core.keyword.builtin.CallTestCaseKeyword$_callTestCase_closure1.doCall(CallTestCaseKeyword.groovy:59)
	at com.kms.katalon.core.keyword.builtin.CallTestCaseKeyword$_callTestCase_closure1.call(CallTestCaseKeyword.groovy)
	at com.kms.katalon.core.keyword.internal.KeywordMain.runKeyword(KeywordMain.groovy:54)
	at com.kms.katalon.core.keyword.builtin.CallTestCaseKeyword.callTestCase(CallTestCaseKeyword.groovy:80)
	at com.kms.katalon.core.keyword.builtin.CallTestCaseKeyword.execute(CallTestCaseKeyword.groovy:44)
	at com.kms.katalon.core.keyword.internal.KeywordExecutor.executeKeywordForPlatform(KeywordExecutor.groovy:53)
	at com.kms.katalon.core.keyword.BuiltinKeywords.callTestCase(BuiltinKeywords.groovy:334)
	at Adding diff prods to cart.run(Adding diff prods to cart:165)
	at com.kms.katalon.core.main.ScriptEngine.run(ScriptEngine.java:194)
	at com.kms.katalon.core.main.ScriptEngine.runScriptAsRawText(ScriptEngine.java:119)
	at com.kms.katalon.core.main.TestCaseExecutor.runScript(TestCaseExecutor.java:328)
	at com.kms.katalon.core.main.TestCaseExecutor.doExecute(TestCaseExecutor.java:319)
	at com.kms.katalon.core.main.TestCaseExecutor.processExecutionPhase(TestCaseExecutor.java:298)
	at com.kms.katalon.core.main.TestCaseExecutor.accessMainPhase(TestCaseExecutor.java:290)
	at com.kms.katalon.core.main.TestCaseExecutor.execute(TestCaseExecutor.java:224)
	at com.kms.katalon.core.main.TestSuiteExecutor.accessTestCaseMainPhase(TestSuiteExecutor.java:129)
	at com.kms.katalon.core.main.TestSuiteExecutor.accessTestSuiteMainPhase(TestSuiteExecutor.java:112)
	at com.kms.katalon.core.main.TestSuiteExecutor.execute(TestSuiteExecutor.java:81)
	at com.kms.katalon.core.main.TestCaseMain.startTestSuite(TestCaseMain.java:149)
	at com.kms.katalon.core.main.TestCaseMain$startTestSuite$0.call(Unknown Source)
	at TempTestSuite1562706763156.run(TempTestSuite1562706763156.groovy:36)]]></system-err>
      </testcase>
      <testcase name="Test Cases/CRITICAL PATH/Price comparison - cart page" classname="Test Cases/CRITICAL PATH/Price comparison - cart page" status="FAILED">
         <failure type="FAILED" message="Test Cases/CRITICAL PATH/Price comparison - cart page FAILED.
Reason:
com.kms.katalon.core.exception.StepFailedException: Unable to verify equal between actual object '0' and expected object '14.75' (Root cause: com.kms.katalon.core.exception.StepFailedException: Actual object '0' and expected object '14.75' are not equal)
	at com.kms.katalon.core.keyword.internal.KeywordMain.stepFailed(KeywordMain.groovy:36)
	at com.kms.katalon.core.keyword.internal.KeywordMain.stepFailed(KeywordMain.groovy)
	at com.kms.katalon.core.keyword.internal.KeywordMain.runKeyword(KeywordMain.groovy:56)
	at com.kms.katalon.core.keyword.builtin.VerifyEqualKeyword.verifyEqual(VerifyEqualKeyword.groovy:63)
	at com.kms.katalon.core.keyword.builtin.VerifyEqualKeyword.execute(VerifyEqualKeyword.groovy:44)
	at com.kms.katalon.core.keyword.internal.KeywordExecutor.executeKeywordForPlatform(KeywordExecutor.groovy:53)
	at com.kms.katalon.core.keyword.BuiltinKeywords.verifyEqual(BuiltinKeywords.groovy:141)
	at Price comparison - cart page.run(Price comparison - cart page:168)
	at com.kms.katalon.core.main.ScriptEngine.run(ScriptEngine.java:194)
	at com.kms.katalon.core.main.ScriptEngine.runScriptAsRawText(ScriptEngine.java:119)
	at com.kms.katalon.core.main.TestCaseExecutor.runScript(TestCaseExecutor.java:328)
	at com.kms.katalon.core.main.TestCaseExecutor.doExecute(TestCaseExecutor.java:319)
	at com.kms.katalon.core.main.TestCaseExecutor.processExecutionPhase(TestCaseExecutor.java:298)
	at com.kms.katalon.core.main.TestCaseExecutor.accessMainPhase(TestCaseExecutor.java:290)
	at com.kms.katalon.core.main.TestCaseExecutor.execute(TestCaseExecutor.java:224)
	at com.kms.katalon.core.main.TestSuiteExecutor.accessTestCaseMainPhase(TestSuiteExecutor.java:129)
	at com.kms.katalon.core.main.TestSuiteExecutor.accessTestSuiteMainPhase(TestSuiteExecutor.java:112)
	at com.kms.katalon.core.main.TestSuiteExecutor.execute(TestSuiteExecutor.java:81)
	at com.kms.katalon.core.main.TestCaseMain.startTestSuite(TestCaseMain.java:149)
	at com.kms.katalon.core.main.TestCaseMain$startTestSuite$0.call(Unknown Source)
	at TempTestSuite1562706763156.run(TempTestSuite1562706763156.groovy:36)
"/>
         <system-out><![CDATA[2019-07-09 17:26:17 - [TEST_CASE][FAILED] - Test Cases/CRITICAL PATH/Price comparison - cart page: Test Cases/CRITICAL PATH/Price comparison - cart page FAILED.
Reason:
com.kms.katalon.core.exception.StepFailedException: Unable to verify equal between actual object '0' and expected object '14.75' (Root cause: com.kms.katalon.core.exception.StepFailedException: Actual object '0' and expected object '14.75' are not equal)
	at com.kms.katalon.core.keyword.internal.KeywordMain.stepFailed(KeywordMain.groovy:36)
	at com.kms.katalon.core.keyword.internal.KeywordMain.stepFailed(KeywordMain.groovy)
	at com.kms.katalon.core.keyword.internal.KeywordMain.runKeyword(KeywordMain.groovy:56)
	at com.kms.katalon.core.keyword.builtin.VerifyEqualKeyword.verifyEqual(VerifyEqualKeyword.groovy:63)
	at com.kms.katalon.core.keyword.builtin.VerifyEqualKeyword.execute(VerifyEqualKeyword.groovy:44)
	at com.kms.katalon.core.keyword.internal.KeywordExecutor.executeKeywordForPlatform(KeywordExecutor.groovy:53)
	at com.kms.katalon.core.keyword.BuiltinKeywords.verifyEqual(BuiltinKeywords.groovy:141)
	at Price comparison - cart page.run(Price comparison - cart page:168)
	at com.kms.katalon.core.main.ScriptEngine.run(ScriptEngine.java:194)
	at com.kms.katalon.core.main.ScriptEngine.runScriptAsRawText(ScriptEngine.java:119)
	at com.kms.katalon.core.main.TestCaseExecutor.runScript(TestCaseExecutor.java:328)
	at com.kms.katalon.core.main.TestCaseExecutor.doExecute(TestCaseExecutor.java:319)
	at com.kms.katalon.core.main.TestCaseExecutor.processExecutionPhase(TestCaseExecutor.java:298)
	at com.kms.katalon.core.main.TestCaseExecutor.accessMainPhase(TestCaseExecutor.java:290)
	at com.kms.katalon.core.main.TestCaseExecutor.execute(TestCaseExecutor.java:224)
	at com.kms.katalon.core.main.TestSuiteExecutor.accessTestCaseMainPhase(TestSuiteExecutor.java:129)
	at com.kms.katalon.core.main.TestSuiteExecutor.accessTestSuiteMainPhase(TestSuiteExecutor.java:112)
	at com.kms.katalon.core.main.TestSuiteExecutor.execute(TestSuiteExecutor.java:81)
	at com.kms.katalon.core.main.TestCaseMain.startTestSuite(TestCaseMain.java:149)
	at com.kms.katalon.core.main.TestCaseMain$startTestSuite$0.call(Unknown Source)
	at TempTestSuite1562706763156.run(TempTestSuite1562706763156.groovy:36)


2019-07-09 17:26:17 - [TEST_STEP][PASSED] - callTestCase(findTestCase("CALL - URL"), [:], STOP_ON_FAILURE): Call Test Case 'Test Cases/CALL - URL' successfully

2019-07-09 17:26:17 - [TEST_CASE][PASSED] - Test Cases/CALL - URL: Test Cases/CALL - URL

2019-07-09 17:26:17 - [TEST_STEP][PASSED] - openBrowser(""): Browser is opened with url: ''

2019-07-09 17:26:17 - [MESSAGE][WARNING] - A browser is already opened. Closing browser and opening a new one

2019-07-09 17:26:17 - [MESSAGE][INFO] - Starting 'Safari' driver

2019-07-09 17:26:18 - [MESSAGE][PASSED] - Browser is opened with url: ''

2019-07-09 17:26:18 - [TEST_STEP][PASSED] - navigateToUrl("https://apollo-fireball.myshopify.com/?_ab=0&_fd=0&_sc=1&key=96c2edace7b9967f3a77c2e2b131937136039831e9ec35f31598610005fa8795&preview_theme_id=46803124304"): Navigate to 'https://apollo-fireball.myshopify.com/?_ab=0&_fd=0&_sc=1&key=96c2edace7b9967f3a77c2e2b131937136039831e9ec35f31598610005fa8795&preview_theme_id=46803124304' successfully

2019-07-09 17:26:21 - [MESSAGE][PASSED] - Navigate to 'https://apollo-fireball.myshopify.com/?_ab=0&_fd=0&_sc=1&key=96c2edace7b9967f3a77c2e2b131937136039831e9ec35f31598610005fa8795&preview_theme_id=46803124304' successfully

2019-07-09 17:26:21 - [TEST_STEP][PASSED] - executeJavaScript("var previewBar = document.getElementById("preview-bar-iframe"); previewBar.style.display = "none";", []): Execute JavaScript 'var previewBar = document.getElementById("preview-bar-iframe"); previewBar.style.display = "none";' successfully

2019-07-09 17:26:21 - [MESSAGE][PASSED] - Execute JavaScript 'var previewBar = document.getElementById("preview-bar-iframe"); previewBar.style.display = "none";' successfully

2019-07-09 17:26:21 - [TEST_STEP][PASSED] - maximizeWindow(): Current window maximized

2019-07-09 17:26:21 - [MESSAGE][PASSED] - Current window maximized

2019-07-09 17:26:21 - [MESSAGE][PASSED] - Call Test Case 'Test Cases/CALL - URL' successfully

2019-07-09 17:26:21 - [TEST_STEP][PASSED] - click(findTestObject("APOLLO- Desktop/Burger Menu/Burgermenu")): Object: 'Object Repository/APOLLO- Desktop/Burger Menu/Burgermenu' is clicked on

2019-07-09 17:26:23 - [MESSAGE][PASSED] - Object: 'Object Repository/APOLLO- Desktop/Burger Menu/Burgermenu' is clicked on

2019-07-09 17:26:23 - [TEST_STEP][PASSED] - delay(2): Delayed 2 second(s)

2019-07-09 17:26:25 - [MESSAGE][PASSED] - Delayed 2 second(s)

2019-07-09 17:26:25 - [TEST_STEP][PASSED] - click(findTestObject("APOLLO- Desktop/Burger Menu/Shop food")): Object: 'Object Repository/APOLLO- Desktop/Burger Menu/Shop food' is clicked on

2019-07-09 17:26:25 - [MESSAGE][PASSED] - Object: 'Object Repository/APOLLO- Desktop/Burger Menu/Shop food' is clicked on

2019-07-09 17:26:25 - [TEST_STEP][PASSED] - delay(2): Delayed 2 second(s)

2019-07-09 17:26:27 - [MESSAGE][PASSED] - Delayed 2 second(s)

2019-07-09 17:26:27 - [TEST_STEP][PASSED] - click(findTestObject("APOLLO- Desktop/Burger Menu/Beef")): Object: 'Object Repository/APOLLO- Desktop/Burger Menu/Beef' is clicked on

2019-07-09 17:26:27 - [MESSAGE][PASSED] - Object: 'Object Repository/APOLLO- Desktop/Burger Menu/Beef' is clicked on

2019-07-09 17:26:27 - [TEST_STEP][PASSED] - delay(2): Delayed 2 second(s)

2019-07-09 17:26:29 - [MESSAGE][PASSED] - Delayed 2 second(s)

2019-07-09 17:26:29 - [TEST_STEP][PASSED] - executeJavaScript("var previewBar = document.getElementById("preview-bar-iframe"); previewBar.style.display = "none";", []): Execute JavaScript 'var previewBar = document.getElementById("preview-bar-iframe"); previewBar.style.display = "none";' successfully

2019-07-09 17:26:29 - [MESSAGE][PASSED] - Execute JavaScript 'var previewBar = document.getElementById("preview-bar-iframe"); previewBar.style.display = "none";' successfully

2019-07-09 17:26:29 - [TEST_STEP][PASSED] - delay(2): Delayed 2 second(s)

2019-07-09 17:26:31 - [MESSAGE][PASSED] - Delayed 2 second(s)

2019-07-09 17:26:31 - [TEST_STEP][PASSED] - click(findTestObject("APOLLO- Desktop/Collection page/Beef skewers")): Object: 'Object Repository/APOLLO- Desktop/Collection page/Beef skewers' is clicked on

2019-07-09 17:26:31 - [MESSAGE][PASSED] - Object: 'Object Repository/APOLLO- Desktop/Collection page/Beef skewers' is clicked on

2019-07-09 17:26:31 - [TEST_STEP][PASSED] - executeJavaScript("var previewBar = document.getElementById("preview-bar-iframe"); previewBar.style.display = "none";", []): Execute JavaScript 'var previewBar = document.getElementById("preview-bar-iframe"); previewBar.style.display = "none";' successfully

2019-07-09 17:26:31 - [MESSAGE][PASSED] - Execute JavaScript 'var previewBar = document.getElementById("preview-bar-iframe"); previewBar.style.display = "none";' successfully

2019-07-09 17:26:31 - [TEST_STEP][PASSED] - delay(2): Delayed 2 second(s)

2019-07-09 17:26:33 - [MESSAGE][PASSED] - Delayed 2 second(s)

2019-07-09 17:26:33 - [TEST_STEP][PASSED] - click(findTestObject("APOLLO- Desktop/Product page/1 piece")): Object: 'Object Repository/APOLLO- Desktop/Product page/1 piece' is clicked on

2019-07-09 17:26:34 - [MESSAGE][PASSED] - Object: 'Object Repository/APOLLO- Desktop/Product page/1 piece' is clicked on

2019-07-09 17:26:34 - [TEST_STEP][PASSED] - delay(2): Delayed 2 second(s)

2019-07-09 17:26:36 - [MESSAGE][PASSED] - Delayed 2 second(s)

2019-07-09 17:26:36 - [TEST_STEP][PASSED] - click(findTestObject("APOLLO- Desktop/Product page/Add to bag")): Object: 'Object Repository/APOLLO- Desktop/Product page/Add to bag' is clicked on

2019-07-09 17:26:36 - [MESSAGE][PASSED] - Object: 'Object Repository/APOLLO- Desktop/Product page/Add to bag' is clicked on

2019-07-09 17:26:36 - [TEST_STEP][PASSED] - delay(2): Delayed 2 second(s)

2019-07-09 17:26:38 - [MESSAGE][PASSED] - Delayed 2 second(s)

2019-07-09 17:26:38 - [TEST_STEP][PASSED] - click(findTestObject("APOLLO- Desktop/Cart flyout/Cart collapse")): Object: 'Object Repository/APOLLO- Desktop/Cart flyout/Cart collapse' is clicked on

2019-07-09 17:26:38 - [MESSAGE][PASSED] - Object: 'Object Repository/APOLLO- Desktop/Cart flyout/Cart collapse' is clicked on

2019-07-09 17:26:38 - [TEST_STEP][PASSED] - delay(2): Delayed 2 second(s)

2019-07-09 17:26:40 - [MESSAGE][PASSED] - Delayed 2 second(s)

2019-07-09 17:26:40 - [TEST_STEP][PASSED] - delay(2): Delayed 2 second(s)

2019-07-09 17:26:42 - [MESSAGE][PASSED] - Delayed 2 second(s)

2019-07-09 17:26:42 - [TEST_STEP][PASSED] - click(findTestObject("APOLLO- Desktop/Burger Menu/Burgermenu")): Object: 'Object Repository/APOLLO- Desktop/Burger Menu/Burgermenu' is clicked on

2019-07-09 17:26:42 - [MESSAGE][PASSED] - Object: 'Object Repository/APOLLO- Desktop/Burger Menu/Burgermenu' is clicked on

2019-07-09 17:26:42 - [TEST_STEP][PASSED] - delay(2): Delayed 2 second(s)

2019-07-09 17:26:44 - [MESSAGE][PASSED] - Delayed 2 second(s)

2019-07-09 17:26:44 - [TEST_STEP][PASSED] - click(findTestObject("APOLLO- Desktop/Burger Menu/Shop food")): Object: 'Object Repository/APOLLO- Desktop/Burger Menu/Shop food' is clicked on

2019-07-09 17:26:44 - [MESSAGE][PASSED] - Object: 'Object Repository/APOLLO- Desktop/Burger Menu/Shop food' is clicked on

2019-07-09 17:26:44 - [TEST_STEP][PASSED] - delay(2): Delayed 2 second(s)

2019-07-09 17:26:46 - [MESSAGE][PASSED] - Delayed 2 second(s)

2019-07-09 17:26:46 - [TEST_STEP][PASSED] - click(findTestObject("APOLLO- Desktop/Burger Menu/Chicken")): Object: 'Object Repository/APOLLO- Desktop/Burger Menu/Chicken' is clicked on

2019-07-09 17:26:46 - [MESSAGE][PASSED] - Object: 'Object Repository/APOLLO- Desktop/Burger Menu/Chicken' is clicked on

2019-07-09 17:26:46 - [TEST_STEP][PASSED] - executeJavaScript("var previewBar = document.getElementById("preview-bar-iframe"); previewBar.style.display = "none";", []): Execute JavaScript 'var previewBar = document.getElementById("preview-bar-iframe"); previewBar.style.display = "none";' successfully

2019-07-09 17:26:46 - [MESSAGE][PASSED] - Execute JavaScript 'var previewBar = document.getElementById("preview-bar-iframe"); previewBar.style.display = "none";' successfully

2019-07-09 17:26:46 - [TEST_STEP][PASSED] - delay(2): Delayed 2 second(s)

2019-07-09 17:26:48 - [MESSAGE][PASSED] - Delayed 2 second(s)

2019-07-09 17:26:48 - [TEST_STEP][PASSED] - click(findTestObject("APOLLO- Desktop/Collection page/Grilled lemon chicken")): Object: 'Object Repository/APOLLO- Desktop/Collection page/Grilled lemon chicken' is clicked on

2019-07-09 17:26:50 - [MESSAGE][PASSED] - Object: 'Object Repository/APOLLO- Desktop/Collection page/Grilled lemon chicken' is clicked on

2019-07-09 17:26:50 - [TEST_STEP][PASSED] - delay(2): Delayed 2 second(s)

2019-07-09 17:26:52 - [MESSAGE][PASSED] - Delayed 2 second(s)

2019-07-09 17:26:52 - [TEST_STEP][PASSED] - click(findTestObject("APOLLO- Desktop/Product page/1 piece")): Object: 'Object Repository/APOLLO- Desktop/Product page/1 piece' is clicked on

2019-07-09 17:26:52 - [MESSAGE][PASSED] - Object: 'Object Repository/APOLLO- Desktop/Product page/1 piece' is clicked on

2019-07-09 17:26:52 - [TEST_STEP][PASSED] - delay(2): Delayed 2 second(s)

2019-07-09 17:26:54 - [MESSAGE][PASSED] - Delayed 2 second(s)

2019-07-09 17:26:54 - [TEST_STEP][PASSED] - click(findTestObject("APOLLO- Desktop/Product page/Add to bag")): Object: 'Object Repository/APOLLO- Desktop/Product page/Add to bag' is clicked on

2019-07-09 17:26:54 - [MESSAGE][PASSED] - Object: 'Object Repository/APOLLO- Desktop/Product page/Add to bag' is clicked on

2019-07-09 17:26:54 - [TEST_STEP][PASSED] - delay(2): Delayed 2 second(s)

2019-07-09 17:26:56 - [MESSAGE][PASSED] - Delayed 2 second(s)

2019-07-09 17:26:56 - [TEST_STEP][PASSED] - delay(2): Delayed 2 second(s)

2019-07-09 17:26:58 - [MESSAGE][PASSED] - Delayed 2 second(s)

2019-07-09 17:26:58 - [TEST_STEP][PASSED] - click(findTestObject("APOLLO- Desktop/Cart flyout/Checkout")): Object: 'Object Repository/APOLLO- Desktop/Cart flyout/Checkout' is clicked on

2019-07-09 17:26:58 - [MESSAGE][PASSED] - Object: 'Object Repository/APOLLO- Desktop/Cart flyout/Checkout' is clicked on

2019-07-09 17:26:58 - [TEST_STEP][PASSED] - delay(2): Delayed 2 second(s)

2019-07-09 17:27:00 - [MESSAGE][PASSED] - Delayed 2 second(s)

2019-07-09 17:27:00 - [TEST_STEP][PASSED] - click(findTestObject("APOLLO- Desktop/Customer Information page/Cart page breadcrumb")): Object: 'Object Repository/APOLLO- Desktop/Customer Information page/Cart page breadcrumb' is clicked on

2019-07-09 17:27:01 - [MESSAGE][PASSED] - Object: 'Object Repository/APOLLO- Desktop/Customer Information page/Cart page breadcrumb' is clicked on

2019-07-09 17:27:01 - [TEST_STEP][PASSED] - delay(2): Delayed 2 second(s)

2019-07-09 17:27:03 - [MESSAGE][PASSED] - Delayed 2 second(s)

2019-07-09 17:27:03 - [TEST_STEP][PASSED] - executeJavaScript("var previewBar = document.getElementById("preview-bar-iframe"); previewBar.style.display = "none";", []): Execute JavaScript 'var previewBar = document.getElementById("preview-bar-iframe"); previewBar.style.display = "none";' successfully

2019-07-09 17:27:03 - [MESSAGE][PASSED] - Execute JavaScript 'var previewBar = document.getElementById("preview-bar-iframe"); previewBar.style.display = "none";' successfully

2019-07-09 17:27:03 - [TEST_STEP][PASSED] - a = getText(findTestObject("APOLLO- Desktop/Cart page/Unit price - 1st product")): Text of object 'Object Repository/APOLLO- Desktop/Cart page/Unit price - 1st product' is: '
          $6.25
          $6.25
        '

2019-07-09 17:27:03 - [MESSAGE][PASSED] - Text of object 'Object Repository/APOLLO- Desktop/Cart page/Unit price - 1st product' is: '
          $6.25
          $6.25
        '

2019-07-09 17:27:03 - [TEST_STEP][PASSED] - comment("a=" + a): a=
          $6.25
          $6.25
        

2019-07-09 17:27:03 - [MESSAGE][INFO] - a=
          $6.25
          $6.25
        

2019-07-09 17:27:03 - [TEST_STEP][PASSED] - a1 = a.substring(1): null

2019-07-09 17:27:03 - [TEST_STEP][PASSED] - comment("a1=" + a1): a1=          $6.25
          $6.25
        

2019-07-09 17:27:03 - [MESSAGE][INFO] - a1=          $6.25
          $6.25
        

2019-07-09 17:27:03 - [TEST_STEP][PASSED] - b = getText(findTestObject("APOLLO- Desktop/Cart page/Unit price - 2nd product")): Text of object 'Object Repository/APOLLO- Desktop/Cart page/Unit price - 2nd product' is: '
          $8.50
          $8.50
        '

2019-07-09 17:27:03 - [MESSAGE][PASSED] - Text of object 'Object Repository/APOLLO- Desktop/Cart page/Unit price - 2nd product' is: '
          $8.50
          $8.50
        '

2019-07-09 17:27:03 - [TEST_STEP][PASSED] - comment("b=" + b): b=
          $8.50
          $8.50
        

2019-07-09 17:27:03 - [MESSAGE][INFO] - b=
          $8.50
          $8.50
        

2019-07-09 17:27:03 - [TEST_STEP][PASSED] - b1 = b.substring(1): null

2019-07-09 17:27:03 - [TEST_STEP][PASSED] - comment("b1=" + b1): b1=          $8.50
          $8.50
        

2019-07-09 17:27:03 - [MESSAGE][INFO] - b1=          $8.50
          $8.50
        

2019-07-09 17:27:03 - [TEST_STEP][PASSED] - p1 = <not implemented yet for class: org.codehaus.groovy.ast.expr.EmptyExpression>: null

2019-07-09 17:27:03 - [TEST_STEP][PASSED] - p2 = <not implemented yet for class: org.codehaus.groovy.ast.expr.EmptyExpression>: null

2019-07-09 17:27:03 - [TEST_STEP][PASSED] - try: null

2019-07-09 17:27:03 - [TEST_STEP][PASSED] - str = a1: null

2019-07-09 17:27:03 - [TEST_STEP][PASSED] - comment("str=" + str): str=          $6.25
          $6.25
        

2019-07-09 17:27:03 - [MESSAGE][INFO] - str=          $6.25
          $6.25
        

2019-07-09 17:27:03 - [TEST_STEP][PASSED] - p1 = Double.valueOf(str): null

2019-07-09 17:27:03 - [TEST_STEP][PASSED] - catch (NumberFormatException ex): null

2019-07-09 17:27:03 - [TEST_STEP][PASSED] - try: null

2019-07-09 17:27:03 - [TEST_STEP][PASSED] - str5 = b1: null

2019-07-09 17:27:03 - [TEST_STEP][PASSED] - comment("str5=" + str5): str5=          $8.50
          $8.50
        

2019-07-09 17:27:03 - [MESSAGE][INFO] - str5=          $8.50
          $8.50
        

2019-07-09 17:27:03 - [TEST_STEP][PASSED] - p2 = Double.valueOf(str5): null

2019-07-09 17:27:03 - [TEST_STEP][PASSED] - catch (NumberFormatException ex): null

2019-07-09 17:27:03 - [TEST_STEP][PASSED] - total = p1 + p2: null

2019-07-09 17:27:03 - [TEST_STEP][PASSED] - comment("total=" + total): total=0.0

2019-07-09 17:27:03 - [MESSAGE][INFO] - total=0.0

2019-07-09 17:27:03 - [TEST_STEP][PASSED] - c = getText(findTestObject("APOLLO- Desktop/Cart page/Subtotal in cart page")): Text of object 'Object Repository/APOLLO- Desktop/Cart page/Subtotal in cart page' is: '$14.75'

2019-07-09 17:27:03 - [MESSAGE][PASSED] - Text of object 'Object Repository/APOLLO- Desktop/Cart page/Subtotal in cart page' is: '$14.75'

2019-07-09 17:27:03 - [TEST_STEP][PASSED] - comment("c=" + c): c=$14.75

2019-07-09 17:27:03 - [MESSAGE][INFO] - c=$14.75

2019-07-09 17:27:03 - [TEST_STEP][PASSED] - c1 = c.substring(1): null

2019-07-09 17:27:03 - [TEST_STEP][PASSED] - comment("c1=" + c1): c1=14.75

2019-07-09 17:27:03 - [MESSAGE][INFO] - c1=14.75

2019-07-09 17:27:03 - [TEST_STEP][PASSED] - p3 = <not implemented yet for class: org.codehaus.groovy.ast.expr.EmptyExpression>: null

2019-07-09 17:27:03 - [TEST_STEP][PASSED] - try: p3=14.75

2019-07-09 17:27:03 - [TEST_STEP][PASSED] - str = c1: null

2019-07-09 17:27:03 - [TEST_STEP][PASSED] - comment("str=" + str): str=14.75

2019-07-09 17:27:03 - [MESSAGE][INFO] - str=14.75

2019-07-09 17:27:03 - [TEST_STEP][PASSED] - p3 = Double.valueOf(str): null

2019-07-09 17:27:03 - [TEST_STEP][PASSED] - comment("p3=" + p3): p3=14.75

2019-07-09 17:27:03 - [MESSAGE][INFO] - p3=14.75

2019-07-09 17:27:03 - [TEST_STEP][FAILED] - verifyEqual(total, p3): verifyEqual(total, p3) FAILED.
Reason:
com.kms.katalon.core.exception.StepFailedException: Unable to verify equal between actual object '0' and expected object '14.75' (Root cause: com.kms.katalon.core.exception.StepFailedException: Actual object '0' and expected object '14.75' are not equal)
	at com.kms.katalon.core.keyword.internal.KeywordMain.stepFailed(KeywordMain.groovy:36)
	at com.kms.katalon.core.keyword.internal.KeywordMain.stepFailed(KeywordMain.groovy)
	at com.kms.katalon.core.keyword.internal.KeywordMain.runKeyword(KeywordMain.groovy:56)
	at com.kms.katalon.core.keyword.builtin.VerifyEqualKeyword.verifyEqual(VerifyEqualKeyword.groovy:63)
	at com.kms.katalon.core.keyword.builtin.VerifyEqualKeyword.execute(VerifyEqualKeyword.groovy:44)
	at com.kms.katalon.core.keyword.internal.KeywordExecutor.executeKeywordForPlatform(KeywordExecutor.groovy:53)
	at com.kms.katalon.core.keyword.BuiltinKeywords.verifyEqual(BuiltinKeywords.groovy:141)
	at Price comparison - cart page.run(Price comparison - cart page:168)
	at com.kms.katalon.core.main.ScriptEngine.run(ScriptEngine.java:194)
	at com.kms.katalon.core.main.ScriptEngine.runScriptAsRawText(ScriptEngine.java:119)
	at com.kms.katalon.core.main.TestCaseExecutor.runScript(TestCaseExecutor.java:328)
	at com.kms.katalon.core.main.TestCaseExecutor.doExecute(TestCaseExecutor.java:319)
	at com.kms.katalon.core.main.TestCaseExecutor.processExecutionPhase(TestCaseExecutor.java:298)
	at com.kms.katalon.core.main.TestCaseExecutor.accessMainPhase(TestCaseExecutor.java:290)
	at com.kms.katalon.core.main.TestCaseExecutor.execute(TestCaseExecutor.java:224)
	at com.kms.katalon.core.main.TestSuiteExecutor.accessTestCaseMainPhase(TestSuiteExecutor.java:129)
	at com.kms.katalon.core.main.TestSuiteExecutor.accessTestSuiteMainPhase(TestSuiteExecutor.java:112)
	at com.kms.katalon.core.main.TestSuiteExecutor.execute(TestSuiteExecutor.java:81)
	at com.kms.katalon.core.main.TestCaseMain.startTestSuite(TestCaseMain.java:149)
	at com.kms.katalon.core.main.TestCaseMain$startTestSuite$0.call(Unknown Source)
	at TempTestSuite1562706763156.run(TempTestSuite1562706763156.groovy:36)


2019-07-09 17:27:03 - [MESSAGE][FAILED] - Unable to verify equal between actual object '0' and expected object '14.75' (Root cause: com.kms.katalon.core.exception.StepFailedException: Actual object '0' and expected object '14.75' are not equal)

2019-07-09 17:27:03 - [MESSAGE][FAILED] - verifyEqual(total, p3) FAILED.
Reason:
com.kms.katalon.core.exception.StepFailedException: Unable to verify equal between actual object '0' and expected object '14.75' (Root cause: com.kms.katalon.core.exception.StepFailedException: Actual object '0' and expected object '14.75' are not equal)
	at com.kms.katalon.core.keyword.internal.KeywordMain.stepFailed(KeywordMain.groovy:36)
	at com.kms.katalon.core.keyword.internal.KeywordMain.stepFailed(KeywordMain.groovy)
	at com.kms.katalon.core.keyword.internal.KeywordMain.runKeyword(KeywordMain.groovy:56)
	at com.kms.katalon.core.keyword.builtin.VerifyEqualKeyword.verifyEqual(VerifyEqualKeyword.groovy:63)
	at com.kms.katalon.core.keyword.builtin.VerifyEqualKeyword.execute(VerifyEqualKeyword.groovy:44)
	at com.kms.katalon.core.keyword.internal.KeywordExecutor.executeKeywordForPlatform(KeywordExecutor.groovy:53)
	at com.kms.katalon.core.keyword.BuiltinKeywords.verifyEqual(BuiltinKeywords.groovy:141)
	at Price comparison - cart page.run(Price comparison - cart page:168)
	at com.kms.katalon.core.main.ScriptEngine.run(ScriptEngine.java:194)
	at com.kms.katalon.core.main.ScriptEngine.runScriptAsRawText(ScriptEngine.java:119)
	at com.kms.katalon.core.main.TestCaseExecutor.runScript(TestCaseExecutor.java:328)
	at com.kms.katalon.core.main.TestCaseExecutor.doExecute(TestCaseExecutor.java:319)
	at com.kms.katalon.core.main.TestCaseExecutor.processExecutionPhase(TestCaseExecutor.java:298)
	at com.kms.katalon.core.main.TestCaseExecutor.accessMainPhase(TestCaseExecutor.java:290)
	at com.kms.katalon.core.main.TestCaseExecutor.execute(TestCaseExecutor.java:224)
	at com.kms.katalon.core.main.TestSuiteExecutor.accessTestCaseMainPhase(TestSuiteExecutor.java:129)
	at com.kms.katalon.core.main.TestSuiteExecutor.accessTestSuiteMainPhase(TestSuiteExecutor.java:112)
	at com.kms.katalon.core.main.TestSuiteExecutor.execute(TestSuiteExecutor.java:81)
	at com.kms.katalon.core.main.TestCaseMain.startTestSuite(TestCaseMain.java:149)
	at com.kms.katalon.core.main.TestCaseMain$startTestSuite$0.call(Unknown Source)
	at TempTestSuite1562706763156.run(TempTestSuite1562706763156.groovy:36)]]></system-out>
         <system-err><![CDATA[2019-07-09 17:26:17 - [TEST_CASE][FAILED] - Test Cases/CRITICAL PATH/Price comparison - cart page: Test Cases/CRITICAL PATH/Price comparison - cart page FAILED.
Reason:
com.kms.katalon.core.exception.StepFailedException: Unable to verify equal between actual object '0' and expected object '14.75' (Root cause: com.kms.katalon.core.exception.StepFailedException: Actual object '0' and expected object '14.75' are not equal)
	at com.kms.katalon.core.keyword.internal.KeywordMain.stepFailed(KeywordMain.groovy:36)
	at com.kms.katalon.core.keyword.internal.KeywordMain.stepFailed(KeywordMain.groovy)
	at com.kms.katalon.core.keyword.internal.KeywordMain.runKeyword(KeywordMain.groovy:56)
	at com.kms.katalon.core.keyword.builtin.VerifyEqualKeyword.verifyEqual(VerifyEqualKeyword.groovy:63)
	at com.kms.katalon.core.keyword.builtin.VerifyEqualKeyword.execute(VerifyEqualKeyword.groovy:44)
	at com.kms.katalon.core.keyword.internal.KeywordExecutor.executeKeywordForPlatform(KeywordExecutor.groovy:53)
	at com.kms.katalon.core.keyword.BuiltinKeywords.verifyEqual(BuiltinKeywords.groovy:141)
	at Price comparison - cart page.run(Price comparison - cart page:168)
	at com.kms.katalon.core.main.ScriptEngine.run(ScriptEngine.java:194)
	at com.kms.katalon.core.main.ScriptEngine.runScriptAsRawText(ScriptEngine.java:119)
	at com.kms.katalon.core.main.TestCaseExecutor.runScript(TestCaseExecutor.java:328)
	at com.kms.katalon.core.main.TestCaseExecutor.doExecute(TestCaseExecutor.java:319)
	at com.kms.katalon.core.main.TestCaseExecutor.processExecutionPhase(TestCaseExecutor.java:298)
	at com.kms.katalon.core.main.TestCaseExecutor.accessMainPhase(TestCaseExecutor.java:290)
	at com.kms.katalon.core.main.TestCaseExecutor.execute(TestCaseExecutor.java:224)
	at com.kms.katalon.core.main.TestSuiteExecutor.accessTestCaseMainPhase(TestSuiteExecutor.java:129)
	at com.kms.katalon.core.main.TestSuiteExecutor.accessTestSuiteMainPhase(TestSuiteExecutor.java:112)
	at com.kms.katalon.core.main.TestSuiteExecutor.execute(TestSuiteExecutor.java:81)
	at com.kms.katalon.core.main.TestCaseMain.startTestSuite(TestCaseMain.java:149)
	at com.kms.katalon.core.main.TestCaseMain$startTestSuite$0.call(Unknown Source)
	at TempTestSuite1562706763156.run(TempTestSuite1562706763156.groovy:36)]]></system-err>
      </testcase>
      <testcase name="Test Cases/CRITICAL PATH/Decrease quantity - cart page" classname="Test Cases/CRITICAL PATH/Decrease quantity - cart page" status="PASSED">
         <system-out><![CDATA[2019-07-09 17:27:03 - [TEST_CASE][PASSED] - Test Cases/CRITICAL PATH/Decrease quantity - cart page: Test Cases/CRITICAL PATH/Decrease quantity - cart page

2019-07-09 17:27:04 - [TEST_STEP][PASSED] - callTestCase(findTestCase("CALL - URL"), [:], STOP_ON_FAILURE): Call Test Case 'Test Cases/CALL - URL' successfully

2019-07-09 17:27:04 - [TEST_CASE][PASSED] - Test Cases/CALL - URL: Test Cases/CALL - URL

2019-07-09 17:27:04 - [TEST_STEP][PASSED] - openBrowser(""): Browser is opened with url: ''

2019-07-09 17:27:04 - [MESSAGE][WARNING] - A browser is already opened. Closing browser and opening a new one

2019-07-09 17:27:04 - [MESSAGE][INFO] - Starting 'Safari' driver

2019-07-09 17:27:05 - [MESSAGE][PASSED] - Browser is opened with url: ''

2019-07-09 17:27:05 - [TEST_STEP][PASSED] - navigateToUrl("https://apollo-fireball.myshopify.com/?_ab=0&_fd=0&_sc=1&key=96c2edace7b9967f3a77c2e2b131937136039831e9ec35f31598610005fa8795&preview_theme_id=46803124304"): Navigate to 'https://apollo-fireball.myshopify.com/?_ab=0&_fd=0&_sc=1&key=96c2edace7b9967f3a77c2e2b131937136039831e9ec35f31598610005fa8795&preview_theme_id=46803124304' successfully

2019-07-09 17:27:06 - [MESSAGE][PASSED] - Navigate to 'https://apollo-fireball.myshopify.com/?_ab=0&_fd=0&_sc=1&key=96c2edace7b9967f3a77c2e2b131937136039831e9ec35f31598610005fa8795&preview_theme_id=46803124304' successfully

2019-07-09 17:27:06 - [TEST_STEP][PASSED] - executeJavaScript("var previewBar = document.getElementById("preview-bar-iframe"); previewBar.style.display = "none";", []): Execute JavaScript 'var previewBar = document.getElementById("preview-bar-iframe"); previewBar.style.display = "none";' successfully

2019-07-09 17:27:07 - [MESSAGE][PASSED] - Execute JavaScript 'var previewBar = document.getElementById("preview-bar-iframe"); previewBar.style.display = "none";' successfully

2019-07-09 17:27:07 - [TEST_STEP][PASSED] - maximizeWindow(): Current window maximized

2019-07-09 17:27:07 - [MESSAGE][PASSED] - Current window maximized

2019-07-09 17:27:07 - [MESSAGE][PASSED] - Call Test Case 'Test Cases/CALL - URL' successfully

2019-07-09 17:27:07 - [TEST_STEP][PASSED] - delay(1): Delayed 1 second(s)

2019-07-09 17:27:08 - [MESSAGE][PASSED] - Delayed 1 second(s)

2019-07-09 17:27:08 - [TEST_STEP][PASSED] - click(findTestObject("APOLLO- Desktop/Burger Menu/Burgermenu")): Object: 'Object Repository/APOLLO- Desktop/Burger Menu/Burgermenu' is clicked on

2019-07-09 17:27:09 - [MESSAGE][PASSED] - Object: 'Object Repository/APOLLO- Desktop/Burger Menu/Burgermenu' is clicked on

2019-07-09 17:27:09 - [TEST_STEP][PASSED] - delay(2): Delayed 2 second(s)

2019-07-09 17:27:11 - [MESSAGE][PASSED] - Delayed 2 second(s)

2019-07-09 17:27:11 - [TEST_STEP][PASSED] - click(findTestObject("APOLLO- Desktop/Burger Menu/Shop food")): Object: 'Object Repository/APOLLO- Desktop/Burger Menu/Shop food' is clicked on

2019-07-09 17:27:11 - [MESSAGE][PASSED] - Object: 'Object Repository/APOLLO- Desktop/Burger Menu/Shop food' is clicked on

2019-07-09 17:27:11 - [TEST_STEP][PASSED] - delay(2): Delayed 2 second(s)

2019-07-09 17:27:13 - [MESSAGE][PASSED] - Delayed 2 second(s)

2019-07-09 17:27:13 - [TEST_STEP][PASSED] - click(findTestObject("APOLLO- Desktop/Burger Menu/Beef")): Object: 'Object Repository/APOLLO- Desktop/Burger Menu/Beef' is clicked on

2019-07-09 17:27:13 - [MESSAGE][PASSED] - Object: 'Object Repository/APOLLO- Desktop/Burger Menu/Beef' is clicked on

2019-07-09 17:27:13 - [TEST_STEP][PASSED] - delay(2): Delayed 2 second(s)

2019-07-09 17:27:15 - [MESSAGE][PASSED] - Delayed 2 second(s)

2019-07-09 17:27:15 - [TEST_STEP][PASSED] - executeJavaScript("var previewBar = document.getElementById("preview-bar-iframe"); previewBar.style.display = "none";", []): Execute JavaScript 'var previewBar = document.getElementById("preview-bar-iframe"); previewBar.style.display = "none";' successfully

2019-07-09 17:27:16 - [MESSAGE][PASSED] - Execute JavaScript 'var previewBar = document.getElementById("preview-bar-iframe"); previewBar.style.display = "none";' successfully

2019-07-09 17:27:16 - [TEST_STEP][PASSED] - delay(2): Delayed 2 second(s)

2019-07-09 17:27:18 - [MESSAGE][PASSED] - Delayed 2 second(s)

2019-07-09 17:27:18 - [TEST_STEP][PASSED] - click(findTestObject("APOLLO- Desktop/Collection page/Beef skewers")): Object: 'Object Repository/APOLLO- Desktop/Collection page/Beef skewers' is clicked on

2019-07-09 17:27:19 - [MESSAGE][PASSED] - Object: 'Object Repository/APOLLO- Desktop/Collection page/Beef skewers' is clicked on

2019-07-09 17:27:19 - [TEST_STEP][PASSED] - executeJavaScript("var previewBar = document.getElementById("preview-bar-iframe"); previewBar.style.display = "none";", []): Execute JavaScript 'var previewBar = document.getElementById("preview-bar-iframe"); previewBar.style.display = "none";' successfully

2019-07-09 17:27:19 - [MESSAGE][PASSED] - Execute JavaScript 'var previewBar = document.getElementById("preview-bar-iframe"); previewBar.style.display = "none";' successfully

2019-07-09 17:27:19 - [TEST_STEP][PASSED] - delay(2): Delayed 2 second(s)

2019-07-09 17:27:21 - [MESSAGE][PASSED] - Delayed 2 second(s)

2019-07-09 17:27:21 - [TEST_STEP][PASSED] - click(findTestObject("APOLLO- Desktop/Product page/1 piece")): Object: 'Object Repository/APOLLO- Desktop/Product page/1 piece' is clicked on

2019-07-09 17:27:21 - [MESSAGE][PASSED] - Object: 'Object Repository/APOLLO- Desktop/Product page/1 piece' is clicked on

2019-07-09 17:27:21 - [TEST_STEP][PASSED] - delay(2): Delayed 2 second(s)

2019-07-09 17:27:23 - [MESSAGE][PASSED] - Delayed 2 second(s)

2019-07-09 17:27:23 - [TEST_STEP][PASSED] - delay(2): Delayed 2 second(s)

2019-07-09 17:27:25 - [MESSAGE][PASSED] - Delayed 2 second(s)

2019-07-09 17:27:25 - [TEST_STEP][PASSED] - click(findTestObject("APOLLO- Desktop/Product page/Increase qunatity - prod page")): Object: 'Object Repository/APOLLO- Desktop/Product page/Increase qunatity - prod page' is clicked on

2019-07-09 17:27:25 - [MESSAGE][PASSED] - Object: 'Object Repository/APOLLO- Desktop/Product page/Increase qunatity - prod page' is clicked on

2019-07-09 17:27:25 - [TEST_STEP][PASSED] - delay(2): Delayed 2 second(s)

2019-07-09 17:27:27 - [MESSAGE][PASSED] - Delayed 2 second(s)

2019-07-09 17:27:27 - [TEST_STEP][PASSED] - click(findTestObject("APOLLO- Desktop/Product page/Increase qunatity - prod page")): Object: 'Object Repository/APOLLO- Desktop/Product page/Increase qunatity - prod page' is clicked on

2019-07-09 17:27:27 - [MESSAGE][PASSED] - Object: 'Object Repository/APOLLO- Desktop/Product page/Increase qunatity - prod page' is clicked on

2019-07-09 17:27:27 - [TEST_STEP][PASSED] - delay(2): Delayed 2 second(s)

2019-07-09 17:27:29 - [MESSAGE][PASSED] - Delayed 2 second(s)

2019-07-09 17:27:29 - [TEST_STEP][PASSED] - click(findTestObject("APOLLO- Desktop/Product page/Increase qunatity - prod page")): Object: 'Object Repository/APOLLO- Desktop/Product page/Increase qunatity - prod page' is clicked on

2019-07-09 17:27:29 - [MESSAGE][PASSED] - Object: 'Object Repository/APOLLO- Desktop/Product page/Increase qunatity - prod page' is clicked on

2019-07-09 17:27:29 - [TEST_STEP][PASSED] - delay(2): Delayed 2 second(s)

2019-07-09 17:27:31 - [MESSAGE][PASSED] - Delayed 2 second(s)

2019-07-09 17:27:31 - [TEST_STEP][PASSED] - click(findTestObject("APOLLO- Desktop/Product page/Increase qunatity - prod page")): Object: 'Object Repository/APOLLO- Desktop/Product page/Increase qunatity - prod page' is clicked on

2019-07-09 17:27:31 - [MESSAGE][PASSED] - Object: 'Object Repository/APOLLO- Desktop/Product page/Increase qunatity - prod page' is clicked on

2019-07-09 17:27:31 - [TEST_STEP][PASSED] - delay(2): Delayed 2 second(s)

2019-07-09 17:27:33 - [MESSAGE][PASSED] - Delayed 2 second(s)

2019-07-09 17:27:33 - [TEST_STEP][PASSED] - click(findTestObject("APOLLO- Desktop/Product page/Increase qunatity - prod page")): Object: 'Object Repository/APOLLO- Desktop/Product page/Increase qunatity - prod page' is clicked on

2019-07-09 17:27:33 - [MESSAGE][PASSED] - Object: 'Object Repository/APOLLO- Desktop/Product page/Increase qunatity - prod page' is clicked on

2019-07-09 17:27:33 - [TEST_STEP][PASSED] - delay(2): Delayed 2 second(s)

2019-07-09 17:27:35 - [MESSAGE][PASSED] - Delayed 2 second(s)

2019-07-09 17:27:35 - [TEST_STEP][PASSED] - click(findTestObject("APOLLO- Desktop/Product page/Add to bag")): Object: 'Object Repository/APOLLO- Desktop/Product page/Add to bag' is clicked on

2019-07-09 17:27:35 - [MESSAGE][PASSED] - Object: 'Object Repository/APOLLO- Desktop/Product page/Add to bag' is clicked on

2019-07-09 17:27:35 - [TEST_STEP][PASSED] - delay(2): Delayed 2 second(s)

2019-07-09 17:27:37 - [MESSAGE][PASSED] - Delayed 2 second(s)

2019-07-09 17:27:37 - [TEST_STEP][PASSED] - delay(2): Delayed 2 second(s)

2019-07-09 17:27:39 - [MESSAGE][PASSED] - Delayed 2 second(s)

2019-07-09 17:27:39 - [TEST_STEP][PASSED] - click(findTestObject("APOLLO- Desktop/Cart flyout/Checkout")): Object: 'Object Repository/APOLLO- Desktop/Cart flyout/Checkout' is clicked on

2019-07-09 17:27:41 - [MESSAGE][PASSED] - Object: 'Object Repository/APOLLO- Desktop/Cart flyout/Checkout' is clicked on

2019-07-09 17:27:41 - [TEST_STEP][PASSED] - delay(2): Delayed 2 second(s)

2019-07-09 17:27:43 - [MESSAGE][PASSED] - Delayed 2 second(s)

2019-07-09 17:27:43 - [TEST_STEP][PASSED] - click(findTestObject("APOLLO- Desktop/Customer Information page/Cart page breadcrumb")): Object: 'Object Repository/APOLLO- Desktop/Customer Information page/Cart page breadcrumb' is clicked on

2019-07-09 17:27:43 - [MESSAGE][PASSED] - Object: 'Object Repository/APOLLO- Desktop/Customer Information page/Cart page breadcrumb' is clicked on

2019-07-09 17:27:43 - [TEST_STEP][PASSED] - executeJavaScript("var previewBar = document.getElementById("preview-bar-iframe"); previewBar.style.display = "none";", []): Execute JavaScript 'var previewBar = document.getElementById("preview-bar-iframe"); previewBar.style.display = "none";' successfully

2019-07-09 17:27:43 - [MESSAGE][PASSED] - Execute JavaScript 'var previewBar = document.getElementById("preview-bar-iframe"); previewBar.style.display = "none";' successfully

2019-07-09 17:27:43 - [TEST_STEP][PASSED] - delay(2): Delayed 2 second(s)

2019-07-09 17:27:45 - [MESSAGE][PASSED] - Delayed 2 second(s)

2019-07-09 17:27:45 - [TEST_STEP][PASSED] - a = getText(findTestObject("APOLLO- Desktop/Cart page/Subtotal in cart page")): Text of object 'Object Repository/APOLLO- Desktop/Cart page/Subtotal in cart page' is: '$51.00'

2019-07-09 17:27:45 - [MESSAGE][PASSED] - Text of object 'Object Repository/APOLLO- Desktop/Cart page/Subtotal in cart page' is: '$51.00'

2019-07-09 17:27:45 - [TEST_STEP][PASSED] - comment("a=" + a): a=$51.00

2019-07-09 17:27:45 - [MESSAGE][INFO] - a=$51.00

2019-07-09 17:27:45 - [TEST_STEP][PASSED] - delay(2): Delayed 2 second(s)

2019-07-09 17:27:47 - [MESSAGE][PASSED] - Delayed 2 second(s)

2019-07-09 17:27:47 - [TEST_STEP][PASSED] - click(findTestObject("APOLLO- Desktop/Cart page/Decrease quantity - cart page")): Object: 'Object Repository/APOLLO- Desktop/Cart page/Decrease quantity - cart page' is clicked on

2019-07-09 17:27:47 - [MESSAGE][PASSED] - Object: 'Object Repository/APOLLO- Desktop/Cart page/Decrease quantity - cart page' is clicked on

2019-07-09 17:27:47 - [TEST_STEP][PASSED] - delay(2): Delayed 2 second(s)

2019-07-09 17:27:49 - [MESSAGE][PASSED] - Delayed 2 second(s)

2019-07-09 17:27:49 - [TEST_STEP][PASSED] - click(findTestObject("APOLLO- Desktop/Cart page/Decrease quantity - cart page")): Object: 'Object Repository/APOLLO- Desktop/Cart page/Decrease quantity - cart page' is clicked on

2019-07-09 17:27:49 - [MESSAGE][PASSED] - Object: 'Object Repository/APOLLO- Desktop/Cart page/Decrease quantity - cart page' is clicked on

2019-07-09 17:27:49 - [TEST_STEP][PASSED] - delay(2): Delayed 2 second(s)

2019-07-09 17:27:51 - [MESSAGE][PASSED] - Delayed 2 second(s)

2019-07-09 17:27:51 - [TEST_STEP][PASSED] - click(findTestObject("APOLLO- Desktop/Cart page/Decrease quantity - cart page")): Object: 'Object Repository/APOLLO- Desktop/Cart page/Decrease quantity - cart page' is clicked on

2019-07-09 17:27:51 - [MESSAGE][PASSED] - Object: 'Object Repository/APOLLO- Desktop/Cart page/Decrease quantity - cart page' is clicked on

2019-07-09 17:27:51 - [TEST_STEP][PASSED] - delay(2): Delayed 2 second(s)

2019-07-09 17:27:53 - [MESSAGE][PASSED] - Delayed 2 second(s)

2019-07-09 17:27:53 - [TEST_STEP][PASSED] - setText(findTestObject("APOLLO- Desktop/Cart flyout/CArt quanty update"), "1"): Text '1' is set on object 'Object Repository/APOLLO- Desktop/Cart flyout/CArt quanty update'

2019-07-09 17:27:53 - [MESSAGE][PASSED] - Text '1' is set on object 'Object Repository/APOLLO- Desktop/Cart flyout/CArt quanty update'

2019-07-09 17:27:53 - [TEST_STEP][PASSED] - delay(2): Delayed 2 second(s)

2019-07-09 17:27:55 - [MESSAGE][PASSED] - Delayed 2 second(s)

2019-07-09 17:27:55 - [TEST_STEP][PASSED] - click(findTestObject("APOLLO- Desktop/Cart page/Click outside the page")): Object: 'Object Repository/APOLLO- Desktop/Cart page/Click outside the page' is clicked on

2019-07-09 17:27:55 - [MESSAGE][PASSED] - Object: 'Object Repository/APOLLO- Desktop/Cart page/Click outside the page' is clicked on

2019-07-09 17:27:55 - [TEST_STEP][PASSED] - delay(2): Delayed 2 second(s)

2019-07-09 17:27:57 - [MESSAGE][PASSED] - Delayed 2 second(s)

2019-07-09 17:27:57 - [TEST_STEP][PASSED] - b = getText(findTestObject("APOLLO- Desktop/Cart page/Subtotal in cart page")): Text of object 'Object Repository/APOLLO- Desktop/Cart page/Subtotal in cart page' is: '$8.50'

2019-07-09 17:27:57 - [MESSAGE][PASSED] - Text of object 'Object Repository/APOLLO- Desktop/Cart page/Subtotal in cart page' is: '$8.50'

2019-07-09 17:27:57 - [TEST_STEP][PASSED] - comment("b=" + b): b=$8.50

2019-07-09 17:27:57 - [MESSAGE][INFO] - b=$8.50

2019-07-09 17:27:57 - [TEST_STEP][PASSED] - verifyNotEqual("a", "b"): Actual object 'a' and expected object 'b' are not equal

2019-07-09 17:27:57 - [MESSAGE][PASSED] - Actual object 'a' and expected object 'b' are not equal

2019-07-09 17:27:57 - [TEST_STEP][PASSED] - delay(2): Delayed 2 second(s)

2019-07-09 17:27:59 - [MESSAGE][PASSED] - Delayed 2 second(s)

2019-07-09 17:27:59 - [TEST_STEP][PASSED] - click(findTestObject("APOLLO- Desktop/Cart flyout/Checkout")): Object: 'Object Repository/APOLLO- Desktop/Cart flyout/Checkout' is clicked on

2019-07-09 17:27:59 - [MESSAGE][PASSED] - Object: 'Object Repository/APOLLO- Desktop/Cart flyout/Checkout' is clicked on

2019-07-09 17:27:59 - [TEST_STEP][PASSED] - delay(2): Delayed 2 second(s)

2019-07-09 17:28:01 - [MESSAGE][PASSED] - Delayed 2 second(s)

2019-07-09 17:28:01 - [TEST_STEP][PASSED] - callTestCase(findTestCase("CALL- CUSTOMER INFO PAGE"), [:], STOP_ON_FAILURE): Call Test Case 'Test Cases/CALL- CUSTOMER INFO PAGE' successfully

2019-07-09 17:28:01 - [TEST_CASE][PASSED] - Test Cases/CALL- CUSTOMER INFO PAGE: Test Cases/CALL- CUSTOMER INFO PAGE

2019-07-09 17:28:01 - [TEST_STEP][PASSED] - delay(2): Delayed 2 second(s)

2019-07-09 17:28:03 - [MESSAGE][PASSED] - Delayed 2 second(s)

2019-07-09 17:28:03 - [TEST_STEP][PASSED] - executeJavaScript("var previewBar = document.getElementById("preview-bar-iframe"); previewBar.style.display = "none";", []): Execute JavaScript 'var previewBar = document.getElementById("preview-bar-iframe"); previewBar.style.display = "none";' successfully

2019-07-09 17:28:03 - [MESSAGE][PASSED] - Execute JavaScript 'var previewBar = document.getElementById("preview-bar-iframe"); previewBar.style.display = "none";' successfully

2019-07-09 17:28:03 - [TEST_STEP][PASSED] - setText(findTestObject("APOLLO- Desktop/Customer Information page/Email"), "suman@gmail.com"): Text 'suman@gmail.com' is set on object 'Object Repository/APOLLO- Desktop/Customer Information page/Email'

2019-07-09 17:28:04 - [MESSAGE][PASSED] - Text 'suman@gmail.com' is set on object 'Object Repository/APOLLO- Desktop/Customer Information page/Email'

2019-07-09 17:28:04 - [TEST_STEP][PASSED] - delay(2): Delayed 2 second(s)

2019-07-09 17:28:06 - [MESSAGE][PASSED] - Delayed 2 second(s)

2019-07-09 17:28:06 - [TEST_STEP][PASSED] - setText(findTestObject("APOLLO- Desktop/Customer Information page/First name"), "suman"): Text 'suman' is set on object 'Object Repository/APOLLO- Desktop/Customer Information page/First name'

2019-07-09 17:28:06 - [MESSAGE][PASSED] - Text 'suman' is set on object 'Object Repository/APOLLO- Desktop/Customer Information page/First name'

2019-07-09 17:28:06 - [TEST_STEP][PASSED] - delay(2): Delayed 2 second(s)

2019-07-09 17:28:08 - [MESSAGE][PASSED] - Delayed 2 second(s)

2019-07-09 17:28:08 - [TEST_STEP][PASSED] - setText(findTestObject("APOLLO- Desktop/Customer Information page/Last name"), "kompelly"): Text 'kompelly' is set on object 'Object Repository/APOLLO- Desktop/Customer Information page/Last name'

2019-07-09 17:28:08 - [MESSAGE][PASSED] - Text 'kompelly' is set on object 'Object Repository/APOLLO- Desktop/Customer Information page/Last name'

2019-07-09 17:28:08 - [TEST_STEP][PASSED] - delay(2): Delayed 2 second(s)

2019-07-09 17:28:10 - [MESSAGE][PASSED] - Delayed 2 second(s)

2019-07-09 17:28:10 - [TEST_STEP][PASSED] - setText(findTestObject("APOLLO- Desktop/Customer Information page/Address"), "1435 st alxendre"): Text '1435 st alxendre' is set on object 'Object Repository/APOLLO- Desktop/Customer Information page/Address'

2019-07-09 17:28:10 - [MESSAGE][PASSED] - Text '1435 st alxendre' is set on object 'Object Repository/APOLLO- Desktop/Customer Information page/Address'

2019-07-09 17:28:10 - [TEST_STEP][PASSED] - setText(findTestObject("APOLLO- Desktop/Customer Information page/Apartment"), "220"): Text '220' is set on object 'Object Repository/APOLLO- Desktop/Customer Information page/Apartment'

2019-07-09 17:28:10 - [MESSAGE][PASSED] - Text '220' is set on object 'Object Repository/APOLLO- Desktop/Customer Information page/Apartment'

2019-07-09 17:28:10 - [TEST_STEP][PASSED] - setText(findTestObject("APOLLO- Desktop/Customer Information page/City"), "montreal"): Text 'montreal' is set on object 'Object Repository/APOLLO- Desktop/Customer Information page/City'

2019-07-09 17:28:10 - [MESSAGE][PASSED] - Text 'montreal' is set on object 'Object Repository/APOLLO- Desktop/Customer Information page/City'

2019-07-09 17:28:10 - [TEST_STEP][PASSED] - selectOptionByValue(findTestObject("APOLLO- Desktop/Customer Information page/Country dropdown"), "United States", true): All options with value 'United States' are selected in object 'Object Repository/APOLLO- Desktop/Customer Information page/Country dropdown'  using regular expression

2019-07-09 17:28:15 - [MESSAGE][PASSED] - All options with value 'United States' are selected in object 'Object Repository/APOLLO- Desktop/Customer Information page/Country dropdown'  using regular expression

2019-07-09 17:28:15 - [TEST_STEP][PASSED] - selectOptionByValue(findTestObject("APOLLO- Desktop/Customer Information page/states dropdown"), "NJ", true): All options with value 'NJ' are selected in object 'Object Repository/APOLLO- Desktop/Customer Information page/states dropdown'  using regular expression

2019-07-09 17:28:16 - [MESSAGE][PASSED] - All options with value 'NJ' are selected in object 'Object Repository/APOLLO- Desktop/Customer Information page/states dropdown'  using regular expression

2019-07-09 17:28:16 - [TEST_STEP][PASSED] - setText(findTestObject("APOLLO- Desktop/Customer Information page/ZIP code"), "07057"): Text '07057' is set on object 'Object Repository/APOLLO- Desktop/Customer Information page/ZIP code'

2019-07-09 17:28:16 - [MESSAGE][PASSED] - Text '07057' is set on object 'Object Repository/APOLLO- Desktop/Customer Information page/ZIP code'

2019-07-09 17:28:16 - [MESSAGE][PASSED] - Call Test Case 'Test Cases/CALL- CUSTOMER INFO PAGE' successfully

2019-07-09 17:28:16 - [TEST_STEP][PASSED] - delay(2): Delayed 2 second(s)

2019-07-09 17:28:18 - [MESSAGE][PASSED] - Delayed 2 second(s)

2019-07-09 17:28:18 - [TEST_STEP][PASSED] - callTestCase(findTestCase("CALL - SHIPPING TO PAYMENT"), [:], STOP_ON_FAILURE): Call Test Case 'Test Cases/CALL - SHIPPING TO PAYMENT' successfully

2019-07-09 17:28:18 - [TEST_CASE][PASSED] - Test Cases/CALL - SHIPPING TO PAYMENT: Test Cases/CALL - SHIPPING TO PAYMENT

2019-07-09 17:28:18 - [TEST_STEP][PASSED] - click(findTestObject("APOLLO- Desktop/Customer Information page/Continue to shipping")): Object: 'Object Repository/APOLLO- Desktop/Customer Information page/Continue to shipping' is clicked on

2019-07-09 17:28:18 - [MESSAGE][PASSED] - Object: 'Object Repository/APOLLO- Desktop/Customer Information page/Continue to shipping' is clicked on

2019-07-09 17:28:18 - [TEST_STEP][PASSED] - executeJavaScript("var previewBar = document.getElementById("preview-bar-iframe"); previewBar.style.display = "none";", []): Execute JavaScript 'var previewBar = document.getElementById("preview-bar-iframe"); previewBar.style.display = "none";' successfully

2019-07-09 17:28:18 - [MESSAGE][PASSED] - Execute JavaScript 'var previewBar = document.getElementById("preview-bar-iframe"); previewBar.style.display = "none";' successfully

2019-07-09 17:28:18 - [TEST_STEP][PASSED] - click(findTestObject("APOLLO- Desktop/Shipping page/Radio button check")): Object: 'Object Repository/APOLLO- Desktop/Shipping page/Radio button check' is clicked on

2019-07-09 17:28:21 - [MESSAGE][PASSED] - Object: 'Object Repository/APOLLO- Desktop/Shipping page/Radio button check' is clicked on

2019-07-09 17:28:21 - [TEST_STEP][PASSED] - executeJavaScript("var previewBar = document.getElementById("preview-bar-iframe"); previewBar.style.display = "none";", []): Execute JavaScript 'var previewBar = document.getElementById("preview-bar-iframe"); previewBar.style.display = "none";' successfully

2019-07-09 17:28:21 - [MESSAGE][PASSED] - Execute JavaScript 'var previewBar = document.getElementById("preview-bar-iframe"); previewBar.style.display = "none";' successfully

2019-07-09 17:28:21 - [TEST_STEP][PASSED] - click(findTestObject("APOLLO- Desktop/Shipping page/Continue to payment")): Object: 'Object Repository/APOLLO- Desktop/Shipping page/Continue to payment' is clicked on

2019-07-09 17:28:21 - [MESSAGE][PASSED] - Object: 'Object Repository/APOLLO- Desktop/Shipping page/Continue to payment' is clicked on

2019-07-09 17:28:21 - [TEST_STEP][PASSED] - executeJavaScript("var previewBar = document.getElementById("preview-bar-iframe"); previewBar.style.display = "none";", []): Execute JavaScript 'var previewBar = document.getElementById("preview-bar-iframe"); previewBar.style.display = "none";' successfully

2019-07-09 17:28:21 - [MESSAGE][PASSED] - Execute JavaScript 'var previewBar = document.getElementById("preview-bar-iframe"); previewBar.style.display = "none";' successfully

2019-07-09 17:28:21 - [TEST_STEP][PASSED] - verifyTextPresent("Payment", false): Text 'Payment' is present on page 

2019-07-09 17:28:21 - [MESSAGE][PASSED] - Text 'Payment' is present on page 

2019-07-09 17:28:21 - [MESSAGE][PASSED] - Call Test Case 'Test Cases/CALL - SHIPPING TO PAYMENT' successfully]]></system-out>
         <system-err><![CDATA[]]></system-err>
      </testcase>
      <testcase name="Test Cases/CRITICAL PATH/Adding product - Search flyout" classname="Test Cases/CRITICAL PATH/Adding product - Search flyout" status="FAILED">
         <failure type="FAILED" message="Test Cases/CRITICAL PATH/Adding product - Search flyout FAILED.
Reason:
com.kms.katalon.core.exception.StepFailedException: Unable to click on object 'Object Repository/APOLLO- Desktop/Product page/Add to bag - Copy' (Root cause: com.kms.katalon.core.webui.exception.WebElementNotFoundException: Web element with id: 'Object Repository/APOLLO- Desktop/Product page/Add to bag - Copy' located by 'By.xpath: //button[@class='o-btn o-btn--large o-btn--secondary js-product-atc'][count(. | //button[(text() = 'Add to bag' or . = 'Add to bag')]) = count(//button[(text() = 'Add to bag' or . = 'Add to bag')])]' not found)
	at com.kms.katalon.core.keyword.internal.KeywordMain.stepFailed(KeywordMain.groovy:32)
	at com.kms.katalon.core.webui.keyword.internal.WebUIKeywordMain.stepFailed(WebUIKeywordMain.groovy:65)
	at com.kms.katalon.core.webui.keyword.internal.WebUIKeywordMain.runKeyword(WebUIKeywordMain.groovy:27)
	at com.kms.katalon.core.webui.keyword.builtin.ClickKeyword.click(ClickKeyword.groovy:86)
	at com.kms.katalon.core.webui.keyword.builtin.ClickKeyword.execute(ClickKeyword.groovy:67)
	at com.kms.katalon.core.keyword.internal.KeywordExecutor.executeKeywordForPlatform(KeywordExecutor.groovy:53)
	at com.kms.katalon.core.webui.keyword.WebUiBuiltInKeywords.click(WebUiBuiltInKeywords.groovy:604)
	at com.kms.katalon.core.webui.keyword.WebUiBuiltInKeywords$click$17.call(Unknown Source)
	at Adding product - Search flyout.run(Adding product - Search flyout:72)
	at com.kms.katalon.core.main.ScriptEngine.run(ScriptEngine.java:194)
	at com.kms.katalon.core.main.ScriptEngine.runScriptAsRawText(ScriptEngine.java:119)
	at com.kms.katalon.core.main.TestCaseExecutor.runScript(TestCaseExecutor.java:328)
	at com.kms.katalon.core.main.TestCaseExecutor.doExecute(TestCaseExecutor.java:319)
	at com.kms.katalon.core.main.TestCaseExecutor.processExecutionPhase(TestCaseExecutor.java:298)
	at com.kms.katalon.core.main.TestCaseExecutor.accessMainPhase(TestCaseExecutor.java:290)
	at com.kms.katalon.core.main.TestCaseExecutor.execute(TestCaseExecutor.java:224)
	at com.kms.katalon.core.main.TestSuiteExecutor.accessTestCaseMainPhase(TestSuiteExecutor.java:129)
	at com.kms.katalon.core.main.TestSuiteExecutor.accessTestSuiteMainPhase(TestSuiteExecutor.java:112)
	at com.kms.katalon.core.main.TestSuiteExecutor.execute(TestSuiteExecutor.java:81)
	at com.kms.katalon.core.main.TestCaseMain.startTestSuite(TestCaseMain.java:149)
	at com.kms.katalon.core.main.TestCaseMain$startTestSuite$0.call(Unknown Source)
	at TempTestSuite1562706763156.run(TempTestSuite1562706763156.groovy:36)
"/>
         <system-out><![CDATA[2019-07-09 17:28:21 - [TEST_CASE][FAILED] - Test Cases/CRITICAL PATH/Adding product - Search flyout: Test Cases/CRITICAL PATH/Adding product - Search flyout FAILED.
Reason:
com.kms.katalon.core.exception.StepFailedException: Unable to click on object 'Object Repository/APOLLO- Desktop/Product page/Add to bag - Copy' (Root cause: com.kms.katalon.core.webui.exception.WebElementNotFoundException: Web element with id: 'Object Repository/APOLLO- Desktop/Product page/Add to bag - Copy' located by 'By.xpath: //button[@class='o-btn o-btn--large o-btn--secondary js-product-atc'][count(. | //button[(text() = 'Add to bag' or . = 'Add to bag')]) = count(//button[(text() = 'Add to bag' or . = 'Add to bag')])]' not found)
	at com.kms.katalon.core.keyword.internal.KeywordMain.stepFailed(KeywordMain.groovy:32)
	at com.kms.katalon.core.webui.keyword.internal.WebUIKeywordMain.stepFailed(WebUIKeywordMain.groovy:65)
	at com.kms.katalon.core.webui.keyword.internal.WebUIKeywordMain.runKeyword(WebUIKeywordMain.groovy:27)
	at com.kms.katalon.core.webui.keyword.builtin.ClickKeyword.click(ClickKeyword.groovy:86)
	at com.kms.katalon.core.webui.keyword.builtin.ClickKeyword.execute(ClickKeyword.groovy:67)
	at com.kms.katalon.core.keyword.internal.KeywordExecutor.executeKeywordForPlatform(KeywordExecutor.groovy:53)
	at com.kms.katalon.core.webui.keyword.WebUiBuiltInKeywords.click(WebUiBuiltInKeywords.groovy:604)
	at com.kms.katalon.core.webui.keyword.WebUiBuiltInKeywords$click$17.call(Unknown Source)
	at Adding product - Search flyout.run(Adding product - Search flyout:72)
	at com.kms.katalon.core.main.ScriptEngine.run(ScriptEngine.java:194)
	at com.kms.katalon.core.main.ScriptEngine.runScriptAsRawText(ScriptEngine.java:119)
	at com.kms.katalon.core.main.TestCaseExecutor.runScript(TestCaseExecutor.java:328)
	at com.kms.katalon.core.main.TestCaseExecutor.doExecute(TestCaseExecutor.java:319)
	at com.kms.katalon.core.main.TestCaseExecutor.processExecutionPhase(TestCaseExecutor.java:298)
	at com.kms.katalon.core.main.TestCaseExecutor.accessMainPhase(TestCaseExecutor.java:290)
	at com.kms.katalon.core.main.TestCaseExecutor.execute(TestCaseExecutor.java:224)
	at com.kms.katalon.core.main.TestSuiteExecutor.accessTestCaseMainPhase(TestSuiteExecutor.java:129)
	at com.kms.katalon.core.main.TestSuiteExecutor.accessTestSuiteMainPhase(TestSuiteExecutor.java:112)
	at com.kms.katalon.core.main.TestSuiteExecutor.execute(TestSuiteExecutor.java:81)
	at com.kms.katalon.core.main.TestCaseMain.startTestSuite(TestCaseMain.java:149)
	at com.kms.katalon.core.main.TestCaseMain$startTestSuite$0.call(Unknown Source)
	at TempTestSuite1562706763156.run(TempTestSuite1562706763156.groovy:36)


2019-07-09 17:28:21 - [TEST_STEP][PASSED] - callTestCase(findTestCase("CALL - URL"), [:], STOP_ON_FAILURE): Call Test Case 'Test Cases/CALL - URL' successfully

2019-07-09 17:28:21 - [TEST_CASE][PASSED] - Test Cases/CALL - URL: Test Cases/CALL - URL

2019-07-09 17:28:21 - [TEST_STEP][PASSED] - openBrowser(""): Browser is opened with url: ''

2019-07-09 17:28:21 - [MESSAGE][WARNING] - A browser is already opened. Closing browser and opening a new one

2019-07-09 17:28:21 - [MESSAGE][INFO] - Starting 'Safari' driver

2019-07-09 17:28:22 - [MESSAGE][PASSED] - Browser is opened with url: ''

2019-07-09 17:28:22 - [TEST_STEP][PASSED] - navigateToUrl("https://apollo-fireball.myshopify.com/?_ab=0&_fd=0&_sc=1&key=96c2edace7b9967f3a77c2e2b131937136039831e9ec35f31598610005fa8795&preview_theme_id=46803124304"): Navigate to 'https://apollo-fireball.myshopify.com/?_ab=0&_fd=0&_sc=1&key=96c2edace7b9967f3a77c2e2b131937136039831e9ec35f31598610005fa8795&preview_theme_id=46803124304' successfully

2019-07-09 17:28:27 - [MESSAGE][PASSED] - Navigate to 'https://apollo-fireball.myshopify.com/?_ab=0&_fd=0&_sc=1&key=96c2edace7b9967f3a77c2e2b131937136039831e9ec35f31598610005fa8795&preview_theme_id=46803124304' successfully

2019-07-09 17:28:27 - [TEST_STEP][PASSED] - executeJavaScript("var previewBar = document.getElementById("preview-bar-iframe"); previewBar.style.display = "none";", []): Execute JavaScript 'var previewBar = document.getElementById("preview-bar-iframe"); previewBar.style.display = "none";' successfully

2019-07-09 17:28:27 - [MESSAGE][PASSED] - Execute JavaScript 'var previewBar = document.getElementById("preview-bar-iframe"); previewBar.style.display = "none";' successfully

2019-07-09 17:28:27 - [TEST_STEP][PASSED] - maximizeWindow(): Current window maximized

2019-07-09 17:28:27 - [MESSAGE][PASSED] - Current window maximized

2019-07-09 17:28:27 - [MESSAGE][PASSED] - Call Test Case 'Test Cases/CALL - URL' successfully

2019-07-09 17:28:27 - [TEST_STEP][PASSED] - delay(2): Delayed 2 second(s)

2019-07-09 17:28:29 - [MESSAGE][PASSED] - Delayed 2 second(s)

2019-07-09 17:28:29 - [TEST_STEP][PASSED] - click(findTestObject("APOLLO- Desktop/Home page/Search input")): Object: 'Object Repository/APOLLO- Desktop/Home page/Search input' is clicked on

2019-07-09 17:28:30 - [MESSAGE][PASSED] - Object: 'Object Repository/APOLLO- Desktop/Home page/Search input' is clicked on

2019-07-09 17:28:30 - [TEST_STEP][PASSED] - delay(1): Delayed 1 second(s)

2019-07-09 17:28:31 - [MESSAGE][PASSED] - Delayed 1 second(s)

2019-07-09 17:28:31 - [TEST_STEP][PASSED] - setText(findTestObject("APOLLO- Desktop/Home page/Search input box to enter"), "Chicken"): Text 'Chicken' is set on object 'Object Repository/APOLLO- Desktop/Home page/Search input box to enter'

2019-07-09 17:28:32 - [MESSAGE][PASSED] - Text 'Chicken' is set on object 'Object Repository/APOLLO- Desktop/Home page/Search input box to enter'

2019-07-09 17:28:32 - [TEST_STEP][PASSED] - delay(1): Delayed 1 second(s)

2019-07-09 17:28:33 - [MESSAGE][PASSED] - Delayed 1 second(s)

2019-07-09 17:28:33 - [TEST_STEP][PASSED] - click(findTestObject("APOLLO- Desktop/Home page/2nd product - search flyout")): Object: 'Object Repository/APOLLO- Desktop/Home page/2nd product - search flyout' is clicked on

2019-07-09 17:28:33 - [MESSAGE][PASSED] - Object: 'Object Repository/APOLLO- Desktop/Home page/2nd product - search flyout' is clicked on

2019-07-09 17:28:33 - [TEST_STEP][PASSED] - delay(2): Delayed 2 second(s)

2019-07-09 17:28:35 - [MESSAGE][PASSED] - Delayed 2 second(s)

2019-07-09 17:28:35 - [TEST_STEP][PASSED] - click(findTestObject("APOLLO- Desktop/Product page/1 piece"), CONTINUE_ON_FAILURE): Object: 'Object Repository/APOLLO- Desktop/Product page/1 piece' is clicked on

2019-07-09 17:28:41 - [MESSAGE][PASSED] - Object: 'Object Repository/APOLLO- Desktop/Product page/1 piece' is clicked on

2019-07-09 17:28:41 - [TEST_STEP][PASSED] - delay(2): Delayed 2 second(s)

2019-07-09 17:28:43 - [MESSAGE][PASSED] - Delayed 2 second(s)

2019-07-09 17:28:43 - [TEST_STEP][PASSED] - click(findTestObject("APOLLO- Desktop/Product page/Add to bag")): Object: 'Object Repository/APOLLO- Desktop/Product page/Add to bag' is clicked on

2019-07-09 17:28:43 - [MESSAGE][PASSED] - Object: 'Object Repository/APOLLO- Desktop/Product page/Add to bag' is clicked on

2019-07-09 17:28:43 - [TEST_STEP][PASSED] - delay(2): Delayed 2 second(s)

2019-07-09 17:28:45 - [MESSAGE][PASSED] - Delayed 2 second(s)

2019-07-09 17:28:45 - [TEST_STEP][PASSED] - click(findTestObject("APOLLO- Desktop/Cart flyout/Cart collapse")): Object: 'Object Repository/APOLLO- Desktop/Cart flyout/Cart collapse' is clicked on

2019-07-09 17:28:45 - [MESSAGE][PASSED] - Object: 'Object Repository/APOLLO- Desktop/Cart flyout/Cart collapse' is clicked on

2019-07-09 17:28:45 - [TEST_STEP][PASSED] - delay(2): Delayed 2 second(s)

2019-07-09 17:28:47 - [MESSAGE][PASSED] - Delayed 2 second(s)

2019-07-09 17:28:47 - [TEST_STEP][PASSED] - click(findTestObject("APOLLO- Desktop/Product page/2 piece"), CONTINUE_ON_FAILURE): Object: 'Object Repository/APOLLO- Desktop/Product page/2 piece' is clicked on

2019-07-09 17:28:47 - [MESSAGE][PASSED] - Object: 'Object Repository/APOLLO- Desktop/Product page/2 piece' is clicked on

2019-07-09 17:28:47 - [TEST_STEP][PASSED] - delay(2): Delayed 2 second(s)

2019-07-09 17:28:49 - [MESSAGE][PASSED] - Delayed 2 second(s)

2019-07-09 17:28:49 - [TEST_STEP][PASSED] - click(findTestObject("APOLLO- Desktop/Product page/Add to bag")): Object: 'Object Repository/APOLLO- Desktop/Product page/Add to bag' is clicked on

2019-07-09 17:28:49 - [MESSAGE][PASSED] - Object: 'Object Repository/APOLLO- Desktop/Product page/Add to bag' is clicked on

2019-07-09 17:28:49 - [TEST_STEP][PASSED] - delay(2): Delayed 2 second(s)

2019-07-09 17:28:51 - [MESSAGE][PASSED] - Delayed 2 second(s)

2019-07-09 17:28:51 - [TEST_STEP][PASSED] - click(findTestObject("APOLLO- Desktop/Cart flyout/Cart collapse")): Object: 'Object Repository/APOLLO- Desktop/Cart flyout/Cart collapse' is clicked on

2019-07-09 17:28:51 - [MESSAGE][PASSED] - Object: 'Object Repository/APOLLO- Desktop/Cart flyout/Cart collapse' is clicked on

2019-07-09 17:28:51 - [TEST_STEP][PASSED] - delay(2): Delayed 2 second(s)

2019-07-09 17:28:53 - [MESSAGE][PASSED] - Delayed 2 second(s)

2019-07-09 17:28:53 - [TEST_STEP][PASSED] - click(findTestObject("APOLLO- Desktop/Product page/3 piece"), CONTINUE_ON_FAILURE): Object: 'Object Repository/APOLLO- Desktop/Product page/3 piece' is clicked on

2019-07-09 17:28:53 - [MESSAGE][PASSED] - Object: 'Object Repository/APOLLO- Desktop/Product page/3 piece' is clicked on

2019-07-09 17:28:53 - [TEST_STEP][PASSED] - delay(2): Delayed 2 second(s)

2019-07-09 17:28:55 - [MESSAGE][PASSED] - Delayed 2 second(s)

2019-07-09 17:28:55 - [TEST_STEP][PASSED] - click(findTestObject("APOLLO- Desktop/Product page/Add to bag - Copy")): Object: 'Object Repository/APOLLO- Desktop/Product page/Add to bag - Copy' is clicked on

2019-07-09 17:28:55 - [MESSAGE][PASSED] - Object: 'Object Repository/APOLLO- Desktop/Product page/Add to bag - Copy' is clicked on

2019-07-09 17:28:55 - [TEST_STEP][PASSED] - delay(2): Delayed 2 second(s)

2019-07-09 17:28:57 - [MESSAGE][PASSED] - Delayed 2 second(s)

2019-07-09 17:28:57 - [TEST_STEP][PASSED] - click(findTestObject("APOLLO- Desktop/Cart flyout/Cart collapse")): Object: 'Object Repository/APOLLO- Desktop/Cart flyout/Cart collapse' is clicked on

2019-07-09 17:28:57 - [MESSAGE][PASSED] - Object: 'Object Repository/APOLLO- Desktop/Cart flyout/Cart collapse' is clicked on

2019-07-09 17:28:57 - [TEST_STEP][PASSED] - delay(2): Delayed 2 second(s)

2019-07-09 17:28:59 - [MESSAGE][PASSED] - Delayed 2 second(s)

2019-07-09 17:28:59 - [TEST_STEP][PASSED] - click(findTestObject("APOLLO- Desktop/Product page/4 piece"), CONTINUE_ON_FAILURE): Object: 'Object Repository/APOLLO- Desktop/Product page/4 piece' is clicked on

2019-07-09 17:28:59 - [MESSAGE][PASSED] - Object: 'Object Repository/APOLLO- Desktop/Product page/4 piece' is clicked on

2019-07-09 17:28:59 - [TEST_STEP][PASSED] - delay(2): Delayed 2 second(s)

2019-07-09 17:29:01 - [MESSAGE][PASSED] - Delayed 2 second(s)

2019-07-09 17:29:01 - [TEST_STEP][FAILED] - click(findTestObject("APOLLO- Desktop/Product page/Add to bag - Copy"), CONTINUE_ON_FAILURE): Unable to click on object 'Object Repository/APOLLO- Desktop/Product page/Add to bag - Copy' (Root cause: com.kms.katalon.core.webui.exception.WebElementNotFoundException: Web element with id: 'Object Repository/APOLLO- Desktop/Product page/Add to bag - Copy' located by 'By.xpath: //button[@class='o-btn o-btn--large o-btn--secondary js-product-atc'][count(. | //button[(text() = 'Add to bag' or . = 'Add to bag')]) = count(//button[(text() = 'Add to bag' or . = 'Add to bag')])]' not found)

2019-07-09 17:29:32 - [MESSAGE][INFO] - Unable to find the element located by 'By.xpath: //button[@class='o-btn o-btn--large o-btn--secondary js-product-atc'][count(. | //button[(text() = 'Add to bag' or . = 'Add to bag')]) = count(//button[(text() = 'Add to bag' or . = 'Add to bag')])]'. Please recheck the objects properties to make sure the desired element is located. 

2019-07-09 17:29:32 - [MESSAGE][FAILED] - Unable to click on object 'Object Repository/APOLLO- Desktop/Product page/Add to bag - Copy' (Root cause: com.kms.katalon.core.webui.exception.WebElementNotFoundException: Web element with id: 'Object Repository/APOLLO- Desktop/Product page/Add to bag - Copy' located by 'By.xpath: //button[@class='o-btn o-btn--large o-btn--secondary js-product-atc'][count(. | //button[(text() = 'Add to bag' or . = 'Add to bag')]) = count(//button[(text() = 'Add to bag' or . = 'Add to bag')])]' not found)
[[ATTACHMENT|/Users/sumankompelly/Katalon Studio/APOLLO - FIRE/APOLLO - FIRE- DESKTOP/Reports/0.5.5/20190709_171243/1562707772111.png]]

2019-07-09 17:29:32 - [TEST_STEP][PASSED] - delay(2): Delayed 2 second(s)

2019-07-09 17:29:34 - [MESSAGE][PASSED] - Delayed 2 second(s)

2019-07-09 17:29:34 - [TEST_STEP][PASSED] - executeJavaScript("var previewBar = document.getElementById("preview-bar-iframe"); previewBar.style.display = "none";", []): Execute JavaScript 'var previewBar = document.getElementById("preview-bar-iframe"); previewBar.style.display = "none";' successfully

2019-07-09 17:29:34 - [MESSAGE][PASSED] - Execute JavaScript 'var previewBar = document.getElementById("preview-bar-iframe"); previewBar.style.display = "none";' successfully

2019-07-09 17:29:34 - [TEST_STEP][PASSED] - click(findTestObject("APOLLO- Desktop/Home page/cart icon open")): Object: 'Object Repository/APOLLO- Desktop/Home page/cart icon open' is clicked on

2019-07-09 17:29:34 - [MESSAGE][PASSED] - Object: 'Object Repository/APOLLO- Desktop/Home page/cart icon open' is clicked on

2019-07-09 17:29:34 - [TEST_STEP][PASSED] - delay(2): Delayed 2 second(s)

2019-07-09 17:29:36 - [MESSAGE][PASSED] - Delayed 2 second(s)

2019-07-09 17:29:36 - [TEST_STEP][PASSED] - click(findTestObject("APOLLO- Desktop/Cart flyout/Checkout")): Object: 'Object Repository/APOLLO- Desktop/Cart flyout/Checkout' is clicked on

2019-07-09 17:29:40 - [MESSAGE][PASSED] - Object: 'Object Repository/APOLLO- Desktop/Cart flyout/Checkout' is clicked on

2019-07-09 17:29:40 - [TEST_STEP][PASSED] - delay(1): Delayed 1 second(s)

2019-07-09 17:29:41 - [MESSAGE][PASSED] - Delayed 1 second(s)

2019-07-09 17:29:41 - [TEST_STEP][PASSED] - callTestCase(findTestCase("CALL- CUSTOMER INFO PAGE"), [:], STOP_ON_FAILURE): Call Test Case 'Test Cases/CALL- CUSTOMER INFO PAGE' successfully

2019-07-09 17:29:41 - [TEST_CASE][PASSED] - Test Cases/CALL- CUSTOMER INFO PAGE: Test Cases/CALL- CUSTOMER INFO PAGE

2019-07-09 17:29:41 - [TEST_STEP][PASSED] - delay(2): Delayed 2 second(s)

2019-07-09 17:29:43 - [MESSAGE][PASSED] - Delayed 2 second(s)

2019-07-09 17:29:43 - [TEST_STEP][PASSED] - executeJavaScript("var previewBar = document.getElementById("preview-bar-iframe"); previewBar.style.display = "none";", []): Execute JavaScript 'var previewBar = document.getElementById("preview-bar-iframe"); previewBar.style.display = "none";' successfully

2019-07-09 17:29:43 - [MESSAGE][PASSED] - Execute JavaScript 'var previewBar = document.getElementById("preview-bar-iframe"); previewBar.style.display = "none";' successfully

2019-07-09 17:29:43 - [TEST_STEP][PASSED] - setText(findTestObject("APOLLO- Desktop/Customer Information page/Email"), "suman@gmail.com"): Text 'suman@gmail.com' is set on object 'Object Repository/APOLLO- Desktop/Customer Information page/Email'

2019-07-09 17:29:43 - [MESSAGE][PASSED] - Text 'suman@gmail.com' is set on object 'Object Repository/APOLLO- Desktop/Customer Information page/Email'

2019-07-09 17:29:43 - [TEST_STEP][PASSED] - delay(2): Delayed 2 second(s)

2019-07-09 17:29:45 - [MESSAGE][PASSED] - Delayed 2 second(s)

2019-07-09 17:29:45 - [TEST_STEP][PASSED] - setText(findTestObject("APOLLO- Desktop/Customer Information page/First name"), "suman"): Text 'suman' is set on object 'Object Repository/APOLLO- Desktop/Customer Information page/First name'

2019-07-09 17:29:45 - [MESSAGE][PASSED] - Text 'suman' is set on object 'Object Repository/APOLLO- Desktop/Customer Information page/First name'

2019-07-09 17:29:45 - [TEST_STEP][PASSED] - delay(2): Delayed 2 second(s)

2019-07-09 17:29:47 - [MESSAGE][PASSED] - Delayed 2 second(s)

2019-07-09 17:29:47 - [TEST_STEP][PASSED] - setText(findTestObject("APOLLO- Desktop/Customer Information page/Last name"), "kompelly"): Text 'kompelly' is set on object 'Object Repository/APOLLO- Desktop/Customer Information page/Last name'

2019-07-09 17:29:48 - [MESSAGE][PASSED] - Text 'kompelly' is set on object 'Object Repository/APOLLO- Desktop/Customer Information page/Last name'

2019-07-09 17:29:48 - [TEST_STEP][PASSED] - delay(2): Delayed 2 second(s)

2019-07-09 17:29:50 - [MESSAGE][PASSED] - Delayed 2 second(s)

2019-07-09 17:29:50 - [TEST_STEP][PASSED] - setText(findTestObject("APOLLO- Desktop/Customer Information page/Address"), "1435 st alxendre"): Text '1435 st alxendre' is set on object 'Object Repository/APOLLO- Desktop/Customer Information page/Address'

2019-07-09 17:29:50 - [MESSAGE][PASSED] - Text '1435 st alxendre' is set on object 'Object Repository/APOLLO- Desktop/Customer Information page/Address'

2019-07-09 17:29:50 - [TEST_STEP][PASSED] - setText(findTestObject("APOLLO- Desktop/Customer Information page/Apartment"), "220"): Text '220' is set on object 'Object Repository/APOLLO- Desktop/Customer Information page/Apartment'

2019-07-09 17:29:50 - [MESSAGE][PASSED] - Text '220' is set on object 'Object Repository/APOLLO- Desktop/Customer Information page/Apartment'

2019-07-09 17:29:50 - [TEST_STEP][PASSED] - setText(findTestObject("APOLLO- Desktop/Customer Information page/City"), "montreal"): Text 'montreal' is set on object 'Object Repository/APOLLO- Desktop/Customer Information page/City'

2019-07-09 17:29:50 - [MESSAGE][PASSED] - Text 'montreal' is set on object 'Object Repository/APOLLO- Desktop/Customer Information page/City'

2019-07-09 17:29:50 - [TEST_STEP][PASSED] - selectOptionByValue(findTestObject("APOLLO- Desktop/Customer Information page/Country dropdown"), "United States", true): All options with value 'United States' are selected in object 'Object Repository/APOLLO- Desktop/Customer Information page/Country dropdown'  using regular expression

2019-07-09 17:29:54 - [MESSAGE][PASSED] - All options with value 'United States' are selected in object 'Object Repository/APOLLO- Desktop/Customer Information page/Country dropdown'  using regular expression

2019-07-09 17:29:54 - [TEST_STEP][PASSED] - selectOptionByValue(findTestObject("APOLLO- Desktop/Customer Information page/states dropdown"), "NJ", true): All options with value 'NJ' are selected in object 'Object Repository/APOLLO- Desktop/Customer Information page/states dropdown'  using regular expression

2019-07-09 17:29:55 - [MESSAGE][PASSED] - All options with value 'NJ' are selected in object 'Object Repository/APOLLO- Desktop/Customer Information page/states dropdown'  using regular expression

2019-07-09 17:29:55 - [TEST_STEP][PASSED] - setText(findTestObject("APOLLO- Desktop/Customer Information page/ZIP code"), "07057"): Text '07057' is set on object 'Object Repository/APOLLO- Desktop/Customer Information page/ZIP code'

2019-07-09 17:29:55 - [MESSAGE][PASSED] - Text '07057' is set on object 'Object Repository/APOLLO- Desktop/Customer Information page/ZIP code'

2019-07-09 17:29:55 - [MESSAGE][PASSED] - Call Test Case 'Test Cases/CALL- CUSTOMER INFO PAGE' successfully

2019-07-09 17:29:55 - [TEST_STEP][FAILED] - callTestCase(findTestCase("CALL - SHIPPING TO PAYMENT"), [:], STOP_ON_FAILURE): callTestCase(findTestCase("CALL - SHIPPING TO PAYMENT"), [:], STOP_ON_FAILURE) FAILED.
Reason:
com.kms.katalon.core.exception.StepFailedException: Unable to click on object 'Object Repository/APOLLO- Desktop/Product page/Add to bag - Copy' (Root cause: com.kms.katalon.core.webui.exception.WebElementNotFoundException: Web element with id: 'Object Repository/APOLLO- Desktop/Product page/Add to bag - Copy' located by 'By.xpath: //button[@class='o-btn o-btn--large o-btn--secondary js-product-atc'][count(. | //button[(text() = 'Add to bag' or . = 'Add to bag')]) = count(//button[(text() = 'Add to bag' or . = 'Add to bag')])]' not found)
	at com.kms.katalon.core.keyword.internal.KeywordMain.stepFailed(KeywordMain.groovy:32)
	at com.kms.katalon.core.webui.keyword.internal.WebUIKeywordMain.stepFailed(WebUIKeywordMain.groovy:65)
	at com.kms.katalon.core.webui.keyword.internal.WebUIKeywordMain.runKeyword(WebUIKeywordMain.groovy:27)
	at com.kms.katalon.core.webui.keyword.builtin.ClickKeyword.click(ClickKeyword.groovy:86)
	at com.kms.katalon.core.webui.keyword.builtin.ClickKeyword.execute(ClickKeyword.groovy:67)
	at com.kms.katalon.core.keyword.internal.KeywordExecutor.executeKeywordForPlatform(KeywordExecutor.groovy:53)
	at com.kms.katalon.core.webui.keyword.WebUiBuiltInKeywords.click(WebUiBuiltInKeywords.groovy:604)
	at com.kms.katalon.core.webui.keyword.WebUiBuiltInKeywords$click$17.call(Unknown Source)
	at Adding product - Search flyout.run(Adding product - Search flyout:72)
	at com.kms.katalon.core.main.ScriptEngine.run(ScriptEngine.java:194)
	at com.kms.katalon.core.main.ScriptEngine.runScriptAsRawText(ScriptEngine.java:119)
	at com.kms.katalon.core.main.TestCaseExecutor.runScript(TestCaseExecutor.java:328)
	at com.kms.katalon.core.main.TestCaseExecutor.doExecute(TestCaseExecutor.java:319)
	at com.kms.katalon.core.main.TestCaseExecutor.processExecutionPhase(TestCaseExecutor.java:298)
	at com.kms.katalon.core.main.TestCaseExecutor.accessMainPhase(TestCaseExecutor.java:290)
	at com.kms.katalon.core.main.TestCaseExecutor.execute(TestCaseExecutor.java:224)
	at com.kms.katalon.core.main.TestSuiteExecutor.accessTestCaseMainPhase(TestSuiteExecutor.java:129)
	at com.kms.katalon.core.main.TestSuiteExecutor.accessTestSuiteMainPhase(TestSuiteExecutor.java:112)
	at com.kms.katalon.core.main.TestSuiteExecutor.execute(TestSuiteExecutor.java:81)
	at com.kms.katalon.core.main.TestCaseMain.startTestSuite(TestCaseMain.java:149)
	at com.kms.katalon.core.main.TestCaseMain$startTestSuite$0.call(Unknown Source)
	at TempTestSuite1562706763156.run(TempTestSuite1562706763156.groovy:36)


2019-07-09 17:29:55 - [TEST_CASE][PASSED] - Test Cases/CALL - SHIPPING TO PAYMENT: Test Cases/CALL - SHIPPING TO PAYMENT

2019-07-09 17:29:55 - [TEST_STEP][PASSED] - click(findTestObject("APOLLO- Desktop/Customer Information page/Continue to shipping")): Object: 'Object Repository/APOLLO- Desktop/Customer Information page/Continue to shipping' is clicked on

2019-07-09 17:29:55 - [MESSAGE][PASSED] - Object: 'Object Repository/APOLLO- Desktop/Customer Information page/Continue to shipping' is clicked on

2019-07-09 17:29:55 - [TEST_STEP][PASSED] - executeJavaScript("var previewBar = document.getElementById("preview-bar-iframe"); previewBar.style.display = "none";", []): Execute JavaScript 'var previewBar = document.getElementById("preview-bar-iframe"); previewBar.style.display = "none";' successfully

2019-07-09 17:29:55 - [MESSAGE][PASSED] - Execute JavaScript 'var previewBar = document.getElementById("preview-bar-iframe"); previewBar.style.display = "none";' successfully

2019-07-09 17:29:55 - [TEST_STEP][PASSED] - click(findTestObject("APOLLO- Desktop/Shipping page/Radio button check")): Object: 'Object Repository/APOLLO- Desktop/Shipping page/Radio button check' is clicked on

2019-07-09 17:29:59 - [MESSAGE][PASSED] - Object: 'Object Repository/APOLLO- Desktop/Shipping page/Radio button check' is clicked on

2019-07-09 17:29:59 - [TEST_STEP][PASSED] - executeJavaScript("var previewBar = document.getElementById("preview-bar-iframe"); previewBar.style.display = "none";", []): Execute JavaScript 'var previewBar = document.getElementById("preview-bar-iframe"); previewBar.style.display = "none";' successfully

2019-07-09 17:29:59 - [MESSAGE][PASSED] - Execute JavaScript 'var previewBar = document.getElementById("preview-bar-iframe"); previewBar.style.display = "none";' successfully

2019-07-09 17:29:59 - [TEST_STEP][PASSED] - click(findTestObject("APOLLO- Desktop/Shipping page/Continue to payment")): Object: 'Object Repository/APOLLO- Desktop/Shipping page/Continue to payment' is clicked on

2019-07-09 17:30:01 - [MESSAGE][PASSED] - Object: 'Object Repository/APOLLO- Desktop/Shipping page/Continue to payment' is clicked on

2019-07-09 17:30:01 - [TEST_STEP][PASSED] - executeJavaScript("var previewBar = document.getElementById("preview-bar-iframe"); previewBar.style.display = "none";", []): Execute JavaScript 'var previewBar = document.getElementById("preview-bar-iframe"); previewBar.style.display = "none";' successfully

2019-07-09 17:30:01 - [MESSAGE][PASSED] - Execute JavaScript 'var previewBar = document.getElementById("preview-bar-iframe"); previewBar.style.display = "none";' successfully

2019-07-09 17:30:01 - [TEST_STEP][PASSED] - verifyTextPresent("Payment", false): Text 'Payment' is present on page 

2019-07-09 17:30:01 - [MESSAGE][PASSED] - Text 'Payment' is present on page 

2019-07-09 17:30:01 - [MESSAGE][PASSED] - Call Test Case 'Test Cases/CALL - SHIPPING TO PAYMENT' successfully

2019-07-09 17:30:01 - [MESSAGE][FAILED] - callTestCase(findTestCase("CALL - SHIPPING TO PAYMENT"), [:], STOP_ON_FAILURE) FAILED.
Reason:
com.kms.katalon.core.exception.StepFailedException: Unable to click on object 'Object Repository/APOLLO- Desktop/Product page/Add to bag - Copy' (Root cause: com.kms.katalon.core.webui.exception.WebElementNotFoundException: Web element with id: 'Object Repository/APOLLO- Desktop/Product page/Add to bag - Copy' located by 'By.xpath: //button[@class='o-btn o-btn--large o-btn--secondary js-product-atc'][count(. | //button[(text() = 'Add to bag' or . = 'Add to bag')]) = count(//button[(text() = 'Add to bag' or . = 'Add to bag')])]' not found)
	at com.kms.katalon.core.keyword.internal.KeywordMain.stepFailed(KeywordMain.groovy:32)
	at com.kms.katalon.core.webui.keyword.internal.WebUIKeywordMain.stepFailed(WebUIKeywordMain.groovy:65)
	at com.kms.katalon.core.webui.keyword.internal.WebUIKeywordMain.runKeyword(WebUIKeywordMain.groovy:27)
	at com.kms.katalon.core.webui.keyword.builtin.ClickKeyword.click(ClickKeyword.groovy:86)
	at com.kms.katalon.core.webui.keyword.builtin.ClickKeyword.execute(ClickKeyword.groovy:67)
	at com.kms.katalon.core.keyword.internal.KeywordExecutor.executeKeywordForPlatform(KeywordExecutor.groovy:53)
	at com.kms.katalon.core.webui.keyword.WebUiBuiltInKeywords.click(WebUiBuiltInKeywords.groovy:604)
	at com.kms.katalon.core.webui.keyword.WebUiBuiltInKeywords$click$17.call(Unknown Source)
	at Adding product - Search flyout.run(Adding product - Search flyout:72)
	at com.kms.katalon.core.main.ScriptEngine.run(ScriptEngine.java:194)
	at com.kms.katalon.core.main.ScriptEngine.runScriptAsRawText(ScriptEngine.java:119)
	at com.kms.katalon.core.main.TestCaseExecutor.runScript(TestCaseExecutor.java:328)
	at com.kms.katalon.core.main.TestCaseExecutor.doExecute(TestCaseExecutor.java:319)
	at com.kms.katalon.core.main.TestCaseExecutor.processExecutionPhase(TestCaseExecutor.java:298)
	at com.kms.katalon.core.main.TestCaseExecutor.accessMainPhase(TestCaseExecutor.java:290)
	at com.kms.katalon.core.main.TestCaseExecutor.execute(TestCaseExecutor.java:224)
	at com.kms.katalon.core.main.TestSuiteExecutor.accessTestCaseMainPhase(TestSuiteExecutor.java:129)
	at com.kms.katalon.core.main.TestSuiteExecutor.accessTestSuiteMainPhase(TestSuiteExecutor.java:112)
	at com.kms.katalon.core.main.TestSuiteExecutor.execute(TestSuiteExecutor.java:81)
	at com.kms.katalon.core.main.TestCaseMain.startTestSuite(TestCaseMain.java:149)
	at com.kms.katalon.core.main.TestCaseMain$startTestSuite$0.call(Unknown Source)
	at TempTestSuite1562706763156.run(TempTestSuite1562706763156.groovy:36)]]></system-out>
         <system-err><![CDATA[2019-07-09 17:28:21 - [TEST_CASE][FAILED] - Test Cases/CRITICAL PATH/Adding product - Search flyout: Test Cases/CRITICAL PATH/Adding product - Search flyout FAILED.
Reason:
com.kms.katalon.core.exception.StepFailedException: Unable to click on object 'Object Repository/APOLLO- Desktop/Product page/Add to bag - Copy' (Root cause: com.kms.katalon.core.webui.exception.WebElementNotFoundException: Web element with id: 'Object Repository/APOLLO- Desktop/Product page/Add to bag - Copy' located by 'By.xpath: //button[@class='o-btn o-btn--large o-btn--secondary js-product-atc'][count(. | //button[(text() = 'Add to bag' or . = 'Add to bag')]) = count(//button[(text() = 'Add to bag' or . = 'Add to bag')])]' not found)
	at com.kms.katalon.core.keyword.internal.KeywordMain.stepFailed(KeywordMain.groovy:32)
	at com.kms.katalon.core.webui.keyword.internal.WebUIKeywordMain.stepFailed(WebUIKeywordMain.groovy:65)
	at com.kms.katalon.core.webui.keyword.internal.WebUIKeywordMain.runKeyword(WebUIKeywordMain.groovy:27)
	at com.kms.katalon.core.webui.keyword.builtin.ClickKeyword.click(ClickKeyword.groovy:86)
	at com.kms.katalon.core.webui.keyword.builtin.ClickKeyword.execute(ClickKeyword.groovy:67)
	at com.kms.katalon.core.keyword.internal.KeywordExecutor.executeKeywordForPlatform(KeywordExecutor.groovy:53)
	at com.kms.katalon.core.webui.keyword.WebUiBuiltInKeywords.click(WebUiBuiltInKeywords.groovy:604)
	at com.kms.katalon.core.webui.keyword.WebUiBuiltInKeywords$click$17.call(Unknown Source)
	at Adding product - Search flyout.run(Adding product - Search flyout:72)
	at com.kms.katalon.core.main.ScriptEngine.run(ScriptEngine.java:194)
	at com.kms.katalon.core.main.ScriptEngine.runScriptAsRawText(ScriptEngine.java:119)
	at com.kms.katalon.core.main.TestCaseExecutor.runScript(TestCaseExecutor.java:328)
	at com.kms.katalon.core.main.TestCaseExecutor.doExecute(TestCaseExecutor.java:319)
	at com.kms.katalon.core.main.TestCaseExecutor.processExecutionPhase(TestCaseExecutor.java:298)
	at com.kms.katalon.core.main.TestCaseExecutor.accessMainPhase(TestCaseExecutor.java:290)
	at com.kms.katalon.core.main.TestCaseExecutor.execute(TestCaseExecutor.java:224)
	at com.kms.katalon.core.main.TestSuiteExecutor.accessTestCaseMainPhase(TestSuiteExecutor.java:129)
	at com.kms.katalon.core.main.TestSuiteExecutor.accessTestSuiteMainPhase(TestSuiteExecutor.java:112)
	at com.kms.katalon.core.main.TestSuiteExecutor.execute(TestSuiteExecutor.java:81)
	at com.kms.katalon.core.main.TestCaseMain.startTestSuite(TestCaseMain.java:149)
	at com.kms.katalon.core.main.TestCaseMain$startTestSuite$0.call(Unknown Source)
	at TempTestSuite1562706763156.run(TempTestSuite1562706763156.groovy:36)]]></system-err>
      </testcase>
      <testcase name="Test Cases/CRITICAL PATH/Adding product - home page" classname="Test Cases/CRITICAL PATH/Adding product - home page" status="FAILED">
         <failure type="FAILED" message="Test Cases/CRITICAL PATH/Adding product - home page FAILED.
Reason:
com.kms.katalon.core.exception.StepFailedException: Unable to move mouse over object 'Object Repository/APOLLO- Desktop/Home page/Collection - sides' (Root cause: org.openqa.selenium.interactions.MoveTargetOutOfBoundsException: 
Build info: version: '3.7.1', revision: '8a0099a', time: '2017-11-06T21:07:36.161Z'
System info: host: 'sumans-MacBook-Pro.local', ip: 'fe80:0:0:0:47c:ca88:4245:b7a7%en0', os.name: 'Mac OS X', os.arch: 'x86_64', os.version: '10.13.6', java.version: '1.8.0_181'
Driver info: com.kms.katalon.selenium.driver.CSafariDriver
Capabilities {acceptInsecureCerts: false, browserName: Safari, browserVersion: 12.1, javascriptEnabled: true, platform: MAC, platformName: MAC, safari:automaticInspection: false, safari:automaticProfiling: false, safari:diagnose: false, setWindowRect: true, strictFileInteractability: false, webkit:WebRTC: {DisableICECandidateFiltering: false, DisableInsecureMediaCapture: false}}
Session ID: 3E2CCF30-125E-4857-B2C9-D6E0977157A0)
	at com.kms.katalon.core.keyword.internal.KeywordMain.stepFailed(KeywordMain.groovy:36)
	at com.kms.katalon.core.webui.keyword.internal.WebUIKeywordMain.stepFailed(WebUIKeywordMain.groovy:65)
	at com.kms.katalon.core.webui.keyword.internal.WebUIKeywordMain.runKeyword(WebUIKeywordMain.groovy:27)
	at com.kms.katalon.core.webui.keyword.builtin.MouseOverKeyword.mouseOver(MouseOverKeyword.groovy:90)
	at com.kms.katalon.core.webui.keyword.builtin.MouseOverKeyword.execute(MouseOverKeyword.groovy:67)
	at com.kms.katalon.core.keyword.internal.KeywordExecutor.executeKeywordForPlatform(KeywordExecutor.groovy:53)
	at com.kms.katalon.core.webui.keyword.WebUiBuiltInKeywords.mouseOver(WebUiBuiltInKeywords.groovy:776)
	at com.kms.katalon.core.webui.keyword.WebUiBuiltInKeywords$mouseOver$9.call(Unknown Source)
	at Adding product - home page.run(Adding product - home page:22)
	at com.kms.katalon.core.main.ScriptEngine.run(ScriptEngine.java:194)
	at com.kms.katalon.core.main.ScriptEngine.runScriptAsRawText(ScriptEngine.java:119)
	at com.kms.katalon.core.main.TestCaseExecutor.runScript(TestCaseExecutor.java:328)
	at com.kms.katalon.core.main.TestCaseExecutor.doExecute(TestCaseExecutor.java:319)
	at com.kms.katalon.core.main.TestCaseExecutor.processExecutionPhase(TestCaseExecutor.java:298)
	at com.kms.katalon.core.main.TestCaseExecutor.accessMainPhase(TestCaseExecutor.java:290)
	at com.kms.katalon.core.main.TestCaseExecutor.execute(TestCaseExecutor.java:224)
	at com.kms.katalon.core.main.TestSuiteExecutor.accessTestCaseMainPhase(TestSuiteExecutor.java:129)
	at com.kms.katalon.core.main.TestSuiteExecutor.accessTestSuiteMainPhase(TestSuiteExecutor.java:112)
	at com.kms.katalon.core.main.TestSuiteExecutor.execute(TestSuiteExecutor.java:81)
	at com.kms.katalon.core.main.TestCaseMain.startTestSuite(TestCaseMain.java:149)
	at com.kms.katalon.core.main.TestCaseMain$startTestSuite$0.call(Unknown Source)
	at TempTestSuite1562706763156.run(TempTestSuite1562706763156.groovy:36)
"/>
         <system-out><![CDATA[2019-07-09 17:30:01 - [TEST_CASE][FAILED] - Test Cases/CRITICAL PATH/Adding product - home page: Test Cases/CRITICAL PATH/Adding product - home page FAILED.
Reason:
com.kms.katalon.core.exception.StepFailedException: Unable to move mouse over object 'Object Repository/APOLLO- Desktop/Home page/Collection - sides' (Root cause: org.openqa.selenium.interactions.MoveTargetOutOfBoundsException: 
Build info: version: '3.7.1', revision: '8a0099a', time: '2017-11-06T21:07:36.161Z'
System info: host: 'sumans-MacBook-Pro.local', ip: 'fe80:0:0:0:47c:ca88:4245:b7a7%en0', os.name: 'Mac OS X', os.arch: 'x86_64', os.version: '10.13.6', java.version: '1.8.0_181'
Driver info: com.kms.katalon.selenium.driver.CSafariDriver
Capabilities {acceptInsecureCerts: false, browserName: Safari, browserVersion: 12.1, javascriptEnabled: true, platform: MAC, platformName: MAC, safari:automaticInspection: false, safari:automaticProfiling: false, safari:diagnose: false, setWindowRect: true, strictFileInteractability: false, webkit:WebRTC: {DisableICECandidateFiltering: false, DisableInsecureMediaCapture: false}}
Session ID: 3E2CCF30-125E-4857-B2C9-D6E0977157A0)
	at com.kms.katalon.core.keyword.internal.KeywordMain.stepFailed(KeywordMain.groovy:36)
	at com.kms.katalon.core.webui.keyword.internal.WebUIKeywordMain.stepFailed(WebUIKeywordMain.groovy:65)
	at com.kms.katalon.core.webui.keyword.internal.WebUIKeywordMain.runKeyword(WebUIKeywordMain.groovy:27)
	at com.kms.katalon.core.webui.keyword.builtin.MouseOverKeyword.mouseOver(MouseOverKeyword.groovy:90)
	at com.kms.katalon.core.webui.keyword.builtin.MouseOverKeyword.execute(MouseOverKeyword.groovy:67)
	at com.kms.katalon.core.keyword.internal.KeywordExecutor.executeKeywordForPlatform(KeywordExecutor.groovy:53)
	at com.kms.katalon.core.webui.keyword.WebUiBuiltInKeywords.mouseOver(WebUiBuiltInKeywords.groovy:776)
	at com.kms.katalon.core.webui.keyword.WebUiBuiltInKeywords$mouseOver$9.call(Unknown Source)
	at Adding product - home page.run(Adding product - home page:22)
	at com.kms.katalon.core.main.ScriptEngine.run(ScriptEngine.java:194)
	at com.kms.katalon.core.main.ScriptEngine.runScriptAsRawText(ScriptEngine.java:119)
	at com.kms.katalon.core.main.TestCaseExecutor.runScript(TestCaseExecutor.java:328)
	at com.kms.katalon.core.main.TestCaseExecutor.doExecute(TestCaseExecutor.java:319)
	at com.kms.katalon.core.main.TestCaseExecutor.processExecutionPhase(TestCaseExecutor.java:298)
	at com.kms.katalon.core.main.TestCaseExecutor.accessMainPhase(TestCaseExecutor.java:290)
	at com.kms.katalon.core.main.TestCaseExecutor.execute(TestCaseExecutor.java:224)
	at com.kms.katalon.core.main.TestSuiteExecutor.accessTestCaseMainPhase(TestSuiteExecutor.java:129)
	at com.kms.katalon.core.main.TestSuiteExecutor.accessTestSuiteMainPhase(TestSuiteExecutor.java:112)
	at com.kms.katalon.core.main.TestSuiteExecutor.execute(TestSuiteExecutor.java:81)
	at com.kms.katalon.core.main.TestCaseMain.startTestSuite(TestCaseMain.java:149)
	at com.kms.katalon.core.main.TestCaseMain$startTestSuite$0.call(Unknown Source)
	at TempTestSuite1562706763156.run(TempTestSuite1562706763156.groovy:36)


2019-07-09 17:30:02 - [TEST_STEP][PASSED] - callTestCase(findTestCase("CALL - URL"), [:], STOP_ON_FAILURE): Call Test Case 'Test Cases/CALL - URL' successfully

2019-07-09 17:30:02 - [TEST_CASE][PASSED] - Test Cases/CALL - URL: Test Cases/CALL - URL

2019-07-09 17:30:02 - [TEST_STEP][PASSED] - openBrowser(""): Browser is opened with url: ''

2019-07-09 17:30:02 - [MESSAGE][WARNING] - A browser is already opened. Closing browser and opening a new one

2019-07-09 17:30:02 - [MESSAGE][INFO] - Starting 'Safari' driver

2019-07-09 17:30:03 - [MESSAGE][PASSED] - Browser is opened with url: ''

2019-07-09 17:30:03 - [TEST_STEP][PASSED] - navigateToUrl("https://apollo-fireball.myshopify.com/?_ab=0&_fd=0&_sc=1&key=96c2edace7b9967f3a77c2e2b131937136039831e9ec35f31598610005fa8795&preview_theme_id=46803124304"): Navigate to 'https://apollo-fireball.myshopify.com/?_ab=0&_fd=0&_sc=1&key=96c2edace7b9967f3a77c2e2b131937136039831e9ec35f31598610005fa8795&preview_theme_id=46803124304' successfully

2019-07-09 17:30:04 - [MESSAGE][PASSED] - Navigate to 'https://apollo-fireball.myshopify.com/?_ab=0&_fd=0&_sc=1&key=96c2edace7b9967f3a77c2e2b131937136039831e9ec35f31598610005fa8795&preview_theme_id=46803124304' successfully

2019-07-09 17:30:04 - [TEST_STEP][PASSED] - executeJavaScript("var previewBar = document.getElementById("preview-bar-iframe"); previewBar.style.display = "none";", []): Execute JavaScript 'var previewBar = document.getElementById("preview-bar-iframe"); previewBar.style.display = "none";' successfully

2019-07-09 17:30:04 - [MESSAGE][PASSED] - Execute JavaScript 'var previewBar = document.getElementById("preview-bar-iframe"); previewBar.style.display = "none";' successfully

2019-07-09 17:30:04 - [TEST_STEP][PASSED] - maximizeWindow(): Current window maximized

2019-07-09 17:30:05 - [MESSAGE][PASSED] - Current window maximized

2019-07-09 17:30:05 - [MESSAGE][PASSED] - Call Test Case 'Test Cases/CALL - URL' successfully

2019-07-09 17:30:05 - [TEST_STEP][PASSED] - scrollToElement(findTestObject("APOLLO- Desktop/Home page/Collection - sides"), 0): Scroll to object 'Object Repository/APOLLO- Desktop/Home page/Collection - sides' successfully

2019-07-09 17:30:05 - [MESSAGE][WARNING] - Timeout '0' is invalid. Using default page load timeout: '30'

2019-07-09 17:30:05 - [MESSAGE][PASSED] - Scroll to object 'Object Repository/APOLLO- Desktop/Home page/Collection - sides' successfully

2019-07-09 17:30:05 - [TEST_STEP][PASSED] - delay(4): Delayed 4 second(s)

2019-07-09 17:30:09 - [MESSAGE][PASSED] - Delayed 4 second(s)

2019-07-09 17:30:09 - [TEST_STEP][FAILED] - mouseOver(findTestObject("APOLLO- Desktop/Home page/Collection - sides")): mouseOver(findTestObject("APOLLO- Desktop/Home page/Collection - sides")) FAILED.
Reason:
com.kms.katalon.core.exception.StepFailedException: Unable to move mouse over object 'Object Repository/APOLLO- Desktop/Home page/Collection - sides' (Root cause: org.openqa.selenium.interactions.MoveTargetOutOfBoundsException: 
Build info: version: '3.7.1', revision: '8a0099a', time: '2017-11-06T21:07:36.161Z'
System info: host: 'sumans-MacBook-Pro.local', ip: 'fe80:0:0:0:47c:ca88:4245:b7a7%en0', os.name: 'Mac OS X', os.arch: 'x86_64', os.version: '10.13.6', java.version: '1.8.0_181'
Driver info: com.kms.katalon.selenium.driver.CSafariDriver
Capabilities {acceptInsecureCerts: false, browserName: Safari, browserVersion: 12.1, javascriptEnabled: true, platform: MAC, platformName: MAC, safari:automaticInspection: false, safari:automaticProfiling: false, safari:diagnose: false, setWindowRect: true, strictFileInteractability: false, webkit:WebRTC: {DisableICECandidateFiltering: false, DisableInsecureMediaCapture: false}}
Session ID: 3E2CCF30-125E-4857-B2C9-D6E0977157A0)
	at com.kms.katalon.core.keyword.internal.KeywordMain.stepFailed(KeywordMain.groovy:36)
	at com.kms.katalon.core.webui.keyword.internal.WebUIKeywordMain.stepFailed(WebUIKeywordMain.groovy:65)
	at com.kms.katalon.core.webui.keyword.internal.WebUIKeywordMain.runKeyword(WebUIKeywordMain.groovy:27)
	at com.kms.katalon.core.webui.keyword.builtin.MouseOverKeyword.mouseOver(MouseOverKeyword.groovy:90)
	at com.kms.katalon.core.webui.keyword.builtin.MouseOverKeyword.execute(MouseOverKeyword.groovy:67)
	at com.kms.katalon.core.keyword.internal.KeywordExecutor.executeKeywordForPlatform(KeywordExecutor.groovy:53)
	at com.kms.katalon.core.webui.keyword.WebUiBuiltInKeywords.mouseOver(WebUiBuiltInKeywords.groovy:776)
	at com.kms.katalon.core.webui.keyword.WebUiBuiltInKeywords$mouseOver$9.call(Unknown Source)
	at Adding product - home page.run(Adding product - home page:22)
	at com.kms.katalon.core.main.ScriptEngine.run(ScriptEngine.java:194)
	at com.kms.katalon.core.main.ScriptEngine.runScriptAsRawText(ScriptEngine.java:119)
	at com.kms.katalon.core.main.TestCaseExecutor.runScript(TestCaseExecutor.java:328)
	at com.kms.katalon.core.main.TestCaseExecutor.doExecute(TestCaseExecutor.java:319)
	at com.kms.katalon.core.main.TestCaseExecutor.processExecutionPhase(TestCaseExecutor.java:298)
	at com.kms.katalon.core.main.TestCaseExecutor.accessMainPhase(TestCaseExecutor.java:290)
	at com.kms.katalon.core.main.TestCaseExecutor.execute(TestCaseExecutor.java:224)
	at com.kms.katalon.core.main.TestSuiteExecutor.accessTestCaseMainPhase(TestSuiteExecutor.java:129)
	at com.kms.katalon.core.main.TestSuiteExecutor.accessTestSuiteMainPhase(TestSuiteExecutor.java:112)
	at com.kms.katalon.core.main.TestSuiteExecutor.execute(TestSuiteExecutor.java:81)
	at com.kms.katalon.core.main.TestCaseMain.startTestSuite(TestCaseMain.java:149)
	at com.kms.katalon.core.main.TestCaseMain$startTestSuite$0.call(Unknown Source)
	at TempTestSuite1562706763156.run(TempTestSuite1562706763156.groovy:36)


2019-07-09 17:30:09 - [MESSAGE][FAILED] - Unable to move mouse over object 'Object Repository/APOLLO- Desktop/Home page/Collection - sides' (Root cause: org.openqa.selenium.interactions.MoveTargetOutOfBoundsException: 
Build info: version: '3.7.1', revision: '8a0099a', time: '2017-11-06T21:07:36.161Z'
System info: host: 'sumans-MacBook-Pro.local', ip: 'fe80:0:0:0:47c:ca88:4245:b7a7%en0', os.name: 'Mac OS X', os.arch: 'x86_64', os.version: '10.13.6', java.version: '1.8.0_181'
Driver info: com.kms.katalon.selenium.driver.CSafariDriver
Capabilities {acceptInsecureCerts: false, browserName: Safari, browserVersion: 12.1, javascriptEnabled: true, platform: MAC, platformName: MAC, safari:automaticInspection: false, safari:automaticProfiling: false, safari:diagnose: false, setWindowRect: true, strictFileInteractability: false, webkit:WebRTC: {DisableICECandidateFiltering: false, DisableInsecureMediaCapture: false}}
Session ID: 3E2CCF30-125E-4857-B2C9-D6E0977157A0)
[[ATTACHMENT|/Users/sumankompelly/Katalon Studio/APOLLO - FIRE/APOLLO - FIRE- DESKTOP/Reports/0.5.5/20190709_171243/1562707809197.png]]

2019-07-09 17:30:09 - [MESSAGE][FAILED] - mouseOver(findTestObject("APOLLO- Desktop/Home page/Collection - sides")) FAILED.
Reason:
com.kms.katalon.core.exception.StepFailedException: Unable to move mouse over object 'Object Repository/APOLLO- Desktop/Home page/Collection - sides' (Root cause: org.openqa.selenium.interactions.MoveTargetOutOfBoundsException: 
Build info: version: '3.7.1', revision: '8a0099a', time: '2017-11-06T21:07:36.161Z'
System info: host: 'sumans-MacBook-Pro.local', ip: 'fe80:0:0:0:47c:ca88:4245:b7a7%en0', os.name: 'Mac OS X', os.arch: 'x86_64', os.version: '10.13.6', java.version: '1.8.0_181'
Driver info: com.kms.katalon.selenium.driver.CSafariDriver
Capabilities {acceptInsecureCerts: false, browserName: Safari, browserVersion: 12.1, javascriptEnabled: true, platform: MAC, platformName: MAC, safari:automaticInspection: false, safari:automaticProfiling: false, safari:diagnose: false, setWindowRect: true, strictFileInteractability: false, webkit:WebRTC: {DisableICECandidateFiltering: false, DisableInsecureMediaCapture: false}}
Session ID: 3E2CCF30-125E-4857-B2C9-D6E0977157A0)
	at com.kms.katalon.core.keyword.internal.KeywordMain.stepFailed(KeywordMain.groovy:36)
	at com.kms.katalon.core.webui.keyword.internal.WebUIKeywordMain.stepFailed(WebUIKeywordMain.groovy:65)
	at com.kms.katalon.core.webui.keyword.internal.WebUIKeywordMain.runKeyword(WebUIKeywordMain.groovy:27)
	at com.kms.katalon.core.webui.keyword.builtin.MouseOverKeyword.mouseOver(MouseOverKeyword.groovy:90)
	at com.kms.katalon.core.webui.keyword.builtin.MouseOverKeyword.execute(MouseOverKeyword.groovy:67)
	at com.kms.katalon.core.keyword.internal.KeywordExecutor.executeKeywordForPlatform(KeywordExecutor.groovy:53)
	at com.kms.katalon.core.webui.keyword.WebUiBuiltInKeywords.mouseOver(WebUiBuiltInKeywords.groovy:776)
	at com.kms.katalon.core.webui.keyword.WebUiBuiltInKeywords$mouseOver$9.call(Unknown Source)
	at Adding product - home page.run(Adding product - home page:22)
	at com.kms.katalon.core.main.ScriptEngine.run(ScriptEngine.java:194)
	at com.kms.katalon.core.main.ScriptEngine.runScriptAsRawText(ScriptEngine.java:119)
	at com.kms.katalon.core.main.TestCaseExecutor.runScript(TestCaseExecutor.java:328)
	at com.kms.katalon.core.main.TestCaseExecutor.doExecute(TestCaseExecutor.java:319)
	at com.kms.katalon.core.main.TestCaseExecutor.processExecutionPhase(TestCaseExecutor.java:298)
	at com.kms.katalon.core.main.TestCaseExecutor.accessMainPhase(TestCaseExecutor.java:290)
	at com.kms.katalon.core.main.TestCaseExecutor.execute(TestCaseExecutor.java:224)
	at com.kms.katalon.core.main.TestSuiteExecutor.accessTestCaseMainPhase(TestSuiteExecutor.java:129)
	at com.kms.katalon.core.main.TestSuiteExecutor.accessTestSuiteMainPhase(TestSuiteExecutor.java:112)
	at com.kms.katalon.core.main.TestSuiteExecutor.execute(TestSuiteExecutor.java:81)
	at com.kms.katalon.core.main.TestCaseMain.startTestSuite(TestCaseMain.java:149)
	at com.kms.katalon.core.main.TestCaseMain$startTestSuite$0.call(Unknown Source)
	at TempTestSuite1562706763156.run(TempTestSuite1562706763156.groovy:36)]]></system-out>
         <system-err><![CDATA[2019-07-09 17:30:01 - [TEST_CASE][FAILED] - Test Cases/CRITICAL PATH/Adding product - home page: Test Cases/CRITICAL PATH/Adding product - home page FAILED.
Reason:
com.kms.katalon.core.exception.StepFailedException: Unable to move mouse over object 'Object Repository/APOLLO- Desktop/Home page/Collection - sides' (Root cause: org.openqa.selenium.interactions.MoveTargetOutOfBoundsException: 
Build info: version: '3.7.1', revision: '8a0099a', time: '2017-11-06T21:07:36.161Z'
System info: host: 'sumans-MacBook-Pro.local', ip: 'fe80:0:0:0:47c:ca88:4245:b7a7%en0', os.name: 'Mac OS X', os.arch: 'x86_64', os.version: '10.13.6', java.version: '1.8.0_181'
Driver info: com.kms.katalon.selenium.driver.CSafariDriver
Capabilities {acceptInsecureCerts: false, browserName: Safari, browserVersion: 12.1, javascriptEnabled: true, platform: MAC, platformName: MAC, safari:automaticInspection: false, safari:automaticProfiling: false, safari:diagnose: false, setWindowRect: true, strictFileInteractability: false, webkit:WebRTC: {DisableICECandidateFiltering: false, DisableInsecureMediaCapture: false}}
Session ID: 3E2CCF30-125E-4857-B2C9-D6E0977157A0)
	at com.kms.katalon.core.keyword.internal.KeywordMain.stepFailed(KeywordMain.groovy:36)
	at com.kms.katalon.core.webui.keyword.internal.WebUIKeywordMain.stepFailed(WebUIKeywordMain.groovy:65)
	at com.kms.katalon.core.webui.keyword.internal.WebUIKeywordMain.runKeyword(WebUIKeywordMain.groovy:27)
	at com.kms.katalon.core.webui.keyword.builtin.MouseOverKeyword.mouseOver(MouseOverKeyword.groovy:90)
	at com.kms.katalon.core.webui.keyword.builtin.MouseOverKeyword.execute(MouseOverKeyword.groovy:67)
	at com.kms.katalon.core.keyword.internal.KeywordExecutor.executeKeywordForPlatform(KeywordExecutor.groovy:53)
	at com.kms.katalon.core.webui.keyword.WebUiBuiltInKeywords.mouseOver(WebUiBuiltInKeywords.groovy:776)
	at com.kms.katalon.core.webui.keyword.WebUiBuiltInKeywords$mouseOver$9.call(Unknown Source)
	at Adding product - home page.run(Adding product - home page:22)
	at com.kms.katalon.core.main.ScriptEngine.run(ScriptEngine.java:194)
	at com.kms.katalon.core.main.ScriptEngine.runScriptAsRawText(ScriptEngine.java:119)
	at com.kms.katalon.core.main.TestCaseExecutor.runScript(TestCaseExecutor.java:328)
	at com.kms.katalon.core.main.TestCaseExecutor.doExecute(TestCaseExecutor.java:319)
	at com.kms.katalon.core.main.TestCaseExecutor.processExecutionPhase(TestCaseExecutor.java:298)
	at com.kms.katalon.core.main.TestCaseExecutor.accessMainPhase(TestCaseExecutor.java:290)
	at com.kms.katalon.core.main.TestCaseExecutor.execute(TestCaseExecutor.java:224)
	at com.kms.katalon.core.main.TestSuiteExecutor.accessTestCaseMainPhase(TestSuiteExecutor.java:129)
	at com.kms.katalon.core.main.TestSuiteExecutor.accessTestSuiteMainPhase(TestSuiteExecutor.java:112)
	at com.kms.katalon.core.main.TestSuiteExecutor.execute(TestSuiteExecutor.java:81)
	at com.kms.katalon.core.main.TestCaseMain.startTestSuite(TestCaseMain.java:149)
	at com.kms.katalon.core.main.TestCaseMain$startTestSuite$0.call(Unknown Source)
	at TempTestSuite1562706763156.run(TempTestSuite1562706763156.groovy:36)]]></system-err>
      </testcase>
      <testcase name="Test Cases/CRITICAL PATH/Login and logout" classname="Test Cases/CRITICAL PATH/Login and logout" status="PASSED">
         <system-out><![CDATA[2019-07-09 17:30:09 - [TEST_CASE][PASSED] - Test Cases/CRITICAL PATH/Login and logout: Test Cases/CRITICAL PATH/Login and logout

2019-07-09 17:30:09 - [TEST_STEP][PASSED] - callTestCase(findTestCase("CALL - URL"), [:], STOP_ON_FAILURE): Call Test Case 'Test Cases/CALL - URL' successfully

2019-07-09 17:30:09 - [TEST_CASE][PASSED] - Test Cases/CALL - URL: Test Cases/CALL - URL

2019-07-09 17:30:09 - [TEST_STEP][PASSED] - openBrowser(""): Browser is opened with url: ''

2019-07-09 17:30:09 - [MESSAGE][WARNING] - A browser is already opened. Closing browser and opening a new one

2019-07-09 17:30:09 - [MESSAGE][INFO] - Starting 'Safari' driver

2019-07-09 17:30:10 - [MESSAGE][PASSED] - Browser is opened with url: ''

2019-07-09 17:30:10 - [TEST_STEP][PASSED] - navigateToUrl("https://apollo-fireball.myshopify.com/?_ab=0&_fd=0&_sc=1&key=96c2edace7b9967f3a77c2e2b131937136039831e9ec35f31598610005fa8795&preview_theme_id=46803124304"): Navigate to 'https://apollo-fireball.myshopify.com/?_ab=0&_fd=0&_sc=1&key=96c2edace7b9967f3a77c2e2b131937136039831e9ec35f31598610005fa8795&preview_theme_id=46803124304' successfully

2019-07-09 17:30:12 - [MESSAGE][PASSED] - Navigate to 'https://apollo-fireball.myshopify.com/?_ab=0&_fd=0&_sc=1&key=96c2edace7b9967f3a77c2e2b131937136039831e9ec35f31598610005fa8795&preview_theme_id=46803124304' successfully

2019-07-09 17:30:12 - [TEST_STEP][PASSED] - executeJavaScript("var previewBar = document.getElementById("preview-bar-iframe"); previewBar.style.display = "none";", []): Execute JavaScript 'var previewBar = document.getElementById("preview-bar-iframe"); previewBar.style.display = "none";' successfully

2019-07-09 17:30:12 - [MESSAGE][PASSED] - Execute JavaScript 'var previewBar = document.getElementById("preview-bar-iframe"); previewBar.style.display = "none";' successfully

2019-07-09 17:30:12 - [TEST_STEP][PASSED] - maximizeWindow(): Current window maximized

2019-07-09 17:30:12 - [MESSAGE][PASSED] - Current window maximized

2019-07-09 17:30:12 - [MESSAGE][PASSED] - Call Test Case 'Test Cases/CALL - URL' successfully

2019-07-09 17:30:12 - [TEST_STEP][PASSED] - delay(1): Delayed 1 second(s)

2019-07-09 17:30:13 - [MESSAGE][PASSED] - Delayed 1 second(s)

2019-07-09 17:30:13 - [TEST_STEP][PASSED] - click(findTestObject("APOLLO- Desktop/Home page/Account icon")): Object: 'Object Repository/APOLLO- Desktop/Home page/Account icon' is clicked on

2019-07-09 17:30:14 - [MESSAGE][PASSED] - Object: 'Object Repository/APOLLO- Desktop/Home page/Account icon' is clicked on

2019-07-09 17:30:14 - [TEST_STEP][PASSED] - delay(1): Delayed 1 second(s)

2019-07-09 17:30:15 - [MESSAGE][PASSED] - Delayed 1 second(s)

2019-07-09 17:30:15 - [TEST_STEP][PASSED] - setText(findTestObject("APOLLO- Desktop/Home page/Email address"), "suman.kompelly@diffagency.com"): Text 'suman.kompelly@diffagency.com' is set on object 'Object Repository/APOLLO- Desktop/Home page/Email address'

2019-07-09 17:30:16 - [MESSAGE][PASSED] - Text 'suman.kompelly@diffagency.com' is set on object 'Object Repository/APOLLO- Desktop/Home page/Email address'

2019-07-09 17:30:16 - [TEST_STEP][PASSED] - delay(1): Delayed 1 second(s)

2019-07-09 17:30:17 - [MESSAGE][PASSED] - Delayed 1 second(s)

2019-07-09 17:30:17 - [TEST_STEP][PASSED] - setEncryptedText(findTestObject("APOLLO- Desktop/Home page/Password"), "5xx1bkCcAlw="): Text ****** has been set on object 'Object Repository/APOLLO- Desktop/Home page/Password'

2019-07-09 17:30:17 - [MESSAGE][PASSED] - Text ****** has been set on object 'Object Repository/APOLLO- Desktop/Home page/Password'

2019-07-09 17:30:17 - [TEST_STEP][PASSED] - delay(1): Delayed 1 second(s)

2019-07-09 17:30:18 - [MESSAGE][PASSED] - Delayed 1 second(s)

2019-07-09 17:30:18 - [TEST_STEP][PASSED] - click(findTestObject("APOLLO- Desktop/Home page/Sign in button")): Object: 'Object Repository/APOLLO- Desktop/Home page/Sign in button' is clicked on

2019-07-09 17:30:18 - [MESSAGE][PASSED] - Object: 'Object Repository/APOLLO- Desktop/Home page/Sign in button' is clicked on

2019-07-09 17:30:18 - [TEST_STEP][PASSED] - delay(1): Delayed 1 second(s)

2019-07-09 17:30:19 - [MESSAGE][PASSED] - Delayed 1 second(s)

2019-07-09 17:30:19 - [TEST_STEP][PASSED] - click(findTestObject("APOLLO- Desktop/Home page/address page")): Object: 'Object Repository/APOLLO- Desktop/Home page/address page' is clicked on

2019-07-09 17:30:20 - [MESSAGE][PASSED] - Object: 'Object Repository/APOLLO- Desktop/Home page/address page' is clicked on

2019-07-09 17:30:20 - [TEST_STEP][PASSED] - delay(1): Delayed 1 second(s)

2019-07-09 17:30:21 - [MESSAGE][PASSED] - Delayed 1 second(s)

2019-07-09 17:30:21 - [TEST_STEP][PASSED] - click(findTestObject("APOLLO- Desktop/Home page/orders page")): Object: 'Object Repository/APOLLO- Desktop/Home page/orders page' is clicked on

2019-07-09 17:30:22 - [MESSAGE][PASSED] - Object: 'Object Repository/APOLLO- Desktop/Home page/orders page' is clicked on

2019-07-09 17:30:22 - [TEST_STEP][PASSED] - delay(1): Delayed 1 second(s)

2019-07-09 17:30:23 - [MESSAGE][PASSED] - Delayed 1 second(s)

2019-07-09 17:30:23 - [TEST_STEP][PASSED] - click(findTestObject("APOLLO- Desktop/Home page/Details page")): Object: 'Object Repository/APOLLO- Desktop/Home page/Details page' is clicked on

2019-07-09 17:30:23 - [MESSAGE][PASSED] - Object: 'Object Repository/APOLLO- Desktop/Home page/Details page' is clicked on

2019-07-09 17:30:23 - [TEST_STEP][PASSED] - delay(1): Delayed 1 second(s)

2019-07-09 17:30:24 - [MESSAGE][PASSED] - Delayed 1 second(s)

2019-07-09 17:30:24 - [TEST_STEP][PASSED] - click(findTestObject("APOLLO- Desktop/Home page/Logout")): Object: 'Object Repository/APOLLO- Desktop/Home page/Logout' is clicked on

2019-07-09 17:30:24 - [MESSAGE][PASSED] - Object: 'Object Repository/APOLLO- Desktop/Home page/Logout' is clicked on]]></system-out>
         <system-err><![CDATA[]]></system-err>
      </testcase>
      <testcase name="Test Cases/CRITICAL PATH/Decrease quantity - Cart flyout" classname="Test Cases/CRITICAL PATH/Decrease quantity - Cart flyout" status="PASSED">
         <system-out><![CDATA[2019-07-09 17:30:24 - [TEST_CASE][PASSED] - Test Cases/CRITICAL PATH/Decrease quantity - Cart flyout: Test Cases/CRITICAL PATH/Decrease quantity - Cart flyout

2019-07-09 17:30:24 - [TEST_STEP][PASSED] - callTestCase(findTestCase("CALL - URL"), [:], STOP_ON_FAILURE): Call Test Case 'Test Cases/CALL - URL' successfully

2019-07-09 17:30:24 - [TEST_CASE][PASSED] - Test Cases/CALL - URL: Test Cases/CALL - URL

2019-07-09 17:30:24 - [TEST_STEP][PASSED] - openBrowser(""): Browser is opened with url: ''

2019-07-09 17:30:24 - [MESSAGE][WARNING] - A browser is already opened. Closing browser and opening a new one

2019-07-09 17:30:24 - [MESSAGE][INFO] - Starting 'Safari' driver

2019-07-09 17:30:25 - [MESSAGE][PASSED] - Browser is opened with url: ''

2019-07-09 17:30:25 - [TEST_STEP][PASSED] - navigateToUrl("https://apollo-fireball.myshopify.com/?_ab=0&_fd=0&_sc=1&key=96c2edace7b9967f3a77c2e2b131937136039831e9ec35f31598610005fa8795&preview_theme_id=46803124304"): Navigate to 'https://apollo-fireball.myshopify.com/?_ab=0&_fd=0&_sc=1&key=96c2edace7b9967f3a77c2e2b131937136039831e9ec35f31598610005fa8795&preview_theme_id=46803124304' successfully

2019-07-09 17:30:27 - [MESSAGE][PASSED] - Navigate to 'https://apollo-fireball.myshopify.com/?_ab=0&_fd=0&_sc=1&key=96c2edace7b9967f3a77c2e2b131937136039831e9ec35f31598610005fa8795&preview_theme_id=46803124304' successfully

2019-07-09 17:30:27 - [TEST_STEP][PASSED] - executeJavaScript("var previewBar = document.getElementById("preview-bar-iframe"); previewBar.style.display = "none";", []): Execute JavaScript 'var previewBar = document.getElementById("preview-bar-iframe"); previewBar.style.display = "none";' successfully

2019-07-09 17:30:27 - [MESSAGE][PASSED] - Execute JavaScript 'var previewBar = document.getElementById("preview-bar-iframe"); previewBar.style.display = "none";' successfully

2019-07-09 17:30:27 - [TEST_STEP][PASSED] - maximizeWindow(): Current window maximized

2019-07-09 17:30:27 - [MESSAGE][PASSED] - Current window maximized

2019-07-09 17:30:27 - [MESSAGE][PASSED] - Call Test Case 'Test Cases/CALL - URL' successfully

2019-07-09 17:30:27 - [TEST_STEP][PASSED] - click(findTestObject("APOLLO- Desktop/Burger Menu/Burgermenu")): Object: 'Object Repository/APOLLO- Desktop/Burger Menu/Burgermenu' is clicked on

2019-07-09 17:30:29 - [MESSAGE][PASSED] - Object: 'Object Repository/APOLLO- Desktop/Burger Menu/Burgermenu' is clicked on

2019-07-09 17:30:29 - [TEST_STEP][PASSED] - delay(2): Delayed 2 second(s)

2019-07-09 17:30:31 - [MESSAGE][PASSED] - Delayed 2 second(s)

2019-07-09 17:30:31 - [TEST_STEP][PASSED] - click(findTestObject("APOLLO- Desktop/Burger Menu/Shop food")): Object: 'Object Repository/APOLLO- Desktop/Burger Menu/Shop food' is clicked on

2019-07-09 17:30:31 - [MESSAGE][PASSED] - Object: 'Object Repository/APOLLO- Desktop/Burger Menu/Shop food' is clicked on

2019-07-09 17:30:31 - [TEST_STEP][PASSED] - delay(2): Delayed 2 second(s)

2019-07-09 17:30:33 - [MESSAGE][PASSED] - Delayed 2 second(s)

2019-07-09 17:30:33 - [TEST_STEP][PASSED] - click(findTestObject("APOLLO- Desktop/Burger Menu/Beef")): Object: 'Object Repository/APOLLO- Desktop/Burger Menu/Beef' is clicked on

2019-07-09 17:30:33 - [MESSAGE][PASSED] - Object: 'Object Repository/APOLLO- Desktop/Burger Menu/Beef' is clicked on

2019-07-09 17:30:33 - [TEST_STEP][PASSED] - delay(2): Delayed 2 second(s)

2019-07-09 17:30:35 - [MESSAGE][PASSED] - Delayed 2 second(s)

2019-07-09 17:30:35 - [TEST_STEP][PASSED] - executeJavaScript("var previewBar = document.getElementById("preview-bar-iframe"); previewBar.style.display = "none";", []): Execute JavaScript 'var previewBar = document.getElementById("preview-bar-iframe"); previewBar.style.display = "none";' successfully

2019-07-09 17:30:35 - [MESSAGE][PASSED] - Execute JavaScript 'var previewBar = document.getElementById("preview-bar-iframe"); previewBar.style.display = "none";' successfully

2019-07-09 17:30:35 - [TEST_STEP][PASSED] - delay(2): Delayed 2 second(s)

2019-07-09 17:30:37 - [MESSAGE][PASSED] - Delayed 2 second(s)

2019-07-09 17:30:37 - [TEST_STEP][PASSED] - click(findTestObject("APOLLO- Desktop/Collection page/Beef skewers")): Object: 'Object Repository/APOLLO- Desktop/Collection page/Beef skewers' is clicked on

2019-07-09 17:30:37 - [MESSAGE][PASSED] - Object: 'Object Repository/APOLLO- Desktop/Collection page/Beef skewers' is clicked on

2019-07-09 17:30:37 - [TEST_STEP][PASSED] - executeJavaScript("var previewBar = document.getElementById("preview-bar-iframe"); previewBar.style.display = "none";", []): Execute JavaScript 'var previewBar = document.getElementById("preview-bar-iframe"); previewBar.style.display = "none";' successfully

2019-07-09 17:30:37 - [MESSAGE][PASSED] - Execute JavaScript 'var previewBar = document.getElementById("preview-bar-iframe"); previewBar.style.display = "none";' successfully

2019-07-09 17:30:37 - [TEST_STEP][PASSED] - delay(2): Delayed 2 second(s)

2019-07-09 17:30:39 - [MESSAGE][PASSED] - Delayed 2 second(s)

2019-07-09 17:30:39 - [TEST_STEP][PASSED] - click(findTestObject("APOLLO- Desktop/Product page/1 piece")): Object: 'Object Repository/APOLLO- Desktop/Product page/1 piece' is clicked on

2019-07-09 17:30:40 - [MESSAGE][PASSED] - Object: 'Object Repository/APOLLO- Desktop/Product page/1 piece' is clicked on

2019-07-09 17:30:40 - [TEST_STEP][PASSED] - delay(2): Delayed 2 second(s)

2019-07-09 17:30:42 - [MESSAGE][PASSED] - Delayed 2 second(s)

2019-07-09 17:30:42 - [TEST_STEP][PASSED] - delay(2): Delayed 2 second(s)

2019-07-09 17:30:44 - [MESSAGE][PASSED] - Delayed 2 second(s)

2019-07-09 17:30:44 - [TEST_STEP][PASSED] - click(findTestObject("APOLLO- Desktop/Product page/Increase qunatity - prod page")): Object: 'Object Repository/APOLLO- Desktop/Product page/Increase qunatity - prod page' is clicked on

2019-07-09 17:30:44 - [MESSAGE][PASSED] - Object: 'Object Repository/APOLLO- Desktop/Product page/Increase qunatity - prod page' is clicked on

2019-07-09 17:30:44 - [TEST_STEP][PASSED] - delay(2): Delayed 2 second(s)

2019-07-09 17:30:46 - [MESSAGE][PASSED] - Delayed 2 second(s)

2019-07-09 17:30:46 - [TEST_STEP][PASSED] - click(findTestObject("APOLLO- Desktop/Product page/Increase qunatity - prod page")): Object: 'Object Repository/APOLLO- Desktop/Product page/Increase qunatity - prod page' is clicked on

2019-07-09 17:30:46 - [MESSAGE][PASSED] - Object: 'Object Repository/APOLLO- Desktop/Product page/Increase qunatity - prod page' is clicked on

2019-07-09 17:30:46 - [TEST_STEP][PASSED] - delay(2): Delayed 2 second(s)

2019-07-09 17:30:48 - [MESSAGE][PASSED] - Delayed 2 second(s)

2019-07-09 17:30:48 - [TEST_STEP][PASSED] - click(findTestObject("APOLLO- Desktop/Product page/Increase qunatity - prod page")): Object: 'Object Repository/APOLLO- Desktop/Product page/Increase qunatity - prod page' is clicked on

2019-07-09 17:30:48 - [MESSAGE][PASSED] - Object: 'Object Repository/APOLLO- Desktop/Product page/Increase qunatity - prod page' is clicked on

2019-07-09 17:30:48 - [TEST_STEP][PASSED] - delay(2): Delayed 2 second(s)

2019-07-09 17:30:50 - [MESSAGE][PASSED] - Delayed 2 second(s)

2019-07-09 17:30:50 - [TEST_STEP][PASSED] - click(findTestObject("APOLLO- Desktop/Product page/Increase qunatity - prod page")): Object: 'Object Repository/APOLLO- Desktop/Product page/Increase qunatity - prod page' is clicked on

2019-07-09 17:30:50 - [MESSAGE][PASSED] - Object: 'Object Repository/APOLLO- Desktop/Product page/Increase qunatity - prod page' is clicked on

2019-07-09 17:30:50 - [TEST_STEP][PASSED] - delay(2): Delayed 2 second(s)

2019-07-09 17:30:52 - [MESSAGE][PASSED] - Delayed 2 second(s)

2019-07-09 17:30:52 - [TEST_STEP][PASSED] - click(findTestObject("APOLLO- Desktop/Product page/Increase qunatity - prod page")): Object: 'Object Repository/APOLLO- Desktop/Product page/Increase qunatity - prod page' is clicked on

2019-07-09 17:30:52 - [MESSAGE][PASSED] - Object: 'Object Repository/APOLLO- Desktop/Product page/Increase qunatity - prod page' is clicked on

2019-07-09 17:30:52 - [TEST_STEP][PASSED] - delay(2): Delayed 2 second(s)

2019-07-09 17:30:54 - [MESSAGE][PASSED] - Delayed 2 second(s)

2019-07-09 17:30:54 - [TEST_STEP][PASSED] - click(findTestObject("APOLLO- Desktop/Product page/Add to bag")): Object: 'Object Repository/APOLLO- Desktop/Product page/Add to bag' is clicked on

2019-07-09 17:30:54 - [MESSAGE][PASSED] - Object: 'Object Repository/APOLLO- Desktop/Product page/Add to bag' is clicked on

2019-07-09 17:30:54 - [TEST_STEP][PASSED] - delay(2): Delayed 2 second(s)

2019-07-09 17:30:56 - [MESSAGE][PASSED] - Delayed 2 second(s)

2019-07-09 17:30:56 - [TEST_STEP][PASSED] - a = getText(findTestObject("APOLLO- Desktop/Cart flyout/Subtotal in cart flyout")): Text of object 'Object Repository/APOLLO- Desktop/Cart flyout/Subtotal in cart flyout' is: '$51.00'

2019-07-09 17:30:56 - [MESSAGE][PASSED] - Text of object 'Object Repository/APOLLO- Desktop/Cart flyout/Subtotal in cart flyout' is: '$51.00'

2019-07-09 17:30:56 - [TEST_STEP][PASSED] - comment("a=" + a): a=$51.00

2019-07-09 17:30:56 - [MESSAGE][INFO] - a=$51.00

2019-07-09 17:30:56 - [TEST_STEP][PASSED] - delay(2): Delayed 2 second(s)

2019-07-09 17:30:58 - [MESSAGE][PASSED] - Delayed 2 second(s)

2019-07-09 17:30:58 - [TEST_STEP][PASSED] - click(findTestObject("APOLLO- Desktop/Cart flyout/Decrease quantity - cart flyout")): Object: 'Object Repository/APOLLO- Desktop/Cart flyout/Decrease quantity - cart flyout' is clicked on

2019-07-09 17:30:58 - [MESSAGE][PASSED] - Object: 'Object Repository/APOLLO- Desktop/Cart flyout/Decrease quantity - cart flyout' is clicked on

2019-07-09 17:30:58 - [TEST_STEP][PASSED] - delay(2): Delayed 2 second(s)

2019-07-09 17:31:00 - [MESSAGE][PASSED] - Delayed 2 second(s)

2019-07-09 17:31:00 - [TEST_STEP][PASSED] - click(findTestObject("APOLLO- Desktop/Cart flyout/Decrease quantity - cart flyout")): Object: 'Object Repository/APOLLO- Desktop/Cart flyout/Decrease quantity - cart flyout' is clicked on

2019-07-09 17:31:00 - [MESSAGE][PASSED] - Object: 'Object Repository/APOLLO- Desktop/Cart flyout/Decrease quantity - cart flyout' is clicked on

2019-07-09 17:31:00 - [TEST_STEP][PASSED] - delay(2): Delayed 2 second(s)

2019-07-09 17:31:02 - [MESSAGE][PASSED] - Delayed 2 second(s)

2019-07-09 17:31:02 - [TEST_STEP][PASSED] - setText(findTestObject("APOLLO- Desktop/Cart flyout/CArt quanty update"), "3"): Text '3' is set on object 'Object Repository/APOLLO- Desktop/Cart flyout/CArt quanty update'

2019-07-09 17:31:02 - [MESSAGE][PASSED] - Text '3' is set on object 'Object Repository/APOLLO- Desktop/Cart flyout/CArt quanty update'

2019-07-09 17:31:02 - [TEST_STEP][PASSED] - delay(2): Delayed 2 second(s)

2019-07-09 17:31:04 - [MESSAGE][PASSED] - Delayed 2 second(s)

2019-07-09 17:31:04 - [TEST_STEP][PASSED] - click(findTestObject("APOLLO- Desktop/Cart flyout/Decrease quantity - cart flyout")): Object: 'Object Repository/APOLLO- Desktop/Cart flyout/Decrease quantity - cart flyout' is clicked on

2019-07-09 17:31:04 - [MESSAGE][PASSED] - Object: 'Object Repository/APOLLO- Desktop/Cart flyout/Decrease quantity - cart flyout' is clicked on

2019-07-09 17:31:04 - [TEST_STEP][PASSED] - delay(2): Delayed 2 second(s)

2019-07-09 17:31:06 - [MESSAGE][PASSED] - Delayed 2 second(s)

2019-07-09 17:31:06 - [TEST_STEP][PASSED] - b = getText(findTestObject("APOLLO- Desktop/Cart flyout/Subtotal in cart flyout")): Text of object 'Object Repository/APOLLO- Desktop/Cart flyout/Subtotal in cart flyout' is: '$17.00'

2019-07-09 17:31:06 - [MESSAGE][PASSED] - Text of object 'Object Repository/APOLLO- Desktop/Cart flyout/Subtotal in cart flyout' is: '$17.00'

2019-07-09 17:31:06 - [TEST_STEP][PASSED] - comment("b=" + b): b=$17.00

2019-07-09 17:31:06 - [MESSAGE][INFO] - b=$17.00

2019-07-09 17:31:06 - [TEST_STEP][PASSED] - verifyNotEqual("a", "b"): Actual object 'a' and expected object 'b' are not equal

2019-07-09 17:31:06 - [MESSAGE][PASSED] - Actual object 'a' and expected object 'b' are not equal

2019-07-09 17:31:06 - [TEST_STEP][PASSED] - delay(2): Delayed 2 second(s)

2019-07-09 17:31:08 - [MESSAGE][PASSED] - Delayed 2 second(s)

2019-07-09 17:31:08 - [TEST_STEP][PASSED] - click(findTestObject("APOLLO- Desktop/Cart flyout/Checkout")): Object: 'Object Repository/APOLLO- Desktop/Cart flyout/Checkout' is clicked on

2019-07-09 17:31:11 - [MESSAGE][PASSED] - Object: 'Object Repository/APOLLO- Desktop/Cart flyout/Checkout' is clicked on

2019-07-09 17:31:11 - [TEST_STEP][PASSED] - delay(2): Delayed 2 second(s)

2019-07-09 17:31:13 - [MESSAGE][PASSED] - Delayed 2 second(s)

2019-07-09 17:31:13 - [TEST_STEP][PASSED] - callTestCase(findTestCase("CALL- CUSTOMER INFO PAGE"), [:], STOP_ON_FAILURE): Call Test Case 'Test Cases/CALL- CUSTOMER INFO PAGE' successfully

2019-07-09 17:31:13 - [TEST_CASE][PASSED] - Test Cases/CALL- CUSTOMER INFO PAGE: Test Cases/CALL- CUSTOMER INFO PAGE

2019-07-09 17:31:13 - [TEST_STEP][PASSED] - delay(2): Delayed 2 second(s)

2019-07-09 17:31:15 - [MESSAGE][PASSED] - Delayed 2 second(s)

2019-07-09 17:31:15 - [TEST_STEP][PASSED] - executeJavaScript("var previewBar = document.getElementById("preview-bar-iframe"); previewBar.style.display = "none";", []): Execute JavaScript 'var previewBar = document.getElementById("preview-bar-iframe"); previewBar.style.display = "none";' successfully

2019-07-09 17:31:15 - [MESSAGE][PASSED] - Execute JavaScript 'var previewBar = document.getElementById("preview-bar-iframe"); previewBar.style.display = "none";' successfully

2019-07-09 17:31:15 - [TEST_STEP][PASSED] - setText(findTestObject("APOLLO- Desktop/Customer Information page/Email"), "suman@gmail.com"): Text 'suman@gmail.com' is set on object 'Object Repository/APOLLO- Desktop/Customer Information page/Email'

2019-07-09 17:31:15 - [MESSAGE][PASSED] - Text 'suman@gmail.com' is set on object 'Object Repository/APOLLO- Desktop/Customer Information page/Email'

2019-07-09 17:31:15 - [TEST_STEP][PASSED] - delay(2): Delayed 2 second(s)

2019-07-09 17:31:17 - [MESSAGE][PASSED] - Delayed 2 second(s)

2019-07-09 17:31:17 - [TEST_STEP][PASSED] - setText(findTestObject("APOLLO- Desktop/Customer Information page/First name"), "suman"): Text 'suman' is set on object 'Object Repository/APOLLO- Desktop/Customer Information page/First name'

2019-07-09 17:31:17 - [MESSAGE][PASSED] - Text 'suman' is set on object 'Object Repository/APOLLO- Desktop/Customer Information page/First name'

2019-07-09 17:31:17 - [TEST_STEP][PASSED] - delay(2): Delayed 2 second(s)

2019-07-09 17:31:19 - [MESSAGE][PASSED] - Delayed 2 second(s)

2019-07-09 17:31:19 - [TEST_STEP][PASSED] - setText(findTestObject("APOLLO- Desktop/Customer Information page/Last name"), "kompelly"): Text 'kompelly' is set on object 'Object Repository/APOLLO- Desktop/Customer Information page/Last name'

2019-07-09 17:31:19 - [MESSAGE][PASSED] - Text 'kompelly' is set on object 'Object Repository/APOLLO- Desktop/Customer Information page/Last name'

2019-07-09 17:31:19 - [TEST_STEP][PASSED] - delay(2): Delayed 2 second(s)

2019-07-09 17:31:21 - [MESSAGE][PASSED] - Delayed 2 second(s)

2019-07-09 17:31:21 - [TEST_STEP][PASSED] - setText(findTestObject("APOLLO- Desktop/Customer Information page/Address"), "1435 st alxendre"): Text '1435 st alxendre' is set on object 'Object Repository/APOLLO- Desktop/Customer Information page/Address'

2019-07-09 17:31:21 - [MESSAGE][PASSED] - Text '1435 st alxendre' is set on object 'Object Repository/APOLLO- Desktop/Customer Information page/Address'

2019-07-09 17:31:21 - [TEST_STEP][PASSED] - setText(findTestObject("APOLLO- Desktop/Customer Information page/Apartment"), "220"): Text '220' is set on object 'Object Repository/APOLLO- Desktop/Customer Information page/Apartment'

2019-07-09 17:31:22 - [MESSAGE][PASSED] - Text '220' is set on object 'Object Repository/APOLLO- Desktop/Customer Information page/Apartment'

2019-07-09 17:31:22 - [TEST_STEP][PASSED] - setText(findTestObject("APOLLO- Desktop/Customer Information page/City"), "montreal"): Text 'montreal' is set on object 'Object Repository/APOLLO- Desktop/Customer Information page/City'

2019-07-09 17:31:22 - [MESSAGE][PASSED] - Text 'montreal' is set on object 'Object Repository/APOLLO- Desktop/Customer Information page/City'

2019-07-09 17:31:22 - [TEST_STEP][PASSED] - selectOptionByValue(findTestObject("APOLLO- Desktop/Customer Information page/Country dropdown"), "United States", true): All options with value 'United States' are selected in object 'Object Repository/APOLLO- Desktop/Customer Information page/Country dropdown'  using regular expression

2019-07-09 17:31:26 - [MESSAGE][PASSED] - All options with value 'United States' are selected in object 'Object Repository/APOLLO- Desktop/Customer Information page/Country dropdown'  using regular expression

2019-07-09 17:31:26 - [TEST_STEP][PASSED] - selectOptionByValue(findTestObject("APOLLO- Desktop/Customer Information page/states dropdown"), "NJ", true): All options with value 'NJ' are selected in object 'Object Repository/APOLLO- Desktop/Customer Information page/states dropdown'  using regular expression

2019-07-09 17:31:27 - [MESSAGE][PASSED] - All options with value 'NJ' are selected in object 'Object Repository/APOLLO- Desktop/Customer Information page/states dropdown'  using regular expression

2019-07-09 17:31:27 - [TEST_STEP][PASSED] - setText(findTestObject("APOLLO- Desktop/Customer Information page/ZIP code"), "07057"): Text '07057' is set on object 'Object Repository/APOLLO- Desktop/Customer Information page/ZIP code'

2019-07-09 17:31:27 - [MESSAGE][PASSED] - Text '07057' is set on object 'Object Repository/APOLLO- Desktop/Customer Information page/ZIP code'

2019-07-09 17:31:27 - [MESSAGE][PASSED] - Call Test Case 'Test Cases/CALL- CUSTOMER INFO PAGE' successfully

2019-07-09 17:31:27 - [TEST_STEP][PASSED] - delay(2): Delayed 2 second(s)

2019-07-09 17:31:29 - [MESSAGE][PASSED] - Delayed 2 second(s)

2019-07-09 17:31:29 - [TEST_STEP][PASSED] - callTestCase(findTestCase("CALL - SHIPPING TO PAYMENT"), [:], STOP_ON_FAILURE): Call Test Case 'Test Cases/CALL - SHIPPING TO PAYMENT' successfully

2019-07-09 17:31:29 - [TEST_CASE][PASSED] - Test Cases/CALL - SHIPPING TO PAYMENT: Test Cases/CALL - SHIPPING TO PAYMENT

2019-07-09 17:31:29 - [TEST_STEP][PASSED] - click(findTestObject("APOLLO- Desktop/Customer Information page/Continue to shipping")): Object: 'Object Repository/APOLLO- Desktop/Customer Information page/Continue to shipping' is clicked on

2019-07-09 17:31:29 - [MESSAGE][PASSED] - Object: 'Object Repository/APOLLO- Desktop/Customer Information page/Continue to shipping' is clicked on

2019-07-09 17:31:29 - [TEST_STEP][PASSED] - executeJavaScript("var previewBar = document.getElementById("preview-bar-iframe"); previewBar.style.display = "none";", []): Execute JavaScript 'var previewBar = document.getElementById("preview-bar-iframe"); previewBar.style.display = "none";' successfully

2019-07-09 17:31:29 - [MESSAGE][PASSED] - Execute JavaScript 'var previewBar = document.getElementById("preview-bar-iframe"); previewBar.style.display = "none";' successfully

2019-07-09 17:31:29 - [TEST_STEP][PASSED] - click(findTestObject("APOLLO- Desktop/Shipping page/Radio button check")): Object: 'Object Repository/APOLLO- Desktop/Shipping page/Radio button check' is clicked on

2019-07-09 17:31:33 - [MESSAGE][PASSED] - Object: 'Object Repository/APOLLO- Desktop/Shipping page/Radio button check' is clicked on

2019-07-09 17:31:33 - [TEST_STEP][PASSED] - executeJavaScript("var previewBar = document.getElementById("preview-bar-iframe"); previewBar.style.display = "none";", []): Execute JavaScript 'var previewBar = document.getElementById("preview-bar-iframe"); previewBar.style.display = "none";' successfully

2019-07-09 17:31:33 - [MESSAGE][PASSED] - Execute JavaScript 'var previewBar = document.getElementById("preview-bar-iframe"); previewBar.style.display = "none";' successfully

2019-07-09 17:31:33 - [TEST_STEP][PASSED] - click(findTestObject("APOLLO- Desktop/Shipping page/Continue to payment")): Object: 'Object Repository/APOLLO- Desktop/Shipping page/Continue to payment' is clicked on

2019-07-09 17:31:33 - [MESSAGE][PASSED] - Object: 'Object Repository/APOLLO- Desktop/Shipping page/Continue to payment' is clicked on

2019-07-09 17:31:33 - [TEST_STEP][PASSED] - executeJavaScript("var previewBar = document.getElementById("preview-bar-iframe"); previewBar.style.display = "none";", []): Execute JavaScript 'var previewBar = document.getElementById("preview-bar-iframe"); previewBar.style.display = "none";' successfully

2019-07-09 17:31:33 - [MESSAGE][PASSED] - Execute JavaScript 'var previewBar = document.getElementById("preview-bar-iframe"); previewBar.style.display = "none";' successfully

2019-07-09 17:31:33 - [TEST_STEP][PASSED] - verifyTextPresent("Payment", false): Text 'Payment' is present on page 

2019-07-09 17:31:33 - [MESSAGE][PASSED] - Text 'Payment' is present on page 

2019-07-09 17:31:33 - [MESSAGE][PASSED] - Call Test Case 'Test Cases/CALL - SHIPPING TO PAYMENT' successfully]]></system-out>
         <system-err><![CDATA[]]></system-err>
      </testcase>
      <testcase name="Test Cases/CRITICAL PATH/Price comparison - Cart flyout" classname="Test Cases/CRITICAL PATH/Price comparison - Cart flyout" status="PASSED">
         <system-out><![CDATA[2019-07-09 17:31:33 - [TEST_CASE][PASSED] - Test Cases/CRITICAL PATH/Price comparison - Cart flyout: Test Cases/CRITICAL PATH/Price comparison - Cart flyout

2019-07-09 17:31:33 - [TEST_STEP][PASSED] - callTestCase(findTestCase("CALL - URL"), [:], STOP_ON_FAILURE): Call Test Case 'Test Cases/CALL - URL' successfully

2019-07-09 17:31:33 - [TEST_CASE][PASSED] - Test Cases/CALL - URL: Test Cases/CALL - URL

2019-07-09 17:31:33 - [TEST_STEP][PASSED] - openBrowser(""): Browser is opened with url: ''

2019-07-09 17:31:33 - [MESSAGE][WARNING] - A browser is already opened. Closing browser and opening a new one

2019-07-09 17:31:33 - [MESSAGE][INFO] - Starting 'Safari' driver

2019-07-09 17:31:34 - [MESSAGE][PASSED] - Browser is opened with url: ''

2019-07-09 17:31:34 - [TEST_STEP][PASSED] - navigateToUrl("https://apollo-fireball.myshopify.com/?_ab=0&_fd=0&_sc=1&key=96c2edace7b9967f3a77c2e2b131937136039831e9ec35f31598610005fa8795&preview_theme_id=46803124304"): Navigate to 'https://apollo-fireball.myshopify.com/?_ab=0&_fd=0&_sc=1&key=96c2edace7b9967f3a77c2e2b131937136039831e9ec35f31598610005fa8795&preview_theme_id=46803124304' successfully

2019-07-09 17:31:36 - [MESSAGE][PASSED] - Navigate to 'https://apollo-fireball.myshopify.com/?_ab=0&_fd=0&_sc=1&key=96c2edace7b9967f3a77c2e2b131937136039831e9ec35f31598610005fa8795&preview_theme_id=46803124304' successfully

2019-07-09 17:31:36 - [TEST_STEP][PASSED] - executeJavaScript("var previewBar = document.getElementById("preview-bar-iframe"); previewBar.style.display = "none";", []): Execute JavaScript 'var previewBar = document.getElementById("preview-bar-iframe"); previewBar.style.display = "none";' successfully

2019-07-09 17:31:36 - [MESSAGE][PASSED] - Execute JavaScript 'var previewBar = document.getElementById("preview-bar-iframe"); previewBar.style.display = "none";' successfully

2019-07-09 17:31:36 - [TEST_STEP][PASSED] - maximizeWindow(): Current window maximized

2019-07-09 17:31:36 - [MESSAGE][PASSED] - Current window maximized

2019-07-09 17:31:36 - [MESSAGE][PASSED] - Call Test Case 'Test Cases/CALL - URL' successfully

2019-07-09 17:31:36 - [TEST_STEP][PASSED] - click(findTestObject("APOLLO- Desktop/Burger Menu/Burgermenu")): Object: 'Object Repository/APOLLO- Desktop/Burger Menu/Burgermenu' is clicked on

2019-07-09 17:31:38 - [MESSAGE][PASSED] - Object: 'Object Repository/APOLLO- Desktop/Burger Menu/Burgermenu' is clicked on

2019-07-09 17:31:38 - [TEST_STEP][PASSED] - delay(2): Delayed 2 second(s)

2019-07-09 17:31:40 - [MESSAGE][PASSED] - Delayed 2 second(s)

2019-07-09 17:31:40 - [TEST_STEP][PASSED] - click(findTestObject("APOLLO- Desktop/Burger Menu/Shop food")): Object: 'Object Repository/APOLLO- Desktop/Burger Menu/Shop food' is clicked on

2019-07-09 17:31:40 - [MESSAGE][PASSED] - Object: 'Object Repository/APOLLO- Desktop/Burger Menu/Shop food' is clicked on

2019-07-09 17:31:40 - [TEST_STEP][PASSED] - delay(2): Delayed 2 second(s)

2019-07-09 17:31:42 - [MESSAGE][PASSED] - Delayed 2 second(s)

2019-07-09 17:31:42 - [TEST_STEP][PASSED] - click(findTestObject("APOLLO- Desktop/Burger Menu/Beef")): Object: 'Object Repository/APOLLO- Desktop/Burger Menu/Beef' is clicked on

2019-07-09 17:31:42 - [MESSAGE][PASSED] - Object: 'Object Repository/APOLLO- Desktop/Burger Menu/Beef' is clicked on

2019-07-09 17:31:42 - [TEST_STEP][PASSED] - delay(2): Delayed 2 second(s)

2019-07-09 17:31:44 - [MESSAGE][PASSED] - Delayed 2 second(s)

2019-07-09 17:31:44 - [TEST_STEP][PASSED] - executeJavaScript("var previewBar = document.getElementById("preview-bar-iframe"); previewBar.style.display = "none";", []): Execute JavaScript 'var previewBar = document.getElementById("preview-bar-iframe"); previewBar.style.display = "none";' successfully

2019-07-09 17:31:44 - [MESSAGE][PASSED] - Execute JavaScript 'var previewBar = document.getElementById("preview-bar-iframe"); previewBar.style.display = "none";' successfully

2019-07-09 17:31:44 - [TEST_STEP][PASSED] - delay(2): Delayed 2 second(s)

2019-07-09 17:31:46 - [MESSAGE][PASSED] - Delayed 2 second(s)

2019-07-09 17:31:46 - [TEST_STEP][PASSED] - click(findTestObject("APOLLO- Desktop/Collection page/Beef skewers")): Object: 'Object Repository/APOLLO- Desktop/Collection page/Beef skewers' is clicked on

2019-07-09 17:31:47 - [MESSAGE][PASSED] - Object: 'Object Repository/APOLLO- Desktop/Collection page/Beef skewers' is clicked on

2019-07-09 17:31:47 - [TEST_STEP][PASSED] - executeJavaScript("var previewBar = document.getElementById("preview-bar-iframe"); previewBar.style.display = "none";", []): Execute JavaScript 'var previewBar = document.getElementById("preview-bar-iframe"); previewBar.style.display = "none";' successfully

2019-07-09 17:31:47 - [MESSAGE][PASSED] - Execute JavaScript 'var previewBar = document.getElementById("preview-bar-iframe"); previewBar.style.display = "none";' successfully

2019-07-09 17:31:47 - [TEST_STEP][PASSED] - delay(2): Delayed 2 second(s)

2019-07-09 17:31:49 - [MESSAGE][PASSED] - Delayed 2 second(s)

2019-07-09 17:31:49 - [TEST_STEP][PASSED] - click(findTestObject("APOLLO- Desktop/Product page/1 piece")): Object: 'Object Repository/APOLLO- Desktop/Product page/1 piece' is clicked on

2019-07-09 17:31:50 - [MESSAGE][PASSED] - Object: 'Object Repository/APOLLO- Desktop/Product page/1 piece' is clicked on

2019-07-09 17:31:50 - [TEST_STEP][PASSED] - delay(2): Delayed 2 second(s)

2019-07-09 17:31:52 - [MESSAGE][PASSED] - Delayed 2 second(s)

2019-07-09 17:31:52 - [TEST_STEP][PASSED] - click(findTestObject("APOLLO- Desktop/Product page/Add to bag")): Object: 'Object Repository/APOLLO- Desktop/Product page/Add to bag' is clicked on

2019-07-09 17:31:52 - [MESSAGE][PASSED] - Object: 'Object Repository/APOLLO- Desktop/Product page/Add to bag' is clicked on

2019-07-09 17:31:52 - [TEST_STEP][PASSED] - delay(2): Delayed 2 second(s)

2019-07-09 17:31:54 - [MESSAGE][PASSED] - Delayed 2 second(s)

2019-07-09 17:31:54 - [TEST_STEP][PASSED] - click(findTestObject("APOLLO- Desktop/Cart flyout/Cart collapse")): Object: 'Object Repository/APOLLO- Desktop/Cart flyout/Cart collapse' is clicked on

2019-07-09 17:31:54 - [MESSAGE][PASSED] - Object: 'Object Repository/APOLLO- Desktop/Cart flyout/Cart collapse' is clicked on

2019-07-09 17:31:54 - [TEST_STEP][PASSED] - delay(2): Delayed 2 second(s)

2019-07-09 17:31:56 - [MESSAGE][PASSED] - Delayed 2 second(s)

2019-07-09 17:31:56 - [TEST_STEP][PASSED] - delay(2): Delayed 2 second(s)

2019-07-09 17:31:58 - [MESSAGE][PASSED] - Delayed 2 second(s)

2019-07-09 17:31:58 - [TEST_STEP][PASSED] - click(findTestObject("APOLLO- Desktop/Burger Menu/Burgermenu")): Object: 'Object Repository/APOLLO- Desktop/Burger Menu/Burgermenu' is clicked on

2019-07-09 17:31:58 - [MESSAGE][PASSED] - Object: 'Object Repository/APOLLO- Desktop/Burger Menu/Burgermenu' is clicked on

2019-07-09 17:31:58 - [TEST_STEP][PASSED] - delay(2): Delayed 2 second(s)

2019-07-09 17:32:00 - [MESSAGE][PASSED] - Delayed 2 second(s)

2019-07-09 17:32:00 - [TEST_STEP][PASSED] - click(findTestObject("APOLLO- Desktop/Burger Menu/Shop food")): Object: 'Object Repository/APOLLO- Desktop/Burger Menu/Shop food' is clicked on

2019-07-09 17:32:00 - [MESSAGE][PASSED] - Object: 'Object Repository/APOLLO- Desktop/Burger Menu/Shop food' is clicked on

2019-07-09 17:32:00 - [TEST_STEP][PASSED] - delay(2): Delayed 2 second(s)

2019-07-09 17:32:02 - [MESSAGE][PASSED] - Delayed 2 second(s)

2019-07-09 17:32:02 - [TEST_STEP][PASSED] - click(findTestObject("APOLLO- Desktop/Burger Menu/Chicken")): Object: 'Object Repository/APOLLO- Desktop/Burger Menu/Chicken' is clicked on

2019-07-09 17:32:02 - [MESSAGE][PASSED] - Object: 'Object Repository/APOLLO- Desktop/Burger Menu/Chicken' is clicked on

2019-07-09 17:32:02 - [TEST_STEP][PASSED] - executeJavaScript("var previewBar = document.getElementById("preview-bar-iframe"); previewBar.style.display = "none";", []): Execute JavaScript 'var previewBar = document.getElementById("preview-bar-iframe"); previewBar.style.display = "none";' successfully

2019-07-09 17:32:02 - [MESSAGE][PASSED] - Execute JavaScript 'var previewBar = document.getElementById("preview-bar-iframe"); previewBar.style.display = "none";' successfully

2019-07-09 17:32:02 - [TEST_STEP][PASSED] - delay(2): Delayed 2 second(s)

2019-07-09 17:32:04 - [MESSAGE][PASSED] - Delayed 2 second(s)

2019-07-09 17:32:04 - [TEST_STEP][PASSED] - click(findTestObject("APOLLO- Desktop/Collection page/Grilled lemon chicken")): Object: 'Object Repository/APOLLO- Desktop/Collection page/Grilled lemon chicken' is clicked on

2019-07-09 17:32:04 - [MESSAGE][PASSED] - Object: 'Object Repository/APOLLO- Desktop/Collection page/Grilled lemon chicken' is clicked on

2019-07-09 17:32:04 - [TEST_STEP][PASSED] - delay(2): Delayed 2 second(s)

2019-07-09 17:32:06 - [MESSAGE][PASSED] - Delayed 2 second(s)

2019-07-09 17:32:06 - [TEST_STEP][PASSED] - click(findTestObject("APOLLO- Desktop/Product page/1 piece")): Object: 'Object Repository/APOLLO- Desktop/Product page/1 piece' is clicked on

2019-07-09 17:32:07 - [MESSAGE][PASSED] - Object: 'Object Repository/APOLLO- Desktop/Product page/1 piece' is clicked on

2019-07-09 17:32:07 - [TEST_STEP][PASSED] - delay(2): Delayed 2 second(s)

2019-07-09 17:32:09 - [MESSAGE][PASSED] - Delayed 2 second(s)

2019-07-09 17:32:09 - [TEST_STEP][PASSED] - click(findTestObject("APOLLO- Desktop/Product page/Add to bag")): Object: 'Object Repository/APOLLO- Desktop/Product page/Add to bag' is clicked on

2019-07-09 17:32:09 - [MESSAGE][PASSED] - Object: 'Object Repository/APOLLO- Desktop/Product page/Add to bag' is clicked on

2019-07-09 17:32:09 - [TEST_STEP][PASSED] - delay(2): Delayed 2 second(s)

2019-07-09 17:32:11 - [MESSAGE][PASSED] - Delayed 2 second(s)

2019-07-09 17:32:11 - [TEST_STEP][PASSED] - delay(2): Delayed 2 second(s)

2019-07-09 17:32:13 - [MESSAGE][PASSED] - Delayed 2 second(s)

2019-07-09 17:32:13 - [TEST_STEP][NOT_RUN] - executeJavaScript("var previewBar = document.getElementById("preview-bar-iframe"); previewBar.style.display = "none";", []): NOT_RUN: executeJavaScript("var previewBar = document.getElementById("preview-bar-iframe"); previewBar.style.display = "none";", [])

2019-07-09 17:32:13 - [MESSAGE][NOT_RUN] - NOT_RUN: executeJavaScript("var previewBar = document.getElementById("preview-bar-iframe"); previewBar.style.display = "none";", [])

2019-07-09 17:32:13 - [TEST_STEP][PASSED] - a = getText(findTestObject("APOLLO- Desktop/Cart flyout/Unit price - first product")): Text of object 'Object Repository/APOLLO- Desktop/Cart flyout/Unit price - first product' is: '$6.25'

2019-07-09 17:32:13 - [MESSAGE][PASSED] - Text of object 'Object Repository/APOLLO- Desktop/Cart flyout/Unit price - first product' is: '$6.25'

2019-07-09 17:32:13 - [TEST_STEP][PASSED] - comment("a=" + a): a=$6.25

2019-07-09 17:32:13 - [MESSAGE][INFO] - a=$6.25

2019-07-09 17:32:13 - [TEST_STEP][PASSED] - a1 = a.substring(1): null

2019-07-09 17:32:13 - [TEST_STEP][PASSED] - comment("a1=" + a1): a1=6.25

2019-07-09 17:32:13 - [MESSAGE][INFO] - a1=6.25

2019-07-09 17:32:13 - [TEST_STEP][PASSED] - b = getText(findTestObject("APOLLO- Desktop/Cart flyout/Unit price - second product")): Text of object 'Object Repository/APOLLO- Desktop/Cart flyout/Unit price - second product' is: '$8.50'

2019-07-09 17:32:13 - [MESSAGE][PASSED] - Text of object 'Object Repository/APOLLO- Desktop/Cart flyout/Unit price - second product' is: '$8.50'

2019-07-09 17:32:13 - [TEST_STEP][PASSED] - comment("b=" + b): b=$8.50

2019-07-09 17:32:13 - [MESSAGE][INFO] - b=$8.50

2019-07-09 17:32:13 - [TEST_STEP][PASSED] - b1 = b.substring(1): null

2019-07-09 17:32:13 - [TEST_STEP][PASSED] - comment("b1=" + b1): b1=8.50

2019-07-09 17:32:13 - [MESSAGE][INFO] - b1=8.50

2019-07-09 17:32:13 - [TEST_STEP][PASSED] - p1 = <not implemented yet for class: org.codehaus.groovy.ast.expr.EmptyExpression>: null

2019-07-09 17:32:13 - [TEST_STEP][PASSED] - p2 = <not implemented yet for class: org.codehaus.groovy.ast.expr.EmptyExpression>: null

2019-07-09 17:32:13 - [TEST_STEP][PASSED] - try: p1=6.25

2019-07-09 17:32:13 - [TEST_STEP][PASSED] - str = a1: null

2019-07-09 17:32:13 - [TEST_STEP][PASSED] - comment("str=" + str): str=6.25

2019-07-09 17:32:13 - [MESSAGE][INFO] - str=6.25

2019-07-09 17:32:13 - [TEST_STEP][PASSED] - p1 = Double.valueOf(str): null

2019-07-09 17:32:13 - [TEST_STEP][PASSED] - comment("p1=" + p1): p1=6.25

2019-07-09 17:32:13 - [MESSAGE][INFO] - p1=6.25

2019-07-09 17:32:13 - [TEST_STEP][PASSED] - try: p2=8.5

2019-07-09 17:32:13 - [TEST_STEP][PASSED] - str5 = b1: null

2019-07-09 17:32:13 - [TEST_STEP][PASSED] - comment("str5=" + str5): str5=8.50

2019-07-09 17:32:13 - [MESSAGE][INFO] - str5=8.50

2019-07-09 17:32:13 - [TEST_STEP][PASSED] - p2 = Double.valueOf(str5): null

2019-07-09 17:32:13 - [TEST_STEP][PASSED] - comment("p2=" + p2): p2=8.5

2019-07-09 17:32:13 - [MESSAGE][INFO] - p2=8.5

2019-07-09 17:32:13 - [TEST_STEP][PASSED] - total = p1 + p2: null

2019-07-09 17:32:13 - [TEST_STEP][PASSED] - comment("total=" + total): total=14.75

2019-07-09 17:32:13 - [MESSAGE][INFO] - total=14.75

2019-07-09 17:32:13 - [TEST_STEP][PASSED] - c = getText(findTestObject("APOLLO- Desktop/Cart flyout/Subtotal in cart flyout")): Text of object 'Object Repository/APOLLO- Desktop/Cart flyout/Subtotal in cart flyout' is: '$14.75'

2019-07-09 17:32:13 - [MESSAGE][PASSED] - Text of object 'Object Repository/APOLLO- Desktop/Cart flyout/Subtotal in cart flyout' is: '$14.75'

2019-07-09 17:32:13 - [TEST_STEP][PASSED] - comment("c=" + c): c=$14.75

2019-07-09 17:32:13 - [MESSAGE][INFO] - c=$14.75

2019-07-09 17:32:13 - [TEST_STEP][PASSED] - c1 = c.substring(1): null

2019-07-09 17:32:13 - [TEST_STEP][PASSED] - comment("c1=" + c1): c1=14.75

2019-07-09 17:32:13 - [MESSAGE][INFO] - c1=14.75

2019-07-09 17:32:13 - [TEST_STEP][PASSED] - p3 = <not implemented yet for class: org.codehaus.groovy.ast.expr.EmptyExpression>: null

2019-07-09 17:32:13 - [TEST_STEP][PASSED] - try: p3=14.75

2019-07-09 17:32:13 - [TEST_STEP][PASSED] - str = c1: null

2019-07-09 17:32:13 - [TEST_STEP][PASSED] - comment("str=" + str): str=14.75

2019-07-09 17:32:13 - [MESSAGE][INFO] - str=14.75

2019-07-09 17:32:13 - [TEST_STEP][PASSED] - p3 = Double.valueOf(str): null

2019-07-09 17:32:13 - [TEST_STEP][PASSED] - comment("p3=" + p3): p3=14.75

2019-07-09 17:32:13 - [MESSAGE][INFO] - p3=14.75

2019-07-09 17:32:13 - [TEST_STEP][PASSED] - verifyEqual(total, p3): Actual object '14.75' and expected object '14.75' are equal

2019-07-09 17:32:13 - [MESSAGE][PASSED] - Actual object '14.75' and expected object '14.75' are equal

2019-07-09 17:32:13 - [TEST_STEP][PASSED] - click(findTestObject("APOLLO- Desktop/Cart flyout/Checkout")): Object: 'Object Repository/APOLLO- Desktop/Cart flyout/Checkout' is clicked on

2019-07-09 17:32:13 - [MESSAGE][PASSED] - Object: 'Object Repository/APOLLO- Desktop/Cart flyout/Checkout' is clicked on

2019-07-09 17:32:13 - [TEST_STEP][PASSED] - callTestCase(findTestCase("CALL- CUSTOMER INFO PAGE"), [:], STOP_ON_FAILURE): Call Test Case 'Test Cases/CALL- CUSTOMER INFO PAGE' successfully

2019-07-09 17:32:13 - [TEST_CASE][PASSED] - Test Cases/CALL- CUSTOMER INFO PAGE: Test Cases/CALL- CUSTOMER INFO PAGE

2019-07-09 17:32:13 - [TEST_STEP][PASSED] - delay(2): Delayed 2 second(s)

2019-07-09 17:32:15 - [MESSAGE][PASSED] - Delayed 2 second(s)

2019-07-09 17:32:15 - [TEST_STEP][PASSED] - executeJavaScript("var previewBar = document.getElementById("preview-bar-iframe"); previewBar.style.display = "none";", []): Execute JavaScript 'var previewBar = document.getElementById("preview-bar-iframe"); previewBar.style.display = "none";' successfully

2019-07-09 17:32:15 - [MESSAGE][PASSED] - Execute JavaScript 'var previewBar = document.getElementById("preview-bar-iframe"); previewBar.style.display = "none";' successfully

2019-07-09 17:32:15 - [TEST_STEP][PASSED] - setText(findTestObject("APOLLO- Desktop/Customer Information page/Email"), "suman@gmail.com"): Text 'suman@gmail.com' is set on object 'Object Repository/APOLLO- Desktop/Customer Information page/Email'

2019-07-09 17:32:16 - [MESSAGE][PASSED] - Text 'suman@gmail.com' is set on object 'Object Repository/APOLLO- Desktop/Customer Information page/Email'

2019-07-09 17:32:16 - [TEST_STEP][PASSED] - delay(2): Delayed 2 second(s)

2019-07-09 17:32:18 - [MESSAGE][PASSED] - Delayed 2 second(s)

2019-07-09 17:32:18 - [TEST_STEP][PASSED] - setText(findTestObject("APOLLO- Desktop/Customer Information page/First name"), "suman"): Text 'suman' is set on object 'Object Repository/APOLLO- Desktop/Customer Information page/First name'

2019-07-09 17:32:18 - [MESSAGE][PASSED] - Text 'suman' is set on object 'Object Repository/APOLLO- Desktop/Customer Information page/First name'

2019-07-09 17:32:18 - [TEST_STEP][PASSED] - delay(2): Delayed 2 second(s)

2019-07-09 17:32:20 - [MESSAGE][PASSED] - Delayed 2 second(s)

2019-07-09 17:32:20 - [TEST_STEP][PASSED] - setText(findTestObject("APOLLO- Desktop/Customer Information page/Last name"), "kompelly"): Text 'kompelly' is set on object 'Object Repository/APOLLO- Desktop/Customer Information page/Last name'

2019-07-09 17:32:20 - [MESSAGE][PASSED] - Text 'kompelly' is set on object 'Object Repository/APOLLO- Desktop/Customer Information page/Last name'

2019-07-09 17:32:20 - [TEST_STEP][PASSED] - delay(2): Delayed 2 second(s)

2019-07-09 17:32:22 - [MESSAGE][PASSED] - Delayed 2 second(s)

2019-07-09 17:32:22 - [TEST_STEP][PASSED] - setText(findTestObject("APOLLO- Desktop/Customer Information page/Address"), "1435 st alxendre"): Text '1435 st alxendre' is set on object 'Object Repository/APOLLO- Desktop/Customer Information page/Address'

2019-07-09 17:32:22 - [MESSAGE][PASSED] - Text '1435 st alxendre' is set on object 'Object Repository/APOLLO- Desktop/Customer Information page/Address'

2019-07-09 17:32:22 - [TEST_STEP][PASSED] - setText(findTestObject("APOLLO- Desktop/Customer Information page/Apartment"), "220"): Text '220' is set on object 'Object Repository/APOLLO- Desktop/Customer Information page/Apartment'

2019-07-09 17:32:22 - [MESSAGE][PASSED] - Text '220' is set on object 'Object Repository/APOLLO- Desktop/Customer Information page/Apartment'

2019-07-09 17:32:22 - [TEST_STEP][PASSED] - setText(findTestObject("APOLLO- Desktop/Customer Information page/City"), "montreal"): Text 'montreal' is set on object 'Object Repository/APOLLO- Desktop/Customer Information page/City'

2019-07-09 17:32:22 - [MESSAGE][PASSED] - Text 'montreal' is set on object 'Object Repository/APOLLO- Desktop/Customer Information page/City'

2019-07-09 17:32:22 - [TEST_STEP][PASSED] - selectOptionByValue(findTestObject("APOLLO- Desktop/Customer Information page/Country dropdown"), "United States", true): All options with value 'United States' are selected in object 'Object Repository/APOLLO- Desktop/Customer Information page/Country dropdown'  using regular expression

2019-07-09 17:32:27 - [MESSAGE][PASSED] - All options with value 'United States' are selected in object 'Object Repository/APOLLO- Desktop/Customer Information page/Country dropdown'  using regular expression

2019-07-09 17:32:27 - [TEST_STEP][PASSED] - selectOptionByValue(findTestObject("APOLLO- Desktop/Customer Information page/states dropdown"), "NJ", true): All options with value 'NJ' are selected in object 'Object Repository/APOLLO- Desktop/Customer Information page/states dropdown'  using regular expression

2019-07-09 17:32:27 - [MESSAGE][PASSED] - All options with value 'NJ' are selected in object 'Object Repository/APOLLO- Desktop/Customer Information page/states dropdown'  using regular expression

2019-07-09 17:32:27 - [TEST_STEP][PASSED] - setText(findTestObject("APOLLO- Desktop/Customer Information page/ZIP code"), "07057"): Text '07057' is set on object 'Object Repository/APOLLO- Desktop/Customer Information page/ZIP code'

2019-07-09 17:32:28 - [MESSAGE][PASSED] - Text '07057' is set on object 'Object Repository/APOLLO- Desktop/Customer Information page/ZIP code'

2019-07-09 17:32:28 - [MESSAGE][PASSED] - Call Test Case 'Test Cases/CALL- CUSTOMER INFO PAGE' successfully

2019-07-09 17:32:28 - [TEST_STEP][PASSED] - delay(2): Delayed 2 second(s)

2019-07-09 17:32:30 - [MESSAGE][PASSED] - Delayed 2 second(s)

2019-07-09 17:32:30 - [TEST_STEP][PASSED] - callTestCase(findTestCase("CALL - SHIPPING TO PAYMENT"), [:], STOP_ON_FAILURE): Call Test Case 'Test Cases/CALL - SHIPPING TO PAYMENT' successfully

2019-07-09 17:32:30 - [TEST_CASE][PASSED] - Test Cases/CALL - SHIPPING TO PAYMENT: Test Cases/CALL - SHIPPING TO PAYMENT

2019-07-09 17:32:30 - [TEST_STEP][PASSED] - click(findTestObject("APOLLO- Desktop/Customer Information page/Continue to shipping")): Object: 'Object Repository/APOLLO- Desktop/Customer Information page/Continue to shipping' is clicked on

2019-07-09 17:32:30 - [MESSAGE][PASSED] - Object: 'Object Repository/APOLLO- Desktop/Customer Information page/Continue to shipping' is clicked on

2019-07-09 17:32:30 - [TEST_STEP][PASSED] - executeJavaScript("var previewBar = document.getElementById("preview-bar-iframe"); previewBar.style.display = "none";", []): Execute JavaScript 'var previewBar = document.getElementById("preview-bar-iframe"); previewBar.style.display = "none";' successfully

2019-07-09 17:32:30 - [MESSAGE][PASSED] - Execute JavaScript 'var previewBar = document.getElementById("preview-bar-iframe"); previewBar.style.display = "none";' successfully

2019-07-09 17:32:30 - [TEST_STEP][PASSED] - click(findTestObject("APOLLO- Desktop/Shipping page/Radio button check")): Object: 'Object Repository/APOLLO- Desktop/Shipping page/Radio button check' is clicked on

2019-07-09 17:32:33 - [MESSAGE][PASSED] - Object: 'Object Repository/APOLLO- Desktop/Shipping page/Radio button check' is clicked on

2019-07-09 17:32:33 - [TEST_STEP][PASSED] - executeJavaScript("var previewBar = document.getElementById("preview-bar-iframe"); previewBar.style.display = "none";", []): Execute JavaScript 'var previewBar = document.getElementById("preview-bar-iframe"); previewBar.style.display = "none";' successfully

2019-07-09 17:32:33 - [MESSAGE][PASSED] - Execute JavaScript 'var previewBar = document.getElementById("preview-bar-iframe"); previewBar.style.display = "none";' successfully

2019-07-09 17:32:33 - [TEST_STEP][PASSED] - click(findTestObject("APOLLO- Desktop/Shipping page/Continue to payment")): Object: 'Object Repository/APOLLO- Desktop/Shipping page/Continue to payment' is clicked on

2019-07-09 17:32:33 - [MESSAGE][PASSED] - Object: 'Object Repository/APOLLO- Desktop/Shipping page/Continue to payment' is clicked on

2019-07-09 17:32:33 - [TEST_STEP][PASSED] - executeJavaScript("var previewBar = document.getElementById("preview-bar-iframe"); previewBar.style.display = "none";", []): Execute JavaScript 'var previewBar = document.getElementById("preview-bar-iframe"); previewBar.style.display = "none";' successfully

2019-07-09 17:32:33 - [MESSAGE][PASSED] - Execute JavaScript 'var previewBar = document.getElementById("preview-bar-iframe"); previewBar.style.display = "none";' successfully

2019-07-09 17:32:33 - [TEST_STEP][PASSED] - verifyTextPresent("Payment", false): Text 'Payment' is present on page 

2019-07-09 17:32:33 - [MESSAGE][PASSED] - Text 'Payment' is present on page 

2019-07-09 17:32:33 - [MESSAGE][PASSED] - Call Test Case 'Test Cases/CALL - SHIPPING TO PAYMENT' successfully]]></system-out>
         <system-err><![CDATA[]]></system-err>
      </testcase>
      <system-out><![CDATA[2019-07-09 17:12:45 - [TEST_SUITE][FAILED] - 0.5.5: Test Cases/HOME PAGE/Welcome to ur store and gettting hungry FAILED.
Reason:
com.kms.katalon.core.exception.StepFailedException: Unable to execute JavaScript. (Root cause: org.openqa.selenium.JavascriptException: A JavaScript exception occured: null is not an object (evaluating 'previewBar.style')
Build info: version: '3.7.1', revision: '8a0099a', time: '2017-11-06T21:07:36.161Z'
System info: host: 'sumans-MacBook-Pro.local', ip: 'fe80:0:0:0:47c:ca88:4245:b7a7%en0', os.name: 'Mac OS X', os.arch: 'x86_64', os.version: '10.13.6', java.version: '1.8.0_181'
Driver info: com.kms.katalon.selenium.driver.CSafariDriver
Capabilities {acceptInsecureCerts: false, browserName: Safari, browserVersion: 12.1, javascriptEnabled: true, platform: MAC, platformName: MAC, safari:automaticInspection: false, safari:automaticProfiling: false, safari:diagnose: false, setWindowRect: true, strictFileInteractability: false, webkit:WebRTC: {DisableICECandidateFiltering: false, DisableInsecureMediaCapture: false}}
Session ID: C89B8BE8-89C3-4BD6-B938-2D4061DEF654)
	at com.kms.katalon.core.keyword.internal.KeywordMain.stepFailed(KeywordMain.groovy:36)
	at com.kms.katalon.core.webui.keyword.internal.WebUIKeywordMain.stepFailed(WebUIKeywordMain.groovy:65)
	at com.kms.katalon.core.webui.keyword.internal.WebUIKeywordMain.runKeyword(WebUIKeywordMain.groovy:27)
	at com.kms.katalon.core.webui.keyword.builtin.ExecuteJavaScriptKeyword.executeJavascript(ExecuteJavascriptKeyword.groovy:42)
	at com.kms.katalon.core.webui.keyword.builtin.ExecuteJavaScriptKeyword.execute(ExecuteJavascriptKeyword.groovy:37)
	at com.kms.katalon.core.keyword.internal.KeywordExecutor.executeKeywordForPlatform(KeywordExecutor.groovy:53)
	at com.kms.katalon.core.webui.keyword.WebUiBuiltInKeywords.executeJavaScript(WebUiBuiltInKeywords.groovy:3787)
	at com.kms.katalon.core.webui.keyword.WebUiBuiltInKeywords$executeJavaScript$1.call(Unknown Source)
	at Welcome to ur store and gettting hungry.run(Welcome to ur store and gettting hungry:29)
	at com.kms.katalon.core.main.ScriptEngine.run(ScriptEngine.java:194)
	at com.kms.katalon.core.main.ScriptEngine.runScriptAsRawText(ScriptEngine.java:119)
	at com.kms.katalon.core.main.TestCaseExecutor.runScript(TestCaseExecutor.java:328)
	at com.kms.katalon.core.main.TestCaseExecutor.doExecute(TestCaseExecutor.java:319)
	at com.kms.katalon.core.main.TestCaseExecutor.processExecutionPhase(TestCaseExecutor.java:298)
	at com.kms.katalon.core.main.TestCaseExecutor.accessMainPhase(TestCaseExecutor.java:290)
	at com.kms.katalon.core.main.TestCaseExecutor.execute(TestCaseExecutor.java:224)
	at com.kms.katalon.core.main.TestSuiteExecutor.accessTestCaseMainPhase(TestSuiteExecutor.java:129)
	at com.kms.katalon.core.main.TestSuiteExecutor.accessTestSuiteMainPhase(TestSuiteExecutor.java:112)
	at com.kms.katalon.core.main.TestSuiteExecutor.execute(TestSuiteExecutor.java:81)
	at com.kms.katalon.core.main.TestCaseMain.startTestSuite(TestCaseMain.java:149)
	at com.kms.katalon.core.main.TestCaseMain$startTestSuite$0.call(Unknown Source)
	at TempTestSuite1562706763156.run(TempTestSuite1562706763156.groovy:36)]]></system-out>
      <system-err><![CDATA[2019-07-09 17:12:45 - [TEST_SUITE][FAILED] - 0.5.5: Test Cases/HOME PAGE/Welcome to ur store and gettting hungry FAILED.
Reason:
com.kms.katalon.core.exception.StepFailedException: Unable to execute JavaScript. (Root cause: org.openqa.selenium.JavascriptException: A JavaScript exception occured: null is not an object (evaluating 'previewBar.style')
Build info: version: '3.7.1', revision: '8a0099a', time: '2017-11-06T21:07:36.161Z'
System info: host: 'sumans-MacBook-Pro.local', ip: 'fe80:0:0:0:47c:ca88:4245:b7a7%en0', os.name: 'Mac OS X', os.arch: 'x86_64', os.version: '10.13.6', java.version: '1.8.0_181'
Driver info: com.kms.katalon.selenium.driver.CSafariDriver
Capabilities {acceptInsecureCerts: false, browserName: Safari, browserVersion: 12.1, javascriptEnabled: true, platform: MAC, platformName: MAC, safari:automaticInspection: false, safari:automaticProfiling: false, safari:diagnose: false, setWindowRect: true, strictFileInteractability: false, webkit:WebRTC: {DisableICECandidateFiltering: false, DisableInsecureMediaCapture: false}}
Session ID: C89B8BE8-89C3-4BD6-B938-2D4061DEF654)
	at com.kms.katalon.core.keyword.internal.KeywordMain.stepFailed(KeywordMain.groovy:36)
	at com.kms.katalon.core.webui.keyword.internal.WebUIKeywordMain.stepFailed(WebUIKeywordMain.groovy:65)
	at com.kms.katalon.core.webui.keyword.internal.WebUIKeywordMain.runKeyword(WebUIKeywordMain.groovy:27)
	at com.kms.katalon.core.webui.keyword.builtin.ExecuteJavaScriptKeyword.executeJavascript(ExecuteJavascriptKeyword.groovy:42)
	at com.kms.katalon.core.webui.keyword.builtin.ExecuteJavaScriptKeyword.execute(ExecuteJavascriptKeyword.groovy:37)
	at com.kms.katalon.core.keyword.internal.KeywordExecutor.executeKeywordForPlatform(KeywordExecutor.groovy:53)
	at com.kms.katalon.core.webui.keyword.WebUiBuiltInKeywords.executeJavaScript(WebUiBuiltInKeywords.groovy:3787)
	at com.kms.katalon.core.webui.keyword.WebUiBuiltInKeywords$executeJavaScript$1.call(Unknown Source)
	at Welcome to ur store and gettting hungry.run(Welcome to ur store and gettting hungry:29)
	at com.kms.katalon.core.main.ScriptEngine.run(ScriptEngine.java:194)
	at com.kms.katalon.core.main.ScriptEngine.runScriptAsRawText(ScriptEngine.java:119)
	at com.kms.katalon.core.main.TestCaseExecutor.runScript(TestCaseExecutor.java:328)
	at com.kms.katalon.core.main.TestCaseExecutor.doExecute(TestCaseExecutor.java:319)
	at com.kms.katalon.core.main.TestCaseExecutor.processExecutionPhase(TestCaseExecutor.java:298)
	at com.kms.katalon.core.main.TestCaseExecutor.accessMainPhase(TestCaseExecutor.java:290)
	at com.kms.katalon.core.main.TestCaseExecutor.execute(TestCaseExecutor.java:224)
	at com.kms.katalon.core.main.TestSuiteExecutor.accessTestCaseMainPhase(TestSuiteExecutor.java:129)
	at com.kms.katalon.core.main.TestSuiteExecutor.accessTestSuiteMainPhase(TestSuiteExecutor.java:112)
	at com.kms.katalon.core.main.TestSuiteExecutor.execute(TestSuiteExecutor.java:81)
	at com.kms.katalon.core.main.TestCaseMain.startTestSuite(TestCaseMain.java:149)
	at com.kms.katalon.core.main.TestCaseMain$startTestSuite$0.call(Unknown Source)
	at TempTestSuite1562706763156.run(TempTestSuite1562706763156.groovy:36)]]></system-err>
   </testsuite>
</testsuites>
